06-14-2021 @ 00:51:15 - ---[ New import started at 2021-06-13 12:51:15 ] PHP Memory: 768 MB, WP Memory: 40 MB
06-14-2021 @ 00:51:15 - Preparing for import.
06-14-2021 @ 00:51:15 - Row :1 - Parsing item.
06-14-2021 @ 00:51:15 - Row :1 - Processing item.
06-14-2021 @ 00:51:15 - Found simple product object. ID:406927
06-14-2021 @ 00:51:15 - Setting Featured Image. URL:https://inspiry.co.nz/wp-content/uploads/2020/11/Inspiry_Logo-transparent-1.png
06-14-2021 @ 00:51:15 - Attachment ID:444948
06-14-2021 @ 00:51:16 - Row :1 - Product updated successfully.
06-14-2021 @ 00:51:16 - Row :2 - Parsing item.
06-14-2021 @ 00:51:16 - Row :2 - Processing item.
06-14-2021 @ 00:51:16 - Found simple product object. ID:407165
06-14-2021 @ 00:51:16 - Setting Featured Image. URL:https://inspiry.co.nz/wp-content/uploads/2020/11/Inspiry_Logo-transparent-1.png
06-14-2021 @ 00:51:16 - Attachment ID:444948
06-14-2021 @ 00:51:16 - Row :2 - Product updated successfully.
06-14-2021 @ 00:51:16 - Row :3 - Parsing item.
06-14-2021 @ 00:51:16 - Row :3 - Processing item.
06-14-2021 @ 00:51:16 - Found simple product object. ID:407167
06-14-2021 @ 00:51:16 - Setting Featured Image. URL:https://inspiry.co.nz/wp-content/uploads/2020/11/Inspiry_Logo-transparent-1.png
06-14-2021 @ 00:51:16 - Attachment ID:444948
06-14-2021 @ 00:51:17 - Row :3 - Product updated successfully.
06-14-2021 @ 00:51:17 - Row :4 - Parsing item.
06-14-2021 @ 00:51:17 - Row :4 - Processing item.
06-14-2021 @ 00:51:17 - Found simple product object. ID:407169
06-14-2021 @ 00:51:17 - Setting Featured Image. URL:https://inspiry.co.nz/wp-content/uploads/2020/11/Inspiry_Logo-transparent-1.png
06-14-2021 @ 00:51:17 - Attachment ID:444948
06-14-2021 @ 00:51:17 - Row :4 - Product updated successfully.
06-14-2021 @ 00:51:17 - Row :5 - Parsing item.
06-14-2021 @ 00:51:17 - Row :5 - Processing item.
06-14-2021 @ 00:51:17 - Found simple product object. ID:407171
06-14-2021 @ 00:51:17 - Setting Featured Image. URL:https://inspiry.co.nz/wp-content/uploads/2020/11/Inspiry_Logo-transparent-1.png
06-14-2021 @ 00:51:17 - Attachment ID:444948
06-14-2021 @ 00:51:18 - Row :5 - Product updated successfully.
06-14-2021 @ 00:51:18 - Row :6 - Parsing item.
06-14-2021 @ 00:51:18 - Row :6 - Processing item.
06-14-2021 @ 00:51:18 - Found simple product object. ID:407193
06-14-2021 @ 00:51:18 - Setting Featured Image. URL:https://inspiry.co.nz/wp-content/uploads/2020/11/Inspiry_Logo-transparent-1.png
06-14-2021 @ 00:51:18 - Attachment ID:444948
06-14-2021 @ 00:51:18 - Row :6 - Product updated successfully.
06-14-2021 @ 00:51:18 - Row :7 - Parsing item.
06-14-2021 @ 00:51:18 - Row :7 - Processing item.
06-14-2021 @ 00:51:18 - Found simple product object. ID:407195
06-14-2021 @ 00:51:18 - Setting Featured Image. URL:https://inspiry.co.nz/wp-content/uploads/2020/11/Inspiry_Logo-transparent-1.png
06-14-2021 @ 00:51:18 - Attachment ID:444948
06-14-2021 @ 00:51:19 - Row :7 - Product updated successfully.
06-14-2021 @ 00:51:19 - Row :8 - Parsing item.
06-14-2021 @ 00:51:19 - Row :8 - Processing item.
06-14-2021 @ 00:51:19 - Found simple product object. ID:407197
06-14-2021 @ 00:51:19 - Setting Featured Image. URL:https://inspiry.co.nz/wp-content/uploads/2020/11/Inspiry_Logo-transparent-1.png
06-14-2021 @ 00:51:19 - Attachment ID:444948
06-14-2021 @ 00:51:19 - Row :8 - Product updated successfully.
06-14-2021 @ 00:51:19 - Row :9 - Parsing item.
06-14-2021 @ 00:51:19 - Row :9 - Processing item.
06-14-2021 @ 00:51:19 - Found simple product object. ID:407199
06-14-2021 @ 00:51:19 - Setting Featured Image. URL:https://inspiry.co.nz/wp-content/uploads/2020/11/Inspiry_Logo-transparent-1.png
06-14-2021 @ 00:51:19 - Attachment ID:444948
06-14-2021 @ 00:51:20 - Row :9 - Product updated successfully.
06-14-2021 @ 00:51:20 - Row :10 - Parsing item.
06-14-2021 @ 00:51:20 - Row :10 - Processing item.
06-14-2021 @ 00:51:20 - Found simple product object. ID:407201
06-14-2021 @ 00:51:20 - Setting Featured Image. URL:https://inspiry.co.nz/wp-content/uploads/2020/11/Inspiry_Logo-transparent-1.png
06-14-2021 @ 00:51:20 - Attachment ID:444948
06-14-2021 @ 00:51:20 - Row :10 - Product updated successfully.
06-14-2021 @ 00:51:22 - Preparing for import.
06-14-2021 @ 00:51:22 - Row :11 - Parsing item.
06-14-2021 @ 00:51:22 - Row :11 - Processing item.
06-14-2021 @ 00:51:22 - Found simple product object. ID:407203
06-14-2021 @ 00:51:22 - Setting Featured Image. URL:https://inspiry.co.nz/wp-content/uploads/2020/11/Inspiry_Logo-transparent-1.png
06-14-2021 @ 00:51:22 - Attachment ID:444948
06-14-2021 @ 00:51:22 - Row :11 - Product updated successfully.
06-14-2021 @ 00:51:22 - Row :12 - Parsing item.
06-14-2021 @ 00:51:22 - Row :12 - Processing item.
06-14-2021 @ 00:51:23 - Found simple product object. ID:407205
06-14-2021 @ 00:51:23 - Setting Featured Image. URL:https://inspiry.co.nz/wp-content/uploads/2020/11/Inspiry_Logo-transparent-1.png
06-14-2021 @ 00:51:23 - Attachment ID:444948
06-14-2021 @ 00:51:23 - Row :12 - Product updated successfully.
06-14-2021 @ 00:51:23 - Row :13 - Parsing item.
06-14-2021 @ 00:51:23 - Row :13 - Processing item.
06-14-2021 @ 00:51:23 - Found simple product object. ID:407207
06-14-2021 @ 00:51:23 - Setting Featured Image. URL:https://inspiry.co.nz/wp-content/uploads/2020/11/Inspiry_Logo-transparent-1.png
06-14-2021 @ 00:51:23 - Attachment ID:444948
06-14-2021 @ 00:51:23 - Row :13 - Product updated successfully.
06-14-2021 @ 00:51:23 - Row :14 - Parsing item.
06-14-2021 @ 00:51:23 - Row :14 - Processing item.
06-14-2021 @ 00:51:23 - Found simple product object. ID:407209
06-14-2021 @ 00:51:23 - Setting Featured Image. URL:https://inspiry.co.nz/wp-content/uploads/2020/11/Inspiry_Logo-transparent-1.png
06-14-2021 @ 00:51:24 - Attachment ID:444948
06-14-2021 @ 00:51:24 - Row :14 - Product updated successfully.
06-14-2021 @ 00:51:24 - Row :15 - Parsing item.
06-14-2021 @ 00:51:24 - Row :15 - Processing item.
06-14-2021 @ 00:51:24 - Found simple product object. ID:407211
06-14-2021 @ 00:51:24 - Setting Featured Image. URL:https://inspiry.co.nz/wp-content/uploads/2020/11/Inspiry_Logo-transparent-1.png
06-14-2021 @ 00:51:24 - Attachment ID:444948
06-14-2021 @ 00:51:24 - Row :15 - Product updated successfully.
06-14-2021 @ 00:51:24 - Row :16 - Parsing item.
06-14-2021 @ 00:51:24 - Row :16 - Processing item.
06-14-2021 @ 00:51:24 - Found simple product object. ID:407213
06-14-2021 @ 00:51:24 - Setting Featured Image. URL:https://inspiry.co.nz/wp-content/uploads/2020/11/Inspiry_Logo-transparent-1.png
06-14-2021 @ 00:51:25 - Attachment ID:444948
06-14-2021 @ 00:51:25 - Row :16 - Product updated successfully.
06-14-2021 @ 00:51:25 - Row :17 - Parsing item.
06-14-2021 @ 00:51:25 - Row :17 - Processing item.
06-14-2021 @ 00:51:25 - Found simple product object. ID:407215
06-14-2021 @ 00:51:25 - Setting Featured Image. URL:https://inspiry.co.nz/wp-content/uploads/2020/11/Inspiry_Logo-transparent-1.png
06-14-2021 @ 00:51:25 - Attachment ID:444948
06-14-2021 @ 00:51:25 - Row :17 - Product updated successfully.
06-14-2021 @ 00:51:25 - Row :18 - Parsing item.
06-14-2021 @ 00:51:25 - Row :18 - Processing item.
06-14-2021 @ 00:51:25 - Found simple product object. ID:407217
06-14-2021 @ 00:51:25 - Setting Featured Image. URL:https://inspiry.co.nz/wp-content/uploads/2020/11/Inspiry_Logo-transparent-1.png
06-14-2021 @ 00:51:26 - Attachment ID:444948
06-14-2021 @ 00:51:26 - Row :18 - Product updated successfully.
06-14-2021 @ 00:51:26 - Row :19 - Parsing item.
06-14-2021 @ 00:51:26 - Row :19 - Processing item.
06-14-2021 @ 00:51:26 - Found simple product object. ID:407219
06-14-2021 @ 00:51:26 - Setting Featured Image. URL:https://inspiry.co.nz/wp-content/uploads/2020/11/Inspiry_Logo-transparent-1.png
06-14-2021 @ 00:51:26 - Attachment ID:444948
06-14-2021 @ 00:51:26 - Row :19 - Product updated successfully.
06-14-2021 @ 00:51:26 - Row :20 - Parsing item.
06-14-2021 @ 00:51:26 - Row :20 - Processing item.
06-14-2021 @ 00:51:26 - Found simple product object. ID:407221
06-14-2021 @ 00:51:26 - Setting Featured Image. URL:https://inspiry.co.nz/wp-content/uploads/2020/11/Inspiry_Logo-transparent-1.png
06-14-2021 @ 00:51:27 - Attachment ID:444948
06-14-2021 @ 00:51:27 - Row :20 - Product updated successfully.
06-14-2021 @ 00:51:29 - Preparing for import.
06-14-2021 @ 00:51:29 - Row :21 - Parsing item.
06-14-2021 @ 00:51:29 - Row :21 - Processing item.
06-14-2021 @ 00:51:29 - Found simple product object. ID:407223
06-14-2021 @ 00:51:29 - Setting Featured Image. URL:https://inspiry.co.nz/wp-content/uploads/2020/11/Inspiry_Logo-transparent-1.png
06-14-2021 @ 00:51:29 - Attachment ID:444948
06-14-2021 @ 00:51:29 - Row :21 - Product updated successfully.
06-14-2021 @ 00:51:29 - Row :22 - Parsing item.
06-14-2021 @ 00:51:29 - Row :22 - Processing item.
06-14-2021 @ 00:51:29 - Found simple product object. ID:407225
06-14-2021 @ 00:51:29 - Setting Featured Image. URL:https://inspiry.co.nz/wp-content/uploads/2020/11/Inspiry_Logo-transparent-1.png
06-14-2021 @ 00:51:29 - Attachment ID:444948
06-14-2021 @ 00:51:30 - Row :22 - Product updated successfully.
06-14-2021 @ 00:51:30 - Row :23 - Parsing item.
06-14-2021 @ 00:51:30 - Row :23 - Processing item.
06-14-2021 @ 00:51:30 - Found simple product object. ID:407227
06-14-2021 @ 00:51:30 - Setting Featured Image. URL:https://inspiry.co.nz/wp-content/uploads/2020/11/Inspiry_Logo-transparent-1.png
06-14-2021 @ 00:51:30 - Attachment ID:444948
06-14-2021 @ 00:51:30 - Row :23 - Product updated successfully.
06-14-2021 @ 00:51:30 - Row :24 - Parsing item.
06-14-2021 @ 00:51:30 - Row :24 - Processing item.
06-14-2021 @ 00:51:30 - Found simple product object. ID:407229
06-14-2021 @ 00:51:30 - Setting Featured Image. URL:https://inspiry.co.nz/wp-content/uploads/2020/11/Inspiry_Logo-transparent-1.png
06-14-2021 @ 00:51:30 - Attachment ID:444948
06-14-2021 @ 00:51:31 - Row :24 - Product updated successfully.
06-14-2021 @ 00:51:31 - Row :25 - Parsing item.
06-14-2021 @ 00:51:31 - Row :25 - Processing item.
06-14-2021 @ 00:51:31 - Found simple product object. ID:407231
06-14-2021 @ 00:51:31 - Setting Featured Image. URL:https://inspiry.co.nz/wp-content/uploads/2020/11/Inspiry_Logo-transparent-1.png
06-14-2021 @ 00:51:31 - Attachment ID:444948
06-14-2021 @ 00:51:31 - Row :25 - Product updated successfully.
06-14-2021 @ 00:51:31 - Row :26 - Parsing item.
06-14-2021 @ 00:51:31 - Row :26 - Processing item.
06-14-2021 @ 00:51:31 - Found simple product object. ID:407741
06-14-2021 @ 00:51:31 - Setting Featured Image. URL:https://inspiry.co.nz/wp-content/uploads/2020/11/Inspiry_Logo-transparent-1.png
06-14-2021 @ 00:51:31 - Attachment ID:444948
06-14-2021 @ 00:51:32 - Row :26 - Product updated successfully.
06-14-2021 @ 00:51:32 - Row :27 - Parsing item.
06-14-2021 @ 00:51:32 - Row :27 - Processing item.
06-14-2021 @ 00:51:32 - Found simple product object. ID:407743
06-14-2021 @ 00:51:32 - Setting Featured Image. URL:https://inspiry.co.nz/wp-content/uploads/2020/11/Inspiry_Logo-transparent-1.png
06-14-2021 @ 00:51:32 - Attachment ID:444948
06-14-2021 @ 00:51:32 - Row :27 - Product updated successfully.
06-14-2021 @ 00:51:32 - Row :28 - Parsing item.
06-14-2021 @ 00:51:32 - Row :28 - Processing item.
06-14-2021 @ 00:51:32 - Found simple product object. ID:407745
06-14-2021 @ 00:51:32 - Setting Featured Image. URL:https://inspiry.co.nz/wp-content/uploads/2020/11/Inspiry_Logo-transparent-1.png
06-14-2021 @ 00:51:32 - Attachment ID:444948
06-14-2021 @ 00:51:33 - Row :28 - Product updated successfully.
06-14-2021 @ 00:51:33 - Row :29 - Parsing item.
06-14-2021 @ 00:51:33 - Row :29 - Processing item.
06-14-2021 @ 00:51:33 - Found simple product object. ID:407751
06-14-2021 @ 00:51:33 - Setting Featured Image. URL:https://inspiry.co.nz/wp-content/uploads/2020/11/Inspiry_Logo-transparent-1.png
06-14-2021 @ 00:51:33 - Attachment ID:444948
06-14-2021 @ 00:51:33 - Row :29 - Product updated successfully.
06-14-2021 @ 00:51:33 - Row :30 - Parsing item.
06-14-2021 @ 00:51:33 - Row :30 - Processing item.
06-14-2021 @ 00:51:33 - Found simple product object. ID:407753
06-14-2021 @ 00:51:33 - Setting Featured Image. URL:https://inspiry.co.nz/wp-content/uploads/2020/11/Inspiry_Logo-transparent-1.png
06-14-2021 @ 00:51:33 - Attachment ID:444948
06-14-2021 @ 00:51:33 - Row :30 - Product updated successfully.
06-14-2021 @ 00:51:35 - Preparing for import.
06-14-2021 @ 00:51:35 - Row :31 - Parsing item.
06-14-2021 @ 00:51:35 - Row :31 - Processing item.
06-14-2021 @ 00:51:35 - Found simple product object. ID:407761
06-14-2021 @ 00:51:35 - Setting Featured Image. URL:https://inspiry.co.nz/wp-content/uploads/2020/11/Inspiry_Logo-transparent-1.png
06-14-2021 @ 00:51:35 - Attachment ID:444948
06-14-2021 @ 00:51:35 - Row :31 - Product updated successfully.
06-14-2021 @ 00:51:35 - Row :32 - Parsing item.
06-14-2021 @ 00:51:35 - Row :32 - Processing item.
06-14-2021 @ 00:51:35 - Found simple product object. ID:407763
06-14-2021 @ 00:51:35 - Setting Featured Image. URL:https://inspiry.co.nz/wp-content/uploads/2020/11/Inspiry_Logo-transparent-1.png
06-14-2021 @ 00:51:36 - Attachment ID:444948
06-14-2021 @ 00:51:36 - Row :32 - Product updated successfully.
06-14-2021 @ 00:51:36 - Row :33 - Parsing item.
06-14-2021 @ 00:51:36 - Row :33 - Processing item.
06-14-2021 @ 00:51:36 - Found simple product object. ID:407797
06-14-2021 @ 00:51:36 - Setting Featured Image. URL:https://inspiry.co.nz/wp-content/uploads/2020/11/Inspiry_Logo-transparent-1.png
06-14-2021 @ 00:51:36 - Attachment ID:444948
06-14-2021 @ 00:51:36 - Row :33 - Product updated successfully.
06-14-2021 @ 00:51:36 - Row :34 - Parsing item.
06-14-2021 @ 00:51:36 - Row :34 - Processing item.
06-14-2021 @ 00:51:36 - Found simple product object. ID:407799
06-14-2021 @ 00:51:36 - Setting Featured Image. URL:https://inspiry.co.nz/wp-content/uploads/2020/11/Inspiry_Logo-transparent-1.png
06-14-2021 @ 00:51:36 - Attachment ID:444948
06-14-2021 @ 00:51:37 - Row :34 - Product updated successfully.
06-14-2021 @ 00:51:37 - Row :35 - Parsing item.
06-14-2021 @ 00:51:37 - Row :35 - Processing item.
06-14-2021 @ 00:51:37 - Found simple product object. ID:407801
06-14-2021 @ 00:51:37 - Setting Featured Image. URL:https://inspiry.co.nz/wp-content/uploads/2020/11/Inspiry_Logo-transparent-1.png
06-14-2021 @ 00:51:37 - Attachment ID:444948
06-14-2021 @ 00:51:37 - Row :35 - Product updated successfully.
06-14-2021 @ 00:51:37 - Row :36 - Parsing item.
06-14-2021 @ 00:51:37 - Row :36 - Processing item.
06-14-2021 @ 00:51:37 - Found simple product object. ID:407807
06-14-2021 @ 00:51:37 - Setting Featured Image. URL:https://inspiry.co.nz/wp-content/uploads/2020/11/Inspiry_Logo-transparent-1.png
06-14-2021 @ 00:51:37 - Attachment ID:444948
06-14-2021 @ 00:51:38 - Row :36 - Product updated successfully.
06-14-2021 @ 00:51:38 - Row :37 - Parsing item.
06-14-2021 @ 00:51:38 - Row :37 - Processing item.
06-14-2021 @ 00:51:38 - Found simple product object. ID:407809
06-14-2021 @ 00:51:38 - Setting Featured Image. URL:https://inspiry.co.nz/wp-content/uploads/2020/11/Inspiry_Logo-transparent-1.png
06-14-2021 @ 00:51:38 - Attachment ID:444948
06-14-2021 @ 00:51:38 - Row :37 - Product updated successfully.
06-14-2021 @ 00:51:38 - Row :38 - Parsing item.
06-14-2021 @ 00:51:38 - Row :38 - Processing item.
06-14-2021 @ 00:51:38 - Found simple product object. ID:407811
06-14-2021 @ 00:51:38 - Setting Featured Image. URL:https://inspiry.co.nz/wp-content/uploads/2020/11/Inspiry_Logo-transparent-1.png
06-14-2021 @ 00:51:38 - Attachment ID:444948
06-14-2021 @ 00:51:39 - Row :38 - Product updated successfully.
06-14-2021 @ 00:51:39 - Row :39 - Parsing item.
06-14-2021 @ 00:51:39 - Row :39 - Processing item.
06-14-2021 @ 00:51:39 - Found simple product object. ID:407841
06-14-2021 @ 00:51:39 - Setting Featured Image. URL:https://inspiry.co.nz/wp-content/uploads/2020/11/Inspiry_Logo-transparent-1.png
06-14-2021 @ 00:51:39 - Attachment ID:444948
06-14-2021 @ 00:51:39 - Row :39 - Product updated successfully.
06-14-2021 @ 00:51:39 - Row :40 - Parsing item.
06-14-2021 @ 00:51:39 - Row :40 - Processing item.
06-14-2021 @ 00:51:39 - Found simple product object. ID:407883
06-14-2021 @ 00:51:39 - Setting Featured Image. URL:https://inspiry.co.nz/wp-content/uploads/2020/11/Inspiry_Logo-transparent-1.png
06-14-2021 @ 00:51:39 - Attachment ID:444948
06-14-2021 @ 00:51:40 - Row :40 - Product updated successfully.
06-14-2021 @ 00:51:42 - Preparing for import.
06-14-2021 @ 00:51:42 - Row :41 - Parsing item.
06-14-2021 @ 00:51:42 - Row :41 - Processing item.
06-14-2021 @ 00:51:42 - Found simple product object. ID:420742
06-14-2021 @ 00:51:42 - Setting Featured Image. URL:https://inspiry.co.nz/wp-content/uploads/2020/11/Inspiry_Logo-transparent-1.png
06-14-2021 @ 00:51:42 - Attachment ID:444948
06-14-2021 @ 00:51:42 - Row :41 - Product updated successfully.
06-14-2021 @ 00:51:42 - Row :42 - Parsing item.
06-14-2021 @ 00:51:42 - Row :42 - Parsing failed. Reason: Skipping new item
06-14-2021 @ 00:51:42 - Row :43 - Parsing item.
06-14-2021 @ 00:51:42 - Row :43 - Processing item.
06-14-2021 @ 00:51:42 - Found simple product object. ID:420762
06-14-2021 @ 00:51:42 - Setting Featured Image. URL:https://inspiry.co.nz/wp-content/uploads/2020/11/Inspiry_Logo-transparent-1.png
06-14-2021 @ 00:51:42 - Attachment ID:444948
06-14-2021 @ 00:51:43 - Row :43 - Product updated successfully.
06-14-2021 @ 00:51:43 - Row :44 - Parsing item.
06-14-2021 @ 00:51:43 - Row :44 - Processing item.
06-14-2021 @ 00:51:43 - Found simple product object. ID:420763
06-14-2021 @ 00:51:43 - Setting Featured Image. URL:https://inspiry.co.nz/wp-content/uploads/2020/11/Inspiry_Logo-transparent-1.png
06-14-2021 @ 00:51:43 - Attachment ID:444948
06-14-2021 @ 00:51:43 - Row :44 - Product updated successfully.
06-14-2021 @ 00:51:43 - Row :45 - Parsing item.
06-14-2021 @ 00:51:43 - Row :45 - Processing item.
06-14-2021 @ 00:51:43 - Found simple product object. ID:420764
06-14-2021 @ 00:51:43 - Setting Featured Image. URL:https://inspiry.co.nz/wp-content/uploads/2020/11/Inspiry_Logo-transparent-1.png
06-14-2021 @ 00:51:43 - Attachment ID:444948
06-14-2021 @ 00:51:44 - Row :45 - Product updated successfully.
06-14-2021 @ 00:51:44 - Row :46 - Parsing item.
06-14-2021 @ 00:51:44 - Row :46 - Processing item.
06-14-2021 @ 00:51:44 - Found simple product object. ID:420765
06-14-2021 @ 00:51:44 - Setting Featured Image. URL:https://inspiry.co.nz/wp-content/uploads/2020/11/Inspiry_Logo-transparent-1.png
06-14-2021 @ 00:51:44 - Attachment ID:444948
06-14-2021 @ 00:51:44 - Row :46 - Product updated successfully.
06-14-2021 @ 00:51:44 - Row :47 - Parsing item.
06-14-2021 @ 00:51:44 - Row :47 - Processing item.
06-14-2021 @ 00:51:44 - Found simple product object. ID:420766
06-14-2021 @ 00:51:44 - Setting Featured Image. URL:https://inspiry.co.nz/wp-content/uploads/2020/11/Inspiry_Logo-transparent-1.png
06-14-2021 @ 00:51:44 - Attachment ID:444948
06-14-2021 @ 00:51:45 - Row :47 - Product updated successfully.
06-14-2021 @ 00:51:45 - Row :48 - Parsing item.
06-14-2021 @ 00:51:45 - Row :48 - Processing item.
06-14-2021 @ 00:51:45 - Found simple product object. ID:420767
06-14-2021 @ 00:51:45 - Setting Featured Image. URL:https://inspiry.co.nz/wp-content/uploads/2020/11/Inspiry_Logo-transparent-1.png
06-14-2021 @ 00:51:45 - Attachment ID:444948
06-14-2021 @ 00:51:45 - Row :48 - Product updated successfully.
06-14-2021 @ 00:51:45 - Row :49 - Parsing item.
06-14-2021 @ 00:51:45 - Row :49 - Processing item.
06-14-2021 @ 00:51:45 - Found simple product object. ID:420768
06-14-2021 @ 00:51:45 - Setting Featured Image. URL:https://inspiry.co.nz/wp-content/uploads/2020/11/Inspiry_Logo-transparent-1.png
06-14-2021 @ 00:51:45 - Attachment ID:444948
06-14-2021 @ 00:51:46 - Row :49 - Product updated successfully.
06-14-2021 @ 00:51:46 - Row :50 - Parsing item.
06-14-2021 @ 00:51:46 - Row :50 - Processing item.
06-14-2021 @ 00:51:46 - Found simple product object. ID:442013
06-14-2021 @ 00:51:46 - Setting Featured Image. URL:https://inspiry.co.nz/wp-content/uploads/2020/11/Inspiry_Logo-transparent-1.png
06-14-2021 @ 00:51:46 - Attachment ID:444948
06-14-2021 @ 00:51:46 - Row :50 - Product updated successfully.
06-14-2021 @ 00:51:48 - Preparing for import.
06-14-2021 @ 00:51:48 - Row :51 - Parsing item.
06-14-2021 @ 00:51:48 - Row :51 - Processing item.
06-14-2021 @ 00:51:48 - Found simple product object. ID:442014
06-14-2021 @ 00:51:48 - Setting Featured Image. URL:https://inspiry.co.nz/wp-content/uploads/2020/11/Inspiry_Logo-transparent-1.png
06-14-2021 @ 00:51:48 - Attachment ID:444948
06-14-2021 @ 00:51:48 - Row :51 - Product updated successfully.
06-14-2021 @ 00:51:48 - Row :52 - Parsing item.
06-14-2021 @ 00:51:48 - Row :52 - Processing item.
06-14-2021 @ 00:51:48 - Found simple product object. ID:442015
06-14-2021 @ 00:51:48 - Setting Featured Image. URL:https://inspiry.co.nz/wp-content/uploads/2020/11/Inspiry_Logo-transparent-1.png
06-14-2021 @ 00:51:49 - Attachment ID:444948
06-14-2021 @ 00:51:49 - Row :52 - Product updated successfully.
06-14-2021 @ 00:51:49 - Row :53 - Parsing item.
06-14-2021 @ 00:51:49 - Row :53 - Processing item.
06-14-2021 @ 00:51:49 - Found simple product object. ID:442016
06-14-2021 @ 00:51:49 - Setting Featured Image. URL:https://inspiry.co.nz/wp-content/uploads/2020/11/Inspiry_Logo-transparent-1.png
06-14-2021 @ 00:51:49 - Attachment ID:444948
06-14-2021 @ 00:51:49 - Row :53 - Product updated successfully.
06-14-2021 @ 00:51:49 - Row :54 - Parsing item.
06-14-2021 @ 00:51:49 - Row :54 - Processing item.
06-14-2021 @ 00:51:49 - Found simple product object. ID:442017
06-14-2021 @ 00:51:49 - Setting Featured Image. URL:https://inspiry.co.nz/wp-content/uploads/2020/11/Inspiry_Logo-transparent-1.png
06-14-2021 @ 00:51:50 - Attachment ID:444948
06-14-2021 @ 00:51:50 - Row :54 - Product updated successfully.
06-14-2021 @ 00:51:50 - Row :55 - Parsing item.
06-14-2021 @ 00:51:50 - Row :55 - Processing item.
06-14-2021 @ 00:51:50 - Found simple product object. ID:442018
06-14-2021 @ 00:51:50 - Setting Featured Image. URL:https://inspiry.co.nz/wp-content/uploads/2020/11/Inspiry_Logo-transparent-1.png
06-14-2021 @ 00:51:50 - Attachment ID:444948
06-14-2021 @ 00:51:50 - Row :55 - Product updated successfully.
06-14-2021 @ 00:51:50 - Row :56 - Parsing item.
06-14-2021 @ 00:51:50 - Row :56 - Processing item.
06-14-2021 @ 00:51:50 - Found simple product object. ID:442019
06-14-2021 @ 00:51:50 - Setting Featured Image. URL:https://inspiry.co.nz/wp-content/uploads/2020/11/Inspiry_Logo-transparent-1.png
06-14-2021 @ 00:51:51 - Attachment ID:444948
06-14-2021 @ 00:51:51 - Row :56 - Product updated successfully.
06-14-2021 @ 00:51:51 - Row :57 - Parsing item.
06-14-2021 @ 00:51:51 - Row :57 - Processing item.
06-14-2021 @ 00:51:51 - Found simple product object. ID:442020
06-14-2021 @ 00:51:51 - Setting Featured Image. URL:https://inspiry.co.nz/wp-content/uploads/2020/11/Inspiry_Logo-transparent-1.png
06-14-2021 @ 00:51:51 - Attachment ID:444948
06-14-2021 @ 00:51:51 - Row :57 - Product updated successfully.
06-14-2021 @ 00:51:51 - Row :58 - Parsing item.
06-14-2021 @ 00:51:51 - Row :58 - Processing item.
06-14-2021 @ 00:51:51 - Found simple product object. ID:442021
06-14-2021 @ 00:51:51 - Setting Featured Image. URL:https://inspiry.co.nz/wp-content/uploads/2020/11/Inspiry_Logo-transparent-1.png
06-14-2021 @ 00:51:52 - Attachment ID:444948
06-14-2021 @ 00:51:52 - Row :58 - Product updated successfully.
06-14-2021 @ 00:51:52 - Row :59 - Parsing item.
06-14-2021 @ 00:51:52 - Row :59 - Processing item.
06-14-2021 @ 00:51:52 - Found simple product object. ID:442022
06-14-2021 @ 00:51:52 - Setting Featured Image. URL:https://inspiry.co.nz/wp-content/uploads/2020/11/Inspiry_Logo-transparent-1.png
06-14-2021 @ 00:51:52 - Attachment ID:444948
06-14-2021 @ 00:51:52 - Row :59 - Product updated successfully.
06-14-2021 @ 00:51:52 - Row :60 - Parsing item.
06-14-2021 @ 00:51:52 - Row :60 - Processing item.
06-14-2021 @ 00:51:52 - Found simple product object. ID:442023
06-14-2021 @ 00:51:52 - Setting Featured Image. URL:https://inspiry.co.nz/wp-content/uploads/2020/11/Inspiry_Logo-transparent-1.png
06-14-2021 @ 00:51:53 - Attachment ID:444948
06-14-2021 @ 00:51:53 - Row :60 - Product updated successfully.
06-14-2021 @ 00:51:54 - Preparing for import.
06-14-2021 @ 00:51:54 - Row :61 - Parsing item.
06-14-2021 @ 00:51:54 - Row :61 - Processing item.
06-14-2021 @ 00:51:54 - Found simple product object. ID:442024
06-14-2021 @ 00:51:54 - Setting Featured Image. URL:https://inspiry.co.nz/wp-content/uploads/2020/11/Inspiry_Logo-transparent-1.png
06-14-2021 @ 00:51:54 - Attachment ID:444948
06-14-2021 @ 00:51:55 - Row :61 - Product updated successfully.
06-14-2021 @ 00:51:55 - Row :62 - Parsing item.
06-14-2021 @ 00:51:55 - Row :62 - Processing item.
06-14-2021 @ 00:51:55 - Found simple product object. ID:442025
06-14-2021 @ 00:51:55 - Setting Featured Image. URL:https://inspiry.co.nz/wp-content/uploads/2020/11/Inspiry_Logo-transparent-1.png
06-14-2021 @ 00:51:55 - Attachment ID:444948
06-14-2021 @ 00:51:55 - Row :62 - Product updated successfully.
06-14-2021 @ 00:51:55 - Row :63 - Parsing item.
06-14-2021 @ 00:51:55 - Row :63 - Processing item.
06-14-2021 @ 00:51:55 - Found simple product object. ID:442026
06-14-2021 @ 00:51:55 - Setting Featured Image. URL:https://inspiry.co.nz/wp-content/uploads/2020/11/Inspiry_Logo-transparent-1.png
06-14-2021 @ 00:51:55 - Attachment ID:444948
06-14-2021 @ 00:51:56 - Row :63 - Product updated successfully.
06-14-2021 @ 00:51:56 - Row :64 - Parsing item.
06-14-2021 @ 00:51:56 - Row :64 - Processing item.
06-14-2021 @ 00:51:56 - Found simple product object. ID:442027
06-14-2021 @ 00:51:56 - Setting Featured Image. URL:https://inspiry.co.nz/wp-content/uploads/2020/11/Inspiry_Logo-transparent-1.png
06-14-2021 @ 00:51:56 - Attachment ID:444948
06-14-2021 @ 00:51:56 - Row :64 - Product updated successfully.
06-14-2021 @ 00:51:56 - Row :65 - Parsing item.
06-14-2021 @ 00:51:56 - Row :65 - Processing item.
06-14-2021 @ 00:51:56 - Found simple product object. ID:442028
06-14-2021 @ 00:51:56 - Setting Featured Image. URL:https://inspiry.co.nz/wp-content/uploads/2020/11/Inspiry_Logo-transparent-1.png
06-14-2021 @ 00:51:57 - Attachment ID:444948
06-14-2021 @ 00:51:57 - Row :65 - Product updated successfully.
06-14-2021 @ 00:51:57 - Row :66 - Parsing item.
06-14-2021 @ 00:51:57 - Row :66 - Processing item.
06-14-2021 @ 00:51:57 - Found simple product object. ID:442029
06-14-2021 @ 00:51:57 - Setting Featured Image. URL:https://inspiry.co.nz/wp-content/uploads/2020/11/Inspiry_Logo-transparent-1.png
06-14-2021 @ 00:51:57 - Attachment ID:444948
06-14-2021 @ 00:51:57 - Row :66 - Product updated successfully.
06-14-2021 @ 00:51:57 - Row :67 - Parsing item.
06-14-2021 @ 00:51:57 - Row :67 - Processing item.
06-14-2021 @ 00:51:57 - Found simple product object. ID:442030
06-14-2021 @ 00:51:57 - Setting Featured Image. URL:https://inspiry.co.nz/wp-content/uploads/2020/11/Inspiry_Logo-transparent-1.png
06-14-2021 @ 00:51:57 - Attachment ID:444948
06-14-2021 @ 00:51:58 - Row :67 - Product updated successfully.
06-14-2021 @ 00:51:58 - Row :68 - Parsing item.
06-14-2021 @ 00:51:58 - Row :68 - Processing item.
06-14-2021 @ 00:51:58 - Found simple product object. ID:442031
06-14-2021 @ 00:51:58 - Setting Featured Image. URL:https://inspiry.co.nz/wp-content/uploads/2020/11/Inspiry_Logo-transparent-1.png
06-14-2021 @ 00:51:58 - Attachment ID:444948
06-14-2021 @ 00:51:58 - Row :68 - Product updated successfully.
06-14-2021 @ 00:51:58 - Row :69 - Parsing item.
06-14-2021 @ 00:51:58 - Row :69 - Processing item.
06-14-2021 @ 00:51:58 - Found simple product object. ID:442032
06-14-2021 @ 00:51:58 - Setting Featured Image. URL:https://inspiry.co.nz/wp-content/uploads/2020/11/Inspiry_Logo-transparent-1.png
06-14-2021 @ 00:51:59 - Attachment ID:444948
06-14-2021 @ 00:51:59 - Row :69 - Product updated successfully.
06-14-2021 @ 00:51:59 - Row :70 - Parsing item.
06-14-2021 @ 00:51:59 - Row :70 - Processing item.
06-14-2021 @ 00:51:59 - Found simple product object. ID:442033
06-14-2021 @ 00:51:59 - Setting Featured Image. URL:https://inspiry.co.nz/wp-content/uploads/2020/11/Inspiry_Logo-transparent-1.png
06-14-2021 @ 00:51:59 - Attachment ID:444948
06-14-2021 @ 00:51:59 - Row :70 - Product updated successfully.
06-14-2021 @ 00:52:00 - Preparing for import.
06-14-2021 @ 00:52:00 - Row :71 - Parsing item.
06-14-2021 @ 00:52:01 - Row :71 - Processing item.
06-14-2021 @ 00:52:01 - Found simple product object. ID:442034
06-14-2021 @ 00:52:01 - Setting Featured Image. URL:https://inspiry.co.nz/wp-content/uploads/2020/11/Inspiry_Logo-transparent-1.png
06-14-2021 @ 00:52:01 - Attachment ID:444948
06-14-2021 @ 00:52:01 - Row :71 - Product updated successfully.
06-14-2021 @ 00:52:01 - Row :72 - Parsing item.
06-14-2021 @ 00:52:01 - Row :72 - Processing item.
06-14-2021 @ 00:52:01 - Found simple product object. ID:442035
06-14-2021 @ 00:52:01 - Setting Featured Image. URL:https://inspiry.co.nz/wp-content/uploads/2020/11/Inspiry_Logo-transparent-1.png
06-14-2021 @ 00:52:01 - Attachment ID:444948
06-14-2021 @ 00:52:02 - Row :72 - Product updated successfully.
06-14-2021 @ 00:52:02 - Row :73 - Parsing item.
06-14-2021 @ 00:52:02 - Row :73 - Processing item.
06-14-2021 @ 00:52:02 - Found simple product object. ID:442036
06-14-2021 @ 00:52:02 - Setting Featured Image. URL:https://inspiry.co.nz/wp-content/uploads/2020/11/Inspiry_Logo-transparent-1.png
06-14-2021 @ 00:52:02 - Attachment ID:444948
06-14-2021 @ 00:52:02 - Row :73 - Product updated successfully.
06-14-2021 @ 00:52:02 - Row :74 - Parsing item.
06-14-2021 @ 00:52:02 - Row :74 - Processing item.
06-14-2021 @ 00:52:02 - Found simple product object. ID:442037
06-14-2021 @ 00:52:02 - Setting Featured Image. URL:https://inspiry.co.nz/wp-content/uploads/2020/11/Inspiry_Logo-transparent-1.png
06-14-2021 @ 00:52:02 - Attachment ID:444948
06-14-2021 @ 00:52:03 - Row :74 - Product updated successfully.
06-14-2021 @ 00:52:03 - Row :75 - Parsing item.
06-14-2021 @ 00:52:03 - Row :75 - Processing item.
06-14-2021 @ 00:52:03 - Found simple product object. ID:442038
06-14-2021 @ 00:52:03 - Setting Featured Image. URL:https://inspiry.co.nz/wp-content/uploads/2020/11/Inspiry_Logo-transparent-1.png
06-14-2021 @ 00:52:03 - Attachment ID:444948
06-14-2021 @ 00:52:03 - Row :75 - Product updated successfully.
06-14-2021 @ 00:52:03 - Row :76 - Parsing item.
06-14-2021 @ 00:52:03 - Row :76 - Processing item.
06-14-2021 @ 00:52:03 - Found simple product object. ID:442039
06-14-2021 @ 00:52:03 - Setting Featured Image. URL:https://inspiry.co.nz/wp-content/uploads/2020/11/Inspiry_Logo-transparent-1.png
06-14-2021 @ 00:52:03 - Attachment ID:444948
06-14-2021 @ 00:52:04 - Row :76 - Product updated successfully.
06-14-2021 @ 00:52:04 - Row :77 - Parsing item.
06-14-2021 @ 00:52:04 - Row :77 - Processing item.
06-14-2021 @ 00:52:04 - Found simple product object. ID:442040
06-14-2021 @ 00:52:04 - Setting Featured Image. URL:https://inspiry.co.nz/wp-content/uploads/2020/11/Inspiry_Logo-transparent-1.png
06-14-2021 @ 00:52:04 - Attachment ID:444948
06-14-2021 @ 00:52:04 - Row :77 - Product updated successfully.
06-14-2021 @ 00:52:04 - Row :78 - Parsing item.
06-14-2021 @ 00:52:04 - Row :78 - Processing item.
06-14-2021 @ 00:52:04 - Found simple product object. ID:442041
06-14-2021 @ 00:52:04 - Setting Featured Image. URL:https://inspiry.co.nz/wp-content/uploads/2020/11/Inspiry_Logo-transparent-1.png
06-14-2021 @ 00:52:05 - Attachment ID:444948
06-14-2021 @ 00:52:05 - Row :78 - Product updated successfully.
06-14-2021 @ 00:52:05 - Row :79 - Parsing item.
06-14-2021 @ 00:52:05 - Row :79 - Processing item.
06-14-2021 @ 00:52:05 - Found simple product object. ID:442042
06-14-2021 @ 00:52:05 - Setting Featured Image. URL:https://inspiry.co.nz/wp-content/uploads/2020/11/Inspiry_Logo-transparent-1.png
06-14-2021 @ 00:52:05 - Attachment ID:444948
06-14-2021 @ 00:52:05 - Row :79 - Product updated successfully.
06-14-2021 @ 00:52:05 - Row :80 - Parsing item.
06-14-2021 @ 00:52:05 - Row :80 - Processing item.
06-14-2021 @ 00:52:05 - Found simple product object. ID:442043
06-14-2021 @ 00:52:05 - Setting Featured Image. URL:https://inspiry.co.nz/wp-content/uploads/2020/11/Inspiry_Logo-transparent-1.png
06-14-2021 @ 00:52:06 - Attachment ID:444948
06-14-2021 @ 00:52:06 - Row :80 - Product updated successfully.
06-14-2021 @ 00:52:08 - Preparing for import.
06-14-2021 @ 00:52:08 - Row :81 - Parsing item.
06-14-2021 @ 00:52:08 - Row :81 - Processing item.
06-14-2021 @ 00:52:08 - Found simple product object. ID:442044
06-14-2021 @ 00:52:08 - Setting Featured Image. URL:https://inspiry.co.nz/wp-content/uploads/2020/11/Inspiry_Logo-transparent-1.png
06-14-2021 @ 00:52:09 - Attachment ID:444948
06-14-2021 @ 00:52:09 - Row :81 - Product updated successfully.
06-14-2021 @ 00:52:09 - Row :82 - Parsing item.
06-14-2021 @ 00:52:09 - Row :82 - Processing item.
06-14-2021 @ 00:52:09 - Found simple product object. ID:442045
06-14-2021 @ 00:52:09 - Setting Featured Image. URL:https://inspiry.co.nz/wp-content/uploads/2020/11/Inspiry_Logo-transparent-1.png
06-14-2021 @ 00:52:09 - Attachment ID:444948
06-14-2021 @ 00:52:09 - Row :82 - Product updated successfully.
06-14-2021 @ 00:52:09 - Row :83 - Parsing item.
06-14-2021 @ 00:52:09 - Row :83 - Processing item.
06-14-2021 @ 00:52:09 - Found simple product object. ID:442046
06-14-2021 @ 00:52:09 - Setting Featured Image. URL:https://inspiry.co.nz/wp-content/uploads/2020/11/Inspiry_Logo-transparent-1.png
06-14-2021 @ 00:52:10 - Attachment ID:444948
06-14-2021 @ 00:52:10 - Row :83 - Product updated successfully.
06-14-2021 @ 00:52:10 - Row :84 - Parsing item.
06-14-2021 @ 00:52:10 - Row :84 - Processing item.
06-14-2021 @ 00:52:10 - Found simple product object. ID:442047
06-14-2021 @ 00:52:10 - Setting Featured Image. URL:https://inspiry.co.nz/wp-content/uploads/2020/11/Inspiry_Logo-transparent-1.png
06-14-2021 @ 00:52:10 - Attachment ID:444948
06-14-2021 @ 00:52:11 - Row :84 - Product updated successfully.
06-14-2021 @ 00:52:11 - Row :85 - Parsing item.
06-14-2021 @ 00:52:11 - Row :85 - Processing item.
06-14-2021 @ 00:52:11 - Found simple product object. ID:442048
06-14-2021 @ 00:52:11 - Setting Featured Image. URL:https://inspiry.co.nz/wp-content/uploads/2020/11/Inspiry_Logo-transparent-1.png
06-14-2021 @ 00:52:11 - Attachment ID:444948
06-14-2021 @ 00:52:11 - Row :85 - Product updated successfully.
06-14-2021 @ 00:52:11 - Row :86 - Parsing item.
06-14-2021 @ 00:52:11 - Row :86 - Processing item.
06-14-2021 @ 00:52:11 - Found simple product object. ID:442049
06-14-2021 @ 00:52:11 - Setting Featured Image. URL:https://inspiry.co.nz/wp-content/uploads/2020/11/Inspiry_Logo-transparent-1.png
06-14-2021 @ 00:52:11 - Attachment ID:444948
06-14-2021 @ 00:52:12 - Row :86 - Product updated successfully.
06-14-2021 @ 00:52:12 - Row :87 - Parsing item.
06-14-2021 @ 00:52:12 - Row :87 - Processing item.
06-14-2021 @ 00:52:12 - Found simple product object. ID:442050
06-14-2021 @ 00:52:12 - Setting Featured Image. URL:https://inspiry.co.nz/wp-content/uploads/2020/11/Inspiry_Logo-transparent-1.png
06-14-2021 @ 00:52:12 - Attachment ID:444948
06-14-2021 @ 00:52:12 - Row :87 - Product updated successfully.
06-14-2021 @ 00:52:12 - Row :88 - Parsing item.
06-14-2021 @ 00:52:12 - Row :88 - Processing item.
06-14-2021 @ 00:52:12 - Found simple product object. ID:442051
06-14-2021 @ 00:52:12 - Setting Featured Image. URL:https://inspiry.co.nz/wp-content/uploads/2020/11/Inspiry_Logo-transparent-1.png
06-14-2021 @ 00:52:12 - Attachment ID:444948
06-14-2021 @ 00:52:13 - Row :88 - Product updated successfully.
06-14-2021 @ 00:52:13 - Row :89 - Parsing item.
06-14-2021 @ 00:52:13 - Row :89 - Processing item.
06-14-2021 @ 00:52:13 - Found simple product object. ID:442052
06-14-2021 @ 00:52:13 - Setting Featured Image. URL:https://inspiry.co.nz/wp-content/uploads/2020/11/Inspiry_Logo-transparent-1.png
06-14-2021 @ 00:52:13 - Attachment ID:444948
06-14-2021 @ 00:52:13 - Row :89 - Product updated successfully.
06-14-2021 @ 00:52:13 - Row :90 - Parsing item.
06-14-2021 @ 00:52:13 - Row :90 - Processing item.
06-14-2021 @ 00:52:13 - Found simple product object. ID:442053
06-14-2021 @ 00:52:13 - Setting Featured Image. URL:https://inspiry.co.nz/wp-content/uploads/2020/11/Inspiry_Logo-transparent-1.png
06-14-2021 @ 00:52:13 - Attachment ID:444948
06-14-2021 @ 00:52:14 - Row :90 - Product updated successfully.
06-14-2021 @ 00:52:16 - Preparing for import.
06-14-2021 @ 00:52:16 - Row :91 - Parsing item.
06-14-2021 @ 00:52:16 - Row :91 - Processing item.
06-14-2021 @ 00:52:16 - Found simple product object. ID:442054
06-14-2021 @ 00:52:16 - Setting Featured Image. URL:https://inspiry.co.nz/wp-content/uploads/2020/11/Inspiry_Logo-transparent-1.png
06-14-2021 @ 00:52:16 - Attachment ID:444948
06-14-2021 @ 00:52:17 - Row :91 - Product updated successfully.
06-14-2021 @ 00:52:17 - Row :92 - Parsing item.
06-14-2021 @ 00:52:17 - Row :92 - Processing item.
06-14-2021 @ 00:52:17 - Found simple product object. ID:442055
06-14-2021 @ 00:52:17 - Setting Featured Image. URL:https://inspiry.co.nz/wp-content/uploads/2020/11/Inspiry_Logo-transparent-1.png
06-14-2021 @ 00:52:17 - Attachment ID:444948
06-14-2021 @ 00:52:17 - Row :92 - Product updated successfully.
06-14-2021 @ 00:52:17 - Row :93 - Parsing item.
06-14-2021 @ 00:52:17 - Row :93 - Processing item.
06-14-2021 @ 00:52:17 - Found simple product object. ID:442056
06-14-2021 @ 00:52:17 - Setting Featured Image. URL:https://inspiry.co.nz/wp-content/uploads/2020/11/Inspiry_Logo-transparent-1.png
06-14-2021 @ 00:52:17 - Attachment ID:444948
06-14-2021 @ 00:52:18 - Row :93 - Product updated successfully.
06-14-2021 @ 00:52:18 - Row :94 - Parsing item.
06-14-2021 @ 00:52:18 - Row :94 - Processing item.
06-14-2021 @ 00:52:18 - Found simple product object. ID:442057
06-14-2021 @ 00:52:18 - Setting Featured Image. URL:https://inspiry.co.nz/wp-content/uploads/2020/11/Inspiry_Logo-transparent-1.png
06-14-2021 @ 00:52:18 - Attachment ID:444948
06-14-2021 @ 00:52:18 - Row :94 - Product updated successfully.
06-14-2021 @ 00:52:18 - Row :95 - Parsing item.
06-14-2021 @ 00:52:18 - Row :95 - Processing item.
06-14-2021 @ 00:52:18 - Found simple product object. ID:442058
06-14-2021 @ 00:52:18 - Setting Featured Image. URL:https://inspiry.co.nz/wp-content/uploads/2020/11/Inspiry_Logo-transparent-1.png
06-14-2021 @ 00:52:18 - Attachment ID:444948
06-14-2021 @ 00:52:19 - Row :95 - Product updated successfully.
06-14-2021 @ 00:52:19 - Row :96 - Parsing item.
06-14-2021 @ 00:52:19 - Row :96 - Processing item.
06-14-2021 @ 00:52:19 - Found simple product object. ID:442062
06-14-2021 @ 00:52:19 - Setting Featured Image. URL:https://inspiry.co.nz/wp-content/uploads/2020/11/Inspiry_Logo-transparent-1.png
06-14-2021 @ 00:52:19 - Attachment ID:444948
06-14-2021 @ 00:52:19 - Row :96 - Product updated successfully.
06-14-2021 @ 00:52:19 - Row :97 - Parsing item.
06-14-2021 @ 00:52:19 - Row :97 - Processing item.
06-14-2021 @ 00:52:19 - Found simple product object. ID:442063
06-14-2021 @ 00:52:19 - Setting Featured Image. URL:https://inspiry.co.nz/wp-content/uploads/2020/11/Inspiry_Logo-transparent-1.png
06-14-2021 @ 00:52:19 - Attachment ID:444948
06-14-2021 @ 00:52:20 - Row :97 - Product updated successfully.
06-14-2021 @ 00:52:20 - Row :98 - Parsing item.
06-14-2021 @ 00:52:20 - Row :98 - Processing item.
06-14-2021 @ 00:52:20 - Found simple product object. ID:442064
06-14-2021 @ 00:52:20 - Setting Featured Image. URL:https://inspiry.co.nz/wp-content/uploads/2020/11/Inspiry_Logo-transparent-1.png
06-14-2021 @ 00:52:20 - Attachment ID:444948
06-14-2021 @ 00:52:20 - Row :98 - Product updated successfully.
06-14-2021 @ 00:52:20 - Row :99 - Parsing item.
06-14-2021 @ 00:52:20 - Row :99 - Processing item.
06-14-2021 @ 00:52:20 - Found simple product object. ID:442065
06-14-2021 @ 00:52:20 - Setting Featured Image. URL:https://inspiry.co.nz/wp-content/uploads/2020/11/Inspiry_Logo-transparent-1.png
06-14-2021 @ 00:52:20 - Attachment ID:444948
06-14-2021 @ 00:52:21 - Row :99 - Product updated successfully.
06-14-2021 @ 00:52:21 - Row :100 - Parsing item.
06-14-2021 @ 00:52:21 - Row :100 - Processing item.
06-14-2021 @ 00:52:21 - Found simple product object. ID:442066
06-14-2021 @ 00:52:21 - Setting Featured Image. URL:https://inspiry.co.nz/wp-content/uploads/2020/11/Inspiry_Logo-transparent-1.png
06-14-2021 @ 00:52:21 - Attachment ID:444948
06-14-2021 @ 00:52:21 - Row :100 - Product updated successfully.
06-14-2021 @ 00:52:22 - Preparing for import.
06-14-2021 @ 00:52:22 - Row :101 - Parsing item.
06-14-2021 @ 00:52:22 - Row :101 - Processing item.
06-14-2021 @ 00:52:22 - Found simple product object. ID:442067
06-14-2021 @ 00:52:22 - Setting Featured Image. URL:https://inspiry.co.nz/wp-content/uploads/2020/11/Inspiry_Logo-transparent-1.png
06-14-2021 @ 00:52:22 - Attachment ID:444948
06-14-2021 @ 00:52:23 - Row :101 - Product updated successfully.
06-14-2021 @ 00:52:23 - Row :102 - Parsing item.
06-14-2021 @ 00:52:23 - Row :102 - Processing item.
06-14-2021 @ 00:52:23 - Found simple product object. ID:442068
06-14-2021 @ 00:52:23 - Setting Featured Image. URL:https://inspiry.co.nz/wp-content/uploads/2020/11/Inspiry_Logo-transparent-1.png
06-14-2021 @ 00:52:23 - Attachment ID:444948
06-14-2021 @ 00:52:23 - Row :102 - Product updated successfully.
06-14-2021 @ 00:52:23 - Row :103 - Parsing item.
06-14-2021 @ 00:52:23 - Row :103 - Processing item.
06-14-2021 @ 00:52:23 - Found simple product object. ID:442069
06-14-2021 @ 00:52:23 - Setting Featured Image. URL:https://inspiry.co.nz/wp-content/uploads/2020/11/Inspiry_Logo-transparent-1.png
06-14-2021 @ 00:52:23 - Attachment ID:444948
06-14-2021 @ 00:52:23 - Row :103 - Product updated successfully.
06-14-2021 @ 00:52:23 - Row :104 - Parsing item.
06-14-2021 @ 00:52:23 - Row :104 - Processing item.
06-14-2021 @ 00:52:23 - Found simple product object. ID:442070
06-14-2021 @ 00:52:23 - Setting Featured Image. URL:https://inspiry.co.nz/wp-content/uploads/2020/11/Inspiry_Logo-transparent-1.png
06-14-2021 @ 00:52:24 - Attachment ID:444948
06-14-2021 @ 00:52:24 - Row :104 - Product updated successfully.
06-14-2021 @ 00:52:24 - Row :105 - Parsing item.
06-14-2021 @ 00:52:24 - Row :105 - Processing item.
06-14-2021 @ 00:52:24 - Found simple product object. ID:442071
06-14-2021 @ 00:52:24 - Setting Featured Image. URL:https://inspiry.co.nz/wp-content/uploads/2020/11/Inspiry_Logo-transparent-1.png
06-14-2021 @ 00:52:24 - Attachment ID:444948
06-14-2021 @ 00:52:24 - Row :105 - Product updated successfully.
06-14-2021 @ 00:52:24 - Row :106 - Parsing item.
06-14-2021 @ 00:52:24 - Row :106 - Processing item.
06-14-2021 @ 00:52:24 - Found simple product object. ID:442072
06-14-2021 @ 00:52:24 - Setting Featured Image. URL:https://inspiry.co.nz/wp-content/uploads/2020/11/Inspiry_Logo-transparent-1.png
06-14-2021 @ 00:52:25 - Attachment ID:444948
06-14-2021 @ 00:52:25 - Row :106 - Product updated successfully.
06-14-2021 @ 00:52:25 - Row :107 - Parsing item.
06-14-2021 @ 00:52:25 - Row :107 - Processing item.
06-14-2021 @ 00:52:25 - Found simple product object. ID:442073
06-14-2021 @ 00:52:25 - Setting Featured Image. URL:https://inspiry.co.nz/wp-content/uploads/2020/11/Inspiry_Logo-transparent-1.png
06-14-2021 @ 00:52:25 - Attachment ID:444948
06-14-2021 @ 00:52:25 - Row :107 - Product updated successfully.
06-14-2021 @ 00:52:25 - Row :108 - Parsing item.
06-14-2021 @ 00:52:25 - Row :108 - Processing item.
06-14-2021 @ 00:52:25 - Found simple product object. ID:442074
06-14-2021 @ 00:52:25 - Setting Featured Image. URL:https://inspiry.co.nz/wp-content/uploads/2020/11/Inspiry_Logo-transparent-1.png
06-14-2021 @ 00:52:26 - Attachment ID:444948
06-14-2021 @ 00:52:26 - Row :108 - Product updated successfully.
06-14-2021 @ 00:52:26 - Row :109 - Parsing item.
06-14-2021 @ 00:52:26 - Row :109 - Processing item.
06-14-2021 @ 00:52:26 - Found simple product object. ID:442075
06-14-2021 @ 00:52:26 - Setting Featured Image. URL:https://inspiry.co.nz/wp-content/uploads/2020/11/Inspiry_Logo-transparent-1.png
06-14-2021 @ 00:52:26 - Attachment ID:444948
06-14-2021 @ 00:52:26 - Row :109 - Product updated successfully.
06-14-2021 @ 00:52:26 - Row :110 - Parsing item.
06-14-2021 @ 00:52:26 - Row :110 - Processing item.
06-14-2021 @ 00:52:26 - Found simple product object. ID:442076
06-14-2021 @ 00:52:26 - Setting Featured Image. URL:https://inspiry.co.nz/wp-content/uploads/2020/11/Inspiry_Logo-transparent-1.png
06-14-2021 @ 00:52:27 - Attachment ID:444948
06-14-2021 @ 00:52:27 - Row :110 - Product updated successfully.
06-14-2021 @ 00:52:27 - ---[ Import ended at 2021-06-13 12:52:27]---
