06-14-2021 @ 01:34:33 - ---[ New import started at 2021-06-13 13:34:33 ] PHP Memory: 768 MB, WP Memory: 40 MB
06-14-2021 @ 01:34:33 - Preparing for import.
06-14-2021 @ 01:34:33 - Row :1 - Parsing item.
06-14-2021 @ 01:34:33 - Row :1 - Processing item.
06-14-2021 @ 01:34:33 - Found simple product object. ID:442017
06-14-2021 @ 01:34:33 - Setting Featured Image. URL:https://inspiry.co.nz/wp-content/uploads/2021/Arte-fixes/UF-34000.jpg
06-14-2021 @ 01:34:33 - Attachment ID:445641
06-14-2021 @ 01:34:33 - Setting Gallery Images.
06-14-2021 @ 01:34:33 - Image URL:https://inspiry.co.nz/wp-content/uploads/2021/Arte-fixes/UF-34000-1.jpg
06-14-2021 @ 01:34:34 - Attachment ID:445352
06-14-2021 @ 01:34:34 - Image URL:https://inspiry.co.nz/wp-content/uploads/2021/Arte-fixes/UF-34000-2.jpg
06-14-2021 @ 01:34:34 - Attachment ID:445353
06-14-2021 @ 01:34:34 - Image URL:https://inspiry.co.nz/wp-content/uploads/2021/Arte-fixes/UF-34000-3.jpg
06-14-2021 @ 01:34:34 - Attachment ID:445354
06-14-2021 @ 01:34:34 - Image URL:https://inspiry.co.nz/wp-content/uploads/2021/Arte-fixes/UF-34000-4.jpg
06-14-2021 @ 01:34:34 - Attachment ID:445355
06-14-2021 @ 01:34:34 - Image URL:https://inspiry.co.nz/wp-content/uploads/2021/Arte-fixes/UF-34000-5.jpg
06-14-2021 @ 01:34:34 - Attachment ID:445356
06-14-2021 @ 01:34:34 - Image URL:https://inspiry.co.nz/wp-content/uploads/2021/Arte-fixes/UF-34000-6.jpg
06-14-2021 @ 01:34:35 - URL:https://inspiry.co.nz/wp-content/uploads/2021/Arte-fixes/UF-34000-6.jpg Reason:Error getting remote image https://inspiry.co.nz/wp-content/uploads/2021/Arte-fixes/UF-34000-6.jpg. Error: Not Found
06-14-2021 @ 01:34:35 - Image URL:https://inspiry.co.nz/wp-content/uploads/2021/Arte-fixes/UF-34000-7.jpg
06-14-2021 @ 01:34:36 - URL:https://inspiry.co.nz/wp-content/uploads/2021/Arte-fixes/UF-34000-7.jpg Reason:Error getting remote image https://inspiry.co.nz/wp-content/uploads/2021/Arte-fixes/UF-34000-7.jpg. Error: Not Found
06-14-2021 @ 01:34:36 - Image URL:https://inspiry.co.nz/wp-content/uploads/2021/Arte-fixes/UF-34000-8.jpg
06-14-2021 @ 01:34:37 - URL:https://inspiry.co.nz/wp-content/uploads/2021/Arte-fixes/UF-34000-8.jpg Reason:Error getting remote image https://inspiry.co.nz/wp-content/uploads/2021/Arte-fixes/UF-34000-8.jpg. Error: Not Found
06-14-2021 @ 01:34:37 - Image URL:https://inspiry.co.nz/wp-content/uploads/2021/Arte-fixes/UF-34000-9.jpg
06-14-2021 @ 01:34:38 - URL:https://inspiry.co.nz/wp-content/uploads/2021/Arte-fixes/UF-34000-9.jpg Reason:Error getting remote image https://inspiry.co.nz/wp-content/uploads/2021/Arte-fixes/UF-34000-9.jpg. Error: Not Found
06-14-2021 @ 01:34:38 - Image URL:https://inspiry.co.nz/wp-content/uploads/2021/Arte-fixes/UF-34000-10.jpg
06-14-2021 @ 01:34:39 - URL:https://inspiry.co.nz/wp-content/uploads/2021/Arte-fixes/UF-34000-10.jpg Reason:Error getting remote image https://inspiry.co.nz/wp-content/uploads/2021/Arte-fixes/UF-34000-10.jpg. Error: Not Found
06-14-2021 @ 01:34:39 - Row :1 - Product updated successfully.
06-14-2021 @ 01:34:39 - Row :2 - Parsing item.
06-14-2021 @ 01:34:39 - Row :2 - Processing item.
06-14-2021 @ 01:34:39 - Found simple product object. ID:442018
06-14-2021 @ 01:34:39 - Setting Featured Image. URL:https://inspiry.co.nz/wp-content/uploads/2021/Arte-fixes/UF-34001.jpg
06-14-2021 @ 01:34:39 - Attachment ID:445642
06-14-2021 @ 01:34:39 - Setting Gallery Images.
06-14-2021 @ 01:34:39 - Image URL:https://inspiry.co.nz/wp-content/uploads/2021/Arte-fixes/UF-34001-1.jpg
06-14-2021 @ 01:34:40 - Attachment ID:445357
06-14-2021 @ 01:34:40 - Image URL:https://inspiry.co.nz/wp-content/uploads/2021/Arte-fixes/UF-34001-2.jpg
06-14-2021 @ 01:34:40 - Attachment ID:445358
06-14-2021 @ 01:34:40 - Image URL:https://inspiry.co.nz/wp-content/uploads/2021/Arte-fixes/UF-34001-3.jpg
06-14-2021 @ 01:34:40 - Attachment ID:445359
06-14-2021 @ 01:34:40 - Image URL:https://inspiry.co.nz/wp-content/uploads/2021/Arte-fixes/UF-34001-4.jpg
06-14-2021 @ 01:34:40 - Attachment ID:445360
06-14-2021 @ 01:34:40 - Image URL:https://inspiry.co.nz/wp-content/uploads/2021/Arte-fixes/UF-34001-5.jpg
06-14-2021 @ 01:34:40 - Attachment ID:445361
06-14-2021 @ 01:34:40 - Image URL:https://inspiry.co.nz/wp-content/uploads/2021/Arte-fixes/UF-34001-6.jpg
06-14-2021 @ 01:34:41 - URL:https://inspiry.co.nz/wp-content/uploads/2021/Arte-fixes/UF-34001-6.jpg Reason:Error getting remote image https://inspiry.co.nz/wp-content/uploads/2021/Arte-fixes/UF-34001-6.jpg. Error: Not Found
06-14-2021 @ 01:34:41 - Image URL:https://inspiry.co.nz/wp-content/uploads/2021/Arte-fixes/UF-34001-7.jpg
06-14-2021 @ 01:34:42 - URL:https://inspiry.co.nz/wp-content/uploads/2021/Arte-fixes/UF-34001-7.jpg Reason:Error getting remote image https://inspiry.co.nz/wp-content/uploads/2021/Arte-fixes/UF-34001-7.jpg. Error: Not Found
06-14-2021 @ 01:34:42 - Image URL:https://inspiry.co.nz/wp-content/uploads/2021/Arte-fixes/UF-34001-8.jpg
06-14-2021 @ 01:34:43 - URL:https://inspiry.co.nz/wp-content/uploads/2021/Arte-fixes/UF-34001-8.jpg Reason:Error getting remote image https://inspiry.co.nz/wp-content/uploads/2021/Arte-fixes/UF-34001-8.jpg. Error: Not Found
06-14-2021 @ 01:34:43 - Image URL:https://inspiry.co.nz/wp-content/uploads/2021/Arte-fixes/UF-34001-9.jpg
06-14-2021 @ 01:34:44 - URL:https://inspiry.co.nz/wp-content/uploads/2021/Arte-fixes/UF-34001-9.jpg Reason:Error getting remote image https://inspiry.co.nz/wp-content/uploads/2021/Arte-fixes/UF-34001-9.jpg. Error: Not Found
06-14-2021 @ 01:34:44 - Image URL:https://inspiry.co.nz/wp-content/uploads/2021/Arte-fixes/UF-34001-10.jpg
06-14-2021 @ 01:34:45 - URL:https://inspiry.co.nz/wp-content/uploads/2021/Arte-fixes/UF-34001-10.jpg Reason:Error getting remote image https://inspiry.co.nz/wp-content/uploads/2021/Arte-fixes/UF-34001-10.jpg. Error: Not Found
06-14-2021 @ 01:34:45 - Row :2 - Product updated successfully.
06-14-2021 @ 01:34:45 - Row :3 - Parsing item.
06-14-2021 @ 01:34:45 - Row :3 - Processing item.
06-14-2021 @ 01:34:45 - Found simple product object. ID:442019
06-14-2021 @ 01:34:45 - Setting Featured Image. URL:https://inspiry.co.nz/wp-content/uploads/2021/Arte-fixes/UF-34002.jpg
06-14-2021 @ 01:34:45 - Attachment ID:445643
06-14-2021 @ 01:34:45 - Setting Gallery Images.
06-14-2021 @ 01:34:45 - Image URL:https://inspiry.co.nz/wp-content/uploads/2021/Arte-fixes/UF-34002-1.jpg
06-14-2021 @ 01:34:45 - Attachment ID:445362
06-14-2021 @ 01:34:45 - Image URL:https://inspiry.co.nz/wp-content/uploads/2021/Arte-fixes/UF-34002-2.jpg
06-14-2021 @ 01:34:46 - Attachment ID:445363
06-14-2021 @ 01:34:46 - Image URL:https://inspiry.co.nz/wp-content/uploads/2021/Arte-fixes/UF-34002-3.jpg
06-14-2021 @ 01:34:46 - Attachment ID:445364
06-14-2021 @ 01:34:46 - Image URL:https://inspiry.co.nz/wp-content/uploads/2021/Arte-fixes/UF-34002-4.jpg
06-14-2021 @ 01:34:46 - Attachment ID:445365
06-14-2021 @ 01:34:46 - Image URL:https://inspiry.co.nz/wp-content/uploads/2021/Arte-fixes/UF-34002-5.jpg
06-14-2021 @ 01:34:46 - Attachment ID:445366
06-14-2021 @ 01:34:46 - Image URL:https://inspiry.co.nz/wp-content/uploads/2021/Arte-fixes/UF-34002-6.jpg
06-14-2021 @ 01:34:46 - Attachment ID:445367
06-14-2021 @ 01:34:46 - Image URL:https://inspiry.co.nz/wp-content/uploads/2021/Arte-fixes/UF-34002-7.jpg
06-14-2021 @ 01:34:47 - URL:https://inspiry.co.nz/wp-content/uploads/2021/Arte-fixes/UF-34002-7.jpg Reason:Error getting remote image https://inspiry.co.nz/wp-content/uploads/2021/Arte-fixes/UF-34002-7.jpg. Error: Not Found
06-14-2021 @ 01:34:47 - Image URL:https://inspiry.co.nz/wp-content/uploads/2021/Arte-fixes/UF-34002-8.jpg
06-14-2021 @ 01:34:48 - URL:https://inspiry.co.nz/wp-content/uploads/2021/Arte-fixes/UF-34002-8.jpg Reason:Error getting remote image https://inspiry.co.nz/wp-content/uploads/2021/Arte-fixes/UF-34002-8.jpg. Error: Not Found
06-14-2021 @ 01:34:48 - Image URL:https://inspiry.co.nz/wp-content/uploads/2021/Arte-fixes/UF-34002-9.jpg
06-14-2021 @ 01:34:49 - URL:https://inspiry.co.nz/wp-content/uploads/2021/Arte-fixes/UF-34002-9.jpg Reason:Error getting remote image https://inspiry.co.nz/wp-content/uploads/2021/Arte-fixes/UF-34002-9.jpg. Error: Not Found
06-14-2021 @ 01:34:49 - Image URL:https://inspiry.co.nz/wp-content/uploads/2021/Arte-fixes/UF-34002-10.jpg
06-14-2021 @ 01:34:50 - URL:https://inspiry.co.nz/wp-content/uploads/2021/Arte-fixes/UF-34002-10.jpg Reason:Error getting remote image https://inspiry.co.nz/wp-content/uploads/2021/Arte-fixes/UF-34002-10.jpg. Error: Not Found
06-14-2021 @ 01:34:50 - Row :3 - Product updated successfully.
06-14-2021 @ 01:34:50 - Row :4 - Parsing item.
06-14-2021 @ 01:34:50 - Row :4 - Processing item.
06-14-2021 @ 01:34:50 - Found simple product object. ID:442020
06-14-2021 @ 01:34:50 - Setting Featured Image. URL:https://inspiry.co.nz/wp-content/uploads/2021/Arte-fixes/UF-34003.jpg
06-14-2021 @ 01:34:50 - Attachment ID:445644
06-14-2021 @ 01:34:50 - Setting Gallery Images.
06-14-2021 @ 01:34:50 - Image URL:https://inspiry.co.nz/wp-content/uploads/2021/Arte-fixes/UF-34003-1.jpg
06-14-2021 @ 01:34:50 - Attachment ID:445368
06-14-2021 @ 01:34:50 - Image URL:https://inspiry.co.nz/wp-content/uploads/2021/Arte-fixes/UF-34003-2.jpg
06-14-2021 @ 01:34:51 - Attachment ID:445369
06-14-2021 @ 01:34:51 - Image URL:https://inspiry.co.nz/wp-content/uploads/2021/Arte-fixes/UF-34003-3.jpg
06-14-2021 @ 01:34:51 - Attachment ID:445370
06-14-2021 @ 01:34:51 - Image URL:https://inspiry.co.nz/wp-content/uploads/2021/Arte-fixes/UF-34003-4.jpg
06-14-2021 @ 01:34:51 - Attachment ID:445371
06-14-2021 @ 01:34:51 - Image URL:https://inspiry.co.nz/wp-content/uploads/2021/Arte-fixes/UF-34003-5.jpg
06-14-2021 @ 01:34:51 - Attachment ID:445372
06-14-2021 @ 01:34:51 - Image URL:https://inspiry.co.nz/wp-content/uploads/2021/Arte-fixes/UF-34003-6.jpg
06-14-2021 @ 01:34:51 - Attachment ID:445373
06-14-2021 @ 01:34:51 - Image URL:https://inspiry.co.nz/wp-content/uploads/2021/Arte-fixes/UF-34003-7.jpg
06-14-2021 @ 01:34:52 - URL:https://inspiry.co.nz/wp-content/uploads/2021/Arte-fixes/UF-34003-7.jpg Reason:Error getting remote image https://inspiry.co.nz/wp-content/uploads/2021/Arte-fixes/UF-34003-7.jpg. Error: Not Found
06-14-2021 @ 01:34:52 - Image URL:https://inspiry.co.nz/wp-content/uploads/2021/Arte-fixes/UF-34003-8.jpg
06-14-2021 @ 01:34:53 - URL:https://inspiry.co.nz/wp-content/uploads/2021/Arte-fixes/UF-34003-8.jpg Reason:Error getting remote image https://inspiry.co.nz/wp-content/uploads/2021/Arte-fixes/UF-34003-8.jpg. Error: Not Found
06-14-2021 @ 01:34:53 - Image URL:https://inspiry.co.nz/wp-content/uploads/2021/Arte-fixes/UF-34003-9.jpg
06-14-2021 @ 01:34:54 - URL:https://inspiry.co.nz/wp-content/uploads/2021/Arte-fixes/UF-34003-9.jpg Reason:Error getting remote image https://inspiry.co.nz/wp-content/uploads/2021/Arte-fixes/UF-34003-9.jpg. Error: Not Found
06-14-2021 @ 01:34:54 - Image URL:https://inspiry.co.nz/wp-content/uploads/2021/Arte-fixes/UF-34003-10.jpg
06-14-2021 @ 01:34:54 - URL:https://inspiry.co.nz/wp-content/uploads/2021/Arte-fixes/UF-34003-10.jpg Reason:Error getting remote image https://inspiry.co.nz/wp-content/uploads/2021/Arte-fixes/UF-34003-10.jpg. Error: Not Found
06-14-2021 @ 01:34:55 - Row :4 - Product updated successfully.
06-14-2021 @ 01:34:55 - Row :5 - Parsing item.
06-14-2021 @ 01:34:55 - Row :5 - Processing item.
06-14-2021 @ 01:34:55 - Found simple product object. ID:442021
06-14-2021 @ 01:34:55 - Setting Featured Image. URL:https://inspiry.co.nz/wp-content/uploads/2021/Arte-fixes/UF-34004.jpg
06-14-2021 @ 01:34:55 - Attachment ID:445645
06-14-2021 @ 01:34:55 - Setting Gallery Images.
06-14-2021 @ 01:34:55 - Image URL:https://inspiry.co.nz/wp-content/uploads/2021/Arte-fixes/UF-34004-1.jpg
06-14-2021 @ 01:34:55 - Attachment ID:445374
06-14-2021 @ 01:34:55 - Image URL:https://inspiry.co.nz/wp-content/uploads/2021/Arte-fixes/UF-34004-2.jpg
06-14-2021 @ 01:34:55 - Attachment ID:445375
06-14-2021 @ 01:34:55 - Image URL:https://inspiry.co.nz/wp-content/uploads/2021/Arte-fixes/UF-34004-3.jpg
06-14-2021 @ 01:34:56 - Attachment ID:445376
06-14-2021 @ 01:34:56 - Image URL:https://inspiry.co.nz/wp-content/uploads/2021/Arte-fixes/UF-34004-4.jpg
06-14-2021 @ 01:34:56 - Attachment ID:445377
06-14-2021 @ 01:34:56 - Image URL:https://inspiry.co.nz/wp-content/uploads/2021/Arte-fixes/UF-34004-5.jpg
06-14-2021 @ 01:34:56 - Attachment ID:445378
06-14-2021 @ 01:34:56 - Image URL:https://inspiry.co.nz/wp-content/uploads/2021/Arte-fixes/UF-34004-6.jpg
06-14-2021 @ 01:34:56 - Attachment ID:445379
06-14-2021 @ 01:34:56 - Image URL:https://inspiry.co.nz/wp-content/uploads/2021/Arte-fixes/UF-34004-7.jpg
06-14-2021 @ 01:34:56 - Attachment ID:445380
06-14-2021 @ 01:34:56 - Image URL:https://inspiry.co.nz/wp-content/uploads/2021/Arte-fixes/UF-34004-8.jpg
06-14-2021 @ 01:34:57 - URL:https://inspiry.co.nz/wp-content/uploads/2021/Arte-fixes/UF-34004-8.jpg Reason:Error getting remote image https://inspiry.co.nz/wp-content/uploads/2021/Arte-fixes/UF-34004-8.jpg. Error: Not Found
06-14-2021 @ 01:34:57 - Image URL:https://inspiry.co.nz/wp-content/uploads/2021/Arte-fixes/UF-34004-9.jpg
06-14-2021 @ 01:34:58 - URL:https://inspiry.co.nz/wp-content/uploads/2021/Arte-fixes/UF-34004-9.jpg Reason:Error getting remote image https://inspiry.co.nz/wp-content/uploads/2021/Arte-fixes/UF-34004-9.jpg. Error: Not Found
06-14-2021 @ 01:34:58 - Image URL:https://inspiry.co.nz/wp-content/uploads/2021/Arte-fixes/UF-34004-10.jpg
06-14-2021 @ 01:34:59 - URL:https://inspiry.co.nz/wp-content/uploads/2021/Arte-fixes/UF-34004-10.jpg Reason:Error getting remote image https://inspiry.co.nz/wp-content/uploads/2021/Arte-fixes/UF-34004-10.jpg. Error: Not Found
06-14-2021 @ 01:34:59 - Row :5 - Product updated successfully.
06-14-2021 @ 01:34:59 - ---[ Import ended at 2021-06-13 13:34:59]---
