06-14-2021 @ 18:09:33 - ---[ New import started at 2021-06-14 06:09:33 ] PHP Memory: 768 MB, WP Memory: 40 MB
06-14-2021 @ 18:09:33 - Preparing for import.
06-14-2021 @ 18:09:33 - Row :1 - Parsing item.
06-14-2021 @ 18:09:33 - Row :1 - Processing item.
06-14-2021 @ 18:09:33 - Found simple product object. ID:442078
06-14-2021 @ 18:09:33 - Setting Featured Image. URL:https://inspiry.co.nz/wp-content/uploads/2020/11/Inspiry_Logo-transparent-1.png
06-14-2021 @ 18:09:33 - Attachment ID:444948
06-14-2021 @ 18:09:34 - Row :1 - Product updated successfully.
06-14-2021 @ 18:09:34 - Row :2 - Parsing item.
06-14-2021 @ 18:09:34 - Row :2 - Processing item.
06-14-2021 @ 18:09:34 - Found simple product object. ID:442077
06-14-2021 @ 18:09:34 - Setting Featured Image. URL:https://inspiry.co.nz/wp-content/uploads/2020/11/Inspiry_Logo-transparent-1.png
06-14-2021 @ 18:09:34 - Attachment ID:444948
06-14-2021 @ 18:09:34 - Row :2 - Product updated successfully.
06-14-2021 @ 18:09:34 - Row :3 - Parsing item.
06-14-2021 @ 18:09:34 - Row :3 - Processing item.
06-14-2021 @ 18:09:34 - Found simple product object. ID:407755
06-14-2021 @ 18:09:34 - Setting Featured Image. URL:https://inspiry.co.nz/wp-content/uploads/2020/11/Inspiry_Logo-transparent-1.png
06-14-2021 @ 18:09:35 - Attachment ID:444948
06-14-2021 @ 18:09:35 - Row :3 - Product updated successfully.
06-14-2021 @ 18:09:35 - Row :4 - Parsing item.
06-14-2021 @ 18:09:35 - Row :4 - Processing item.
06-14-2021 @ 18:09:35 - Found simple product object. ID:407757
06-14-2021 @ 18:09:35 - Setting Featured Image. URL:https://inspiry.co.nz/wp-content/uploads/2020/11/Inspiry_Logo-transparent-1.png
06-14-2021 @ 18:09:35 - Attachment ID:444948
06-14-2021 @ 18:09:35 - Row :4 - Product updated successfully.
06-14-2021 @ 18:09:35 - Row :5 - Parsing item.
06-14-2021 @ 18:09:36 - Row :5 - Processing item.
06-14-2021 @ 18:09:36 - Found simple product object. ID:407759
06-14-2021 @ 18:09:36 - Setting Featured Image. URL:https://inspiry.co.nz/wp-content/uploads/2020/11/Inspiry_Logo-transparent-1.png
06-14-2021 @ 18:09:36 - Attachment ID:444948
06-14-2021 @ 18:09:36 - Row :5 - Product updated successfully.
06-14-2021 @ 18:09:36 - Row :6 - Parsing item.
06-14-2021 @ 18:09:36 - Row :6 - Processing item.
06-14-2021 @ 18:09:36 - Found simple product object. ID:442059
06-14-2021 @ 18:09:36 - Setting Featured Image. URL:https://inspiry.co.nz/wp-content/uploads/2020/11/Inspiry_Logo-transparent-1.png
06-14-2021 @ 18:09:36 - Attachment ID:444948
06-14-2021 @ 18:09:37 - Row :6 - Product updated successfully.
06-14-2021 @ 18:09:37 - Row :7 - Parsing item.
06-14-2021 @ 18:09:37 - Row :7 - Processing item.
06-14-2021 @ 18:09:37 - Found simple product object. ID:442060
06-14-2021 @ 18:09:37 - Setting Featured Image. URL:https://inspiry.co.nz/wp-content/uploads/2020/11/Inspiry_Logo-transparent-1.png
06-14-2021 @ 18:09:37 - Attachment ID:444948
06-14-2021 @ 18:09:37 - Row :7 - Product updated successfully.
06-14-2021 @ 18:09:37 - Row :8 - Parsing item.
06-14-2021 @ 18:09:37 - Row :8 - Processing item.
06-14-2021 @ 18:09:37 - Found simple product object. ID:442061
06-14-2021 @ 18:09:37 - Setting Featured Image. URL:https://inspiry.co.nz/wp-content/uploads/2020/11/Inspiry_Logo-transparent-1.png
06-14-2021 @ 18:09:37 - Attachment ID:444948
06-14-2021 @ 18:09:38 - Row :8 - Product updated successfully.
06-14-2021 @ 18:09:38 - ---[ Import ended at 2021-06-14 06:09:38]---
