06-14-2021 @ 18:15:32 - ---[ New import started at 2021-06-14 06:15:32 ] PHP Memory: 768 MB, WP Memory: 40 MB
06-14-2021 @ 18:15:32 - Preparing for import.
06-14-2021 @ 18:15:32 - Row :1 - Parsing item.
06-14-2021 @ 18:15:32 - Row :1 - Processing item.
06-14-2021 @ 18:15:32 - Found simple product object. ID:442078
06-14-2021 @ 18:15:32 - Setting Featured Image. URL:https://inspiry.co.nz/wp-content/uploads/2021/Arte-fixes/UF-11141.jpg
06-14-2021 @ 18:15:33 - Attachment ID:445650
06-14-2021 @ 18:15:33 - Setting Gallery Images.
06-14-2021 @ 18:15:33 - Image URL:https://inspiry.co.nz/wp-content/uploads/2021/Arte-fixes/UF-11141-1.jpg
06-14-2021 @ 18:15:34 - Attachment ID:445651
06-14-2021 @ 18:15:34 - Image URL:https://inspiry.co.nz/wp-content/uploads/2021/Arte-fixes/UF-11141-2.jpg
06-14-2021 @ 18:15:34 - Attachment ID:445652
06-14-2021 @ 18:15:34 - Image URL:https://inspiry.co.nz/wp-content/uploads/2021/Arte-fixes/UF-11141-3.jpg
06-14-2021 @ 18:15:35 - URL:https://inspiry.co.nz/wp-content/uploads/2021/Arte-fixes/UF-11141-3.jpg Reason:Error getting remote image https://inspiry.co.nz/wp-content/uploads/2021/Arte-fixes/UF-11141-3.jpg. Error: Not Found
06-14-2021 @ 18:15:35 - Image URL:https://inspiry.co.nz/wp-content/uploads/2021/Arte-fixes/UF-11141-4.jpg
06-14-2021 @ 18:15:36 - URL:https://inspiry.co.nz/wp-content/uploads/2021/Arte-fixes/UF-11141-4.jpg Reason:Error getting remote image https://inspiry.co.nz/wp-content/uploads/2021/Arte-fixes/UF-11141-4.jpg. Error: Not Found
06-14-2021 @ 18:15:36 - Image URL:https://inspiry.co.nz/wp-content/uploads/2021/Arte-fixes/UF-11141-5.jpg
06-14-2021 @ 18:15:37 - URL:https://inspiry.co.nz/wp-content/uploads/2021/Arte-fixes/UF-11141-5.jpg Reason:Error getting remote image https://inspiry.co.nz/wp-content/uploads/2021/Arte-fixes/UF-11141-5.jpg. Error: Not Found
06-14-2021 @ 18:15:37 - Image URL:https://inspiry.co.nz/wp-content/uploads/2021/Arte-fixes/UF-11141-6.jpg
06-14-2021 @ 18:15:38 - URL:https://inspiry.co.nz/wp-content/uploads/2021/Arte-fixes/UF-11141-6.jpg Reason:Error getting remote image https://inspiry.co.nz/wp-content/uploads/2021/Arte-fixes/UF-11141-6.jpg. Error: Not Found
06-14-2021 @ 18:15:39 - Row :1 - Product updated successfully.
06-14-2021 @ 18:15:39 - Row :2 - Parsing item.
06-14-2021 @ 18:15:39 - Row :2 - Processing item.
06-14-2021 @ 18:15:39 - Found simple product object. ID:442077
06-14-2021 @ 18:15:39 - Setting Featured Image. URL:https://inspiry.co.nz/wp-content/uploads/2021/Arte-fixes/UF-11140.jpg
06-14-2021 @ 18:15:39 - Attachment ID:445653
06-14-2021 @ 18:15:39 - Setting Gallery Images.
06-14-2021 @ 18:15:39 - Image URL:https://inspiry.co.nz/wp-content/uploads/2021/Arte-fixes/UF-11140-1.jpg
06-14-2021 @ 18:15:40 - Attachment ID:445654
06-14-2021 @ 18:15:40 - Image URL:https://inspiry.co.nz/wp-content/uploads/2021/Arte-fixes/UF-11140-2.jpg
06-14-2021 @ 18:15:40 - Attachment ID:445655
06-14-2021 @ 18:15:40 - Image URL:https://inspiry.co.nz/wp-content/uploads/2021/Arte-fixes/UF-11140-3.jpg
06-14-2021 @ 18:15:41 - URL:https://inspiry.co.nz/wp-content/uploads/2021/Arte-fixes/UF-11140-3.jpg Reason:Error getting remote image https://inspiry.co.nz/wp-content/uploads/2021/Arte-fixes/UF-11140-3.jpg. Error: Not Found
06-14-2021 @ 18:15:41 - Image URL:https://inspiry.co.nz/wp-content/uploads/2021/Arte-fixes/UF-11140-4.jpg
06-14-2021 @ 18:15:42 - URL:https://inspiry.co.nz/wp-content/uploads/2021/Arte-fixes/UF-11140-4.jpg Reason:Error getting remote image https://inspiry.co.nz/wp-content/uploads/2021/Arte-fixes/UF-11140-4.jpg. Error: Not Found
06-14-2021 @ 18:15:42 - Image URL:https://inspiry.co.nz/wp-content/uploads/2021/Arte-fixes/UF-11140-5.jpg
06-14-2021 @ 18:15:43 - URL:https://inspiry.co.nz/wp-content/uploads/2021/Arte-fixes/UF-11140-5.jpg Reason:Error getting remote image https://inspiry.co.nz/wp-content/uploads/2021/Arte-fixes/UF-11140-5.jpg. Error: Not Found
06-14-2021 @ 18:15:43 - Image URL:https://inspiry.co.nz/wp-content/uploads/2021/Arte-fixes/UF-11140-6.jpg
06-14-2021 @ 18:15:44 - URL:https://inspiry.co.nz/wp-content/uploads/2021/Arte-fixes/UF-11140-6.jpg Reason:Error getting remote image https://inspiry.co.nz/wp-content/uploads/2021/Arte-fixes/UF-11140-6.jpg. Error: Not Found
06-14-2021 @ 18:15:44 - Row :2 - Product updated successfully.
06-14-2021 @ 18:15:44 - Row :3 - Parsing item.
06-14-2021 @ 18:15:44 - Row :3 - Processing item.
06-14-2021 @ 18:15:44 - Found simple product object. ID:407755
06-14-2021 @ 18:15:44 - Setting Featured Image. URL:https://inspiry.co.nz/wp-content/uploads/2021/Arte-fixes/UF-FP1041.jpg
06-14-2021 @ 18:15:44 - Attachment ID:445656
06-14-2021 @ 18:15:44 - Setting Gallery Images.
06-14-2021 @ 18:15:44 - Image URL:https://inspiry.co.nz/wp-content/uploads/2021/Arte-fixes/UF-FP1041-1.jpg
06-14-2021 @ 18:15:45 - Attachment ID:445657
06-14-2021 @ 18:15:45 - Image URL:https://inspiry.co.nz/wp-content/uploads/2021/Arte-fixes/UF-FP1041-2.jpg
06-14-2021 @ 18:15:45 - Attachment ID:445658
06-14-2021 @ 18:15:45 - Image URL:https://inspiry.co.nz/wp-content/uploads/2021/Arte-fixes/UF-FP1041-3.jpg
06-14-2021 @ 18:15:46 - URL:https://inspiry.co.nz/wp-content/uploads/2021/Arte-fixes/UF-FP1041-3.jpg Reason:Error getting remote image https://inspiry.co.nz/wp-content/uploads/2021/Arte-fixes/UF-FP1041-3.jpg. Error: Not Found
06-14-2021 @ 18:15:46 - Image URL:https://inspiry.co.nz/wp-content/uploads/2021/Arte-fixes/UF-FP1041-4.jpg
06-14-2021 @ 18:15:47 - URL:https://inspiry.co.nz/wp-content/uploads/2021/Arte-fixes/UF-FP1041-4.jpg Reason:Error getting remote image https://inspiry.co.nz/wp-content/uploads/2021/Arte-fixes/UF-FP1041-4.jpg. Error: Not Found
06-14-2021 @ 18:15:47 - Image URL:https://inspiry.co.nz/wp-content/uploads/2021/Arte-fixes/UF-FP1041-5.jpg
06-14-2021 @ 18:15:48 - URL:https://inspiry.co.nz/wp-content/uploads/2021/Arte-fixes/UF-FP1041-5.jpg Reason:Error getting remote image https://inspiry.co.nz/wp-content/uploads/2021/Arte-fixes/UF-FP1041-5.jpg. Error: Not Found
06-14-2021 @ 18:15:48 - Image URL:https://inspiry.co.nz/wp-content/uploads/2021/Arte-fixes/UF-FP1041-6.jpg
06-14-2021 @ 18:15:49 - URL:https://inspiry.co.nz/wp-content/uploads/2021/Arte-fixes/UF-FP1041-6.jpg Reason:Error getting remote image https://inspiry.co.nz/wp-content/uploads/2021/Arte-fixes/UF-FP1041-6.jpg. Error: Not Found
06-14-2021 @ 18:15:49 - Row :3 - Product updated successfully.
06-14-2021 @ 18:15:49 - Row :4 - Parsing item.
06-14-2021 @ 18:15:49 - Row :4 - Processing item.
06-14-2021 @ 18:15:49 - Found simple product object. ID:407757
06-14-2021 @ 18:15:49 - Setting Featured Image. URL:https://inspiry.co.nz/wp-content/uploads/2021/Arte-fixes/UF-FP1042.jpg
06-14-2021 @ 18:15:50 - Attachment ID:445659
06-14-2021 @ 18:15:50 - Setting Gallery Images.
06-14-2021 @ 18:15:50 - Image URL:https://inspiry.co.nz/wp-content/uploads/2021/Arte-fixes/UF-FP1042-1.jpg
06-14-2021 @ 18:15:50 - Attachment ID:445660
06-14-2021 @ 18:15:50 - Image URL:https://inspiry.co.nz/wp-content/uploads/2021/Arte-fixes/UF-FP1042-2.jpg
06-14-2021 @ 18:15:50 - Attachment ID:445661
06-14-2021 @ 18:15:50 - Image URL:https://inspiry.co.nz/wp-content/uploads/2021/Arte-fixes/UF-FP1042-3.jpg
06-14-2021 @ 18:15:51 - URL:https://inspiry.co.nz/wp-content/uploads/2021/Arte-fixes/UF-FP1042-3.jpg Reason:Error getting remote image https://inspiry.co.nz/wp-content/uploads/2021/Arte-fixes/UF-FP1042-3.jpg. Error: Not Found
06-14-2021 @ 18:15:51 - Image URL:https://inspiry.co.nz/wp-content/uploads/2021/Arte-fixes/UF-FP1042-4.jpg
06-14-2021 @ 18:15:52 - URL:https://inspiry.co.nz/wp-content/uploads/2021/Arte-fixes/UF-FP1042-4.jpg Reason:Error getting remote image https://inspiry.co.nz/wp-content/uploads/2021/Arte-fixes/UF-FP1042-4.jpg. Error: Not Found
06-14-2021 @ 18:15:52 - Image URL:https://inspiry.co.nz/wp-content/uploads/2021/Arte-fixes/UF-FP1042-5.jpg
06-14-2021 @ 18:15:53 - URL:https://inspiry.co.nz/wp-content/uploads/2021/Arte-fixes/UF-FP1042-5.jpg Reason:Error getting remote image https://inspiry.co.nz/wp-content/uploads/2021/Arte-fixes/UF-FP1042-5.jpg. Error: Not Found
06-14-2021 @ 18:15:53 - Image URL:https://inspiry.co.nz/wp-content/uploads/2021/Arte-fixes/UF-FP1042-6.jpg
06-14-2021 @ 18:15:54 - URL:https://inspiry.co.nz/wp-content/uploads/2021/Arte-fixes/UF-FP1042-6.jpg Reason:Error getting remote image https://inspiry.co.nz/wp-content/uploads/2021/Arte-fixes/UF-FP1042-6.jpg. Error: Not Found
06-14-2021 @ 18:15:54 - Row :4 - Product updated successfully.
06-14-2021 @ 18:15:54 - Row :5 - Parsing item.
06-14-2021 @ 18:15:54 - Row :5 - Processing item.
06-14-2021 @ 18:15:54 - Found simple product object. ID:407759
06-14-2021 @ 18:15:54 - Setting Featured Image. URL:https://inspiry.co.nz/wp-content/uploads/2021/Arte-fixes/UF-FP1043.jpg
06-14-2021 @ 18:15:55 - Attachment ID:445662
06-14-2021 @ 18:15:55 - Setting Gallery Images.
06-14-2021 @ 18:15:55 - Image URL:https://inspiry.co.nz/wp-content/uploads/2021/Arte-fixes/UF-FP1043-1.jpg
06-14-2021 @ 18:15:55 - Attachment ID:445663
06-14-2021 @ 18:15:55 - Image URL:https://inspiry.co.nz/wp-content/uploads/2021/Arte-fixes/UF-FP1043-2.jpg
06-14-2021 @ 18:15:56 - Attachment ID:445664
06-14-2021 @ 18:15:56 - Image URL:https://inspiry.co.nz/wp-content/uploads/2021/Arte-fixes/UF-FP1043-3.jpg
06-14-2021 @ 18:15:56 - URL:https://inspiry.co.nz/wp-content/uploads/2021/Arte-fixes/UF-FP1043-3.jpg Reason:Error getting remote image https://inspiry.co.nz/wp-content/uploads/2021/Arte-fixes/UF-FP1043-3.jpg. Error: Not Found
06-14-2021 @ 18:15:56 - Image URL:https://inspiry.co.nz/wp-content/uploads/2021/Arte-fixes/UF-FP1043-4.jpg
06-14-2021 @ 18:15:57 - URL:https://inspiry.co.nz/wp-content/uploads/2021/Arte-fixes/UF-FP1043-4.jpg Reason:Error getting remote image https://inspiry.co.nz/wp-content/uploads/2021/Arte-fixes/UF-FP1043-4.jpg. Error: Not Found
06-14-2021 @ 18:15:57 - Image URL:https://inspiry.co.nz/wp-content/uploads/2021/Arte-fixes/UF-FP1043-5.jpg
06-14-2021 @ 18:15:58 - URL:https://inspiry.co.nz/wp-content/uploads/2021/Arte-fixes/UF-FP1043-5.jpg Reason:Error getting remote image https://inspiry.co.nz/wp-content/uploads/2021/Arte-fixes/UF-FP1043-5.jpg. Error: Not Found
06-14-2021 @ 18:15:58 - Image URL:https://inspiry.co.nz/wp-content/uploads/2021/Arte-fixes/UF-FP1043-6.jpg
06-14-2021 @ 18:15:59 - URL:https://inspiry.co.nz/wp-content/uploads/2021/Arte-fixes/UF-FP1043-6.jpg Reason:Error getting remote image https://inspiry.co.nz/wp-content/uploads/2021/Arte-fixes/UF-FP1043-6.jpg. Error: Not Found
06-14-2021 @ 18:15:59 - Row :5 - Product updated successfully.
06-14-2021 @ 18:15:59 - Row :6 - Parsing item.
06-14-2021 @ 18:15:59 - Row :6 - Processing item.
06-14-2021 @ 18:15:59 - Found simple product object. ID:442059
06-14-2021 @ 18:15:59 - Setting Featured Image. URL:https://inspiry.co.nz/wp-content/uploads/2021/Arte-fixes/UF-11020.jpg
06-14-2021 @ 18:16:00 - Attachment ID:445665
06-14-2021 @ 18:16:00 - Setting Gallery Images.
06-14-2021 @ 18:16:00 - Image URL:https://inspiry.co.nz/wp-content/uploads/2021/Arte-fixes/UF-11020-1.jpg
06-14-2021 @ 18:16:00 - Attachment ID:445666
06-14-2021 @ 18:16:00 - Image URL:https://inspiry.co.nz/wp-content/uploads/2021/Arte-fixes/UF-11020-2.jpg
06-14-2021 @ 18:16:01 - Attachment ID:445667
06-14-2021 @ 18:16:01 - Image URL:https://inspiry.co.nz/wp-content/uploads/2021/Arte-fixes/UF-11020-3.jpg
06-14-2021 @ 18:16:02 - URL:https://inspiry.co.nz/wp-content/uploads/2021/Arte-fixes/UF-11020-3.jpg Reason:Error getting remote image https://inspiry.co.nz/wp-content/uploads/2021/Arte-fixes/UF-11020-3.jpg. Error: Not Found
06-14-2021 @ 18:16:02 - Image URL:https://inspiry.co.nz/wp-content/uploads/2021/Arte-fixes/UF-11020-4.jpg
06-14-2021 @ 18:16:03 - URL:https://inspiry.co.nz/wp-content/uploads/2021/Arte-fixes/UF-11020-4.jpg Reason:Error getting remote image https://inspiry.co.nz/wp-content/uploads/2021/Arte-fixes/UF-11020-4.jpg. Error: Not Found
06-14-2021 @ 18:16:03 - Image URL:https://inspiry.co.nz/wp-content/uploads/2021/Arte-fixes/UF-11020-5.jpg
06-14-2021 @ 18:16:04 - URL:https://inspiry.co.nz/wp-content/uploads/2021/Arte-fixes/UF-11020-5.jpg Reason:Error getting remote image https://inspiry.co.nz/wp-content/uploads/2021/Arte-fixes/UF-11020-5.jpg. Error: Not Found
06-14-2021 @ 18:16:04 - Image URL:https://inspiry.co.nz/wp-content/uploads/2021/Arte-fixes/UF-11020-6.jpg
06-14-2021 @ 18:16:05 - URL:https://inspiry.co.nz/wp-content/uploads/2021/Arte-fixes/UF-11020-6.jpg Reason:Error getting remote image https://inspiry.co.nz/wp-content/uploads/2021/Arte-fixes/UF-11020-6.jpg. Error: Not Found
06-14-2021 @ 18:16:05 - Row :6 - Product updated successfully.
06-14-2021 @ 18:16:05 - Row :7 - Parsing item.
06-14-2021 @ 18:16:05 - Row :7 - Processing item.
06-14-2021 @ 18:16:05 - Found simple product object. ID:442060
06-14-2021 @ 18:16:05 - Setting Featured Image. URL:https://inspiry.co.nz/wp-content/uploads/2021/Arte-fixes/UF-11021.jpg
06-14-2021 @ 18:16:06 - Attachment ID:445668
06-14-2021 @ 18:16:06 - Setting Gallery Images.
06-14-2021 @ 18:16:06 - Image URL:https://inspiry.co.nz/wp-content/uploads/2021/Arte-fixes/UF-11021-1.jpg
06-14-2021 @ 18:16:06 - Attachment ID:445669
06-14-2021 @ 18:16:06 - Image URL:https://inspiry.co.nz/wp-content/uploads/2021/Arte-fixes/UF-11021-2.jpg
06-14-2021 @ 18:16:07 - Attachment ID:445670
06-14-2021 @ 18:16:07 - Image URL:https://inspiry.co.nz/wp-content/uploads/2021/Arte-fixes/UF-11021-3.jpg
06-14-2021 @ 18:16:08 - URL:https://inspiry.co.nz/wp-content/uploads/2021/Arte-fixes/UF-11021-3.jpg Reason:Error getting remote image https://inspiry.co.nz/wp-content/uploads/2021/Arte-fixes/UF-11021-3.jpg. Error: Not Found
06-14-2021 @ 18:16:08 - Image URL:https://inspiry.co.nz/wp-content/uploads/2021/Arte-fixes/UF-11021-4.jpg
06-14-2021 @ 18:16:09 - URL:https://inspiry.co.nz/wp-content/uploads/2021/Arte-fixes/UF-11021-4.jpg Reason:Error getting remote image https://inspiry.co.nz/wp-content/uploads/2021/Arte-fixes/UF-11021-4.jpg. Error: Not Found
06-14-2021 @ 18:16:09 - Image URL:https://inspiry.co.nz/wp-content/uploads/2021/Arte-fixes/UF-11021-5.jpg
06-14-2021 @ 18:16:10 - URL:https://inspiry.co.nz/wp-content/uploads/2021/Arte-fixes/UF-11021-5.jpg Reason:Error getting remote image https://inspiry.co.nz/wp-content/uploads/2021/Arte-fixes/UF-11021-5.jpg. Error: Not Found
06-14-2021 @ 18:16:10 - Image URL:https://inspiry.co.nz/wp-content/uploads/2021/Arte-fixes/UF-11021-6.jpg
06-14-2021 @ 18:16:11 - URL:https://inspiry.co.nz/wp-content/uploads/2021/Arte-fixes/UF-11021-6.jpg Reason:Error getting remote image https://inspiry.co.nz/wp-content/uploads/2021/Arte-fixes/UF-11021-6.jpg. Error: Not Found
06-14-2021 @ 18:16:11 - Row :7 - Product updated successfully.
06-14-2021 @ 18:16:11 - Row :8 - Parsing item.
06-14-2021 @ 18:16:11 - Row :8 - Processing item.
06-14-2021 @ 18:16:11 - Found simple product object. ID:442061
06-14-2021 @ 18:16:11 - Setting Featured Image. URL:https://inspiry.co.nz/wp-content/uploads/2021/Arte-fixes/UF-11022.jpg
06-14-2021 @ 18:16:12 - Attachment ID:445671
06-14-2021 @ 18:16:12 - Setting Gallery Images.
06-14-2021 @ 18:16:12 - Image URL:https://inspiry.co.nz/wp-content/uploads/2021/Arte-fixes/UF-11022-1.jpg
06-14-2021 @ 18:16:12 - Attachment ID:445672
06-14-2021 @ 18:16:12 - Image URL:https://inspiry.co.nz/wp-content/uploads/2021/Arte-fixes/UF-11022-2.jpg
06-14-2021 @ 18:16:13 - Attachment ID:445673
06-14-2021 @ 18:16:13 - Image URL:https://inspiry.co.nz/wp-content/uploads/2021/Arte-fixes/UF-11022-3.jpg
06-14-2021 @ 18:16:14 - URL:https://inspiry.co.nz/wp-content/uploads/2021/Arte-fixes/UF-11022-3.jpg Reason:Error getting remote image https://inspiry.co.nz/wp-content/uploads/2021/Arte-fixes/UF-11022-3.jpg. Error: Not Found
06-14-2021 @ 18:16:14 - Image URL:https://inspiry.co.nz/wp-content/uploads/2021/Arte-fixes/UF-11022-4.jpg
06-14-2021 @ 18:16:15 - URL:https://inspiry.co.nz/wp-content/uploads/2021/Arte-fixes/UF-11022-4.jpg Reason:Error getting remote image https://inspiry.co.nz/wp-content/uploads/2021/Arte-fixes/UF-11022-4.jpg. Error: Not Found
06-14-2021 @ 18:16:15 - Image URL:https://inspiry.co.nz/wp-content/uploads/2021/Arte-fixes/UF-11022-5.jpg
06-14-2021 @ 18:16:15 - URL:https://inspiry.co.nz/wp-content/uploads/2021/Arte-fixes/UF-11022-5.jpg Reason:Error getting remote image https://inspiry.co.nz/wp-content/uploads/2021/Arte-fixes/UF-11022-5.jpg. Error: Not Found
06-14-2021 @ 18:16:15 - Image URL:https://inspiry.co.nz/wp-content/uploads/2021/Arte-fixes/UF-11022-6.jpg
06-14-2021 @ 18:16:16 - URL:https://inspiry.co.nz/wp-content/uploads/2021/Arte-fixes/UF-11022-6.jpg Reason:Error getting remote image https://inspiry.co.nz/wp-content/uploads/2021/Arte-fixes/UF-11022-6.jpg. Error: Not Found
06-14-2021 @ 18:16:17 - Row :8 - Product updated successfully.
06-14-2021 @ 18:16:17 - ---[ Import ended at 2021-06-14 06:16:17]---
