06-17-2021 @ 16:25:28 - ---[ New import started at 2021-06-17 04:25:28 ] PHP Memory: 768 MB, WP Memory: 40 MB
06-17-2021 @ 16:25:28 - Preparing for import.
06-17-2021 @ 16:25:28 - Row :1 - Parsing item.
06-17-2021 @ 16:25:28 - Row :1 - Processing item.
06-17-2021 @ 16:25:28 - Found simple product object. ID:445693
06-17-2021 @ 16:25:28 - Setting Featured Image. URL:https://inspiry.co.nz/wp-content/uploads/2021/basford-brands/MK-DUN-300UNCBA.jpg
06-17-2021 @ 16:25:30 - Attachment ID:445788
06-17-2021 @ 16:25:30 - Setting Gallery Images.
06-17-2021 @ 16:25:30 - Image URL:https://inspiry.co.nz/wp-content/uploads/2021/basford-brands/MK-DUN-300UNCBA-1.jpg
06-17-2021 @ 16:25:33 - Attachment ID:445869
06-17-2021 @ 16:25:33 - Image URL:https://inspiry.co.nz/wp-content/uploads/2021/basford-brands/MK-DUN-300UNCBA-2.jpg
06-17-2021 @ 16:25:38 - URL:https://inspiry.co.nz/wp-content/uploads/2021/basford-brands/MK-DUN-300UNCBA-2.jpg Reason:Error getting remote image https://inspiry.co.nz/wp-content/uploads/2021/basford-brands/MK-DUN-300UNCBA-2.jpg. Error: Not Found
06-17-2021 @ 16:25:38 - Row :1 - Product updated successfully.
06-17-2021 @ 16:25:38 - Row :2 - Parsing item.
06-17-2021 @ 16:25:38 - Row :2 - Processing item.
06-17-2021 @ 16:25:38 - Found simple product object. ID:445694
06-17-2021 @ 16:25:38 - Setting Featured Image. URL:https://inspiry.co.nz/wp-content/uploads/2021/basford-brands/MK-DUN-300UNCBS.jpg
06-17-2021 @ 16:25:39 - Attachment ID:445789
06-17-2021 @ 16:25:39 - Setting Gallery Images.
06-17-2021 @ 16:25:39 - Image URL:https://inspiry.co.nz/wp-content/uploads/2021/basford-brands/MK-DUN-300UNCBS-1.jpg
06-17-2021 @ 16:25:39 - Attachment ID:445870
06-17-2021 @ 16:25:39 - Image URL:https://inspiry.co.nz/wp-content/uploads/2021/basford-brands/MK-DUN-300UNCBS-2.jpg
06-17-2021 @ 16:25:44 - URL:https://inspiry.co.nz/wp-content/uploads/2021/basford-brands/MK-DUN-300UNCBS-2.jpg Reason:Error getting remote image https://inspiry.co.nz/wp-content/uploads/2021/basford-brands/MK-DUN-300UNCBS-2.jpg. Error: Not Found
06-17-2021 @ 16:25:45 - Row :2 - Product updated successfully.
06-17-2021 @ 16:25:45 - Row :3 - Parsing item.
06-17-2021 @ 16:25:45 - Row :3 - Processing item.
06-17-2021 @ 16:25:45 - Found simple product object. ID:445695
06-17-2021 @ 16:25:45 - Setting Featured Image. URL:https://inspiry.co.nz/wp-content/uploads/2021/basford-brands/MK-DUN-300UNCBL.jpg
06-17-2021 @ 16:25:45 - Attachment ID:445790
06-17-2021 @ 16:25:45 - Setting Gallery Images.
06-17-2021 @ 16:25:45 - Image URL:https://inspiry.co.nz/wp-content/uploads/2021/basford-brands/MK-DUN-300UNCBL-1.jpg
06-17-2021 @ 16:25:46 - Attachment ID:445871
06-17-2021 @ 16:25:46 - Image URL:https://inspiry.co.nz/wp-content/uploads/2021/basford-brands/MK-DUN-300UNCBL-2.jpg
06-17-2021 @ 16:25:52 - URL:https://inspiry.co.nz/wp-content/uploads/2021/basford-brands/MK-DUN-300UNCBL-2.jpg Reason:Error getting remote image https://inspiry.co.nz/wp-content/uploads/2021/basford-brands/MK-DUN-300UNCBL-2.jpg. Error: Not Found
06-17-2021 @ 16:25:52 - Row :3 - Product updated successfully.
06-17-2021 @ 16:25:52 - Row :4 - Parsing item.
06-17-2021 @ 16:25:52 - Row :4 - Processing item.
06-17-2021 @ 16:25:52 - Found simple product object. ID:445696
06-17-2021 @ 16:25:52 - Setting Featured Image. URL:https://inspiry.co.nz/wp-content/uploads/2021/basford-brands/MK-DUN-300UNCCL.jpg
06-17-2021 @ 16:25:52 - Attachment ID:445791
06-17-2021 @ 16:25:52 - Setting Gallery Images.
06-17-2021 @ 16:25:52 - Image URL:https://inspiry.co.nz/wp-content/uploads/2021/basford-brands/MK-DUN-300UNCCL-1.jpg
06-17-2021 @ 16:25:54 - Attachment ID:445872
06-17-2021 @ 16:25:54 - Image URL:https://inspiry.co.nz/wp-content/uploads/2021/basford-brands/MK-DUN-300UNCCL-2.jpg
06-17-2021 @ 16:25:57 - URL:https://inspiry.co.nz/wp-content/uploads/2021/basford-brands/MK-DUN-300UNCCL-2.jpg Reason:Error getting remote image https://inspiry.co.nz/wp-content/uploads/2021/basford-brands/MK-DUN-300UNCCL-2.jpg. Error: Not Found
06-17-2021 @ 16:25:57 - Row :4 - Product updated successfully.
06-17-2021 @ 16:25:57 - Row :5 - Parsing item.
06-17-2021 @ 16:25:57 - Row :5 - Processing item.
06-17-2021 @ 16:25:57 - Found simple product object. ID:445697
06-17-2021 @ 16:25:57 - Setting Featured Image. URL:https://inspiry.co.nz/wp-content/uploads/2021/basford-brands/MK-DUN-300UNCDO.jpg
06-17-2021 @ 16:25:58 - Attachment ID:445792
06-17-2021 @ 16:25:58 - Setting Gallery Images.
06-17-2021 @ 16:25:58 - Image URL:https://inspiry.co.nz/wp-content/uploads/2021/basford-brands/MK-DUN-300UNCDO-1.jpg
06-17-2021 @ 16:25:59 - Attachment ID:445873
06-17-2021 @ 16:25:59 - Image URL:https://inspiry.co.nz/wp-content/uploads/2021/basford-brands/MK-DUN-300UNCDO-2.jpg
06-17-2021 @ 16:26:00 - URL:https://inspiry.co.nz/wp-content/uploads/2021/basford-brands/MK-DUN-300UNCDO-2.jpg Reason:Error getting remote image https://inspiry.co.nz/wp-content/uploads/2021/basford-brands/MK-DUN-300UNCDO-2.jpg. Error: Not Found
06-17-2021 @ 16:26:01 - Row :5 - Product updated successfully.
06-17-2021 @ 16:26:01 - Row :6 - Parsing item.
06-17-2021 @ 16:26:01 - Row :6 - Processing item.
06-17-2021 @ 16:26:01 - Found simple product object. ID:445698
06-17-2021 @ 16:26:01 - Setting Featured Image. URL:https://inspiry.co.nz/wp-content/uploads/2021/basford-brands/MK-DUN-300UNCDU.jpg
06-17-2021 @ 16:26:01 - Attachment ID:445793
06-17-2021 @ 16:26:01 - Setting Gallery Images.
06-17-2021 @ 16:26:01 - Image URL:https://inspiry.co.nz/wp-content/uploads/2021/basford-brands/MK-DUN-300UNCDU-1.jpg
06-17-2021 @ 16:26:02 - Attachment ID:445874
06-17-2021 @ 16:26:02 - Image URL:https://inspiry.co.nz/wp-content/uploads/2021/basford-brands/MK-DUN-300UNCDU-2.jpg
06-17-2021 @ 16:26:04 - URL:https://inspiry.co.nz/wp-content/uploads/2021/basford-brands/MK-DUN-300UNCDU-2.jpg Reason:Error getting remote image https://inspiry.co.nz/wp-content/uploads/2021/basford-brands/MK-DUN-300UNCDU-2.jpg. Error: Not Found
06-17-2021 @ 16:26:04 - Row :6 - Product updated successfully.
06-17-2021 @ 16:26:04 - Row :7 - Parsing item.
06-17-2021 @ 16:26:05 - Row :7 - Processing item.
06-17-2021 @ 16:26:05 - Found simple product object. ID:445699
06-17-2021 @ 16:26:05 - Setting Featured Image. URL:https://inspiry.co.nz/wp-content/uploads/2021/basford-brands/MK-DUN-300UNCFL.jpg
06-17-2021 @ 16:26:05 - Attachment ID:445794
06-17-2021 @ 16:26:05 - Setting Gallery Images.
06-17-2021 @ 16:26:05 - Image URL:https://inspiry.co.nz/wp-content/uploads/2021/basford-brands/MK-DUN-300UNCFL-1.jpg
06-17-2021 @ 16:26:06 - Attachment ID:445875
06-17-2021 @ 16:26:06 - Image URL:https://inspiry.co.nz/wp-content/uploads/2021/basford-brands/MK-DUN-300UNCFL-2.jpg
06-17-2021 @ 16:26:07 - URL:https://inspiry.co.nz/wp-content/uploads/2021/basford-brands/MK-DUN-300UNCFL-2.jpg Reason:Error getting remote image https://inspiry.co.nz/wp-content/uploads/2021/basford-brands/MK-DUN-300UNCFL-2.jpg. Error: Not Found
06-17-2021 @ 16:26:08 - Row :7 - Product updated successfully.
06-17-2021 @ 16:26:08 - Row :8 - Parsing item.
06-17-2021 @ 16:26:08 - Row :8 - Processing item.
06-17-2021 @ 16:26:08 - Found simple product object. ID:445700
06-17-2021 @ 16:26:08 - Setting Featured Image. URL:https://inspiry.co.nz/wp-content/uploads/2021/basford-brands/MK-DUN-300UNCJU.jpg
06-17-2021 @ 16:26:08 - Attachment ID:445795
06-17-2021 @ 16:26:08 - Setting Gallery Images.
06-17-2021 @ 16:26:08 - Image URL:https://inspiry.co.nz/wp-content/uploads/2021/basford-brands/MK-DUN-300UNCJU-1.jpg
06-17-2021 @ 16:26:09 - Attachment ID:445876
06-17-2021 @ 16:26:09 - Image URL:https://inspiry.co.nz/wp-content/uploads/2021/basford-brands/MK-DUN-300UNCJU-2.jpg
06-17-2021 @ 16:26:11 - URL:https://inspiry.co.nz/wp-content/uploads/2021/basford-brands/MK-DUN-300UNCJU-2.jpg Reason:Error getting remote image https://inspiry.co.nz/wp-content/uploads/2021/basford-brands/MK-DUN-300UNCJU-2.jpg. Error: Not Found
06-17-2021 @ 16:26:11 - Row :8 - Product updated successfully.
06-17-2021 @ 16:26:11 - Row :9 - Parsing item.
06-17-2021 @ 16:26:12 - Row :9 - Processing item.
06-17-2021 @ 16:26:12 - Found simple product object. ID:445701
06-17-2021 @ 16:26:12 - Setting Featured Image. URL:https://inspiry.co.nz/wp-content/uploads/2021/basford-brands/MK-DUN-300UNCMI.jpg
06-17-2021 @ 16:26:12 - Attachment ID:445796
06-17-2021 @ 16:26:12 - Setting Gallery Images.
06-17-2021 @ 16:26:12 - Image URL:https://inspiry.co.nz/wp-content/uploads/2021/basford-brands/MK-DUN-300UNCMI-1.jpg
06-17-2021 @ 16:26:13 - Attachment ID:445877
06-17-2021 @ 16:26:13 - Image URL:https://inspiry.co.nz/wp-content/uploads/2021/basford-brands/MK-DUN-300UNCMI-2.jpg
06-17-2021 @ 16:26:14 - URL:https://inspiry.co.nz/wp-content/uploads/2021/basford-brands/MK-DUN-300UNCMI-2.jpg Reason:Error getting remote image https://inspiry.co.nz/wp-content/uploads/2021/basford-brands/MK-DUN-300UNCMI-2.jpg. Error: Not Found
06-17-2021 @ 16:26:15 - Row :9 - Product updated successfully.
06-17-2021 @ 16:26:15 - Row :10 - Parsing item.
06-17-2021 @ 16:26:15 - Row :10 - Processing item.
06-17-2021 @ 16:26:15 - Found simple product object. ID:445702
06-17-2021 @ 16:26:15 - Setting Featured Image. URL:https://inspiry.co.nz/wp-content/uploads/2021/basford-brands/MK-DUN-300UNCPA.jpg
06-17-2021 @ 16:26:16 - Attachment ID:445797
06-17-2021 @ 16:26:16 - Setting Gallery Images.
06-17-2021 @ 16:26:16 - Image URL:https://inspiry.co.nz/wp-content/uploads/2021/basford-brands/MK-DUN-300UNCPA-1.jpg
06-17-2021 @ 16:26:16 - Attachment ID:445878
06-17-2021 @ 16:26:16 - Image URL:https://inspiry.co.nz/wp-content/uploads/2021/basford-brands/MK-DUN-300UNCPA-2.jpg
06-17-2021 @ 16:26:18 - URL:https://inspiry.co.nz/wp-content/uploads/2021/basford-brands/MK-DUN-300UNCPA-2.jpg Reason:Error getting remote image https://inspiry.co.nz/wp-content/uploads/2021/basford-brands/MK-DUN-300UNCPA-2.jpg. Error: Not Found
06-17-2021 @ 16:26:18 - Row :10 - Product updated successfully.
06-17-2021 @ 16:26:20 - Preparing for import.
06-17-2021 @ 16:26:20 - Row :11 - Parsing item.
06-17-2021 @ 16:26:20 - Row :11 - Processing item.
06-17-2021 @ 16:26:20 - Found simple product object. ID:445703
06-17-2021 @ 16:26:20 - Setting Featured Image. URL:https://inspiry.co.nz/wp-content/uploads/2021/basford-brands/MK-DUN-300UNCPE.jpg
06-17-2021 @ 16:26:20 - Attachment ID:445798
06-17-2021 @ 16:26:20 - Setting Gallery Images.
06-17-2021 @ 16:26:20 - Image URL:https://inspiry.co.nz/wp-content/uploads/2021/basford-brands/MK-DUN-300UNCPE-1.jpg
06-17-2021 @ 16:26:21 - Attachment ID:445879
06-17-2021 @ 16:26:21 - Image URL:https://inspiry.co.nz/wp-content/uploads/2021/basford-brands/MK-DUN-300UNCPE-2.jpg
06-17-2021 @ 16:26:23 - URL:https://inspiry.co.nz/wp-content/uploads/2021/basford-brands/MK-DUN-300UNCPE-2.jpg Reason:Error getting remote image https://inspiry.co.nz/wp-content/uploads/2021/basford-brands/MK-DUN-300UNCPE-2.jpg. Error: Not Found
06-17-2021 @ 16:26:23 - Row :11 - Product updated successfully.
06-17-2021 @ 16:26:23 - Row :12 - Parsing item.
06-17-2021 @ 16:26:23 - Row :12 - Processing item.
06-17-2021 @ 16:26:23 - Found simple product object. ID:445704
06-17-2021 @ 16:26:23 - Setting Featured Image. URL:https://inspiry.co.nz/wp-content/uploads/2021/basford-brands/MK-DUN-300UNCSL.jpg
06-17-2021 @ 16:26:23 - Attachment ID:445799
06-17-2021 @ 16:26:23 - Setting Gallery Images.
06-17-2021 @ 16:26:23 - Image URL:https://inspiry.co.nz/wp-content/uploads/2021/basford-brands/MK-DUN-300UNCSL-1.jpg
06-17-2021 @ 16:26:24 - Attachment ID:445880
06-17-2021 @ 16:26:24 - Image URL:https://inspiry.co.nz/wp-content/uploads/2021/basford-brands/MK-DUN-300UNCSL-2.jpg
06-17-2021 @ 16:26:26 - URL:https://inspiry.co.nz/wp-content/uploads/2021/basford-brands/MK-DUN-300UNCSL-2.jpg Reason:Error getting remote image https://inspiry.co.nz/wp-content/uploads/2021/basford-brands/MK-DUN-300UNCSL-2.jpg. Error: Not Found
06-17-2021 @ 16:26:26 - Row :12 - Product updated successfully.
06-17-2021 @ 16:26:26 - Row :13 - Parsing item.
06-17-2021 @ 16:26:27 - Row :13 - Processing item.
06-17-2021 @ 16:26:27 - Found simple product object. ID:445705
06-17-2021 @ 16:26:27 - Setting Featured Image. URL:https://inspiry.co.nz/wp-content/uploads/2021/basford-brands/MK-DUN-300UNCST.jpg
06-17-2021 @ 16:26:27 - Attachment ID:445800
06-17-2021 @ 16:26:27 - Setting Gallery Images.
06-17-2021 @ 16:26:27 - Image URL:https://inspiry.co.nz/wp-content/uploads/2021/basford-brands/MK-DUN-300UNCST-1.jpg
06-17-2021 @ 16:26:28 - Attachment ID:445881
06-17-2021 @ 16:26:28 - Image URL:https://inspiry.co.nz/wp-content/uploads/2021/basford-brands/MK-DUN-300UNCST-2.jpg
06-17-2021 @ 16:26:29 - URL:https://inspiry.co.nz/wp-content/uploads/2021/basford-brands/MK-DUN-300UNCST-2.jpg Reason:Error getting remote image https://inspiry.co.nz/wp-content/uploads/2021/basford-brands/MK-DUN-300UNCST-2.jpg. Error: Not Found
06-17-2021 @ 16:26:30 - Row :13 - Product updated successfully.
06-17-2021 @ 16:26:30 - Row :14 - Parsing item.
06-17-2021 @ 16:26:30 - Row :14 - Processing item.
06-17-2021 @ 16:26:30 - Found simple product object. ID:445706
06-17-2021 @ 16:26:30 - Setting Featured Image. URL:https://inspiry.co.nz/wp-content/uploads/2021/basford-brands/MK-KIN-300UNCAW.jpg
06-17-2021 @ 16:26:30 - Attachment ID:445801
06-17-2021 @ 16:26:30 - Setting Gallery Images.
06-17-2021 @ 16:26:30 - Image URL:https://inspiry.co.nz/wp-content/uploads/2021/basford-brands/MK-KIN-300UNCAW-1.jpg
06-17-2021 @ 16:26:31 - Attachment ID:445882
06-17-2021 @ 16:26:31 - Image URL:https://inspiry.co.nz/wp-content/uploads/2021/basford-brands/MK-KIN-300UNCAW-2.jpg
06-17-2021 @ 16:26:32 - URL:https://inspiry.co.nz/wp-content/uploads/2021/basford-brands/MK-KIN-300UNCAW-2.jpg Reason:Error getting remote image https://inspiry.co.nz/wp-content/uploads/2021/basford-brands/MK-KIN-300UNCAW-2.jpg. Error: Not Found
06-17-2021 @ 16:26:33 - Row :14 - Product updated successfully.
06-17-2021 @ 16:26:33 - Row :15 - Parsing item.
06-17-2021 @ 16:26:33 - Row :15 - Processing item.
06-17-2021 @ 16:26:33 - Found simple product object. ID:445707
06-17-2021 @ 16:26:33 - Setting Featured Image. URL:https://inspiry.co.nz/wp-content/uploads/2021/basford-brands/MK-KIN-300UNCBA.jpg
06-17-2021 @ 16:26:33 - Attachment ID:445802
06-17-2021 @ 16:26:33 - Setting Gallery Images.
06-17-2021 @ 16:26:33 - Image URL:https://inspiry.co.nz/wp-content/uploads/2021/basford-brands/MK-KIN-300UNCBA-1.jpg
06-17-2021 @ 16:26:34 - Attachment ID:445883
06-17-2021 @ 16:26:34 - Image URL:https://inspiry.co.nz/wp-content/uploads/2021/basford-brands/MK-KIN-300UNCBA-2.jpg
06-17-2021 @ 16:26:35 - URL:https://inspiry.co.nz/wp-content/uploads/2021/basford-brands/MK-KIN-300UNCBA-2.jpg Reason:Error getting remote image https://inspiry.co.nz/wp-content/uploads/2021/basford-brands/MK-KIN-300UNCBA-2.jpg. Error: Not Found
06-17-2021 @ 16:26:35 - Row :15 - Product updated successfully.
06-17-2021 @ 16:26:35 - Row :16 - Parsing item.
06-17-2021 @ 16:26:36 - Row :16 - Processing item.
06-17-2021 @ 16:26:36 - Found simple product object. ID:445708
06-17-2021 @ 16:26:36 - Setting Featured Image. URL:https://inspiry.co.nz/wp-content/uploads/2021/basford-brands/MK-KIN-300UNCBS.jpg
06-17-2021 @ 16:26:36 - Attachment ID:445803
06-17-2021 @ 16:26:36 - Setting Gallery Images.
06-17-2021 @ 16:26:36 - Image URL:https://inspiry.co.nz/wp-content/uploads/2021/basford-brands/MK-KIN-300UNCBS-1.jpg
06-17-2021 @ 16:26:37 - Attachment ID:445884
06-17-2021 @ 16:26:37 - Image URL:https://inspiry.co.nz/wp-content/uploads/2021/basford-brands/MK-KIN-300UNCBS-2.jpg
06-17-2021 @ 16:26:38 - URL:https://inspiry.co.nz/wp-content/uploads/2021/basford-brands/MK-KIN-300UNCBS-2.jpg Reason:Error getting remote image https://inspiry.co.nz/wp-content/uploads/2021/basford-brands/MK-KIN-300UNCBS-2.jpg. Error: Not Found
06-17-2021 @ 16:26:38 - Row :16 - Product updated successfully.
06-17-2021 @ 16:26:38 - Row :17 - Parsing item.
06-17-2021 @ 16:26:38 - Row :17 - Processing item.
06-17-2021 @ 16:26:38 - Found simple product object. ID:445709
06-17-2021 @ 16:26:38 - Setting Featured Image. URL:https://inspiry.co.nz/wp-content/uploads/2021/basford-brands/MK-KIN-300UNCBL.jpg
06-17-2021 @ 16:26:39 - Attachment ID:445804
06-17-2021 @ 16:26:39 - Setting Gallery Images.
06-17-2021 @ 16:26:39 - Image URL:https://inspiry.co.nz/wp-content/uploads/2021/basford-brands/MK-KIN-300UNCBL-1.jpg
06-17-2021 @ 16:26:39 - Attachment ID:445885
06-17-2021 @ 16:26:39 - Image URL:https://inspiry.co.nz/wp-content/uploads/2021/basford-brands/MK-KIN-300UNCBL-2.jpg
06-17-2021 @ 16:26:41 - URL:https://inspiry.co.nz/wp-content/uploads/2021/basford-brands/MK-KIN-300UNCBL-2.jpg Reason:Error getting remote image https://inspiry.co.nz/wp-content/uploads/2021/basford-brands/MK-KIN-300UNCBL-2.jpg. Error: Not Found
06-17-2021 @ 16:26:41 - Row :17 - Product updated successfully.
06-17-2021 @ 16:26:41 - Row :18 - Parsing item.
06-17-2021 @ 16:26:41 - Row :18 - Processing item.
06-17-2021 @ 16:26:41 - Found simple product object. ID:445710
06-17-2021 @ 16:26:41 - Setting Featured Image. URL:https://inspiry.co.nz/wp-content/uploads/2021/basford-brands/MK-KIN-300UNCCL.jpg
06-17-2021 @ 16:26:42 - Attachment ID:445805
06-17-2021 @ 16:26:42 - Setting Gallery Images.
06-17-2021 @ 16:26:42 - Image URL:https://inspiry.co.nz/wp-content/uploads/2021/basford-brands/MK-KIN-300UNCCL-1.jpg
06-17-2021 @ 16:26:42 - Attachment ID:445886
06-17-2021 @ 16:26:42 - Image URL:https://inspiry.co.nz/wp-content/uploads/2021/basford-brands/MK-KIN-300UNCCL-2.jpg
06-17-2021 @ 16:26:44 - URL:https://inspiry.co.nz/wp-content/uploads/2021/basford-brands/MK-KIN-300UNCCL-2.jpg Reason:Error getting remote image https://inspiry.co.nz/wp-content/uploads/2021/basford-brands/MK-KIN-300UNCCL-2.jpg. Error: Not Found
06-17-2021 @ 16:26:44 - Row :18 - Product updated successfully.
06-17-2021 @ 16:26:44 - Row :19 - Parsing item.
06-17-2021 @ 16:26:44 - Row :19 - Processing item.
06-17-2021 @ 16:26:44 - Found simple product object. ID:445711
06-17-2021 @ 16:26:44 - Setting Featured Image. URL:https://inspiry.co.nz/wp-content/uploads/2021/basford-brands/MK-KIN-300UNCDE.jpg
06-17-2021 @ 16:26:44 - Attachment ID:445806
06-17-2021 @ 16:26:44 - Setting Gallery Images.
06-17-2021 @ 16:26:44 - Image URL:https://inspiry.co.nz/wp-content/uploads/2021/basford-brands/MK-KIN-300UNCDE-1.jpg
06-17-2021 @ 16:26:45 - Attachment ID:445887
06-17-2021 @ 16:26:45 - Image URL:https://inspiry.co.nz/wp-content/uploads/2021/basford-brands/MK-KIN-300UNCDE-2.jpg
06-17-2021 @ 16:26:47 - URL:https://inspiry.co.nz/wp-content/uploads/2021/basford-brands/MK-KIN-300UNCDE-2.jpg Reason:Error getting remote image https://inspiry.co.nz/wp-content/uploads/2021/basford-brands/MK-KIN-300UNCDE-2.jpg. Error: Not Found
06-17-2021 @ 16:26:47 - Row :19 - Product updated successfully.
06-17-2021 @ 16:26:47 - Row :20 - Parsing item.
06-17-2021 @ 16:26:47 - Row :20 - Processing item.
06-17-2021 @ 16:26:47 - Found simple product object. ID:445712
06-17-2021 @ 16:26:47 - Setting Featured Image. URL:https://inspiry.co.nz/wp-content/uploads/2021/basford-brands/MK-KIN-300UNCDO.jpg
06-17-2021 @ 16:26:47 - Attachment ID:445807
06-17-2021 @ 16:26:47 - Setting Gallery Images.
06-17-2021 @ 16:26:47 - Image URL:https://inspiry.co.nz/wp-content/uploads/2021/basford-brands/MK-KIN-300UNCDO-1.jpg
06-17-2021 @ 16:26:48 - Attachment ID:445888
06-17-2021 @ 16:26:48 - Image URL:https://inspiry.co.nz/wp-content/uploads/2021/basford-brands/MK-KIN-300UNCDO-2.jpg
06-17-2021 @ 16:26:49 - URL:https://inspiry.co.nz/wp-content/uploads/2021/basford-brands/MK-KIN-300UNCDO-2.jpg Reason:Error getting remote image https://inspiry.co.nz/wp-content/uploads/2021/basford-brands/MK-KIN-300UNCDO-2.jpg. Error: Not Found
06-17-2021 @ 16:26:50 - Row :20 - Product updated successfully.
06-17-2021 @ 16:26:51 - Preparing for import.
06-17-2021 @ 16:26:51 - Row :21 - Parsing item.
06-17-2021 @ 16:26:51 - Row :21 - Processing item.
06-17-2021 @ 16:26:51 - Found simple product object. ID:445713
06-17-2021 @ 16:26:51 - Setting Featured Image. URL:https://inspiry.co.nz/wp-content/uploads/2021/basford-brands/MK-KIN-300UNCDU.jpg
06-17-2021 @ 16:26:52 - Attachment ID:445808
06-17-2021 @ 16:26:52 - Setting Gallery Images.
06-17-2021 @ 16:26:52 - Image URL:https://inspiry.co.nz/wp-content/uploads/2021/basford-brands/MK-KIN-300UNCDU-1.jpg
06-17-2021 @ 16:26:52 - Attachment ID:445889
06-17-2021 @ 16:26:52 - Image URL:https://inspiry.co.nz/wp-content/uploads/2021/basford-brands/MK-KIN-300UNCDU-2.jpg
06-17-2021 @ 16:26:53 - URL:https://inspiry.co.nz/wp-content/uploads/2021/basford-brands/MK-KIN-300UNCDU-2.jpg Reason:Error getting remote image https://inspiry.co.nz/wp-content/uploads/2021/basford-brands/MK-KIN-300UNCDU-2.jpg. Error: Not Found
06-17-2021 @ 16:26:54 - Row :21 - Product updated successfully.
06-17-2021 @ 16:26:54 - Row :22 - Parsing item.
06-17-2021 @ 16:26:54 - Row :22 - Processing item.
06-17-2021 @ 16:26:54 - Found simple product object. ID:445714
06-17-2021 @ 16:26:54 - Setting Featured Image. URL:https://inspiry.co.nz/wp-content/uploads/2021/basford-brands/MK-KIN-300UNCFL.jpg
06-17-2021 @ 16:26:54 - Attachment ID:445809
06-17-2021 @ 16:26:54 - Setting Gallery Images.
06-17-2021 @ 16:26:54 - Image URL:https://inspiry.co.nz/wp-content/uploads/2021/basford-brands/MK-KIN-300UNCFL-1.jpg
06-17-2021 @ 16:26:55 - Attachment ID:445890
06-17-2021 @ 16:26:55 - Image URL:https://inspiry.co.nz/wp-content/uploads/2021/basford-brands/MK-KIN-300UNCFL-2.jpg
06-17-2021 @ 16:26:56 - URL:https://inspiry.co.nz/wp-content/uploads/2021/basford-brands/MK-KIN-300UNCFL-2.jpg Reason:Error getting remote image https://inspiry.co.nz/wp-content/uploads/2021/basford-brands/MK-KIN-300UNCFL-2.jpg. Error: Not Found
06-17-2021 @ 16:26:56 - Row :22 - Product updated successfully.
06-17-2021 @ 16:26:56 - Row :23 - Parsing item.
06-17-2021 @ 16:26:56 - Row :23 - Processing item.
06-17-2021 @ 16:26:56 - Found simple product object. ID:445715
06-17-2021 @ 16:26:56 - Setting Featured Image. URL:https://inspiry.co.nz/wp-content/uploads/2021/basford-brands/MK-KIN-300UNCJU.jpg
06-17-2021 @ 16:26:57 - Attachment ID:445810
06-17-2021 @ 16:26:57 - Setting Gallery Images.
06-17-2021 @ 16:26:57 - Image URL:https://inspiry.co.nz/wp-content/uploads/2021/basford-brands/MK-KIN-300UNCJU-1.jpg
06-17-2021 @ 16:26:57 - Attachment ID:445891
06-17-2021 @ 16:26:57 - Image URL:https://inspiry.co.nz/wp-content/uploads/2021/basford-brands/MK-KIN-300UNCJU-2.jpg
06-17-2021 @ 16:26:59 - URL:https://inspiry.co.nz/wp-content/uploads/2021/basford-brands/MK-KIN-300UNCJU-2.jpg Reason:Error getting remote image https://inspiry.co.nz/wp-content/uploads/2021/basford-brands/MK-KIN-300UNCJU-2.jpg. Error: Not Found
06-17-2021 @ 16:27:00 - Row :23 - Product updated successfully.
06-17-2021 @ 16:27:00 - Row :24 - Parsing item.
06-17-2021 @ 16:27:00 - Row :24 - Processing item.
06-17-2021 @ 16:27:00 - Found simple product object. ID:445716
06-17-2021 @ 16:27:00 - Setting Featured Image. URL:https://inspiry.co.nz/wp-content/uploads/2021/basford-brands/MK-KIN-300UNCMI.jpg
06-17-2021 @ 16:27:00 - Attachment ID:445811
06-17-2021 @ 16:27:00 - Setting Gallery Images.
06-17-2021 @ 16:27:00 - Image URL:https://inspiry.co.nz/wp-content/uploads/2021/basford-brands/MK-KIN-300UNCMI-1.jpg
06-17-2021 @ 16:27:01 - Attachment ID:445892
06-17-2021 @ 16:27:01 - Image URL:https://inspiry.co.nz/wp-content/uploads/2021/basford-brands/MK-KIN-300UNCMI-2.jpg
06-17-2021 @ 16:27:02 - URL:https://inspiry.co.nz/wp-content/uploads/2021/basford-brands/MK-KIN-300UNCMI-2.jpg Reason:Error getting remote image https://inspiry.co.nz/wp-content/uploads/2021/basford-brands/MK-KIN-300UNCMI-2.jpg. Error: Not Found
06-17-2021 @ 16:27:03 - Row :24 - Product updated successfully.
06-17-2021 @ 16:27:03 - Row :25 - Parsing item.
06-17-2021 @ 16:27:03 - Row :25 - Processing item.
06-17-2021 @ 16:27:03 - Found simple product object. ID:445717
06-17-2021 @ 16:27:03 - Setting Featured Image. URL:https://inspiry.co.nz/wp-content/uploads/2021/basford-brands/MK-KIN-300UNCPA.jpg
06-17-2021 @ 16:27:03 - Attachment ID:445812
06-17-2021 @ 16:27:03 - Setting Gallery Images.
06-17-2021 @ 16:27:03 - Image URL:https://inspiry.co.nz/wp-content/uploads/2021/basford-brands/MK-KIN-300UNCPA-1.jpg
06-17-2021 @ 16:27:04 - Attachment ID:445893
06-17-2021 @ 16:27:04 - Image URL:https://inspiry.co.nz/wp-content/uploads/2021/basford-brands/MK-KIN-300UNCPA-2.jpg
06-17-2021 @ 16:27:05 - URL:https://inspiry.co.nz/wp-content/uploads/2021/basford-brands/MK-KIN-300UNCPA-2.jpg Reason:Error getting remote image https://inspiry.co.nz/wp-content/uploads/2021/basford-brands/MK-KIN-300UNCPA-2.jpg. Error: Not Found
06-17-2021 @ 16:27:05 - Row :25 - Product updated successfully.
06-17-2021 @ 16:27:05 - Row :26 - Parsing item.
06-17-2021 @ 16:27:05 - Row :26 - Processing item.
06-17-2021 @ 16:27:05 - Found simple product object. ID:445718
06-17-2021 @ 16:27:05 - Setting Featured Image. URL:https://inspiry.co.nz/wp-content/uploads/2021/basford-brands/MK-KIN-300UNCPE.jpg
06-17-2021 @ 16:27:06 - Attachment ID:445813
06-17-2021 @ 16:27:06 - Setting Gallery Images.
06-17-2021 @ 16:27:06 - Image URL:https://inspiry.co.nz/wp-content/uploads/2021/basford-brands/MK-KIN-300UNCPE-1.jpg
06-17-2021 @ 16:27:06 - Attachment ID:445894
06-17-2021 @ 16:27:06 - Image URL:https://inspiry.co.nz/wp-content/uploads/2021/basford-brands/MK-KIN-300UNCPE-2.jpg
06-17-2021 @ 16:27:08 - URL:https://inspiry.co.nz/wp-content/uploads/2021/basford-brands/MK-KIN-300UNCPE-2.jpg Reason:Error getting remote image https://inspiry.co.nz/wp-content/uploads/2021/basford-brands/MK-KIN-300UNCPE-2.jpg. Error: Not Found
06-17-2021 @ 16:27:08 - Row :26 - Product updated successfully.
06-17-2021 @ 16:27:08 - Row :27 - Parsing item.
06-17-2021 @ 16:27:08 - Row :27 - Processing item.
06-17-2021 @ 16:27:08 - Found simple product object. ID:445719
06-17-2021 @ 16:27:08 - Setting Featured Image. URL:https://inspiry.co.nz/wp-content/uploads/2021/basford-brands/MK-KIN-300UNCRE.jpg
06-17-2021 @ 16:27:09 - Attachment ID:445814
06-17-2021 @ 16:27:09 - Setting Gallery Images.
06-17-2021 @ 16:27:09 - Image URL:https://inspiry.co.nz/wp-content/uploads/2021/basford-brands/MK-KIN-300UNCRE-1.jpg
06-17-2021 @ 16:27:09 - Attachment ID:445895
06-17-2021 @ 16:27:09 - Image URL:https://inspiry.co.nz/wp-content/uploads/2021/basford-brands/MK-KIN-300UNCRE-2.jpg
06-17-2021 @ 16:27:11 - URL:https://inspiry.co.nz/wp-content/uploads/2021/basford-brands/MK-KIN-300UNCRE-2.jpg Reason:Error getting remote image https://inspiry.co.nz/wp-content/uploads/2021/basford-brands/MK-KIN-300UNCRE-2.jpg. Error: Not Found
06-17-2021 @ 16:27:11 - Row :27 - Product updated successfully.
06-17-2021 @ 16:27:11 - Row :28 - Parsing item.
06-17-2021 @ 16:27:11 - Row :28 - Processing item.
06-17-2021 @ 16:27:11 - Found simple product object. ID:445720
06-17-2021 @ 16:27:11 - Setting Featured Image. URL:https://inspiry.co.nz/wp-content/uploads/2021/basford-brands/MK-KIN-300UNCSA.jpg
06-17-2021 @ 16:27:11 - Attachment ID:445815
06-17-2021 @ 16:27:11 - Setting Gallery Images.
06-17-2021 @ 16:27:11 - Image URL:https://inspiry.co.nz/wp-content/uploads/2021/basford-brands/MK-KIN-300UNCSA-1.jpg
06-17-2021 @ 16:27:12 - Attachment ID:445896
06-17-2021 @ 16:27:12 - Image URL:https://inspiry.co.nz/wp-content/uploads/2021/basford-brands/MK-KIN-300UNCSA-2.jpg
06-17-2021 @ 16:27:14 - URL:https://inspiry.co.nz/wp-content/uploads/2021/basford-brands/MK-KIN-300UNCSA-2.jpg Reason:Error getting remote image https://inspiry.co.nz/wp-content/uploads/2021/basford-brands/MK-KIN-300UNCSA-2.jpg. Error: Not Found
06-17-2021 @ 16:27:14 - Row :28 - Product updated successfully.
06-17-2021 @ 16:27:14 - Row :29 - Parsing item.
06-17-2021 @ 16:27:14 - Row :29 - Processing item.
06-17-2021 @ 16:27:14 - Found simple product object. ID:445721
06-17-2021 @ 16:27:14 - Setting Featured Image. URL:https://inspiry.co.nz/wp-content/uploads/2021/basford-brands/MK-KIN-300UNCSC.jpg
06-17-2021 @ 16:27:15 - Attachment ID:445816
06-17-2021 @ 16:27:15 - Setting Gallery Images.
06-17-2021 @ 16:27:15 - Image URL:https://inspiry.co.nz/wp-content/uploads/2021/basford-brands/MK-KIN-300UNCSC-1.jpg
06-17-2021 @ 16:27:15 - Attachment ID:445897
06-17-2021 @ 16:27:15 - Image URL:https://inspiry.co.nz/wp-content/uploads/2021/basford-brands/MK-KIN-300UNCSC-2.jpg
06-17-2021 @ 16:27:17 - URL:https://inspiry.co.nz/wp-content/uploads/2021/basford-brands/MK-KIN-300UNCSC-2.jpg Reason:Error getting remote image https://inspiry.co.nz/wp-content/uploads/2021/basford-brands/MK-KIN-300UNCSC-2.jpg. Error: Not Found
06-17-2021 @ 16:27:17 - Row :29 - Product updated successfully.
06-17-2021 @ 16:27:17 - Row :30 - Parsing item.
06-17-2021 @ 16:27:17 - Row :30 - Processing item.
06-17-2021 @ 16:27:17 - Found simple product object. ID:445722
06-17-2021 @ 16:27:17 - Setting Featured Image. URL:https://inspiry.co.nz/wp-content/uploads/2021/basford-brands/MK-KIN-300UNCSL.jpg
06-17-2021 @ 16:27:17 - Attachment ID:445817
06-17-2021 @ 16:27:17 - Setting Gallery Images.
06-17-2021 @ 16:27:17 - Image URL:https://inspiry.co.nz/wp-content/uploads/2021/basford-brands/MK-KIN-300UNCSL-1.jpg
06-17-2021 @ 16:27:18 - Attachment ID:445898
06-17-2021 @ 16:27:18 - Image URL:https://inspiry.co.nz/wp-content/uploads/2021/basford-brands/MK-KIN-300UNCSL-2.jpg
06-17-2021 @ 16:27:20 - URL:https://inspiry.co.nz/wp-content/uploads/2021/basford-brands/MK-KIN-300UNCSL-2.jpg Reason:Error getting remote image https://inspiry.co.nz/wp-content/uploads/2021/basford-brands/MK-KIN-300UNCSL-2.jpg. Error: Not Found
06-17-2021 @ 16:27:20 - Row :30 - Product updated successfully.
06-17-2021 @ 16:27:22 - Preparing for import.
06-17-2021 @ 16:27:22 - Row :31 - Parsing item.
06-17-2021 @ 16:27:22 - Row :31 - Processing item.
06-17-2021 @ 16:27:22 - Found simple product object. ID:445723
06-17-2021 @ 16:27:22 - Setting Featured Image. URL:https://inspiry.co.nz/wp-content/uploads/2021/basford-brands/MK-KIN-300UNCSO.jpg
06-17-2021 @ 16:27:22 - Attachment ID:445818
06-17-2021 @ 16:27:22 - Setting Gallery Images.
06-17-2021 @ 16:27:22 - Image URL:https://inspiry.co.nz/wp-content/uploads/2021/basford-brands/MK-KIN-300UNCSO-1.jpg
06-17-2021 @ 16:27:23 - Attachment ID:445899
06-17-2021 @ 16:27:23 - Image URL:https://inspiry.co.nz/wp-content/uploads/2021/basford-brands/MK-KIN-300UNCSO-2.jpg
06-17-2021 @ 16:27:25 - URL:https://inspiry.co.nz/wp-content/uploads/2021/basford-brands/MK-KIN-300UNCSO-2.jpg Reason:Error getting remote image https://inspiry.co.nz/wp-content/uploads/2021/basford-brands/MK-KIN-300UNCSO-2.jpg. Error: Not Found
06-17-2021 @ 16:27:25 - Row :31 - Product updated successfully.
06-17-2021 @ 16:27:25 - Row :32 - Parsing item.
06-17-2021 @ 16:27:25 - Row :32 - Processing item.
06-17-2021 @ 16:27:25 - Found simple product object. ID:445724
06-17-2021 @ 16:27:25 - Setting Featured Image. URL:https://inspiry.co.nz/wp-content/uploads/2021/basford-brands/MK-KIN-300UNCST.jpg
06-17-2021 @ 16:27:26 - Attachment ID:445819
06-17-2021 @ 16:27:26 - Setting Gallery Images.
06-17-2021 @ 16:27:26 - Image URL:https://inspiry.co.nz/wp-content/uploads/2021/basford-brands/MK-KIN-300UNCST-1.jpg
06-17-2021 @ 16:27:26 - Attachment ID:445900
06-17-2021 @ 16:27:26 - Image URL:https://inspiry.co.nz/wp-content/uploads/2021/basford-brands/MK-KIN-300UNCST-2.jpg
06-17-2021 @ 16:27:28 - URL:https://inspiry.co.nz/wp-content/uploads/2021/basford-brands/MK-KIN-300UNCST-2.jpg Reason:Error getting remote image https://inspiry.co.nz/wp-content/uploads/2021/basford-brands/MK-KIN-300UNCST-2.jpg. Error: Not Found
06-17-2021 @ 16:27:28 - Row :32 - Product updated successfully.
06-17-2021 @ 16:27:28 - Row :33 - Parsing item.
06-17-2021 @ 16:27:28 - Row :33 - Processing item.
06-17-2021 @ 16:27:28 - Found simple product object. ID:445725
06-17-2021 @ 16:27:28 - Setting Featured Image. URL:https://inspiry.co.nz/wp-content/uploads/2021/basford-brands/MK-KIN-300UNCSR.jpg
06-17-2021 @ 16:27:29 - Attachment ID:445820
06-17-2021 @ 16:27:29 - Setting Gallery Images.
06-17-2021 @ 16:27:29 - Image URL:https://inspiry.co.nz/wp-content/uploads/2021/basford-brands/MK-KIN-300UNCSR-1.jpg
06-17-2021 @ 16:27:29 - Attachment ID:445901
06-17-2021 @ 16:27:29 - Image URL:https://inspiry.co.nz/wp-content/uploads/2021/basford-brands/MK-KIN-300UNCSR-2.jpg
06-17-2021 @ 16:27:31 - URL:https://inspiry.co.nz/wp-content/uploads/2021/basford-brands/MK-KIN-300UNCSR-2.jpg Reason:Error getting remote image https://inspiry.co.nz/wp-content/uploads/2021/basford-brands/MK-KIN-300UNCSR-2.jpg. Error: Not Found
06-17-2021 @ 16:27:31 - Row :33 - Product updated successfully.
06-17-2021 @ 16:27:31 - Row :34 - Parsing item.
06-17-2021 @ 16:27:31 - Row :34 - Processing item.
06-17-2021 @ 16:27:31 - Found simple product object. ID:445726
06-17-2021 @ 16:27:31 - Setting Featured Image. URL:https://inspiry.co.nz/wp-content/uploads/2021/basford-brands/MK-BOTA210220DU.jpg
06-17-2021 @ 16:27:32 - Attachment ID:445821
06-17-2021 @ 16:27:32 - Setting Gallery Images.
06-17-2021 @ 16:27:32 - Image URL:https://inspiry.co.nz/wp-content/uploads/2021/basford-brands/MK-BOTA210220DU-1.jpg
06-17-2021 @ 16:27:32 - Attachment ID:445902
06-17-2021 @ 16:27:32 - Image URL:https://inspiry.co.nz/wp-content/uploads/2021/basford-brands/MK-BOTA210220DU-2.jpg
06-17-2021 @ 16:27:33 - URL:https://inspiry.co.nz/wp-content/uploads/2021/basford-brands/MK-BOTA210220DU-2.jpg Reason:Error getting remote image https://inspiry.co.nz/wp-content/uploads/2021/basford-brands/MK-BOTA210220DU-2.jpg. Error: Not Found
06-17-2021 @ 16:27:34 - Row :34 - Product updated successfully.
06-17-2021 @ 16:27:34 - Row :35 - Parsing item.
06-17-2021 @ 16:27:34 - Row :35 - Processing item.
06-17-2021 @ 16:27:34 - Found simple product object. ID:445727
06-17-2021 @ 16:27:34 - Setting Featured Image. URL:https://inspiry.co.nz/wp-content/uploads/2021/basford-brands/MK-BOTA210220JE.jpg
06-17-2021 @ 16:27:34 - Attachment ID:445822
06-17-2021 @ 16:27:34 - Setting Gallery Images.
06-17-2021 @ 16:27:34 - Image URL:https://inspiry.co.nz/wp-content/uploads/2021/basford-brands/MK-BOTA210220JE-1.jpg
06-17-2021 @ 16:27:35 - Attachment ID:445903
06-17-2021 @ 16:27:35 - Image URL:https://inspiry.co.nz/wp-content/uploads/2021/basford-brands/MK-BOTA210220JE-2.jpg
06-17-2021 @ 16:27:36 - URL:https://inspiry.co.nz/wp-content/uploads/2021/basford-brands/MK-BOTA210220JE-2.jpg Reason:Error getting remote image https://inspiry.co.nz/wp-content/uploads/2021/basford-brands/MK-BOTA210220JE-2.jpg. Error: Not Found
06-17-2021 @ 16:27:36 - Row :35 - Product updated successfully.
06-17-2021 @ 16:27:36 - Row :36 - Parsing item.
06-17-2021 @ 16:27:36 - Row :36 - Processing item.
06-17-2021 @ 16:27:36 - Found simple product object. ID:445728
06-17-2021 @ 16:27:36 - Setting Featured Image. URL:https://inspiry.co.nz/wp-content/uploads/2021/basford-brands/MK-BOTA210220NA.jpg
06-17-2021 @ 16:27:36 - Attachment ID:445823
06-17-2021 @ 16:27:36 - Setting Gallery Images.
06-17-2021 @ 16:27:36 - Image URL:https://inspiry.co.nz/wp-content/uploads/2021/basford-brands/MK-BOTA210220NA-1.jpg
06-17-2021 @ 16:27:37 - Attachment ID:445904
06-17-2021 @ 16:27:37 - Image URL:https://inspiry.co.nz/wp-content/uploads/2021/basford-brands/MK-BOTA210220NA-2.jpg
06-17-2021 @ 16:27:38 - URL:https://inspiry.co.nz/wp-content/uploads/2021/basford-brands/MK-BOTA210220NA-2.jpg Reason:Error getting remote image https://inspiry.co.nz/wp-content/uploads/2021/basford-brands/MK-BOTA210220NA-2.jpg. Error: Not Found
06-17-2021 @ 16:27:39 - Row :36 - Product updated successfully.
06-17-2021 @ 16:27:39 - Row :37 - Parsing item.
06-17-2021 @ 16:27:39 - Row :37 - Processing item.
06-17-2021 @ 16:27:39 - Found simple product object. ID:445729
06-17-2021 @ 16:27:39 - Setting Featured Image. URL:https://inspiry.co.nz/wp-content/uploads/2021/basford-brands/MK-BOTA210220SI.jpg
06-17-2021 @ 16:27:39 - Attachment ID:445824
06-17-2021 @ 16:27:39 - Setting Gallery Images.
06-17-2021 @ 16:27:39 - Image URL:https://inspiry.co.nz/wp-content/uploads/2021/basford-brands/MK-BOTA210220SI-1.jpg
06-17-2021 @ 16:27:40 - Attachment ID:445905
06-17-2021 @ 16:27:40 - Image URL:https://inspiry.co.nz/wp-content/uploads/2021/basford-brands/MK-BOTA210220SI-2.jpg
06-17-2021 @ 16:27:41 - URL:https://inspiry.co.nz/wp-content/uploads/2021/basford-brands/MK-BOTA210220SI-2.jpg Reason:Error getting remote image https://inspiry.co.nz/wp-content/uploads/2021/basford-brands/MK-BOTA210220SI-2.jpg. Error: Not Found
06-17-2021 @ 16:27:41 - Row :37 - Product updated successfully.
06-17-2021 @ 16:27:41 - Row :38 - Parsing item.
06-17-2021 @ 16:27:41 - Row :38 - Processing item.
06-17-2021 @ 16:27:41 - Found simple product object. ID:445730
06-17-2021 @ 16:27:41 - Setting Featured Image. URL:https://inspiry.co.nz/wp-content/uploads/2021/basford-brands/MK-HAVB210220CL.jpg
06-17-2021 @ 16:27:41 - Attachment ID:445825
06-17-2021 @ 16:27:41 - Setting Gallery Images.
06-17-2021 @ 16:27:41 - Image URL:https://inspiry.co.nz/wp-content/uploads/2021/basford-brands/MK-HAVB210220CL-1.jpg
06-17-2021 @ 16:27:42 - Attachment ID:445906
06-17-2021 @ 16:27:42 - Image URL:https://inspiry.co.nz/wp-content/uploads/2021/basford-brands/MK-HAVB210220CL-2.jpg
06-17-2021 @ 16:27:43 - URL:https://inspiry.co.nz/wp-content/uploads/2021/basford-brands/MK-HAVB210220CL-2.jpg Reason:Error getting remote image https://inspiry.co.nz/wp-content/uploads/2021/basford-brands/MK-HAVB210220CL-2.jpg. Error: Not Found
06-17-2021 @ 16:27:44 - Row :38 - Product updated successfully.
06-17-2021 @ 16:27:44 - Row :39 - Parsing item.
06-17-2021 @ 16:27:44 - Row :39 - Processing item.
06-17-2021 @ 16:27:44 - Found simple product object. ID:445731
06-17-2021 @ 16:27:44 - Setting Featured Image. URL:https://inspiry.co.nz/wp-content/uploads/2021/basford-brands/MK-HAVB210220DR.jpg
06-17-2021 @ 16:27:44 - Attachment ID:445826
06-17-2021 @ 16:27:44 - Setting Gallery Images.
06-17-2021 @ 16:27:44 - Image URL:https://inspiry.co.nz/wp-content/uploads/2021/basford-brands/MK-HAVB210220DR-1.jpg
06-17-2021 @ 16:27:44 - Attachment ID:445907
06-17-2021 @ 16:27:44 - Image URL:https://inspiry.co.nz/wp-content/uploads/2021/basford-brands/MK-HAVB210220DR-2.jpg
06-17-2021 @ 16:27:45 - URL:https://inspiry.co.nz/wp-content/uploads/2021/basford-brands/MK-HAVB210220DR-2.jpg Reason:Error getting remote image https://inspiry.co.nz/wp-content/uploads/2021/basford-brands/MK-HAVB210220DR-2.jpg. Error: Not Found
06-17-2021 @ 16:27:46 - Row :39 - Product updated successfully.
06-17-2021 @ 16:27:46 - Row :40 - Parsing item.
06-17-2021 @ 16:27:46 - Row :40 - Processing item.
06-17-2021 @ 16:27:46 - Found simple product object. ID:445732
06-17-2021 @ 16:27:46 - Setting Featured Image. URL:https://inspiry.co.nz/wp-content/uploads/2021/basford-brands/MK-HAVB210220GR.jpg
06-17-2021 @ 16:27:46 - Attachment ID:445827
06-17-2021 @ 16:27:46 - Setting Gallery Images.
06-17-2021 @ 16:27:46 - Image URL:https://inspiry.co.nz/wp-content/uploads/2021/basford-brands/MK-HAVB210220GR-1.jpg
06-17-2021 @ 16:27:47 - Attachment ID:445908
06-17-2021 @ 16:27:47 - Image URL:https://inspiry.co.nz/wp-content/uploads/2021/basford-brands/MK-HAVB210220GR-2.jpg
06-17-2021 @ 16:27:48 - URL:https://inspiry.co.nz/wp-content/uploads/2021/basford-brands/MK-HAVB210220GR-2.jpg Reason:Error getting remote image https://inspiry.co.nz/wp-content/uploads/2021/basford-brands/MK-HAVB210220GR-2.jpg. Error: Not Found
06-17-2021 @ 16:27:48 - Row :40 - Product updated successfully.
06-17-2021 @ 16:27:50 - Preparing for import.
06-17-2021 @ 16:27:50 - Row :41 - Parsing item.
06-17-2021 @ 16:27:50 - Row :41 - Processing item.
06-17-2021 @ 16:27:50 - Found simple product object. ID:445733
06-17-2021 @ 16:27:50 - Setting Featured Image. URL:https://inspiry.co.nz/wp-content/uploads/2021/basford-brands/MK-HAVB210220ON.jpg
06-17-2021 @ 16:27:50 - Attachment ID:445828
06-17-2021 @ 16:27:50 - Setting Gallery Images.
06-17-2021 @ 16:27:50 - Image URL:https://inspiry.co.nz/wp-content/uploads/2021/basford-brands/MK-HAVB210220ON-1.jpg
06-17-2021 @ 16:27:50 - Attachment ID:445909
06-17-2021 @ 16:27:50 - Image URL:https://inspiry.co.nz/wp-content/uploads/2021/basford-brands/MK-HAVB210220ON-2.jpg
06-17-2021 @ 16:27:51 - URL:https://inspiry.co.nz/wp-content/uploads/2021/basford-brands/MK-HAVB210220ON-2.jpg Reason:Error getting remote image https://inspiry.co.nz/wp-content/uploads/2021/basford-brands/MK-HAVB210220ON-2.jpg. Error: Not Found
06-17-2021 @ 16:27:52 - Row :41 - Product updated successfully.
06-17-2021 @ 16:27:52 - Row :42 - Parsing item.
06-17-2021 @ 16:27:52 - Row :42 - Processing item.
06-17-2021 @ 16:27:52 - Found simple product object. ID:445734
06-17-2021 @ 16:27:52 - Setting Featured Image. URL:https://inspiry.co.nz/wp-content/uploads/2021/basford-brands/MK-HAVB210220SL.jpg
06-17-2021 @ 16:27:52 - Attachment ID:445829
06-17-2021 @ 16:27:52 - Setting Gallery Images.
06-17-2021 @ 16:27:52 - Image URL:https://inspiry.co.nz/wp-content/uploads/2021/basford-brands/MK-HAVB210220SL-1.jpg
06-17-2021 @ 16:27:53 - Attachment ID:445910
06-17-2021 @ 16:27:53 - Image URL:https://inspiry.co.nz/wp-content/uploads/2021/basford-brands/MK-HAVB210220SL-2.jpg
06-17-2021 @ 16:27:54 - URL:https://inspiry.co.nz/wp-content/uploads/2021/basford-brands/MK-HAVB210220SL-2.jpg Reason:Error getting remote image https://inspiry.co.nz/wp-content/uploads/2021/basford-brands/MK-HAVB210220SL-2.jpg. Error: Not Found
06-17-2021 @ 16:27:54 - Row :42 - Product updated successfully.
06-17-2021 @ 16:27:54 - Row :43 - Parsing item.
06-17-2021 @ 16:27:54 - Row :43 - Processing item.
06-17-2021 @ 16:27:54 - Found simple product object. ID:445735
06-17-2021 @ 16:27:54 - Setting Featured Image. URL:https://inspiry.co.nz/wp-content/uploads/2021/basford-brands/MK-BONB140221OC.jpg
06-17-2021 @ 16:27:54 - Attachment ID:445830
06-17-2021 @ 16:27:54 - Setting Gallery Images.
06-17-2021 @ 16:27:54 - Image URL:https://inspiry.co.nz/wp-content/uploads/2021/basford-brands/MK-BONB140221OC-1.jpg
06-17-2021 @ 16:27:55 - Attachment ID:445911
06-17-2021 @ 16:27:55 - Image URL:https://inspiry.co.nz/wp-content/uploads/2021/basford-brands/MK-BONB140221OC-2.jpg
06-17-2021 @ 16:27:56 - URL:https://inspiry.co.nz/wp-content/uploads/2021/basford-brands/MK-BONB140221OC-2.jpg Reason:Error getting remote image https://inspiry.co.nz/wp-content/uploads/2021/basford-brands/MK-BONB140221OC-2.jpg. Error: Not Found
06-17-2021 @ 16:27:56 - Row :43 - Product updated successfully.
06-17-2021 @ 16:27:56 - Row :44 - Parsing item.
06-17-2021 @ 16:27:56 - Row :44 - Processing item.
06-17-2021 @ 16:27:56 - Found simple product object. ID:445736
06-17-2021 @ 16:27:56 - Setting Featured Image. URL:https://inspiry.co.nz/wp-content/uploads/2021/basford-brands/MK-HAVB180221CL.jpg
06-17-2021 @ 16:27:56 - Attachment ID:445831
06-17-2021 @ 16:27:56 - Setting Gallery Images.
06-17-2021 @ 16:27:56 - Image URL:https://inspiry.co.nz/wp-content/uploads/2021/basford-brands/MK-HAVB180221CL-1.jpg
06-17-2021 @ 16:27:57 - Attachment ID:445912
06-17-2021 @ 16:27:57 - Image URL:https://inspiry.co.nz/wp-content/uploads/2021/basford-brands/MK-HAVB180221CL-2.jpg
06-17-2021 @ 16:27:58 - URL:https://inspiry.co.nz/wp-content/uploads/2021/basford-brands/MK-HAVB180221CL-2.jpg Reason:Error getting remote image https://inspiry.co.nz/wp-content/uploads/2021/basford-brands/MK-HAVB180221CL-2.jpg. Error: Not Found
06-17-2021 @ 16:27:58 - Row :44 - Product updated successfully.
06-17-2021 @ 16:27:58 - Row :45 - Parsing item.
06-17-2021 @ 16:27:58 - Row :45 - Processing item.
06-17-2021 @ 16:27:58 - Found simple product object. ID:445737
06-17-2021 @ 16:27:58 - Setting Featured Image. URL:https://inspiry.co.nz/wp-content/uploads/2021/basford-brands/MK-HAVB180221DR.jpg
06-17-2021 @ 16:27:58 - Attachment ID:445832
06-17-2021 @ 16:27:58 - Setting Gallery Images.
06-17-2021 @ 16:27:58 - Image URL:https://inspiry.co.nz/wp-content/uploads/2021/basford-brands/MK-HAVB180221DR-1.jpg
06-17-2021 @ 16:27:59 - Attachment ID:445913
06-17-2021 @ 16:27:59 - Image URL:https://inspiry.co.nz/wp-content/uploads/2021/basford-brands/MK-HAVB180221DR-2.jpg
06-17-2021 @ 16:28:00 - URL:https://inspiry.co.nz/wp-content/uploads/2021/basford-brands/MK-HAVB180221DR-2.jpg Reason:Error getting remote image https://inspiry.co.nz/wp-content/uploads/2021/basford-brands/MK-HAVB180221DR-2.jpg. Error: Not Found
06-17-2021 @ 16:28:01 - Row :45 - Product updated successfully.
06-17-2021 @ 16:28:01 - Row :46 - Parsing item.
06-17-2021 @ 16:28:01 - Row :46 - Processing item.
06-17-2021 @ 16:28:01 - Found simple product object. ID:445738
06-17-2021 @ 16:28:01 - Setting Featured Image. URL:https://inspiry.co.nz/wp-content/uploads/2021/basford-brands/MK-HAVB180221GR.jpg
06-17-2021 @ 16:28:01 - Attachment ID:445833
06-17-2021 @ 16:28:01 - Setting Gallery Images.
06-17-2021 @ 16:28:01 - Image URL:https://inspiry.co.nz/wp-content/uploads/2021/basford-brands/MK-HAVB180221GR-1.jpg
06-17-2021 @ 16:28:02 - Attachment ID:445914
06-17-2021 @ 16:28:02 - Image URL:https://inspiry.co.nz/wp-content/uploads/2021/basford-brands/MK-HAVB180221GR-2.jpg
06-17-2021 @ 16:28:03 - URL:https://inspiry.co.nz/wp-content/uploads/2021/basford-brands/MK-HAVB180221GR-2.jpg Reason:Error getting remote image https://inspiry.co.nz/wp-content/uploads/2021/basford-brands/MK-HAVB180221GR-2.jpg. Error: Not Found
06-17-2021 @ 16:28:03 - Row :46 - Product updated successfully.
06-17-2021 @ 16:28:03 - Row :47 - Parsing item.
06-17-2021 @ 16:28:03 - Row :47 - Processing item.
06-17-2021 @ 16:28:03 - Found simple product object. ID:445739
06-17-2021 @ 16:28:03 - Setting Featured Image. URL:https://inspiry.co.nz/wp-content/uploads/2021/basford-brands/MK-LANB220220CH.jpg
06-17-2021 @ 16:28:03 - Attachment ID:445834
06-17-2021 @ 16:28:03 - Setting Gallery Images.
06-17-2021 @ 16:28:03 - Image URL:https://inspiry.co.nz/wp-content/uploads/2021/basford-brands/MK-LANB220220CH-1.jpg
06-17-2021 @ 16:28:04 - Attachment ID:445915
06-17-2021 @ 16:28:04 - Image URL:https://inspiry.co.nz/wp-content/uploads/2021/basford-brands/MK-LANB220220CH-2.jpg
06-17-2021 @ 16:28:05 - URL:https://inspiry.co.nz/wp-content/uploads/2021/basford-brands/MK-LANB220220CH-2.jpg Reason:Error getting remote image https://inspiry.co.nz/wp-content/uploads/2021/basford-brands/MK-LANB220220CH-2.jpg. Error: Not Found
06-17-2021 @ 16:28:06 - Row :47 - Product updated successfully.
06-17-2021 @ 16:28:06 - Row :48 - Parsing item.
06-17-2021 @ 16:28:06 - Row :48 - Processing item.
06-17-2021 @ 16:28:06 - Found simple product object. ID:445740
06-17-2021 @ 16:28:06 - Setting Featured Image. URL:https://inspiry.co.nz/wp-content/uploads/2021/basford-brands/MK-LANB220220NA.jpg
06-17-2021 @ 16:28:06 - Attachment ID:445835
06-17-2021 @ 16:28:06 - Setting Gallery Images.
06-17-2021 @ 16:28:06 - Image URL:https://inspiry.co.nz/wp-content/uploads/2021/basford-brands/MK-LANB220220NA-1.jpg
06-17-2021 @ 16:28:06 - Attachment ID:445916
06-17-2021 @ 16:28:06 - Image URL:https://inspiry.co.nz/wp-content/uploads/2021/basford-brands/MK-LANB220220NA-2.jpg
06-17-2021 @ 16:28:08 - URL:https://inspiry.co.nz/wp-content/uploads/2021/basford-brands/MK-LANB220220NA-2.jpg Reason:Error getting remote image https://inspiry.co.nz/wp-content/uploads/2021/basford-brands/MK-LANB220220NA-2.jpg. Error: Not Found
06-17-2021 @ 16:28:08 - Row :48 - Product updated successfully.
06-17-2021 @ 16:28:08 - Row :49 - Parsing item.
06-17-2021 @ 16:28:08 - Row :49 - Processing item.
06-17-2021 @ 16:28:08 - Found simple product object. ID:445741
06-17-2021 @ 16:28:08 - Setting Featured Image. URL:https://inspiry.co.nz/wp-content/uploads/2021/basford-brands/MK-LANB220220SI.jpg
06-17-2021 @ 16:28:08 - Attachment ID:445836
06-17-2021 @ 16:28:08 - Setting Gallery Images.
06-17-2021 @ 16:28:08 - Image URL:https://inspiry.co.nz/wp-content/uploads/2021/basford-brands/MK-LANB220220SI-1.jpg
06-17-2021 @ 16:28:09 - Attachment ID:445917
06-17-2021 @ 16:28:09 - Image URL:https://inspiry.co.nz/wp-content/uploads/2021/basford-brands/MK-LANB220220SI-2.jpg
06-17-2021 @ 16:28:10 - URL:https://inspiry.co.nz/wp-content/uploads/2021/basford-brands/MK-LANB220220SI-2.jpg Reason:Error getting remote image https://inspiry.co.nz/wp-content/uploads/2021/basford-brands/MK-LANB220220SI-2.jpg. Error: Not Found
06-17-2021 @ 16:28:10 - Row :49 - Product updated successfully.
06-17-2021 @ 16:28:10 - Row :50 - Parsing item.
06-17-2021 @ 16:28:10 - Row :50 - Processing item.
06-17-2021 @ 16:28:10 - Found simple product object. ID:445742
06-17-2021 @ 16:28:10 - Setting Featured Image. URL:https://inspiry.co.nz/wp-content/uploads/2021/basford-brands/MK-LANB140221CH.jpg
06-17-2021 @ 16:28:11 - Attachment ID:445837
06-17-2021 @ 16:28:11 - Setting Gallery Images.
06-17-2021 @ 16:28:11 - Image URL:https://inspiry.co.nz/wp-content/uploads/2021/basford-brands/MK-LANB140221CH-1.jpg
06-17-2021 @ 16:28:11 - Attachment ID:445918
06-17-2021 @ 16:28:11 - Image URL:https://inspiry.co.nz/wp-content/uploads/2021/basford-brands/MK-LANB140221CH-2.jpg
06-17-2021 @ 16:28:12 - URL:https://inspiry.co.nz/wp-content/uploads/2021/basford-brands/MK-LANB140221CH-2.jpg Reason:Error getting remote image https://inspiry.co.nz/wp-content/uploads/2021/basford-brands/MK-LANB140221CH-2.jpg. Error: Not Found
06-17-2021 @ 16:28:13 - Row :50 - Product updated successfully.
06-17-2021 @ 16:28:14 - Preparing for import.
06-17-2021 @ 16:28:14 - Row :51 - Parsing item.
06-17-2021 @ 16:28:14 - Row :51 - Processing item.
06-17-2021 @ 16:28:14 - Found simple product object. ID:445743
06-17-2021 @ 16:28:14 - Setting Featured Image. URL:https://inspiry.co.nz/wp-content/uploads/2021/basford-brands/MK-LANB140221NA.jpg
06-17-2021 @ 16:28:14 - Attachment ID:445838
06-17-2021 @ 16:28:14 - Setting Gallery Images.
06-17-2021 @ 16:28:14 - Image URL:https://inspiry.co.nz/wp-content/uploads/2021/basford-brands/MK-LANB140221NA-1.jpg
06-17-2021 @ 16:28:15 - Attachment ID:445919
06-17-2021 @ 16:28:15 - Image URL:https://inspiry.co.nz/wp-content/uploads/2021/basford-brands/MK-LANB140221NA-2.jpg
06-17-2021 @ 16:28:16 - URL:https://inspiry.co.nz/wp-content/uploads/2021/basford-brands/MK-LANB140221NA-2.jpg Reason:Error getting remote image https://inspiry.co.nz/wp-content/uploads/2021/basford-brands/MK-LANB140221NA-2.jpg. Error: Not Found
06-17-2021 @ 16:28:16 - Row :51 - Product updated successfully.
06-17-2021 @ 16:28:16 - Row :52 - Parsing item.
06-17-2021 @ 16:28:16 - Row :52 - Processing item.
06-17-2021 @ 16:28:17 - Found simple product object. ID:445744
06-17-2021 @ 16:28:17 - Setting Featured Image. URL:https://inspiry.co.nz/wp-content/uploads/2021/basford-brands/MK-LANB140221SI.jpg
06-17-2021 @ 16:28:17 - Attachment ID:445839
06-17-2021 @ 16:28:17 - Setting Gallery Images.
06-17-2021 @ 16:28:17 - Image URL:https://inspiry.co.nz/wp-content/uploads/2021/basford-brands/MK-LANB140221SI-1.jpg
06-17-2021 @ 16:28:17 - Attachment ID:445920
06-17-2021 @ 16:28:17 - Image URL:https://inspiry.co.nz/wp-content/uploads/2021/basford-brands/MK-LANB140221SI-2.jpg
06-17-2021 @ 16:28:18 - URL:https://inspiry.co.nz/wp-content/uploads/2021/basford-brands/MK-LANB140221SI-2.jpg Reason:Error getting remote image https://inspiry.co.nz/wp-content/uploads/2021/basford-brands/MK-LANB140221SI-2.jpg. Error: Not Found
06-17-2021 @ 16:28:19 - Row :52 - Product updated successfully.
06-17-2021 @ 16:28:19 - Row :53 - Parsing item.
06-17-2021 @ 16:28:19 - Row :53 - Processing item.
06-17-2021 @ 16:28:19 - Found simple product object. ID:445745
06-17-2021 @ 16:28:19 - Setting Featured Image. URL:https://inspiry.co.nz/wp-content/uploads/2021/basford-brands/MK-MONT180221AS.jpg
06-17-2021 @ 16:28:19 - Attachment ID:445840
06-17-2021 @ 16:28:19 - Setting Gallery Images.
06-17-2021 @ 16:28:19 - Image URL:https://inspiry.co.nz/wp-content/uploads/2021/basford-brands/MK-MONT180221AS-1.jpg
06-17-2021 @ 16:28:19 - Attachment ID:445921
06-17-2021 @ 16:28:19 - Image URL:https://inspiry.co.nz/wp-content/uploads/2021/basford-brands/MK-MONT180221AS-2.jpg
06-17-2021 @ 16:28:21 - URL:https://inspiry.co.nz/wp-content/uploads/2021/basford-brands/MK-MONT180221AS-2.jpg Reason:Error getting remote image https://inspiry.co.nz/wp-content/uploads/2021/basford-brands/MK-MONT180221AS-2.jpg. Error: Not Found
06-17-2021 @ 16:28:21 - Row :53 - Product updated successfully.
06-17-2021 @ 16:28:21 - Row :54 - Parsing item.
06-17-2021 @ 16:28:21 - Row :54 - Processing item.
06-17-2021 @ 16:28:21 - Found simple product object. ID:445746
06-17-2021 @ 16:28:21 - Setting Featured Image. URL:https://inspiry.co.nz/wp-content/uploads/2021/basford-brands/MK-MONT180221GR.jpg
06-17-2021 @ 16:28:21 - Attachment ID:445841
06-17-2021 @ 16:28:21 - Setting Gallery Images.
06-17-2021 @ 16:28:21 - Image URL:https://inspiry.co.nz/wp-content/uploads/2021/basford-brands/MK-MONT180221GR-1.jpg
06-17-2021 @ 16:28:22 - Attachment ID:445922
06-17-2021 @ 16:28:22 - Image URL:https://inspiry.co.nz/wp-content/uploads/2021/basford-brands/MK-MONT180221GR-2.jpg
06-17-2021 @ 16:28:23 - URL:https://inspiry.co.nz/wp-content/uploads/2021/basford-brands/MK-MONT180221GR-2.jpg Reason:Error getting remote image https://inspiry.co.nz/wp-content/uploads/2021/basford-brands/MK-MONT180221GR-2.jpg. Error: Not Found
06-17-2021 @ 16:28:23 - Row :54 - Product updated successfully.
06-17-2021 @ 16:28:23 - Row :55 - Parsing item.
06-17-2021 @ 16:28:23 - Row :55 - Processing item.
06-17-2021 @ 16:28:23 - Found simple product object. ID:445747
06-17-2021 @ 16:28:23 - Setting Featured Image. URL:https://inspiry.co.nz/wp-content/uploads/2021/basford-brands/MK-MONT180221WH.jpg
06-17-2021 @ 16:28:24 - Attachment ID:445842
06-17-2021 @ 16:28:24 - Setting Gallery Images.
06-17-2021 @ 16:28:24 - Image URL:https://inspiry.co.nz/wp-content/uploads/2021/basford-brands/MK-MONT180221WH-1.jpg
06-17-2021 @ 16:28:24 - Attachment ID:445923
06-17-2021 @ 16:28:24 - Image URL:https://inspiry.co.nz/wp-content/uploads/2021/basford-brands/MK-MONT180221WH-2.jpg
06-17-2021 @ 16:28:25 - URL:https://inspiry.co.nz/wp-content/uploads/2021/basford-brands/MK-MONT180221WH-2.jpg Reason:Error getting remote image https://inspiry.co.nz/wp-content/uploads/2021/basford-brands/MK-MONT180221WH-2.jpg. Error: Not Found
06-17-2021 @ 16:28:25 - Row :55 - Product updated successfully.
06-17-2021 @ 16:28:25 - Row :56 - Parsing item.
06-17-2021 @ 16:28:25 - Row :56 - Processing item.
06-17-2021 @ 16:28:25 - Found simple product object. ID:445748
06-17-2021 @ 16:28:25 - Setting Featured Image. URL:https://inspiry.co.nz/wp-content/uploads/2021/basford-brands/MK-UMB-140221BL.jpg
06-17-2021 @ 16:28:27 - URL:https://inspiry.co.nz/wp-content/uploads/2021/basford-brands/MK-UMB-140221BL.jpg Reason:Error getting remote image https://inspiry.co.nz/wp-content/uploads/2021/basford-brands/MK-UMB-140221BL.jpg. Error: Not Found
06-17-2021 @ 16:28:27 - Setting Gallery Images.
06-17-2021 @ 16:28:27 - Image URL:https://inspiry.co.nz/wp-content/uploads/2021/basford-brands/MK-UMB-140221BL-1.jpg
06-17-2021 @ 16:28:27 - Attachment ID:445924
06-17-2021 @ 16:28:27 - Image URL:https://inspiry.co.nz/wp-content/uploads/2021/basford-brands/MK-UMB-140221BL-2.jpg
06-17-2021 @ 16:28:29 - URL:https://inspiry.co.nz/wp-content/uploads/2021/basford-brands/MK-UMB-140221BL-2.jpg Reason:Error getting remote image https://inspiry.co.nz/wp-content/uploads/2021/basford-brands/MK-UMB-140221BL-2.jpg. Error: Not Found
06-17-2021 @ 16:28:29 - Row :56 - Product updated successfully.
06-17-2021 @ 16:28:29 - Row :57 - Parsing item.
06-17-2021 @ 16:28:29 - Row :57 - Processing item.
06-17-2021 @ 16:28:29 - Found simple product object. ID:445749
06-17-2021 @ 16:28:29 - Setting Featured Image. URL:https://inspiry.co.nz/wp-content/uploads/2021/basford-brands/MK-UMB-140221ST.jpg
06-17-2021 @ 16:28:30 - URL:https://inspiry.co.nz/wp-content/uploads/2021/basford-brands/MK-UMB-140221ST.jpg Reason:Error getting remote image https://inspiry.co.nz/wp-content/uploads/2021/basford-brands/MK-UMB-140221ST.jpg. Error: Not Found
06-17-2021 @ 16:28:30 - Setting Gallery Images.
06-17-2021 @ 16:28:30 - Image URL:https://inspiry.co.nz/wp-content/uploads/2021/basford-brands/MK-UMB-140221ST-1.jpg
06-17-2021 @ 16:28:31 - Attachment ID:445925
06-17-2021 @ 16:28:31 - Image URL:https://inspiry.co.nz/wp-content/uploads/2021/basford-brands/MK-UMB-140221ST-2.jpg
06-17-2021 @ 16:28:32 - URL:https://inspiry.co.nz/wp-content/uploads/2021/basford-brands/MK-UMB-140221ST-2.jpg Reason:Error getting remote image https://inspiry.co.nz/wp-content/uploads/2021/basford-brands/MK-UMB-140221ST-2.jpg. Error: Not Found
06-17-2021 @ 16:28:33 - Row :57 - Product updated successfully.
06-17-2021 @ 16:28:33 - Row :58 - Parsing item.
06-17-2021 @ 16:28:33 - Row :58 - Processing item.
06-17-2021 @ 16:28:33 - Found simple product object. ID:445750
06-17-2021 @ 16:28:33 - Setting Featured Image. URL:https://inspiry.co.nz/wp-content/uploads/2021/basford-brands/MK-UMB-140221TR.jpg
06-17-2021 @ 16:28:34 - URL:https://inspiry.co.nz/wp-content/uploads/2021/basford-brands/MK-UMB-140221TR.jpg Reason:Error getting remote image https://inspiry.co.nz/wp-content/uploads/2021/basford-brands/MK-UMB-140221TR.jpg. Error: Not Found
06-17-2021 @ 16:28:34 - Setting Gallery Images.
06-17-2021 @ 16:28:34 - Image URL:https://inspiry.co.nz/wp-content/uploads/2021/basford-brands/MK-UMB-140221TR-1.jpg
06-17-2021 @ 16:28:34 - Attachment ID:445926
06-17-2021 @ 16:28:34 - Image URL:https://inspiry.co.nz/wp-content/uploads/2021/basford-brands/MK-UMB-140221TR-2.jpg
06-17-2021 @ 16:28:35 - URL:https://inspiry.co.nz/wp-content/uploads/2021/basford-brands/MK-UMB-140221TR-2.jpg Reason:Error getting remote image https://inspiry.co.nz/wp-content/uploads/2021/basford-brands/MK-UMB-140221TR-2.jpg. Error: Not Found
06-17-2021 @ 16:28:36 - Row :58 - Product updated successfully.
06-17-2021 @ 16:28:36 - Row :59 - Parsing item.
06-17-2021 @ 16:28:36 - Row :59 - Processing item.
06-17-2021 @ 16:28:36 - Found simple product object. ID:445751
06-17-2021 @ 16:28:36 - Setting Featured Image. URL:https://inspiry.co.nz/wp-content/uploads/2021/basford-brands/MK-CATE-135221AS.jpg
06-17-2021 @ 16:28:37 - URL:https://inspiry.co.nz/wp-content/uploads/2021/basford-brands/MK-CATE-135221AS.jpg Reason:Error getting remote image https://inspiry.co.nz/wp-content/uploads/2021/basford-brands/MK-CATE-135221AS.jpg. Error: Not Found
06-17-2021 @ 16:28:37 - Setting Gallery Images.
06-17-2021 @ 16:28:37 - Image URL:https://inspiry.co.nz/wp-content/uploads/2021/basford-brands/MK-CATE-135221AS-1.jpg
06-17-2021 @ 16:28:37 - Attachment ID:445927
06-17-2021 @ 16:28:37 - Image URL:https://inspiry.co.nz/wp-content/uploads/2021/basford-brands/MK-CATE-135221AS-2.jpg
06-17-2021 @ 16:28:38 - URL:https://inspiry.co.nz/wp-content/uploads/2021/basford-brands/MK-CATE-135221AS-2.jpg Reason:Error getting remote image https://inspiry.co.nz/wp-content/uploads/2021/basford-brands/MK-CATE-135221AS-2.jpg. Error: Not Found
06-17-2021 @ 16:28:39 - Row :59 - Product updated successfully.
06-17-2021 @ 16:28:39 - Row :60 - Parsing item.
06-17-2021 @ 16:28:39 - Row :60 - Processing item.
06-17-2021 @ 16:28:39 - Found simple product object. ID:445752
06-17-2021 @ 16:28:39 - Setting Featured Image. URL:https://inspiry.co.nz/wp-content/uploads/2021/basford-brands/MK-CATE-135221CH.jpg
06-17-2021 @ 16:28:40 - URL:https://inspiry.co.nz/wp-content/uploads/2021/basford-brands/MK-CATE-135221CH.jpg Reason:Error getting remote image https://inspiry.co.nz/wp-content/uploads/2021/basford-brands/MK-CATE-135221CH.jpg. Error: Not Found
06-17-2021 @ 16:28:40 - Setting Gallery Images.
06-17-2021 @ 16:28:40 - Image URL:https://inspiry.co.nz/wp-content/uploads/2021/basford-brands/MK-CATE-135221CH-1.jpg
06-17-2021 @ 16:28:40 - Attachment ID:445928
06-17-2021 @ 16:28:40 - Image URL:https://inspiry.co.nz/wp-content/uploads/2021/basford-brands/MK-CATE-135221CH-2.jpg
06-17-2021 @ 16:28:41 - URL:https://inspiry.co.nz/wp-content/uploads/2021/basford-brands/MK-CATE-135221CH-2.jpg Reason:Error getting remote image https://inspiry.co.nz/wp-content/uploads/2021/basford-brands/MK-CATE-135221CH-2.jpg. Error: Not Found
06-17-2021 @ 16:28:41 - Row :60 - Product updated successfully.
06-17-2021 @ 16:28:43 - Preparing for import.
06-17-2021 @ 16:28:43 - Row :61 - Parsing item.
06-17-2021 @ 16:28:43 - Row :61 - Processing item.
06-17-2021 @ 16:28:43 - Found simple product object. ID:445753
06-17-2021 @ 16:28:43 - Setting Featured Image. URL:https://inspiry.co.nz/wp-content/uploads/2021/basford-brands/MK-CATE-135221LI.jpg
06-17-2021 @ 16:28:44 - URL:https://inspiry.co.nz/wp-content/uploads/2021/basford-brands/MK-CATE-135221LI.jpg Reason:Error getting remote image https://inspiry.co.nz/wp-content/uploads/2021/basford-brands/MK-CATE-135221LI.jpg. Error: Not Found
06-17-2021 @ 16:28:44 - Setting Gallery Images.
06-17-2021 @ 16:28:44 - Image URL:https://inspiry.co.nz/wp-content/uploads/2021/basford-brands/MK-CATE-135221LI-1.jpg
06-17-2021 @ 16:28:44 - Attachment ID:445929
06-17-2021 @ 16:28:44 - Image URL:https://inspiry.co.nz/wp-content/uploads/2021/basford-brands/MK-CATE-135221LI-2.jpg
06-17-2021 @ 16:28:45 - URL:https://inspiry.co.nz/wp-content/uploads/2021/basford-brands/MK-CATE-135221LI-2.jpg Reason:Error getting remote image https://inspiry.co.nz/wp-content/uploads/2021/basford-brands/MK-CATE-135221LI-2.jpg. Error: Not Found
06-17-2021 @ 16:28:46 - Row :61 - Product updated successfully.
06-17-2021 @ 16:28:46 - Row :62 - Parsing item.
06-17-2021 @ 16:28:46 - Row :62 - Processing item.
06-17-2021 @ 16:28:46 - Found simple product object. ID:445754
06-17-2021 @ 16:28:46 - Setting Featured Image. URL:https://inspiry.co.nz/wp-content/uploads/2021/basford-brands/MK-MON-180221AS.jpg
06-17-2021 @ 16:28:47 - URL:https://inspiry.co.nz/wp-content/uploads/2021/basford-brands/MK-MON-180221AS.jpg Reason:Error getting remote image https://inspiry.co.nz/wp-content/uploads/2021/basford-brands/MK-MON-180221AS.jpg. Error: Not Found
06-17-2021 @ 16:28:47 - Setting Gallery Images.
06-17-2021 @ 16:28:47 - Image URL:https://inspiry.co.nz/wp-content/uploads/2021/basford-brands/MK-MON-180221AS-1.jpg
06-17-2021 @ 16:28:47 - Attachment ID:445930
06-17-2021 @ 16:28:47 - Image URL:https://inspiry.co.nz/wp-content/uploads/2021/basford-brands/MK-MON-180221AS-2.jpg
06-17-2021 @ 16:28:48 - URL:https://inspiry.co.nz/wp-content/uploads/2021/basford-brands/MK-MON-180221AS-2.jpg Reason:Error getting remote image https://inspiry.co.nz/wp-content/uploads/2021/basford-brands/MK-MON-180221AS-2.jpg. Error: Not Found
06-17-2021 @ 16:28:48 - Row :62 - Product updated successfully.
06-17-2021 @ 16:28:48 - Row :63 - Parsing item.
06-17-2021 @ 16:28:48 - Row :63 - Processing item.
06-17-2021 @ 16:28:48 - Found simple product object. ID:445755
06-17-2021 @ 16:28:48 - Setting Featured Image. URL:https://inspiry.co.nz/wp-content/uploads/2021/basford-brands/MK-MON-180221GR.jpg
06-17-2021 @ 16:28:49 - URL:https://inspiry.co.nz/wp-content/uploads/2021/basford-brands/MK-MON-180221GR.jpg Reason:Error getting remote image https://inspiry.co.nz/wp-content/uploads/2021/basford-brands/MK-MON-180221GR.jpg. Error: Not Found
06-17-2021 @ 16:28:49 - Setting Gallery Images.
06-17-2021 @ 16:28:49 - Image URL:https://inspiry.co.nz/wp-content/uploads/2021/basford-brands/MK-MON-180221GR-1.jpg
06-17-2021 @ 16:28:50 - Attachment ID:445931
06-17-2021 @ 16:28:50 - Image URL:https://inspiry.co.nz/wp-content/uploads/2021/basford-brands/MK-MON-180221GR-2.jpg
06-17-2021 @ 16:28:51 - URL:https://inspiry.co.nz/wp-content/uploads/2021/basford-brands/MK-MON-180221GR-2.jpg Reason:Error getting remote image https://inspiry.co.nz/wp-content/uploads/2021/basford-brands/MK-MON-180221GR-2.jpg. Error: Not Found
06-17-2021 @ 16:28:51 - Row :63 - Product updated successfully.
06-17-2021 @ 16:28:51 - Row :64 - Parsing item.
06-17-2021 @ 16:28:51 - Row :64 - Processing item.
06-17-2021 @ 16:28:51 - Found simple product object. ID:445756
06-17-2021 @ 16:28:51 - Setting Featured Image. URL:https://inspiry.co.nz/wp-content/uploads/2021/basford-brands/MK-MON-180221WH.jpg
06-17-2021 @ 16:28:52 - URL:https://inspiry.co.nz/wp-content/uploads/2021/basford-brands/MK-MON-180221WH.jpg Reason:Error getting remote image https://inspiry.co.nz/wp-content/uploads/2021/basford-brands/MK-MON-180221WH.jpg. Error: Not Found
06-17-2021 @ 16:28:52 - Setting Gallery Images.
06-17-2021 @ 16:28:52 - Image URL:https://inspiry.co.nz/wp-content/uploads/2021/basford-brands/MK-MON-180221WH-1.jpg
06-17-2021 @ 16:28:53 - Attachment ID:445932
06-17-2021 @ 16:28:53 - Image URL:https://inspiry.co.nz/wp-content/uploads/2021/basford-brands/MK-MON-180221WH-2.jpg
06-17-2021 @ 16:28:53 - URL:https://inspiry.co.nz/wp-content/uploads/2021/basford-brands/MK-MON-180221WH-2.jpg Reason:Error getting remote image https://inspiry.co.nz/wp-content/uploads/2021/basford-brands/MK-MON-180221WH-2.jpg. Error: Not Found
06-17-2021 @ 16:28:54 - Row :64 - Product updated successfully.
06-17-2021 @ 16:28:54 - Row :65 - Parsing item.
06-17-2021 @ 16:28:54 - Row :65 - Processing item.
06-17-2021 @ 16:28:54 - Found simple product object. ID:445757
06-17-2021 @ 16:28:54 - Setting Featured Image. URL:https://inspiry.co.nz/wp-content/uploads/2021/basford-brands/MK-MYK-180221AS.jpg
06-17-2021 @ 16:28:55 - URL:https://inspiry.co.nz/wp-content/uploads/2021/basford-brands/MK-MYK-180221AS.jpg Reason:Error getting remote image https://inspiry.co.nz/wp-content/uploads/2021/basford-brands/MK-MYK-180221AS.jpg. Error: Not Found
06-17-2021 @ 16:28:55 - Setting Gallery Images.
06-17-2021 @ 16:28:55 - Image URL:https://inspiry.co.nz/wp-content/uploads/2021/basford-brands/MK-MYK-180221AS-1.jpg
06-17-2021 @ 16:28:55 - Attachment ID:445933
06-17-2021 @ 16:28:55 - Image URL:https://inspiry.co.nz/wp-content/uploads/2021/basford-brands/MK-MYK-180221AS-2.jpg
06-17-2021 @ 16:28:56 - URL:https://inspiry.co.nz/wp-content/uploads/2021/basford-brands/MK-MYK-180221AS-2.jpg Reason:Error getting remote image https://inspiry.co.nz/wp-content/uploads/2021/basford-brands/MK-MYK-180221AS-2.jpg. Error: Not Found
06-17-2021 @ 16:28:57 - Row :65 - Product updated successfully.
06-17-2021 @ 16:28:57 - Row :66 - Parsing item.
06-17-2021 @ 16:28:57 - Row :66 - Processing item.
06-17-2021 @ 16:28:57 - Found simple product object. ID:445758
06-17-2021 @ 16:28:57 - Setting Featured Image. URL:https://inspiry.co.nz/wp-content/uploads/2021/basford-brands/MK-MYK-180221DU.jpg
06-17-2021 @ 16:28:58 - URL:https://inspiry.co.nz/wp-content/uploads/2021/basford-brands/MK-MYK-180221DU.jpg Reason:Error getting remote image https://inspiry.co.nz/wp-content/uploads/2021/basford-brands/MK-MYK-180221DU.jpg. Error: Not Found
06-17-2021 @ 16:28:58 - Setting Gallery Images.
06-17-2021 @ 16:28:58 - Image URL:https://inspiry.co.nz/wp-content/uploads/2021/basford-brands/MK-MYK-180221DU-1.jpg
06-17-2021 @ 16:28:58 - Attachment ID:445934
06-17-2021 @ 16:28:58 - Image URL:https://inspiry.co.nz/wp-content/uploads/2021/basford-brands/MK-MYK-180221DU-2.jpg
06-17-2021 @ 16:29:00 - URL:https://inspiry.co.nz/wp-content/uploads/2021/basford-brands/MK-MYK-180221DU-2.jpg Reason:Error getting remote image https://inspiry.co.nz/wp-content/uploads/2021/basford-brands/MK-MYK-180221DU-2.jpg. Error: Not Found
06-17-2021 @ 16:29:00 - Row :66 - Product updated successfully.
06-17-2021 @ 16:29:00 - Row :67 - Parsing item.
06-17-2021 @ 16:29:00 - Row :67 - Processing item.
06-17-2021 @ 16:29:00 - Found simple product object. ID:445759
06-17-2021 @ 16:29:00 - Setting Featured Image. URL:https://inspiry.co.nz/wp-content/uploads/2021/basford-brands/MK-MYK-180221IC.jpg
06-17-2021 @ 16:29:01 - URL:https://inspiry.co.nz/wp-content/uploads/2021/basford-brands/MK-MYK-180221IC.jpg Reason:Error getting remote image https://inspiry.co.nz/wp-content/uploads/2021/basford-brands/MK-MYK-180221IC.jpg. Error: Not Found
06-17-2021 @ 16:29:01 - Setting Gallery Images.
06-17-2021 @ 16:29:01 - Image URL:https://inspiry.co.nz/wp-content/uploads/2021/basford-brands/MK-MYK-180221IC-1.jpg
06-17-2021 @ 16:29:02 - Attachment ID:445935
06-17-2021 @ 16:29:02 - Image URL:https://inspiry.co.nz/wp-content/uploads/2021/basford-brands/MK-MYK-180221IC-2.jpg
06-17-2021 @ 16:29:03 - URL:https://inspiry.co.nz/wp-content/uploads/2021/basford-brands/MK-MYK-180221IC-2.jpg Reason:Error getting remote image https://inspiry.co.nz/wp-content/uploads/2021/basford-brands/MK-MYK-180221IC-2.jpg. Error: Not Found
06-17-2021 @ 16:29:04 - Row :67 - Product updated successfully.
06-17-2021 @ 16:29:04 - Row :68 - Parsing item.
06-17-2021 @ 16:29:04 - Row :68 - Processing item.
06-17-2021 @ 16:29:04 - Found simple product object. ID:445760
06-17-2021 @ 16:29:04 - Setting Featured Image. URL:https://inspiry.co.nz/wp-content/uploads/2021/basford-brands/MK-MYK-180221SN.jpg
06-17-2021 @ 16:29:05 - URL:https://inspiry.co.nz/wp-content/uploads/2021/basford-brands/MK-MYK-180221SN.jpg Reason:Error getting remote image https://inspiry.co.nz/wp-content/uploads/2021/basford-brands/MK-MYK-180221SN.jpg. Error: Not Found
06-17-2021 @ 16:29:05 - Setting Gallery Images.
06-17-2021 @ 16:29:05 - Image URL:https://inspiry.co.nz/wp-content/uploads/2021/basford-brands/MK-MYK-180221SN-1.jpg
06-17-2021 @ 16:29:05 - Attachment ID:445936
06-17-2021 @ 16:29:05 - Image URL:https://inspiry.co.nz/wp-content/uploads/2021/basford-brands/MK-MYK-180221SN-2.jpg
06-17-2021 @ 16:29:07 - URL:https://inspiry.co.nz/wp-content/uploads/2021/basford-brands/MK-MYK-180221SN-2.jpg Reason:Error getting remote image https://inspiry.co.nz/wp-content/uploads/2021/basford-brands/MK-MYK-180221SN-2.jpg. Error: Not Found
06-17-2021 @ 16:29:07 - Row :68 - Product updated successfully.
06-17-2021 @ 16:29:07 - Row :69 - Parsing item.
06-17-2021 @ 16:29:07 - Row :69 - Processing item.
06-17-2021 @ 16:29:07 - Found simple product object. ID:445761
06-17-2021 @ 16:29:07 - Setting Featured Image. URL:https://inspiry.co.nz/wp-content/uploads/2021/basford-brands/MK-SANT180221AS.jpg
06-17-2021 @ 16:29:07 - Attachment ID:445843
06-17-2021 @ 16:29:07 - Setting Gallery Images.
06-17-2021 @ 16:29:07 - Image URL:https://inspiry.co.nz/wp-content/uploads/2021/basford-brands/MK-SANT180221AS-1.jpg
06-17-2021 @ 16:29:08 - Attachment ID:445937
06-17-2021 @ 16:29:08 - Image URL:https://inspiry.co.nz/wp-content/uploads/2021/basford-brands/MK-SANT180221AS-2.jpg
06-17-2021 @ 16:29:09 - URL:https://inspiry.co.nz/wp-content/uploads/2021/basford-brands/MK-SANT180221AS-2.jpg Reason:Error getting remote image https://inspiry.co.nz/wp-content/uploads/2021/basford-brands/MK-SANT180221AS-2.jpg. Error: Not Found
06-17-2021 @ 16:29:09 - Row :69 - Product updated successfully.
06-17-2021 @ 16:29:09 - Row :70 - Parsing item.
06-17-2021 @ 16:29:09 - Row :70 - Processing item.
06-17-2021 @ 16:29:09 - Found simple product object. ID:445762
06-17-2021 @ 16:29:09 - Setting Featured Image. URL:https://inspiry.co.nz/wp-content/uploads/2021/basford-brands/MK-SANT180221DU.jpg
06-17-2021 @ 16:29:09 - Attachment ID:445844
06-17-2021 @ 16:29:09 - Setting Gallery Images.
06-17-2021 @ 16:29:09 - Image URL:https://inspiry.co.nz/wp-content/uploads/2021/basford-brands/MK-SANT180221DU-1.jpg
06-17-2021 @ 16:29:10 - Attachment ID:445938
06-17-2021 @ 16:29:10 - Image URL:https://inspiry.co.nz/wp-content/uploads/2021/basford-brands/MK-SANT180221DU-2.jpg
06-17-2021 @ 16:29:11 - URL:https://inspiry.co.nz/wp-content/uploads/2021/basford-brands/MK-SANT180221DU-2.jpg Reason:Error getting remote image https://inspiry.co.nz/wp-content/uploads/2021/basford-brands/MK-SANT180221DU-2.jpg. Error: Not Found
06-17-2021 @ 16:29:12 - Row :70 - Product updated successfully.
06-17-2021 @ 16:29:13 - Preparing for import.
06-17-2021 @ 16:29:13 - Row :71 - Parsing item.
06-17-2021 @ 16:29:13 - Row :71 - Processing item.
06-17-2021 @ 16:29:13 - Found simple product object. ID:445763
06-17-2021 @ 16:29:13 - Setting Featured Image. URL:https://inspiry.co.nz/wp-content/uploads/2021/basford-brands/MK-SANT180221IC.jpg
06-17-2021 @ 16:29:14 - URL:https://inspiry.co.nz/wp-content/uploads/2021/basford-brands/MK-SANT180221IC.jpg Reason:Error getting remote image https://inspiry.co.nz/wp-content/uploads/2021/basford-brands/MK-SANT180221IC.jpg. Error: Not Found
06-17-2021 @ 16:29:14 - Setting Gallery Images.
06-17-2021 @ 16:29:14 - Image URL:https://inspiry.co.nz/wp-content/uploads/2021/basford-brands/MK-SANT180221IC-1.jpg
06-17-2021 @ 16:29:15 - URL:https://inspiry.co.nz/wp-content/uploads/2021/basford-brands/MK-SANT180221IC-1.jpg Reason:Error getting remote image https://inspiry.co.nz/wp-content/uploads/2021/basford-brands/MK-SANT180221IC-1.jpg. Error: Not Found
06-17-2021 @ 16:29:15 - Image URL:https://inspiry.co.nz/wp-content/uploads/2021/basford-brands/MK-SANT180221IC-2.jpg
06-17-2021 @ 16:29:16 - URL:https://inspiry.co.nz/wp-content/uploads/2021/basford-brands/MK-SANT180221IC-2.jpg Reason:Error getting remote image https://inspiry.co.nz/wp-content/uploads/2021/basford-brands/MK-SANT180221IC-2.jpg. Error: Not Found
06-17-2021 @ 16:29:17 - Row :71 - Product updated successfully.
06-17-2021 @ 16:29:17 - Row :72 - Parsing item.
06-17-2021 @ 16:29:17 - Row :72 - Processing item.
06-17-2021 @ 16:29:17 - Found simple product object. ID:445764
06-17-2021 @ 16:29:17 - Setting Featured Image. URL:https://inspiry.co.nz/wp-content/uploads/2021/basford-brands/MK-SANT180221SN.jpg
06-17-2021 @ 16:29:17 - Attachment ID:445845
06-17-2021 @ 16:29:17 - Setting Gallery Images.
06-17-2021 @ 16:29:17 - Image URL:https://inspiry.co.nz/wp-content/uploads/2021/basford-brands/MK-SANT180221SN-1.jpg
06-17-2021 @ 16:29:18 - Attachment ID:445939
06-17-2021 @ 16:29:18 - Image URL:https://inspiry.co.nz/wp-content/uploads/2021/basford-brands/MK-SANT180221SN-2.jpg
06-17-2021 @ 16:29:19 - URL:https://inspiry.co.nz/wp-content/uploads/2021/basford-brands/MK-SANT180221SN-2.jpg Reason:Error getting remote image https://inspiry.co.nz/wp-content/uploads/2021/basford-brands/MK-SANT180221SN-2.jpg. Error: Not Found
06-17-2021 @ 16:29:19 - Row :72 - Product updated successfully.
06-17-2021 @ 16:29:19 - Row :73 - Parsing item.
06-17-2021 @ 16:29:19 - Row :73 - Processing item.
06-17-2021 @ 16:29:19 - Found simple product object. ID:445765
06-17-2021 @ 16:29:19 - Setting Featured Image. URL:https://inspiry.co.nz/wp-content/uploads/2021/basford-brands/MK-ATRI060210BL.jpg
06-17-2021 @ 16:29:19 - Attachment ID:445846
06-17-2021 @ 16:29:19 - Setting Gallery Images.
06-17-2021 @ 16:29:19 - Image URL:https://inspiry.co.nz/wp-content/uploads/2021/basford-brands/MK-ATRI060210BL-1.jpg
06-17-2021 @ 16:29:20 - Attachment ID:445940
06-17-2021 @ 16:29:20 - Image URL:https://inspiry.co.nz/wp-content/uploads/2021/basford-brands/MK-ATRI060210BL-2.jpg
06-17-2021 @ 16:29:21 - URL:https://inspiry.co.nz/wp-content/uploads/2021/basford-brands/MK-ATRI060210BL-2.jpg Reason:Error getting remote image https://inspiry.co.nz/wp-content/uploads/2021/basford-brands/MK-ATRI060210BL-2.jpg. Error: Not Found
06-17-2021 @ 16:29:21 - Row :73 - Product updated successfully.
06-17-2021 @ 16:29:21 - Row :74 - Parsing item.
06-17-2021 @ 16:29:21 - Row :74 - Processing item.
06-17-2021 @ 16:29:21 - Found simple product object. ID:445766
06-17-2021 @ 16:29:21 - Setting Featured Image. URL:https://inspiry.co.nz/wp-content/uploads/2021/basford-brands/MK-ATRI060210NS.jpg
06-17-2021 @ 16:29:21 - Attachment ID:445847
06-17-2021 @ 16:29:21 - Setting Gallery Images.
06-17-2021 @ 16:29:21 - Image URL:https://inspiry.co.nz/wp-content/uploads/2021/basford-brands/MK-ATRI060210NS-1.jpg
06-17-2021 @ 16:29:22 - Attachment ID:445941
06-17-2021 @ 16:29:22 - Image URL:https://inspiry.co.nz/wp-content/uploads/2021/basford-brands/MK-ATRI060210NS-2.jpg
06-17-2021 @ 16:29:23 - URL:https://inspiry.co.nz/wp-content/uploads/2021/basford-brands/MK-ATRI060210NS-2.jpg Reason:Error getting remote image https://inspiry.co.nz/wp-content/uploads/2021/basford-brands/MK-ATRI060210NS-2.jpg. Error: Not Found
06-17-2021 @ 16:29:23 - Row :74 - Product updated successfully.
06-17-2021 @ 16:29:23 - Row :75 - Parsing item.
06-17-2021 @ 16:29:24 - Row :75 - Processing item.
06-17-2021 @ 16:29:24 - Found simple product object. ID:445767
06-17-2021 @ 16:29:24 - Setting Featured Image. URL:https://inspiry.co.nz/wp-content/uploads/2021/basford-brands/MK-ATRI060210SI.jpg
06-17-2021 @ 16:29:24 - Attachment ID:445848
06-17-2021 @ 16:29:24 - Setting Gallery Images.
06-17-2021 @ 16:29:24 - Image URL:https://inspiry.co.nz/wp-content/uploads/2021/basford-brands/MK-ATRI060210SI-1.jpg
06-17-2021 @ 16:29:24 - Attachment ID:445942
06-17-2021 @ 16:29:24 - Image URL:https://inspiry.co.nz/wp-content/uploads/2021/basford-brands/MK-ATRI060210SI-2.jpg
06-17-2021 @ 16:29:26 - URL:https://inspiry.co.nz/wp-content/uploads/2021/basford-brands/MK-ATRI060210SI-2.jpg Reason:Error getting remote image https://inspiry.co.nz/wp-content/uploads/2021/basford-brands/MK-ATRI060210SI-2.jpg. Error: Not Found
06-17-2021 @ 16:29:26 - Row :75 - Product updated successfully.
06-17-2021 @ 16:29:26 - Row :76 - Parsing item.
06-17-2021 @ 16:29:26 - Row :76 - Processing item.
06-17-2021 @ 16:29:26 - Found simple product object. ID:445768
06-17-2021 @ 16:29:26 - Setting Featured Image. URL:https://inspiry.co.nz/wp-content/uploads/2021/basford-brands/MK-ATRI060210WH.jpg
06-17-2021 @ 16:29:26 - Attachment ID:445849
06-17-2021 @ 16:29:26 - Setting Gallery Images.
06-17-2021 @ 16:29:26 - Image URL:https://inspiry.co.nz/wp-content/uploads/2021/basford-brands/MK-ATRI060210WH-1.jpg
06-17-2021 @ 16:29:27 - Attachment ID:445943
06-17-2021 @ 16:29:27 - Image URL:https://inspiry.co.nz/wp-content/uploads/2021/basford-brands/MK-ATRI060210WH-2.jpg
06-17-2021 @ 16:29:28 - URL:https://inspiry.co.nz/wp-content/uploads/2021/basford-brands/MK-ATRI060210WH-2.jpg Reason:Error getting remote image https://inspiry.co.nz/wp-content/uploads/2021/basford-brands/MK-ATRI060210WH-2.jpg. Error: Not Found
06-17-2021 @ 16:29:29 - Row :76 - Product updated successfully.
06-17-2021 @ 16:29:29 - Row :77 - Parsing item.
06-17-2021 @ 16:29:29 - Row :77 - Processing item.
06-17-2021 @ 16:29:29 - Found simple product object. ID:445769
06-17-2021 @ 16:29:29 - Setting Featured Image. URL:https://inspiry.co.nz/wp-content/uploads/2021/basford-brands/MK-CATO-210220AS.jpg
06-17-2021 @ 16:29:29 - Attachment ID:445850
06-17-2021 @ 16:29:29 - Setting Gallery Images.
06-17-2021 @ 16:29:29 - Image URL:https://inspiry.co.nz/wp-content/uploads/2021/basford-brands/MK-CATO-210220AS-1.jpg
06-17-2021 @ 16:29:29 - Attachment ID:445944
06-17-2021 @ 16:29:29 - Image URL:https://inspiry.co.nz/wp-content/uploads/2021/basford-brands/MK-CATO-210220AS-2.jpg
06-17-2021 @ 16:29:31 - URL:https://inspiry.co.nz/wp-content/uploads/2021/basford-brands/MK-CATO-210220AS-2.jpg Reason:Error getting remote image https://inspiry.co.nz/wp-content/uploads/2021/basford-brands/MK-CATO-210220AS-2.jpg. Error: Not Found
06-17-2021 @ 16:29:31 - Row :77 - Product updated successfully.
06-17-2021 @ 16:29:31 - Row :78 - Parsing item.
06-17-2021 @ 16:29:31 - Row :78 - Processing item.
06-17-2021 @ 16:29:31 - Found simple product object. ID:445770
06-17-2021 @ 16:29:31 - Setting Featured Image. URL:https://inspiry.co.nz/wp-content/uploads/2021/basford-brands/MK-CATO-210220CH.jpg
06-17-2021 @ 16:29:31 - Attachment ID:445851
06-17-2021 @ 16:29:31 - Setting Gallery Images.
06-17-2021 @ 16:29:31 - Image URL:https://inspiry.co.nz/wp-content/uploads/2021/basford-brands/MK-CATO-210220CH-1.jpg
06-17-2021 @ 16:29:32 - Attachment ID:445945
06-17-2021 @ 16:29:32 - Image URL:https://inspiry.co.nz/wp-content/uploads/2021/basford-brands/MK-CATO-210220CH-2.jpg
06-17-2021 @ 16:29:33 - URL:https://inspiry.co.nz/wp-content/uploads/2021/basford-brands/MK-CATO-210220CH-2.jpg Reason:Error getting remote image https://inspiry.co.nz/wp-content/uploads/2021/basford-brands/MK-CATO-210220CH-2.jpg. Error: Not Found
06-17-2021 @ 16:29:33 - Row :78 - Product updated successfully.
06-17-2021 @ 16:29:33 - Row :79 - Parsing item.
06-17-2021 @ 16:29:33 - Row :79 - Processing item.
06-17-2021 @ 16:29:33 - Found simple product object. ID:445771
06-17-2021 @ 16:29:33 - Setting Featured Image. URL:https://inspiry.co.nz/wp-content/uploads/2021/basford-brands/MK-CATO-210220LI.jpg
06-17-2021 @ 16:29:33 - Attachment ID:445852
06-17-2021 @ 16:29:33 - Setting Gallery Images.
06-17-2021 @ 16:29:33 - Image URL:https://inspiry.co.nz/wp-content/uploads/2021/basford-brands/MK-CATO-210220LI-1.jpg
06-17-2021 @ 16:29:34 - Attachment ID:445946
06-17-2021 @ 16:29:34 - Image URL:https://inspiry.co.nz/wp-content/uploads/2021/basford-brands/MK-CATO-210220LI-2.jpg
06-17-2021 @ 16:29:35 - URL:https://inspiry.co.nz/wp-content/uploads/2021/basford-brands/MK-CATO-210220LI-2.jpg Reason:Error getting remote image https://inspiry.co.nz/wp-content/uploads/2021/basford-brands/MK-CATO-210220LI-2.jpg. Error: Not Found
06-17-2021 @ 16:29:35 - Row :79 - Product updated successfully.
06-17-2021 @ 16:29:35 - Row :80 - Parsing item.
06-17-2021 @ 16:29:35 - Row :80 - Processing item.
06-17-2021 @ 16:29:35 - Found simple product object. ID:445772
06-17-2021 @ 16:29:35 - Setting Featured Image. URL:https://inspiry.co.nz/wp-content/uploads/2021/basford-brands/MK-VIS060240BL.jpg
06-17-2021 @ 16:29:35 - Attachment ID:445853
06-17-2021 @ 16:29:35 - Setting Gallery Images.
06-17-2021 @ 16:29:35 - Image URL:https://inspiry.co.nz/wp-content/uploads/2021/basford-brands/MK-VIS060240BL-1.jpg
06-17-2021 @ 16:29:36 - Attachment ID:445947
06-17-2021 @ 16:29:36 - Image URL:https://inspiry.co.nz/wp-content/uploads/2021/basford-brands/MK-VIS060240BL-2.jpg
06-17-2021 @ 16:29:37 - URL:https://inspiry.co.nz/wp-content/uploads/2021/basford-brands/MK-VIS060240BL-2.jpg Reason:Error getting remote image https://inspiry.co.nz/wp-content/uploads/2021/basford-brands/MK-VIS060240BL-2.jpg. Error: Not Found
06-17-2021 @ 16:29:38 - Row :80 - Product updated successfully.
06-17-2021 @ 16:29:39 - Preparing for import.
06-17-2021 @ 16:29:39 - Row :81 - Parsing item.
06-17-2021 @ 16:29:39 - Row :81 - Processing item.
06-17-2021 @ 16:29:39 - Found simple product object. ID:445773
06-17-2021 @ 16:29:39 - Setting Featured Image. URL:https://inspiry.co.nz/wp-content/uploads/2021/basford-brands/MK-VIS060240SI.jpg
06-17-2021 @ 16:29:39 - Attachment ID:445854
06-17-2021 @ 16:29:39 - Setting Gallery Images.
06-17-2021 @ 16:29:39 - Image URL:https://inspiry.co.nz/wp-content/uploads/2021/basford-brands/MK-VIS060240SI-1.jpg
06-17-2021 @ 16:29:40 - Attachment ID:445948
06-17-2021 @ 16:29:40 - Image URL:https://inspiry.co.nz/wp-content/uploads/2021/basford-brands/MK-VIS060240SI-2.jpg
06-17-2021 @ 16:29:41 - URL:https://inspiry.co.nz/wp-content/uploads/2021/basford-brands/MK-VIS060240SI-2.jpg Reason:Error getting remote image https://inspiry.co.nz/wp-content/uploads/2021/basford-brands/MK-VIS060240SI-2.jpg. Error: Not Found
06-17-2021 @ 16:29:42 - Row :81 - Product updated successfully.
06-17-2021 @ 16:29:42 - Row :82 - Parsing item.
06-17-2021 @ 16:29:42 - Row :82 - Processing item.
06-17-2021 @ 16:29:42 - Found simple product object. ID:445774
06-17-2021 @ 16:29:42 - Setting Featured Image. URL:https://inspiry.co.nz/wp-content/uploads/2021/basford-brands/MK-VIS060240ST.jpg
06-17-2021 @ 16:29:42 - Attachment ID:445855
06-17-2021 @ 16:29:42 - Setting Gallery Images.
06-17-2021 @ 16:29:42 - Image URL:https://inspiry.co.nz/wp-content/uploads/2021/basford-brands/MK-VIS060240ST-1.jpg
06-17-2021 @ 16:29:43 - Attachment ID:445949
06-17-2021 @ 16:29:43 - Image URL:https://inspiry.co.nz/wp-content/uploads/2021/basford-brands/MK-VIS060240ST-2.jpg
06-17-2021 @ 16:29:44 - URL:https://inspiry.co.nz/wp-content/uploads/2021/basford-brands/MK-VIS060240ST-2.jpg Reason:Error getting remote image https://inspiry.co.nz/wp-content/uploads/2021/basford-brands/MK-VIS060240ST-2.jpg. Error: Not Found
06-17-2021 @ 16:29:44 - Row :82 - Product updated successfully.
06-17-2021 @ 16:29:44 - Row :83 - Parsing item.
06-17-2021 @ 16:29:44 - Row :83 - Processing item.
06-17-2021 @ 16:29:44 - Found simple product object. ID:445775
06-17-2021 @ 16:29:44 - Setting Featured Image. URL:https://inspiry.co.nz/wp-content/uploads/2021/basford-brands/MK-VIS060240WH.jpg
06-17-2021 @ 16:29:45 - Attachment ID:445856
06-17-2021 @ 16:29:45 - Setting Gallery Images.
06-17-2021 @ 16:29:45 - Image URL:https://inspiry.co.nz/wp-content/uploads/2021/basford-brands/MK-VIS060240WH-1.jpg
06-17-2021 @ 16:29:46 - Attachment ID:445950
06-17-2021 @ 16:29:46 - Image URL:https://inspiry.co.nz/wp-content/uploads/2021/basford-brands/MK-VIS060240WH-2.jpg
06-17-2021 @ 16:29:47 - URL:https://inspiry.co.nz/wp-content/uploads/2021/basford-brands/MK-VIS060240WH-2.jpg Reason:Error getting remote image https://inspiry.co.nz/wp-content/uploads/2021/basford-brands/MK-VIS060240WH-2.jpg. Error: Not Found
06-17-2021 @ 16:29:47 - Row :83 - Product updated successfully.
06-17-2021 @ 16:29:47 - Row :84 - Parsing item.
06-17-2021 @ 16:29:47 - Row :84 - Processing item.
06-17-2021 @ 16:29:47 - Found simple product object. ID:445776
06-17-2021 @ 16:29:47 - Setting Featured Image. URL:https://inspiry.co.nz/wp-content/uploads/2021/basford-brands/MK-PILB-300LI.jpg
06-17-2021 @ 16:29:48 - Attachment ID:445857
06-17-2021 @ 16:29:48 - Setting Gallery Images.
06-17-2021 @ 16:29:48 - Image URL:https://inspiry.co.nz/wp-content/uploads/2021/basford-brands/MK-PILB-300LI-1.jpg
06-17-2021 @ 16:29:48 - Attachment ID:445951
06-17-2021 @ 16:29:48 - Image URL:https://inspiry.co.nz/wp-content/uploads/2021/basford-brands/MK-PILB-300LI-2.jpg
06-17-2021 @ 16:29:49 - URL:https://inspiry.co.nz/wp-content/uploads/2021/basford-brands/MK-PILB-300LI-2.jpg Reason:Error getting remote image https://inspiry.co.nz/wp-content/uploads/2021/basford-brands/MK-PILB-300LI-2.jpg. Error: Not Found
06-17-2021 @ 16:29:50 - Row :84 - Product updated successfully.
06-17-2021 @ 16:29:50 - Row :85 - Parsing item.
06-17-2021 @ 16:29:50 - Row :85 - Processing item.
06-17-2021 @ 16:29:50 - Found simple product object. ID:445777
06-17-2021 @ 16:29:50 - Setting Featured Image. URL:https://inspiry.co.nz/wp-content/uploads/2021/basford-brands/MK-PILB-300MA.jpg
06-17-2021 @ 16:29:50 - Attachment ID:445858
06-17-2021 @ 16:29:50 - Setting Gallery Images.
06-17-2021 @ 16:29:50 - Image URL:https://inspiry.co.nz/wp-content/uploads/2021/basford-brands/MK-PILB-300MA-1.jpg
06-17-2021 @ 16:29:51 - Attachment ID:445952
06-17-2021 @ 16:29:51 - Image URL:https://inspiry.co.nz/wp-content/uploads/2021/basford-brands/MK-PILB-300MA-2.jpg
06-17-2021 @ 16:29:52 - URL:https://inspiry.co.nz/wp-content/uploads/2021/basford-brands/MK-PILB-300MA-2.jpg Reason:Error getting remote image https://inspiry.co.nz/wp-content/uploads/2021/basford-brands/MK-PILB-300MA-2.jpg. Error: Not Found
06-17-2021 @ 16:29:52 - Row :85 - Product updated successfully.
06-17-2021 @ 16:29:52 - Row :86 - Parsing item.
06-17-2021 @ 16:29:52 - Row :86 - Processing item.
06-17-2021 @ 16:29:52 - Found simple product object. ID:445778
06-17-2021 @ 16:29:52 - Setting Featured Image. URL:https://inspiry.co.nz/wp-content/uploads/2021/basford-brands/MK-PILB-300PE.jpg
06-17-2021 @ 16:29:52 - Attachment ID:445859
06-17-2021 @ 16:29:52 - Setting Gallery Images.
06-17-2021 @ 16:29:52 - Image URL:https://inspiry.co.nz/wp-content/uploads/2021/basford-brands/MK-PILB-300PE-1.jpg
06-17-2021 @ 16:29:53 - Attachment ID:445953
06-17-2021 @ 16:29:53 - Image URL:https://inspiry.co.nz/wp-content/uploads/2021/basford-brands/MK-PILB-300PE-2.jpg
06-17-2021 @ 16:29:54 - URL:https://inspiry.co.nz/wp-content/uploads/2021/basford-brands/MK-PILB-300PE-2.jpg Reason:Error getting remote image https://inspiry.co.nz/wp-content/uploads/2021/basford-brands/MK-PILB-300PE-2.jpg. Error: Not Found
06-17-2021 @ 16:29:55 - Row :86 - Product updated successfully.
06-17-2021 @ 16:29:55 - Row :87 - Parsing item.
06-17-2021 @ 16:29:55 - Row :87 - Processing item.
06-17-2021 @ 16:29:55 - Found simple product object. ID:445779
06-17-2021 @ 16:29:55 - Setting Featured Image. URL:https://inspiry.co.nz/wp-content/uploads/2021/basford-brands/MK-PILB-300QU.jpg
06-17-2021 @ 16:29:55 - Attachment ID:445860
06-17-2021 @ 16:29:55 - Setting Gallery Images.
06-17-2021 @ 16:29:55 - Image URL:https://inspiry.co.nz/wp-content/uploads/2021/basford-brands/MK-PILB-300QU-1.jpg
06-17-2021 @ 16:29:56 - Attachment ID:445954
06-17-2021 @ 16:29:56 - Image URL:https://inspiry.co.nz/wp-content/uploads/2021/basford-brands/MK-PILB-300QU-2.jpg
06-17-2021 @ 16:29:57 - URL:https://inspiry.co.nz/wp-content/uploads/2021/basford-brands/MK-PILB-300QU-2.jpg Reason:Error getting remote image https://inspiry.co.nz/wp-content/uploads/2021/basford-brands/MK-PILB-300QU-2.jpg. Error: Not Found
06-17-2021 @ 16:29:57 - Row :87 - Product updated successfully.
06-17-2021 @ 16:29:57 - Row :88 - Parsing item.
06-17-2021 @ 16:29:57 - Row :88 - Processing item.
06-17-2021 @ 16:29:57 - Found simple product object. ID:445780
06-17-2021 @ 16:29:57 - Setting Featured Image. URL:https://inspiry.co.nz/wp-content/uploads/2021/basford-brands/MK-PILB-300ST.jpg
06-17-2021 @ 16:29:58 - Attachment ID:445861
06-17-2021 @ 16:29:58 - Setting Gallery Images.
06-17-2021 @ 16:29:58 - Image URL:https://inspiry.co.nz/wp-content/uploads/2021/basford-brands/MK-PILB-300ST-1.jpg
06-17-2021 @ 16:29:59 - Attachment ID:445955
06-17-2021 @ 16:29:59 - Image URL:https://inspiry.co.nz/wp-content/uploads/2021/basford-brands/MK-PILB-300ST-2.jpg
06-17-2021 @ 16:30:00 - URL:https://inspiry.co.nz/wp-content/uploads/2021/basford-brands/MK-PILB-300ST-2.jpg Reason:Error getting remote image https://inspiry.co.nz/wp-content/uploads/2021/basford-brands/MK-PILB-300ST-2.jpg. Error: Not Found
06-17-2021 @ 16:30:01 - Row :88 - Product updated successfully.
06-17-2021 @ 16:30:01 - Row :89 - Parsing item.
06-17-2021 @ 16:30:01 - Row :89 - Processing item.
06-17-2021 @ 16:30:01 - Found simple product object. ID:445781
06-17-2021 @ 16:30:02 - Setting Featured Image. URL:https://inspiry.co.nz/wp-content/uploads/2021/basford-brands/MK-PILB-300TA.jpg
06-17-2021 @ 16:30:02 - Attachment ID:445862
06-17-2021 @ 16:30:02 - Setting Gallery Images.
06-17-2021 @ 16:30:02 - Image URL:https://inspiry.co.nz/wp-content/uploads/2021/basford-brands/MK-PILB-300TA-1.jpg
06-17-2021 @ 16:30:03 - Attachment ID:445956
06-17-2021 @ 16:30:03 - Image URL:https://inspiry.co.nz/wp-content/uploads/2021/basford-brands/MK-PILB-300TA-2.jpg
06-17-2021 @ 16:30:04 - URL:https://inspiry.co.nz/wp-content/uploads/2021/basford-brands/MK-PILB-300TA-2.jpg Reason:Error getting remote image https://inspiry.co.nz/wp-content/uploads/2021/basford-brands/MK-PILB-300TA-2.jpg. Error: Not Found
06-17-2021 @ 16:30:05 - Row :89 - Product updated successfully.
06-17-2021 @ 16:30:05 - Row :90 - Parsing item.
06-17-2021 @ 16:30:05 - Row :90 - Processing item.
06-17-2021 @ 16:30:05 - Found simple product object. ID:445782
06-17-2021 @ 16:30:05 - Setting Featured Image. URL:https://inspiry.co.nz/wp-content/uploads/2021/basford-brands/MK-PILB-300GR.jpg
06-17-2021 @ 16:30:05 - Attachment ID:445863
06-17-2021 @ 16:30:05 - Setting Gallery Images.
06-17-2021 @ 16:30:05 - Image URL:https://inspiry.co.nz/wp-content/uploads/2021/basford-brands/MK-PILB-300GR-1.jpg
06-17-2021 @ 16:30:06 - Attachment ID:445957
06-17-2021 @ 16:30:06 - Image URL:https://inspiry.co.nz/wp-content/uploads/2021/basford-brands/MK-PILB-300GR-2.jpg
06-17-2021 @ 16:30:08 - URL:https://inspiry.co.nz/wp-content/uploads/2021/basford-brands/MK-PILB-300GR-2.jpg Reason:Error getting remote image https://inspiry.co.nz/wp-content/uploads/2021/basford-brands/MK-PILB-300GR-2.jpg. Error: Not Found
06-17-2021 @ 16:30:08 - Row :90 - Product updated successfully.
06-17-2021 @ 16:30:10 - Preparing for import.
06-17-2021 @ 16:30:10 - Row :91 - Parsing item.
06-17-2021 @ 16:30:10 - Row :91 - Processing item.
06-17-2021 @ 16:30:10 - Found simple product object. ID:445783
06-17-2021 @ 16:30:10 - Setting Featured Image. URL:https://inspiry.co.nz/wp-content/uploads/2021/basford-brands/MK-PILB-300PA.jpg
06-17-2021 @ 16:30:10 - Attachment ID:445864
06-17-2021 @ 16:30:10 - Setting Gallery Images.
06-17-2021 @ 16:30:10 - Image URL:https://inspiry.co.nz/wp-content/uploads/2021/basford-brands/MK-PILB-300PA-1.jpg
06-17-2021 @ 16:30:11 - Attachment ID:445958
06-17-2021 @ 16:30:11 - Image URL:https://inspiry.co.nz/wp-content/uploads/2021/basford-brands/MK-PILB-300PA-2.jpg
06-17-2021 @ 16:30:12 - URL:https://inspiry.co.nz/wp-content/uploads/2021/basford-brands/MK-PILB-300PA-2.jpg Reason:Error getting remote image https://inspiry.co.nz/wp-content/uploads/2021/basford-brands/MK-PILB-300PA-2.jpg. Error: Not Found
06-17-2021 @ 16:30:12 - Row :91 - Product updated successfully.
06-17-2021 @ 16:30:12 - Row :92 - Parsing item.
06-17-2021 @ 16:30:12 - Row :92 - Processing item.
06-17-2021 @ 16:30:13 - Found simple product object. ID:445784
06-17-2021 @ 16:30:13 - Setting Featured Image. URL:https://inspiry.co.nz/wp-content/uploads/2021/basford-brands/MK-PILB-300BR.jpg
06-17-2021 @ 16:30:14 - URL:https://inspiry.co.nz/wp-content/uploads/2021/basford-brands/MK-PILB-300BR.jpg Reason:Error getting remote image https://inspiry.co.nz/wp-content/uploads/2021/basford-brands/MK-PILB-300BR.jpg. Error: Not Found
06-17-2021 @ 16:30:14 - Setting Gallery Images.
06-17-2021 @ 16:30:14 - Image URL:https://inspiry.co.nz/wp-content/uploads/2021/basford-brands/MK-PILB-300BR-1.jpg
06-17-2021 @ 16:30:15 - URL:https://inspiry.co.nz/wp-content/uploads/2021/basford-brands/MK-PILB-300BR-1.jpg Reason:Error getting remote image https://inspiry.co.nz/wp-content/uploads/2021/basford-brands/MK-PILB-300BR-1.jpg. Error: Not Found
06-17-2021 @ 16:30:15 - Image URL:https://inspiry.co.nz/wp-content/uploads/2021/basford-brands/MK-PILB-300BR-2.jpg
06-17-2021 @ 16:30:17 - URL:https://inspiry.co.nz/wp-content/uploads/2021/basford-brands/MK-PILB-300BR-2.jpg Reason:Error getting remote image https://inspiry.co.nz/wp-content/uploads/2021/basford-brands/MK-PILB-300BR-2.jpg. Error: Not Found
06-17-2021 @ 16:30:17 - Row :92 - Product updated successfully.
06-17-2021 @ 16:30:17 - Row :93 - Parsing item.
06-17-2021 @ 16:30:17 - Row :93 - Processing item.
06-17-2021 @ 16:30:17 - Found simple product object. ID:445785
06-17-2021 @ 16:30:17 - Setting Featured Image. URL:https://inspiry.co.nz/wp-content/uploads/2021/basford-brands/MK-PILB-300VO.jpg
06-17-2021 @ 16:30:18 - Attachment ID:445865
06-17-2021 @ 16:30:18 - Setting Gallery Images.
06-17-2021 @ 16:30:18 - Image URL:https://inspiry.co.nz/wp-content/uploads/2021/basford-brands/MK-PILB-300VO-1.jpg
06-17-2021 @ 16:30:18 - Attachment ID:445959
06-17-2021 @ 16:30:18 - Image URL:https://inspiry.co.nz/wp-content/uploads/2021/basford-brands/MK-PILB-300VO-2.jpg
06-17-2021 @ 16:30:20 - URL:https://inspiry.co.nz/wp-content/uploads/2021/basford-brands/MK-PILB-300VO-2.jpg Reason:Error getting remote image https://inspiry.co.nz/wp-content/uploads/2021/basford-brands/MK-PILB-300VO-2.jpg. Error: Not Found
06-17-2021 @ 16:30:20 - Row :93 - Product updated successfully.
06-17-2021 @ 16:30:20 - Row :94 - Parsing item.
06-17-2021 @ 16:30:20 - Row :94 - Processing item.
06-17-2021 @ 16:30:20 - Found simple product object. ID:445786
06-17-2021 @ 16:30:20 - Setting Featured Image. URL:https://inspiry.co.nz/wp-content/uploads/2021/basford-brands/MK-PILB-300FL.jpg
06-17-2021 @ 16:30:22 - URL:https://inspiry.co.nz/wp-content/uploads/2021/basford-brands/MK-PILB-300FL.jpg Reason:Error getting remote image https://inspiry.co.nz/wp-content/uploads/2021/basford-brands/MK-PILB-300FL.jpg. Error: Not Found
06-17-2021 @ 16:30:22 - Setting Gallery Images.
06-17-2021 @ 16:30:22 - Image URL:https://inspiry.co.nz/wp-content/uploads/2021/basford-brands/MK-PILB-300FL-1.jpg
06-17-2021 @ 16:30:23 - URL:https://inspiry.co.nz/wp-content/uploads/2021/basford-brands/MK-PILB-300FL-1.jpg Reason:Error getting remote image https://inspiry.co.nz/wp-content/uploads/2021/basford-brands/MK-PILB-300FL-1.jpg. Error: Not Found
06-17-2021 @ 16:30:23 - Image URL:https://inspiry.co.nz/wp-content/uploads/2021/basford-brands/MK-PILB-300FL-2.jpg
06-17-2021 @ 16:30:25 - URL:https://inspiry.co.nz/wp-content/uploads/2021/basford-brands/MK-PILB-300FL-2.jpg Reason:Error getting remote image https://inspiry.co.nz/wp-content/uploads/2021/basford-brands/MK-PILB-300FL-2.jpg. Error: Not Found
06-17-2021 @ 16:30:25 - Row :94 - Product updated successfully.
06-17-2021 @ 16:30:25 - Row :95 - Parsing item.
06-17-2021 @ 16:30:25 - Row :95 - Processing item.
06-17-2021 @ 16:30:25 - Found simple product object. ID:445787
06-17-2021 @ 16:30:25 - Setting Featured Image. URL:https://inspiry.co.nz/wp-content/uploads/2021/basford-brands/MK-PILB-300IC.jpg
06-17-2021 @ 16:30:26 - Attachment ID:445866
06-17-2021 @ 16:30:26 - Setting Gallery Images.
06-17-2021 @ 16:30:26 - Image URL:https://inspiry.co.nz/wp-content/uploads/2021/basford-brands/MK-PILB-300IC-1.jpg
06-17-2021 @ 16:30:26 - Attachment ID:445960
06-17-2021 @ 16:30:26 - Image URL:https://inspiry.co.nz/wp-content/uploads/2021/basford-brands/MK-PILB-300IC-2.jpg
06-17-2021 @ 16:30:28 - URL:https://inspiry.co.nz/wp-content/uploads/2021/basford-brands/MK-PILB-300IC-2.jpg Reason:Error getting remote image https://inspiry.co.nz/wp-content/uploads/2021/basford-brands/MK-PILB-300IC-2.jpg. Error: Not Found
06-17-2021 @ 16:30:28 - Row :95 - Product updated successfully.
06-17-2021 @ 16:30:28 - ---[ Import ended at 2021-06-17 04:30:28]---
