06-17-2021 @ 16:46:10 - ---[ New import started at 2021-06-17 04:46:10 ] PHP Memory: 768 MB, WP Memory: 40 MB
06-17-2021 @ 16:46:10 - Preparing for import.
06-17-2021 @ 16:46:10 - Row :1 - Parsing item.
06-17-2021 @ 16:46:10 - Row :1 - Processing item.
06-17-2021 @ 16:46:10 - Found simple product object. ID:445693
06-17-2021 @ 16:46:11 - Row :1 - Product updated successfully.
06-17-2021 @ 16:46:11 - Row :2 - Parsing item.
06-17-2021 @ 16:46:11 - Row :2 - Processing item.
06-17-2021 @ 16:46:11 - Found simple product object. ID:445694
06-17-2021 @ 16:46:11 - Row :2 - Product updated successfully.
06-17-2021 @ 16:46:11 - Row :3 - Parsing item.
06-17-2021 @ 16:46:11 - Row :3 - Processing item.
06-17-2021 @ 16:46:11 - Found simple product object. ID:445695
06-17-2021 @ 16:46:12 - Row :3 - Product updated successfully.
06-17-2021 @ 16:46:12 - Row :4 - Parsing item.
06-17-2021 @ 16:46:12 - Row :4 - Processing item.
06-17-2021 @ 16:46:12 - Found simple product object. ID:445696
06-17-2021 @ 16:46:12 - Row :4 - Product updated successfully.
06-17-2021 @ 16:46:12 - Row :5 - Parsing item.
06-17-2021 @ 16:46:12 - Row :5 - Processing item.
06-17-2021 @ 16:46:12 - Found simple product object. ID:445697
06-17-2021 @ 16:46:13 - Row :5 - Product updated successfully.
06-17-2021 @ 16:46:13 - Row :6 - Parsing item.
06-17-2021 @ 16:46:13 - Row :6 - Processing item.
06-17-2021 @ 16:46:13 - Found simple product object. ID:445698
06-17-2021 @ 16:46:13 - Row :6 - Product updated successfully.
06-17-2021 @ 16:46:13 - Row :7 - Parsing item.
06-17-2021 @ 16:46:13 - Row :7 - Processing item.
06-17-2021 @ 16:46:13 - Found simple product object. ID:445699
06-17-2021 @ 16:46:13 - Row :7 - Product updated successfully.
06-17-2021 @ 16:46:13 - Row :8 - Parsing item.
06-17-2021 @ 16:46:13 - Row :8 - Processing item.
06-17-2021 @ 16:46:13 - Found simple product object. ID:445700
06-17-2021 @ 16:46:14 - Row :8 - Product updated successfully.
06-17-2021 @ 16:46:14 - Row :9 - Parsing item.
06-17-2021 @ 16:46:14 - Row :9 - Processing item.
06-17-2021 @ 16:46:14 - Found simple product object. ID:445701
06-17-2021 @ 16:46:14 - Row :9 - Product updated successfully.
06-17-2021 @ 16:46:14 - Row :10 - Parsing item.
06-17-2021 @ 16:46:14 - Row :10 - Processing item.
06-17-2021 @ 16:46:14 - Found simple product object. ID:445702
06-17-2021 @ 16:46:14 - Row :10 - Product updated successfully.
06-17-2021 @ 16:46:15 - Preparing for import.
06-17-2021 @ 16:46:15 - Row :11 - Parsing item.
06-17-2021 @ 16:46:15 - Row :11 - Processing item.
06-17-2021 @ 16:46:15 - Found simple product object. ID:445703
06-17-2021 @ 16:46:16 - Row :11 - Product updated successfully.
06-17-2021 @ 16:46:16 - Row :12 - Parsing item.
06-17-2021 @ 16:46:16 - Row :12 - Processing item.
06-17-2021 @ 16:46:16 - Found simple product object. ID:445704
06-17-2021 @ 16:46:16 - Row :12 - Product updated successfully.
06-17-2021 @ 16:46:16 - Row :13 - Parsing item.
06-17-2021 @ 16:46:16 - Row :13 - Processing item.
06-17-2021 @ 16:46:16 - Found simple product object. ID:445705
06-17-2021 @ 16:46:16 - Row :13 - Product updated successfully.
06-17-2021 @ 16:46:16 - Row :14 - Parsing item.
06-17-2021 @ 16:46:16 - Row :14 - Processing item.
06-17-2021 @ 16:46:16 - Found simple product object. ID:445706
06-17-2021 @ 16:46:17 - Row :14 - Product updated successfully.
06-17-2021 @ 16:46:17 - Row :15 - Parsing item.
06-17-2021 @ 16:46:17 - Row :15 - Processing item.
06-17-2021 @ 16:46:17 - Found simple product object. ID:445707
06-17-2021 @ 16:46:17 - Row :15 - Product updated successfully.
06-17-2021 @ 16:46:17 - Row :16 - Parsing item.
06-17-2021 @ 16:46:17 - Row :16 - Processing item.
06-17-2021 @ 16:46:17 - Found simple product object. ID:445708
06-17-2021 @ 16:46:17 - Row :16 - Product updated successfully.
06-17-2021 @ 16:46:17 - Row :17 - Parsing item.
06-17-2021 @ 16:46:17 - Row :17 - Processing item.
06-17-2021 @ 16:46:17 - Found simple product object. ID:445709
06-17-2021 @ 16:46:18 - Row :17 - Product updated successfully.
06-17-2021 @ 16:46:18 - Row :18 - Parsing item.
06-17-2021 @ 16:46:18 - Row :18 - Processing item.
06-17-2021 @ 16:46:18 - Found simple product object. ID:445710
06-17-2021 @ 16:46:18 - Row :18 - Product updated successfully.
06-17-2021 @ 16:46:18 - Row :19 - Parsing item.
06-17-2021 @ 16:46:18 - Row :19 - Processing item.
06-17-2021 @ 16:46:18 - Found simple product object. ID:445711
06-17-2021 @ 16:46:19 - Row :19 - Product updated successfully.
06-17-2021 @ 16:46:19 - Row :20 - Parsing item.
06-17-2021 @ 16:46:19 - Row :20 - Processing item.
06-17-2021 @ 16:46:19 - Found simple product object. ID:445712
06-17-2021 @ 16:46:19 - Row :20 - Product updated successfully.
06-17-2021 @ 16:46:20 - Preparing for import.
06-17-2021 @ 16:46:20 - Row :21 - Parsing item.
06-17-2021 @ 16:46:20 - Row :21 - Processing item.
06-17-2021 @ 16:46:20 - Found simple product object. ID:445713
06-17-2021 @ 16:46:21 - Row :21 - Product updated successfully.
06-17-2021 @ 16:46:21 - Row :22 - Parsing item.
06-17-2021 @ 16:46:21 - Row :22 - Processing item.
06-17-2021 @ 16:46:21 - Found simple product object. ID:445714
06-17-2021 @ 16:46:21 - Row :22 - Product updated successfully.
06-17-2021 @ 16:46:21 - Row :23 - Parsing item.
06-17-2021 @ 16:46:21 - Row :23 - Processing item.
06-17-2021 @ 16:46:21 - Found simple product object. ID:445715
06-17-2021 @ 16:46:21 - Row :23 - Product updated successfully.
06-17-2021 @ 16:46:21 - Row :24 - Parsing item.
06-17-2021 @ 16:46:21 - Row :24 - Processing item.
06-17-2021 @ 16:46:21 - Found simple product object. ID:445716
06-17-2021 @ 16:46:22 - Row :24 - Product updated successfully.
06-17-2021 @ 16:46:22 - Row :25 - Parsing item.
06-17-2021 @ 16:46:22 - Row :25 - Processing item.
06-17-2021 @ 16:46:22 - Found simple product object. ID:445717
06-17-2021 @ 16:46:22 - Row :25 - Product updated successfully.
06-17-2021 @ 16:46:22 - Row :26 - Parsing item.
06-17-2021 @ 16:46:22 - Row :26 - Processing item.
06-17-2021 @ 16:46:22 - Found simple product object. ID:445718
06-17-2021 @ 16:46:22 - Row :26 - Product updated successfully.
06-17-2021 @ 16:46:22 - Row :27 - Parsing item.
06-17-2021 @ 16:46:22 - Row :27 - Processing item.
06-17-2021 @ 16:46:22 - Found simple product object. ID:445719
06-17-2021 @ 16:46:23 - Row :27 - Product updated successfully.
06-17-2021 @ 16:46:23 - Row :28 - Parsing item.
06-17-2021 @ 16:46:23 - Row :28 - Processing item.
06-17-2021 @ 16:46:23 - Found simple product object. ID:445720
06-17-2021 @ 16:46:23 - Row :28 - Product updated successfully.
06-17-2021 @ 16:46:23 - Row :29 - Parsing item.
06-17-2021 @ 16:46:23 - Row :29 - Processing item.
06-17-2021 @ 16:46:23 - Found simple product object. ID:445721
06-17-2021 @ 16:46:23 - Row :29 - Product updated successfully.
06-17-2021 @ 16:46:23 - Row :30 - Parsing item.
06-17-2021 @ 16:46:23 - Row :30 - Processing item.
06-17-2021 @ 16:46:24 - Found simple product object. ID:445722
06-17-2021 @ 16:46:24 - Row :30 - Product updated successfully.
06-17-2021 @ 16:46:26 - Preparing for import.
06-17-2021 @ 16:46:26 - Row :31 - Parsing item.
06-17-2021 @ 16:46:26 - Row :31 - Processing item.
06-17-2021 @ 16:46:26 - Found simple product object. ID:445723
06-17-2021 @ 16:46:26 - Row :31 - Product updated successfully.
06-17-2021 @ 16:46:26 - Row :32 - Parsing item.
06-17-2021 @ 16:46:26 - Row :32 - Processing item.
06-17-2021 @ 16:46:26 - Found simple product object. ID:445724
06-17-2021 @ 16:46:27 - Row :32 - Product updated successfully.
06-17-2021 @ 16:46:27 - Row :33 - Parsing item.
06-17-2021 @ 16:46:27 - Row :33 - Processing item.
06-17-2021 @ 16:46:27 - Found simple product object. ID:445725
06-17-2021 @ 16:46:27 - Row :33 - Product updated successfully.
06-17-2021 @ 16:46:27 - Row :34 - Parsing item.
06-17-2021 @ 16:46:27 - Row :34 - Processing item.
06-17-2021 @ 16:46:27 - Found simple product object. ID:445726
06-17-2021 @ 16:46:27 - Row :34 - Product updated successfully.
06-17-2021 @ 16:46:27 - Row :35 - Parsing item.
06-17-2021 @ 16:46:27 - Row :35 - Processing item.
06-17-2021 @ 16:46:27 - Found simple product object. ID:445727
06-17-2021 @ 16:46:28 - Row :35 - Product updated successfully.
06-17-2021 @ 16:46:28 - Row :36 - Parsing item.
06-17-2021 @ 16:46:28 - Row :36 - Processing item.
06-17-2021 @ 16:46:28 - Found simple product object. ID:445728
06-17-2021 @ 16:46:28 - Row :36 - Product updated successfully.
06-17-2021 @ 16:46:28 - Row :37 - Parsing item.
06-17-2021 @ 16:46:28 - Row :37 - Processing item.
06-17-2021 @ 16:46:28 - Found simple product object. ID:445729
06-17-2021 @ 16:46:28 - Row :37 - Product updated successfully.
06-17-2021 @ 16:46:28 - Row :38 - Parsing item.
06-17-2021 @ 16:46:28 - Row :38 - Processing item.
06-17-2021 @ 16:46:28 - Found simple product object. ID:445730
06-17-2021 @ 16:46:29 - Row :38 - Product updated successfully.
06-17-2021 @ 16:46:29 - Row :39 - Parsing item.
06-17-2021 @ 16:46:29 - Row :39 - Processing item.
06-17-2021 @ 16:46:29 - Found simple product object. ID:445731
06-17-2021 @ 16:46:29 - Row :39 - Product updated successfully.
06-17-2021 @ 16:46:29 - Row :40 - Parsing item.
06-17-2021 @ 16:46:29 - Row :40 - Processing item.
06-17-2021 @ 16:46:29 - Found simple product object. ID:445732
06-17-2021 @ 16:46:30 - Row :40 - Product updated successfully.
06-17-2021 @ 16:46:31 - Preparing for import.
06-17-2021 @ 16:46:31 - Row :41 - Parsing item.
06-17-2021 @ 16:46:31 - Row :41 - Processing item.
06-17-2021 @ 16:46:31 - Found simple product object. ID:445733
06-17-2021 @ 16:46:31 - Row :41 - Product updated successfully.
06-17-2021 @ 16:46:31 - Row :42 - Parsing item.
06-17-2021 @ 16:46:31 - Row :42 - Processing item.
06-17-2021 @ 16:46:31 - Found simple product object. ID:445734
06-17-2021 @ 16:46:32 - Row :42 - Product updated successfully.
06-17-2021 @ 16:46:32 - Row :43 - Parsing item.
06-17-2021 @ 16:46:32 - Row :43 - Processing item.
06-17-2021 @ 16:46:32 - Found simple product object. ID:445735
06-17-2021 @ 16:46:32 - Row :43 - Product updated successfully.
06-17-2021 @ 16:46:32 - Row :44 - Parsing item.
06-17-2021 @ 16:46:32 - Row :44 - Processing item.
06-17-2021 @ 16:46:32 - Found simple product object. ID:445736
06-17-2021 @ 16:46:32 - Row :44 - Product updated successfully.
06-17-2021 @ 16:46:32 - Row :45 - Parsing item.
06-17-2021 @ 16:46:32 - Row :45 - Processing item.
06-17-2021 @ 16:46:32 - Found simple product object. ID:445737
06-17-2021 @ 16:46:33 - Row :45 - Product updated successfully.
06-17-2021 @ 16:46:33 - Row :46 - Parsing item.
06-17-2021 @ 16:46:33 - Row :46 - Processing item.
06-17-2021 @ 16:46:33 - Found simple product object. ID:445738
06-17-2021 @ 16:46:33 - Row :46 - Product updated successfully.
06-17-2021 @ 16:46:33 - Row :47 - Parsing item.
06-17-2021 @ 16:46:33 - Row :47 - Processing item.
06-17-2021 @ 16:46:33 - Found simple product object. ID:445739
06-17-2021 @ 16:46:33 - Row :47 - Product updated successfully.
06-17-2021 @ 16:46:33 - Row :48 - Parsing item.
06-17-2021 @ 16:46:33 - Row :48 - Processing item.
06-17-2021 @ 16:46:33 - Found simple product object. ID:445740
06-17-2021 @ 16:46:34 - Row :48 - Product updated successfully.
06-17-2021 @ 16:46:34 - Row :49 - Parsing item.
06-17-2021 @ 16:46:34 - Row :49 - Processing item.
06-17-2021 @ 16:46:34 - Found simple product object. ID:445741
06-17-2021 @ 16:46:34 - Row :49 - Product updated successfully.
06-17-2021 @ 16:46:34 - Row :50 - Parsing item.
06-17-2021 @ 16:46:34 - Row :50 - Processing item.
06-17-2021 @ 16:46:34 - Found simple product object. ID:445742
06-17-2021 @ 16:46:34 - Row :50 - Product updated successfully.
06-17-2021 @ 16:46:35 - Preparing for import.
06-17-2021 @ 16:46:35 - Row :51 - Parsing item.
06-17-2021 @ 16:46:35 - Row :51 - Processing item.
06-17-2021 @ 16:46:35 - Found simple product object. ID:445743
06-17-2021 @ 16:46:36 - Row :51 - Product updated successfully.
06-17-2021 @ 16:46:36 - Row :52 - Parsing item.
06-17-2021 @ 16:46:36 - Row :52 - Processing item.
06-17-2021 @ 16:46:36 - Found simple product object. ID:445744
06-17-2021 @ 16:46:36 - Row :52 - Product updated successfully.
06-17-2021 @ 16:46:36 - Row :53 - Parsing item.
06-17-2021 @ 16:46:36 - Row :53 - Processing item.
06-17-2021 @ 16:46:36 - Found simple product object. ID:445745
06-17-2021 @ 16:46:36 - Row :53 - Product updated successfully.
06-17-2021 @ 16:46:36 - Row :54 - Parsing item.
06-17-2021 @ 16:46:36 - Row :54 - Processing item.
06-17-2021 @ 16:46:36 - Found simple product object. ID:445746
06-17-2021 @ 16:46:37 - Row :54 - Product updated successfully.
06-17-2021 @ 16:46:37 - Row :55 - Parsing item.
06-17-2021 @ 16:46:37 - Row :55 - Processing item.
06-17-2021 @ 16:46:37 - Found simple product object. ID:445747
06-17-2021 @ 16:46:37 - Row :55 - Product updated successfully.
06-17-2021 @ 16:46:37 - Row :56 - Parsing item.
06-17-2021 @ 16:46:37 - Row :56 - Processing item.
06-17-2021 @ 16:46:37 - Found simple product object. ID:445748
06-17-2021 @ 16:46:37 - Row :56 - Product updated successfully.
06-17-2021 @ 16:46:37 - Row :57 - Parsing item.
06-17-2021 @ 16:46:37 - Row :57 - Processing item.
06-17-2021 @ 16:46:37 - Found simple product object. ID:445749
06-17-2021 @ 16:46:38 - Row :57 - Product updated successfully.
06-17-2021 @ 16:46:38 - Row :58 - Parsing item.
06-17-2021 @ 16:46:38 - Row :58 - Processing item.
06-17-2021 @ 16:46:38 - Found simple product object. ID:445750
06-17-2021 @ 16:46:38 - Row :58 - Product updated successfully.
06-17-2021 @ 16:46:38 - Row :59 - Parsing item.
06-17-2021 @ 16:46:38 - Row :59 - Processing item.
06-17-2021 @ 16:46:38 - Found simple product object. ID:445751
06-17-2021 @ 16:46:38 - Row :59 - Product updated successfully.
06-17-2021 @ 16:46:38 - Row :60 - Parsing item.
06-17-2021 @ 16:46:38 - Row :60 - Processing item.
06-17-2021 @ 16:46:38 - Found simple product object. ID:445752
06-17-2021 @ 16:46:39 - Row :60 - Product updated successfully.
06-17-2021 @ 16:46:40 - Preparing for import.
06-17-2021 @ 16:46:40 - Row :61 - Parsing item.
06-17-2021 @ 16:46:40 - Row :61 - Processing item.
06-17-2021 @ 16:46:40 - Found simple product object. ID:445753
06-17-2021 @ 16:46:41 - Row :61 - Product updated successfully.
06-17-2021 @ 16:46:41 - Row :62 - Parsing item.
06-17-2021 @ 16:46:41 - Row :62 - Processing item.
06-17-2021 @ 16:46:41 - Found simple product object. ID:445754
06-17-2021 @ 16:46:41 - Row :62 - Product updated successfully.
06-17-2021 @ 16:46:41 - Row :63 - Parsing item.
06-17-2021 @ 16:46:41 - Row :63 - Processing item.
06-17-2021 @ 16:46:41 - Found simple product object. ID:445755
06-17-2021 @ 16:46:41 - Row :63 - Product updated successfully.
06-17-2021 @ 16:46:41 - Row :64 - Parsing item.
06-17-2021 @ 16:46:41 - Row :64 - Processing item.
06-17-2021 @ 16:46:41 - Found simple product object. ID:445756
06-17-2021 @ 16:46:42 - Row :64 - Product updated successfully.
06-17-2021 @ 16:46:42 - Row :65 - Parsing item.
06-17-2021 @ 16:46:42 - Row :65 - Processing item.
06-17-2021 @ 16:46:42 - Found simple product object. ID:445757
06-17-2021 @ 16:46:42 - Row :65 - Product updated successfully.
06-17-2021 @ 16:46:42 - Row :66 - Parsing item.
06-17-2021 @ 16:46:42 - Row :66 - Processing item.
06-17-2021 @ 16:46:42 - Found simple product object. ID:445758
06-17-2021 @ 16:46:42 - Row :66 - Product updated successfully.
06-17-2021 @ 16:46:42 - Row :67 - Parsing item.
06-17-2021 @ 16:46:42 - Row :67 - Processing item.
06-17-2021 @ 16:46:43 - Found simple product object. ID:445759
06-17-2021 @ 16:46:43 - Row :67 - Product updated successfully.
06-17-2021 @ 16:46:43 - Row :68 - Parsing item.
06-17-2021 @ 16:46:43 - Row :68 - Processing item.
06-17-2021 @ 16:46:43 - Found simple product object. ID:445760
06-17-2021 @ 16:46:43 - Row :68 - Product updated successfully.
06-17-2021 @ 16:46:43 - Row :69 - Parsing item.
06-17-2021 @ 16:46:43 - Row :69 - Processing item.
06-17-2021 @ 16:46:43 - Found simple product object. ID:445761
06-17-2021 @ 16:46:44 - Row :69 - Product updated successfully.
06-17-2021 @ 16:46:44 - Row :70 - Parsing item.
06-17-2021 @ 16:46:44 - Row :70 - Processing item.
06-17-2021 @ 16:46:44 - Found simple product object. ID:445762
06-17-2021 @ 16:46:44 - Row :70 - Product updated successfully.
06-17-2021 @ 16:46:45 - Preparing for import.
06-17-2021 @ 16:46:45 - Row :71 - Parsing item.
06-17-2021 @ 16:46:45 - Row :71 - Processing item.
06-17-2021 @ 16:46:45 - Found simple product object. ID:445763
06-17-2021 @ 16:46:46 - Row :71 - Product updated successfully.
06-17-2021 @ 16:46:46 - Row :72 - Parsing item.
06-17-2021 @ 16:46:46 - Row :72 - Processing item.
06-17-2021 @ 16:46:46 - Found simple product object. ID:445764
06-17-2021 @ 16:46:46 - Row :72 - Product updated successfully.
06-17-2021 @ 16:46:46 - Row :73 - Parsing item.
06-17-2021 @ 16:46:46 - Row :73 - Processing item.
06-17-2021 @ 16:46:46 - Found simple product object. ID:445765
06-17-2021 @ 16:46:46 - Row :73 - Product updated successfully.
06-17-2021 @ 16:46:46 - Row :74 - Parsing item.
06-17-2021 @ 16:46:46 - Row :74 - Processing item.
06-17-2021 @ 16:46:46 - Found simple product object. ID:445766
06-17-2021 @ 16:46:47 - Row :74 - Product updated successfully.
06-17-2021 @ 16:46:47 - Row :75 - Parsing item.
06-17-2021 @ 16:46:47 - Row :75 - Processing item.
06-17-2021 @ 16:46:47 - Found simple product object. ID:445767
06-17-2021 @ 16:46:47 - Row :75 - Product updated successfully.
06-17-2021 @ 16:46:47 - Row :76 - Parsing item.
06-17-2021 @ 16:46:47 - Row :76 - Processing item.
06-17-2021 @ 16:46:47 - Found simple product object. ID:445768
06-17-2021 @ 16:46:48 - Row :76 - Product updated successfully.
06-17-2021 @ 16:46:48 - Row :77 - Parsing item.
06-17-2021 @ 16:46:48 - Row :77 - Processing item.
06-17-2021 @ 16:46:48 - Found simple product object. ID:445769
06-17-2021 @ 16:46:48 - Row :77 - Product updated successfully.
06-17-2021 @ 16:46:48 - Row :78 - Parsing item.
06-17-2021 @ 16:46:48 - Row :78 - Processing item.
06-17-2021 @ 16:46:48 - Found simple product object. ID:445770
06-17-2021 @ 16:46:48 - Row :78 - Product updated successfully.
06-17-2021 @ 16:46:48 - Row :79 - Parsing item.
06-17-2021 @ 16:46:48 - Row :79 - Processing item.
06-17-2021 @ 16:46:48 - Found simple product object. ID:445771
06-17-2021 @ 16:46:49 - Row :79 - Product updated successfully.
06-17-2021 @ 16:46:49 - Row :80 - Parsing item.
06-17-2021 @ 16:46:49 - Row :80 - Processing item.
06-17-2021 @ 16:46:49 - Found simple product object. ID:445772
06-17-2021 @ 16:46:49 - Row :80 - Product updated successfully.
06-17-2021 @ 16:46:50 - Preparing for import.
06-17-2021 @ 16:46:50 - Row :81 - Parsing item.
06-17-2021 @ 16:46:50 - Row :81 - Processing item.
06-17-2021 @ 16:46:50 - Found simple product object. ID:445773
06-17-2021 @ 16:46:51 - Row :81 - Product updated successfully.
06-17-2021 @ 16:46:51 - Row :82 - Parsing item.
06-17-2021 @ 16:46:51 - Row :82 - Processing item.
06-17-2021 @ 16:46:51 - Found simple product object. ID:445774
06-17-2021 @ 16:46:51 - Row :82 - Product updated successfully.
06-17-2021 @ 16:46:51 - Row :83 - Parsing item.
06-17-2021 @ 16:46:51 - Row :83 - Processing item.
06-17-2021 @ 16:46:51 - Found simple product object. ID:445775
06-17-2021 @ 16:46:51 - Row :83 - Product updated successfully.
06-17-2021 @ 16:46:51 - Row :84 - Parsing item.
06-17-2021 @ 16:46:51 - Row :84 - Processing item.
06-17-2021 @ 16:46:51 - Found simple product object. ID:445776
06-17-2021 @ 16:46:52 - Row :84 - Product updated successfully.
06-17-2021 @ 16:46:52 - Row :85 - Parsing item.
06-17-2021 @ 16:46:52 - Row :85 - Processing item.
06-17-2021 @ 16:46:52 - Found simple product object. ID:445777
06-17-2021 @ 16:46:52 - Row :85 - Product updated successfully.
06-17-2021 @ 16:46:52 - Row :86 - Parsing item.
06-17-2021 @ 16:46:52 - Row :86 - Processing item.
06-17-2021 @ 16:46:52 - Found simple product object. ID:445778
06-17-2021 @ 16:46:52 - Row :86 - Product updated successfully.
06-17-2021 @ 16:46:52 - Row :87 - Parsing item.
06-17-2021 @ 16:46:52 - Row :87 - Processing item.
06-17-2021 @ 16:46:52 - Found simple product object. ID:445779
06-17-2021 @ 16:46:53 - Row :87 - Product updated successfully.
06-17-2021 @ 16:46:53 - Row :88 - Parsing item.
06-17-2021 @ 16:46:53 - Row :88 - Processing item.
06-17-2021 @ 16:46:53 - Found simple product object. ID:445780
06-17-2021 @ 16:46:53 - Row :88 - Product updated successfully.
06-17-2021 @ 16:46:53 - Row :89 - Parsing item.
06-17-2021 @ 16:46:53 - Row :89 - Processing item.
06-17-2021 @ 16:46:53 - Found simple product object. ID:445781
06-17-2021 @ 16:46:53 - Row :89 - Product updated successfully.
06-17-2021 @ 16:46:53 - Row :90 - Parsing item.
06-17-2021 @ 16:46:53 - Row :90 - Processing item.
06-17-2021 @ 16:46:53 - Found simple product object. ID:445782
06-17-2021 @ 16:46:54 - Row :90 - Product updated successfully.
06-17-2021 @ 16:46:55 - Preparing for import.
06-17-2021 @ 16:46:55 - Row :91 - Parsing item.
06-17-2021 @ 16:46:55 - Row :91 - Processing item.
06-17-2021 @ 16:46:55 - Found simple product object. ID:445783
06-17-2021 @ 16:46:55 - Row :91 - Product updated successfully.
06-17-2021 @ 16:46:55 - Row :92 - Parsing item.
06-17-2021 @ 16:46:55 - Row :92 - Processing item.
06-17-2021 @ 16:46:55 - Found simple product object. ID:445784
06-17-2021 @ 16:46:55 - Row :92 - Product updated successfully.
06-17-2021 @ 16:46:55 - Row :93 - Parsing item.
06-17-2021 @ 16:46:55 - Row :93 - Processing item.
06-17-2021 @ 16:46:55 - Found simple product object. ID:445785
06-17-2021 @ 16:46:56 - Row :93 - Product updated successfully.
06-17-2021 @ 16:46:56 - Row :94 - Parsing item.
06-17-2021 @ 16:46:56 - Row :94 - Processing item.
06-17-2021 @ 16:46:56 - Found simple product object. ID:445786
06-17-2021 @ 16:46:56 - Row :94 - Product updated successfully.
06-17-2021 @ 16:46:56 - Row :95 - Parsing item.
06-17-2021 @ 16:46:56 - Row :95 - Processing item.
06-17-2021 @ 16:46:56 - Found simple product object. ID:445787
06-17-2021 @ 16:46:57 - Row :95 - Product updated successfully.
06-17-2021 @ 16:46:57 - ---[ Import ended at 2021-06-17 04:46:57]---
