06-17-2021 @ 16:48:36 - ---[ New import started at 2021-06-17 04:48:36 ] PHP Memory: 768 MB, WP Memory: 40 MB
06-17-2021 @ 16:48:36 - Preparing for import.
06-17-2021 @ 16:48:36 - Row :1 - Parsing item.
06-17-2021 @ 16:48:37 - Row :1 - Processing item.
06-17-2021 @ 16:48:37 - Found simple product object. ID:445693
06-17-2021 @ 16:48:37 - Setting Featured Image. URL:https://inspiry.co.nz/wp-content/uploads/2020/11/Inspiry_Logo-transparent&-1".png
06-17-2021 @ 16:48:38 - URL:https://inspiry.co.nz/wp-content/uploads/2020/11/Inspiry_Logo-transparent&-1".png Reason:Error getting remote image https://inspiry.co.nz/wp-content/uploads/2020/11/Inspiry_Logo-transparent&-1.png. Error: Not Found
06-17-2021 @ 16:48:38 - Setting Gallery Images.
06-17-2021 @ 16:48:38 - Image URL:https://inspiry.co.nz/wp-content/uploads/2020/11/Inspiry_Logo-transparent&-1".png
06-17-2021 @ 16:48:38 - URL:https://inspiry.co.nz/wp-content/uploads/2020/11/Inspiry_Logo-transparent&-1".png Reason:Error getting remote image https://inspiry.co.nz/wp-content/uploads/2020/11/Inspiry_Logo-transparent&-1.png. Error: Not Found
06-17-2021 @ 16:48:39 - Row :1 - Product updated successfully.
06-17-2021 @ 16:48:39 - Row :2 - Parsing item.
06-17-2021 @ 16:48:39 - Row :2 - Processing item.
06-17-2021 @ 16:48:39 - Found simple product object. ID:445694
06-17-2021 @ 16:48:39 - Setting Featured Image. URL:https://inspiry.co.nz/wp-content/uploads/2020/11/Inspiry_Logo-transparent&-1".png
06-17-2021 @ 16:48:40 - URL:https://inspiry.co.nz/wp-content/uploads/2020/11/Inspiry_Logo-transparent&-1".png Reason:Error getting remote image https://inspiry.co.nz/wp-content/uploads/2020/11/Inspiry_Logo-transparent&-1.png. Error: Not Found
06-17-2021 @ 16:48:40 - Setting Gallery Images.
06-17-2021 @ 16:48:40 - Image URL:https://inspiry.co.nz/wp-content/uploads/2020/11/Inspiry_Logo-transparent&-1".png
06-17-2021 @ 16:48:40 - URL:https://inspiry.co.nz/wp-content/uploads/2020/11/Inspiry_Logo-transparent&-1".png Reason:Error getting remote image https://inspiry.co.nz/wp-content/uploads/2020/11/Inspiry_Logo-transparent&-1.png. Error: Not Found
06-17-2021 @ 16:48:41 - Row :2 - Product updated successfully.
06-17-2021 @ 16:48:41 - Row :3 - Parsing item.
06-17-2021 @ 16:48:41 - Row :3 - Processing item.
06-17-2021 @ 16:48:41 - Found simple product object. ID:445695
06-17-2021 @ 16:48:41 - Setting Featured Image. URL:https://inspiry.co.nz/wp-content/uploads/2020/11/Inspiry_Logo-transparent&-1".png
06-17-2021 @ 16:48:42 - URL:https://inspiry.co.nz/wp-content/uploads/2020/11/Inspiry_Logo-transparent&-1".png Reason:Error getting remote image https://inspiry.co.nz/wp-content/uploads/2020/11/Inspiry_Logo-transparent&-1.png. Error: Not Found
06-17-2021 @ 16:48:42 - Setting Gallery Images.
06-17-2021 @ 16:48:42 - Image URL:https://inspiry.co.nz/wp-content/uploads/2020/11/Inspiry_Logo-transparent&-1".png
06-17-2021 @ 16:48:42 - URL:https://inspiry.co.nz/wp-content/uploads/2020/11/Inspiry_Logo-transparent&-1".png Reason:Error getting remote image https://inspiry.co.nz/wp-content/uploads/2020/11/Inspiry_Logo-transparent&-1.png. Error: Not Found
06-17-2021 @ 16:48:43 - Row :3 - Product updated successfully.
06-17-2021 @ 16:48:43 - Row :4 - Parsing item.
06-17-2021 @ 16:48:43 - Row :4 - Processing item.
06-17-2021 @ 16:48:43 - Found simple product object. ID:445696
06-17-2021 @ 16:48:43 - Setting Featured Image. URL:https://inspiry.co.nz/wp-content/uploads/2020/11/Inspiry_Logo-transparent&-1".png
06-17-2021 @ 16:48:44 - URL:https://inspiry.co.nz/wp-content/uploads/2020/11/Inspiry_Logo-transparent&-1".png Reason:Error getting remote image https://inspiry.co.nz/wp-content/uploads/2020/11/Inspiry_Logo-transparent&-1.png. Error: Not Found
06-17-2021 @ 16:48:44 - Setting Gallery Images.
06-17-2021 @ 16:48:44 - Image URL:https://inspiry.co.nz/wp-content/uploads/2020/11/Inspiry_Logo-transparent&-1".png
06-17-2021 @ 16:48:45 - URL:https://inspiry.co.nz/wp-content/uploads/2020/11/Inspiry_Logo-transparent&-1".png Reason:Error getting remote image https://inspiry.co.nz/wp-content/uploads/2020/11/Inspiry_Logo-transparent&-1.png. Error: Not Found
06-17-2021 @ 16:48:45 - Row :4 - Product updated successfully.
06-17-2021 @ 16:48:45 - Row :5 - Parsing item.
06-17-2021 @ 16:48:45 - Row :5 - Processing item.
06-17-2021 @ 16:48:45 - Found simple product object. ID:445697
06-17-2021 @ 16:48:45 - Setting Featured Image. URL:https://inspiry.co.nz/wp-content/uploads/2020/11/Inspiry_Logo-transparent&-1".png
06-17-2021 @ 16:48:46 - URL:https://inspiry.co.nz/wp-content/uploads/2020/11/Inspiry_Logo-transparent&-1".png Reason:Error getting remote image https://inspiry.co.nz/wp-content/uploads/2020/11/Inspiry_Logo-transparent&-1.png. Error: Not Found
06-17-2021 @ 16:48:46 - Setting Gallery Images.
06-17-2021 @ 16:48:46 - Image URL:https://inspiry.co.nz/wp-content/uploads/2020/11/Inspiry_Logo-transparent&-1".png
06-17-2021 @ 16:48:46 - URL:https://inspiry.co.nz/wp-content/uploads/2020/11/Inspiry_Logo-transparent&-1".png Reason:Error getting remote image https://inspiry.co.nz/wp-content/uploads/2020/11/Inspiry_Logo-transparent&-1.png. Error: Not Found
06-17-2021 @ 16:48:47 - Row :5 - Product updated successfully.
06-17-2021 @ 16:48:47 - Row :6 - Parsing item.
06-17-2021 @ 16:48:47 - Row :6 - Processing item.
06-17-2021 @ 16:48:47 - Found simple product object. ID:445698
06-17-2021 @ 16:48:47 - Setting Featured Image. URL:https://inspiry.co.nz/wp-content/uploads/2020/11/Inspiry_Logo-transparent&-1".png
06-17-2021 @ 16:48:48 - URL:https://inspiry.co.nz/wp-content/uploads/2020/11/Inspiry_Logo-transparent&-1".png Reason:Error getting remote image https://inspiry.co.nz/wp-content/uploads/2020/11/Inspiry_Logo-transparent&-1.png. Error: Not Found
06-17-2021 @ 16:48:48 - Setting Gallery Images.
06-17-2021 @ 16:48:48 - Image URL:https://inspiry.co.nz/wp-content/uploads/2020/11/Inspiry_Logo-transparent&-1".png
06-17-2021 @ 16:48:48 - URL:https://inspiry.co.nz/wp-content/uploads/2020/11/Inspiry_Logo-transparent&-1".png Reason:Error getting remote image https://inspiry.co.nz/wp-content/uploads/2020/11/Inspiry_Logo-transparent&-1.png. Error: Not Found
06-17-2021 @ 16:48:49 - Row :6 - Product updated successfully.
06-17-2021 @ 16:48:49 - Row :7 - Parsing item.
06-17-2021 @ 16:48:49 - Row :7 - Processing item.
06-17-2021 @ 16:48:49 - Found simple product object. ID:445699
06-17-2021 @ 16:48:49 - Setting Featured Image. URL:https://inspiry.co.nz/wp-content/uploads/2020/11/Inspiry_Logo-transparent&-1".png
06-17-2021 @ 16:48:50 - URL:https://inspiry.co.nz/wp-content/uploads/2020/11/Inspiry_Logo-transparent&-1".png Reason:Error getting remote image https://inspiry.co.nz/wp-content/uploads/2020/11/Inspiry_Logo-transparent&-1.png. Error: Not Found
06-17-2021 @ 16:48:50 - Setting Gallery Images.
06-17-2021 @ 16:48:50 - Image URL:https://inspiry.co.nz/wp-content/uploads/2020/11/Inspiry_Logo-transparent&-1".png
06-17-2021 @ 16:48:50 - URL:https://inspiry.co.nz/wp-content/uploads/2020/11/Inspiry_Logo-transparent&-1".png Reason:Error getting remote image https://inspiry.co.nz/wp-content/uploads/2020/11/Inspiry_Logo-transparent&-1.png. Error: Not Found
06-17-2021 @ 16:48:51 - Row :7 - Product updated successfully.
06-17-2021 @ 16:48:51 - Row :8 - Parsing item.
06-17-2021 @ 16:48:51 - Row :8 - Processing item.
06-17-2021 @ 16:48:51 - Found simple product object. ID:445700
06-17-2021 @ 16:48:51 - Setting Featured Image. URL:https://inspiry.co.nz/wp-content/uploads/2020/11/Inspiry_Logo-transparent&-1".png
06-17-2021 @ 16:48:52 - URL:https://inspiry.co.nz/wp-content/uploads/2020/11/Inspiry_Logo-transparent&-1".png Reason:Error getting remote image https://inspiry.co.nz/wp-content/uploads/2020/11/Inspiry_Logo-transparent&-1.png. Error: Not Found
06-17-2021 @ 16:48:52 - Setting Gallery Images.
06-17-2021 @ 16:48:52 - Image URL:https://inspiry.co.nz/wp-content/uploads/2020/11/Inspiry_Logo-transparent&-1".png
06-17-2021 @ 16:48:52 - URL:https://inspiry.co.nz/wp-content/uploads/2020/11/Inspiry_Logo-transparent&-1".png Reason:Error getting remote image https://inspiry.co.nz/wp-content/uploads/2020/11/Inspiry_Logo-transparent&-1.png. Error: Not Found
06-17-2021 @ 16:48:53 - Row :8 - Product updated successfully.
06-17-2021 @ 16:48:53 - Row :9 - Parsing item.
06-17-2021 @ 16:48:53 - Row :9 - Processing item.
06-17-2021 @ 16:48:53 - Found simple product object. ID:445701
06-17-2021 @ 16:48:53 - Setting Featured Image. URL:https://inspiry.co.nz/wp-content/uploads/2020/11/Inspiry_Logo-transparent&-1".png
06-17-2021 @ 16:48:54 - URL:https://inspiry.co.nz/wp-content/uploads/2020/11/Inspiry_Logo-transparent&-1".png Reason:Error getting remote image https://inspiry.co.nz/wp-content/uploads/2020/11/Inspiry_Logo-transparent&-1.png. Error: Not Found
06-17-2021 @ 16:48:54 - Setting Gallery Images.
06-17-2021 @ 16:48:54 - Image URL:https://inspiry.co.nz/wp-content/uploads/2020/11/Inspiry_Logo-transparent&-1".png
06-17-2021 @ 16:48:55 - URL:https://inspiry.co.nz/wp-content/uploads/2020/11/Inspiry_Logo-transparent&-1".png Reason:Error getting remote image https://inspiry.co.nz/wp-content/uploads/2020/11/Inspiry_Logo-transparent&-1.png. Error: Not Found
06-17-2021 @ 16:48:55 - Row :9 - Product updated successfully.
06-17-2021 @ 16:48:55 - Row :10 - Parsing item.
06-17-2021 @ 16:48:55 - Row :10 - Processing item.
06-17-2021 @ 16:48:55 - Found simple product object. ID:445702
06-17-2021 @ 16:48:55 - Setting Featured Image. URL:https://inspiry.co.nz/wp-content/uploads/2020/11/Inspiry_Logo-transparent&-1".png
06-17-2021 @ 16:48:56 - URL:https://inspiry.co.nz/wp-content/uploads/2020/11/Inspiry_Logo-transparent&-1".png Reason:Error getting remote image https://inspiry.co.nz/wp-content/uploads/2020/11/Inspiry_Logo-transparent&-1.png. Error: Not Found
06-17-2021 @ 16:48:56 - Setting Gallery Images.
06-17-2021 @ 16:48:56 - Image URL:https://inspiry.co.nz/wp-content/uploads/2020/11/Inspiry_Logo-transparent&-1".png
06-17-2021 @ 16:48:57 - URL:https://inspiry.co.nz/wp-content/uploads/2020/11/Inspiry_Logo-transparent&-1".png Reason:Error getting remote image https://inspiry.co.nz/wp-content/uploads/2020/11/Inspiry_Logo-transparent&-1.png. Error: Not Found
06-17-2021 @ 16:48:57 - Row :10 - Product updated successfully.
06-17-2021 @ 16:48:59 - Preparing for import.
06-17-2021 @ 16:48:59 - Row :11 - Parsing item.
06-17-2021 @ 16:48:59 - Row :11 - Processing item.
06-17-2021 @ 16:48:59 - Found simple product object. ID:445703
06-17-2021 @ 16:48:59 - Setting Featured Image. URL:https://inspiry.co.nz/wp-content/uploads/2020/11/Inspiry_Logo-transparent&-1".png
06-17-2021 @ 16:49:00 - URL:https://inspiry.co.nz/wp-content/uploads/2020/11/Inspiry_Logo-transparent&-1".png Reason:Error getting remote image https://inspiry.co.nz/wp-content/uploads/2020/11/Inspiry_Logo-transparent&-1.png. Error: Not Found
06-17-2021 @ 16:49:00 - Setting Gallery Images.
06-17-2021 @ 16:49:00 - Image URL:https://inspiry.co.nz/wp-content/uploads/2020/11/Inspiry_Logo-transparent&-1".png
06-17-2021 @ 16:49:01 - URL:https://inspiry.co.nz/wp-content/uploads/2020/11/Inspiry_Logo-transparent&-1".png Reason:Error getting remote image https://inspiry.co.nz/wp-content/uploads/2020/11/Inspiry_Logo-transparent&-1.png. Error: Not Found
06-17-2021 @ 16:49:01 - Row :11 - Product updated successfully.
06-17-2021 @ 16:49:01 - Row :12 - Parsing item.
06-17-2021 @ 16:49:01 - Row :12 - Processing item.
06-17-2021 @ 16:49:01 - Found simple product object. ID:445704
06-17-2021 @ 16:49:01 - Setting Featured Image. URL:https://inspiry.co.nz/wp-content/uploads/2020/11/Inspiry_Logo-transparent&-1".png
06-17-2021 @ 16:49:04 - URL:https://inspiry.co.nz/wp-content/uploads/2020/11/Inspiry_Logo-transparent&-1".png Reason:Error getting remote image https://inspiry.co.nz/wp-content/uploads/2020/11/Inspiry_Logo-transparent&-1.png. Error: Not Found
06-17-2021 @ 16:49:04 - Setting Gallery Images.
06-17-2021 @ 16:49:04 - Image URL:https://inspiry.co.nz/wp-content/uploads/2020/11/Inspiry_Logo-transparent&-1".png
06-17-2021 @ 16:49:07 - URL:https://inspiry.co.nz/wp-content/uploads/2020/11/Inspiry_Logo-transparent&-1".png Reason:Error getting remote image https://inspiry.co.nz/wp-content/uploads/2020/11/Inspiry_Logo-transparent&-1.png. Error: Not Found
06-17-2021 @ 16:49:07 - Row :12 - Product updated successfully.
06-17-2021 @ 16:49:07 - Row :13 - Parsing item.
06-17-2021 @ 16:49:07 - Row :13 - Processing item.
06-17-2021 @ 16:49:07 - Found simple product object. ID:445705
06-17-2021 @ 16:49:07 - Setting Featured Image. URL:https://inspiry.co.nz/wp-content/uploads/2020/11/Inspiry_Logo-transparent&-1".png
06-17-2021 @ 16:49:08 - URL:https://inspiry.co.nz/wp-content/uploads/2020/11/Inspiry_Logo-transparent&-1".png Reason:Error getting remote image https://inspiry.co.nz/wp-content/uploads/2020/11/Inspiry_Logo-transparent&-1.png. Error: Not Found
06-17-2021 @ 16:49:08 - Setting Gallery Images.
06-17-2021 @ 16:49:08 - Image URL:https://inspiry.co.nz/wp-content/uploads/2020/11/Inspiry_Logo-transparent&-1".png
06-17-2021 @ 16:49:10 - URL:https://inspiry.co.nz/wp-content/uploads/2020/11/Inspiry_Logo-transparent&-1".png Reason:Error getting remote image https://inspiry.co.nz/wp-content/uploads/2020/11/Inspiry_Logo-transparent&-1.png. Error: Not Found
06-17-2021 @ 16:49:10 - Row :13 - Product updated successfully.
06-17-2021 @ 16:49:10 - Row :14 - Parsing item.
06-17-2021 @ 16:49:10 - Row :14 - Processing item.
06-17-2021 @ 16:49:10 - Found simple product object. ID:445706
06-17-2021 @ 16:49:10 - Setting Featured Image. URL:https://inspiry.co.nz/wp-content/uploads/2020/11/Inspiry_Logo-transparent&-1".png
06-17-2021 @ 16:49:11 - URL:https://inspiry.co.nz/wp-content/uploads/2020/11/Inspiry_Logo-transparent&-1".png Reason:Error getting remote image https://inspiry.co.nz/wp-content/uploads/2020/11/Inspiry_Logo-transparent&-1.png. Error: Not Found
06-17-2021 @ 16:49:11 - Setting Gallery Images.
06-17-2021 @ 16:49:11 - Image URL:https://inspiry.co.nz/wp-content/uploads/2020/11/Inspiry_Logo-transparent&-1".png
06-17-2021 @ 16:49:12 - URL:https://inspiry.co.nz/wp-content/uploads/2020/11/Inspiry_Logo-transparent&-1".png Reason:Error getting remote image https://inspiry.co.nz/wp-content/uploads/2020/11/Inspiry_Logo-transparent&-1.png. Error: Not Found
06-17-2021 @ 16:49:12 - Row :14 - Product updated successfully.
06-17-2021 @ 16:49:12 - Row :15 - Parsing item.
06-17-2021 @ 16:49:12 - Row :15 - Processing item.
06-17-2021 @ 16:49:12 - Found simple product object. ID:445707
06-17-2021 @ 16:49:12 - Setting Featured Image. URL:https://inspiry.co.nz/wp-content/uploads/2020/11/Inspiry_Logo-transparent&-1".png
06-17-2021 @ 16:49:14 - URL:https://inspiry.co.nz/wp-content/uploads/2020/11/Inspiry_Logo-transparent&-1".png Reason:Error getting remote image https://inspiry.co.nz/wp-content/uploads/2020/11/Inspiry_Logo-transparent&-1.png. Error: Not Found
06-17-2021 @ 16:49:14 - Setting Gallery Images.
06-17-2021 @ 16:49:14 - Image URL:https://inspiry.co.nz/wp-content/uploads/2020/11/Inspiry_Logo-transparent&-1".png
06-17-2021 @ 16:49:14 - URL:https://inspiry.co.nz/wp-content/uploads/2020/11/Inspiry_Logo-transparent&-1".png Reason:Error getting remote image https://inspiry.co.nz/wp-content/uploads/2020/11/Inspiry_Logo-transparent&-1.png. Error: Not Found
06-17-2021 @ 16:49:15 - Row :15 - Product updated successfully.
06-17-2021 @ 16:49:15 - Row :16 - Parsing item.
06-17-2021 @ 16:49:15 - Row :16 - Processing item.
06-17-2021 @ 16:49:15 - Found simple product object. ID:445708
06-17-2021 @ 16:49:15 - Setting Featured Image. URL:https://inspiry.co.nz/wp-content/uploads/2020/11/Inspiry_Logo-transparent&-1".png
06-17-2021 @ 16:49:16 - URL:https://inspiry.co.nz/wp-content/uploads/2020/11/Inspiry_Logo-transparent&-1".png Reason:Error getting remote image https://inspiry.co.nz/wp-content/uploads/2020/11/Inspiry_Logo-transparent&-1.png. Error: Not Found
06-17-2021 @ 16:49:16 - Setting Gallery Images.
06-17-2021 @ 16:49:16 - Image URL:https://inspiry.co.nz/wp-content/uploads/2020/11/Inspiry_Logo-transparent&-1".png
06-17-2021 @ 16:49:17 - URL:https://inspiry.co.nz/wp-content/uploads/2020/11/Inspiry_Logo-transparent&-1".png Reason:Error getting remote image https://inspiry.co.nz/wp-content/uploads/2020/11/Inspiry_Logo-transparent&-1.png. Error: Not Found
06-17-2021 @ 16:49:17 - Row :16 - Product updated successfully.
06-17-2021 @ 16:49:17 - Row :17 - Parsing item.
06-17-2021 @ 16:49:17 - Row :17 - Processing item.
06-17-2021 @ 16:49:17 - Found simple product object. ID:445709
06-17-2021 @ 16:49:17 - Setting Featured Image. URL:https://inspiry.co.nz/wp-content/uploads/2020/11/Inspiry_Logo-transparent&-1".png
06-17-2021 @ 16:49:18 - URL:https://inspiry.co.nz/wp-content/uploads/2020/11/Inspiry_Logo-transparent&-1".png Reason:Error getting remote image https://inspiry.co.nz/wp-content/uploads/2020/11/Inspiry_Logo-transparent&-1.png. Error: Not Found
06-17-2021 @ 16:49:18 - Setting Gallery Images.
06-17-2021 @ 16:49:18 - Image URL:https://inspiry.co.nz/wp-content/uploads/2020/11/Inspiry_Logo-transparent&-1".png
06-17-2021 @ 16:49:19 - URL:https://inspiry.co.nz/wp-content/uploads/2020/11/Inspiry_Logo-transparent&-1".png Reason:Error getting remote image https://inspiry.co.nz/wp-content/uploads/2020/11/Inspiry_Logo-transparent&-1.png. Error: Not Found
06-17-2021 @ 16:49:20 - Row :17 - Product updated successfully.
06-17-2021 @ 16:49:20 - Row :18 - Parsing item.
06-17-2021 @ 16:49:20 - Row :18 - Processing item.
06-17-2021 @ 16:49:20 - Found simple product object. ID:445710
06-17-2021 @ 16:49:20 - Setting Featured Image. URL:https://inspiry.co.nz/wp-content/uploads/2020/11/Inspiry_Logo-transparent&-1".png
06-17-2021 @ 16:49:21 - URL:https://inspiry.co.nz/wp-content/uploads/2020/11/Inspiry_Logo-transparent&-1".png Reason:Error getting remote image https://inspiry.co.nz/wp-content/uploads/2020/11/Inspiry_Logo-transparent&-1.png. Error: Not Found
06-17-2021 @ 16:49:21 - Setting Gallery Images.
06-17-2021 @ 16:49:21 - Image URL:https://inspiry.co.nz/wp-content/uploads/2020/11/Inspiry_Logo-transparent&-1".png
06-17-2021 @ 16:49:21 - URL:https://inspiry.co.nz/wp-content/uploads/2020/11/Inspiry_Logo-transparent&-1".png Reason:Error getting remote image https://inspiry.co.nz/wp-content/uploads/2020/11/Inspiry_Logo-transparent&-1.png. Error: Not Found
06-17-2021 @ 16:49:22 - Row :18 - Product updated successfully.
06-17-2021 @ 16:49:22 - Row :19 - Parsing item.
06-17-2021 @ 16:49:22 - Row :19 - Processing item.
06-17-2021 @ 16:49:22 - Found simple product object. ID:445711
06-17-2021 @ 16:49:22 - Setting Featured Image. URL:https://inspiry.co.nz/wp-content/uploads/2020/11/Inspiry_Logo-transparent&-1".png
06-17-2021 @ 16:49:23 - URL:https://inspiry.co.nz/wp-content/uploads/2020/11/Inspiry_Logo-transparent&-1".png Reason:Error getting remote image https://inspiry.co.nz/wp-content/uploads/2020/11/Inspiry_Logo-transparent&-1.png. Error: Not Found
06-17-2021 @ 16:49:23 - Setting Gallery Images.
06-17-2021 @ 16:49:23 - Image URL:https://inspiry.co.nz/wp-content/uploads/2020/11/Inspiry_Logo-transparent&-1".png
06-17-2021 @ 16:49:24 - URL:https://inspiry.co.nz/wp-content/uploads/2020/11/Inspiry_Logo-transparent&-1".png Reason:Error getting remote image https://inspiry.co.nz/wp-content/uploads/2020/11/Inspiry_Logo-transparent&-1.png. Error: Not Found
06-17-2021 @ 16:49:24 - Row :19 - Product updated successfully.
06-17-2021 @ 16:49:24 - Row :20 - Parsing item.
06-17-2021 @ 16:49:24 - Row :20 - Processing item.
06-17-2021 @ 16:49:24 - Found simple product object. ID:445712
06-17-2021 @ 16:49:24 - Setting Featured Image. URL:https://inspiry.co.nz/wp-content/uploads/2020/11/Inspiry_Logo-transparent&-1".png
06-17-2021 @ 16:49:26 - URL:https://inspiry.co.nz/wp-content/uploads/2020/11/Inspiry_Logo-transparent&-1".png Reason:Error getting remote image https://inspiry.co.nz/wp-content/uploads/2020/11/Inspiry_Logo-transparent&-1.png. Error: Not Found
06-17-2021 @ 16:49:26 - Setting Gallery Images.
06-17-2021 @ 16:49:26 - Image URL:https://inspiry.co.nz/wp-content/uploads/2020/11/Inspiry_Logo-transparent&-1".png
06-17-2021 @ 16:49:27 - URL:https://inspiry.co.nz/wp-content/uploads/2020/11/Inspiry_Logo-transparent&-1".png Reason:Error getting remote image https://inspiry.co.nz/wp-content/uploads/2020/11/Inspiry_Logo-transparent&-1.png. Error: Not Found
06-17-2021 @ 16:49:27 - Row :20 - Product updated successfully.
06-17-2021 @ 16:49:28 - Preparing for import.
06-17-2021 @ 16:49:28 - Row :21 - Parsing item.
06-17-2021 @ 16:49:28 - Row :21 - Processing item.
06-17-2021 @ 16:49:28 - Found simple product object. ID:445713
06-17-2021 @ 16:49:28 - Setting Featured Image. URL:https://inspiry.co.nz/wp-content/uploads/2020/11/Inspiry_Logo-transparent&-1".png
06-17-2021 @ 16:49:29 - URL:https://inspiry.co.nz/wp-content/uploads/2020/11/Inspiry_Logo-transparent&-1".png Reason:Error getting remote image https://inspiry.co.nz/wp-content/uploads/2020/11/Inspiry_Logo-transparent&-1.png. Error: Not Found
06-17-2021 @ 16:49:29 - Setting Gallery Images.
06-17-2021 @ 16:49:29 - Image URL:https://inspiry.co.nz/wp-content/uploads/2020/11/Inspiry_Logo-transparent&-1".png
06-17-2021 @ 16:49:29 - URL:https://inspiry.co.nz/wp-content/uploads/2020/11/Inspiry_Logo-transparent&-1".png Reason:Error getting remote image https://inspiry.co.nz/wp-content/uploads/2020/11/Inspiry_Logo-transparent&-1.png. Error: Not Found
06-17-2021 @ 16:49:30 - Row :21 - Product updated successfully.
06-17-2021 @ 16:49:30 - Row :22 - Parsing item.
06-17-2021 @ 16:49:30 - Row :22 - Processing item.
06-17-2021 @ 16:49:30 - Found simple product object. ID:445714
06-17-2021 @ 16:49:30 - Setting Featured Image. URL:https://inspiry.co.nz/wp-content/uploads/2020/11/Inspiry_Logo-transparent&-1".png
06-17-2021 @ 16:49:31 - URL:https://inspiry.co.nz/wp-content/uploads/2020/11/Inspiry_Logo-transparent&-1".png Reason:Error getting remote image https://inspiry.co.nz/wp-content/uploads/2020/11/Inspiry_Logo-transparent&-1.png. Error: Not Found
06-17-2021 @ 16:49:31 - Setting Gallery Images.
06-17-2021 @ 16:49:31 - Image URL:https://inspiry.co.nz/wp-content/uploads/2020/11/Inspiry_Logo-transparent&-1".png
06-17-2021 @ 16:49:32 - URL:https://inspiry.co.nz/wp-content/uploads/2020/11/Inspiry_Logo-transparent&-1".png Reason:Error getting remote image https://inspiry.co.nz/wp-content/uploads/2020/11/Inspiry_Logo-transparent&-1.png. Error: Not Found
06-17-2021 @ 16:49:32 - Row :22 - Product updated successfully.
06-17-2021 @ 16:49:32 - Row :23 - Parsing item.
06-17-2021 @ 16:49:32 - Row :23 - Processing item.
06-17-2021 @ 16:49:32 - Found simple product object. ID:445715
06-17-2021 @ 16:49:32 - Setting Featured Image. URL:https://inspiry.co.nz/wp-content/uploads/2020/11/Inspiry_Logo-transparent&-1".png
06-17-2021 @ 16:49:33 - URL:https://inspiry.co.nz/wp-content/uploads/2020/11/Inspiry_Logo-transparent&-1".png Reason:Error getting remote image https://inspiry.co.nz/wp-content/uploads/2020/11/Inspiry_Logo-transparent&-1.png. Error: Not Found
06-17-2021 @ 16:49:33 - Setting Gallery Images.
06-17-2021 @ 16:49:33 - Image URL:https://inspiry.co.nz/wp-content/uploads/2020/11/Inspiry_Logo-transparent&-1".png
06-17-2021 @ 16:49:34 - URL:https://inspiry.co.nz/wp-content/uploads/2020/11/Inspiry_Logo-transparent&-1".png Reason:Error getting remote image https://inspiry.co.nz/wp-content/uploads/2020/11/Inspiry_Logo-transparent&-1.png. Error: Not Found
06-17-2021 @ 16:49:34 - Row :23 - Product updated successfully.
06-17-2021 @ 16:49:34 - Row :24 - Parsing item.
06-17-2021 @ 16:49:34 - Row :24 - Processing item.
06-17-2021 @ 16:49:34 - Found simple product object. ID:445716
06-17-2021 @ 16:49:34 - Setting Featured Image. URL:https://inspiry.co.nz/wp-content/uploads/2020/11/Inspiry_Logo-transparent&-1".png
06-17-2021 @ 16:49:35 - URL:https://inspiry.co.nz/wp-content/uploads/2020/11/Inspiry_Logo-transparent&-1".png Reason:Error getting remote image https://inspiry.co.nz/wp-content/uploads/2020/11/Inspiry_Logo-transparent&-1.png. Error: Not Found
06-17-2021 @ 16:49:35 - Setting Gallery Images.
06-17-2021 @ 16:49:35 - Image URL:https://inspiry.co.nz/wp-content/uploads/2020/11/Inspiry_Logo-transparent&-1".png
06-17-2021 @ 16:49:36 - URL:https://inspiry.co.nz/wp-content/uploads/2020/11/Inspiry_Logo-transparent&-1".png Reason:Error getting remote image https://inspiry.co.nz/wp-content/uploads/2020/11/Inspiry_Logo-transparent&-1.png. Error: Not Found
06-17-2021 @ 16:49:36 - Row :24 - Product updated successfully.
06-17-2021 @ 16:49:36 - Row :25 - Parsing item.
06-17-2021 @ 16:49:36 - Row :25 - Processing item.
06-17-2021 @ 16:49:36 - Found simple product object. ID:445717
06-17-2021 @ 16:49:36 - Setting Featured Image. URL:https://inspiry.co.nz/wp-content/uploads/2020/11/Inspiry_Logo-transparent&-1".png
06-17-2021 @ 16:49:37 - URL:https://inspiry.co.nz/wp-content/uploads/2020/11/Inspiry_Logo-transparent&-1".png Reason:Error getting remote image https://inspiry.co.nz/wp-content/uploads/2020/11/Inspiry_Logo-transparent&-1.png. Error: Not Found
06-17-2021 @ 16:49:37 - Setting Gallery Images.
06-17-2021 @ 16:49:37 - Image URL:https://inspiry.co.nz/wp-content/uploads/2020/11/Inspiry_Logo-transparent&-1".png
06-17-2021 @ 16:49:38 - URL:https://inspiry.co.nz/wp-content/uploads/2020/11/Inspiry_Logo-transparent&-1".png Reason:Error getting remote image https://inspiry.co.nz/wp-content/uploads/2020/11/Inspiry_Logo-transparent&-1.png. Error: Not Found
06-17-2021 @ 16:49:38 - Row :25 - Product updated successfully.
06-17-2021 @ 16:49:38 - Row :26 - Parsing item.
06-17-2021 @ 16:49:38 - Row :26 - Processing item.
06-17-2021 @ 16:49:38 - Found simple product object. ID:445718
06-17-2021 @ 16:49:38 - Setting Featured Image. URL:https://inspiry.co.nz/wp-content/uploads/2020/11/Inspiry_Logo-transparent&-1".png
06-17-2021 @ 16:49:39 - URL:https://inspiry.co.nz/wp-content/uploads/2020/11/Inspiry_Logo-transparent&-1".png Reason:Error getting remote image https://inspiry.co.nz/wp-content/uploads/2020/11/Inspiry_Logo-transparent&-1.png. Error: Not Found
06-17-2021 @ 16:49:39 - Setting Gallery Images.
06-17-2021 @ 16:49:39 - Image URL:https://inspiry.co.nz/wp-content/uploads/2020/11/Inspiry_Logo-transparent&-1".png
06-17-2021 @ 16:49:40 - URL:https://inspiry.co.nz/wp-content/uploads/2020/11/Inspiry_Logo-transparent&-1".png Reason:Error getting remote image https://inspiry.co.nz/wp-content/uploads/2020/11/Inspiry_Logo-transparent&-1.png. Error: Not Found
06-17-2021 @ 16:49:40 - Row :26 - Product updated successfully.
06-17-2021 @ 16:49:40 - Row :27 - Parsing item.
06-17-2021 @ 16:49:40 - Row :27 - Processing item.
06-17-2021 @ 16:49:40 - Found simple product object. ID:445719
06-17-2021 @ 16:49:40 - Setting Featured Image. URL:https://inspiry.co.nz/wp-content/uploads/2020/11/Inspiry_Logo-transparent&-1".png
06-17-2021 @ 16:49:41 - URL:https://inspiry.co.nz/wp-content/uploads/2020/11/Inspiry_Logo-transparent&-1".png Reason:Error getting remote image https://inspiry.co.nz/wp-content/uploads/2020/11/Inspiry_Logo-transparent&-1.png. Error: Not Found
06-17-2021 @ 16:49:41 - Setting Gallery Images.
06-17-2021 @ 16:49:41 - Image URL:https://inspiry.co.nz/wp-content/uploads/2020/11/Inspiry_Logo-transparent&-1".png
06-17-2021 @ 16:49:42 - URL:https://inspiry.co.nz/wp-content/uploads/2020/11/Inspiry_Logo-transparent&-1".png Reason:Error getting remote image https://inspiry.co.nz/wp-content/uploads/2020/11/Inspiry_Logo-transparent&-1.png. Error: Not Found
06-17-2021 @ 16:49:42 - Row :27 - Product updated successfully.
06-17-2021 @ 16:49:42 - Row :28 - Parsing item.
06-17-2021 @ 16:49:42 - Row :28 - Processing item.
06-17-2021 @ 16:49:42 - Found simple product object. ID:445720
06-17-2021 @ 16:49:42 - Setting Featured Image. URL:https://inspiry.co.nz/wp-content/uploads/2020/11/Inspiry_Logo-transparent&-1".png
06-17-2021 @ 16:49:43 - URL:https://inspiry.co.nz/wp-content/uploads/2020/11/Inspiry_Logo-transparent&-1".png Reason:Error getting remote image https://inspiry.co.nz/wp-content/uploads/2020/11/Inspiry_Logo-transparent&-1.png. Error: Not Found
06-17-2021 @ 16:49:43 - Setting Gallery Images.
06-17-2021 @ 16:49:43 - Image URL:https://inspiry.co.nz/wp-content/uploads/2020/11/Inspiry_Logo-transparent&-1".png
06-17-2021 @ 16:49:44 - URL:https://inspiry.co.nz/wp-content/uploads/2020/11/Inspiry_Logo-transparent&-1".png Reason:Error getting remote image https://inspiry.co.nz/wp-content/uploads/2020/11/Inspiry_Logo-transparent&-1.png. Error: Not Found
06-17-2021 @ 16:49:44 - Row :28 - Product updated successfully.
06-17-2021 @ 16:49:44 - Row :29 - Parsing item.
06-17-2021 @ 16:49:44 - Row :29 - Processing item.
06-17-2021 @ 16:49:44 - Found simple product object. ID:445721
06-17-2021 @ 16:49:44 - Setting Featured Image. URL:https://inspiry.co.nz/wp-content/uploads/2020/11/Inspiry_Logo-transparent&-1".png
06-17-2021 @ 16:49:45 - URL:https://inspiry.co.nz/wp-content/uploads/2020/11/Inspiry_Logo-transparent&-1".png Reason:Error getting remote image https://inspiry.co.nz/wp-content/uploads/2020/11/Inspiry_Logo-transparent&-1.png. Error: Not Found
06-17-2021 @ 16:49:45 - Setting Gallery Images.
06-17-2021 @ 16:49:45 - Image URL:https://inspiry.co.nz/wp-content/uploads/2020/11/Inspiry_Logo-transparent&-1".png
06-17-2021 @ 16:49:46 - URL:https://inspiry.co.nz/wp-content/uploads/2020/11/Inspiry_Logo-transparent&-1".png Reason:Error getting remote image https://inspiry.co.nz/wp-content/uploads/2020/11/Inspiry_Logo-transparent&-1.png. Error: Not Found
06-17-2021 @ 16:49:46 - Row :29 - Product updated successfully.
06-17-2021 @ 16:49:46 - Row :30 - Parsing item.
06-17-2021 @ 16:49:46 - Row :30 - Processing item.
06-17-2021 @ 16:49:46 - Found simple product object. ID:445722
06-17-2021 @ 16:49:46 - Setting Featured Image. URL:https://inspiry.co.nz/wp-content/uploads/2020/11/Inspiry_Logo-transparent&-1".png
06-17-2021 @ 16:49:47 - URL:https://inspiry.co.nz/wp-content/uploads/2020/11/Inspiry_Logo-transparent&-1".png Reason:Error getting remote image https://inspiry.co.nz/wp-content/uploads/2020/11/Inspiry_Logo-transparent&-1.png. Error: Not Found
06-17-2021 @ 16:49:47 - Setting Gallery Images.
06-17-2021 @ 16:49:47 - Image URL:https://inspiry.co.nz/wp-content/uploads/2020/11/Inspiry_Logo-transparent&-1".png
06-17-2021 @ 16:49:48 - URL:https://inspiry.co.nz/wp-content/uploads/2020/11/Inspiry_Logo-transparent&-1".png Reason:Error getting remote image https://inspiry.co.nz/wp-content/uploads/2020/11/Inspiry_Logo-transparent&-1.png. Error: Not Found
06-17-2021 @ 16:49:49 - Row :30 - Product updated successfully.
06-17-2021 @ 16:49:50 - Preparing for import.
06-17-2021 @ 16:49:50 - Row :31 - Parsing item.
06-17-2021 @ 16:49:50 - Row :31 - Processing item.
06-17-2021 @ 16:49:50 - Found simple product object. ID:445723
06-17-2021 @ 16:49:50 - Setting Featured Image. URL:https://inspiry.co.nz/wp-content/uploads/2020/11/Inspiry_Logo-transparent&-1".png
06-17-2021 @ 16:49:51 - URL:https://inspiry.co.nz/wp-content/uploads/2020/11/Inspiry_Logo-transparent&-1".png Reason:Error getting remote image https://inspiry.co.nz/wp-content/uploads/2020/11/Inspiry_Logo-transparent&-1.png. Error: Not Found
06-17-2021 @ 16:49:51 - Setting Gallery Images.
06-17-2021 @ 16:49:51 - Image URL:https://inspiry.co.nz/wp-content/uploads/2020/11/Inspiry_Logo-transparent&-1".png
06-17-2021 @ 16:49:52 - URL:https://inspiry.co.nz/wp-content/uploads/2020/11/Inspiry_Logo-transparent&-1".png Reason:Error getting remote image https://inspiry.co.nz/wp-content/uploads/2020/11/Inspiry_Logo-transparent&-1.png. Error: Not Found
06-17-2021 @ 16:49:52 - Row :31 - Product updated successfully.
06-17-2021 @ 16:49:52 - Row :32 - Parsing item.
06-17-2021 @ 16:49:52 - Row :32 - Processing item.
06-17-2021 @ 16:49:52 - Found simple product object. ID:445724
06-17-2021 @ 16:49:52 - Setting Featured Image. URL:https://inspiry.co.nz/wp-content/uploads/2020/11/Inspiry_Logo-transparent&-1".png
06-17-2021 @ 16:49:53 - URL:https://inspiry.co.nz/wp-content/uploads/2020/11/Inspiry_Logo-transparent&-1".png Reason:Error getting remote image https://inspiry.co.nz/wp-content/uploads/2020/11/Inspiry_Logo-transparent&-1.png. Error: Not Found
06-17-2021 @ 16:49:53 - Setting Gallery Images.
06-17-2021 @ 16:49:53 - Image URL:https://inspiry.co.nz/wp-content/uploads/2020/11/Inspiry_Logo-transparent&-1".png
06-17-2021 @ 16:49:54 - URL:https://inspiry.co.nz/wp-content/uploads/2020/11/Inspiry_Logo-transparent&-1".png Reason:Error getting remote image https://inspiry.co.nz/wp-content/uploads/2020/11/Inspiry_Logo-transparent&-1.png. Error: Not Found
06-17-2021 @ 16:49:54 - Row :32 - Product updated successfully.
06-17-2021 @ 16:49:54 - Row :33 - Parsing item.
06-17-2021 @ 16:49:54 - Row :33 - Processing item.
06-17-2021 @ 16:49:54 - Found simple product object. ID:445725
06-17-2021 @ 16:49:54 - Setting Featured Image. URL:https://inspiry.co.nz/wp-content/uploads/2020/11/Inspiry_Logo-transparent&-1".png
06-17-2021 @ 16:49:55 - URL:https://inspiry.co.nz/wp-content/uploads/2020/11/Inspiry_Logo-transparent&-1".png Reason:Error getting remote image https://inspiry.co.nz/wp-content/uploads/2020/11/Inspiry_Logo-transparent&-1.png. Error: Not Found
06-17-2021 @ 16:49:55 - Setting Gallery Images.
06-17-2021 @ 16:49:55 - Image URL:https://inspiry.co.nz/wp-content/uploads/2020/11/Inspiry_Logo-transparent&-1".png
06-17-2021 @ 16:49:56 - URL:https://inspiry.co.nz/wp-content/uploads/2020/11/Inspiry_Logo-transparent&-1".png Reason:Error getting remote image https://inspiry.co.nz/wp-content/uploads/2020/11/Inspiry_Logo-transparent&-1.png. Error: Not Found
06-17-2021 @ 16:49:56 - Row :33 - Product updated successfully.
06-17-2021 @ 16:49:56 - Row :34 - Parsing item.
06-17-2021 @ 16:49:56 - Row :34 - Processing item.
06-17-2021 @ 16:49:56 - Found simple product object. ID:445726
06-17-2021 @ 16:49:56 - Setting Featured Image. URL:https://inspiry.co.nz/wp-content/uploads/2020/11/Inspiry_Logo-transparent&-1".png
06-17-2021 @ 16:49:57 - URL:https://inspiry.co.nz/wp-content/uploads/2020/11/Inspiry_Logo-transparent&-1".png Reason:Error getting remote image https://inspiry.co.nz/wp-content/uploads/2020/11/Inspiry_Logo-transparent&-1.png. Error: Not Found
06-17-2021 @ 16:49:57 - Setting Gallery Images.
06-17-2021 @ 16:49:57 - Image URL:https://inspiry.co.nz/wp-content/uploads/2020/11/Inspiry_Logo-transparent&-1".png
06-17-2021 @ 16:49:59 - URL:https://inspiry.co.nz/wp-content/uploads/2020/11/Inspiry_Logo-transparent&-1".png Reason:Error getting remote image https://inspiry.co.nz/wp-content/uploads/2020/11/Inspiry_Logo-transparent&-1.png. Error: Not Found
06-17-2021 @ 16:49:59 - Row :34 - Product updated successfully.
06-17-2021 @ 16:49:59 - Row :35 - Parsing item.
06-17-2021 @ 16:49:59 - Row :35 - Processing item.
06-17-2021 @ 16:49:59 - Found simple product object. ID:445727
06-17-2021 @ 16:49:59 - Setting Featured Image. URL:https://inspiry.co.nz/wp-content/uploads/2020/11/Inspiry_Logo-transparent&-1".png
06-17-2021 @ 16:50:00 - URL:https://inspiry.co.nz/wp-content/uploads/2020/11/Inspiry_Logo-transparent&-1".png Reason:Error getting remote image https://inspiry.co.nz/wp-content/uploads/2020/11/Inspiry_Logo-transparent&-1.png. Error: Not Found
06-17-2021 @ 16:50:00 - Setting Gallery Images.
06-17-2021 @ 16:50:00 - Image URL:https://inspiry.co.nz/wp-content/uploads/2020/11/Inspiry_Logo-transparent&-1".png
06-17-2021 @ 16:50:01 - URL:https://inspiry.co.nz/wp-content/uploads/2020/11/Inspiry_Logo-transparent&-1".png Reason:Error getting remote image https://inspiry.co.nz/wp-content/uploads/2020/11/Inspiry_Logo-transparent&-1.png. Error: Not Found
06-17-2021 @ 16:50:01 - Row :35 - Product updated successfully.
06-17-2021 @ 16:50:01 - Row :36 - Parsing item.
06-17-2021 @ 16:50:01 - Row :36 - Processing item.
06-17-2021 @ 16:50:01 - Found simple product object. ID:445728
06-17-2021 @ 16:50:01 - Setting Featured Image. URL:https://inspiry.co.nz/wp-content/uploads/2020/11/Inspiry_Logo-transparent&-1".png
06-17-2021 @ 16:50:02 - URL:https://inspiry.co.nz/wp-content/uploads/2020/11/Inspiry_Logo-transparent&-1".png Reason:Error getting remote image https://inspiry.co.nz/wp-content/uploads/2020/11/Inspiry_Logo-transparent&-1.png. Error: Not Found
06-17-2021 @ 16:50:02 - Setting Gallery Images.
06-17-2021 @ 16:50:02 - Image URL:https://inspiry.co.nz/wp-content/uploads/2020/11/Inspiry_Logo-transparent&-1".png
06-17-2021 @ 16:50:03 - URL:https://inspiry.co.nz/wp-content/uploads/2020/11/Inspiry_Logo-transparent&-1".png Reason:Error getting remote image https://inspiry.co.nz/wp-content/uploads/2020/11/Inspiry_Logo-transparent&-1.png. Error: Not Found
06-17-2021 @ 16:50:04 - Row :36 - Product updated successfully.
06-17-2021 @ 16:50:04 - Row :37 - Parsing item.
06-17-2021 @ 16:50:04 - Row :37 - Processing item.
06-17-2021 @ 16:50:04 - Found simple product object. ID:445729
06-17-2021 @ 16:50:04 - Setting Featured Image. URL:https://inspiry.co.nz/wp-content/uploads/2020/11/Inspiry_Logo-transparent&-1".png
06-17-2021 @ 16:50:05 - URL:https://inspiry.co.nz/wp-content/uploads/2020/11/Inspiry_Logo-transparent&-1".png Reason:Error getting remote image https://inspiry.co.nz/wp-content/uploads/2020/11/Inspiry_Logo-transparent&-1.png. Error: Not Found
06-17-2021 @ 16:50:05 - Setting Gallery Images.
06-17-2021 @ 16:50:05 - Image URL:https://inspiry.co.nz/wp-content/uploads/2020/11/Inspiry_Logo-transparent&-1".png
06-17-2021 @ 16:50:06 - URL:https://inspiry.co.nz/wp-content/uploads/2020/11/Inspiry_Logo-transparent&-1".png Reason:Error getting remote image https://inspiry.co.nz/wp-content/uploads/2020/11/Inspiry_Logo-transparent&-1.png. Error: Not Found
06-17-2021 @ 16:50:06 - Row :37 - Product updated successfully.
06-17-2021 @ 16:50:06 - Row :38 - Parsing item.
06-17-2021 @ 16:50:06 - Row :38 - Processing item.
06-17-2021 @ 16:50:06 - Found simple product object. ID:445730
06-17-2021 @ 16:50:06 - Setting Featured Image. URL:https://inspiry.co.nz/wp-content/uploads/2020/11/Inspiry_Logo-transparent&-1".png
06-17-2021 @ 16:50:07 - URL:https://inspiry.co.nz/wp-content/uploads/2020/11/Inspiry_Logo-transparent&-1".png Reason:Error getting remote image https://inspiry.co.nz/wp-content/uploads/2020/11/Inspiry_Logo-transparent&-1.png. Error: Not Found
06-17-2021 @ 16:50:07 - Setting Gallery Images.
06-17-2021 @ 16:50:07 - Image URL:https://inspiry.co.nz/wp-content/uploads/2020/11/Inspiry_Logo-transparent&-1".png
06-17-2021 @ 16:50:08 - URL:https://inspiry.co.nz/wp-content/uploads/2020/11/Inspiry_Logo-transparent&-1".png Reason:Error getting remote image https://inspiry.co.nz/wp-content/uploads/2020/11/Inspiry_Logo-transparent&-1.png. Error: Not Found
06-17-2021 @ 16:50:08 - Row :38 - Product updated successfully.
06-17-2021 @ 16:50:08 - Row :39 - Parsing item.
06-17-2021 @ 16:50:08 - Row :39 - Processing item.
06-17-2021 @ 16:50:08 - Found simple product object. ID:445731
06-17-2021 @ 16:50:09 - Setting Featured Image. URL:https://inspiry.co.nz/wp-content/uploads/2020/11/Inspiry_Logo-transparent&-1".png
06-17-2021 @ 16:50:09 - URL:https://inspiry.co.nz/wp-content/uploads/2020/11/Inspiry_Logo-transparent&-1".png Reason:Error getting remote image https://inspiry.co.nz/wp-content/uploads/2020/11/Inspiry_Logo-transparent&-1.png. Error: Not Found
06-17-2021 @ 16:50:09 - Setting Gallery Images.
06-17-2021 @ 16:50:09 - Image URL:https://inspiry.co.nz/wp-content/uploads/2020/11/Inspiry_Logo-transparent&-1".png
06-17-2021 @ 16:50:10 - URL:https://inspiry.co.nz/wp-content/uploads/2020/11/Inspiry_Logo-transparent&-1".png Reason:Error getting remote image https://inspiry.co.nz/wp-content/uploads/2020/11/Inspiry_Logo-transparent&-1.png. Error: Not Found
06-17-2021 @ 16:50:11 - Row :39 - Product updated successfully.
06-17-2021 @ 16:50:11 - Row :40 - Parsing item.
06-17-2021 @ 16:50:11 - Row :40 - Processing item.
06-17-2021 @ 16:50:11 - Found simple product object. ID:445732
06-17-2021 @ 16:50:11 - Setting Featured Image. URL:https://inspiry.co.nz/wp-content/uploads/2020/11/Inspiry_Logo-transparent&-1".png
06-17-2021 @ 16:50:12 - URL:https://inspiry.co.nz/wp-content/uploads/2020/11/Inspiry_Logo-transparent&-1".png Reason:Error getting remote image https://inspiry.co.nz/wp-content/uploads/2020/11/Inspiry_Logo-transparent&-1.png. Error: Not Found
06-17-2021 @ 16:50:12 - Setting Gallery Images.
06-17-2021 @ 16:50:12 - Image URL:https://inspiry.co.nz/wp-content/uploads/2020/11/Inspiry_Logo-transparent&-1".png
06-17-2021 @ 16:50:13 - URL:https://inspiry.co.nz/wp-content/uploads/2020/11/Inspiry_Logo-transparent&-1".png Reason:Error getting remote image https://inspiry.co.nz/wp-content/uploads/2020/11/Inspiry_Logo-transparent&-1.png. Error: Not Found
06-17-2021 @ 16:50:13 - Row :40 - Product updated successfully.
06-17-2021 @ 16:50:14 - Preparing for import.
06-17-2021 @ 16:50:14 - Row :41 - Parsing item.
06-17-2021 @ 16:50:14 - Row :41 - Processing item.
06-17-2021 @ 16:50:14 - Found simple product object. ID:445733
06-17-2021 @ 16:50:14 - Setting Featured Image. URL:https://inspiry.co.nz/wp-content/uploads/2020/11/Inspiry_Logo-transparent&-1".png
06-17-2021 @ 16:50:16 - URL:https://inspiry.co.nz/wp-content/uploads/2020/11/Inspiry_Logo-transparent&-1".png Reason:Error getting remote image https://inspiry.co.nz/wp-content/uploads/2020/11/Inspiry_Logo-transparent&-1.png. Error: Not Found
06-17-2021 @ 16:50:16 - Setting Gallery Images.
06-17-2021 @ 16:50:16 - Image URL:https://inspiry.co.nz/wp-content/uploads/2020/11/Inspiry_Logo-transparent&-1".png
06-17-2021 @ 16:50:17 - URL:https://inspiry.co.nz/wp-content/uploads/2020/11/Inspiry_Logo-transparent&-1".png Reason:Error getting remote image https://inspiry.co.nz/wp-content/uploads/2020/11/Inspiry_Logo-transparent&-1.png. Error: Not Found
06-17-2021 @ 16:50:17 - Row :41 - Product updated successfully.
06-17-2021 @ 16:50:17 - Row :42 - Parsing item.
06-17-2021 @ 16:50:17 - Row :42 - Processing item.
06-17-2021 @ 16:50:17 - Found simple product object. ID:445734
06-17-2021 @ 16:50:17 - Setting Featured Image. URL:https://inspiry.co.nz/wp-content/uploads/2020/11/Inspiry_Logo-transparent&-1".png
06-17-2021 @ 16:50:18 - URL:https://inspiry.co.nz/wp-content/uploads/2020/11/Inspiry_Logo-transparent&-1".png Reason:Error getting remote image https://inspiry.co.nz/wp-content/uploads/2020/11/Inspiry_Logo-transparent&-1.png. Error: Not Found
06-17-2021 @ 16:50:18 - Setting Gallery Images.
06-17-2021 @ 16:50:18 - Image URL:https://inspiry.co.nz/wp-content/uploads/2020/11/Inspiry_Logo-transparent&-1".png
06-17-2021 @ 16:50:19 - URL:https://inspiry.co.nz/wp-content/uploads/2020/11/Inspiry_Logo-transparent&-1".png Reason:Error getting remote image https://inspiry.co.nz/wp-content/uploads/2020/11/Inspiry_Logo-transparent&-1.png. Error: Not Found
06-17-2021 @ 16:50:19 - Row :42 - Product updated successfully.
06-17-2021 @ 16:50:19 - Row :43 - Parsing item.
06-17-2021 @ 16:50:19 - Row :43 - Processing item.
06-17-2021 @ 16:50:19 - Found simple product object. ID:445735
06-17-2021 @ 16:50:19 - Setting Featured Image. URL:https://inspiry.co.nz/wp-content/uploads/2020/11/Inspiry_Logo-transparent&-1".png
06-17-2021 @ 16:50:21 - URL:https://inspiry.co.nz/wp-content/uploads/2020/11/Inspiry_Logo-transparent&-1".png Reason:Error getting remote image https://inspiry.co.nz/wp-content/uploads/2020/11/Inspiry_Logo-transparent&-1.png. Error: Not Found
06-17-2021 @ 16:50:21 - Setting Gallery Images.
06-17-2021 @ 16:50:21 - Image URL:https://inspiry.co.nz/wp-content/uploads/2020/11/Inspiry_Logo-transparent&-1".png
06-17-2021 @ 16:50:22 - URL:https://inspiry.co.nz/wp-content/uploads/2020/11/Inspiry_Logo-transparent&-1".png Reason:Error getting remote image https://inspiry.co.nz/wp-content/uploads/2020/11/Inspiry_Logo-transparent&-1.png. Error: Not Found
06-17-2021 @ 16:50:22 - Row :43 - Product updated successfully.
06-17-2021 @ 16:50:22 - Row :44 - Parsing item.
06-17-2021 @ 16:50:22 - Row :44 - Processing item.
06-17-2021 @ 16:50:22 - Found simple product object. ID:445736
06-17-2021 @ 16:50:22 - Setting Featured Image. URL:https://inspiry.co.nz/wp-content/uploads/2020/11/Inspiry_Logo-transparent&-1".png
06-17-2021 @ 16:50:23 - URL:https://inspiry.co.nz/wp-content/uploads/2020/11/Inspiry_Logo-transparent&-1".png Reason:Error getting remote image https://inspiry.co.nz/wp-content/uploads/2020/11/Inspiry_Logo-transparent&-1.png. Error: Not Found
06-17-2021 @ 16:50:23 - Setting Gallery Images.
06-17-2021 @ 16:50:23 - Image URL:https://inspiry.co.nz/wp-content/uploads/2020/11/Inspiry_Logo-transparent&-1".png
06-17-2021 @ 16:50:24 - URL:https://inspiry.co.nz/wp-content/uploads/2020/11/Inspiry_Logo-transparent&-1".png Reason:Error getting remote image https://inspiry.co.nz/wp-content/uploads/2020/11/Inspiry_Logo-transparent&-1.png. Error: Not Found
06-17-2021 @ 16:50:25 - Row :44 - Product updated successfully.
06-17-2021 @ 16:50:25 - Row :45 - Parsing item.
06-17-2021 @ 16:50:25 - Row :45 - Processing item.
06-17-2021 @ 16:50:25 - Found simple product object. ID:445737
06-17-2021 @ 16:50:25 - Setting Featured Image. URL:https://inspiry.co.nz/wp-content/uploads/2020/11/Inspiry_Logo-transparent&-1".png
06-17-2021 @ 16:50:26 - URL:https://inspiry.co.nz/wp-content/uploads/2020/11/Inspiry_Logo-transparent&-1".png Reason:Error getting remote image https://inspiry.co.nz/wp-content/uploads/2020/11/Inspiry_Logo-transparent&-1.png. Error: Not Found
06-17-2021 @ 16:50:26 - Setting Gallery Images.
06-17-2021 @ 16:50:26 - Image URL:https://inspiry.co.nz/wp-content/uploads/2020/11/Inspiry_Logo-transparent&-1".png
06-17-2021 @ 16:50:27 - URL:https://inspiry.co.nz/wp-content/uploads/2020/11/Inspiry_Logo-transparent&-1".png Reason:Error getting remote image https://inspiry.co.nz/wp-content/uploads/2020/11/Inspiry_Logo-transparent&-1.png. Error: Not Found
06-17-2021 @ 16:50:27 - Row :45 - Product updated successfully.
06-17-2021 @ 16:50:27 - Row :46 - Parsing item.
06-17-2021 @ 16:50:27 - Row :46 - Processing item.
06-17-2021 @ 16:50:27 - Found simple product object. ID:445738
06-17-2021 @ 16:50:27 - Setting Featured Image. URL:https://inspiry.co.nz/wp-content/uploads/2020/11/Inspiry_Logo-transparent&-1".png
06-17-2021 @ 16:50:28 - URL:https://inspiry.co.nz/wp-content/uploads/2020/11/Inspiry_Logo-transparent&-1".png Reason:Error getting remote image https://inspiry.co.nz/wp-content/uploads/2020/11/Inspiry_Logo-transparent&-1.png. Error: Not Found
06-17-2021 @ 16:50:28 - Setting Gallery Images.
06-17-2021 @ 16:50:28 - Image URL:https://inspiry.co.nz/wp-content/uploads/2020/11/Inspiry_Logo-transparent&-1".png
06-17-2021 @ 16:50:29 - URL:https://inspiry.co.nz/wp-content/uploads/2020/11/Inspiry_Logo-transparent&-1".png Reason:Error getting remote image https://inspiry.co.nz/wp-content/uploads/2020/11/Inspiry_Logo-transparent&-1.png. Error: Not Found
06-17-2021 @ 16:50:29 - Row :46 - Product updated successfully.
06-17-2021 @ 16:50:29 - Row :47 - Parsing item.
06-17-2021 @ 16:50:29 - Row :47 - Processing item.
06-17-2021 @ 16:50:29 - Found simple product object. ID:445739
06-17-2021 @ 16:50:29 - Setting Featured Image. URL:https://inspiry.co.nz/wp-content/uploads/2020/11/Inspiry_Logo-transparent&-1".png
06-17-2021 @ 16:50:30 - URL:https://inspiry.co.nz/wp-content/uploads/2020/11/Inspiry_Logo-transparent&-1".png Reason:Error getting remote image https://inspiry.co.nz/wp-content/uploads/2020/11/Inspiry_Logo-transparent&-1.png. Error: Not Found
06-17-2021 @ 16:50:30 - Setting Gallery Images.
06-17-2021 @ 16:50:30 - Image URL:https://inspiry.co.nz/wp-content/uploads/2020/11/Inspiry_Logo-transparent&-1".png
06-17-2021 @ 16:50:31 - URL:https://inspiry.co.nz/wp-content/uploads/2020/11/Inspiry_Logo-transparent&-1".png Reason:Error getting remote image https://inspiry.co.nz/wp-content/uploads/2020/11/Inspiry_Logo-transparent&-1.png. Error: Not Found
06-17-2021 @ 16:50:31 - Row :47 - Product updated successfully.
06-17-2021 @ 16:50:31 - Row :48 - Parsing item.
06-17-2021 @ 16:50:31 - Row :48 - Processing item.
06-17-2021 @ 16:50:31 - Found simple product object. ID:445740
06-17-2021 @ 16:50:31 - Setting Featured Image. URL:https://inspiry.co.nz/wp-content/uploads/2020/11/Inspiry_Logo-transparent&-1".png
06-17-2021 @ 16:50:32 - URL:https://inspiry.co.nz/wp-content/uploads/2020/11/Inspiry_Logo-transparent&-1".png Reason:Error getting remote image https://inspiry.co.nz/wp-content/uploads/2020/11/Inspiry_Logo-transparent&-1.png. Error: Not Found
06-17-2021 @ 16:50:32 - Setting Gallery Images.
06-17-2021 @ 16:50:32 - Image URL:https://inspiry.co.nz/wp-content/uploads/2020/11/Inspiry_Logo-transparent&-1".png
06-17-2021 @ 16:50:33 - URL:https://inspiry.co.nz/wp-content/uploads/2020/11/Inspiry_Logo-transparent&-1".png Reason:Error getting remote image https://inspiry.co.nz/wp-content/uploads/2020/11/Inspiry_Logo-transparent&-1.png. Error: Not Found
06-17-2021 @ 16:50:34 - Row :48 - Product updated successfully.
06-17-2021 @ 16:50:34 - Row :49 - Parsing item.
06-17-2021 @ 16:50:34 - Row :49 - Processing item.
06-17-2021 @ 16:50:34 - Found simple product object. ID:445741
06-17-2021 @ 16:50:34 - Setting Featured Image. URL:https://inspiry.co.nz/wp-content/uploads/2020/11/Inspiry_Logo-transparent&-1".png
06-17-2021 @ 16:50:35 - URL:https://inspiry.co.nz/wp-content/uploads/2020/11/Inspiry_Logo-transparent&-1".png Reason:Error getting remote image https://inspiry.co.nz/wp-content/uploads/2020/11/Inspiry_Logo-transparent&-1.png. Error: Not Found
06-17-2021 @ 16:50:35 - Setting Gallery Images.
06-17-2021 @ 16:50:35 - Image URL:https://inspiry.co.nz/wp-content/uploads/2020/11/Inspiry_Logo-transparent&-1".png
06-17-2021 @ 16:50:36 - URL:https://inspiry.co.nz/wp-content/uploads/2020/11/Inspiry_Logo-transparent&-1".png Reason:Error getting remote image https://inspiry.co.nz/wp-content/uploads/2020/11/Inspiry_Logo-transparent&-1.png. Error: Not Found
06-17-2021 @ 16:50:36 - Row :49 - Product updated successfully.
06-17-2021 @ 16:50:36 - Row :50 - Parsing item.
06-17-2021 @ 16:50:36 - Row :50 - Processing item.
06-17-2021 @ 16:50:36 - Found simple product object. ID:445742
06-17-2021 @ 16:50:36 - Setting Featured Image. URL:https://inspiry.co.nz/wp-content/uploads/2020/11/Inspiry_Logo-transparent&-1".png
06-17-2021 @ 16:50:37 - URL:https://inspiry.co.nz/wp-content/uploads/2020/11/Inspiry_Logo-transparent&-1".png Reason:Error getting remote image https://inspiry.co.nz/wp-content/uploads/2020/11/Inspiry_Logo-transparent&-1.png. Error: Not Found
06-17-2021 @ 16:50:37 - Setting Gallery Images.
06-17-2021 @ 16:50:37 - Image URL:https://inspiry.co.nz/wp-content/uploads/2020/11/Inspiry_Logo-transparent&-1".png
06-17-2021 @ 16:50:38 - URL:https://inspiry.co.nz/wp-content/uploads/2020/11/Inspiry_Logo-transparent&-1".png Reason:Error getting remote image https://inspiry.co.nz/wp-content/uploads/2020/11/Inspiry_Logo-transparent&-1.png. Error: Not Found
06-17-2021 @ 16:50:38 - Row :50 - Product updated successfully.
06-17-2021 @ 16:50:40 - Preparing for import.
06-17-2021 @ 16:50:40 - Row :51 - Parsing item.
06-17-2021 @ 16:50:40 - Row :51 - Processing item.
06-17-2021 @ 16:50:40 - Found simple product object. ID:445743
06-17-2021 @ 16:50:40 - Setting Featured Image. URL:https://inspiry.co.nz/wp-content/uploads/2020/11/Inspiry_Logo-transparent&-1".png
06-17-2021 @ 16:50:41 - URL:https://inspiry.co.nz/wp-content/uploads/2020/11/Inspiry_Logo-transparent&-1".png Reason:Error getting remote image https://inspiry.co.nz/wp-content/uploads/2020/11/Inspiry_Logo-transparent&-1.png. Error: Not Found
06-17-2021 @ 16:50:41 - Setting Gallery Images.
06-17-2021 @ 16:50:41 - Image URL:https://inspiry.co.nz/wp-content/uploads/2020/11/Inspiry_Logo-transparent&-1".png
06-17-2021 @ 16:50:42 - URL:https://inspiry.co.nz/wp-content/uploads/2020/11/Inspiry_Logo-transparent&-1".png Reason:Error getting remote image https://inspiry.co.nz/wp-content/uploads/2020/11/Inspiry_Logo-transparent&-1.png. Error: Not Found
06-17-2021 @ 16:50:42 - Row :51 - Product updated successfully.
06-17-2021 @ 16:50:42 - Row :52 - Parsing item.
06-17-2021 @ 16:50:42 - Row :52 - Processing item.
06-17-2021 @ 16:50:42 - Found simple product object. ID:445744
06-17-2021 @ 16:50:42 - Setting Featured Image. URL:https://inspiry.co.nz/wp-content/uploads/2020/11/Inspiry_Logo-transparent&-1".png
06-17-2021 @ 16:50:43 - URL:https://inspiry.co.nz/wp-content/uploads/2020/11/Inspiry_Logo-transparent&-1".png Reason:Error getting remote image https://inspiry.co.nz/wp-content/uploads/2020/11/Inspiry_Logo-transparent&-1.png. Error: Not Found
06-17-2021 @ 16:50:43 - Setting Gallery Images.
06-17-2021 @ 16:50:43 - Image URL:https://inspiry.co.nz/wp-content/uploads/2020/11/Inspiry_Logo-transparent&-1".png
06-17-2021 @ 16:50:44 - URL:https://inspiry.co.nz/wp-content/uploads/2020/11/Inspiry_Logo-transparent&-1".png Reason:Error getting remote image https://inspiry.co.nz/wp-content/uploads/2020/11/Inspiry_Logo-transparent&-1.png. Error: Not Found
06-17-2021 @ 16:50:44 - Row :52 - Product updated successfully.
06-17-2021 @ 16:50:44 - Row :53 - Parsing item.
06-17-2021 @ 16:50:44 - Row :53 - Processing item.
06-17-2021 @ 16:50:44 - Found simple product object. ID:445745
06-17-2021 @ 16:50:44 - Setting Featured Image. URL:https://inspiry.co.nz/wp-content/uploads/2020/11/Inspiry_Logo-transparent&-1".png
06-17-2021 @ 16:50:45 - URL:https://inspiry.co.nz/wp-content/uploads/2020/11/Inspiry_Logo-transparent&-1".png Reason:Error getting remote image https://inspiry.co.nz/wp-content/uploads/2020/11/Inspiry_Logo-transparent&-1.png. Error: Not Found
06-17-2021 @ 16:50:45 - Setting Gallery Images.
06-17-2021 @ 16:50:45 - Image URL:https://inspiry.co.nz/wp-content/uploads/2020/11/Inspiry_Logo-transparent&-1".png
06-17-2021 @ 16:50:46 - URL:https://inspiry.co.nz/wp-content/uploads/2020/11/Inspiry_Logo-transparent&-1".png Reason:Error getting remote image https://inspiry.co.nz/wp-content/uploads/2020/11/Inspiry_Logo-transparent&-1.png. Error: Not Found
06-17-2021 @ 16:50:47 - Row :53 - Product updated successfully.
06-17-2021 @ 16:50:47 - Row :54 - Parsing item.
06-17-2021 @ 16:50:47 - Row :54 - Processing item.
06-17-2021 @ 16:50:47 - Found simple product object. ID:445746
06-17-2021 @ 16:50:47 - Setting Featured Image. URL:https://inspiry.co.nz/wp-content/uploads/2020/11/Inspiry_Logo-transparent&-1".png
06-17-2021 @ 16:50:48 - URL:https://inspiry.co.nz/wp-content/uploads/2020/11/Inspiry_Logo-transparent&-1".png Reason:Error getting remote image https://inspiry.co.nz/wp-content/uploads/2020/11/Inspiry_Logo-transparent&-1.png. Error: Not Found
06-17-2021 @ 16:50:48 - Setting Gallery Images.
06-17-2021 @ 16:50:48 - Image URL:https://inspiry.co.nz/wp-content/uploads/2020/11/Inspiry_Logo-transparent&-1".png
06-17-2021 @ 16:50:49 - URL:https://inspiry.co.nz/wp-content/uploads/2020/11/Inspiry_Logo-transparent&-1".png Reason:Error getting remote image https://inspiry.co.nz/wp-content/uploads/2020/11/Inspiry_Logo-transparent&-1.png. Error: Not Found
06-17-2021 @ 16:50:49 - Row :54 - Product updated successfully.
06-17-2021 @ 16:50:49 - Row :55 - Parsing item.
06-17-2021 @ 16:50:49 - Row :55 - Processing item.
06-17-2021 @ 16:50:49 - Found simple product object. ID:445747
06-17-2021 @ 16:50:49 - Setting Featured Image. URL:https://inspiry.co.nz/wp-content/uploads/2020/11/Inspiry_Logo-transparent&-1".png
06-17-2021 @ 16:50:50 - URL:https://inspiry.co.nz/wp-content/uploads/2020/11/Inspiry_Logo-transparent&-1".png Reason:Error getting remote image https://inspiry.co.nz/wp-content/uploads/2020/11/Inspiry_Logo-transparent&-1.png. Error: Not Found
06-17-2021 @ 16:50:50 - Setting Gallery Images.
06-17-2021 @ 16:50:50 - Image URL:https://inspiry.co.nz/wp-content/uploads/2020/11/Inspiry_Logo-transparent&-1".png
06-17-2021 @ 16:50:51 - URL:https://inspiry.co.nz/wp-content/uploads/2020/11/Inspiry_Logo-transparent&-1".png Reason:Error getting remote image https://inspiry.co.nz/wp-content/uploads/2020/11/Inspiry_Logo-transparent&-1.png. Error: Not Found
06-17-2021 @ 16:50:51 - Row :55 - Product updated successfully.
06-17-2021 @ 16:50:51 - Row :56 - Parsing item.
06-17-2021 @ 16:50:51 - Row :56 - Processing item.
06-17-2021 @ 16:50:51 - Found simple product object. ID:445748
06-17-2021 @ 16:50:51 - Setting Featured Image. URL:https://inspiry.co.nz/wp-content/uploads/2020/11/Inspiry_Logo-transparent&-1".png
06-17-2021 @ 16:50:52 - URL:https://inspiry.co.nz/wp-content/uploads/2020/11/Inspiry_Logo-transparent&-1".png Reason:Error getting remote image https://inspiry.co.nz/wp-content/uploads/2020/11/Inspiry_Logo-transparent&-1.png. Error: Not Found
06-17-2021 @ 16:50:52 - Setting Gallery Images.
06-17-2021 @ 16:50:52 - Image URL:https://inspiry.co.nz/wp-content/uploads/2020/11/Inspiry_Logo-transparent&-1".png
06-17-2021 @ 16:50:53 - URL:https://inspiry.co.nz/wp-content/uploads/2020/11/Inspiry_Logo-transparent&-1".png Reason:Error getting remote image https://inspiry.co.nz/wp-content/uploads/2020/11/Inspiry_Logo-transparent&-1.png. Error: Not Found
06-17-2021 @ 16:50:53 - Row :56 - Product updated successfully.
06-17-2021 @ 16:50:53 - Row :57 - Parsing item.
06-17-2021 @ 16:50:53 - Row :57 - Processing item.
06-17-2021 @ 16:50:53 - Found simple product object. ID:445749
06-17-2021 @ 16:50:53 - Setting Featured Image. URL:https://inspiry.co.nz/wp-content/uploads/2020/11/Inspiry_Logo-transparent&-1".png
06-17-2021 @ 16:50:54 - URL:https://inspiry.co.nz/wp-content/uploads/2020/11/Inspiry_Logo-transparent&-1".png Reason:Error getting remote image https://inspiry.co.nz/wp-content/uploads/2020/11/Inspiry_Logo-transparent&-1.png. Error: Not Found
06-17-2021 @ 16:50:54 - Setting Gallery Images.
06-17-2021 @ 16:50:54 - Image URL:https://inspiry.co.nz/wp-content/uploads/2020/11/Inspiry_Logo-transparent&-1".png
06-17-2021 @ 16:50:55 - URL:https://inspiry.co.nz/wp-content/uploads/2020/11/Inspiry_Logo-transparent&-1".png Reason:Error getting remote image https://inspiry.co.nz/wp-content/uploads/2020/11/Inspiry_Logo-transparent&-1.png. Error: Not Found
06-17-2021 @ 16:50:55 - Row :57 - Product updated successfully.
06-17-2021 @ 16:50:55 - Row :58 - Parsing item.
06-17-2021 @ 16:50:55 - Row :58 - Processing item.
06-17-2021 @ 16:50:55 - Found simple product object. ID:445750
06-17-2021 @ 16:50:55 - Setting Featured Image. URL:https://inspiry.co.nz/wp-content/uploads/2020/11/Inspiry_Logo-transparent&-1".png
06-17-2021 @ 16:50:58 - URL:https://inspiry.co.nz/wp-content/uploads/2020/11/Inspiry_Logo-transparent&-1".png Reason:Error getting remote image https://inspiry.co.nz/wp-content/uploads/2020/11/Inspiry_Logo-transparent&-1.png. Error: Not Found
06-17-2021 @ 16:50:58 - Setting Gallery Images.
06-17-2021 @ 16:50:58 - Image URL:https://inspiry.co.nz/wp-content/uploads/2020/11/Inspiry_Logo-transparent&-1".png
06-17-2021 @ 16:51:00 - URL:https://inspiry.co.nz/wp-content/uploads/2020/11/Inspiry_Logo-transparent&-1".png Reason:Error getting remote image https://inspiry.co.nz/wp-content/uploads/2020/11/Inspiry_Logo-transparent&-1.png. Error: Not Found
06-17-2021 @ 16:51:00 - Row :58 - Product updated successfully.
06-17-2021 @ 16:51:00 - Row :59 - Parsing item.
06-17-2021 @ 16:51:00 - Row :59 - Processing item.
06-17-2021 @ 16:51:00 - Found simple product object. ID:445751
06-17-2021 @ 16:51:00 - Setting Featured Image. URL:https://inspiry.co.nz/wp-content/uploads/2020/11/Inspiry_Logo-transparent&-1".png
06-17-2021 @ 16:51:01 - URL:https://inspiry.co.nz/wp-content/uploads/2020/11/Inspiry_Logo-transparent&-1".png Reason:Error getting remote image https://inspiry.co.nz/wp-content/uploads/2020/11/Inspiry_Logo-transparent&-1.png. Error: Not Found
06-17-2021 @ 16:51:01 - Setting Gallery Images.
06-17-2021 @ 16:51:01 - Image URL:https://inspiry.co.nz/wp-content/uploads/2020/11/Inspiry_Logo-transparent&-1".png
06-17-2021 @ 16:51:03 - URL:https://inspiry.co.nz/wp-content/uploads/2020/11/Inspiry_Logo-transparent&-1".png Reason:Error getting remote image https://inspiry.co.nz/wp-content/uploads/2020/11/Inspiry_Logo-transparent&-1.png. Error: Not Found
06-17-2021 @ 16:51:03 - Row :59 - Product updated successfully.
06-17-2021 @ 16:51:03 - Row :60 - Parsing item.
06-17-2021 @ 16:51:03 - Row :60 - Processing item.
06-17-2021 @ 16:51:03 - Found simple product object. ID:445752
06-17-2021 @ 16:51:03 - Setting Featured Image. URL:https://inspiry.co.nz/wp-content/uploads/2020/11/Inspiry_Logo-transparent&-1".png
06-17-2021 @ 16:51:05 - URL:https://inspiry.co.nz/wp-content/uploads/2020/11/Inspiry_Logo-transparent&-1".png Reason:Error getting remote image https://inspiry.co.nz/wp-content/uploads/2020/11/Inspiry_Logo-transparent&-1.png. Error: Not Found
06-17-2021 @ 16:51:05 - Setting Gallery Images.
06-17-2021 @ 16:51:05 - Image URL:https://inspiry.co.nz/wp-content/uploads/2020/11/Inspiry_Logo-transparent&-1".png
06-17-2021 @ 16:51:06 - URL:https://inspiry.co.nz/wp-content/uploads/2020/11/Inspiry_Logo-transparent&-1".png Reason:Error getting remote image https://inspiry.co.nz/wp-content/uploads/2020/11/Inspiry_Logo-transparent&-1.png. Error: Not Found
06-17-2021 @ 16:51:06 - Row :60 - Product updated successfully.
06-17-2021 @ 16:51:08 - Preparing for import.
06-17-2021 @ 16:51:08 - Row :61 - Parsing item.
06-17-2021 @ 16:51:08 - Row :61 - Processing item.
06-17-2021 @ 16:51:08 - Found simple product object. ID:445753
06-17-2021 @ 16:51:08 - Setting Featured Image. URL:https://inspiry.co.nz/wp-content/uploads/2020/11/Inspiry_Logo-transparent&-1".png
06-17-2021 @ 16:51:10 - URL:https://inspiry.co.nz/wp-content/uploads/2020/11/Inspiry_Logo-transparent&-1".png Reason:Error getting remote image https://inspiry.co.nz/wp-content/uploads/2020/11/Inspiry_Logo-transparent&-1.png. Error: Not Found
06-17-2021 @ 16:51:10 - Setting Gallery Images.
06-17-2021 @ 16:51:10 - Image URL:https://inspiry.co.nz/wp-content/uploads/2020/11/Inspiry_Logo-transparent&-1".png
06-17-2021 @ 16:51:10 - URL:https://inspiry.co.nz/wp-content/uploads/2020/11/Inspiry_Logo-transparent&-1".png Reason:Error getting remote image https://inspiry.co.nz/wp-content/uploads/2020/11/Inspiry_Logo-transparent&-1.png. Error: Not Found
06-17-2021 @ 16:51:11 - Row :61 - Product updated successfully.
06-17-2021 @ 16:51:11 - Row :62 - Parsing item.
06-17-2021 @ 16:51:11 - Row :62 - Processing item.
06-17-2021 @ 16:51:11 - Found simple product object. ID:445754
06-17-2021 @ 16:51:11 - Setting Featured Image. URL:https://inspiry.co.nz/wp-content/uploads/2020/11/Inspiry_Logo-transparent&-1".png
06-17-2021 @ 16:51:12 - URL:https://inspiry.co.nz/wp-content/uploads/2020/11/Inspiry_Logo-transparent&-1".png Reason:Error getting remote image https://inspiry.co.nz/wp-content/uploads/2020/11/Inspiry_Logo-transparent&-1.png. Error: Not Found
06-17-2021 @ 16:51:12 - Setting Gallery Images.
06-17-2021 @ 16:51:12 - Image URL:https://inspiry.co.nz/wp-content/uploads/2020/11/Inspiry_Logo-transparent&-1".png
06-17-2021 @ 16:51:13 - URL:https://inspiry.co.nz/wp-content/uploads/2020/11/Inspiry_Logo-transparent&-1".png Reason:Error getting remote image https://inspiry.co.nz/wp-content/uploads/2020/11/Inspiry_Logo-transparent&-1.png. Error: Not Found
06-17-2021 @ 16:51:13 - Row :62 - Product updated successfully.
06-17-2021 @ 16:51:13 - Row :63 - Parsing item.
06-17-2021 @ 16:51:13 - Row :63 - Processing item.
06-17-2021 @ 16:51:13 - Found simple product object. ID:445755
06-17-2021 @ 16:51:13 - Setting Featured Image. URL:https://inspiry.co.nz/wp-content/uploads/2020/11/Inspiry_Logo-transparent&-1".png
06-17-2021 @ 16:51:14 - URL:https://inspiry.co.nz/wp-content/uploads/2020/11/Inspiry_Logo-transparent&-1".png Reason:Error getting remote image https://inspiry.co.nz/wp-content/uploads/2020/11/Inspiry_Logo-transparent&-1.png. Error: Not Found
06-17-2021 @ 16:51:14 - Setting Gallery Images.
06-17-2021 @ 16:51:14 - Image URL:https://inspiry.co.nz/wp-content/uploads/2020/11/Inspiry_Logo-transparent&-1".png
06-17-2021 @ 16:51:15 - URL:https://inspiry.co.nz/wp-content/uploads/2020/11/Inspiry_Logo-transparent&-1".png Reason:Error getting remote image https://inspiry.co.nz/wp-content/uploads/2020/11/Inspiry_Logo-transparent&-1.png. Error: Not Found
06-17-2021 @ 16:51:15 - Row :63 - Product updated successfully.
06-17-2021 @ 16:51:15 - Row :64 - Parsing item.
06-17-2021 @ 16:51:15 - Row :64 - Processing item.
06-17-2021 @ 16:51:15 - Found simple product object. ID:445756
06-17-2021 @ 16:51:15 - Setting Featured Image. URL:https://inspiry.co.nz/wp-content/uploads/2020/11/Inspiry_Logo-transparent&-1".png
06-17-2021 @ 16:51:16 - URL:https://inspiry.co.nz/wp-content/uploads/2020/11/Inspiry_Logo-transparent&-1".png Reason:Error getting remote image https://inspiry.co.nz/wp-content/uploads/2020/11/Inspiry_Logo-transparent&-1.png. Error: Not Found
06-17-2021 @ 16:51:16 - Setting Gallery Images.
06-17-2021 @ 16:51:16 - Image URL:https://inspiry.co.nz/wp-content/uploads/2020/11/Inspiry_Logo-transparent&-1".png
06-17-2021 @ 16:51:17 - URL:https://inspiry.co.nz/wp-content/uploads/2020/11/Inspiry_Logo-transparent&-1".png Reason:Error getting remote image https://inspiry.co.nz/wp-content/uploads/2020/11/Inspiry_Logo-transparent&-1.png. Error: Not Found
06-17-2021 @ 16:51:17 - Row :64 - Product updated successfully.
06-17-2021 @ 16:51:17 - Row :65 - Parsing item.
06-17-2021 @ 16:51:17 - Row :65 - Processing item.
06-17-2021 @ 16:51:17 - Found simple product object. ID:445757
06-17-2021 @ 16:51:17 - Setting Featured Image. URL:https://inspiry.co.nz/wp-content/uploads/2020/11/Inspiry_Logo-transparent&-1".png
06-17-2021 @ 16:51:18 - URL:https://inspiry.co.nz/wp-content/uploads/2020/11/Inspiry_Logo-transparent&-1".png Reason:Error getting remote image https://inspiry.co.nz/wp-content/uploads/2020/11/Inspiry_Logo-transparent&-1.png. Error: Not Found
06-17-2021 @ 16:51:18 - Setting Gallery Images.
06-17-2021 @ 16:51:18 - Image URL:https://inspiry.co.nz/wp-content/uploads/2020/11/Inspiry_Logo-transparent&-1".png
06-17-2021 @ 16:51:19 - URL:https://inspiry.co.nz/wp-content/uploads/2020/11/Inspiry_Logo-transparent&-1".png Reason:Error getting remote image https://inspiry.co.nz/wp-content/uploads/2020/11/Inspiry_Logo-transparent&-1.png. Error: Not Found
06-17-2021 @ 16:51:19 - Row :65 - Product updated successfully.
06-17-2021 @ 16:51:19 - Row :66 - Parsing item.
06-17-2021 @ 16:51:19 - Row :66 - Processing item.
06-17-2021 @ 16:51:19 - Found simple product object. ID:445758
06-17-2021 @ 16:51:19 - Setting Featured Image. URL:https://inspiry.co.nz/wp-content/uploads/2020/11/Inspiry_Logo-transparent&-1".png
06-17-2021 @ 16:51:20 - URL:https://inspiry.co.nz/wp-content/uploads/2020/11/Inspiry_Logo-transparent&-1".png Reason:Error getting remote image https://inspiry.co.nz/wp-content/uploads/2020/11/Inspiry_Logo-transparent&-1.png. Error: Not Found
06-17-2021 @ 16:51:20 - Setting Gallery Images.
06-17-2021 @ 16:51:20 - Image URL:https://inspiry.co.nz/wp-content/uploads/2020/11/Inspiry_Logo-transparent&-1".png
06-17-2021 @ 16:51:21 - URL:https://inspiry.co.nz/wp-content/uploads/2020/11/Inspiry_Logo-transparent&-1".png Reason:Error getting remote image https://inspiry.co.nz/wp-content/uploads/2020/11/Inspiry_Logo-transparent&-1.png. Error: Not Found
06-17-2021 @ 16:51:21 - Row :66 - Product updated successfully.
06-17-2021 @ 16:51:21 - Row :67 - Parsing item.
06-17-2021 @ 16:51:21 - Row :67 - Processing item.
06-17-2021 @ 16:51:21 - Found simple product object. ID:445759
06-17-2021 @ 16:51:21 - Setting Featured Image. URL:https://inspiry.co.nz/wp-content/uploads/2020/11/Inspiry_Logo-transparent&-1".png
06-17-2021 @ 16:51:23 - URL:https://inspiry.co.nz/wp-content/uploads/2020/11/Inspiry_Logo-transparent&-1".png Reason:Error getting remote image https://inspiry.co.nz/wp-content/uploads/2020/11/Inspiry_Logo-transparent&-1.png. Error: Not Found
06-17-2021 @ 16:51:23 - Setting Gallery Images.
06-17-2021 @ 16:51:23 - Image URL:https://inspiry.co.nz/wp-content/uploads/2020/11/Inspiry_Logo-transparent&-1".png
06-17-2021 @ 16:51:23 - URL:https://inspiry.co.nz/wp-content/uploads/2020/11/Inspiry_Logo-transparent&-1".png Reason:Error getting remote image https://inspiry.co.nz/wp-content/uploads/2020/11/Inspiry_Logo-transparent&-1.png. Error: Not Found
06-17-2021 @ 16:51:24 - Row :67 - Product updated successfully.
06-17-2021 @ 16:51:24 - Row :68 - Parsing item.
06-17-2021 @ 16:51:24 - Row :68 - Processing item.
06-17-2021 @ 16:51:24 - Found simple product object. ID:445760
06-17-2021 @ 16:51:24 - Setting Featured Image. URL:https://inspiry.co.nz/wp-content/uploads/2020/11/Inspiry_Logo-transparent&-1".png
06-17-2021 @ 16:51:25 - URL:https://inspiry.co.nz/wp-content/uploads/2020/11/Inspiry_Logo-transparent&-1".png Reason:Error getting remote image https://inspiry.co.nz/wp-content/uploads/2020/11/Inspiry_Logo-transparent&-1.png. Error: Not Found
06-17-2021 @ 16:51:25 - Setting Gallery Images.
06-17-2021 @ 16:51:25 - Image URL:https://inspiry.co.nz/wp-content/uploads/2020/11/Inspiry_Logo-transparent&-1".png
06-17-2021 @ 16:51:26 - URL:https://inspiry.co.nz/wp-content/uploads/2020/11/Inspiry_Logo-transparent&-1".png Reason:Error getting remote image https://inspiry.co.nz/wp-content/uploads/2020/11/Inspiry_Logo-transparent&-1.png. Error: Not Found
06-17-2021 @ 16:51:26 - Row :68 - Product updated successfully.
06-17-2021 @ 16:51:26 - Row :69 - Parsing item.
06-17-2021 @ 16:51:26 - Row :69 - Processing item.
06-17-2021 @ 16:51:26 - Found simple product object. ID:445761
06-17-2021 @ 16:51:26 - Setting Featured Image. URL:https://inspiry.co.nz/wp-content/uploads/2020/11/Inspiry_Logo-transparent&-1".png
06-17-2021 @ 16:51:28 - URL:https://inspiry.co.nz/wp-content/uploads/2020/11/Inspiry_Logo-transparent&-1".png Reason:Error getting remote image https://inspiry.co.nz/wp-content/uploads/2020/11/Inspiry_Logo-transparent&-1.png. Error: Not Found
06-17-2021 @ 16:51:28 - Setting Gallery Images.
06-17-2021 @ 16:51:28 - Image URL:https://inspiry.co.nz/wp-content/uploads/2020/11/Inspiry_Logo-transparent&-1".png
06-17-2021 @ 16:51:28 - URL:https://inspiry.co.nz/wp-content/uploads/2020/11/Inspiry_Logo-transparent&-1".png Reason:Error getting remote image https://inspiry.co.nz/wp-content/uploads/2020/11/Inspiry_Logo-transparent&-1.png. Error: Not Found
06-17-2021 @ 16:51:29 - Row :69 - Product updated successfully.
06-17-2021 @ 16:51:29 - Row :70 - Parsing item.
06-17-2021 @ 16:51:29 - Row :70 - Processing item.
06-17-2021 @ 16:51:29 - Found simple product object. ID:445762
06-17-2021 @ 16:51:29 - Setting Featured Image. URL:https://inspiry.co.nz/wp-content/uploads/2020/11/Inspiry_Logo-transparent&-1".png
06-17-2021 @ 16:51:30 - URL:https://inspiry.co.nz/wp-content/uploads/2020/11/Inspiry_Logo-transparent&-1".png Reason:Error getting remote image https://inspiry.co.nz/wp-content/uploads/2020/11/Inspiry_Logo-transparent&-1.png. Error: Not Found
06-17-2021 @ 16:51:30 - Setting Gallery Images.
06-17-2021 @ 16:51:30 - Image URL:https://inspiry.co.nz/wp-content/uploads/2020/11/Inspiry_Logo-transparent&-1".png
06-17-2021 @ 16:51:31 - URL:https://inspiry.co.nz/wp-content/uploads/2020/11/Inspiry_Logo-transparent&-1".png Reason:Error getting remote image https://inspiry.co.nz/wp-content/uploads/2020/11/Inspiry_Logo-transparent&-1.png. Error: Not Found
06-17-2021 @ 16:51:31 - Row :70 - Product updated successfully.
06-17-2021 @ 16:51:33 - Preparing for import.
06-17-2021 @ 16:51:33 - Row :71 - Parsing item.
06-17-2021 @ 16:51:33 - Row :71 - Processing item.
06-17-2021 @ 16:51:33 - Found simple product object. ID:445763
06-17-2021 @ 16:51:33 - Setting Featured Image. URL:https://inspiry.co.nz/wp-content/uploads/2020/11/Inspiry_Logo-transparent&-1".png
06-17-2021 @ 16:51:34 - URL:https://inspiry.co.nz/wp-content/uploads/2020/11/Inspiry_Logo-transparent&-1".png Reason:Error getting remote image https://inspiry.co.nz/wp-content/uploads/2020/11/Inspiry_Logo-transparent&-1.png. Error: Not Found
06-17-2021 @ 16:51:34 - Setting Gallery Images.
06-17-2021 @ 16:51:34 - Image URL:https://inspiry.co.nz/wp-content/uploads/2020/11/Inspiry_Logo-transparent&-1".png
06-17-2021 @ 16:51:34 - URL:https://inspiry.co.nz/wp-content/uploads/2020/11/Inspiry_Logo-transparent&-1".png Reason:Error getting remote image https://inspiry.co.nz/wp-content/uploads/2020/11/Inspiry_Logo-transparent&-1.png. Error: Not Found
06-17-2021 @ 16:51:35 - Row :71 - Product updated successfully.
06-17-2021 @ 16:51:35 - Row :72 - Parsing item.
06-17-2021 @ 16:51:35 - Row :72 - Processing item.
06-17-2021 @ 16:51:35 - Found simple product object. ID:445764
06-17-2021 @ 16:51:35 - Setting Featured Image. URL:https://inspiry.co.nz/wp-content/uploads/2020/11/Inspiry_Logo-transparent&-1".png
06-17-2021 @ 16:51:36 - URL:https://inspiry.co.nz/wp-content/uploads/2020/11/Inspiry_Logo-transparent&-1".png Reason:Error getting remote image https://inspiry.co.nz/wp-content/uploads/2020/11/Inspiry_Logo-transparent&-1.png. Error: Not Found
06-17-2021 @ 16:51:36 - Setting Gallery Images.
06-17-2021 @ 16:51:36 - Image URL:https://inspiry.co.nz/wp-content/uploads/2020/11/Inspiry_Logo-transparent&-1".png
06-17-2021 @ 16:51:36 - URL:https://inspiry.co.nz/wp-content/uploads/2020/11/Inspiry_Logo-transparent&-1".png Reason:Error getting remote image https://inspiry.co.nz/wp-content/uploads/2020/11/Inspiry_Logo-transparent&-1.png. Error: Not Found
06-17-2021 @ 16:51:37 - Row :72 - Product updated successfully.
06-17-2021 @ 16:51:37 - Row :73 - Parsing item.
06-17-2021 @ 16:51:37 - Row :73 - Processing item.
06-17-2021 @ 16:51:37 - Found simple product object. ID:445765
06-17-2021 @ 16:51:37 - Setting Featured Image. URL:https://inspiry.co.nz/wp-content/uploads/2020/11/Inspiry_Logo-transparent&-1".png
06-17-2021 @ 16:51:38 - URL:https://inspiry.co.nz/wp-content/uploads/2020/11/Inspiry_Logo-transparent&-1".png Reason:Error getting remote image https://inspiry.co.nz/wp-content/uploads/2020/11/Inspiry_Logo-transparent&-1.png. Error: Not Found
06-17-2021 @ 16:51:38 - Setting Gallery Images.
06-17-2021 @ 16:51:38 - Image URL:https://inspiry.co.nz/wp-content/uploads/2020/11/Inspiry_Logo-transparent&-1".png
06-17-2021 @ 16:51:39 - URL:https://inspiry.co.nz/wp-content/uploads/2020/11/Inspiry_Logo-transparent&-1".png Reason:Error getting remote image https://inspiry.co.nz/wp-content/uploads/2020/11/Inspiry_Logo-transparent&-1.png. Error: Not Found
06-17-2021 @ 16:51:39 - Row :73 - Product updated successfully.
06-17-2021 @ 16:51:39 - Row :74 - Parsing item.
06-17-2021 @ 16:51:39 - Row :74 - Processing item.
06-17-2021 @ 16:51:39 - Found simple product object. ID:445766
06-17-2021 @ 16:51:39 - Setting Featured Image. URL:https://inspiry.co.nz/wp-content/uploads/2020/11/Inspiry_Logo-transparent&-1".png
06-17-2021 @ 16:51:40 - URL:https://inspiry.co.nz/wp-content/uploads/2020/11/Inspiry_Logo-transparent&-1".png Reason:Error getting remote image https://inspiry.co.nz/wp-content/uploads/2020/11/Inspiry_Logo-transparent&-1.png. Error: Not Found
06-17-2021 @ 16:51:40 - Setting Gallery Images.
06-17-2021 @ 16:51:40 - Image URL:https://inspiry.co.nz/wp-content/uploads/2020/11/Inspiry_Logo-transparent&-1".png
06-17-2021 @ 16:51:41 - URL:https://inspiry.co.nz/wp-content/uploads/2020/11/Inspiry_Logo-transparent&-1".png Reason:Error getting remote image https://inspiry.co.nz/wp-content/uploads/2020/11/Inspiry_Logo-transparent&-1.png. Error: Not Found
06-17-2021 @ 16:51:42 - Row :74 - Product updated successfully.
06-17-2021 @ 16:51:42 - Row :75 - Parsing item.
06-17-2021 @ 16:51:42 - Row :75 - Processing item.
06-17-2021 @ 16:51:42 - Found simple product object. ID:445767
06-17-2021 @ 16:51:42 - Setting Featured Image. URL:https://inspiry.co.nz/wp-content/uploads/2020/11/Inspiry_Logo-transparent&-1".png
06-17-2021 @ 16:51:43 - URL:https://inspiry.co.nz/wp-content/uploads/2020/11/Inspiry_Logo-transparent&-1".png Reason:Error getting remote image https://inspiry.co.nz/wp-content/uploads/2020/11/Inspiry_Logo-transparent&-1.png. Error: Not Found
06-17-2021 @ 16:51:43 - Setting Gallery Images.
06-17-2021 @ 16:51:43 - Image URL:https://inspiry.co.nz/wp-content/uploads/2020/11/Inspiry_Logo-transparent&-1".png
06-17-2021 @ 16:51:44 - URL:https://inspiry.co.nz/wp-content/uploads/2020/11/Inspiry_Logo-transparent&-1".png Reason:Error getting remote image https://inspiry.co.nz/wp-content/uploads/2020/11/Inspiry_Logo-transparent&-1.png. Error: Not Found
06-17-2021 @ 16:51:44 - Row :75 - Product updated successfully.
06-17-2021 @ 16:51:44 - Row :76 - Parsing item.
06-17-2021 @ 16:51:44 - Row :76 - Processing item.
06-17-2021 @ 16:51:44 - Found simple product object. ID:445768
06-17-2021 @ 16:51:44 - Setting Featured Image. URL:https://inspiry.co.nz/wp-content/uploads/2020/11/Inspiry_Logo-transparent&-1".png
06-17-2021 @ 16:51:45 - URL:https://inspiry.co.nz/wp-content/uploads/2020/11/Inspiry_Logo-transparent&-1".png Reason:Error getting remote image https://inspiry.co.nz/wp-content/uploads/2020/11/Inspiry_Logo-transparent&-1.png. Error: Not Found
06-17-2021 @ 16:51:45 - Setting Gallery Images.
06-17-2021 @ 16:51:45 - Image URL:https://inspiry.co.nz/wp-content/uploads/2020/11/Inspiry_Logo-transparent&-1".png
06-17-2021 @ 16:51:46 - URL:https://inspiry.co.nz/wp-content/uploads/2020/11/Inspiry_Logo-transparent&-1".png Reason:Error getting remote image https://inspiry.co.nz/wp-content/uploads/2020/11/Inspiry_Logo-transparent&-1.png. Error: Not Found
06-17-2021 @ 16:51:46 - Row :76 - Product updated successfully.
06-17-2021 @ 16:51:46 - Row :77 - Parsing item.
06-17-2021 @ 16:51:46 - Row :77 - Processing item.
06-17-2021 @ 16:51:46 - Found simple product object. ID:445769
06-17-2021 @ 16:51:46 - Setting Featured Image. URL:https://inspiry.co.nz/wp-content/uploads/2020/11/Inspiry_Logo-transparent&-1".png
06-17-2021 @ 16:51:47 - URL:https://inspiry.co.nz/wp-content/uploads/2020/11/Inspiry_Logo-transparent&-1".png Reason:Error getting remote image https://inspiry.co.nz/wp-content/uploads/2020/11/Inspiry_Logo-transparent&-1.png. Error: Not Found
06-17-2021 @ 16:51:47 - Setting Gallery Images.
06-17-2021 @ 16:51:47 - Image URL:https://inspiry.co.nz/wp-content/uploads/2020/11/Inspiry_Logo-transparent&-1".png
06-17-2021 @ 16:51:48 - URL:https://inspiry.co.nz/wp-content/uploads/2020/11/Inspiry_Logo-transparent&-1".png Reason:Error getting remote image https://inspiry.co.nz/wp-content/uploads/2020/11/Inspiry_Logo-transparent&-1.png. Error: Not Found
06-17-2021 @ 16:51:48 - Row :77 - Product updated successfully.
06-17-2021 @ 16:51:48 - Row :78 - Parsing item.
06-17-2021 @ 16:51:48 - Row :78 - Processing item.
06-17-2021 @ 16:51:48 - Found simple product object. ID:445770
06-17-2021 @ 16:51:48 - Setting Featured Image. URL:https://inspiry.co.nz/wp-content/uploads/2020/11/Inspiry_Logo-transparent&-1".png
06-17-2021 @ 16:51:49 - URL:https://inspiry.co.nz/wp-content/uploads/2020/11/Inspiry_Logo-transparent&-1".png Reason:Error getting remote image https://inspiry.co.nz/wp-content/uploads/2020/11/Inspiry_Logo-transparent&-1.png. Error: Not Found
06-17-2021 @ 16:51:49 - Setting Gallery Images.
06-17-2021 @ 16:51:49 - Image URL:https://inspiry.co.nz/wp-content/uploads/2020/11/Inspiry_Logo-transparent&-1".png
06-17-2021 @ 16:51:50 - URL:https://inspiry.co.nz/wp-content/uploads/2020/11/Inspiry_Logo-transparent&-1".png Reason:Error getting remote image https://inspiry.co.nz/wp-content/uploads/2020/11/Inspiry_Logo-transparent&-1.png. Error: Not Found
06-17-2021 @ 16:51:51 - Row :78 - Product updated successfully.
06-17-2021 @ 16:51:51 - Row :79 - Parsing item.
06-17-2021 @ 16:51:51 - Row :79 - Processing item.
06-17-2021 @ 16:51:51 - Found simple product object. ID:445771
06-17-2021 @ 16:51:51 - Setting Featured Image. URL:https://inspiry.co.nz/wp-content/uploads/2020/11/Inspiry_Logo-transparent&-1".png
06-17-2021 @ 16:51:52 - URL:https://inspiry.co.nz/wp-content/uploads/2020/11/Inspiry_Logo-transparent&-1".png Reason:Error getting remote image https://inspiry.co.nz/wp-content/uploads/2020/11/Inspiry_Logo-transparent&-1.png. Error: Not Found
06-17-2021 @ 16:51:52 - Setting Gallery Images.
06-17-2021 @ 16:51:52 - Image URL:https://inspiry.co.nz/wp-content/uploads/2020/11/Inspiry_Logo-transparent&-1".png
06-17-2021 @ 16:51:53 - URL:https://inspiry.co.nz/wp-content/uploads/2020/11/Inspiry_Logo-transparent&-1".png Reason:Error getting remote image https://inspiry.co.nz/wp-content/uploads/2020/11/Inspiry_Logo-transparent&-1.png. Error: Not Found
06-17-2021 @ 16:51:53 - Row :79 - Product updated successfully.
06-17-2021 @ 16:51:53 - Row :80 - Parsing item.
06-17-2021 @ 16:51:53 - Row :80 - Processing item.
06-17-2021 @ 16:51:53 - Found simple product object. ID:445772
06-17-2021 @ 16:51:53 - Setting Featured Image. URL:https://inspiry.co.nz/wp-content/uploads/2020/11/Inspiry_Logo-transparent&-1".png
06-17-2021 @ 16:51:54 - URL:https://inspiry.co.nz/wp-content/uploads/2020/11/Inspiry_Logo-transparent&-1".png Reason:Error getting remote image https://inspiry.co.nz/wp-content/uploads/2020/11/Inspiry_Logo-transparent&-1.png. Error: Not Found
06-17-2021 @ 16:51:54 - Setting Gallery Images.
06-17-2021 @ 16:51:54 - Image URL:https://inspiry.co.nz/wp-content/uploads/2020/11/Inspiry_Logo-transparent&-1".png
06-17-2021 @ 16:51:55 - URL:https://inspiry.co.nz/wp-content/uploads/2020/11/Inspiry_Logo-transparent&-1".png Reason:Error getting remote image https://inspiry.co.nz/wp-content/uploads/2020/11/Inspiry_Logo-transparent&-1.png. Error: Not Found
06-17-2021 @ 16:51:56 - Row :80 - Product updated successfully.
06-17-2021 @ 16:51:57 - Preparing for import.
06-17-2021 @ 16:51:57 - Row :81 - Parsing item.
06-17-2021 @ 16:51:57 - Row :81 - Processing item.
06-17-2021 @ 16:51:57 - Found simple product object. ID:445773
06-17-2021 @ 16:51:57 - Setting Featured Image. URL:https://inspiry.co.nz/wp-content/uploads/2020/11/Inspiry_Logo-transparent&-1".png
06-17-2021 @ 16:51:58 - URL:https://inspiry.co.nz/wp-content/uploads/2020/11/Inspiry_Logo-transparent&-1".png Reason:Error getting remote image https://inspiry.co.nz/wp-content/uploads/2020/11/Inspiry_Logo-transparent&-1.png. Error: Not Found
06-17-2021 @ 16:51:58 - Setting Gallery Images.
06-17-2021 @ 16:51:58 - Image URL:https://inspiry.co.nz/wp-content/uploads/2020/11/Inspiry_Logo-transparent&-1".png
06-17-2021 @ 16:51:59 - URL:https://inspiry.co.nz/wp-content/uploads/2020/11/Inspiry_Logo-transparent&-1".png Reason:Error getting remote image https://inspiry.co.nz/wp-content/uploads/2020/11/Inspiry_Logo-transparent&-1.png. Error: Not Found
06-17-2021 @ 16:51:59 - Row :81 - Product updated successfully.
06-17-2021 @ 16:51:59 - Row :82 - Parsing item.
06-17-2021 @ 16:51:59 - Row :82 - Processing item.
06-17-2021 @ 16:51:59 - Found simple product object. ID:445774
06-17-2021 @ 16:51:59 - Setting Featured Image. URL:https://inspiry.co.nz/wp-content/uploads/2020/11/Inspiry_Logo-transparent&-1".png
06-17-2021 @ 16:52:01 - URL:https://inspiry.co.nz/wp-content/uploads/2020/11/Inspiry_Logo-transparent&-1".png Reason:Error getting remote image https://inspiry.co.nz/wp-content/uploads/2020/11/Inspiry_Logo-transparent&-1.png. Error: Not Found
06-17-2021 @ 16:52:01 - Setting Gallery Images.
06-17-2021 @ 16:52:01 - Image URL:https://inspiry.co.nz/wp-content/uploads/2020/11/Inspiry_Logo-transparent&-1".png
06-17-2021 @ 16:52:01 - URL:https://inspiry.co.nz/wp-content/uploads/2020/11/Inspiry_Logo-transparent&-1".png Reason:Error getting remote image https://inspiry.co.nz/wp-content/uploads/2020/11/Inspiry_Logo-transparent&-1.png. Error: Not Found
06-17-2021 @ 16:52:02 - Row :82 - Product updated successfully.
06-17-2021 @ 16:52:02 - Row :83 - Parsing item.
06-17-2021 @ 16:52:02 - Row :83 - Processing item.
06-17-2021 @ 16:52:02 - Found simple product object. ID:445775
06-17-2021 @ 16:52:02 - Setting Featured Image. URL:https://inspiry.co.nz/wp-content/uploads/2020/11/Inspiry_Logo-transparent&-1".png
06-17-2021 @ 16:52:03 - URL:https://inspiry.co.nz/wp-content/uploads/2020/11/Inspiry_Logo-transparent&-1".png Reason:Error getting remote image https://inspiry.co.nz/wp-content/uploads/2020/11/Inspiry_Logo-transparent&-1.png. Error: Not Found
06-17-2021 @ 16:52:03 - Setting Gallery Images.
06-17-2021 @ 16:52:03 - Image URL:https://inspiry.co.nz/wp-content/uploads/2020/11/Inspiry_Logo-transparent&-1".png
06-17-2021 @ 16:52:04 - URL:https://inspiry.co.nz/wp-content/uploads/2020/11/Inspiry_Logo-transparent&-1".png Reason:Error getting remote image https://inspiry.co.nz/wp-content/uploads/2020/11/Inspiry_Logo-transparent&-1.png. Error: Not Found
06-17-2021 @ 16:52:04 - Row :83 - Product updated successfully.
06-17-2021 @ 16:52:04 - Row :84 - Parsing item.
06-17-2021 @ 16:52:04 - Row :84 - Processing item.
06-17-2021 @ 16:52:04 - Found simple product object. ID:445776
06-17-2021 @ 16:52:04 - Setting Featured Image. URL:https://inspiry.co.nz/wp-content/uploads/2020/11/Inspiry_Logo-transparent&-1".png
06-17-2021 @ 16:52:05 - URL:https://inspiry.co.nz/wp-content/uploads/2020/11/Inspiry_Logo-transparent&-1".png Reason:Error getting remote image https://inspiry.co.nz/wp-content/uploads/2020/11/Inspiry_Logo-transparent&-1.png. Error: Not Found
06-17-2021 @ 16:52:05 - Setting Gallery Images.
06-17-2021 @ 16:52:05 - Image URL:https://inspiry.co.nz/wp-content/uploads/2020/11/Inspiry_Logo-transparent&-1".png
06-17-2021 @ 16:52:06 - URL:https://inspiry.co.nz/wp-content/uploads/2020/11/Inspiry_Logo-transparent&-1".png Reason:Error getting remote image https://inspiry.co.nz/wp-content/uploads/2020/11/Inspiry_Logo-transparent&-1.png. Error: Not Found
06-17-2021 @ 16:52:07 - Row :84 - Product updated successfully.
06-17-2021 @ 16:52:07 - Row :85 - Parsing item.
06-17-2021 @ 16:52:07 - Row :85 - Processing item.
06-17-2021 @ 16:52:07 - Found simple product object. ID:445777
06-17-2021 @ 16:52:07 - Setting Featured Image. URL:https://inspiry.co.nz/wp-content/uploads/2020/11/Inspiry_Logo-transparent&-1".png
06-17-2021 @ 16:52:08 - URL:https://inspiry.co.nz/wp-content/uploads/2020/11/Inspiry_Logo-transparent&-1".png Reason:Error getting remote image https://inspiry.co.nz/wp-content/uploads/2020/11/Inspiry_Logo-transparent&-1.png. Error: Not Found
06-17-2021 @ 16:52:08 - Setting Gallery Images.
06-17-2021 @ 16:52:08 - Image URL:https://inspiry.co.nz/wp-content/uploads/2020/11/Inspiry_Logo-transparent&-1".png
06-17-2021 @ 16:52:09 - URL:https://inspiry.co.nz/wp-content/uploads/2020/11/Inspiry_Logo-transparent&-1".png Reason:Error getting remote image https://inspiry.co.nz/wp-content/uploads/2020/11/Inspiry_Logo-transparent&-1.png. Error: Not Found
06-17-2021 @ 16:52:09 - Row :85 - Product updated successfully.
06-17-2021 @ 16:52:09 - Row :86 - Parsing item.
06-17-2021 @ 16:52:09 - Row :86 - Processing item.
06-17-2021 @ 16:52:09 - Found simple product object. ID:445778
06-17-2021 @ 16:52:09 - Setting Featured Image. URL:https://inspiry.co.nz/wp-content/uploads/2020/11/Inspiry_Logo-transparent&-1".png
06-17-2021 @ 16:52:10 - URL:https://inspiry.co.nz/wp-content/uploads/2020/11/Inspiry_Logo-transparent&-1".png Reason:Error getting remote image https://inspiry.co.nz/wp-content/uploads/2020/11/Inspiry_Logo-transparent&-1.png. Error: Not Found
06-17-2021 @ 16:52:10 - Setting Gallery Images.
06-17-2021 @ 16:52:10 - Image URL:https://inspiry.co.nz/wp-content/uploads/2020/11/Inspiry_Logo-transparent&-1".png
06-17-2021 @ 16:52:11 - URL:https://inspiry.co.nz/wp-content/uploads/2020/11/Inspiry_Logo-transparent&-1".png Reason:Error getting remote image https://inspiry.co.nz/wp-content/uploads/2020/11/Inspiry_Logo-transparent&-1.png. Error: Not Found
06-17-2021 @ 16:52:11 - Row :86 - Product updated successfully.
06-17-2021 @ 16:52:11 - Row :87 - Parsing item.
06-17-2021 @ 16:52:12 - Row :87 - Processing item.
06-17-2021 @ 16:52:12 - Found simple product object. ID:445779
06-17-2021 @ 16:52:12 - Setting Featured Image. URL:https://inspiry.co.nz/wp-content/uploads/2020/11/Inspiry_Logo-transparent&-1".png
06-17-2021 @ 16:52:13 - URL:https://inspiry.co.nz/wp-content/uploads/2020/11/Inspiry_Logo-transparent&-1".png Reason:Error getting remote image https://inspiry.co.nz/wp-content/uploads/2020/11/Inspiry_Logo-transparent&-1.png. Error: Not Found
06-17-2021 @ 16:52:13 - Setting Gallery Images.
06-17-2021 @ 16:52:13 - Image URL:https://inspiry.co.nz/wp-content/uploads/2020/11/Inspiry_Logo-transparent&-1".png
06-17-2021 @ 16:52:14 - URL:https://inspiry.co.nz/wp-content/uploads/2020/11/Inspiry_Logo-transparent&-1".png Reason:Error getting remote image https://inspiry.co.nz/wp-content/uploads/2020/11/Inspiry_Logo-transparent&-1.png. Error: Not Found
06-17-2021 @ 16:52:14 - Row :87 - Product updated successfully.
06-17-2021 @ 16:52:14 - Row :88 - Parsing item.
06-17-2021 @ 16:52:14 - Row :88 - Processing item.
06-17-2021 @ 16:52:14 - Found simple product object. ID:445780
06-17-2021 @ 16:52:14 - Setting Featured Image. URL:https://inspiry.co.nz/wp-content/uploads/2020/11/Inspiry_Logo-transparent&-1".png
06-17-2021 @ 16:52:15 - URL:https://inspiry.co.nz/wp-content/uploads/2020/11/Inspiry_Logo-transparent&-1".png Reason:Error getting remote image https://inspiry.co.nz/wp-content/uploads/2020/11/Inspiry_Logo-transparent&-1.png. Error: Not Found
06-17-2021 @ 16:52:15 - Setting Gallery Images.
06-17-2021 @ 16:52:15 - Image URL:https://inspiry.co.nz/wp-content/uploads/2020/11/Inspiry_Logo-transparent&-1".png
06-17-2021 @ 16:52:16 - URL:https://inspiry.co.nz/wp-content/uploads/2020/11/Inspiry_Logo-transparent&-1".png Reason:Error getting remote image https://inspiry.co.nz/wp-content/uploads/2020/11/Inspiry_Logo-transparent&-1.png. Error: Not Found
06-17-2021 @ 16:52:16 - Row :88 - Product updated successfully.
06-17-2021 @ 16:52:16 - Row :89 - Parsing item.
06-17-2021 @ 16:52:16 - Row :89 - Processing item.
06-17-2021 @ 16:52:16 - Found simple product object. ID:445781
06-17-2021 @ 16:52:16 - Setting Featured Image. URL:https://inspiry.co.nz/wp-content/uploads/2020/11/Inspiry_Logo-transparent&-1".png
06-17-2021 @ 16:52:18 - URL:https://inspiry.co.nz/wp-content/uploads/2020/11/Inspiry_Logo-transparent&-1".png Reason:Error getting remote image https://inspiry.co.nz/wp-content/uploads/2020/11/Inspiry_Logo-transparent&-1.png. Error: Not Found
06-17-2021 @ 16:52:18 - Setting Gallery Images.
06-17-2021 @ 16:52:18 - Image URL:https://inspiry.co.nz/wp-content/uploads/2020/11/Inspiry_Logo-transparent&-1".png
06-17-2021 @ 16:52:19 - URL:https://inspiry.co.nz/wp-content/uploads/2020/11/Inspiry_Logo-transparent&-1".png Reason:Error getting remote image https://inspiry.co.nz/wp-content/uploads/2020/11/Inspiry_Logo-transparent&-1.png. Error: Not Found
06-17-2021 @ 16:52:19 - Row :89 - Product updated successfully.
06-17-2021 @ 16:52:19 - Row :90 - Parsing item.
06-17-2021 @ 16:52:19 - Row :90 - Processing item.
06-17-2021 @ 16:52:19 - Found simple product object. ID:445782
06-17-2021 @ 16:52:19 - Setting Featured Image. URL:https://inspiry.co.nz/wp-content/uploads/2020/11/Inspiry_Logo-transparent&-1".png
06-17-2021 @ 16:52:20 - URL:https://inspiry.co.nz/wp-content/uploads/2020/11/Inspiry_Logo-transparent&-1".png Reason:Error getting remote image https://inspiry.co.nz/wp-content/uploads/2020/11/Inspiry_Logo-transparent&-1.png. Error: Not Found
06-17-2021 @ 16:52:20 - Setting Gallery Images.
06-17-2021 @ 16:52:20 - Image URL:https://inspiry.co.nz/wp-content/uploads/2020/11/Inspiry_Logo-transparent&-1".png
06-17-2021 @ 16:52:21 - URL:https://inspiry.co.nz/wp-content/uploads/2020/11/Inspiry_Logo-transparent&-1".png Reason:Error getting remote image https://inspiry.co.nz/wp-content/uploads/2020/11/Inspiry_Logo-transparent&-1.png. Error: Not Found
06-17-2021 @ 16:52:21 - Row :90 - Product updated successfully.
06-17-2021 @ 16:52:22 - Preparing for import.
06-17-2021 @ 16:52:22 - Row :91 - Parsing item.
06-17-2021 @ 16:52:22 - Row :91 - Processing item.
06-17-2021 @ 16:52:22 - Found simple product object. ID:445783
06-17-2021 @ 16:52:22 - Setting Featured Image. URL:https://inspiry.co.nz/wp-content/uploads/2020/11/Inspiry_Logo-transparent&-1".png
06-17-2021 @ 16:52:23 - URL:https://inspiry.co.nz/wp-content/uploads/2020/11/Inspiry_Logo-transparent&-1".png Reason:Error getting remote image https://inspiry.co.nz/wp-content/uploads/2020/11/Inspiry_Logo-transparent&-1.png. Error: Not Found
06-17-2021 @ 16:52:23 - Setting Gallery Images.
06-17-2021 @ 16:52:23 - Image URL:https://inspiry.co.nz/wp-content/uploads/2020/11/Inspiry_Logo-transparent&-1".png
06-17-2021 @ 16:52:25 - URL:https://inspiry.co.nz/wp-content/uploads/2020/11/Inspiry_Logo-transparent&-1".png Reason:Error getting remote image https://inspiry.co.nz/wp-content/uploads/2020/11/Inspiry_Logo-transparent&-1.png. Error: Not Found
06-17-2021 @ 16:52:25 - Row :91 - Product updated successfully.
06-17-2021 @ 16:52:25 - Row :92 - Parsing item.
06-17-2021 @ 16:52:25 - Row :92 - Processing item.
06-17-2021 @ 16:52:25 - Found simple product object. ID:445784
06-17-2021 @ 16:52:25 - Setting Featured Image. URL:https://inspiry.co.nz/wp-content/uploads/2020/11/Inspiry_Logo-transparent&-1".png
06-17-2021 @ 16:52:26 - URL:https://inspiry.co.nz/wp-content/uploads/2020/11/Inspiry_Logo-transparent&-1".png Reason:Error getting remote image https://inspiry.co.nz/wp-content/uploads/2020/11/Inspiry_Logo-transparent&-1.png. Error: Not Found
06-17-2021 @ 16:52:26 - Setting Gallery Images.
06-17-2021 @ 16:52:26 - Image URL:https://inspiry.co.nz/wp-content/uploads/2020/11/Inspiry_Logo-transparent&-1".png
06-17-2021 @ 16:52:27 - URL:https://inspiry.co.nz/wp-content/uploads/2020/11/Inspiry_Logo-transparent&-1".png Reason:Error getting remote image https://inspiry.co.nz/wp-content/uploads/2020/11/Inspiry_Logo-transparent&-1.png. Error: Not Found
06-17-2021 @ 16:52:27 - Row :92 - Product updated successfully.
06-17-2021 @ 16:52:27 - Row :93 - Parsing item.
06-17-2021 @ 16:52:27 - Row :93 - Processing item.
06-17-2021 @ 16:52:27 - Found simple product object. ID:445785
06-17-2021 @ 16:52:27 - Setting Featured Image. URL:https://inspiry.co.nz/wp-content/uploads/2020/11/Inspiry_Logo-transparent&-1".png
06-17-2021 @ 16:52:28 - URL:https://inspiry.co.nz/wp-content/uploads/2020/11/Inspiry_Logo-transparent&-1".png Reason:Error getting remote image https://inspiry.co.nz/wp-content/uploads/2020/11/Inspiry_Logo-transparent&-1.png. Error: Not Found
06-17-2021 @ 16:52:28 - Setting Gallery Images.
06-17-2021 @ 16:52:28 - Image URL:https://inspiry.co.nz/wp-content/uploads/2020/11/Inspiry_Logo-transparent&-1".png
06-17-2021 @ 16:52:29 - URL:https://inspiry.co.nz/wp-content/uploads/2020/11/Inspiry_Logo-transparent&-1".png Reason:Error getting remote image https://inspiry.co.nz/wp-content/uploads/2020/11/Inspiry_Logo-transparent&-1.png. Error: Not Found
06-17-2021 @ 16:52:29 - Row :93 - Product updated successfully.
06-17-2021 @ 16:52:29 - Row :94 - Parsing item.
06-17-2021 @ 16:52:29 - Row :94 - Processing item.
06-17-2021 @ 16:52:29 - Found simple product object. ID:445786
06-17-2021 @ 16:52:29 - Setting Featured Image. URL:https://inspiry.co.nz/wp-content/uploads/2020/11/Inspiry_Logo-transparent&-1".png
06-17-2021 @ 16:52:30 - URL:https://inspiry.co.nz/wp-content/uploads/2020/11/Inspiry_Logo-transparent&-1".png Reason:Error getting remote image https://inspiry.co.nz/wp-content/uploads/2020/11/Inspiry_Logo-transparent&-1.png. Error: Not Found
06-17-2021 @ 16:52:30 - Setting Gallery Images.
06-17-2021 @ 16:52:30 - Image URL:https://inspiry.co.nz/wp-content/uploads/2020/11/Inspiry_Logo-transparent&-1".png
06-17-2021 @ 16:52:31 - URL:https://inspiry.co.nz/wp-content/uploads/2020/11/Inspiry_Logo-transparent&-1".png Reason:Error getting remote image https://inspiry.co.nz/wp-content/uploads/2020/11/Inspiry_Logo-transparent&-1.png. Error: Not Found
06-17-2021 @ 16:52:32 - Row :94 - Product updated successfully.
06-17-2021 @ 16:52:32 - Row :95 - Parsing item.
06-17-2021 @ 16:52:32 - Row :95 - Processing item.
06-17-2021 @ 16:52:32 - Found simple product object. ID:445787
06-17-2021 @ 16:52:32 - Setting Featured Image. URL:https://inspiry.co.nz/wp-content/uploads/2020/11/Inspiry_Logo-transparent&-1".png
06-17-2021 @ 16:52:33 - URL:https://inspiry.co.nz/wp-content/uploads/2020/11/Inspiry_Logo-transparent&-1".png Reason:Error getting remote image https://inspiry.co.nz/wp-content/uploads/2020/11/Inspiry_Logo-transparent&-1.png. Error: Not Found
06-17-2021 @ 16:52:33 - Setting Gallery Images.
06-17-2021 @ 16:52:33 - Image URL:https://inspiry.co.nz/wp-content/uploads/2020/11/Inspiry_Logo-transparent&-1".png
06-17-2021 @ 16:52:34 - URL:https://inspiry.co.nz/wp-content/uploads/2020/11/Inspiry_Logo-transparent&-1".png Reason:Error getting remote image https://inspiry.co.nz/wp-content/uploads/2020/11/Inspiry_Logo-transparent&-1.png. Error: Not Found
06-17-2021 @ 16:52:34 - Row :95 - Product updated successfully.
06-17-2021 @ 16:52:34 - ---[ Import ended at 2021-06-17 04:52:34]---
