06-17-2021 @ 16:56:38 - ---[ New import started at 2021-06-17 04:56:38 ] PHP Memory: 768 MB, WP Memory: 40 MB
06-17-2021 @ 16:56:38 - Preparing for import.
06-17-2021 @ 16:56:38 - Row :1 - Parsing item.
06-17-2021 @ 16:56:38 - Row :1 - Processing item.
06-17-2021 @ 16:56:38 - Found simple product object. ID:445693
06-17-2021 @ 16:56:38 - Setting Featured Image. URL:https://inspiry.co.nz/wp-content/uploads/2021/basford-brands/MK-DUN-300UNCBA.jpg
06-17-2021 @ 16:56:38 - Attachment ID:445788
06-17-2021 @ 16:56:38 - Setting Gallery Images.
06-17-2021 @ 16:56:38 - Image URL:https://inspiry.co.nz/wp-content/uploads/2021/basford-brands/MK-DUN-300UNCBA-1.jpg
06-17-2021 @ 16:56:39 - Attachment ID:445869
06-17-2021 @ 16:56:39 - Image URL:https://inspiry.co.nz/wp-content/uploads/2021/basford-brands/MK-DUN-300UNCBA-2.jpg
06-17-2021 @ 16:56:40 - URL:https://inspiry.co.nz/wp-content/uploads/2021/basford-brands/MK-DUN-300UNCBA-2.jpg Reason:Error getting remote image https://inspiry.co.nz/wp-content/uploads/2021/basford-brands/MK-DUN-300UNCBA-2.jpg. Error: Not Found
06-17-2021 @ 16:56:40 - Row :1 - Product updated successfully.
06-17-2021 @ 16:56:40 - Row :2 - Parsing item.
06-17-2021 @ 16:56:40 - Row :2 - Processing item.
06-17-2021 @ 16:56:40 - Found simple product object. ID:445694
06-17-2021 @ 16:56:40 - Setting Featured Image. URL:https://inspiry.co.nz/wp-content/uploads/2021/basford-brands/MK-DUN-300UNCBS.jpg
06-17-2021 @ 16:56:41 - Attachment ID:445789
06-17-2021 @ 16:56:41 - Setting Gallery Images.
06-17-2021 @ 16:56:41 - Image URL:https://inspiry.co.nz/wp-content/uploads/2021/basford-brands/MK-DUN-300UNCBS-1.jpg
06-17-2021 @ 16:56:41 - Attachment ID:445870
06-17-2021 @ 16:56:41 - Image URL:https://inspiry.co.nz/wp-content/uploads/2021/basford-brands/MK-DUN-300UNCBS-2.jpg
06-17-2021 @ 16:56:42 - URL:https://inspiry.co.nz/wp-content/uploads/2021/basford-brands/MK-DUN-300UNCBS-2.jpg Reason:Error getting remote image https://inspiry.co.nz/wp-content/uploads/2021/basford-brands/MK-DUN-300UNCBS-2.jpg. Error: Not Found
06-17-2021 @ 16:56:43 - Row :2 - Product updated successfully.
06-17-2021 @ 16:56:43 - Row :3 - Parsing item.
06-17-2021 @ 16:56:43 - Row :3 - Processing item.
06-17-2021 @ 16:56:43 - Found simple product object. ID:445695
06-17-2021 @ 16:56:43 - Setting Featured Image. URL:https://inspiry.co.nz/wp-content/uploads/2021/basford-brands/MK-DUN-300UNCBL.jpg
06-17-2021 @ 16:56:43 - Attachment ID:445790
06-17-2021 @ 16:56:43 - Setting Gallery Images.
06-17-2021 @ 16:56:43 - Image URL:https://inspiry.co.nz/wp-content/uploads/2021/basford-brands/MK-DUN-300UNCBL-1.jpg
06-17-2021 @ 16:56:43 - Attachment ID:445871
06-17-2021 @ 16:56:43 - Image URL:https://inspiry.co.nz/wp-content/uploads/2021/basford-brands/MK-DUN-300UNCBL-2.jpg
06-17-2021 @ 16:56:44 - URL:https://inspiry.co.nz/wp-content/uploads/2021/basford-brands/MK-DUN-300UNCBL-2.jpg Reason:Error getting remote image https://inspiry.co.nz/wp-content/uploads/2021/basford-brands/MK-DUN-300UNCBL-2.jpg. Error: Not Found
06-17-2021 @ 16:56:45 - Row :3 - Product updated successfully.
06-17-2021 @ 16:56:45 - Row :4 - Parsing item.
06-17-2021 @ 16:56:45 - Row :4 - Processing item.
06-17-2021 @ 16:56:45 - Found simple product object. ID:445696
06-17-2021 @ 16:56:45 - Setting Featured Image. URL:https://inspiry.co.nz/wp-content/uploads/2021/basford-brands/MK-DUN-300UNCCL.jpg
06-17-2021 @ 16:56:45 - Attachment ID:445791
06-17-2021 @ 16:56:45 - Setting Gallery Images.
06-17-2021 @ 16:56:45 - Image URL:https://inspiry.co.nz/wp-content/uploads/2021/basford-brands/MK-DUN-300UNCCL-1.jpg
06-17-2021 @ 16:56:45 - Attachment ID:445872
06-17-2021 @ 16:56:45 - Image URL:https://inspiry.co.nz/wp-content/uploads/2021/basford-brands/MK-DUN-300UNCCL-2.jpg
06-17-2021 @ 16:56:47 - URL:https://inspiry.co.nz/wp-content/uploads/2021/basford-brands/MK-DUN-300UNCCL-2.jpg Reason:Error getting remote image https://inspiry.co.nz/wp-content/uploads/2021/basford-brands/MK-DUN-300UNCCL-2.jpg. Error: Not Found
06-17-2021 @ 16:56:47 - Row :4 - Product updated successfully.
06-17-2021 @ 16:56:47 - Row :5 - Parsing item.
06-17-2021 @ 16:56:47 - Row :5 - Processing item.
06-17-2021 @ 16:56:47 - Found simple product object. ID:445697
06-17-2021 @ 16:56:47 - Setting Featured Image. URL:https://inspiry.co.nz/wp-content/uploads/2021/basford-brands/MK-DUN-300UNCDO.jpg
06-17-2021 @ 16:56:47 - Attachment ID:445792
06-17-2021 @ 16:56:47 - Setting Gallery Images.
06-17-2021 @ 16:56:47 - Image URL:https://inspiry.co.nz/wp-content/uploads/2021/basford-brands/MK-DUN-300UNCDO-1.jpg
06-17-2021 @ 16:56:48 - Attachment ID:445873
06-17-2021 @ 16:56:48 - Image URL:https://inspiry.co.nz/wp-content/uploads/2021/basford-brands/MK-DUN-300UNCDO-2.jpg
06-17-2021 @ 16:56:49 - URL:https://inspiry.co.nz/wp-content/uploads/2021/basford-brands/MK-DUN-300UNCDO-2.jpg Reason:Error getting remote image https://inspiry.co.nz/wp-content/uploads/2021/basford-brands/MK-DUN-300UNCDO-2.jpg. Error: Not Found
06-17-2021 @ 16:56:49 - Row :5 - Product updated successfully.
06-17-2021 @ 16:56:49 - Row :6 - Parsing item.
06-17-2021 @ 16:56:49 - Row :6 - Processing item.
06-17-2021 @ 16:56:50 - Found simple product object. ID:445698
06-17-2021 @ 16:56:50 - Setting Featured Image. URL:https://inspiry.co.nz/wp-content/uploads/2021/basford-brands/MK-DUN-300UNCDU.jpg
06-17-2021 @ 16:56:50 - Attachment ID:445793
06-17-2021 @ 16:56:50 - Setting Gallery Images.
06-17-2021 @ 16:56:50 - Image URL:https://inspiry.co.nz/wp-content/uploads/2021/basford-brands/MK-DUN-300UNCDU-1.jpg
06-17-2021 @ 16:56:50 - Attachment ID:445874
06-17-2021 @ 16:56:50 - Image URL:https://inspiry.co.nz/wp-content/uploads/2021/basford-brands/MK-DUN-300UNCDU-2.jpg
06-17-2021 @ 16:56:51 - URL:https://inspiry.co.nz/wp-content/uploads/2021/basford-brands/MK-DUN-300UNCDU-2.jpg Reason:Error getting remote image https://inspiry.co.nz/wp-content/uploads/2021/basford-brands/MK-DUN-300UNCDU-2.jpg. Error: Not Found
06-17-2021 @ 16:56:52 - Row :6 - Product updated successfully.
06-17-2021 @ 16:56:52 - Row :7 - Parsing item.
06-17-2021 @ 16:56:52 - Row :7 - Processing item.
06-17-2021 @ 16:56:52 - Found simple product object. ID:445699
06-17-2021 @ 16:56:52 - Setting Featured Image. URL:https://inspiry.co.nz/wp-content/uploads/2021/basford-brands/MK-DUN-300UNCFL.jpg
06-17-2021 @ 16:56:52 - Attachment ID:445794
06-17-2021 @ 16:56:52 - Setting Gallery Images.
06-17-2021 @ 16:56:52 - Image URL:https://inspiry.co.nz/wp-content/uploads/2021/basford-brands/MK-DUN-300UNCFL-1.jpg
06-17-2021 @ 16:56:52 - Attachment ID:445875
06-17-2021 @ 16:56:52 - Image URL:https://inspiry.co.nz/wp-content/uploads/2021/basford-brands/MK-DUN-300UNCFL-2.jpg
06-17-2021 @ 16:56:54 - URL:https://inspiry.co.nz/wp-content/uploads/2021/basford-brands/MK-DUN-300UNCFL-2.jpg Reason:Error getting remote image https://inspiry.co.nz/wp-content/uploads/2021/basford-brands/MK-DUN-300UNCFL-2.jpg. Error: Not Found
06-17-2021 @ 16:56:54 - Row :7 - Product updated successfully.
06-17-2021 @ 16:56:54 - Row :8 - Parsing item.
06-17-2021 @ 16:56:54 - Row :8 - Processing item.
06-17-2021 @ 16:56:54 - Found simple product object. ID:445700
06-17-2021 @ 16:56:54 - Setting Featured Image. URL:https://inspiry.co.nz/wp-content/uploads/2021/basford-brands/MK-DUN-300UNCJU.jpg
06-17-2021 @ 16:56:54 - Attachment ID:445795
06-17-2021 @ 16:56:54 - Setting Gallery Images.
06-17-2021 @ 16:56:54 - Image URL:https://inspiry.co.nz/wp-content/uploads/2021/basford-brands/MK-DUN-300UNCJU-1.jpg
06-17-2021 @ 16:56:55 - Attachment ID:445876
06-17-2021 @ 16:56:55 - Image URL:https://inspiry.co.nz/wp-content/uploads/2021/basford-brands/MK-DUN-300UNCJU-2.jpg
06-17-2021 @ 16:56:56 - URL:https://inspiry.co.nz/wp-content/uploads/2021/basford-brands/MK-DUN-300UNCJU-2.jpg Reason:Error getting remote image https://inspiry.co.nz/wp-content/uploads/2021/basford-brands/MK-DUN-300UNCJU-2.jpg. Error: Not Found
06-17-2021 @ 16:56:56 - Row :8 - Product updated successfully.
06-17-2021 @ 16:56:56 - Row :9 - Parsing item.
06-17-2021 @ 16:56:56 - Row :9 - Processing item.
06-17-2021 @ 16:56:56 - Found simple product object. ID:445701
06-17-2021 @ 16:56:56 - Setting Featured Image. URL:https://inspiry.co.nz/wp-content/uploads/2021/basford-brands/MK-DUN-300UNCMI.jpg
06-17-2021 @ 16:56:56 - Attachment ID:445796
06-17-2021 @ 16:56:56 - Setting Gallery Images.
06-17-2021 @ 16:56:56 - Image URL:https://inspiry.co.nz/wp-content/uploads/2021/basford-brands/MK-DUN-300UNCMI-1.jpg
06-17-2021 @ 16:56:57 - Attachment ID:445877
06-17-2021 @ 16:56:57 - Image URL:https://inspiry.co.nz/wp-content/uploads/2021/basford-brands/MK-DUN-300UNCMI-2.jpg
06-17-2021 @ 16:56:58 - URL:https://inspiry.co.nz/wp-content/uploads/2021/basford-brands/MK-DUN-300UNCMI-2.jpg Reason:Error getting remote image https://inspiry.co.nz/wp-content/uploads/2021/basford-brands/MK-DUN-300UNCMI-2.jpg. Error: Not Found
06-17-2021 @ 16:56:58 - Row :9 - Product updated successfully.
06-17-2021 @ 16:56:58 - Row :10 - Parsing item.
06-17-2021 @ 16:56:58 - Row :10 - Processing item.
06-17-2021 @ 16:56:58 - Found simple product object. ID:445702
06-17-2021 @ 16:56:58 - Setting Featured Image. URL:https://inspiry.co.nz/wp-content/uploads/2021/basford-brands/MK-DUN-300UNCPA.jpg
06-17-2021 @ 16:56:59 - Attachment ID:445797
06-17-2021 @ 16:56:59 - Setting Gallery Images.
06-17-2021 @ 16:56:59 - Image URL:https://inspiry.co.nz/wp-content/uploads/2021/basford-brands/MK-DUN-300UNCPA-1.jpg
06-17-2021 @ 16:56:59 - Attachment ID:445878
06-17-2021 @ 16:56:59 - Image URL:https://inspiry.co.nz/wp-content/uploads/2021/basford-brands/MK-DUN-300UNCPA-2.jpg
06-17-2021 @ 16:57:01 - URL:https://inspiry.co.nz/wp-content/uploads/2021/basford-brands/MK-DUN-300UNCPA-2.jpg Reason:Error getting remote image https://inspiry.co.nz/wp-content/uploads/2021/basford-brands/MK-DUN-300UNCPA-2.jpg. Error: Not Found
06-17-2021 @ 16:57:01 - Row :10 - Product updated successfully.
06-17-2021 @ 16:57:03 - Preparing for import.
06-17-2021 @ 16:57:03 - Row :11 - Parsing item.
06-17-2021 @ 16:57:03 - Row :11 - Processing item.
06-17-2021 @ 16:57:03 - Found simple product object. ID:445703
06-17-2021 @ 16:57:03 - Setting Featured Image. URL:https://inspiry.co.nz/wp-content/uploads/2021/basford-brands/MK-DUN-300UNCPE.jpg
06-17-2021 @ 16:57:03 - Attachment ID:445798
06-17-2021 @ 16:57:03 - Setting Gallery Images.
06-17-2021 @ 16:57:03 - Image URL:https://inspiry.co.nz/wp-content/uploads/2021/basford-brands/MK-DUN-300UNCPE-1.jpg
06-17-2021 @ 16:57:04 - Attachment ID:445879
06-17-2021 @ 16:57:04 - Image URL:https://inspiry.co.nz/wp-content/uploads/2021/basford-brands/MK-DUN-300UNCPE-2.jpg
06-17-2021 @ 16:57:07 - URL:https://inspiry.co.nz/wp-content/uploads/2021/basford-brands/MK-DUN-300UNCPE-2.jpg Reason:Error getting remote image https://inspiry.co.nz/wp-content/uploads/2021/basford-brands/MK-DUN-300UNCPE-2.jpg. Error: Not Found
06-17-2021 @ 16:57:08 - Row :11 - Product updated successfully.
06-17-2021 @ 16:57:08 - Row :12 - Parsing item.
06-17-2021 @ 16:57:08 - Row :12 - Processing item.
06-17-2021 @ 16:57:08 - Found simple product object. ID:445704
06-17-2021 @ 16:57:08 - Setting Featured Image. URL:https://inspiry.co.nz/wp-content/uploads/2021/basford-brands/MK-DUN-300UNCSL.jpg
06-17-2021 @ 16:57:08 - Attachment ID:445799
06-17-2021 @ 16:57:08 - Setting Gallery Images.
06-17-2021 @ 16:57:08 - Image URL:https://inspiry.co.nz/wp-content/uploads/2021/basford-brands/MK-DUN-300UNCSL-1.jpg
06-17-2021 @ 16:57:09 - Attachment ID:445880
06-17-2021 @ 16:57:09 - Image URL:https://inspiry.co.nz/wp-content/uploads/2021/basford-brands/MK-DUN-300UNCSL-2.jpg
06-17-2021 @ 16:57:11 - URL:https://inspiry.co.nz/wp-content/uploads/2021/basford-brands/MK-DUN-300UNCSL-2.jpg Reason:Error getting remote image https://inspiry.co.nz/wp-content/uploads/2021/basford-brands/MK-DUN-300UNCSL-2.jpg. Error: Not Found
06-17-2021 @ 16:57:12 - Row :12 - Product updated successfully.
06-17-2021 @ 16:57:12 - Row :13 - Parsing item.
06-17-2021 @ 16:57:12 - Row :13 - Processing item.
06-17-2021 @ 16:57:12 - Found simple product object. ID:445705
06-17-2021 @ 16:57:12 - Setting Featured Image. URL:https://inspiry.co.nz/wp-content/uploads/2021/basford-brands/MK-DUN-300UNCST.jpg
06-17-2021 @ 16:57:12 - Attachment ID:445800
06-17-2021 @ 16:57:12 - Setting Gallery Images.
06-17-2021 @ 16:57:12 - Image URL:https://inspiry.co.nz/wp-content/uploads/2021/basford-brands/MK-DUN-300UNCST-1.jpg
06-17-2021 @ 16:57:13 - Attachment ID:445881
06-17-2021 @ 16:57:13 - Image URL:https://inspiry.co.nz/wp-content/uploads/2021/basford-brands/MK-DUN-300UNCST-2.jpg
06-17-2021 @ 16:57:14 - URL:https://inspiry.co.nz/wp-content/uploads/2021/basford-brands/MK-DUN-300UNCST-2.jpg Reason:Error getting remote image https://inspiry.co.nz/wp-content/uploads/2021/basford-brands/MK-DUN-300UNCST-2.jpg. Error: Not Found
06-17-2021 @ 16:57:15 - Row :13 - Product updated successfully.
06-17-2021 @ 16:57:15 - Row :14 - Parsing item.
06-17-2021 @ 16:57:15 - Row :14 - Processing item.
06-17-2021 @ 16:57:15 - Found simple product object. ID:445706
06-17-2021 @ 16:57:15 - Setting Featured Image. URL:https://inspiry.co.nz/wp-content/uploads/2021/basford-brands/MK-KIN-300UNCAW.jpg
06-17-2021 @ 16:57:15 - Attachment ID:445801
06-17-2021 @ 16:57:15 - Setting Gallery Images.
06-17-2021 @ 16:57:15 - Image URL:https://inspiry.co.nz/wp-content/uploads/2021/basford-brands/MK-KIN-300UNCAW-1.jpg
06-17-2021 @ 16:57:16 - Attachment ID:445882
06-17-2021 @ 16:57:16 - Image URL:https://inspiry.co.nz/wp-content/uploads/2021/basford-brands/MK-KIN-300UNCAW-2.jpg
06-17-2021 @ 16:57:17 - URL:https://inspiry.co.nz/wp-content/uploads/2021/basford-brands/MK-KIN-300UNCAW-2.jpg Reason:Error getting remote image https://inspiry.co.nz/wp-content/uploads/2021/basford-brands/MK-KIN-300UNCAW-2.jpg. Error: Not Found
06-17-2021 @ 16:57:17 - Row :14 - Product updated successfully.
06-17-2021 @ 16:57:17 - Row :15 - Parsing item.
06-17-2021 @ 16:57:18 - Row :15 - Processing item.
06-17-2021 @ 16:57:18 - Found simple product object. ID:445707
06-17-2021 @ 16:57:18 - Setting Featured Image. URL:https://inspiry.co.nz/wp-content/uploads/2021/basford-brands/MK-KIN-300UNCBA.jpg
06-17-2021 @ 16:57:18 - Attachment ID:445802
06-17-2021 @ 16:57:18 - Setting Gallery Images.
06-17-2021 @ 16:57:18 - Image URL:https://inspiry.co.nz/wp-content/uploads/2021/basford-brands/MK-KIN-300UNCBA-1.jpg
06-17-2021 @ 16:57:18 - Attachment ID:445883
06-17-2021 @ 16:57:18 - Image URL:https://inspiry.co.nz/wp-content/uploads/2021/basford-brands/MK-KIN-300UNCBA-2.jpg
06-17-2021 @ 16:57:20 - URL:https://inspiry.co.nz/wp-content/uploads/2021/basford-brands/MK-KIN-300UNCBA-2.jpg Reason:Error getting remote image https://inspiry.co.nz/wp-content/uploads/2021/basford-brands/MK-KIN-300UNCBA-2.jpg. Error: Not Found
06-17-2021 @ 16:57:21 - Row :15 - Product updated successfully.
06-17-2021 @ 16:57:21 - Row :16 - Parsing item.
06-17-2021 @ 16:57:21 - Row :16 - Processing item.
06-17-2021 @ 16:57:21 - Found simple product object. ID:445708
06-17-2021 @ 16:57:21 - Setting Featured Image. URL:https://inspiry.co.nz/wp-content/uploads/2021/basford-brands/MK-KIN-300UNCBS.jpg
06-17-2021 @ 16:57:21 - Attachment ID:445803
06-17-2021 @ 16:57:21 - Setting Gallery Images.
06-17-2021 @ 16:57:21 - Image URL:https://inspiry.co.nz/wp-content/uploads/2021/basford-brands/MK-KIN-300UNCBS-1.jpg
06-17-2021 @ 16:57:22 - Attachment ID:445884
06-17-2021 @ 16:57:22 - Image URL:https://inspiry.co.nz/wp-content/uploads/2021/basford-brands/MK-KIN-300UNCBS-2.jpg
06-17-2021 @ 16:57:23 - URL:https://inspiry.co.nz/wp-content/uploads/2021/basford-brands/MK-KIN-300UNCBS-2.jpg Reason:Error getting remote image https://inspiry.co.nz/wp-content/uploads/2021/basford-brands/MK-KIN-300UNCBS-2.jpg. Error: Not Found
06-17-2021 @ 16:57:23 - Row :16 - Product updated successfully.
06-17-2021 @ 16:57:23 - Row :17 - Parsing item.
06-17-2021 @ 16:57:23 - Row :17 - Processing item.
06-17-2021 @ 16:57:24 - Found simple product object. ID:445709
06-17-2021 @ 16:57:24 - Setting Featured Image. URL:https://inspiry.co.nz/wp-content/uploads/2021/basford-brands/MK-KIN-300UNCBL.jpg
06-17-2021 @ 16:57:24 - Attachment ID:445804
06-17-2021 @ 16:57:24 - Setting Gallery Images.
06-17-2021 @ 16:57:24 - Image URL:https://inspiry.co.nz/wp-content/uploads/2021/basford-brands/MK-KIN-300UNCBL-1.jpg
06-17-2021 @ 16:57:24 - Attachment ID:445885
06-17-2021 @ 16:57:24 - Image URL:https://inspiry.co.nz/wp-content/uploads/2021/basford-brands/MK-KIN-300UNCBL-2.jpg
06-17-2021 @ 16:57:26 - URL:https://inspiry.co.nz/wp-content/uploads/2021/basford-brands/MK-KIN-300UNCBL-2.jpg Reason:Error getting remote image https://inspiry.co.nz/wp-content/uploads/2021/basford-brands/MK-KIN-300UNCBL-2.jpg. Error: Not Found
06-17-2021 @ 16:57:26 - Row :17 - Product updated successfully.
06-17-2021 @ 16:57:26 - Row :18 - Parsing item.
06-17-2021 @ 16:57:26 - Row :18 - Processing item.
06-17-2021 @ 16:57:26 - Found simple product object. ID:445710
06-17-2021 @ 16:57:27 - Setting Featured Image. URL:https://inspiry.co.nz/wp-content/uploads/2021/basford-brands/MK-KIN-300UNCCL.jpg
06-17-2021 @ 16:57:27 - Attachment ID:445805
06-17-2021 @ 16:57:27 - Setting Gallery Images.
06-17-2021 @ 16:57:27 - Image URL:https://inspiry.co.nz/wp-content/uploads/2021/basford-brands/MK-KIN-300UNCCL-1.jpg
06-17-2021 @ 16:57:27 - Attachment ID:445886
06-17-2021 @ 16:57:27 - Image URL:https://inspiry.co.nz/wp-content/uploads/2021/basford-brands/MK-KIN-300UNCCL-2.jpg
06-17-2021 @ 16:57:29 - URL:https://inspiry.co.nz/wp-content/uploads/2021/basford-brands/MK-KIN-300UNCCL-2.jpg Reason:Error getting remote image https://inspiry.co.nz/wp-content/uploads/2021/basford-brands/MK-KIN-300UNCCL-2.jpg. Error: Not Found
06-17-2021 @ 16:57:29 - Row :18 - Product updated successfully.
06-17-2021 @ 16:57:29 - Row :19 - Parsing item.
06-17-2021 @ 16:57:29 - Row :19 - Processing item.
06-17-2021 @ 16:57:29 - Found simple product object. ID:445711
06-17-2021 @ 16:57:29 - Setting Featured Image. URL:https://inspiry.co.nz/wp-content/uploads/2021/basford-brands/MK-KIN-300UNCDE.jpg
06-17-2021 @ 16:57:30 - Attachment ID:445806
06-17-2021 @ 16:57:30 - Setting Gallery Images.
06-17-2021 @ 16:57:30 - Image URL:https://inspiry.co.nz/wp-content/uploads/2021/basford-brands/MK-KIN-300UNCDE-1.jpg
06-17-2021 @ 16:57:30 - Attachment ID:445887
06-17-2021 @ 16:57:30 - Image URL:https://inspiry.co.nz/wp-content/uploads/2021/basford-brands/MK-KIN-300UNCDE-2.jpg
06-17-2021 @ 16:57:31 - URL:https://inspiry.co.nz/wp-content/uploads/2021/basford-brands/MK-KIN-300UNCDE-2.jpg Reason:Error getting remote image https://inspiry.co.nz/wp-content/uploads/2021/basford-brands/MK-KIN-300UNCDE-2.jpg. Error: Not Found
06-17-2021 @ 16:57:32 - Row :19 - Product updated successfully.
06-17-2021 @ 16:57:32 - Row :20 - Parsing item.
06-17-2021 @ 16:57:32 - Row :20 - Processing item.
06-17-2021 @ 16:57:32 - Found simple product object. ID:445712
06-17-2021 @ 16:57:32 - Setting Featured Image. URL:https://inspiry.co.nz/wp-content/uploads/2021/basford-brands/MK-KIN-300UNCDO.jpg
06-17-2021 @ 16:57:32 - Attachment ID:445807
06-17-2021 @ 16:57:32 - Setting Gallery Images.
06-17-2021 @ 16:57:32 - Image URL:https://inspiry.co.nz/wp-content/uploads/2021/basford-brands/MK-KIN-300UNCDO-1.jpg
06-17-2021 @ 16:57:33 - Attachment ID:445888
06-17-2021 @ 16:57:33 - Image URL:https://inspiry.co.nz/wp-content/uploads/2021/basford-brands/MK-KIN-300UNCDO-2.jpg
06-17-2021 @ 16:57:34 - URL:https://inspiry.co.nz/wp-content/uploads/2021/basford-brands/MK-KIN-300UNCDO-2.jpg Reason:Error getting remote image https://inspiry.co.nz/wp-content/uploads/2021/basford-brands/MK-KIN-300UNCDO-2.jpg. Error: Not Found
06-17-2021 @ 16:57:34 - Row :20 - Product updated successfully.
06-17-2021 @ 16:57:35 - Preparing for import.
06-17-2021 @ 16:57:35 - Row :21 - Parsing item.
06-17-2021 @ 16:57:35 - Row :21 - Processing item.
06-17-2021 @ 16:57:35 - Found simple product object. ID:445713
06-17-2021 @ 16:57:35 - Setting Featured Image. URL:https://inspiry.co.nz/wp-content/uploads/2021/basford-brands/MK-KIN-300UNCDU.jpg
06-17-2021 @ 16:57:36 - Attachment ID:445808
06-17-2021 @ 16:57:36 - Setting Gallery Images.
06-17-2021 @ 16:57:36 - Image URL:https://inspiry.co.nz/wp-content/uploads/2021/basford-brands/MK-KIN-300UNCDU-1.jpg
06-17-2021 @ 16:57:36 - Attachment ID:445889
06-17-2021 @ 16:57:36 - Image URL:https://inspiry.co.nz/wp-content/uploads/2021/basford-brands/MK-KIN-300UNCDU-2.jpg
06-17-2021 @ 16:57:37 - URL:https://inspiry.co.nz/wp-content/uploads/2021/basford-brands/MK-KIN-300UNCDU-2.jpg Reason:Error getting remote image https://inspiry.co.nz/wp-content/uploads/2021/basford-brands/MK-KIN-300UNCDU-2.jpg. Error: Not Found
06-17-2021 @ 16:57:37 - Row :21 - Product updated successfully.
06-17-2021 @ 16:57:37 - Row :22 - Parsing item.
06-17-2021 @ 16:57:37 - Row :22 - Processing item.
06-17-2021 @ 16:57:37 - Found simple product object. ID:445714
06-17-2021 @ 16:57:38 - Setting Featured Image. URL:https://inspiry.co.nz/wp-content/uploads/2021/basford-brands/MK-KIN-300UNCFL.jpg
06-17-2021 @ 16:57:38 - Attachment ID:445809
06-17-2021 @ 16:57:38 - Setting Gallery Images.
06-17-2021 @ 16:57:38 - Image URL:https://inspiry.co.nz/wp-content/uploads/2021/basford-brands/MK-KIN-300UNCFL-1.jpg
06-17-2021 @ 16:57:38 - Attachment ID:445890
06-17-2021 @ 16:57:38 - Image URL:https://inspiry.co.nz/wp-content/uploads/2021/basford-brands/MK-KIN-300UNCFL-2.jpg
06-17-2021 @ 16:57:39 - URL:https://inspiry.co.nz/wp-content/uploads/2021/basford-brands/MK-KIN-300UNCFL-2.jpg Reason:Error getting remote image https://inspiry.co.nz/wp-content/uploads/2021/basford-brands/MK-KIN-300UNCFL-2.jpg. Error: Not Found
06-17-2021 @ 16:57:40 - Row :22 - Product updated successfully.
06-17-2021 @ 16:57:40 - Row :23 - Parsing item.
06-17-2021 @ 16:57:40 - Row :23 - Processing item.
06-17-2021 @ 16:57:40 - Found simple product object. ID:445715
06-17-2021 @ 16:57:40 - Setting Featured Image. URL:https://inspiry.co.nz/wp-content/uploads/2021/basford-brands/MK-KIN-300UNCJU.jpg
06-17-2021 @ 16:57:40 - Attachment ID:445810
06-17-2021 @ 16:57:40 - Setting Gallery Images.
06-17-2021 @ 16:57:40 - Image URL:https://inspiry.co.nz/wp-content/uploads/2021/basford-brands/MK-KIN-300UNCJU-1.jpg
06-17-2021 @ 16:57:40 - Attachment ID:445891
06-17-2021 @ 16:57:40 - Image URL:https://inspiry.co.nz/wp-content/uploads/2021/basford-brands/MK-KIN-300UNCJU-2.jpg
06-17-2021 @ 16:57:41 - URL:https://inspiry.co.nz/wp-content/uploads/2021/basford-brands/MK-KIN-300UNCJU-2.jpg Reason:Error getting remote image https://inspiry.co.nz/wp-content/uploads/2021/basford-brands/MK-KIN-300UNCJU-2.jpg. Error: Not Found
06-17-2021 @ 16:57:42 - Row :23 - Product updated successfully.
06-17-2021 @ 16:57:42 - Row :24 - Parsing item.
06-17-2021 @ 16:57:42 - Row :24 - Processing item.
06-17-2021 @ 16:57:42 - Found simple product object. ID:445716
06-17-2021 @ 16:57:42 - Setting Featured Image. URL:https://inspiry.co.nz/wp-content/uploads/2021/basford-brands/MK-KIN-300UNCMI.jpg
06-17-2021 @ 16:57:42 - Attachment ID:445811
06-17-2021 @ 16:57:42 - Setting Gallery Images.
06-17-2021 @ 16:57:42 - Image URL:https://inspiry.co.nz/wp-content/uploads/2021/basford-brands/MK-KIN-300UNCMI-1.jpg
06-17-2021 @ 16:57:43 - Attachment ID:445892
06-17-2021 @ 16:57:43 - Image URL:https://inspiry.co.nz/wp-content/uploads/2021/basford-brands/MK-KIN-300UNCMI-2.jpg
06-17-2021 @ 16:57:44 - URL:https://inspiry.co.nz/wp-content/uploads/2021/basford-brands/MK-KIN-300UNCMI-2.jpg Reason:Error getting remote image https://inspiry.co.nz/wp-content/uploads/2021/basford-brands/MK-KIN-300UNCMI-2.jpg. Error: Not Found
06-17-2021 @ 16:57:44 - Row :24 - Product updated successfully.
06-17-2021 @ 16:57:44 - Row :25 - Parsing item.
06-17-2021 @ 16:57:44 - Row :25 - Processing item.
06-17-2021 @ 16:57:44 - Found simple product object. ID:445717
06-17-2021 @ 16:57:44 - Setting Featured Image. URL:https://inspiry.co.nz/wp-content/uploads/2021/basford-brands/MK-KIN-300UNCPA.jpg
06-17-2021 @ 16:57:45 - Attachment ID:445812
06-17-2021 @ 16:57:45 - Setting Gallery Images.
06-17-2021 @ 16:57:45 - Image URL:https://inspiry.co.nz/wp-content/uploads/2021/basford-brands/MK-KIN-300UNCPA-1.jpg
06-17-2021 @ 16:57:45 - Attachment ID:445893
06-17-2021 @ 16:57:45 - Image URL:https://inspiry.co.nz/wp-content/uploads/2021/basford-brands/MK-KIN-300UNCPA-2.jpg
06-17-2021 @ 16:57:46 - URL:https://inspiry.co.nz/wp-content/uploads/2021/basford-brands/MK-KIN-300UNCPA-2.jpg Reason:Error getting remote image https://inspiry.co.nz/wp-content/uploads/2021/basford-brands/MK-KIN-300UNCPA-2.jpg. Error: Not Found
06-17-2021 @ 16:57:47 - Row :25 - Product updated successfully.
06-17-2021 @ 16:57:47 - Row :26 - Parsing item.
06-17-2021 @ 16:57:47 - Row :26 - Processing item.
06-17-2021 @ 16:57:47 - Found simple product object. ID:445718
06-17-2021 @ 16:57:47 - Setting Featured Image. URL:https://inspiry.co.nz/wp-content/uploads/2021/basford-brands/MK-KIN-300UNCPE.jpg
06-17-2021 @ 16:57:47 - Attachment ID:445813
06-17-2021 @ 16:57:47 - Setting Gallery Images.
06-17-2021 @ 16:57:47 - Image URL:https://inspiry.co.nz/wp-content/uploads/2021/basford-brands/MK-KIN-300UNCPE-1.jpg
06-17-2021 @ 16:57:47 - Attachment ID:445894
06-17-2021 @ 16:57:47 - Image URL:https://inspiry.co.nz/wp-content/uploads/2021/basford-brands/MK-KIN-300UNCPE-2.jpg
06-17-2021 @ 16:57:48 - URL:https://inspiry.co.nz/wp-content/uploads/2021/basford-brands/MK-KIN-300UNCPE-2.jpg Reason:Error getting remote image https://inspiry.co.nz/wp-content/uploads/2021/basford-brands/MK-KIN-300UNCPE-2.jpg. Error: Not Found
06-17-2021 @ 16:57:49 - Row :26 - Product updated successfully.
06-17-2021 @ 16:57:49 - Row :27 - Parsing item.
06-17-2021 @ 16:57:49 - Row :27 - Processing item.
06-17-2021 @ 16:57:49 - Found simple product object. ID:445719
06-17-2021 @ 16:57:49 - Setting Featured Image. URL:https://inspiry.co.nz/wp-content/uploads/2021/basford-brands/MK-KIN-300UNCRE.jpg
06-17-2021 @ 16:57:49 - Attachment ID:445814
06-17-2021 @ 16:57:49 - Setting Gallery Images.
06-17-2021 @ 16:57:49 - Image URL:https://inspiry.co.nz/wp-content/uploads/2021/basford-brands/MK-KIN-300UNCRE-1.jpg
06-17-2021 @ 16:57:50 - Attachment ID:445895
06-17-2021 @ 16:57:50 - Image URL:https://inspiry.co.nz/wp-content/uploads/2021/basford-brands/MK-KIN-300UNCRE-2.jpg
06-17-2021 @ 16:57:51 - URL:https://inspiry.co.nz/wp-content/uploads/2021/basford-brands/MK-KIN-300UNCRE-2.jpg Reason:Error getting remote image https://inspiry.co.nz/wp-content/uploads/2021/basford-brands/MK-KIN-300UNCRE-2.jpg. Error: Not Found
06-17-2021 @ 16:57:51 - Row :27 - Product updated successfully.
06-17-2021 @ 16:57:51 - Row :28 - Parsing item.
06-17-2021 @ 16:57:51 - Row :28 - Processing item.
06-17-2021 @ 16:57:51 - Found simple product object. ID:445720
06-17-2021 @ 16:57:51 - Setting Featured Image. URL:https://inspiry.co.nz/wp-content/uploads/2021/basford-brands/MK-KIN-300UNCSA.jpg
06-17-2021 @ 16:57:52 - Attachment ID:445815
06-17-2021 @ 16:57:52 - Setting Gallery Images.
06-17-2021 @ 16:57:52 - Image URL:https://inspiry.co.nz/wp-content/uploads/2021/basford-brands/MK-KIN-300UNCSA-1.jpg
06-17-2021 @ 16:57:52 - Attachment ID:445896
06-17-2021 @ 16:57:52 - Image URL:https://inspiry.co.nz/wp-content/uploads/2021/basford-brands/MK-KIN-300UNCSA-2.jpg
06-17-2021 @ 16:57:53 - URL:https://inspiry.co.nz/wp-content/uploads/2021/basford-brands/MK-KIN-300UNCSA-2.jpg Reason:Error getting remote image https://inspiry.co.nz/wp-content/uploads/2021/basford-brands/MK-KIN-300UNCSA-2.jpg. Error: Not Found
06-17-2021 @ 16:57:54 - Row :28 - Product updated successfully.
06-17-2021 @ 16:57:54 - Row :29 - Parsing item.
06-17-2021 @ 16:57:54 - Row :29 - Processing item.
06-17-2021 @ 16:57:54 - Found simple product object. ID:445721
06-17-2021 @ 16:57:54 - Setting Featured Image. URL:https://inspiry.co.nz/wp-content/uploads/2021/basford-brands/MK-KIN-300UNCSC.jpg
06-17-2021 @ 16:57:54 - Attachment ID:445816
06-17-2021 @ 16:57:54 - Setting Gallery Images.
06-17-2021 @ 16:57:54 - Image URL:https://inspiry.co.nz/wp-content/uploads/2021/basford-brands/MK-KIN-300UNCSC-1.jpg
06-17-2021 @ 16:57:54 - Attachment ID:445897
06-17-2021 @ 16:57:54 - Image URL:https://inspiry.co.nz/wp-content/uploads/2021/basford-brands/MK-KIN-300UNCSC-2.jpg
06-17-2021 @ 16:57:55 - URL:https://inspiry.co.nz/wp-content/uploads/2021/basford-brands/MK-KIN-300UNCSC-2.jpg Reason:Error getting remote image https://inspiry.co.nz/wp-content/uploads/2021/basford-brands/MK-KIN-300UNCSC-2.jpg. Error: Not Found
06-17-2021 @ 16:57:56 - Row :29 - Product updated successfully.
06-17-2021 @ 16:57:56 - Row :30 - Parsing item.
06-17-2021 @ 16:57:56 - Row :30 - Processing item.
06-17-2021 @ 16:57:56 - Found simple product object. ID:445722
06-17-2021 @ 16:57:56 - Setting Featured Image. URL:https://inspiry.co.nz/wp-content/uploads/2021/basford-brands/MK-KIN-300UNCSL.jpg
06-17-2021 @ 16:57:56 - Attachment ID:445817
06-17-2021 @ 16:57:56 - Setting Gallery Images.
06-17-2021 @ 16:57:56 - Image URL:https://inspiry.co.nz/wp-content/uploads/2021/basford-brands/MK-KIN-300UNCSL-1.jpg
06-17-2021 @ 16:57:57 - Attachment ID:445898
06-17-2021 @ 16:57:57 - Image URL:https://inspiry.co.nz/wp-content/uploads/2021/basford-brands/MK-KIN-300UNCSL-2.jpg
06-17-2021 @ 16:57:58 - URL:https://inspiry.co.nz/wp-content/uploads/2021/basford-brands/MK-KIN-300UNCSL-2.jpg Reason:Error getting remote image https://inspiry.co.nz/wp-content/uploads/2021/basford-brands/MK-KIN-300UNCSL-2.jpg. Error: Not Found
06-17-2021 @ 16:57:58 - Row :30 - Product updated successfully.
06-17-2021 @ 16:58:00 - Preparing for import.
06-17-2021 @ 16:58:00 - Row :31 - Parsing item.
06-17-2021 @ 16:58:00 - Row :31 - Processing item.
06-17-2021 @ 16:58:00 - Found simple product object. ID:445723
06-17-2021 @ 16:58:00 - Setting Featured Image. URL:https://inspiry.co.nz/wp-content/uploads/2021/basford-brands/MK-KIN-300UNCSO.jpg
06-17-2021 @ 16:58:00 - Attachment ID:445818
06-17-2021 @ 16:58:00 - Setting Gallery Images.
06-17-2021 @ 16:58:00 - Image URL:https://inspiry.co.nz/wp-content/uploads/2021/basford-brands/MK-KIN-300UNCSO-1.jpg
06-17-2021 @ 16:58:01 - Attachment ID:445899
06-17-2021 @ 16:58:01 - Image URL:https://inspiry.co.nz/wp-content/uploads/2021/basford-brands/MK-KIN-300UNCSO-2.jpg
06-17-2021 @ 16:58:02 - URL:https://inspiry.co.nz/wp-content/uploads/2021/basford-brands/MK-KIN-300UNCSO-2.jpg Reason:Error getting remote image https://inspiry.co.nz/wp-content/uploads/2021/basford-brands/MK-KIN-300UNCSO-2.jpg. Error: Not Found
06-17-2021 @ 16:58:03 - Row :31 - Product updated successfully.
06-17-2021 @ 16:58:03 - Row :32 - Parsing item.
06-17-2021 @ 16:58:03 - Row :32 - Processing item.
06-17-2021 @ 16:58:03 - Found simple product object. ID:445724
06-17-2021 @ 16:58:03 - Setting Featured Image. URL:https://inspiry.co.nz/wp-content/uploads/2021/basford-brands/MK-KIN-300UNCST.jpg
06-17-2021 @ 16:58:03 - Attachment ID:445819
06-17-2021 @ 16:58:03 - Setting Gallery Images.
06-17-2021 @ 16:58:03 - Image URL:https://inspiry.co.nz/wp-content/uploads/2021/basford-brands/MK-KIN-300UNCST-1.jpg
06-17-2021 @ 16:58:04 - Attachment ID:445900
06-17-2021 @ 16:58:04 - Image URL:https://inspiry.co.nz/wp-content/uploads/2021/basford-brands/MK-KIN-300UNCST-2.jpg
06-17-2021 @ 16:58:05 - URL:https://inspiry.co.nz/wp-content/uploads/2021/basford-brands/MK-KIN-300UNCST-2.jpg Reason:Error getting remote image https://inspiry.co.nz/wp-content/uploads/2021/basford-brands/MK-KIN-300UNCST-2.jpg. Error: Not Found
06-17-2021 @ 16:58:05 - Row :32 - Product updated successfully.
06-17-2021 @ 16:58:05 - Row :33 - Parsing item.
06-17-2021 @ 16:58:05 - Row :33 - Processing item.
06-17-2021 @ 16:58:05 - Found simple product object. ID:445725
06-17-2021 @ 16:58:05 - Setting Featured Image. URL:https://inspiry.co.nz/wp-content/uploads/2021/basford-brands/MK-KIN-300UNCSR.jpg
06-17-2021 @ 16:58:06 - Attachment ID:445820
06-17-2021 @ 16:58:06 - Setting Gallery Images.
06-17-2021 @ 16:58:06 - Image URL:https://inspiry.co.nz/wp-content/uploads/2021/basford-brands/MK-KIN-300UNCSR-1.jpg
06-17-2021 @ 16:58:06 - Attachment ID:445901
06-17-2021 @ 16:58:06 - Image URL:https://inspiry.co.nz/wp-content/uploads/2021/basford-brands/MK-KIN-300UNCSR-2.jpg
06-17-2021 @ 16:58:08 - URL:https://inspiry.co.nz/wp-content/uploads/2021/basford-brands/MK-KIN-300UNCSR-2.jpg Reason:Error getting remote image https://inspiry.co.nz/wp-content/uploads/2021/basford-brands/MK-KIN-300UNCSR-2.jpg. Error: Not Found
06-17-2021 @ 16:58:08 - Row :33 - Product updated successfully.
06-17-2021 @ 16:58:08 - Row :34 - Parsing item.
06-17-2021 @ 16:58:08 - Row :34 - Processing item.
06-17-2021 @ 16:58:08 - Found simple product object. ID:445726
06-17-2021 @ 16:58:08 - Setting Featured Image. URL:https://inspiry.co.nz/wp-content/uploads/2021/basford-brands/MK-BOTA210220DU.jpg
06-17-2021 @ 16:58:08 - Attachment ID:445821
06-17-2021 @ 16:58:08 - Setting Gallery Images.
06-17-2021 @ 16:58:08 - Image URL:https://inspiry.co.nz/wp-content/uploads/2021/basford-brands/MK-BOTA210220DU-1.jpg
06-17-2021 @ 16:58:08 - Attachment ID:445902
06-17-2021 @ 16:58:08 - Image URL:https://inspiry.co.nz/wp-content/uploads/2021/basford-brands/MK-BOTA210220DU-2.jpg
06-17-2021 @ 16:58:09 - URL:https://inspiry.co.nz/wp-content/uploads/2021/basford-brands/MK-BOTA210220DU-2.jpg Reason:Error getting remote image https://inspiry.co.nz/wp-content/uploads/2021/basford-brands/MK-BOTA210220DU-2.jpg. Error: Not Found
06-17-2021 @ 16:58:10 - Row :34 - Product updated successfully.
06-17-2021 @ 16:58:10 - Row :35 - Parsing item.
06-17-2021 @ 16:58:10 - Row :35 - Processing item.
06-17-2021 @ 16:58:10 - Found simple product object. ID:445727
06-17-2021 @ 16:58:10 - Setting Featured Image. URL:https://inspiry.co.nz/wp-content/uploads/2021/basford-brands/MK-BOTA210220JE.jpg
06-17-2021 @ 16:58:10 - Attachment ID:445822
06-17-2021 @ 16:58:10 - Setting Gallery Images.
06-17-2021 @ 16:58:10 - Image URL:https://inspiry.co.nz/wp-content/uploads/2021/basford-brands/MK-BOTA210220JE-1.jpg
06-17-2021 @ 16:58:10 - Attachment ID:445903
06-17-2021 @ 16:58:10 - Image URL:https://inspiry.co.nz/wp-content/uploads/2021/basford-brands/MK-BOTA210220JE-2.jpg
06-17-2021 @ 16:58:11 - URL:https://inspiry.co.nz/wp-content/uploads/2021/basford-brands/MK-BOTA210220JE-2.jpg Reason:Error getting remote image https://inspiry.co.nz/wp-content/uploads/2021/basford-brands/MK-BOTA210220JE-2.jpg. Error: Not Found
06-17-2021 @ 16:58:11 - Row :35 - Product updated successfully.
06-17-2021 @ 16:58:11 - Row :36 - Parsing item.
06-17-2021 @ 16:58:11 - Row :36 - Processing item.
06-17-2021 @ 16:58:11 - Found simple product object. ID:445728
06-17-2021 @ 16:58:11 - Setting Featured Image. URL:https://inspiry.co.nz/wp-content/uploads/2021/basford-brands/MK-BOTA210220NA.jpg
06-17-2021 @ 16:58:12 - Attachment ID:445823
06-17-2021 @ 16:58:12 - Setting Gallery Images.
06-17-2021 @ 16:58:12 - Image URL:https://inspiry.co.nz/wp-content/uploads/2021/basford-brands/MK-BOTA210220NA-1.jpg
06-17-2021 @ 16:58:12 - Attachment ID:445904
06-17-2021 @ 16:58:12 - Image URL:https://inspiry.co.nz/wp-content/uploads/2021/basford-brands/MK-BOTA210220NA-2.jpg
06-17-2021 @ 16:58:13 - URL:https://inspiry.co.nz/wp-content/uploads/2021/basford-brands/MK-BOTA210220NA-2.jpg Reason:Error getting remote image https://inspiry.co.nz/wp-content/uploads/2021/basford-brands/MK-BOTA210220NA-2.jpg. Error: Not Found
06-17-2021 @ 16:58:13 - Row :36 - Product updated successfully.
06-17-2021 @ 16:58:13 - Row :37 - Parsing item.
06-17-2021 @ 16:58:13 - Row :37 - Processing item.
06-17-2021 @ 16:58:13 - Found simple product object. ID:445729
06-17-2021 @ 16:58:13 - Setting Featured Image. URL:https://inspiry.co.nz/wp-content/uploads/2021/basford-brands/MK-BOTA210220SI.jpg
06-17-2021 @ 16:58:13 - Attachment ID:445824
06-17-2021 @ 16:58:13 - Setting Gallery Images.
06-17-2021 @ 16:58:13 - Image URL:https://inspiry.co.nz/wp-content/uploads/2021/basford-brands/MK-BOTA210220SI-1.jpg
06-17-2021 @ 16:58:14 - Attachment ID:445905
06-17-2021 @ 16:58:14 - Image URL:https://inspiry.co.nz/wp-content/uploads/2021/basford-brands/MK-BOTA210220SI-2.jpg
06-17-2021 @ 16:58:15 - URL:https://inspiry.co.nz/wp-content/uploads/2021/basford-brands/MK-BOTA210220SI-2.jpg Reason:Error getting remote image https://inspiry.co.nz/wp-content/uploads/2021/basford-brands/MK-BOTA210220SI-2.jpg. Error: Not Found
06-17-2021 @ 16:58:15 - Row :37 - Product updated successfully.
06-17-2021 @ 16:58:15 - Row :38 - Parsing item.
06-17-2021 @ 16:58:15 - Row :38 - Processing item.
06-17-2021 @ 16:58:15 - Found simple product object. ID:445730
06-17-2021 @ 16:58:15 - Setting Featured Image. URL:https://inspiry.co.nz/wp-content/uploads/2021/basford-brands/MK-HAVB210220CL.jpg
06-17-2021 @ 16:58:15 - Attachment ID:445825
06-17-2021 @ 16:58:15 - Setting Gallery Images.
06-17-2021 @ 16:58:15 - Image URL:https://inspiry.co.nz/wp-content/uploads/2021/basford-brands/MK-HAVB210220CL-1.jpg
06-17-2021 @ 16:58:15 - Attachment ID:445906
06-17-2021 @ 16:58:15 - Image URL:https://inspiry.co.nz/wp-content/uploads/2021/basford-brands/MK-HAVB210220CL-2.jpg
06-17-2021 @ 16:58:16 - URL:https://inspiry.co.nz/wp-content/uploads/2021/basford-brands/MK-HAVB210220CL-2.jpg Reason:Error getting remote image https://inspiry.co.nz/wp-content/uploads/2021/basford-brands/MK-HAVB210220CL-2.jpg. Error: Not Found
06-17-2021 @ 16:58:17 - Row :38 - Product updated successfully.
06-17-2021 @ 16:58:17 - Row :39 - Parsing item.
06-17-2021 @ 16:58:17 - Row :39 - Processing item.
06-17-2021 @ 16:58:17 - Found simple product object. ID:445731
06-17-2021 @ 16:58:17 - Setting Featured Image. URL:https://inspiry.co.nz/wp-content/uploads/2021/basford-brands/MK-HAVB210220DR.jpg
06-17-2021 @ 16:58:17 - Attachment ID:445826
06-17-2021 @ 16:58:17 - Setting Gallery Images.
06-17-2021 @ 16:58:17 - Image URL:https://inspiry.co.nz/wp-content/uploads/2021/basford-brands/MK-HAVB210220DR-1.jpg
06-17-2021 @ 16:58:17 - Attachment ID:445907
06-17-2021 @ 16:58:17 - Image URL:https://inspiry.co.nz/wp-content/uploads/2021/basford-brands/MK-HAVB210220DR-2.jpg
06-17-2021 @ 16:58:18 - URL:https://inspiry.co.nz/wp-content/uploads/2021/basford-brands/MK-HAVB210220DR-2.jpg Reason:Error getting remote image https://inspiry.co.nz/wp-content/uploads/2021/basford-brands/MK-HAVB210220DR-2.jpg. Error: Not Found
06-17-2021 @ 16:58:18 - Row :39 - Product updated successfully.
06-17-2021 @ 16:58:18 - Row :40 - Parsing item.
06-17-2021 @ 16:58:18 - Row :40 - Processing item.
06-17-2021 @ 16:58:18 - Found simple product object. ID:445732
06-17-2021 @ 16:58:18 - Setting Featured Image. URL:https://inspiry.co.nz/wp-content/uploads/2021/basford-brands/MK-HAVB210220GR.jpg
06-17-2021 @ 16:58:19 - Attachment ID:445827
06-17-2021 @ 16:58:19 - Setting Gallery Images.
06-17-2021 @ 16:58:19 - Image URL:https://inspiry.co.nz/wp-content/uploads/2021/basford-brands/MK-HAVB210220GR-1.jpg
06-17-2021 @ 16:58:19 - Attachment ID:445908
06-17-2021 @ 16:58:19 - Image URL:https://inspiry.co.nz/wp-content/uploads/2021/basford-brands/MK-HAVB210220GR-2.jpg
06-17-2021 @ 16:58:20 - URL:https://inspiry.co.nz/wp-content/uploads/2021/basford-brands/MK-HAVB210220GR-2.jpg Reason:Error getting remote image https://inspiry.co.nz/wp-content/uploads/2021/basford-brands/MK-HAVB210220GR-2.jpg. Error: Not Found
06-17-2021 @ 16:58:20 - Row :40 - Product updated successfully.
06-17-2021 @ 16:58:23 - Preparing for import.
06-17-2021 @ 16:58:23 - Row :41 - Parsing item.
06-17-2021 @ 16:58:23 - Row :41 - Processing item.
06-17-2021 @ 16:58:23 - Found simple product object. ID:445733
06-17-2021 @ 16:58:23 - Setting Featured Image. URL:https://inspiry.co.nz/wp-content/uploads/2021/basford-brands/MK-HAVB210220ON.jpg
06-17-2021 @ 16:58:23 - Attachment ID:445828
06-17-2021 @ 16:58:23 - Setting Gallery Images.
06-17-2021 @ 16:58:23 - Image URL:https://inspiry.co.nz/wp-content/uploads/2021/basford-brands/MK-HAVB210220ON-1.jpg
06-17-2021 @ 16:58:24 - Attachment ID:445909
06-17-2021 @ 16:58:24 - Image URL:https://inspiry.co.nz/wp-content/uploads/2021/basford-brands/MK-HAVB210220ON-2.jpg
06-17-2021 @ 16:58:25 - URL:https://inspiry.co.nz/wp-content/uploads/2021/basford-brands/MK-HAVB210220ON-2.jpg Reason:Error getting remote image https://inspiry.co.nz/wp-content/uploads/2021/basford-brands/MK-HAVB210220ON-2.jpg. Error: Not Found
06-17-2021 @ 16:58:26 - Row :41 - Product updated successfully.
06-17-2021 @ 16:58:26 - Row :42 - Parsing item.
06-17-2021 @ 16:58:26 - Row :42 - Processing item.
06-17-2021 @ 16:58:26 - Found simple product object. ID:445734
06-17-2021 @ 16:58:26 - Setting Featured Image. URL:https://inspiry.co.nz/wp-content/uploads/2021/basford-brands/MK-HAVB210220SL.jpg
06-17-2021 @ 16:58:26 - Attachment ID:445829
06-17-2021 @ 16:58:26 - Setting Gallery Images.
06-17-2021 @ 16:58:26 - Image URL:https://inspiry.co.nz/wp-content/uploads/2021/basford-brands/MK-HAVB210220SL-1.jpg
06-17-2021 @ 16:58:26 - Attachment ID:445910
06-17-2021 @ 16:58:26 - Image URL:https://inspiry.co.nz/wp-content/uploads/2021/basford-brands/MK-HAVB210220SL-2.jpg
06-17-2021 @ 16:58:27 - URL:https://inspiry.co.nz/wp-content/uploads/2021/basford-brands/MK-HAVB210220SL-2.jpg Reason:Error getting remote image https://inspiry.co.nz/wp-content/uploads/2021/basford-brands/MK-HAVB210220SL-2.jpg. Error: Not Found
06-17-2021 @ 16:58:27 - Row :42 - Product updated successfully.
06-17-2021 @ 16:58:27 - Row :43 - Parsing item.
06-17-2021 @ 16:58:27 - Row :43 - Processing item.
06-17-2021 @ 16:58:27 - Found simple product object. ID:445735
06-17-2021 @ 16:58:27 - Setting Featured Image. URL:https://inspiry.co.nz/wp-content/uploads/2021/basford-brands/MK-BONB140221OC.jpg
06-17-2021 @ 16:58:27 - Attachment ID:445830
06-17-2021 @ 16:58:27 - Setting Gallery Images.
06-17-2021 @ 16:58:27 - Image URL:https://inspiry.co.nz/wp-content/uploads/2021/basford-brands/MK-BONB140221OC-1.jpg
06-17-2021 @ 16:58:28 - Attachment ID:445911
06-17-2021 @ 16:58:28 - Image URL:https://inspiry.co.nz/wp-content/uploads/2021/basford-brands/MK-BONB140221OC-2.jpg
06-17-2021 @ 16:58:29 - URL:https://inspiry.co.nz/wp-content/uploads/2021/basford-brands/MK-BONB140221OC-2.jpg Reason:Error getting remote image https://inspiry.co.nz/wp-content/uploads/2021/basford-brands/MK-BONB140221OC-2.jpg. Error: Not Found
06-17-2021 @ 16:58:29 - Row :43 - Product updated successfully.
06-17-2021 @ 16:58:29 - Row :44 - Parsing item.
06-17-2021 @ 16:58:29 - Row :44 - Processing item.
06-17-2021 @ 16:58:29 - Found simple product object. ID:445736
06-17-2021 @ 16:58:29 - Setting Featured Image. URL:https://inspiry.co.nz/wp-content/uploads/2021/basford-brands/MK-HAVB180221CL.jpg
06-17-2021 @ 16:58:29 - Attachment ID:445831
06-17-2021 @ 16:58:29 - Setting Gallery Images.
06-17-2021 @ 16:58:29 - Image URL:https://inspiry.co.nz/wp-content/uploads/2021/basford-brands/MK-HAVB180221CL-1.jpg
06-17-2021 @ 16:58:29 - Attachment ID:445912
06-17-2021 @ 16:58:29 - Image URL:https://inspiry.co.nz/wp-content/uploads/2021/basford-brands/MK-HAVB180221CL-2.jpg
06-17-2021 @ 16:58:31 - URL:https://inspiry.co.nz/wp-content/uploads/2021/basford-brands/MK-HAVB180221CL-2.jpg Reason:Error getting remote image https://inspiry.co.nz/wp-content/uploads/2021/basford-brands/MK-HAVB180221CL-2.jpg. Error: Not Found
06-17-2021 @ 16:58:31 - Row :44 - Product updated successfully.
06-17-2021 @ 16:58:31 - Row :45 - Parsing item.
06-17-2021 @ 16:58:31 - Row :45 - Processing item.
06-17-2021 @ 16:58:31 - Found simple product object. ID:445737
06-17-2021 @ 16:58:31 - Setting Featured Image. URL:https://inspiry.co.nz/wp-content/uploads/2021/basford-brands/MK-HAVB180221DR.jpg
06-17-2021 @ 16:58:31 - Attachment ID:445832
06-17-2021 @ 16:58:31 - Setting Gallery Images.
06-17-2021 @ 16:58:31 - Image URL:https://inspiry.co.nz/wp-content/uploads/2021/basford-brands/MK-HAVB180221DR-1.jpg
06-17-2021 @ 16:58:31 - Attachment ID:445913
06-17-2021 @ 16:58:31 - Image URL:https://inspiry.co.nz/wp-content/uploads/2021/basford-brands/MK-HAVB180221DR-2.jpg
06-17-2021 @ 16:58:32 - URL:https://inspiry.co.nz/wp-content/uploads/2021/basford-brands/MK-HAVB180221DR-2.jpg Reason:Error getting remote image https://inspiry.co.nz/wp-content/uploads/2021/basford-brands/MK-HAVB180221DR-2.jpg. Error: Not Found
06-17-2021 @ 16:58:33 - Row :45 - Product updated successfully.
06-17-2021 @ 16:58:33 - Row :46 - Parsing item.
06-17-2021 @ 16:58:33 - Row :46 - Processing item.
06-17-2021 @ 16:58:33 - Found simple product object. ID:445738
06-17-2021 @ 16:58:33 - Setting Featured Image. URL:https://inspiry.co.nz/wp-content/uploads/2021/basford-brands/MK-HAVB180221GR.jpg
06-17-2021 @ 16:58:33 - Attachment ID:445833
06-17-2021 @ 16:58:33 - Setting Gallery Images.
06-17-2021 @ 16:58:33 - Image URL:https://inspiry.co.nz/wp-content/uploads/2021/basford-brands/MK-HAVB180221GR-1.jpg
06-17-2021 @ 16:58:33 - Attachment ID:445914
06-17-2021 @ 16:58:33 - Image URL:https://inspiry.co.nz/wp-content/uploads/2021/basford-brands/MK-HAVB180221GR-2.jpg
06-17-2021 @ 16:58:34 - URL:https://inspiry.co.nz/wp-content/uploads/2021/basford-brands/MK-HAVB180221GR-2.jpg Reason:Error getting remote image https://inspiry.co.nz/wp-content/uploads/2021/basford-brands/MK-HAVB180221GR-2.jpg. Error: Not Found
06-17-2021 @ 16:58:34 - Row :46 - Product updated successfully.
06-17-2021 @ 16:58:34 - Row :47 - Parsing item.
06-17-2021 @ 16:58:34 - Row :47 - Processing item.
06-17-2021 @ 16:58:34 - Found simple product object. ID:445739
06-17-2021 @ 16:58:34 - Setting Featured Image. URL:https://inspiry.co.nz/wp-content/uploads/2021/basford-brands/MK-LANB220220CH.jpg
06-17-2021 @ 16:58:35 - Attachment ID:445834
06-17-2021 @ 16:58:35 - Setting Gallery Images.
06-17-2021 @ 16:58:35 - Image URL:https://inspiry.co.nz/wp-content/uploads/2021/basford-brands/MK-LANB220220CH-1.jpg
06-17-2021 @ 16:58:35 - Attachment ID:445915
06-17-2021 @ 16:58:35 - Image URL:https://inspiry.co.nz/wp-content/uploads/2021/basford-brands/MK-LANB220220CH-2.jpg
06-17-2021 @ 16:58:36 - URL:https://inspiry.co.nz/wp-content/uploads/2021/basford-brands/MK-LANB220220CH-2.jpg Reason:Error getting remote image https://inspiry.co.nz/wp-content/uploads/2021/basford-brands/MK-LANB220220CH-2.jpg. Error: Not Found
06-17-2021 @ 16:58:36 - Row :47 - Product updated successfully.
06-17-2021 @ 16:58:36 - Row :48 - Parsing item.
06-17-2021 @ 16:58:36 - Row :48 - Processing item.
06-17-2021 @ 16:58:36 - Found simple product object. ID:445740
06-17-2021 @ 16:58:36 - Setting Featured Image. URL:https://inspiry.co.nz/wp-content/uploads/2021/basford-brands/MK-LANB220220NA.jpg
06-17-2021 @ 16:58:36 - Attachment ID:445835
06-17-2021 @ 16:58:36 - Setting Gallery Images.
06-17-2021 @ 16:58:36 - Image URL:https://inspiry.co.nz/wp-content/uploads/2021/basford-brands/MK-LANB220220NA-1.jpg
06-17-2021 @ 16:58:37 - Attachment ID:445916
06-17-2021 @ 16:58:37 - Image URL:https://inspiry.co.nz/wp-content/uploads/2021/basford-brands/MK-LANB220220NA-2.jpg
06-17-2021 @ 16:58:38 - URL:https://inspiry.co.nz/wp-content/uploads/2021/basford-brands/MK-LANB220220NA-2.jpg Reason:Error getting remote image https://inspiry.co.nz/wp-content/uploads/2021/basford-brands/MK-LANB220220NA-2.jpg. Error: Not Found
06-17-2021 @ 16:58:38 - Row :48 - Product updated successfully.
06-17-2021 @ 16:58:38 - Row :49 - Parsing item.
06-17-2021 @ 16:58:38 - Row :49 - Processing item.
06-17-2021 @ 16:58:38 - Found simple product object. ID:445741
06-17-2021 @ 16:58:38 - Setting Featured Image. URL:https://inspiry.co.nz/wp-content/uploads/2021/basford-brands/MK-LANB220220SI.jpg
06-17-2021 @ 16:58:38 - Attachment ID:445836
06-17-2021 @ 16:58:38 - Setting Gallery Images.
06-17-2021 @ 16:58:38 - Image URL:https://inspiry.co.nz/wp-content/uploads/2021/basford-brands/MK-LANB220220SI-1.jpg
06-17-2021 @ 16:58:38 - Attachment ID:445917
06-17-2021 @ 16:58:38 - Image URL:https://inspiry.co.nz/wp-content/uploads/2021/basford-brands/MK-LANB220220SI-2.jpg
06-17-2021 @ 16:58:39 - URL:https://inspiry.co.nz/wp-content/uploads/2021/basford-brands/MK-LANB220220SI-2.jpg Reason:Error getting remote image https://inspiry.co.nz/wp-content/uploads/2021/basford-brands/MK-LANB220220SI-2.jpg. Error: Not Found
06-17-2021 @ 16:58:40 - Row :49 - Product updated successfully.
06-17-2021 @ 16:58:40 - Row :50 - Parsing item.
06-17-2021 @ 16:58:40 - Row :50 - Processing item.
06-17-2021 @ 16:58:40 - Found simple product object. ID:445742
06-17-2021 @ 16:58:40 - Setting Featured Image. URL:https://inspiry.co.nz/wp-content/uploads/2021/basford-brands/MK-LANB140221CH.jpg
06-17-2021 @ 16:58:40 - Attachment ID:445837
06-17-2021 @ 16:58:40 - Setting Gallery Images.
06-17-2021 @ 16:58:40 - Image URL:https://inspiry.co.nz/wp-content/uploads/2021/basford-brands/MK-LANB140221CH-1.jpg
06-17-2021 @ 16:58:40 - Attachment ID:445918
06-17-2021 @ 16:58:40 - Image URL:https://inspiry.co.nz/wp-content/uploads/2021/basford-brands/MK-LANB140221CH-2.jpg
06-17-2021 @ 16:58:41 - URL:https://inspiry.co.nz/wp-content/uploads/2021/basford-brands/MK-LANB140221CH-2.jpg Reason:Error getting remote image https://inspiry.co.nz/wp-content/uploads/2021/basford-brands/MK-LANB140221CH-2.jpg. Error: Not Found
06-17-2021 @ 16:58:42 - Row :50 - Product updated successfully.
06-17-2021 @ 16:58:43 - Preparing for import.
06-17-2021 @ 16:58:43 - Row :51 - Parsing item.
06-17-2021 @ 16:58:43 - Row :51 - Processing item.
06-17-2021 @ 16:58:43 - Found simple product object. ID:445743
06-17-2021 @ 16:58:43 - Setting Featured Image. URL:https://inspiry.co.nz/wp-content/uploads/2021/basford-brands/MK-LANB140221NA.jpg
06-17-2021 @ 16:58:43 - Attachment ID:445838
06-17-2021 @ 16:58:43 - Setting Gallery Images.
06-17-2021 @ 16:58:43 - Image URL:https://inspiry.co.nz/wp-content/uploads/2021/basford-brands/MK-LANB140221NA-1.jpg
06-17-2021 @ 16:58:44 - Attachment ID:445919
06-17-2021 @ 16:58:44 - Image URL:https://inspiry.co.nz/wp-content/uploads/2021/basford-brands/MK-LANB140221NA-2.jpg
06-17-2021 @ 16:58:45 - URL:https://inspiry.co.nz/wp-content/uploads/2021/basford-brands/MK-LANB140221NA-2.jpg Reason:Error getting remote image https://inspiry.co.nz/wp-content/uploads/2021/basford-brands/MK-LANB140221NA-2.jpg. Error: Not Found
06-17-2021 @ 16:58:45 - Row :51 - Product updated successfully.
06-17-2021 @ 16:58:45 - Row :52 - Parsing item.
06-17-2021 @ 16:58:45 - Row :52 - Processing item.
06-17-2021 @ 16:58:45 - Found simple product object. ID:445744
06-17-2021 @ 16:58:45 - Setting Featured Image. URL:https://inspiry.co.nz/wp-content/uploads/2021/basford-brands/MK-LANB140221SI.jpg
06-17-2021 @ 16:58:45 - Attachment ID:445839
06-17-2021 @ 16:58:45 - Setting Gallery Images.
06-17-2021 @ 16:58:45 - Image URL:https://inspiry.co.nz/wp-content/uploads/2021/basford-brands/MK-LANB140221SI-1.jpg
06-17-2021 @ 16:58:45 - Attachment ID:445920
06-17-2021 @ 16:58:45 - Image URL:https://inspiry.co.nz/wp-content/uploads/2021/basford-brands/MK-LANB140221SI-2.jpg
06-17-2021 @ 16:58:47 - URL:https://inspiry.co.nz/wp-content/uploads/2021/basford-brands/MK-LANB140221SI-2.jpg Reason:Error getting remote image https://inspiry.co.nz/wp-content/uploads/2021/basford-brands/MK-LANB140221SI-2.jpg. Error: Not Found
06-17-2021 @ 16:58:47 - Row :52 - Product updated successfully.
06-17-2021 @ 16:58:47 - Row :53 - Parsing item.
06-17-2021 @ 16:58:47 - Row :53 - Processing item.
06-17-2021 @ 16:58:47 - Found simple product object. ID:445745
06-17-2021 @ 16:58:47 - Setting Featured Image. URL:https://inspiry.co.nz/wp-content/uploads/2021/basford-brands/MK-MONT180221AS.jpg
06-17-2021 @ 16:58:47 - Attachment ID:445840
06-17-2021 @ 16:58:47 - Setting Gallery Images.
06-17-2021 @ 16:58:47 - Image URL:https://inspiry.co.nz/wp-content/uploads/2021/basford-brands/MK-MONT180221AS-1.jpg
06-17-2021 @ 16:58:48 - Attachment ID:445921
06-17-2021 @ 16:58:48 - Image URL:https://inspiry.co.nz/wp-content/uploads/2021/basford-brands/MK-MONT180221AS-2.jpg
06-17-2021 @ 16:58:49 - URL:https://inspiry.co.nz/wp-content/uploads/2021/basford-brands/MK-MONT180221AS-2.jpg Reason:Error getting remote image https://inspiry.co.nz/wp-content/uploads/2021/basford-brands/MK-MONT180221AS-2.jpg. Error: Not Found
06-17-2021 @ 16:58:49 - Row :53 - Product updated successfully.
06-17-2021 @ 16:58:49 - Row :54 - Parsing item.
06-17-2021 @ 16:58:49 - Row :54 - Processing item.
06-17-2021 @ 16:58:49 - Found simple product object. ID:445746
06-17-2021 @ 16:58:49 - Setting Featured Image. URL:https://inspiry.co.nz/wp-content/uploads/2021/basford-brands/MK-MONT180221GR.jpg
06-17-2021 @ 16:58:49 - Attachment ID:445841
06-17-2021 @ 16:58:49 - Setting Gallery Images.
06-17-2021 @ 16:58:49 - Image URL:https://inspiry.co.nz/wp-content/uploads/2021/basford-brands/MK-MONT180221GR-1.jpg
06-17-2021 @ 16:58:49 - Attachment ID:445922
06-17-2021 @ 16:58:49 - Image URL:https://inspiry.co.nz/wp-content/uploads/2021/basford-brands/MK-MONT180221GR-2.jpg
06-17-2021 @ 16:58:50 - URL:https://inspiry.co.nz/wp-content/uploads/2021/basford-brands/MK-MONT180221GR-2.jpg Reason:Error getting remote image https://inspiry.co.nz/wp-content/uploads/2021/basford-brands/MK-MONT180221GR-2.jpg. Error: Not Found
06-17-2021 @ 16:58:51 - Row :54 - Product updated successfully.
06-17-2021 @ 16:58:51 - Row :55 - Parsing item.
06-17-2021 @ 16:58:51 - Row :55 - Processing item.
06-17-2021 @ 16:58:51 - Found simple product object. ID:445747
06-17-2021 @ 16:58:51 - Setting Featured Image. URL:https://inspiry.co.nz/wp-content/uploads/2021/basford-brands/MK-MONT180221WH.jpg
06-17-2021 @ 16:58:51 - Attachment ID:445842
06-17-2021 @ 16:58:51 - Setting Gallery Images.
06-17-2021 @ 16:58:51 - Image URL:https://inspiry.co.nz/wp-content/uploads/2021/basford-brands/MK-MONT180221WH-1.jpg
06-17-2021 @ 16:58:51 - Attachment ID:445923
06-17-2021 @ 16:58:51 - Image URL:https://inspiry.co.nz/wp-content/uploads/2021/basford-brands/MK-MONT180221WH-2.jpg
06-17-2021 @ 16:58:52 - URL:https://inspiry.co.nz/wp-content/uploads/2021/basford-brands/MK-MONT180221WH-2.jpg Reason:Error getting remote image https://inspiry.co.nz/wp-content/uploads/2021/basford-brands/MK-MONT180221WH-2.jpg. Error: Not Found
06-17-2021 @ 16:58:52 - Row :55 - Product updated successfully.
06-17-2021 @ 16:58:52 - Row :56 - Parsing item.
06-17-2021 @ 16:58:52 - Row :56 - Processing item.
06-17-2021 @ 16:58:52 - Found simple product object. ID:445748
06-17-2021 @ 16:58:52 - Setting Featured Image. URL:https://inspiry.co.nz/wp-content/uploads/2021/basford-brands/MK-UMB-140221BL.jpg
06-17-2021 @ 16:58:53 - URL:https://inspiry.co.nz/wp-content/uploads/2021/basford-brands/MK-UMB-140221BL.jpg Reason:Error getting remote image https://inspiry.co.nz/wp-content/uploads/2021/basford-brands/MK-UMB-140221BL.jpg. Error: Not Found
06-17-2021 @ 16:58:53 - Setting Gallery Images.
06-17-2021 @ 16:58:53 - Image URL:https://inspiry.co.nz/wp-content/uploads/2021/basford-brands/MK-UMB-140221BL-1.jpg
06-17-2021 @ 16:58:54 - Attachment ID:445924
06-17-2021 @ 16:58:54 - Image URL:https://inspiry.co.nz/wp-content/uploads/2021/basford-brands/MK-UMB-140221BL-2.jpg
06-17-2021 @ 16:58:55 - URL:https://inspiry.co.nz/wp-content/uploads/2021/basford-brands/MK-UMB-140221BL-2.jpg Reason:Error getting remote image https://inspiry.co.nz/wp-content/uploads/2021/basford-brands/MK-UMB-140221BL-2.jpg. Error: Not Found
06-17-2021 @ 16:58:55 - Row :56 - Product updated successfully.
06-17-2021 @ 16:58:55 - Row :57 - Parsing item.
06-17-2021 @ 16:58:55 - Row :57 - Processing item.
06-17-2021 @ 16:58:55 - Found simple product object. ID:445749
06-17-2021 @ 16:58:55 - Setting Featured Image. URL:https://inspiry.co.nz/wp-content/uploads/2021/basford-brands/MK-UMB-140221ST.jpg
06-17-2021 @ 16:58:56 - URL:https://inspiry.co.nz/wp-content/uploads/2021/basford-brands/MK-UMB-140221ST.jpg Reason:Error getting remote image https://inspiry.co.nz/wp-content/uploads/2021/basford-brands/MK-UMB-140221ST.jpg. Error: Not Found
06-17-2021 @ 16:58:56 - Setting Gallery Images.
06-17-2021 @ 16:58:56 - Image URL:https://inspiry.co.nz/wp-content/uploads/2021/basford-brands/MK-UMB-140221ST-1.jpg
06-17-2021 @ 16:58:56 - Attachment ID:445925
06-17-2021 @ 16:58:56 - Image URL:https://inspiry.co.nz/wp-content/uploads/2021/basford-brands/MK-UMB-140221ST-2.jpg
06-17-2021 @ 16:58:57 - URL:https://inspiry.co.nz/wp-content/uploads/2021/basford-brands/MK-UMB-140221ST-2.jpg Reason:Error getting remote image https://inspiry.co.nz/wp-content/uploads/2021/basford-brands/MK-UMB-140221ST-2.jpg. Error: Not Found
06-17-2021 @ 16:58:57 - Row :57 - Product updated successfully.
06-17-2021 @ 16:58:57 - Row :58 - Parsing item.
06-17-2021 @ 16:58:57 - Row :58 - Processing item.
06-17-2021 @ 16:58:57 - Found simple product object. ID:445750
06-17-2021 @ 16:58:57 - Setting Featured Image. URL:https://inspiry.co.nz/wp-content/uploads/2021/basford-brands/MK-UMB-140221TR.jpg
06-17-2021 @ 16:58:59 - URL:https://inspiry.co.nz/wp-content/uploads/2021/basford-brands/MK-UMB-140221TR.jpg Reason:Error getting remote image https://inspiry.co.nz/wp-content/uploads/2021/basford-brands/MK-UMB-140221TR.jpg. Error: Not Found
06-17-2021 @ 16:58:59 - Setting Gallery Images.
06-17-2021 @ 16:58:59 - Image URL:https://inspiry.co.nz/wp-content/uploads/2021/basford-brands/MK-UMB-140221TR-1.jpg
06-17-2021 @ 16:58:59 - Attachment ID:445926
06-17-2021 @ 16:58:59 - Image URL:https://inspiry.co.nz/wp-content/uploads/2021/basford-brands/MK-UMB-140221TR-2.jpg
06-17-2021 @ 16:59:00 - URL:https://inspiry.co.nz/wp-content/uploads/2021/basford-brands/MK-UMB-140221TR-2.jpg Reason:Error getting remote image https://inspiry.co.nz/wp-content/uploads/2021/basford-brands/MK-UMB-140221TR-2.jpg. Error: Not Found
06-17-2021 @ 16:59:00 - Row :58 - Product updated successfully.
06-17-2021 @ 16:59:00 - Row :59 - Parsing item.
06-17-2021 @ 16:59:00 - Row :59 - Processing item.
06-17-2021 @ 16:59:00 - Found simple product object. ID:445751
06-17-2021 @ 16:59:00 - Setting Featured Image. URL:https://inspiry.co.nz/wp-content/uploads/2021/basford-brands/MK-CATE-135221AS.jpg
06-17-2021 @ 16:59:01 - URL:https://inspiry.co.nz/wp-content/uploads/2021/basford-brands/MK-CATE-135221AS.jpg Reason:Error getting remote image https://inspiry.co.nz/wp-content/uploads/2021/basford-brands/MK-CATE-135221AS.jpg. Error: Not Found
06-17-2021 @ 16:59:01 - Setting Gallery Images.
06-17-2021 @ 16:59:01 - Image URL:https://inspiry.co.nz/wp-content/uploads/2021/basford-brands/MK-CATE-135221AS-1.jpg
06-17-2021 @ 16:59:01 - Attachment ID:445927
06-17-2021 @ 16:59:01 - Image URL:https://inspiry.co.nz/wp-content/uploads/2021/basford-brands/MK-CATE-135221AS-2.jpg
06-17-2021 @ 16:59:02 - URL:https://inspiry.co.nz/wp-content/uploads/2021/basford-brands/MK-CATE-135221AS-2.jpg Reason:Error getting remote image https://inspiry.co.nz/wp-content/uploads/2021/basford-brands/MK-CATE-135221AS-2.jpg. Error: Not Found
06-17-2021 @ 16:59:03 - Row :59 - Product updated successfully.
06-17-2021 @ 16:59:03 - Row :60 - Parsing item.
06-17-2021 @ 16:59:03 - Row :60 - Processing item.
06-17-2021 @ 16:59:03 - Found simple product object. ID:445752
06-17-2021 @ 16:59:03 - Setting Featured Image. URL:https://inspiry.co.nz/wp-content/uploads/2021/basford-brands/MK-CATE-135221CH.jpg
06-17-2021 @ 16:59:04 - URL:https://inspiry.co.nz/wp-content/uploads/2021/basford-brands/MK-CATE-135221CH.jpg Reason:Error getting remote image https://inspiry.co.nz/wp-content/uploads/2021/basford-brands/MK-CATE-135221CH.jpg. Error: Not Found
06-17-2021 @ 16:59:04 - Setting Gallery Images.
06-17-2021 @ 16:59:04 - Image URL:https://inspiry.co.nz/wp-content/uploads/2021/basford-brands/MK-CATE-135221CH-1.jpg
06-17-2021 @ 16:59:04 - Attachment ID:445928
06-17-2021 @ 16:59:04 - Image URL:https://inspiry.co.nz/wp-content/uploads/2021/basford-brands/MK-CATE-135221CH-2.jpg
06-17-2021 @ 16:59:05 - URL:https://inspiry.co.nz/wp-content/uploads/2021/basford-brands/MK-CATE-135221CH-2.jpg Reason:Error getting remote image https://inspiry.co.nz/wp-content/uploads/2021/basford-brands/MK-CATE-135221CH-2.jpg. Error: Not Found
06-17-2021 @ 16:59:05 - Row :60 - Product updated successfully.
06-17-2021 @ 16:59:07 - Preparing for import.
06-17-2021 @ 16:59:07 - Row :61 - Parsing item.
06-17-2021 @ 16:59:07 - Row :61 - Processing item.
06-17-2021 @ 16:59:07 - Found simple product object. ID:445753
06-17-2021 @ 16:59:07 - Setting Featured Image. URL:https://inspiry.co.nz/wp-content/uploads/2021/basford-brands/MK-CATE-135221LI.jpg
06-17-2021 @ 16:59:08 - URL:https://inspiry.co.nz/wp-content/uploads/2021/basford-brands/MK-CATE-135221LI.jpg Reason:Error getting remote image https://inspiry.co.nz/wp-content/uploads/2021/basford-brands/MK-CATE-135221LI.jpg. Error: Not Found
06-17-2021 @ 16:59:08 - Setting Gallery Images.
06-17-2021 @ 16:59:08 - Image URL:https://inspiry.co.nz/wp-content/uploads/2021/basford-brands/MK-CATE-135221LI-1.jpg
06-17-2021 @ 16:59:08 - Attachment ID:445929
06-17-2021 @ 16:59:08 - Image URL:https://inspiry.co.nz/wp-content/uploads/2021/basford-brands/MK-CATE-135221LI-2.jpg
06-17-2021 @ 16:59:09 - URL:https://inspiry.co.nz/wp-content/uploads/2021/basford-brands/MK-CATE-135221LI-2.jpg Reason:Error getting remote image https://inspiry.co.nz/wp-content/uploads/2021/basford-brands/MK-CATE-135221LI-2.jpg. Error: Not Found
06-17-2021 @ 16:59:10 - Row :61 - Product updated successfully.
06-17-2021 @ 16:59:10 - Row :62 - Parsing item.
06-17-2021 @ 16:59:10 - Row :62 - Processing item.
06-17-2021 @ 16:59:10 - Found simple product object. ID:445754
06-17-2021 @ 16:59:10 - Setting Featured Image. URL:https://inspiry.co.nz/wp-content/uploads/2021/basford-brands/MK-MON-180221AS.jpg
06-17-2021 @ 16:59:11 - URL:https://inspiry.co.nz/wp-content/uploads/2021/basford-brands/MK-MON-180221AS.jpg Reason:Error getting remote image https://inspiry.co.nz/wp-content/uploads/2021/basford-brands/MK-MON-180221AS.jpg. Error: Not Found
06-17-2021 @ 16:59:11 - Setting Gallery Images.
06-17-2021 @ 16:59:11 - Image URL:https://inspiry.co.nz/wp-content/uploads/2021/basford-brands/MK-MON-180221AS-1.jpg
06-17-2021 @ 16:59:11 - Attachment ID:445930
06-17-2021 @ 16:59:11 - Image URL:https://inspiry.co.nz/wp-content/uploads/2021/basford-brands/MK-MON-180221AS-2.jpg
06-17-2021 @ 16:59:12 - URL:https://inspiry.co.nz/wp-content/uploads/2021/basford-brands/MK-MON-180221AS-2.jpg Reason:Error getting remote image https://inspiry.co.nz/wp-content/uploads/2021/basford-brands/MK-MON-180221AS-2.jpg. Error: Not Found
06-17-2021 @ 16:59:12 - Row :62 - Product updated successfully.
06-17-2021 @ 16:59:12 - Row :63 - Parsing item.
06-17-2021 @ 16:59:12 - Row :63 - Processing item.
06-17-2021 @ 16:59:12 - Found simple product object. ID:445755
06-17-2021 @ 16:59:12 - Setting Featured Image. URL:https://inspiry.co.nz/wp-content/uploads/2021/basford-brands/MK-MON-180221GR.jpg
06-17-2021 @ 16:59:14 - URL:https://inspiry.co.nz/wp-content/uploads/2021/basford-brands/MK-MON-180221GR.jpg Reason:Error getting remote image https://inspiry.co.nz/wp-content/uploads/2021/basford-brands/MK-MON-180221GR.jpg. Error: Not Found
06-17-2021 @ 16:59:14 - Setting Gallery Images.
06-17-2021 @ 16:59:14 - Image URL:https://inspiry.co.nz/wp-content/uploads/2021/basford-brands/MK-MON-180221GR-1.jpg
06-17-2021 @ 16:59:14 - Attachment ID:445931
06-17-2021 @ 16:59:14 - Image URL:https://inspiry.co.nz/wp-content/uploads/2021/basford-brands/MK-MON-180221GR-2.jpg
06-17-2021 @ 16:59:15 - URL:https://inspiry.co.nz/wp-content/uploads/2021/basford-brands/MK-MON-180221GR-2.jpg Reason:Error getting remote image https://inspiry.co.nz/wp-content/uploads/2021/basford-brands/MK-MON-180221GR-2.jpg. Error: Not Found
06-17-2021 @ 16:59:15 - Row :63 - Product updated successfully.
06-17-2021 @ 16:59:15 - Row :64 - Parsing item.
06-17-2021 @ 16:59:15 - Row :64 - Processing item.
06-17-2021 @ 16:59:15 - Found simple product object. ID:445756
06-17-2021 @ 16:59:15 - Setting Featured Image. URL:https://inspiry.co.nz/wp-content/uploads/2021/basford-brands/MK-MON-180221WH.jpg
06-17-2021 @ 16:59:16 - URL:https://inspiry.co.nz/wp-content/uploads/2021/basford-brands/MK-MON-180221WH.jpg Reason:Error getting remote image https://inspiry.co.nz/wp-content/uploads/2021/basford-brands/MK-MON-180221WH.jpg. Error: Not Found
06-17-2021 @ 16:59:16 - Setting Gallery Images.
06-17-2021 @ 16:59:16 - Image URL:https://inspiry.co.nz/wp-content/uploads/2021/basford-brands/MK-MON-180221WH-1.jpg
06-17-2021 @ 16:59:16 - Attachment ID:445932
06-17-2021 @ 16:59:16 - Image URL:https://inspiry.co.nz/wp-content/uploads/2021/basford-brands/MK-MON-180221WH-2.jpg
06-17-2021 @ 16:59:17 - URL:https://inspiry.co.nz/wp-content/uploads/2021/basford-brands/MK-MON-180221WH-2.jpg Reason:Error getting remote image https://inspiry.co.nz/wp-content/uploads/2021/basford-brands/MK-MON-180221WH-2.jpg. Error: Not Found
06-17-2021 @ 16:59:18 - Row :64 - Product updated successfully.
06-17-2021 @ 16:59:18 - Row :65 - Parsing item.
06-17-2021 @ 16:59:18 - Row :65 - Processing item.
06-17-2021 @ 16:59:18 - Found simple product object. ID:445757
06-17-2021 @ 16:59:18 - Setting Featured Image. URL:https://inspiry.co.nz/wp-content/uploads/2021/basford-brands/MK-MYK-180221AS.jpg
06-17-2021 @ 16:59:19 - URL:https://inspiry.co.nz/wp-content/uploads/2021/basford-brands/MK-MYK-180221AS.jpg Reason:Error getting remote image https://inspiry.co.nz/wp-content/uploads/2021/basford-brands/MK-MYK-180221AS.jpg. Error: Not Found
06-17-2021 @ 16:59:19 - Setting Gallery Images.
06-17-2021 @ 16:59:19 - Image URL:https://inspiry.co.nz/wp-content/uploads/2021/basford-brands/MK-MYK-180221AS-1.jpg
06-17-2021 @ 16:59:19 - Attachment ID:445933
06-17-2021 @ 16:59:19 - Image URL:https://inspiry.co.nz/wp-content/uploads/2021/basford-brands/MK-MYK-180221AS-2.jpg
06-17-2021 @ 16:59:20 - URL:https://inspiry.co.nz/wp-content/uploads/2021/basford-brands/MK-MYK-180221AS-2.jpg Reason:Error getting remote image https://inspiry.co.nz/wp-content/uploads/2021/basford-brands/MK-MYK-180221AS-2.jpg. Error: Not Found
06-17-2021 @ 16:59:20 - Row :65 - Product updated successfully.
06-17-2021 @ 16:59:20 - Row :66 - Parsing item.
06-17-2021 @ 16:59:20 - Row :66 - Processing item.
06-17-2021 @ 16:59:20 - Found simple product object. ID:445758
06-17-2021 @ 16:59:20 - Setting Featured Image. URL:https://inspiry.co.nz/wp-content/uploads/2021/basford-brands/MK-MYK-180221DU.jpg
06-17-2021 @ 16:59:21 - URL:https://inspiry.co.nz/wp-content/uploads/2021/basford-brands/MK-MYK-180221DU.jpg Reason:Error getting remote image https://inspiry.co.nz/wp-content/uploads/2021/basford-brands/MK-MYK-180221DU.jpg. Error: Not Found
06-17-2021 @ 16:59:21 - Setting Gallery Images.
06-17-2021 @ 16:59:21 - Image URL:https://inspiry.co.nz/wp-content/uploads/2021/basford-brands/MK-MYK-180221DU-1.jpg
06-17-2021 @ 16:59:22 - Attachment ID:445934
06-17-2021 @ 16:59:22 - Image URL:https://inspiry.co.nz/wp-content/uploads/2021/basford-brands/MK-MYK-180221DU-2.jpg
06-17-2021 @ 16:59:22 - URL:https://inspiry.co.nz/wp-content/uploads/2021/basford-brands/MK-MYK-180221DU-2.jpg Reason:Error getting remote image https://inspiry.co.nz/wp-content/uploads/2021/basford-brands/MK-MYK-180221DU-2.jpg. Error: Not Found
06-17-2021 @ 16:59:23 - Row :66 - Product updated successfully.
06-17-2021 @ 16:59:23 - Row :67 - Parsing item.
06-17-2021 @ 16:59:23 - Row :67 - Processing item.
06-17-2021 @ 16:59:23 - Found simple product object. ID:445759
06-17-2021 @ 16:59:23 - Setting Featured Image. URL:https://inspiry.co.nz/wp-content/uploads/2021/basford-brands/MK-MYK-180221IC.jpg
06-17-2021 @ 16:59:24 - URL:https://inspiry.co.nz/wp-content/uploads/2021/basford-brands/MK-MYK-180221IC.jpg Reason:Error getting remote image https://inspiry.co.nz/wp-content/uploads/2021/basford-brands/MK-MYK-180221IC.jpg. Error: Not Found
06-17-2021 @ 16:59:24 - Setting Gallery Images.
06-17-2021 @ 16:59:24 - Image URL:https://inspiry.co.nz/wp-content/uploads/2021/basford-brands/MK-MYK-180221IC-1.jpg
06-17-2021 @ 16:59:24 - Attachment ID:445935
06-17-2021 @ 16:59:24 - Image URL:https://inspiry.co.nz/wp-content/uploads/2021/basford-brands/MK-MYK-180221IC-2.jpg
06-17-2021 @ 16:59:25 - URL:https://inspiry.co.nz/wp-content/uploads/2021/basford-brands/MK-MYK-180221IC-2.jpg Reason:Error getting remote image https://inspiry.co.nz/wp-content/uploads/2021/basford-brands/MK-MYK-180221IC-2.jpg. Error: Not Found
06-17-2021 @ 16:59:25 - Row :67 - Product updated successfully.
06-17-2021 @ 16:59:25 - Row :68 - Parsing item.
06-17-2021 @ 16:59:25 - Row :68 - Processing item.
06-17-2021 @ 16:59:25 - Found simple product object. ID:445760
06-17-2021 @ 16:59:25 - Setting Featured Image. URL:https://inspiry.co.nz/wp-content/uploads/2021/basford-brands/MK-MYK-180221SN.jpg
06-17-2021 @ 16:59:26 - URL:https://inspiry.co.nz/wp-content/uploads/2021/basford-brands/MK-MYK-180221SN.jpg Reason:Error getting remote image https://inspiry.co.nz/wp-content/uploads/2021/basford-brands/MK-MYK-180221SN.jpg. Error: Not Found
06-17-2021 @ 16:59:26 - Setting Gallery Images.
06-17-2021 @ 16:59:26 - Image URL:https://inspiry.co.nz/wp-content/uploads/2021/basford-brands/MK-MYK-180221SN-1.jpg
06-17-2021 @ 16:59:27 - Attachment ID:445936
06-17-2021 @ 16:59:27 - Image URL:https://inspiry.co.nz/wp-content/uploads/2021/basford-brands/MK-MYK-180221SN-2.jpg
06-17-2021 @ 16:59:27 - URL:https://inspiry.co.nz/wp-content/uploads/2021/basford-brands/MK-MYK-180221SN-2.jpg Reason:Error getting remote image https://inspiry.co.nz/wp-content/uploads/2021/basford-brands/MK-MYK-180221SN-2.jpg. Error: Not Found
06-17-2021 @ 16:59:28 - Row :68 - Product updated successfully.
06-17-2021 @ 16:59:28 - Row :69 - Parsing item.
06-17-2021 @ 16:59:28 - Row :69 - Processing item.
06-17-2021 @ 16:59:28 - Found simple product object. ID:445761
06-17-2021 @ 16:59:28 - Setting Featured Image. URL:https://inspiry.co.nz/wp-content/uploads/2021/basford-brands/MK-SANT180221AS.jpg
06-17-2021 @ 16:59:28 - Attachment ID:445843
06-17-2021 @ 16:59:28 - Setting Gallery Images.
06-17-2021 @ 16:59:28 - Image URL:https://inspiry.co.nz/wp-content/uploads/2021/basford-brands/MK-SANT180221AS-1.jpg
06-17-2021 @ 16:59:28 - Attachment ID:445937
06-17-2021 @ 16:59:28 - Image URL:https://inspiry.co.nz/wp-content/uploads/2021/basford-brands/MK-SANT180221AS-2.jpg
06-17-2021 @ 16:59:29 - URL:https://inspiry.co.nz/wp-content/uploads/2021/basford-brands/MK-SANT180221AS-2.jpg Reason:Error getting remote image https://inspiry.co.nz/wp-content/uploads/2021/basford-brands/MK-SANT180221AS-2.jpg. Error: Not Found
06-17-2021 @ 16:59:29 - Row :69 - Product updated successfully.
06-17-2021 @ 16:59:29 - Row :70 - Parsing item.
06-17-2021 @ 16:59:29 - Row :70 - Processing item.
06-17-2021 @ 16:59:29 - Found simple product object. ID:445762
06-17-2021 @ 16:59:29 - Setting Featured Image. URL:https://inspiry.co.nz/wp-content/uploads/2021/basford-brands/MK-SANT180221DU.jpg
06-17-2021 @ 16:59:30 - Attachment ID:445844
06-17-2021 @ 16:59:30 - Setting Gallery Images.
06-17-2021 @ 16:59:30 - Image URL:https://inspiry.co.nz/wp-content/uploads/2021/basford-brands/MK-SANT180221DU-1.jpg
06-17-2021 @ 16:59:30 - Attachment ID:445938
06-17-2021 @ 16:59:30 - Image URL:https://inspiry.co.nz/wp-content/uploads/2021/basford-brands/MK-SANT180221DU-2.jpg
06-17-2021 @ 16:59:31 - URL:https://inspiry.co.nz/wp-content/uploads/2021/basford-brands/MK-SANT180221DU-2.jpg Reason:Error getting remote image https://inspiry.co.nz/wp-content/uploads/2021/basford-brands/MK-SANT180221DU-2.jpg. Error: Not Found
06-17-2021 @ 16:59:31 - Row :70 - Product updated successfully.
06-17-2021 @ 16:59:32 - Preparing for import.
06-17-2021 @ 16:59:32 - Row :71 - Parsing item.
06-17-2021 @ 16:59:32 - Row :71 - Processing item.
06-17-2021 @ 16:59:32 - Found simple product object. ID:445763
06-17-2021 @ 16:59:32 - Setting Featured Image. URL:https://inspiry.co.nz/wp-content/uploads/2021/basford-brands/MK-SANT180221IC.jpg
06-17-2021 @ 16:59:33 - URL:https://inspiry.co.nz/wp-content/uploads/2021/basford-brands/MK-SANT180221IC.jpg Reason:Error getting remote image https://inspiry.co.nz/wp-content/uploads/2021/basford-brands/MK-SANT180221IC.jpg. Error: Not Found
06-17-2021 @ 16:59:33 - Setting Gallery Images.
06-17-2021 @ 16:59:33 - Image URL:https://inspiry.co.nz/wp-content/uploads/2021/basford-brands/MK-SANT180221IC-1.jpg
06-17-2021 @ 16:59:34 - URL:https://inspiry.co.nz/wp-content/uploads/2021/basford-brands/MK-SANT180221IC-1.jpg Reason:Error getting remote image https://inspiry.co.nz/wp-content/uploads/2021/basford-brands/MK-SANT180221IC-1.jpg. Error: Not Found
06-17-2021 @ 16:59:34 - Image URL:https://inspiry.co.nz/wp-content/uploads/2021/basford-brands/MK-SANT180221IC-2.jpg
06-17-2021 @ 16:59:35 - URL:https://inspiry.co.nz/wp-content/uploads/2021/basford-brands/MK-SANT180221IC-2.jpg Reason:Error getting remote image https://inspiry.co.nz/wp-content/uploads/2021/basford-brands/MK-SANT180221IC-2.jpg. Error: Not Found
06-17-2021 @ 16:59:35 - Row :71 - Product updated successfully.
06-17-2021 @ 16:59:35 - Row :72 - Parsing item.
06-17-2021 @ 16:59:35 - Row :72 - Processing item.
06-17-2021 @ 16:59:35 - Found simple product object. ID:445764
06-17-2021 @ 16:59:35 - Setting Featured Image. URL:https://inspiry.co.nz/wp-content/uploads/2021/basford-brands/MK-SANT180221SN.jpg
06-17-2021 @ 16:59:35 - Attachment ID:445845
06-17-2021 @ 16:59:35 - Setting Gallery Images.
06-17-2021 @ 16:59:35 - Image URL:https://inspiry.co.nz/wp-content/uploads/2021/basford-brands/MK-SANT180221SN-1.jpg
06-17-2021 @ 16:59:35 - Attachment ID:445939
06-17-2021 @ 16:59:35 - Image URL:https://inspiry.co.nz/wp-content/uploads/2021/basford-brands/MK-SANT180221SN-2.jpg
06-17-2021 @ 16:59:36 - URL:https://inspiry.co.nz/wp-content/uploads/2021/basford-brands/MK-SANT180221SN-2.jpg Reason:Error getting remote image https://inspiry.co.nz/wp-content/uploads/2021/basford-brands/MK-SANT180221SN-2.jpg. Error: Not Found
06-17-2021 @ 16:59:36 - Row :72 - Product updated successfully.
06-17-2021 @ 16:59:36 - Row :73 - Parsing item.
06-17-2021 @ 16:59:37 - Row :73 - Processing item.
06-17-2021 @ 16:59:37 - Found simple product object. ID:445765
06-17-2021 @ 16:59:37 - Setting Featured Image. URL:https://inspiry.co.nz/wp-content/uploads/2021/basford-brands/MK-ATRI060210BL.jpg
06-17-2021 @ 16:59:37 - Attachment ID:445846
06-17-2021 @ 16:59:37 - Setting Gallery Images.
06-17-2021 @ 16:59:37 - Image URL:https://inspiry.co.nz/wp-content/uploads/2021/basford-brands/MK-ATRI060210BL-1.jpg
06-17-2021 @ 16:59:37 - Attachment ID:445940
06-17-2021 @ 16:59:37 - Image URL:https://inspiry.co.nz/wp-content/uploads/2021/basford-brands/MK-ATRI060210BL-2.jpg
06-17-2021 @ 16:59:38 - URL:https://inspiry.co.nz/wp-content/uploads/2021/basford-brands/MK-ATRI060210BL-2.jpg Reason:Error getting remote image https://inspiry.co.nz/wp-content/uploads/2021/basford-brands/MK-ATRI060210BL-2.jpg. Error: Not Found
06-17-2021 @ 16:59:38 - Row :73 - Product updated successfully.
06-17-2021 @ 16:59:38 - Row :74 - Parsing item.
06-17-2021 @ 16:59:38 - Row :74 - Processing item.
06-17-2021 @ 16:59:38 - Found simple product object. ID:445766
06-17-2021 @ 16:59:38 - Setting Featured Image. URL:https://inspiry.co.nz/wp-content/uploads/2021/basford-brands/MK-ATRI060210NS.jpg
06-17-2021 @ 16:59:38 - Attachment ID:445847
06-17-2021 @ 16:59:38 - Setting Gallery Images.
06-17-2021 @ 16:59:38 - Image URL:https://inspiry.co.nz/wp-content/uploads/2021/basford-brands/MK-ATRI060210NS-1.jpg
06-17-2021 @ 16:59:39 - Attachment ID:445941
06-17-2021 @ 16:59:39 - Image URL:https://inspiry.co.nz/wp-content/uploads/2021/basford-brands/MK-ATRI060210NS-2.jpg
06-17-2021 @ 16:59:39 - URL:https://inspiry.co.nz/wp-content/uploads/2021/basford-brands/MK-ATRI060210NS-2.jpg Reason:Error getting remote image https://inspiry.co.nz/wp-content/uploads/2021/basford-brands/MK-ATRI060210NS-2.jpg. Error: Not Found
06-17-2021 @ 16:59:40 - Row :74 - Product updated successfully.
06-17-2021 @ 16:59:40 - Row :75 - Parsing item.
06-17-2021 @ 16:59:40 - Row :75 - Processing item.
06-17-2021 @ 16:59:40 - Found simple product object. ID:445767
06-17-2021 @ 16:59:40 - Setting Featured Image. URL:https://inspiry.co.nz/wp-content/uploads/2021/basford-brands/MK-ATRI060210SI.jpg
06-17-2021 @ 16:59:40 - Attachment ID:445848
06-17-2021 @ 16:59:40 - Setting Gallery Images.
06-17-2021 @ 16:59:40 - Image URL:https://inspiry.co.nz/wp-content/uploads/2021/basford-brands/MK-ATRI060210SI-1.jpg
06-17-2021 @ 16:59:40 - Attachment ID:445942
06-17-2021 @ 16:59:40 - Image URL:https://inspiry.co.nz/wp-content/uploads/2021/basford-brands/MK-ATRI060210SI-2.jpg
06-17-2021 @ 16:59:41 - URL:https://inspiry.co.nz/wp-content/uploads/2021/basford-brands/MK-ATRI060210SI-2.jpg Reason:Error getting remote image https://inspiry.co.nz/wp-content/uploads/2021/basford-brands/MK-ATRI060210SI-2.jpg. Error: Not Found
06-17-2021 @ 16:59:41 - Row :75 - Product updated successfully.
06-17-2021 @ 16:59:41 - Row :76 - Parsing item.
06-17-2021 @ 16:59:41 - Row :76 - Processing item.
06-17-2021 @ 16:59:41 - Found simple product object. ID:445768
06-17-2021 @ 16:59:41 - Setting Featured Image. URL:https://inspiry.co.nz/wp-content/uploads/2021/basford-brands/MK-ATRI060210WH.jpg
06-17-2021 @ 16:59:42 - Attachment ID:445849
06-17-2021 @ 16:59:42 - Setting Gallery Images.
06-17-2021 @ 16:59:42 - Image URL:https://inspiry.co.nz/wp-content/uploads/2021/basford-brands/MK-ATRI060210WH-1.jpg
06-17-2021 @ 16:59:42 - Attachment ID:445943
06-17-2021 @ 16:59:42 - Image URL:https://inspiry.co.nz/wp-content/uploads/2021/basford-brands/MK-ATRI060210WH-2.jpg
06-17-2021 @ 16:59:43 - URL:https://inspiry.co.nz/wp-content/uploads/2021/basford-brands/MK-ATRI060210WH-2.jpg Reason:Error getting remote image https://inspiry.co.nz/wp-content/uploads/2021/basford-brands/MK-ATRI060210WH-2.jpg. Error: Not Found
06-17-2021 @ 16:59:43 - Row :76 - Product updated successfully.
06-17-2021 @ 16:59:43 - Row :77 - Parsing item.
06-17-2021 @ 16:59:43 - Row :77 - Processing item.
06-17-2021 @ 16:59:43 - Found simple product object. ID:445769
06-17-2021 @ 16:59:43 - Setting Featured Image. URL:https://inspiry.co.nz/wp-content/uploads/2021/basford-brands/MK-CATO-210220AS.jpg
06-17-2021 @ 16:59:43 - Attachment ID:445850
06-17-2021 @ 16:59:43 - Setting Gallery Images.
06-17-2021 @ 16:59:43 - Image URL:https://inspiry.co.nz/wp-content/uploads/2021/basford-brands/MK-CATO-210220AS-1.jpg
06-17-2021 @ 16:59:44 - Attachment ID:445944
06-17-2021 @ 16:59:44 - Image URL:https://inspiry.co.nz/wp-content/uploads/2021/basford-brands/MK-CATO-210220AS-2.jpg
06-17-2021 @ 16:59:44 - URL:https://inspiry.co.nz/wp-content/uploads/2021/basford-brands/MK-CATO-210220AS-2.jpg Reason:Error getting remote image https://inspiry.co.nz/wp-content/uploads/2021/basford-brands/MK-CATO-210220AS-2.jpg. Error: Not Found
06-17-2021 @ 16:59:45 - Row :77 - Product updated successfully.
06-17-2021 @ 16:59:45 - Row :78 - Parsing item.
06-17-2021 @ 16:59:45 - Row :78 - Processing item.
06-17-2021 @ 16:59:45 - Found simple product object. ID:445770
06-17-2021 @ 16:59:45 - Setting Featured Image. URL:https://inspiry.co.nz/wp-content/uploads/2021/basford-brands/MK-CATO-210220CH.jpg
06-17-2021 @ 16:59:45 - Attachment ID:445851
06-17-2021 @ 16:59:45 - Setting Gallery Images.
06-17-2021 @ 16:59:45 - Image URL:https://inspiry.co.nz/wp-content/uploads/2021/basford-brands/MK-CATO-210220CH-1.jpg
06-17-2021 @ 16:59:45 - Attachment ID:445945
06-17-2021 @ 16:59:45 - Image URL:https://inspiry.co.nz/wp-content/uploads/2021/basford-brands/MK-CATO-210220CH-2.jpg
06-17-2021 @ 16:59:46 - URL:https://inspiry.co.nz/wp-content/uploads/2021/basford-brands/MK-CATO-210220CH-2.jpg Reason:Error getting remote image https://inspiry.co.nz/wp-content/uploads/2021/basford-brands/MK-CATO-210220CH-2.jpg. Error: Not Found
06-17-2021 @ 16:59:46 - Row :78 - Product updated successfully.
06-17-2021 @ 16:59:46 - Row :79 - Parsing item.
06-17-2021 @ 16:59:46 - Row :79 - Processing item.
06-17-2021 @ 16:59:46 - Found simple product object. ID:445771
06-17-2021 @ 16:59:46 - Setting Featured Image. URL:https://inspiry.co.nz/wp-content/uploads/2021/basford-brands/MK-CATO-210220LI.jpg
06-17-2021 @ 16:59:47 - Attachment ID:445852
06-17-2021 @ 16:59:47 - Setting Gallery Images.
06-17-2021 @ 16:59:47 - Image URL:https://inspiry.co.nz/wp-content/uploads/2021/basford-brands/MK-CATO-210220LI-1.jpg
06-17-2021 @ 16:59:47 - Attachment ID:445946
06-17-2021 @ 16:59:47 - Image URL:https://inspiry.co.nz/wp-content/uploads/2021/basford-brands/MK-CATO-210220LI-2.jpg
06-17-2021 @ 16:59:48 - URL:https://inspiry.co.nz/wp-content/uploads/2021/basford-brands/MK-CATO-210220LI-2.jpg Reason:Error getting remote image https://inspiry.co.nz/wp-content/uploads/2021/basford-brands/MK-CATO-210220LI-2.jpg. Error: Not Found
06-17-2021 @ 16:59:48 - Row :79 - Product updated successfully.
06-17-2021 @ 16:59:48 - Row :80 - Parsing item.
06-17-2021 @ 16:59:48 - Row :80 - Processing item.
06-17-2021 @ 16:59:48 - Found simple product object. ID:445772
06-17-2021 @ 16:59:48 - Setting Featured Image. URL:https://inspiry.co.nz/wp-content/uploads/2021/basford-brands/MK-VIS060240BL.jpg
06-17-2021 @ 16:59:48 - Attachment ID:445853
06-17-2021 @ 16:59:48 - Setting Gallery Images.
06-17-2021 @ 16:59:48 - Image URL:https://inspiry.co.nz/wp-content/uploads/2021/basford-brands/MK-VIS060240BL-1.jpg
06-17-2021 @ 16:59:48 - Attachment ID:445947
06-17-2021 @ 16:59:48 - Image URL:https://inspiry.co.nz/wp-content/uploads/2021/basford-brands/MK-VIS060240BL-2.jpg
06-17-2021 @ 16:59:49 - URL:https://inspiry.co.nz/wp-content/uploads/2021/basford-brands/MK-VIS060240BL-2.jpg Reason:Error getting remote image https://inspiry.co.nz/wp-content/uploads/2021/basford-brands/MK-VIS060240BL-2.jpg. Error: Not Found
06-17-2021 @ 16:59:50 - Row :80 - Product updated successfully.
06-17-2021 @ 16:59:51 - Preparing for import.
06-17-2021 @ 16:59:51 - Row :81 - Parsing item.
06-17-2021 @ 16:59:51 - Row :81 - Processing item.
06-17-2021 @ 16:59:51 - Found simple product object. ID:445773
06-17-2021 @ 16:59:51 - Setting Featured Image. URL:https://inspiry.co.nz/wp-content/uploads/2021/basford-brands/MK-VIS060240SI.jpg
06-17-2021 @ 16:59:51 - Attachment ID:445854
06-17-2021 @ 16:59:51 - Setting Gallery Images.
06-17-2021 @ 16:59:51 - Image URL:https://inspiry.co.nz/wp-content/uploads/2021/basford-brands/MK-VIS060240SI-1.jpg
06-17-2021 @ 16:59:51 - Attachment ID:445948
06-17-2021 @ 16:59:51 - Image URL:https://inspiry.co.nz/wp-content/uploads/2021/basford-brands/MK-VIS060240SI-2.jpg
06-17-2021 @ 16:59:52 - URL:https://inspiry.co.nz/wp-content/uploads/2021/basford-brands/MK-VIS060240SI-2.jpg Reason:Error getting remote image https://inspiry.co.nz/wp-content/uploads/2021/basford-brands/MK-VIS060240SI-2.jpg. Error: Not Found
06-17-2021 @ 16:59:52 - Row :81 - Product updated successfully.
06-17-2021 @ 16:59:52 - Row :82 - Parsing item.
06-17-2021 @ 16:59:52 - Row :82 - Processing item.
06-17-2021 @ 16:59:52 - Found simple product object. ID:445774
06-17-2021 @ 16:59:52 - Setting Featured Image. URL:https://inspiry.co.nz/wp-content/uploads/2021/basford-brands/MK-VIS060240ST.jpg
06-17-2021 @ 16:59:53 - Attachment ID:445855
06-17-2021 @ 16:59:53 - Setting Gallery Images.
06-17-2021 @ 16:59:53 - Image URL:https://inspiry.co.nz/wp-content/uploads/2021/basford-brands/MK-VIS060240ST-1.jpg
06-17-2021 @ 16:59:53 - Attachment ID:445949
06-17-2021 @ 16:59:53 - Image URL:https://inspiry.co.nz/wp-content/uploads/2021/basford-brands/MK-VIS060240ST-2.jpg
06-17-2021 @ 16:59:54 - URL:https://inspiry.co.nz/wp-content/uploads/2021/basford-brands/MK-VIS060240ST-2.jpg Reason:Error getting remote image https://inspiry.co.nz/wp-content/uploads/2021/basford-brands/MK-VIS060240ST-2.jpg. Error: Not Found
06-17-2021 @ 16:59:54 - Row :82 - Product updated successfully.
06-17-2021 @ 16:59:54 - Row :83 - Parsing item.
06-17-2021 @ 16:59:54 - Row :83 - Processing item.
06-17-2021 @ 16:59:54 - Found simple product object. ID:445775
06-17-2021 @ 16:59:54 - Setting Featured Image. URL:https://inspiry.co.nz/wp-content/uploads/2021/basford-brands/MK-VIS060240WH.jpg
06-17-2021 @ 16:59:54 - Attachment ID:445856
06-17-2021 @ 16:59:54 - Setting Gallery Images.
06-17-2021 @ 16:59:54 - Image URL:https://inspiry.co.nz/wp-content/uploads/2021/basford-brands/MK-VIS060240WH-1.jpg
06-17-2021 @ 16:59:54 - Attachment ID:445950
06-17-2021 @ 16:59:54 - Image URL:https://inspiry.co.nz/wp-content/uploads/2021/basford-brands/MK-VIS060240WH-2.jpg
06-17-2021 @ 16:59:55 - URL:https://inspiry.co.nz/wp-content/uploads/2021/basford-brands/MK-VIS060240WH-2.jpg Reason:Error getting remote image https://inspiry.co.nz/wp-content/uploads/2021/basford-brands/MK-VIS060240WH-2.jpg. Error: Not Found
06-17-2021 @ 16:59:56 - Row :83 - Product updated successfully.
06-17-2021 @ 16:59:56 - Row :84 - Parsing item.
06-17-2021 @ 16:59:56 - Row :84 - Processing item.
06-17-2021 @ 16:59:56 - Found simple product object. ID:445776
06-17-2021 @ 16:59:56 - Setting Featured Image. URL:https://inspiry.co.nz/wp-content/uploads/2021/basford-brands/MK-PILB-300LI.jpg
06-17-2021 @ 16:59:56 - Attachment ID:445857
06-17-2021 @ 16:59:56 - Setting Gallery Images.
06-17-2021 @ 16:59:56 - Image URL:https://inspiry.co.nz/wp-content/uploads/2021/basford-brands/MK-PILB-300LI-1.jpg
06-17-2021 @ 16:59:56 - Attachment ID:445951
06-17-2021 @ 16:59:56 - Image URL:https://inspiry.co.nz/wp-content/uploads/2021/basford-brands/MK-PILB-300LI-2.jpg
06-17-2021 @ 16:59:57 - URL:https://inspiry.co.nz/wp-content/uploads/2021/basford-brands/MK-PILB-300LI-2.jpg Reason:Error getting remote image https://inspiry.co.nz/wp-content/uploads/2021/basford-brands/MK-PILB-300LI-2.jpg. Error: Not Found
06-17-2021 @ 16:59:58 - Row :84 - Product updated successfully.
06-17-2021 @ 16:59:58 - Row :85 - Parsing item.
06-17-2021 @ 16:59:58 - Row :85 - Processing item.
06-17-2021 @ 16:59:58 - Found simple product object. ID:445777
06-17-2021 @ 16:59:58 - Setting Featured Image. URL:https://inspiry.co.nz/wp-content/uploads/2021/basford-brands/MK-PILB-300MA.jpg
06-17-2021 @ 16:59:58 - Attachment ID:445858
06-17-2021 @ 16:59:58 - Setting Gallery Images.
06-17-2021 @ 16:59:58 - Image URL:https://inspiry.co.nz/wp-content/uploads/2021/basford-brands/MK-PILB-300MA-1.jpg
06-17-2021 @ 16:59:58 - Attachment ID:445952
06-17-2021 @ 16:59:58 - Image URL:https://inspiry.co.nz/wp-content/uploads/2021/basford-brands/MK-PILB-300MA-2.jpg
06-17-2021 @ 17:00:00 - URL:https://inspiry.co.nz/wp-content/uploads/2021/basford-brands/MK-PILB-300MA-2.jpg Reason:Error getting remote image https://inspiry.co.nz/wp-content/uploads/2021/basford-brands/MK-PILB-300MA-2.jpg. Error: Not Found
06-17-2021 @ 17:00:01 - Row :85 - Product updated successfully.
06-17-2021 @ 17:00:01 - Row :86 - Parsing item.
06-17-2021 @ 17:00:01 - Row :86 - Processing item.
06-17-2021 @ 17:00:01 - Found simple product object. ID:445778
06-17-2021 @ 17:00:01 - Setting Featured Image. URL:https://inspiry.co.nz/wp-content/uploads/2021/basford-brands/MK-PILB-300PE.jpg
06-17-2021 @ 17:00:02 - Attachment ID:445859
06-17-2021 @ 17:00:02 - Setting Gallery Images.
06-17-2021 @ 17:00:02 - Image URL:https://inspiry.co.nz/wp-content/uploads/2021/basford-brands/MK-PILB-300PE-1.jpg
06-17-2021 @ 17:00:02 - Attachment ID:445953
06-17-2021 @ 17:00:02 - Image URL:https://inspiry.co.nz/wp-content/uploads/2021/basford-brands/MK-PILB-300PE-2.jpg
06-17-2021 @ 17:00:06 - URL:https://inspiry.co.nz/wp-content/uploads/2021/basford-brands/MK-PILB-300PE-2.jpg Reason:Error getting remote image https://inspiry.co.nz/wp-content/uploads/2021/basford-brands/MK-PILB-300PE-2.jpg. Error: Not Found
06-17-2021 @ 17:00:07 - Row :86 - Product updated successfully.
06-17-2021 @ 17:00:07 - Row :87 - Parsing item.
06-17-2021 @ 17:00:07 - Row :87 - Processing item.
06-17-2021 @ 17:00:07 - Found simple product object. ID:445779
06-17-2021 @ 17:00:07 - Setting Featured Image. URL:https://inspiry.co.nz/wp-content/uploads/2021/basford-brands/MK-PILB-300QU.jpg
06-17-2021 @ 17:00:07 - Attachment ID:445860
06-17-2021 @ 17:00:07 - Setting Gallery Images.
06-17-2021 @ 17:00:07 - Image URL:https://inspiry.co.nz/wp-content/uploads/2021/basford-brands/MK-PILB-300QU-1.jpg
06-17-2021 @ 17:00:08 - Attachment ID:445954
06-17-2021 @ 17:00:08 - Image URL:https://inspiry.co.nz/wp-content/uploads/2021/basford-brands/MK-PILB-300QU-2.jpg
06-17-2021 @ 17:00:10 - URL:https://inspiry.co.nz/wp-content/uploads/2021/basford-brands/MK-PILB-300QU-2.jpg Reason:Error getting remote image https://inspiry.co.nz/wp-content/uploads/2021/basford-brands/MK-PILB-300QU-2.jpg. Error: Not Found
06-17-2021 @ 17:00:11 - Row :87 - Product updated successfully.
06-17-2021 @ 17:00:11 - Row :88 - Parsing item.
06-17-2021 @ 17:00:11 - Row :88 - Processing item.
06-17-2021 @ 17:00:11 - Found simple product object. ID:445780
06-17-2021 @ 17:00:11 - Setting Featured Image. URL:https://inspiry.co.nz/wp-content/uploads/2021/basford-brands/MK-PILB-300ST.jpg
06-17-2021 @ 17:00:11 - Attachment ID:445861
06-17-2021 @ 17:00:11 - Setting Gallery Images.
06-17-2021 @ 17:00:11 - Image URL:https://inspiry.co.nz/wp-content/uploads/2021/basford-brands/MK-PILB-300ST-1.jpg
06-17-2021 @ 17:00:12 - Attachment ID:445955
06-17-2021 @ 17:00:12 - Image URL:https://inspiry.co.nz/wp-content/uploads/2021/basford-brands/MK-PILB-300ST-2.jpg
06-17-2021 @ 17:00:13 - URL:https://inspiry.co.nz/wp-content/uploads/2021/basford-brands/MK-PILB-300ST-2.jpg Reason:Error getting remote image https://inspiry.co.nz/wp-content/uploads/2021/basford-brands/MK-PILB-300ST-2.jpg. Error: Not Found
06-17-2021 @ 17:00:14 - Row :88 - Product updated successfully.
06-17-2021 @ 17:00:14 - Row :89 - Parsing item.
06-17-2021 @ 17:00:14 - Row :89 - Processing item.
06-17-2021 @ 17:00:14 - Found simple product object. ID:445781
06-17-2021 @ 17:00:14 - Setting Featured Image. URL:https://inspiry.co.nz/wp-content/uploads/2021/basford-brands/MK-PILB-300TA.jpg
06-17-2021 @ 17:00:14 - Attachment ID:445862
06-17-2021 @ 17:00:14 - Setting Gallery Images.
06-17-2021 @ 17:00:14 - Image URL:https://inspiry.co.nz/wp-content/uploads/2021/basford-brands/MK-PILB-300TA-1.jpg
06-17-2021 @ 17:00:15 - Attachment ID:445956
06-17-2021 @ 17:00:15 - Image URL:https://inspiry.co.nz/wp-content/uploads/2021/basford-brands/MK-PILB-300TA-2.jpg
06-17-2021 @ 17:00:16 - URL:https://inspiry.co.nz/wp-content/uploads/2021/basford-brands/MK-PILB-300TA-2.jpg Reason:Error getting remote image https://inspiry.co.nz/wp-content/uploads/2021/basford-brands/MK-PILB-300TA-2.jpg. Error: Not Found
06-17-2021 @ 17:00:16 - Row :89 - Product updated successfully.
06-17-2021 @ 17:00:16 - Row :90 - Parsing item.
06-17-2021 @ 17:00:16 - Row :90 - Processing item.
06-17-2021 @ 17:00:16 - Found simple product object. ID:445782
06-17-2021 @ 17:00:16 - Setting Featured Image. URL:https://inspiry.co.nz/wp-content/uploads/2021/basford-brands/MK-PILB-300GR.jpg
06-17-2021 @ 17:00:17 - Attachment ID:445863
06-17-2021 @ 17:00:17 - Setting Gallery Images.
06-17-2021 @ 17:00:17 - Image URL:https://inspiry.co.nz/wp-content/uploads/2021/basford-brands/MK-PILB-300GR-1.jpg
06-17-2021 @ 17:00:17 - Attachment ID:445957
06-17-2021 @ 17:00:17 - Image URL:https://inspiry.co.nz/wp-content/uploads/2021/basford-brands/MK-PILB-300GR-2.jpg
06-17-2021 @ 17:00:19 - URL:https://inspiry.co.nz/wp-content/uploads/2021/basford-brands/MK-PILB-300GR-2.jpg Reason:Error getting remote image https://inspiry.co.nz/wp-content/uploads/2021/basford-brands/MK-PILB-300GR-2.jpg. Error: Not Found
06-17-2021 @ 17:00:19 - Row :90 - Product updated successfully.
06-17-2021 @ 17:00:21 - Preparing for import.
06-17-2021 @ 17:00:21 - Row :91 - Parsing item.
06-17-2021 @ 17:00:21 - Row :91 - Processing item.
06-17-2021 @ 17:00:21 - Found simple product object. ID:445783
06-17-2021 @ 17:00:21 - Setting Featured Image. URL:https://inspiry.co.nz/wp-content/uploads/2021/basford-brands/MK-PILB-300PA.jpg
06-17-2021 @ 17:00:21 - Attachment ID:445864
06-17-2021 @ 17:00:21 - Setting Gallery Images.
06-17-2021 @ 17:00:21 - Image URL:https://inspiry.co.nz/wp-content/uploads/2021/basford-brands/MK-PILB-300PA-1.jpg
06-17-2021 @ 17:00:21 - Attachment ID:445958
06-17-2021 @ 17:00:21 - Image URL:https://inspiry.co.nz/wp-content/uploads/2021/basford-brands/MK-PILB-300PA-2.jpg
06-17-2021 @ 17:00:23 - URL:https://inspiry.co.nz/wp-content/uploads/2021/basford-brands/MK-PILB-300PA-2.jpg Reason:Error getting remote image https://inspiry.co.nz/wp-content/uploads/2021/basford-brands/MK-PILB-300PA-2.jpg. Error: Not Found
06-17-2021 @ 17:00:23 - Row :91 - Product updated successfully.
06-17-2021 @ 17:00:23 - Row :92 - Parsing item.
06-17-2021 @ 17:00:23 - Row :92 - Processing item.
06-17-2021 @ 17:00:23 - Found simple product object. ID:445784
06-17-2021 @ 17:00:23 - Setting Featured Image. URL:https://inspiry.co.nz/wp-content/uploads/2021/basford-brands/MK-PILB-300BR.jpg
06-17-2021 @ 17:00:25 - URL:https://inspiry.co.nz/wp-content/uploads/2021/basford-brands/MK-PILB-300BR.jpg Reason:Error getting remote image https://inspiry.co.nz/wp-content/uploads/2021/basford-brands/MK-PILB-300BR.jpg. Error: Not Found
06-17-2021 @ 17:00:25 - Setting Gallery Images.
06-17-2021 @ 17:00:25 - Image URL:https://inspiry.co.nz/wp-content/uploads/2021/basford-brands/MK-PILB-300BR-1.jpg
06-17-2021 @ 17:00:26 - URL:https://inspiry.co.nz/wp-content/uploads/2021/basford-brands/MK-PILB-300BR-1.jpg Reason:Error getting remote image https://inspiry.co.nz/wp-content/uploads/2021/basford-brands/MK-PILB-300BR-1.jpg. Error: Not Found
06-17-2021 @ 17:00:26 - Image URL:https://inspiry.co.nz/wp-content/uploads/2021/basford-brands/MK-PILB-300BR-2.jpg
06-17-2021 @ 17:00:28 - URL:https://inspiry.co.nz/wp-content/uploads/2021/basford-brands/MK-PILB-300BR-2.jpg Reason:Error getting remote image https://inspiry.co.nz/wp-content/uploads/2021/basford-brands/MK-PILB-300BR-2.jpg. Error: Not Found
06-17-2021 @ 17:00:28 - Row :92 - Product updated successfully.
06-17-2021 @ 17:00:28 - Row :93 - Parsing item.
06-17-2021 @ 17:00:28 - Row :93 - Processing item.
06-17-2021 @ 17:00:28 - Found simple product object. ID:445785
06-17-2021 @ 17:00:28 - Setting Featured Image. URL:https://inspiry.co.nz/wp-content/uploads/2021/basford-brands/MK-PILB-300VO.jpg
06-17-2021 @ 17:00:28 - Attachment ID:445865
06-17-2021 @ 17:00:28 - Setting Gallery Images.
06-17-2021 @ 17:00:28 - Image URL:https://inspiry.co.nz/wp-content/uploads/2021/basford-brands/MK-PILB-300VO-1.jpg
06-17-2021 @ 17:00:29 - Attachment ID:445959
06-17-2021 @ 17:00:29 - Image URL:https://inspiry.co.nz/wp-content/uploads/2021/basford-brands/MK-PILB-300VO-2.jpg
06-17-2021 @ 17:00:30 - URL:https://inspiry.co.nz/wp-content/uploads/2021/basford-brands/MK-PILB-300VO-2.jpg Reason:Error getting remote image https://inspiry.co.nz/wp-content/uploads/2021/basford-brands/MK-PILB-300VO-2.jpg. Error: Not Found
06-17-2021 @ 17:00:30 - Row :93 - Product updated successfully.
06-17-2021 @ 17:00:30 - Row :94 - Parsing item.
06-17-2021 @ 17:00:30 - Row :94 - Processing item.
06-17-2021 @ 17:00:30 - Found simple product object. ID:445786
06-17-2021 @ 17:00:30 - Setting Featured Image. URL:https://inspiry.co.nz/wp-content/uploads/2021/basford-brands/MK-PILB-300FL.jpg
06-17-2021 @ 17:00:32 - URL:https://inspiry.co.nz/wp-content/uploads/2021/basford-brands/MK-PILB-300FL.jpg Reason:Error getting remote image https://inspiry.co.nz/wp-content/uploads/2021/basford-brands/MK-PILB-300FL.jpg. Error: Not Found
06-17-2021 @ 17:00:32 - Setting Gallery Images.
06-17-2021 @ 17:00:32 - Image URL:https://inspiry.co.nz/wp-content/uploads/2021/basford-brands/MK-PILB-300FL-1.jpg
06-17-2021 @ 17:00:33 - URL:https://inspiry.co.nz/wp-content/uploads/2021/basford-brands/MK-PILB-300FL-1.jpg Reason:Error getting remote image https://inspiry.co.nz/wp-content/uploads/2021/basford-brands/MK-PILB-300FL-1.jpg. Error: Not Found
06-17-2021 @ 17:00:33 - Image URL:https://inspiry.co.nz/wp-content/uploads/2021/basford-brands/MK-PILB-300FL-2.jpg
06-17-2021 @ 17:00:34 - URL:https://inspiry.co.nz/wp-content/uploads/2021/basford-brands/MK-PILB-300FL-2.jpg Reason:Error getting remote image https://inspiry.co.nz/wp-content/uploads/2021/basford-brands/MK-PILB-300FL-2.jpg. Error: Not Found
06-17-2021 @ 17:00:34 - Row :94 - Product updated successfully.
06-17-2021 @ 17:00:34 - Row :95 - Parsing item.
06-17-2021 @ 17:00:35 - Row :95 - Processing item.
06-17-2021 @ 17:00:35 - Found simple product object. ID:445787
06-17-2021 @ 17:00:35 - Setting Featured Image. URL:https://inspiry.co.nz/wp-content/uploads/2021/basford-brands/MK-PILB-300IC.jpg
06-17-2021 @ 17:00:35 - Attachment ID:445866
06-17-2021 @ 17:00:35 - Setting Gallery Images.
06-17-2021 @ 17:00:35 - Image URL:https://inspiry.co.nz/wp-content/uploads/2021/basford-brands/MK-PILB-300IC-1.jpg
06-17-2021 @ 17:00:35 - Attachment ID:445960
06-17-2021 @ 17:00:35 - Image URL:https://inspiry.co.nz/wp-content/uploads/2021/basford-brands/MK-PILB-300IC-2.jpg
06-17-2021 @ 17:00:36 - URL:https://inspiry.co.nz/wp-content/uploads/2021/basford-brands/MK-PILB-300IC-2.jpg Reason:Error getting remote image https://inspiry.co.nz/wp-content/uploads/2021/basford-brands/MK-PILB-300IC-2.jpg. Error: Not Found
06-17-2021 @ 17:00:37 - Row :95 - Product updated successfully.
06-17-2021 @ 17:00:37 - ---[ Import ended at 2021-06-17 05:00:37]---
