06-17-2021 @ 17:18:53 - ---[ New import started at 2021-06-17 05:18:53 ] PHP Memory: 768 MB, WP Memory: 40 MB
06-17-2021 @ 17:18:53 - Preparing for import.
06-17-2021 @ 17:18:53 - Row :1 - Parsing item.
06-17-2021 @ 17:18:53 - Row :1 - Parsing failed. Reason: Basic version does not support import of variable products.
06-17-2021 @ 17:18:53 - Row :2 - Parsing item.
06-17-2021 @ 17:18:53 - Row :2 - Parsing failed. Reason: Basic version does not support import of variable products.
06-17-2021 @ 17:18:53 - Row :3 - Parsing item.
06-17-2021 @ 17:18:53 - Row :3 - Parsing failed. Reason: Basic version does not support import of variable products.
06-17-2021 @ 17:18:53 - Row :4 - Parsing item.
06-17-2021 @ 17:18:53 - Row :4 - Parsing failed. Reason: Basic version does not support import of variable products.
06-17-2021 @ 17:18:53 - Row :5 - Parsing item.
06-17-2021 @ 17:18:53 - Row :5 - Parsing failed. Reason: Basic version does not support import of variable products.
06-17-2021 @ 17:18:53 - Row :6 - Parsing item.
06-17-2021 @ 17:18:53 - Row :6 - Parsing failed. Reason: Basic version does not support import of variable products.
06-17-2021 @ 17:18:53 - Row :7 - Parsing item.
06-17-2021 @ 17:18:53 - Row :7 - Parsing failed. Reason: Basic version does not support import of variable products.
06-17-2021 @ 17:18:53 - Row :8 - Parsing item.
06-17-2021 @ 17:18:53 - Row :8 - Parsing failed. Reason: Basic version does not support import of variable products.
06-17-2021 @ 17:18:53 - Row :9 - Parsing item.
06-17-2021 @ 17:18:53 - Row :9 - Parsing failed. Reason: Basic version does not support import of variable products.
06-17-2021 @ 17:18:53 - Row :10 - Parsing item.
06-17-2021 @ 17:18:53 - Row :10 - Parsing failed. Reason: Basic version does not support import of variable products.
06-17-2021 @ 17:18:54 - Preparing for import.
06-17-2021 @ 17:18:54 - Row :11 - Parsing item.
06-17-2021 @ 17:18:54 - Row :11 - Parsing failed. Reason: Basic version does not support import of variable products.
06-17-2021 @ 17:18:54 - Row :12 - Parsing item.
06-17-2021 @ 17:18:54 - Row :12 - Parsing failed. Reason: Basic version does not support import of variable products.
06-17-2021 @ 17:18:54 - Row :13 - Parsing item.
06-17-2021 @ 17:18:54 - Row :13 - Parsing failed. Reason: Basic version does not support import of variable products.
06-17-2021 @ 17:18:54 - Row :14 - Parsing item.
06-17-2021 @ 17:18:54 - Row :14 - Parsing failed. Reason: Basic version does not support import of variable products.
06-17-2021 @ 17:18:54 - Row :15 - Parsing item.
06-17-2021 @ 17:18:54 - Row :15 - Parsing failed. Reason: Basic version does not support import of variable products.
06-17-2021 @ 17:18:54 - Row :16 - Parsing item.
06-17-2021 @ 17:18:54 - Row :16 - Parsing failed. Reason: Basic version does not support import of variable products.
06-17-2021 @ 17:18:54 - Row :17 - Parsing item.
06-17-2021 @ 17:18:54 - Row :17 - Parsing failed. Reason: Basic version does not support import of variable products.
06-17-2021 @ 17:18:54 - Row :18 - Parsing item.
06-17-2021 @ 17:18:54 - Row :18 - Parsing failed. Reason: Basic version does not support import of variable products.
06-17-2021 @ 17:18:54 - Row :19 - Parsing item.
06-17-2021 @ 17:18:54 - Row :19 - Parsing failed. Reason: Basic version does not support import of variable products.
06-17-2021 @ 17:18:54 - Row :20 - Parsing item.
06-17-2021 @ 17:18:54 - Row :20 - Parsing failed. Reason: Basic version does not support import of variable products.
06-17-2021 @ 17:18:55 - Preparing for import.
06-17-2021 @ 17:18:55 - Row :21 - Parsing item.
06-17-2021 @ 17:18:55 - Row :21 - Parsing failed. Reason: Basic version does not support import of variable products.
06-17-2021 @ 17:18:55 - Row :22 - Parsing item.
06-17-2021 @ 17:18:55 - Row :22 - Parsing failed. Reason: Basic version does not support import of variable products.
06-17-2021 @ 17:18:55 - Row :23 - Parsing item.
06-17-2021 @ 17:18:55 - Row :23 - Parsing failed. Reason: Basic version does not support import of variable products.
06-17-2021 @ 17:18:55 - Row :24 - Parsing item.
06-17-2021 @ 17:18:55 - Row :24 - Parsing failed. Reason: Basic version does not support import of variable products.
06-17-2021 @ 17:18:55 - Row :25 - Parsing item.
06-17-2021 @ 17:18:55 - Row :25 - Parsing failed. Reason: Basic version does not support import of variable products.
06-17-2021 @ 17:18:55 - Row :26 - Parsing item.
06-17-2021 @ 17:18:55 - Row :26 - Parsing failed. Reason: Basic version does not support import of variable products.
06-17-2021 @ 17:18:55 - Row :27 - Parsing item.
06-17-2021 @ 17:18:55 - Row :27 - Parsing failed. Reason: Basic version does not support import of variable products.
06-17-2021 @ 17:18:55 - Row :28 - Parsing item.
06-17-2021 @ 17:18:55 - Row :28 - Parsing failed. Reason: Basic version does not support import of variable products.
06-17-2021 @ 17:18:55 - Row :29 - Parsing item.
06-17-2021 @ 17:18:55 - Row :29 - Parsing failed. Reason: Basic version does not support import of variable products.
06-17-2021 @ 17:18:55 - Row :30 - Parsing item.
06-17-2021 @ 17:18:55 - Row :30 - Parsing failed. Reason: Basic version does not support import of variable products.
06-17-2021 @ 17:18:57 - Preparing for import.
06-17-2021 @ 17:18:57 - Row :31 - Parsing item.
06-17-2021 @ 17:18:57 - Row :31 - Parsing failed. Reason: Basic version does not support import of variable products.
06-17-2021 @ 17:18:57 - Row :32 - Parsing item.
06-17-2021 @ 17:18:57 - Row :32 - Parsing failed. Reason: Basic version does not support import of variable products.
06-17-2021 @ 17:18:57 - Row :33 - Parsing item.
06-17-2021 @ 17:18:57 - Row :33 - Parsing failed. Reason: Basic version does not support import of variable products.
06-17-2021 @ 17:18:57 - Row :34 - Parsing item.
06-17-2021 @ 17:18:57 - Row :34 - Parsing failed. Reason: Basic version does not support import of variable products.
06-17-2021 @ 17:18:57 - Row :35 - Parsing item.
06-17-2021 @ 17:18:57 - Row :35 - Parsing failed. Reason: Basic version does not support import of variable products.
06-17-2021 @ 17:18:57 - Row :36 - Parsing item.
06-17-2021 @ 17:18:57 - Row :36 - Parsing failed. Reason: Basic version does not support import of variable products.
06-17-2021 @ 17:18:57 - Row :37 - Parsing item.
06-17-2021 @ 17:18:57 - Row :37 - Parsing failed. Reason: Basic version does not support import of variable products.
06-17-2021 @ 17:18:57 - Row :38 - Parsing item.
06-17-2021 @ 17:18:57 - Row :38 - Parsing failed. Reason: Basic version does not support import of variable products.
06-17-2021 @ 17:18:57 - Row :39 - Parsing item.
06-17-2021 @ 17:18:57 - Row :39 - Parsing failed. Reason: Basic version does not support import of variable products.
06-17-2021 @ 17:18:57 - Row :40 - Parsing item.
06-17-2021 @ 17:18:57 - Row :40 - Parsing failed. Reason: Basic version does not support import of variable products.
06-17-2021 @ 17:18:59 - Preparing for import.
06-17-2021 @ 17:18:59 - Row :41 - Parsing item.
06-17-2021 @ 17:18:59 - Row :41 - Parsing failed. Reason: Basic version does not support import of variable products.
06-17-2021 @ 17:18:59 - Row :42 - Parsing item.
06-17-2021 @ 17:18:59 - Row :42 - Parsing failed. Reason: Basic version does not support import of variable products.
06-17-2021 @ 17:18:59 - Row :43 - Parsing item.
06-17-2021 @ 17:18:59 - Row :43 - Parsing failed. Reason: Basic version does not support import of variable products.
06-17-2021 @ 17:18:59 - Row :44 - Parsing item.
06-17-2021 @ 17:18:59 - Row :44 - Parsing failed. Reason: Basic version does not support import of variable products.
06-17-2021 @ 17:18:59 - Row :45 - Parsing item.
06-17-2021 @ 17:18:59 - Row :45 - Parsing failed. Reason: Basic version does not support import of variable products.
06-17-2021 @ 17:18:59 - Row :46 - Parsing item.
06-17-2021 @ 17:18:59 - Row :46 - Parsing failed. Reason: Basic version does not support import of variable products.
06-17-2021 @ 17:18:59 - Row :47 - Parsing item.
06-17-2021 @ 17:18:59 - Row :47 - Parsing failed. Reason: Basic version does not support import of variable products.
06-17-2021 @ 17:18:59 - Row :48 - Parsing item.
06-17-2021 @ 17:18:59 - Row :48 - Parsing failed. Reason: Basic version does not support import of variable products.
06-17-2021 @ 17:18:59 - Row :49 - Parsing item.
06-17-2021 @ 17:18:59 - Row :49 - Parsing failed. Reason: Basic version does not support import of variable products.
06-17-2021 @ 17:18:59 - Row :50 - Parsing item.
06-17-2021 @ 17:18:59 - Row :50 - Parsing failed. Reason: Basic version does not support import of variable products.
06-17-2021 @ 17:19:00 - Preparing for import.
06-17-2021 @ 17:19:00 - Row :51 - Parsing item.
06-17-2021 @ 17:19:00 - Row :51 - Parsing failed. Reason: Basic version does not support import of variable products.
06-17-2021 @ 17:19:00 - Row :52 - Parsing item.
06-17-2021 @ 17:19:00 - Row :52 - Parsing failed. Reason: Basic version does not support import of variable products.
06-17-2021 @ 17:19:00 - Row :53 - Parsing item.
06-17-2021 @ 17:19:00 - Row :53 - Parsing failed. Reason: Basic version does not support import of variable products.
06-17-2021 @ 17:19:00 - Row :54 - Parsing item.
06-17-2021 @ 17:19:01 - Row :54 - Parsing failed. Reason: Basic version does not support import of variable products.
06-17-2021 @ 17:19:01 - Row :55 - Parsing item.
06-17-2021 @ 17:19:01 - Row :55 - Parsing failed. Reason: Basic version does not support import of variable products.
06-17-2021 @ 17:19:01 - Row :56 - Parsing item.
06-17-2021 @ 17:19:01 - Row :56 - Parsing failed. Reason: Basic version does not support import of variable products.
06-17-2021 @ 17:19:01 - Row :57 - Parsing item.
06-17-2021 @ 17:19:01 - Row :57 - Parsing failed. Reason: Basic version does not support import of variable products.
06-17-2021 @ 17:19:01 - Row :58 - Parsing item.
06-17-2021 @ 17:19:01 - Row :58 - Parsing failed. Reason: Basic version does not support import of variable products.
06-17-2021 @ 17:19:01 - Row :59 - Parsing item.
06-17-2021 @ 17:19:01 - Row :59 - Parsing failed. Reason: Basic version does not support import of variable products.
06-17-2021 @ 17:19:01 - Row :60 - Parsing item.
06-17-2021 @ 17:19:01 - Row :60 - Parsing failed. Reason: Basic version does not support import of variable products.
06-17-2021 @ 17:19:04 - Preparing for import.
06-17-2021 @ 17:19:04 - Row :61 - Parsing item.
06-17-2021 @ 17:19:04 - Row :61 - Parsing failed. Reason: Basic version does not support import of variable products.
06-17-2021 @ 17:19:04 - Row :62 - Parsing item.
06-17-2021 @ 17:19:04 - Row :62 - Parsing failed. Reason: Basic version does not support import of variable products.
06-17-2021 @ 17:19:04 - Row :63 - Parsing item.
06-17-2021 @ 17:19:04 - Row :63 - Parsing failed. Reason: Basic version does not support import of variable products.
06-17-2021 @ 17:19:04 - Row :64 - Parsing item.
06-17-2021 @ 17:19:04 - Row :64 - Parsing failed. Reason: Basic version does not support import of variable products.
06-17-2021 @ 17:19:04 - Row :65 - Parsing item.
06-17-2021 @ 17:19:04 - Row :65 - Parsing failed. Reason: Basic version does not support import of variable products.
06-17-2021 @ 17:19:04 - Row :66 - Parsing item.
06-17-2021 @ 17:19:04 - Row :66 - Parsing failed. Reason: Basic version does not support import of variable products.
06-17-2021 @ 17:19:04 - Row :67 - Parsing item.
06-17-2021 @ 17:19:04 - Row :67 - Parsing failed. Reason: Basic version does not support import of variable products.
06-17-2021 @ 17:19:04 - Row :68 - Parsing item.
06-17-2021 @ 17:19:04 - Row :68 - Parsing failed. Reason: Basic version does not support import of variable products.
06-17-2021 @ 17:19:04 - Row :69 - Parsing item.
06-17-2021 @ 17:19:04 - Row :69 - Parsing failed. Reason: Basic version does not support import of variable products.
06-17-2021 @ 17:19:04 - Row :70 - Parsing item.
06-17-2021 @ 17:19:04 - Row :70 - Parsing failed. Reason: Basic version does not support import of variable products.
06-17-2021 @ 17:19:05 - Preparing for import.
06-17-2021 @ 17:19:05 - Row :71 - Parsing item.
06-17-2021 @ 17:19:05 - Row :71 - Parsing failed. Reason: Basic version does not support import of variable products.
06-17-2021 @ 17:19:05 - Row :72 - Parsing item.
06-17-2021 @ 17:19:05 - Row :72 - Parsing failed. Reason: Basic version does not support import of variable products.
06-17-2021 @ 17:19:05 - Row :73 - Parsing item.
06-17-2021 @ 17:19:05 - Row :73 - Parsing failed. Reason: Basic version does not support import of variable products.
06-17-2021 @ 17:19:05 - Row :74 - Parsing item.
06-17-2021 @ 17:19:05 - Row :74 - Parsing failed. Reason: Basic version does not support import of variable products.
06-17-2021 @ 17:19:05 - Row :75 - Parsing item.
06-17-2021 @ 17:19:05 - Row :75 - Parsing failed. Reason: Basic version does not support import of variable products.
06-17-2021 @ 17:19:05 - Row :76 - Parsing item.
06-17-2021 @ 17:19:05 - Row :76 - Parsing failed. Reason: Basic version does not support import of variable products.
06-17-2021 @ 17:19:05 - Row :77 - Parsing item.
06-17-2021 @ 17:19:05 - Row :77 - Parsing failed. Reason: Basic version does not support import of variable products.
06-17-2021 @ 17:19:05 - Row :78 - Parsing item.
06-17-2021 @ 17:19:05 - Row :78 - Parsing failed. Reason: Basic version does not support import of variable products.
06-17-2021 @ 17:19:05 - Row :79 - Parsing item.
06-17-2021 @ 17:19:05 - Row :79 - Parsing failed. Reason: Basic version does not support import of variable products.
06-17-2021 @ 17:19:05 - Row :80 - Parsing item.
06-17-2021 @ 17:19:06 - Row :80 - Parsing failed. Reason: Basic version does not support import of variable products.
06-17-2021 @ 17:19:07 - Preparing for import.
06-17-2021 @ 17:19:07 - Row :81 - Parsing item.
06-17-2021 @ 17:19:07 - Row :81 - Parsing failed. Reason: Basic version does not support import of variable products.
06-17-2021 @ 17:19:07 - Row :82 - Parsing item.
06-17-2021 @ 17:19:07 - Row :82 - Parsing failed. Reason: Basic version does not support import of variable products.
06-17-2021 @ 17:19:07 - Row :83 - Parsing item.
06-17-2021 @ 17:19:07 - Row :83 - Parsing failed. Reason: Basic version does not support import of variable products.
06-17-2021 @ 17:19:07 - Row :84 - Parsing item.
06-17-2021 @ 17:19:07 - Row :84 - Parsing failed. Reason: Basic version does not support import of variable products.
06-17-2021 @ 17:19:07 - Row :85 - Parsing item.
06-17-2021 @ 17:19:07 - Row :85 - Parsing failed. Reason: Basic version does not support import of variable products.
06-17-2021 @ 17:19:07 - Row :86 - Parsing item.
06-17-2021 @ 17:19:07 - Row :86 - Parsing failed. Reason: Basic version does not support import of variable products.
06-17-2021 @ 17:19:07 - Row :87 - Parsing item.
06-17-2021 @ 17:19:07 - Row :87 - Parsing failed. Reason: Basic version does not support import of variable products.
06-17-2021 @ 17:19:07 - Row :88 - Parsing item.
06-17-2021 @ 17:19:07 - Row :88 - Parsing failed. Reason: Basic version does not support import of variable products.
06-17-2021 @ 17:19:07 - Row :89 - Parsing item.
06-17-2021 @ 17:19:07 - Row :89 - Parsing failed. Reason: Basic version does not support import of variable products.
06-17-2021 @ 17:19:07 - Row :90 - Parsing item.
06-17-2021 @ 17:19:07 - Row :90 - Parsing failed. Reason: Basic version does not support import of variable products.
06-17-2021 @ 17:19:08 - Preparing for import.
06-17-2021 @ 17:19:08 - Row :91 - Parsing item.
06-17-2021 @ 17:19:08 - Row :91 - Parsing failed. Reason: Basic version does not support import of variable products.
06-17-2021 @ 17:19:08 - Row :92 - Parsing item.
06-17-2021 @ 17:19:08 - Row :92 - Parsing failed. Reason: Basic version does not support import of variable products.
06-17-2021 @ 17:19:08 - Row :93 - Parsing item.
06-17-2021 @ 17:19:08 - Row :93 - Parsing failed. Reason: Basic version does not support import of variable products.
06-17-2021 @ 17:19:08 - Row :94 - Parsing item.
06-17-2021 @ 17:19:08 - Row :94 - Parsing failed. Reason: Basic version does not support import of variable products.
06-17-2021 @ 17:19:08 - Row :95 - Parsing item.
06-17-2021 @ 17:19:08 - Row :95 - Parsing failed. Reason: Basic version does not support import of variable products.
06-17-2021 @ 17:19:08 - ---[ Import ended at 2021-06-17 05:19:08]---
