06-17-2021 @ 17:22:28 - ---[ New import started at 2021-06-17 05:22:28 ] PHP Memory: 768 MB, WP Memory: 40 MB
06-17-2021 @ 17:22:28 - Preparing for import.
06-17-2021 @ 17:22:28 - Row :1 - Parsing item.
06-17-2021 @ 17:22:28 - Row :1 - Processing item.
06-17-2021 @ 17:22:28 - Found simple product object. ID:445962
06-17-2021 @ 17:22:28 - Setting Featured Image. URL:https://inspiry.co.nz/wp-content/uploads/2021/basford-brands/MK-DUN-300UNCBA.jpg
06-17-2021 @ 17:22:28 - Attachment ID:445788
06-17-2021 @ 17:22:28 - Setting Gallery Images.
06-17-2021 @ 17:22:28 - Image URL:https://inspiry.co.nz/wp-content/uploads/2021/basford-brands/MK-DUN-300UNCBA-1.jpg
06-17-2021 @ 17:22:28 - Attachment ID:445869
06-17-2021 @ 17:22:29 - Row :1 - Product updated successfully.
06-17-2021 @ 17:22:29 - Row :2 - Parsing item.
06-17-2021 @ 17:22:29 - Row :2 - Processing item.
06-17-2021 @ 17:22:29 - Found simple product object. ID:445963
06-17-2021 @ 17:22:29 - Setting Featured Image. URL:https://inspiry.co.nz/wp-content/uploads/2021/basford-brands/MK-DUN-300UNCBS.jpg
06-17-2021 @ 17:22:29 - Attachment ID:445789
06-17-2021 @ 17:22:29 - Setting Gallery Images.
06-17-2021 @ 17:22:29 - Image URL:https://inspiry.co.nz/wp-content/uploads/2021/basford-brands/MK-DUN-300UNCBS-1.jpg
06-17-2021 @ 17:22:29 - Attachment ID:445870
06-17-2021 @ 17:22:30 - Row :2 - Product updated successfully.
06-17-2021 @ 17:22:30 - Row :3 - Parsing item.
06-17-2021 @ 17:22:30 - Row :3 - Processing item.
06-17-2021 @ 17:22:30 - Found simple product object. ID:445964
06-17-2021 @ 17:22:30 - Setting Featured Image. URL:https://inspiry.co.nz/wp-content/uploads/2021/basford-brands/MK-DUN-300UNCBL.jpg
06-17-2021 @ 17:22:30 - Attachment ID:445790
06-17-2021 @ 17:22:30 - Setting Gallery Images.
06-17-2021 @ 17:22:30 - Image URL:https://inspiry.co.nz/wp-content/uploads/2021/basford-brands/MK-DUN-300UNCBL-1.jpg
06-17-2021 @ 17:22:30 - Attachment ID:445871
06-17-2021 @ 17:22:31 - Row :3 - Product updated successfully.
06-17-2021 @ 17:22:31 - Row :4 - Parsing item.
06-17-2021 @ 17:22:31 - Row :4 - Processing item.
06-17-2021 @ 17:22:31 - Found simple product object. ID:445965
06-17-2021 @ 17:22:31 - Setting Featured Image. URL:https://inspiry.co.nz/wp-content/uploads/2021/basford-brands/MK-DUN-300UNCCL.jpg
06-17-2021 @ 17:22:31 - Attachment ID:445791
06-17-2021 @ 17:22:31 - Setting Gallery Images.
06-17-2021 @ 17:22:31 - Image URL:https://inspiry.co.nz/wp-content/uploads/2021/basford-brands/MK-DUN-300UNCCL-1.jpg
06-17-2021 @ 17:22:32 - Attachment ID:445872
06-17-2021 @ 17:22:32 - Row :4 - Product updated successfully.
06-17-2021 @ 17:22:32 - Row :5 - Parsing item.
06-17-2021 @ 17:22:32 - Row :5 - Processing item.
06-17-2021 @ 17:22:32 - Found simple product object. ID:445966
06-17-2021 @ 17:22:32 - Setting Featured Image. URL:https://inspiry.co.nz/wp-content/uploads/2021/basford-brands/MK-DUN-300UNCDO.jpg
06-17-2021 @ 17:22:32 - Attachment ID:445792
06-17-2021 @ 17:22:32 - Setting Gallery Images.
06-17-2021 @ 17:22:32 - Image URL:https://inspiry.co.nz/wp-content/uploads/2021/basford-brands/MK-DUN-300UNCDO-1.jpg
06-17-2021 @ 17:22:33 - Attachment ID:445873
06-17-2021 @ 17:22:33 - Row :5 - Product updated successfully.
06-17-2021 @ 17:22:33 - Row :6 - Parsing item.
06-17-2021 @ 17:22:33 - Row :6 - Processing item.
06-17-2021 @ 17:22:33 - Found simple product object. ID:445967
06-17-2021 @ 17:22:33 - Setting Featured Image. URL:https://inspiry.co.nz/wp-content/uploads/2021/basford-brands/MK-DUN-300UNCDU.jpg
06-17-2021 @ 17:22:33 - Attachment ID:445793
06-17-2021 @ 17:22:33 - Setting Gallery Images.
06-17-2021 @ 17:22:33 - Image URL:https://inspiry.co.nz/wp-content/uploads/2021/basford-brands/MK-DUN-300UNCDU-1.jpg
06-17-2021 @ 17:22:34 - Attachment ID:445874
06-17-2021 @ 17:22:34 - Row :6 - Product updated successfully.
06-17-2021 @ 17:22:34 - Row :7 - Parsing item.
06-17-2021 @ 17:22:34 - Row :7 - Processing item.
06-17-2021 @ 17:22:34 - Found simple product object. ID:445968
06-17-2021 @ 17:22:34 - Setting Featured Image. URL:https://inspiry.co.nz/wp-content/uploads/2021/basford-brands/MK-DUN-300UNCFL.jpg
06-17-2021 @ 17:22:35 - Attachment ID:445794
06-17-2021 @ 17:22:35 - Setting Gallery Images.
06-17-2021 @ 17:22:35 - Image URL:https://inspiry.co.nz/wp-content/uploads/2021/basford-brands/MK-DUN-300UNCFL-1.jpg
06-17-2021 @ 17:22:35 - Attachment ID:445875
06-17-2021 @ 17:22:35 - Row :7 - Product updated successfully.
06-17-2021 @ 17:22:35 - Row :8 - Parsing item.
06-17-2021 @ 17:22:35 - Row :8 - Processing item.
06-17-2021 @ 17:22:35 - Found simple product object. ID:445969
06-17-2021 @ 17:22:35 - Setting Featured Image. URL:https://inspiry.co.nz/wp-content/uploads/2021/basford-brands/MK-DUN-300UNCJU.jpg
06-17-2021 @ 17:22:36 - Attachment ID:445795
06-17-2021 @ 17:22:36 - Setting Gallery Images.
06-17-2021 @ 17:22:36 - Image URL:https://inspiry.co.nz/wp-content/uploads/2021/basford-brands/MK-DUN-300UNCJU-1.jpg
06-17-2021 @ 17:22:36 - Attachment ID:445876
06-17-2021 @ 17:22:36 - Row :8 - Product updated successfully.
06-17-2021 @ 17:22:36 - Row :9 - Parsing item.
06-17-2021 @ 17:22:36 - Row :9 - Processing item.
06-17-2021 @ 17:22:36 - Found simple product object. ID:445970
06-17-2021 @ 17:22:36 - Setting Featured Image. URL:https://inspiry.co.nz/wp-content/uploads/2021/basford-brands/MK-DUN-300UNCMI.jpg
06-17-2021 @ 17:22:37 - Attachment ID:445796
06-17-2021 @ 17:22:37 - Setting Gallery Images.
06-17-2021 @ 17:22:37 - Image URL:https://inspiry.co.nz/wp-content/uploads/2021/basford-brands/MK-DUN-300UNCMI-1.jpg
06-17-2021 @ 17:22:37 - Attachment ID:445877
06-17-2021 @ 17:22:37 - Row :9 - Product updated successfully.
06-17-2021 @ 17:22:37 - Row :10 - Parsing item.
06-17-2021 @ 17:22:37 - Row :10 - Processing item.
06-17-2021 @ 17:22:37 - Found simple product object. ID:445971
06-17-2021 @ 17:22:37 - Setting Featured Image. URL:https://inspiry.co.nz/wp-content/uploads/2021/basford-brands/MK-DUN-300UNCPA.jpg
06-17-2021 @ 17:22:38 - Attachment ID:445797
06-17-2021 @ 17:22:38 - Setting Gallery Images.
06-17-2021 @ 17:22:38 - Image URL:https://inspiry.co.nz/wp-content/uploads/2021/basford-brands/MK-DUN-300UNCPA-1.jpg
06-17-2021 @ 17:22:38 - Attachment ID:445878
06-17-2021 @ 17:22:38 - Row :10 - Product updated successfully.
06-17-2021 @ 17:22:40 - Preparing for import.
06-17-2021 @ 17:22:40 - Row :11 - Parsing item.
06-17-2021 @ 17:22:40 - Row :11 - Processing item.
06-17-2021 @ 17:22:40 - Found simple product object. ID:445972
06-17-2021 @ 17:22:40 - Setting Featured Image. URL:https://inspiry.co.nz/wp-content/uploads/2021/basford-brands/MK-DUN-300UNCPE.jpg
06-17-2021 @ 17:22:40 - Attachment ID:445798
06-17-2021 @ 17:22:40 - Setting Gallery Images.
06-17-2021 @ 17:22:40 - Image URL:https://inspiry.co.nz/wp-content/uploads/2021/basford-brands/MK-DUN-300UNCPE-1.jpg
06-17-2021 @ 17:22:40 - Attachment ID:445879
06-17-2021 @ 17:22:41 - Row :11 - Product updated successfully.
06-17-2021 @ 17:22:41 - Row :12 - Parsing item.
06-17-2021 @ 17:22:41 - Row :12 - Processing item.
06-17-2021 @ 17:22:41 - Found simple product object. ID:445973
06-17-2021 @ 17:22:41 - Setting Featured Image. URL:https://inspiry.co.nz/wp-content/uploads/2021/basford-brands/MK-DUN-300UNCSL.jpg
06-17-2021 @ 17:22:41 - Attachment ID:445799
06-17-2021 @ 17:22:41 - Setting Gallery Images.
06-17-2021 @ 17:22:41 - Image URL:https://inspiry.co.nz/wp-content/uploads/2021/basford-brands/MK-DUN-300UNCSL-1.jpg
06-17-2021 @ 17:22:41 - Attachment ID:445880
06-17-2021 @ 17:22:42 - Row :12 - Product updated successfully.
06-17-2021 @ 17:22:42 - Row :13 - Parsing item.
06-17-2021 @ 17:22:42 - Row :13 - Processing item.
06-17-2021 @ 17:22:42 - Found simple product object. ID:445974
06-17-2021 @ 17:22:42 - Setting Featured Image. URL:https://inspiry.co.nz/wp-content/uploads/2021/basford-brands/MK-DUN-300UNCST.jpg
06-17-2021 @ 17:22:42 - Attachment ID:445800
06-17-2021 @ 17:22:42 - Setting Gallery Images.
06-17-2021 @ 17:22:42 - Image URL:https://inspiry.co.nz/wp-content/uploads/2021/basford-brands/MK-DUN-300UNCST-1.jpg
06-17-2021 @ 17:22:42 - Attachment ID:445881
06-17-2021 @ 17:22:43 - Row :13 - Product updated successfully.
06-17-2021 @ 17:22:43 - Row :14 - Parsing item.
06-17-2021 @ 17:22:43 - Row :14 - Processing item.
06-17-2021 @ 17:22:43 - Found simple product object. ID:445975
06-17-2021 @ 17:22:43 - Setting Featured Image. URL:https://inspiry.co.nz/wp-content/uploads/2021/basford-brands/MK-KIN-300UNCAW.jpg
06-17-2021 @ 17:22:43 - Attachment ID:445801
06-17-2021 @ 17:22:43 - Setting Gallery Images.
06-17-2021 @ 17:22:43 - Image URL:https://inspiry.co.nz/wp-content/uploads/2021/basford-brands/MK-KIN-300UNCAW-1.jpg
06-17-2021 @ 17:22:43 - Attachment ID:445882
06-17-2021 @ 17:22:44 - Row :14 - Product updated successfully.
06-17-2021 @ 17:22:44 - Row :15 - Parsing item.
06-17-2021 @ 17:22:44 - Row :15 - Processing item.
06-17-2021 @ 17:22:44 - Found simple product object. ID:445976
06-17-2021 @ 17:22:44 - Setting Featured Image. URL:https://inspiry.co.nz/wp-content/uploads/2021/basford-brands/MK-KIN-300UNCBA.jpg
06-17-2021 @ 17:22:44 - Attachment ID:445802
06-17-2021 @ 17:22:44 - Setting Gallery Images.
06-17-2021 @ 17:22:44 - Image URL:https://inspiry.co.nz/wp-content/uploads/2021/basford-brands/MK-KIN-300UNCBA-1.jpg
06-17-2021 @ 17:22:44 - Attachment ID:445883
06-17-2021 @ 17:22:45 - Row :15 - Product updated successfully.
06-17-2021 @ 17:22:45 - Row :16 - Parsing item.
06-17-2021 @ 17:22:45 - Row :16 - Processing item.
06-17-2021 @ 17:22:45 - Found simple product object. ID:445977
06-17-2021 @ 17:22:45 - Setting Featured Image. URL:https://inspiry.co.nz/wp-content/uploads/2021/basford-brands/MK-KIN-300UNCBS.jpg
06-17-2021 @ 17:22:45 - Attachment ID:445803
06-17-2021 @ 17:22:45 - Setting Gallery Images.
06-17-2021 @ 17:22:45 - Image URL:https://inspiry.co.nz/wp-content/uploads/2021/basford-brands/MK-KIN-300UNCBS-1.jpg
06-17-2021 @ 17:22:45 - Attachment ID:445884
06-17-2021 @ 17:22:46 - Row :16 - Product updated successfully.
06-17-2021 @ 17:22:46 - Row :17 - Parsing item.
06-17-2021 @ 17:22:46 - Row :17 - Processing item.
06-17-2021 @ 17:22:46 - Found simple product object. ID:445978
06-17-2021 @ 17:22:46 - Setting Featured Image. URL:https://inspiry.co.nz/wp-content/uploads/2021/basford-brands/MK-KIN-300UNCBL.jpg
06-17-2021 @ 17:22:46 - Attachment ID:445804
06-17-2021 @ 17:22:46 - Setting Gallery Images.
06-17-2021 @ 17:22:46 - Image URL:https://inspiry.co.nz/wp-content/uploads/2021/basford-brands/MK-KIN-300UNCBL-1.jpg
06-17-2021 @ 17:22:46 - Attachment ID:445885
06-17-2021 @ 17:22:47 - Row :17 - Product updated successfully.
06-17-2021 @ 17:22:47 - Row :18 - Parsing item.
06-17-2021 @ 17:22:47 - Row :18 - Processing item.
06-17-2021 @ 17:22:47 - Found simple product object. ID:445979
06-17-2021 @ 17:22:47 - Setting Featured Image. URL:https://inspiry.co.nz/wp-content/uploads/2021/basford-brands/MK-KIN-300UNCCL.jpg
06-17-2021 @ 17:22:47 - Attachment ID:445805
06-17-2021 @ 17:22:47 - Setting Gallery Images.
06-17-2021 @ 17:22:47 - Image URL:https://inspiry.co.nz/wp-content/uploads/2021/basford-brands/MK-KIN-300UNCCL-1.jpg
06-17-2021 @ 17:22:47 - Attachment ID:445886
06-17-2021 @ 17:22:48 - Row :18 - Product updated successfully.
06-17-2021 @ 17:22:48 - Row :19 - Parsing item.
06-17-2021 @ 17:22:48 - Row :19 - Processing item.
06-17-2021 @ 17:22:48 - Found simple product object. ID:445980
06-17-2021 @ 17:22:48 - Setting Featured Image. URL:https://inspiry.co.nz/wp-content/uploads/2021/basford-brands/MK-KIN-300UNCDE.jpg
06-17-2021 @ 17:22:48 - Attachment ID:445806
06-17-2021 @ 17:22:48 - Setting Gallery Images.
06-17-2021 @ 17:22:48 - Image URL:https://inspiry.co.nz/wp-content/uploads/2021/basford-brands/MK-KIN-300UNCDE-1.jpg
06-17-2021 @ 17:22:48 - Attachment ID:445887
06-17-2021 @ 17:22:49 - Row :19 - Product updated successfully.
06-17-2021 @ 17:22:49 - Row :20 - Parsing item.
06-17-2021 @ 17:22:49 - Row :20 - Processing item.
06-17-2021 @ 17:22:49 - Found simple product object. ID:445981
06-17-2021 @ 17:22:49 - Setting Featured Image. URL:https://inspiry.co.nz/wp-content/uploads/2021/basford-brands/MK-KIN-300UNCDO.jpg
06-17-2021 @ 17:22:49 - Attachment ID:445807
06-17-2021 @ 17:22:49 - Setting Gallery Images.
06-17-2021 @ 17:22:49 - Image URL:https://inspiry.co.nz/wp-content/uploads/2021/basford-brands/MK-KIN-300UNCDO-1.jpg
06-17-2021 @ 17:22:49 - Attachment ID:445888
06-17-2021 @ 17:22:50 - Row :20 - Product updated successfully.
06-17-2021 @ 17:22:52 - Preparing for import.
06-17-2021 @ 17:22:52 - Row :21 - Parsing item.
06-17-2021 @ 17:22:52 - Row :21 - Processing item.
06-17-2021 @ 17:22:52 - Found simple product object. ID:445982
06-17-2021 @ 17:22:52 - Setting Featured Image. URL:https://inspiry.co.nz/wp-content/uploads/2021/basford-brands/MK-KIN-300UNCDU.jpg
06-17-2021 @ 17:22:52 - Attachment ID:445808
06-17-2021 @ 17:22:52 - Setting Gallery Images.
06-17-2021 @ 17:22:52 - Image URL:https://inspiry.co.nz/wp-content/uploads/2021/basford-brands/MK-KIN-300UNCDU-1.jpg
06-17-2021 @ 17:22:52 - Attachment ID:445889
06-17-2021 @ 17:22:53 - Row :21 - Product updated successfully.
06-17-2021 @ 17:22:53 - Row :22 - Parsing item.
06-17-2021 @ 17:22:53 - Row :22 - Processing item.
06-17-2021 @ 17:22:53 - Found simple product object. ID:445983
06-17-2021 @ 17:22:53 - Setting Featured Image. URL:https://inspiry.co.nz/wp-content/uploads/2021/basford-brands/MK-KIN-300UNCFL.jpg
06-17-2021 @ 17:22:53 - Attachment ID:445809
06-17-2021 @ 17:22:53 - Setting Gallery Images.
06-17-2021 @ 17:22:53 - Image URL:https://inspiry.co.nz/wp-content/uploads/2021/basford-brands/MK-KIN-300UNCFL-1.jpg
06-17-2021 @ 17:22:53 - Attachment ID:445890
06-17-2021 @ 17:22:54 - Row :22 - Product updated successfully.
06-17-2021 @ 17:22:54 - Row :23 - Parsing item.
06-17-2021 @ 17:22:54 - Row :23 - Processing item.
06-17-2021 @ 17:22:54 - Found simple product object. ID:445984
06-17-2021 @ 17:22:54 - Setting Featured Image. URL:https://inspiry.co.nz/wp-content/uploads/2021/basford-brands/MK-KIN-300UNCJU.jpg
06-17-2021 @ 17:22:54 - Attachment ID:445810
06-17-2021 @ 17:22:54 - Setting Gallery Images.
06-17-2021 @ 17:22:54 - Image URL:https://inspiry.co.nz/wp-content/uploads/2021/basford-brands/MK-KIN-300UNCJU-1.jpg
06-17-2021 @ 17:22:54 - Attachment ID:445891
06-17-2021 @ 17:22:55 - Row :23 - Product updated successfully.
06-17-2021 @ 17:22:55 - Row :24 - Parsing item.
06-17-2021 @ 17:22:55 - Row :24 - Processing item.
06-17-2021 @ 17:22:55 - Found simple product object. ID:445985
06-17-2021 @ 17:22:55 - Setting Featured Image. URL:https://inspiry.co.nz/wp-content/uploads/2021/basford-brands/MK-KIN-300UNCMI.jpg
06-17-2021 @ 17:22:55 - Attachment ID:445811
06-17-2021 @ 17:22:55 - Setting Gallery Images.
06-17-2021 @ 17:22:55 - Image URL:https://inspiry.co.nz/wp-content/uploads/2021/basford-brands/MK-KIN-300UNCMI-1.jpg
06-17-2021 @ 17:22:55 - Attachment ID:445892
06-17-2021 @ 17:22:56 - Row :24 - Product updated successfully.
06-17-2021 @ 17:22:56 - Row :25 - Parsing item.
06-17-2021 @ 17:22:56 - Row :25 - Processing item.
06-17-2021 @ 17:22:56 - Found simple product object. ID:445986
06-17-2021 @ 17:22:56 - Setting Featured Image. URL:https://inspiry.co.nz/wp-content/uploads/2021/basford-brands/MK-KIN-300UNCPA.jpg
06-17-2021 @ 17:22:56 - Attachment ID:445812
06-17-2021 @ 17:22:56 - Setting Gallery Images.
06-17-2021 @ 17:22:56 - Image URL:https://inspiry.co.nz/wp-content/uploads/2021/basford-brands/MK-KIN-300UNCPA-1.jpg
06-17-2021 @ 17:22:56 - Attachment ID:445893
06-17-2021 @ 17:22:57 - Row :25 - Product updated successfully.
06-17-2021 @ 17:22:57 - Row :26 - Parsing item.
06-17-2021 @ 17:22:57 - Row :26 - Processing item.
06-17-2021 @ 17:22:57 - Found simple product object. ID:445987
06-17-2021 @ 17:22:57 - Setting Featured Image. URL:https://inspiry.co.nz/wp-content/uploads/2021/basford-brands/MK-KIN-300UNCPE.jpg
06-17-2021 @ 17:22:57 - Attachment ID:445813
06-17-2021 @ 17:22:57 - Setting Gallery Images.
06-17-2021 @ 17:22:57 - Image URL:https://inspiry.co.nz/wp-content/uploads/2021/basford-brands/MK-KIN-300UNCPE-1.jpg
06-17-2021 @ 17:22:58 - Attachment ID:445894
06-17-2021 @ 17:22:58 - Row :26 - Product updated successfully.
06-17-2021 @ 17:22:58 - Row :27 - Parsing item.
06-17-2021 @ 17:22:58 - Row :27 - Processing item.
06-17-2021 @ 17:22:58 - Found simple product object. ID:445988
06-17-2021 @ 17:22:58 - Setting Featured Image. URL:https://inspiry.co.nz/wp-content/uploads/2021/basford-brands/MK-KIN-300UNCRE.jpg
06-17-2021 @ 17:22:58 - Attachment ID:445814
06-17-2021 @ 17:22:58 - Setting Gallery Images.
06-17-2021 @ 17:22:58 - Image URL:https://inspiry.co.nz/wp-content/uploads/2021/basford-brands/MK-KIN-300UNCRE-1.jpg
06-17-2021 @ 17:22:59 - Attachment ID:445895
06-17-2021 @ 17:22:59 - Row :27 - Product updated successfully.
06-17-2021 @ 17:22:59 - Row :28 - Parsing item.
06-17-2021 @ 17:22:59 - Row :28 - Processing item.
06-17-2021 @ 17:22:59 - Found simple product object. ID:445989
06-17-2021 @ 17:22:59 - Setting Featured Image. URL:https://inspiry.co.nz/wp-content/uploads/2021/basford-brands/MK-KIN-300UNCSA.jpg
06-17-2021 @ 17:22:59 - Attachment ID:445815
06-17-2021 @ 17:22:59 - Setting Gallery Images.
06-17-2021 @ 17:22:59 - Image URL:https://inspiry.co.nz/wp-content/uploads/2021/basford-brands/MK-KIN-300UNCSA-1.jpg
06-17-2021 @ 17:23:00 - Attachment ID:445896
06-17-2021 @ 17:23:00 - Row :28 - Product updated successfully.
06-17-2021 @ 17:23:00 - Row :29 - Parsing item.
06-17-2021 @ 17:23:00 - Row :29 - Processing item.
06-17-2021 @ 17:23:00 - Found simple product object. ID:445990
06-17-2021 @ 17:23:00 - Setting Featured Image. URL:https://inspiry.co.nz/wp-content/uploads/2021/basford-brands/MK-KIN-300UNCSC.jpg
06-17-2021 @ 17:23:01 - Attachment ID:445816
06-17-2021 @ 17:23:01 - Setting Gallery Images.
06-17-2021 @ 17:23:01 - Image URL:https://inspiry.co.nz/wp-content/uploads/2021/basford-brands/MK-KIN-300UNCSC-1.jpg
06-17-2021 @ 17:23:01 - Attachment ID:445897
06-17-2021 @ 17:23:01 - Row :29 - Product updated successfully.
06-17-2021 @ 17:23:01 - Row :30 - Parsing item.
06-17-2021 @ 17:23:01 - Row :30 - Processing item.
06-17-2021 @ 17:23:01 - Found simple product object. ID:445991
06-17-2021 @ 17:23:01 - Setting Featured Image. URL:https://inspiry.co.nz/wp-content/uploads/2021/basford-brands/MK-KIN-300UNCSL.jpg
06-17-2021 @ 17:23:02 - Attachment ID:445817
06-17-2021 @ 17:23:02 - Setting Gallery Images.
06-17-2021 @ 17:23:02 - Image URL:https://inspiry.co.nz/wp-content/uploads/2021/basford-brands/MK-KIN-300UNCSL-1.jpg
06-17-2021 @ 17:23:02 - Attachment ID:445898
06-17-2021 @ 17:23:03 - Row :30 - Product updated successfully.
06-17-2021 @ 17:23:04 - Preparing for import.
06-17-2021 @ 17:23:04 - Row :31 - Parsing item.
06-17-2021 @ 17:23:04 - Row :31 - Processing item.
06-17-2021 @ 17:23:05 - Found simple product object. ID:445992
06-17-2021 @ 17:23:05 - Setting Featured Image. URL:https://inspiry.co.nz/wp-content/uploads/2021/basford-brands/MK-KIN-300UNCSO.jpg
06-17-2021 @ 17:23:05 - Attachment ID:445818
06-17-2021 @ 17:23:05 - Setting Gallery Images.
06-17-2021 @ 17:23:05 - Image URL:https://inspiry.co.nz/wp-content/uploads/2021/basford-brands/MK-KIN-300UNCSO-1.jpg
06-17-2021 @ 17:23:05 - Attachment ID:445899
06-17-2021 @ 17:23:06 - Row :31 - Product updated successfully.
06-17-2021 @ 17:23:06 - Row :32 - Parsing item.
06-17-2021 @ 17:23:06 - Row :32 - Processing item.
06-17-2021 @ 17:23:06 - Found simple product object. ID:445993
06-17-2021 @ 17:23:06 - Setting Featured Image. URL:https://inspiry.co.nz/wp-content/uploads/2021/basford-brands/MK-KIN-300UNCST.jpg
06-17-2021 @ 17:23:06 - Attachment ID:445819
06-17-2021 @ 17:23:06 - Setting Gallery Images.
06-17-2021 @ 17:23:06 - Image URL:https://inspiry.co.nz/wp-content/uploads/2021/basford-brands/MK-KIN-300UNCST-1.jpg
06-17-2021 @ 17:23:06 - Attachment ID:445900
06-17-2021 @ 17:23:07 - Row :32 - Product updated successfully.
06-17-2021 @ 17:23:07 - Row :33 - Parsing item.
06-17-2021 @ 17:23:07 - Row :33 - Processing item.
06-17-2021 @ 17:23:07 - Found simple product object. ID:445994
06-17-2021 @ 17:23:07 - Setting Featured Image. URL:https://inspiry.co.nz/wp-content/uploads/2021/basford-brands/MK-KIN-300UNCSR.jpg
06-17-2021 @ 17:23:07 - Attachment ID:445820
06-17-2021 @ 17:23:07 - Setting Gallery Images.
06-17-2021 @ 17:23:07 - Image URL:https://inspiry.co.nz/wp-content/uploads/2021/basford-brands/MK-KIN-300UNCSR-1.jpg
06-17-2021 @ 17:23:07 - Attachment ID:445901
06-17-2021 @ 17:23:08 - Row :33 - Product updated successfully.
06-17-2021 @ 17:23:08 - Row :34 - Parsing item.
06-17-2021 @ 17:23:08 - Row :34 - Processing item.
06-17-2021 @ 17:23:08 - Found simple product object. ID:445995
06-17-2021 @ 17:23:08 - Setting Featured Image. URL:https://inspiry.co.nz/wp-content/uploads/2021/basford-brands/MK-BOTA210220DU.jpg
06-17-2021 @ 17:23:08 - Attachment ID:445821
06-17-2021 @ 17:23:08 - Setting Gallery Images.
06-17-2021 @ 17:23:08 - Image URL:https://inspiry.co.nz/wp-content/uploads/2021/basford-brands/MK-BOTA210220DU-1.jpg
06-17-2021 @ 17:23:08 - Attachment ID:445902
06-17-2021 @ 17:23:08 - Row :34 - Product updated successfully.
06-17-2021 @ 17:23:08 - Row :35 - Parsing item.
06-17-2021 @ 17:23:08 - Row :35 - Processing item.
06-17-2021 @ 17:23:08 - Found simple product object. ID:445996
06-17-2021 @ 17:23:08 - Setting Featured Image. URL:https://inspiry.co.nz/wp-content/uploads/2021/basford-brands/MK-BOTA210220JE.jpg
06-17-2021 @ 17:23:09 - Attachment ID:445822
06-17-2021 @ 17:23:09 - Setting Gallery Images.
06-17-2021 @ 17:23:09 - Image URL:https://inspiry.co.nz/wp-content/uploads/2021/basford-brands/MK-BOTA210220JE-1.jpg
06-17-2021 @ 17:23:09 - Attachment ID:445903
06-17-2021 @ 17:23:09 - Row :35 - Product updated successfully.
06-17-2021 @ 17:23:09 - Row :36 - Parsing item.
06-17-2021 @ 17:23:09 - Row :36 - Processing item.
06-17-2021 @ 17:23:09 - Found simple product object. ID:445997
06-17-2021 @ 17:23:09 - Setting Featured Image. URL:https://inspiry.co.nz/wp-content/uploads/2021/basford-brands/MK-BOTA210220NA.jpg
06-17-2021 @ 17:23:09 - Attachment ID:445823
06-17-2021 @ 17:23:09 - Setting Gallery Images.
06-17-2021 @ 17:23:09 - Image URL:https://inspiry.co.nz/wp-content/uploads/2021/basford-brands/MK-BOTA210220NA-1.jpg
06-17-2021 @ 17:23:09 - Attachment ID:445904
06-17-2021 @ 17:23:10 - Row :36 - Product updated successfully.
06-17-2021 @ 17:23:10 - Row :37 - Parsing item.
06-17-2021 @ 17:23:10 - Row :37 - Processing item.
06-17-2021 @ 17:23:10 - Found simple product object. ID:445998
06-17-2021 @ 17:23:10 - Setting Featured Image. URL:https://inspiry.co.nz/wp-content/uploads/2021/basford-brands/MK-BOTA210220SI.jpg
06-17-2021 @ 17:23:10 - Attachment ID:445824
06-17-2021 @ 17:23:10 - Setting Gallery Images.
06-17-2021 @ 17:23:10 - Image URL:https://inspiry.co.nz/wp-content/uploads/2021/basford-brands/MK-BOTA210220SI-1.jpg
06-17-2021 @ 17:23:10 - Attachment ID:445905
06-17-2021 @ 17:23:10 - Row :37 - Product updated successfully.
06-17-2021 @ 17:23:10 - Row :38 - Parsing item.
06-17-2021 @ 17:23:10 - Row :38 - Processing item.
06-17-2021 @ 17:23:10 - Found simple product object. ID:445999
06-17-2021 @ 17:23:11 - Setting Featured Image. URL:https://inspiry.co.nz/wp-content/uploads/2021/basford-brands/MK-HAVB210220CL.jpg
06-17-2021 @ 17:23:11 - Attachment ID:445825
06-17-2021 @ 17:23:11 - Setting Gallery Images.
06-17-2021 @ 17:23:11 - Image URL:https://inspiry.co.nz/wp-content/uploads/2021/basford-brands/MK-HAVB210220CL-1.jpg
06-17-2021 @ 17:23:11 - Attachment ID:445906
06-17-2021 @ 17:23:11 - Row :38 - Product updated successfully.
06-17-2021 @ 17:23:11 - Row :39 - Parsing item.
06-17-2021 @ 17:23:11 - Row :39 - Processing item.
06-17-2021 @ 17:23:11 - Found simple product object. ID:446000
06-17-2021 @ 17:23:11 - Setting Featured Image. URL:https://inspiry.co.nz/wp-content/uploads/2021/basford-brands/MK-HAVB210220DR.jpg
06-17-2021 @ 17:23:11 - Attachment ID:445826
06-17-2021 @ 17:23:11 - Setting Gallery Images.
06-17-2021 @ 17:23:11 - Image URL:https://inspiry.co.nz/wp-content/uploads/2021/basford-brands/MK-HAVB210220DR-1.jpg
06-17-2021 @ 17:23:11 - Attachment ID:445907
06-17-2021 @ 17:23:12 - Row :39 - Product updated successfully.
06-17-2021 @ 17:23:12 - Row :40 - Parsing item.
06-17-2021 @ 17:23:12 - Row :40 - Processing item.
06-17-2021 @ 17:23:12 - Found simple product object. ID:446001
06-17-2021 @ 17:23:12 - Setting Featured Image. URL:https://inspiry.co.nz/wp-content/uploads/2021/basford-brands/MK-HAVB210220GR.jpg
06-17-2021 @ 17:23:12 - Attachment ID:445827
06-17-2021 @ 17:23:12 - Setting Gallery Images.
06-17-2021 @ 17:23:12 - Image URL:https://inspiry.co.nz/wp-content/uploads/2021/basford-brands/MK-HAVB210220GR-1.jpg
06-17-2021 @ 17:23:12 - Attachment ID:445908
06-17-2021 @ 17:23:12 - Row :40 - Product updated successfully.
06-17-2021 @ 17:23:13 - Preparing for import.
06-17-2021 @ 17:23:13 - Row :41 - Parsing item.
06-17-2021 @ 17:23:14 - Row :41 - Processing item.
06-17-2021 @ 17:23:14 - Found simple product object. ID:446002
06-17-2021 @ 17:23:14 - Setting Featured Image. URL:https://inspiry.co.nz/wp-content/uploads/2021/basford-brands/MK-HAVB210220ON.jpg
06-17-2021 @ 17:23:14 - Attachment ID:445828
06-17-2021 @ 17:23:14 - Setting Gallery Images.
06-17-2021 @ 17:23:14 - Image URL:https://inspiry.co.nz/wp-content/uploads/2021/basford-brands/MK-HAVB210220ON-1.jpg
06-17-2021 @ 17:23:14 - Attachment ID:445909
06-17-2021 @ 17:23:14 - Row :41 - Product updated successfully.
06-17-2021 @ 17:23:14 - Row :42 - Parsing item.
06-17-2021 @ 17:23:14 - Row :42 - Processing item.
06-17-2021 @ 17:23:14 - Found simple product object. ID:446003
06-17-2021 @ 17:23:14 - Setting Featured Image. URL:https://inspiry.co.nz/wp-content/uploads/2021/basford-brands/MK-HAVB210220SL.jpg
06-17-2021 @ 17:23:14 - Attachment ID:445829
06-17-2021 @ 17:23:14 - Setting Gallery Images.
06-17-2021 @ 17:23:14 - Image URL:https://inspiry.co.nz/wp-content/uploads/2021/basford-brands/MK-HAVB210220SL-1.jpg
06-17-2021 @ 17:23:15 - Attachment ID:445910
06-17-2021 @ 17:23:15 - Row :42 - Product updated successfully.
06-17-2021 @ 17:23:15 - Row :43 - Parsing item.
06-17-2021 @ 17:23:15 - Row :43 - Processing item.
06-17-2021 @ 17:23:15 - Found simple product object. ID:446004
06-17-2021 @ 17:23:15 - Setting Featured Image. URL:https://inspiry.co.nz/wp-content/uploads/2021/basford-brands/MK-BONB140221OC.jpg
06-17-2021 @ 17:23:15 - Attachment ID:445830
06-17-2021 @ 17:23:15 - Setting Gallery Images.
06-17-2021 @ 17:23:15 - Image URL:https://inspiry.co.nz/wp-content/uploads/2021/basford-brands/MK-BONB140221OC-1.jpg
06-17-2021 @ 17:23:15 - Attachment ID:445911
06-17-2021 @ 17:23:16 - Row :43 - Product updated successfully.
06-17-2021 @ 17:23:16 - Row :44 - Parsing item.
06-17-2021 @ 17:23:16 - Row :44 - Processing item.
06-17-2021 @ 17:23:16 - Found simple product object. ID:446005
06-17-2021 @ 17:23:16 - Setting Featured Image. URL:https://inspiry.co.nz/wp-content/uploads/2021/basford-brands/MK-HAVB180221CL.jpg
06-17-2021 @ 17:23:16 - Attachment ID:445831
06-17-2021 @ 17:23:16 - Setting Gallery Images.
06-17-2021 @ 17:23:16 - Image URL:https://inspiry.co.nz/wp-content/uploads/2021/basford-brands/MK-HAVB180221CL-1.jpg
06-17-2021 @ 17:23:16 - Attachment ID:445912
06-17-2021 @ 17:23:16 - Row :44 - Product updated successfully.
06-17-2021 @ 17:23:16 - Row :45 - Parsing item.
06-17-2021 @ 17:23:16 - Row :45 - Processing item.
06-17-2021 @ 17:23:16 - Found simple product object. ID:446006
06-17-2021 @ 17:23:16 - Setting Featured Image. URL:https://inspiry.co.nz/wp-content/uploads/2021/basford-brands/MK-HAVB180221DR.jpg
06-17-2021 @ 17:23:17 - Attachment ID:445832
06-17-2021 @ 17:23:17 - Setting Gallery Images.
06-17-2021 @ 17:23:17 - Image URL:https://inspiry.co.nz/wp-content/uploads/2021/basford-brands/MK-HAVB180221DR-1.jpg
06-17-2021 @ 17:23:17 - Attachment ID:445913
06-17-2021 @ 17:23:17 - Row :45 - Product updated successfully.
06-17-2021 @ 17:23:17 - Row :46 - Parsing item.
06-17-2021 @ 17:23:17 - Row :46 - Processing item.
06-17-2021 @ 17:23:17 - Found simple product object. ID:446007
06-17-2021 @ 17:23:17 - Setting Featured Image. URL:https://inspiry.co.nz/wp-content/uploads/2021/basford-brands/MK-HAVB180221GR.jpg
06-17-2021 @ 17:23:17 - Attachment ID:445833
06-17-2021 @ 17:23:17 - Setting Gallery Images.
06-17-2021 @ 17:23:17 - Image URL:https://inspiry.co.nz/wp-content/uploads/2021/basford-brands/MK-HAVB180221GR-1.jpg
06-17-2021 @ 17:23:17 - Attachment ID:445914
06-17-2021 @ 17:23:18 - Row :46 - Product updated successfully.
06-17-2021 @ 17:23:18 - Row :47 - Parsing item.
06-17-2021 @ 17:23:18 - Row :47 - Processing item.
06-17-2021 @ 17:23:18 - Found simple product object. ID:446008
06-17-2021 @ 17:23:18 - Setting Featured Image. URL:https://inspiry.co.nz/wp-content/uploads/2021/basford-brands/MK-LANB220220CH.jpg
06-17-2021 @ 17:23:18 - Attachment ID:445834
06-17-2021 @ 17:23:18 - Setting Gallery Images.
06-17-2021 @ 17:23:18 - Image URL:https://inspiry.co.nz/wp-content/uploads/2021/basford-brands/MK-LANB220220CH-1.jpg
06-17-2021 @ 17:23:18 - Attachment ID:445915
06-17-2021 @ 17:23:18 - Row :47 - Product updated successfully.
06-17-2021 @ 17:23:18 - Row :48 - Parsing item.
06-17-2021 @ 17:23:18 - Row :48 - Processing item.
06-17-2021 @ 17:23:18 - Found simple product object. ID:446009
06-17-2021 @ 17:23:18 - Setting Featured Image. URL:https://inspiry.co.nz/wp-content/uploads/2021/basford-brands/MK-LANB220220NA.jpg
06-17-2021 @ 17:23:18 - Attachment ID:445835
06-17-2021 @ 17:23:18 - Setting Gallery Images.
06-17-2021 @ 17:23:18 - Image URL:https://inspiry.co.nz/wp-content/uploads/2021/basford-brands/MK-LANB220220NA-1.jpg
06-17-2021 @ 17:23:19 - Attachment ID:445916
06-17-2021 @ 17:23:19 - Row :48 - Product updated successfully.
06-17-2021 @ 17:23:19 - Row :49 - Parsing item.
06-17-2021 @ 17:23:19 - Row :49 - Processing item.
06-17-2021 @ 17:23:19 - Found simple product object. ID:446010
06-17-2021 @ 17:23:19 - Setting Featured Image. URL:https://inspiry.co.nz/wp-content/uploads/2021/basford-brands/MK-LANB220220SI.jpg
06-17-2021 @ 17:23:19 - Attachment ID:445836
06-17-2021 @ 17:23:19 - Setting Gallery Images.
06-17-2021 @ 17:23:19 - Image URL:https://inspiry.co.nz/wp-content/uploads/2021/basford-brands/MK-LANB220220SI-1.jpg
06-17-2021 @ 17:23:19 - Attachment ID:445917
06-17-2021 @ 17:23:20 - Row :49 - Product updated successfully.
06-17-2021 @ 17:23:20 - Row :50 - Parsing item.
06-17-2021 @ 17:23:20 - Row :50 - Processing item.
06-17-2021 @ 17:23:20 - Found simple product object. ID:446011
06-17-2021 @ 17:23:20 - Setting Featured Image. URL:https://inspiry.co.nz/wp-content/uploads/2021/basford-brands/MK-LANB140221CH.jpg
06-17-2021 @ 17:23:20 - Attachment ID:445837
06-17-2021 @ 17:23:20 - Setting Gallery Images.
06-17-2021 @ 17:23:20 - Image URL:https://inspiry.co.nz/wp-content/uploads/2021/basford-brands/MK-LANB140221CH-1.jpg
06-17-2021 @ 17:23:20 - Attachment ID:445918
06-17-2021 @ 17:23:20 - Row :50 - Product updated successfully.
06-17-2021 @ 17:23:21 - Preparing for import.
06-17-2021 @ 17:23:21 - Row :51 - Parsing item.
06-17-2021 @ 17:23:21 - Row :51 - Processing item.
06-17-2021 @ 17:23:21 - Found simple product object. ID:446012
06-17-2021 @ 17:23:21 - Setting Featured Image. URL:https://inspiry.co.nz/wp-content/uploads/2021/basford-brands/MK-LANB140221NA.jpg
06-17-2021 @ 17:23:22 - Attachment ID:445838
06-17-2021 @ 17:23:22 - Setting Gallery Images.
06-17-2021 @ 17:23:22 - Image URL:https://inspiry.co.nz/wp-content/uploads/2021/basford-brands/MK-LANB140221NA-1.jpg
06-17-2021 @ 17:23:22 - Attachment ID:445919
06-17-2021 @ 17:23:22 - Row :51 - Product updated successfully.
06-17-2021 @ 17:23:22 - Row :52 - Parsing item.
06-17-2021 @ 17:23:22 - Row :52 - Processing item.
06-17-2021 @ 17:23:22 - Found simple product object. ID:446013
06-17-2021 @ 17:23:22 - Setting Featured Image. URL:https://inspiry.co.nz/wp-content/uploads/2021/basford-brands/MK-LANB140221SI.jpg
06-17-2021 @ 17:23:22 - Attachment ID:445839
06-17-2021 @ 17:23:22 - Setting Gallery Images.
06-17-2021 @ 17:23:22 - Image URL:https://inspiry.co.nz/wp-content/uploads/2021/basford-brands/MK-LANB140221SI-1.jpg
06-17-2021 @ 17:23:22 - Attachment ID:445920
06-17-2021 @ 17:23:23 - Row :52 - Product updated successfully.
06-17-2021 @ 17:23:23 - Row :53 - Parsing item.
06-17-2021 @ 17:23:23 - Row :53 - Processing item.
06-17-2021 @ 17:23:23 - Found simple product object. ID:446014
06-17-2021 @ 17:23:23 - Setting Featured Image. URL:https://inspiry.co.nz/wp-content/uploads/2021/basford-brands/MK-MONT180221AS.jpg
06-17-2021 @ 17:23:23 - Attachment ID:445840
06-17-2021 @ 17:23:23 - Setting Gallery Images.
06-17-2021 @ 17:23:23 - Image URL:https://inspiry.co.nz/wp-content/uploads/2021/basford-brands/MK-MONT180221AS-1.jpg
06-17-2021 @ 17:23:23 - Attachment ID:445921
06-17-2021 @ 17:23:24 - Row :53 - Product updated successfully.
06-17-2021 @ 17:23:24 - Row :54 - Parsing item.
06-17-2021 @ 17:23:24 - Row :54 - Processing item.
06-17-2021 @ 17:23:24 - Found simple product object. ID:446015
06-17-2021 @ 17:23:24 - Setting Featured Image. URL:https://inspiry.co.nz/wp-content/uploads/2021/basford-brands/MK-MONT180221GR.jpg
06-17-2021 @ 17:23:24 - Attachment ID:445841
06-17-2021 @ 17:23:24 - Setting Gallery Images.
06-17-2021 @ 17:23:24 - Image URL:https://inspiry.co.nz/wp-content/uploads/2021/basford-brands/MK-MONT180221GR-1.jpg
06-17-2021 @ 17:23:24 - Attachment ID:445922
06-17-2021 @ 17:23:24 - Row :54 - Product updated successfully.
06-17-2021 @ 17:23:24 - Row :55 - Parsing item.
06-17-2021 @ 17:23:24 - Row :55 - Processing item.
06-17-2021 @ 17:23:24 - Found simple product object. ID:446016
06-17-2021 @ 17:23:24 - Setting Featured Image. URL:https://inspiry.co.nz/wp-content/uploads/2021/basford-brands/MK-MONT180221WH.jpg
06-17-2021 @ 17:23:24 - Attachment ID:445842
06-17-2021 @ 17:23:24 - Setting Gallery Images.
06-17-2021 @ 17:23:24 - Image URL:https://inspiry.co.nz/wp-content/uploads/2021/basford-brands/MK-MONT180221WH-1.jpg
06-17-2021 @ 17:23:25 - Attachment ID:445923
06-17-2021 @ 17:23:25 - Row :55 - Product updated successfully.
06-17-2021 @ 17:23:25 - Row :56 - Parsing item.
06-17-2021 @ 17:23:25 - Row :56 - Processing item.
06-17-2021 @ 17:23:25 - Found simple product object. ID:446017
06-17-2021 @ 17:23:25 - Setting Featured Image. URL:https://inspiry.co.nz/wp-content/uploads/2021/basford-brands/MK-UMB-140221BL.jpg
06-17-2021 @ 17:23:26 - URL:https://inspiry.co.nz/wp-content/uploads/2021/basford-brands/MK-UMB-140221BL.jpg Reason:Error getting remote image https://inspiry.co.nz/wp-content/uploads/2021/basford-brands/MK-UMB-140221BL.jpg. Error: Not Found
06-17-2021 @ 17:23:26 - Setting Gallery Images.
06-17-2021 @ 17:23:26 - Image URL:https://inspiry.co.nz/wp-content/uploads/2021/basford-brands/MK-UMB-140221BL-1.jpg
06-17-2021 @ 17:23:26 - Attachment ID:445924
06-17-2021 @ 17:23:27 - Row :56 - Product updated successfully.
06-17-2021 @ 17:23:27 - Row :57 - Parsing item.
06-17-2021 @ 17:23:27 - Row :57 - Processing item.
06-17-2021 @ 17:23:27 - Found simple product object. ID:446018
06-17-2021 @ 17:23:27 - Setting Featured Image. URL:https://inspiry.co.nz/wp-content/uploads/2021/basford-brands/MK-UMB-140221ST.jpg
06-17-2021 @ 17:23:28 - URL:https://inspiry.co.nz/wp-content/uploads/2021/basford-brands/MK-UMB-140221ST.jpg Reason:Error getting remote image https://inspiry.co.nz/wp-content/uploads/2021/basford-brands/MK-UMB-140221ST.jpg. Error: Not Found
06-17-2021 @ 17:23:28 - Setting Gallery Images.
06-17-2021 @ 17:23:28 - Image URL:https://inspiry.co.nz/wp-content/uploads/2021/basford-brands/MK-UMB-140221ST-1.jpg
06-17-2021 @ 17:23:28 - Attachment ID:445925
06-17-2021 @ 17:23:28 - Row :57 - Product updated successfully.
06-17-2021 @ 17:23:28 - Row :58 - Parsing item.
06-17-2021 @ 17:23:28 - Row :58 - Processing item.
06-17-2021 @ 17:23:28 - Found simple product object. ID:446019
06-17-2021 @ 17:23:28 - Setting Featured Image. URL:https://inspiry.co.nz/wp-content/uploads/2021/basford-brands/MK-UMB-140221TR.jpg
06-17-2021 @ 17:23:29 - URL:https://inspiry.co.nz/wp-content/uploads/2021/basford-brands/MK-UMB-140221TR.jpg Reason:Error getting remote image https://inspiry.co.nz/wp-content/uploads/2021/basford-brands/MK-UMB-140221TR.jpg. Error: Not Found
06-17-2021 @ 17:23:29 - Setting Gallery Images.
06-17-2021 @ 17:23:29 - Image URL:https://inspiry.co.nz/wp-content/uploads/2021/basford-brands/MK-UMB-140221TR-1.jpg
06-17-2021 @ 17:23:29 - Attachment ID:445926
06-17-2021 @ 17:23:30 - Row :58 - Product updated successfully.
06-17-2021 @ 17:23:30 - Row :59 - Parsing item.
06-17-2021 @ 17:23:30 - Row :59 - Processing item.
06-17-2021 @ 17:23:30 - Found simple product object. ID:446020
06-17-2021 @ 17:23:30 - Setting Featured Image. URL:https://inspiry.co.nz/wp-content/uploads/2021/basford-brands/MK-CATE-135221AS.jpg
06-17-2021 @ 17:23:31 - URL:https://inspiry.co.nz/wp-content/uploads/2021/basford-brands/MK-CATE-135221AS.jpg Reason:Error getting remote image https://inspiry.co.nz/wp-content/uploads/2021/basford-brands/MK-CATE-135221AS.jpg. Error: Not Found
06-17-2021 @ 17:23:31 - Setting Gallery Images.
06-17-2021 @ 17:23:31 - Image URL:https://inspiry.co.nz/wp-content/uploads/2021/basford-brands/MK-CATE-135221AS-1.jpg
06-17-2021 @ 17:23:31 - Attachment ID:445927
06-17-2021 @ 17:23:31 - Row :59 - Product updated successfully.
06-17-2021 @ 17:23:31 - Row :60 - Parsing item.
06-17-2021 @ 17:23:31 - Row :60 - Processing item.
06-17-2021 @ 17:23:31 - Found simple product object. ID:446021
06-17-2021 @ 17:23:31 - Setting Featured Image. URL:https://inspiry.co.nz/wp-content/uploads/2021/basford-brands/MK-CATE-135221CH.jpg
06-17-2021 @ 17:23:32 - URL:https://inspiry.co.nz/wp-content/uploads/2021/basford-brands/MK-CATE-135221CH.jpg Reason:Error getting remote image https://inspiry.co.nz/wp-content/uploads/2021/basford-brands/MK-CATE-135221CH.jpg. Error: Not Found
06-17-2021 @ 17:23:32 - Setting Gallery Images.
06-17-2021 @ 17:23:32 - Image URL:https://inspiry.co.nz/wp-content/uploads/2021/basford-brands/MK-CATE-135221CH-1.jpg
06-17-2021 @ 17:23:33 - Attachment ID:445928
06-17-2021 @ 17:23:33 - Row :60 - Product updated successfully.
06-17-2021 @ 17:23:34 - Preparing for import.
06-17-2021 @ 17:23:34 - Row :61 - Parsing item.
06-17-2021 @ 17:23:34 - Row :61 - Processing item.
06-17-2021 @ 17:23:34 - Found simple product object. ID:446022
06-17-2021 @ 17:23:34 - Setting Featured Image. URL:https://inspiry.co.nz/wp-content/uploads/2021/basford-brands/MK-CATE-135221LI.jpg
06-17-2021 @ 17:23:35 - URL:https://inspiry.co.nz/wp-content/uploads/2021/basford-brands/MK-CATE-135221LI.jpg Reason:Error getting remote image https://inspiry.co.nz/wp-content/uploads/2021/basford-brands/MK-CATE-135221LI.jpg. Error: Not Found
06-17-2021 @ 17:23:35 - Setting Gallery Images.
06-17-2021 @ 17:23:35 - Image URL:https://inspiry.co.nz/wp-content/uploads/2021/basford-brands/MK-CATE-135221LI-1.jpg
06-17-2021 @ 17:23:35 - Attachment ID:445929
06-17-2021 @ 17:23:36 - Row :61 - Product updated successfully.
06-17-2021 @ 17:23:36 - Row :62 - Parsing item.
06-17-2021 @ 17:23:36 - Row :62 - Processing item.
06-17-2021 @ 17:23:36 - Found simple product object. ID:446023
06-17-2021 @ 17:23:36 - Setting Featured Image. URL:https://inspiry.co.nz/wp-content/uploads/2021/basford-brands/MK-MON-180221AS.jpg
06-17-2021 @ 17:23:37 - URL:https://inspiry.co.nz/wp-content/uploads/2021/basford-brands/MK-MON-180221AS.jpg Reason:Error getting remote image https://inspiry.co.nz/wp-content/uploads/2021/basford-brands/MK-MON-180221AS.jpg. Error: Not Found
06-17-2021 @ 17:23:37 - Setting Gallery Images.
06-17-2021 @ 17:23:37 - Image URL:https://inspiry.co.nz/wp-content/uploads/2021/basford-brands/MK-MON-180221AS-1.jpg
06-17-2021 @ 17:23:37 - Attachment ID:445930
06-17-2021 @ 17:23:37 - Row :62 - Product updated successfully.
06-17-2021 @ 17:23:37 - Row :63 - Parsing item.
06-17-2021 @ 17:23:37 - Row :63 - Processing item.
06-17-2021 @ 17:23:37 - Found simple product object. ID:446024
06-17-2021 @ 17:23:37 - Setting Featured Image. URL:https://inspiry.co.nz/wp-content/uploads/2021/basford-brands/MK-MON-180221GR.jpg
06-17-2021 @ 17:23:38 - URL:https://inspiry.co.nz/wp-content/uploads/2021/basford-brands/MK-MON-180221GR.jpg Reason:Error getting remote image https://inspiry.co.nz/wp-content/uploads/2021/basford-brands/MK-MON-180221GR.jpg. Error: Not Found
06-17-2021 @ 17:23:38 - Setting Gallery Images.
06-17-2021 @ 17:23:38 - Image URL:https://inspiry.co.nz/wp-content/uploads/2021/basford-brands/MK-MON-180221GR-1.jpg
06-17-2021 @ 17:23:39 - Attachment ID:445931
06-17-2021 @ 17:23:39 - Row :63 - Product updated successfully.
06-17-2021 @ 17:23:39 - Row :64 - Parsing item.
06-17-2021 @ 17:23:39 - Row :64 - Processing item.
06-17-2021 @ 17:23:39 - Found simple product object. ID:446025
06-17-2021 @ 17:23:39 - Setting Featured Image. URL:https://inspiry.co.nz/wp-content/uploads/2021/basford-brands/MK-MON-180221WH.jpg
06-17-2021 @ 17:23:40 - URL:https://inspiry.co.nz/wp-content/uploads/2021/basford-brands/MK-MON-180221WH.jpg Reason:Error getting remote image https://inspiry.co.nz/wp-content/uploads/2021/basford-brands/MK-MON-180221WH.jpg. Error: Not Found
06-17-2021 @ 17:23:40 - Setting Gallery Images.
06-17-2021 @ 17:23:40 - Image URL:https://inspiry.co.nz/wp-content/uploads/2021/basford-brands/MK-MON-180221WH-1.jpg
06-17-2021 @ 17:23:40 - Attachment ID:445932
06-17-2021 @ 17:23:40 - Row :64 - Product updated successfully.
06-17-2021 @ 17:23:40 - Row :65 - Parsing item.
06-17-2021 @ 17:23:40 - Row :65 - Processing item.
06-17-2021 @ 17:23:40 - Found simple product object. ID:446026
06-17-2021 @ 17:23:40 - Setting Featured Image. URL:https://inspiry.co.nz/wp-content/uploads/2021/basford-brands/MK-MYK-180221AS.jpg
06-17-2021 @ 17:23:41 - URL:https://inspiry.co.nz/wp-content/uploads/2021/basford-brands/MK-MYK-180221AS.jpg Reason:Error getting remote image https://inspiry.co.nz/wp-content/uploads/2021/basford-brands/MK-MYK-180221AS.jpg. Error: Not Found
06-17-2021 @ 17:23:41 - Setting Gallery Images.
06-17-2021 @ 17:23:41 - Image URL:https://inspiry.co.nz/wp-content/uploads/2021/basford-brands/MK-MYK-180221AS-1.jpg
06-17-2021 @ 17:23:41 - Attachment ID:445933
06-17-2021 @ 17:23:42 - Row :65 - Product updated successfully.
06-17-2021 @ 17:23:42 - Row :66 - Parsing item.
06-17-2021 @ 17:23:42 - Row :66 - Processing item.
06-17-2021 @ 17:23:42 - Found simple product object. ID:446027
06-17-2021 @ 17:23:42 - Setting Featured Image. URL:https://inspiry.co.nz/wp-content/uploads/2021/basford-brands/MK-MYK-180221DU.jpg
06-17-2021 @ 17:23:43 - URL:https://inspiry.co.nz/wp-content/uploads/2021/basford-brands/MK-MYK-180221DU.jpg Reason:Error getting remote image https://inspiry.co.nz/wp-content/uploads/2021/basford-brands/MK-MYK-180221DU.jpg. Error: Not Found
06-17-2021 @ 17:23:43 - Setting Gallery Images.
06-17-2021 @ 17:23:43 - Image URL:https://inspiry.co.nz/wp-content/uploads/2021/basford-brands/MK-MYK-180221DU-1.jpg
06-17-2021 @ 17:23:43 - Attachment ID:445934
06-17-2021 @ 17:23:43 - Row :66 - Product updated successfully.
06-17-2021 @ 17:23:43 - Row :67 - Parsing item.
06-17-2021 @ 17:23:43 - Row :67 - Processing item.
06-17-2021 @ 17:23:43 - Found simple product object. ID:446028
06-17-2021 @ 17:23:43 - Setting Featured Image. URL:https://inspiry.co.nz/wp-content/uploads/2021/basford-brands/MK-MYK-180221IC.jpg
06-17-2021 @ 17:23:44 - URL:https://inspiry.co.nz/wp-content/uploads/2021/basford-brands/MK-MYK-180221IC.jpg Reason:Error getting remote image https://inspiry.co.nz/wp-content/uploads/2021/basford-brands/MK-MYK-180221IC.jpg. Error: Not Found
06-17-2021 @ 17:23:44 - Setting Gallery Images.
06-17-2021 @ 17:23:44 - Image URL:https://inspiry.co.nz/wp-content/uploads/2021/basford-brands/MK-MYK-180221IC-1.jpg
06-17-2021 @ 17:23:44 - Attachment ID:445935
06-17-2021 @ 17:23:45 - Row :67 - Product updated successfully.
06-17-2021 @ 17:23:45 - Row :68 - Parsing item.
06-17-2021 @ 17:23:45 - Row :68 - Processing item.
06-17-2021 @ 17:23:45 - Found simple product object. ID:446029
06-17-2021 @ 17:23:45 - Setting Featured Image. URL:https://inspiry.co.nz/wp-content/uploads/2021/basford-brands/MK-MYK-180221SN.jpg
06-17-2021 @ 17:23:46 - URL:https://inspiry.co.nz/wp-content/uploads/2021/basford-brands/MK-MYK-180221SN.jpg Reason:Error getting remote image https://inspiry.co.nz/wp-content/uploads/2021/basford-brands/MK-MYK-180221SN.jpg. Error: Not Found
06-17-2021 @ 17:23:46 - Setting Gallery Images.
06-17-2021 @ 17:23:46 - Image URL:https://inspiry.co.nz/wp-content/uploads/2021/basford-brands/MK-MYK-180221SN-1.jpg
06-17-2021 @ 17:23:46 - Attachment ID:445936
06-17-2021 @ 17:23:46 - Row :68 - Product updated successfully.
06-17-2021 @ 17:23:46 - Row :69 - Parsing item.
06-17-2021 @ 17:23:46 - Row :69 - Processing item.
06-17-2021 @ 17:23:46 - Found simple product object. ID:446030
06-17-2021 @ 17:23:46 - Setting Featured Image. URL:https://inspiry.co.nz/wp-content/uploads/2021/basford-brands/MK-SANT180221AS.jpg
06-17-2021 @ 17:23:47 - Attachment ID:445843
06-17-2021 @ 17:23:47 - Setting Gallery Images.
06-17-2021 @ 17:23:47 - Image URL:https://inspiry.co.nz/wp-content/uploads/2021/basford-brands/MK-SANT180221AS-1.jpg
06-17-2021 @ 17:23:47 - Attachment ID:445937
06-17-2021 @ 17:23:47 - Row :69 - Product updated successfully.
06-17-2021 @ 17:23:47 - Row :70 - Parsing item.
06-17-2021 @ 17:23:47 - Row :70 - Processing item.
06-17-2021 @ 17:23:47 - Found simple product object. ID:446031
06-17-2021 @ 17:23:47 - Setting Featured Image. URL:https://inspiry.co.nz/wp-content/uploads/2021/basford-brands/MK-SANT180221DU.jpg
06-17-2021 @ 17:23:47 - Attachment ID:445844
06-17-2021 @ 17:23:47 - Setting Gallery Images.
06-17-2021 @ 17:23:47 - Image URL:https://inspiry.co.nz/wp-content/uploads/2021/basford-brands/MK-SANT180221DU-1.jpg
06-17-2021 @ 17:23:47 - Attachment ID:445938
06-17-2021 @ 17:23:48 - Row :70 - Product updated successfully.
06-17-2021 @ 17:23:49 - Preparing for import.
06-17-2021 @ 17:23:49 - Row :71 - Parsing item.
06-17-2021 @ 17:23:50 - Row :71 - Processing item.
06-17-2021 @ 17:23:50 - Found simple product object. ID:446032
06-17-2021 @ 17:23:50 - Setting Featured Image. URL:https://inspiry.co.nz/wp-content/uploads/2021/basford-brands/MK-SANT180221IC.jpg
06-17-2021 @ 17:23:50 - URL:https://inspiry.co.nz/wp-content/uploads/2021/basford-brands/MK-SANT180221IC.jpg Reason:Error getting remote image https://inspiry.co.nz/wp-content/uploads/2021/basford-brands/MK-SANT180221IC.jpg. Error: Not Found
06-17-2021 @ 17:23:50 - Setting Gallery Images.
06-17-2021 @ 17:23:50 - Image URL:https://inspiry.co.nz/wp-content/uploads/2021/basford-brands/MK-SANT180221IC-1.jpg
06-17-2021 @ 17:23:51 - URL:https://inspiry.co.nz/wp-content/uploads/2021/basford-brands/MK-SANT180221IC-1.jpg Reason:Error getting remote image https://inspiry.co.nz/wp-content/uploads/2021/basford-brands/MK-SANT180221IC-1.jpg. Error: Not Found
06-17-2021 @ 17:23:52 - Row :71 - Product updated successfully.
06-17-2021 @ 17:23:52 - Row :72 - Parsing item.
06-17-2021 @ 17:23:52 - Row :72 - Processing item.
06-17-2021 @ 17:23:52 - Found simple product object. ID:446033
06-17-2021 @ 17:23:52 - Setting Featured Image. URL:https://inspiry.co.nz/wp-content/uploads/2021/basford-brands/MK-SANT180221SN.jpg
06-17-2021 @ 17:23:52 - Attachment ID:445845
06-17-2021 @ 17:23:52 - Setting Gallery Images.
06-17-2021 @ 17:23:52 - Image URL:https://inspiry.co.nz/wp-content/uploads/2021/basford-brands/MK-SANT180221SN-1.jpg
06-17-2021 @ 17:23:52 - Attachment ID:445939
06-17-2021 @ 17:23:52 - Row :72 - Product updated successfully.
06-17-2021 @ 17:23:52 - Row :73 - Parsing item.
06-17-2021 @ 17:23:52 - Row :73 - Processing item.
06-17-2021 @ 17:23:52 - Found simple product object. ID:446034
06-17-2021 @ 17:23:52 - Setting Featured Image. URL:https://inspiry.co.nz/wp-content/uploads/2021/basford-brands/MK-ATRI060210BL.jpg
06-17-2021 @ 17:23:53 - Attachment ID:445846
06-17-2021 @ 17:23:53 - Setting Gallery Images.
06-17-2021 @ 17:23:53 - Image URL:https://inspiry.co.nz/wp-content/uploads/2021/basford-brands/MK-ATRI060210BL-1.jpg
06-17-2021 @ 17:23:53 - Attachment ID:445940
06-17-2021 @ 17:23:53 - Row :73 - Product updated successfully.
06-17-2021 @ 17:23:53 - Row :74 - Parsing item.
06-17-2021 @ 17:23:53 - Row :74 - Processing item.
06-17-2021 @ 17:23:53 - Found simple product object. ID:446035
06-17-2021 @ 17:23:53 - Setting Featured Image. URL:https://inspiry.co.nz/wp-content/uploads/2021/basford-brands/MK-ATRI060210NS.jpg
06-17-2021 @ 17:23:53 - Attachment ID:445847
06-17-2021 @ 17:23:53 - Setting Gallery Images.
06-17-2021 @ 17:23:53 - Image URL:https://inspiry.co.nz/wp-content/uploads/2021/basford-brands/MK-ATRI060210NS-1.jpg
06-17-2021 @ 17:23:53 - Attachment ID:445941
06-17-2021 @ 17:23:54 - Row :74 - Product updated successfully.
06-17-2021 @ 17:23:54 - Row :75 - Parsing item.
06-17-2021 @ 17:23:54 - Row :75 - Processing item.
06-17-2021 @ 17:23:54 - Found simple product object. ID:446036
06-17-2021 @ 17:23:54 - Setting Featured Image. URL:https://inspiry.co.nz/wp-content/uploads/2021/basford-brands/MK-ATRI060210SI.jpg
06-17-2021 @ 17:23:54 - Attachment ID:445848
06-17-2021 @ 17:23:54 - Setting Gallery Images.
06-17-2021 @ 17:23:54 - Image URL:https://inspiry.co.nz/wp-content/uploads/2021/basford-brands/MK-ATRI060210SI-1.jpg
06-17-2021 @ 17:23:54 - Attachment ID:445942
06-17-2021 @ 17:23:54 - Row :75 - Product updated successfully.
06-17-2021 @ 17:23:54 - Row :76 - Parsing item.
06-17-2021 @ 17:23:54 - Row :76 - Processing item.
06-17-2021 @ 17:23:54 - Found simple product object. ID:446037
06-17-2021 @ 17:23:54 - Setting Featured Image. URL:https://inspiry.co.nz/wp-content/uploads/2021/basford-brands/MK-ATRI060210WH.jpg
06-17-2021 @ 17:23:54 - Attachment ID:445849
06-17-2021 @ 17:23:54 - Setting Gallery Images.
06-17-2021 @ 17:23:54 - Image URL:https://inspiry.co.nz/wp-content/uploads/2021/basford-brands/MK-ATRI060210WH-1.jpg
06-17-2021 @ 17:23:55 - Attachment ID:445943
06-17-2021 @ 17:23:55 - Row :76 - Product updated successfully.
06-17-2021 @ 17:23:55 - Row :77 - Parsing item.
06-17-2021 @ 17:23:55 - Row :77 - Processing item.
06-17-2021 @ 17:23:55 - Found simple product object. ID:446038
06-17-2021 @ 17:23:55 - Setting Featured Image. URL:https://inspiry.co.nz/wp-content/uploads/2021/basford-brands/MK-CATO-210220AS.jpg
06-17-2021 @ 17:23:55 - Attachment ID:445850
06-17-2021 @ 17:23:55 - Setting Gallery Images.
06-17-2021 @ 17:23:55 - Image URL:https://inspiry.co.nz/wp-content/uploads/2021/basford-brands/MK-CATO-210220AS-1.jpg
06-17-2021 @ 17:23:55 - Attachment ID:445944
06-17-2021 @ 17:23:56 - Row :77 - Product updated successfully.
06-17-2021 @ 17:23:56 - Row :78 - Parsing item.
06-17-2021 @ 17:23:56 - Row :78 - Processing item.
06-17-2021 @ 17:23:56 - Found simple product object. ID:446039
06-17-2021 @ 17:23:56 - Setting Featured Image. URL:https://inspiry.co.nz/wp-content/uploads/2021/basford-brands/MK-CATO-210220CH.jpg
06-17-2021 @ 17:23:56 - Attachment ID:445851
06-17-2021 @ 17:23:56 - Setting Gallery Images.
06-17-2021 @ 17:23:56 - Image URL:https://inspiry.co.nz/wp-content/uploads/2021/basford-brands/MK-CATO-210220CH-1.jpg
06-17-2021 @ 17:23:56 - Attachment ID:445945
06-17-2021 @ 17:23:56 - Row :78 - Product updated successfully.
06-17-2021 @ 17:23:56 - Row :79 - Parsing item.
06-17-2021 @ 17:23:56 - Row :79 - Processing item.
06-17-2021 @ 17:23:56 - Found simple product object. ID:446040
06-17-2021 @ 17:23:56 - Setting Featured Image. URL:https://inspiry.co.nz/wp-content/uploads/2021/basford-brands/MK-CATO-210220LI.jpg
06-17-2021 @ 17:23:56 - Attachment ID:445852
06-17-2021 @ 17:23:56 - Setting Gallery Images.
06-17-2021 @ 17:23:56 - Image URL:https://inspiry.co.nz/wp-content/uploads/2021/basford-brands/MK-CATO-210220LI-1.jpg
06-17-2021 @ 17:23:56 - Attachment ID:445946
06-17-2021 @ 17:23:57 - Row :79 - Product updated successfully.
06-17-2021 @ 17:23:57 - Row :80 - Parsing item.
06-17-2021 @ 17:23:57 - Row :80 - Processing item.
06-17-2021 @ 17:23:57 - Found simple product object. ID:446041
06-17-2021 @ 17:23:57 - Setting Featured Image. URL:https://inspiry.co.nz/wp-content/uploads/2021/basford-brands/MK-VIS060240BL.jpg
06-17-2021 @ 17:23:57 - Attachment ID:445853
06-17-2021 @ 17:23:57 - Setting Gallery Images.
06-17-2021 @ 17:23:57 - Image URL:https://inspiry.co.nz/wp-content/uploads/2021/basford-brands/MK-VIS060240BL-1.jpg
06-17-2021 @ 17:23:57 - Attachment ID:445947
06-17-2021 @ 17:23:57 - Row :80 - Product updated successfully.
06-17-2021 @ 17:23:59 - Preparing for import.
06-17-2021 @ 17:23:59 - Row :81 - Parsing item.
06-17-2021 @ 17:23:59 - Row :81 - Processing item.
06-17-2021 @ 17:23:59 - Found simple product object. ID:446042
06-17-2021 @ 17:23:59 - Setting Featured Image. URL:https://inspiry.co.nz/wp-content/uploads/2021/basford-brands/MK-VIS060240SI.jpg
06-17-2021 @ 17:24:00 - Attachment ID:445854
06-17-2021 @ 17:24:00 - Setting Gallery Images.
06-17-2021 @ 17:24:00 - Image URL:https://inspiry.co.nz/wp-content/uploads/2021/basford-brands/MK-VIS060240SI-1.jpg
06-17-2021 @ 17:24:00 - Attachment ID:445948
06-17-2021 @ 17:24:00 - Row :81 - Product updated successfully.
06-17-2021 @ 17:24:00 - Row :82 - Parsing item.
06-17-2021 @ 17:24:00 - Row :82 - Processing item.
06-17-2021 @ 17:24:00 - Found simple product object. ID:446043
06-17-2021 @ 17:24:00 - Setting Featured Image. URL:https://inspiry.co.nz/wp-content/uploads/2021/basford-brands/MK-VIS060240ST.jpg
06-17-2021 @ 17:24:00 - Attachment ID:445855
06-17-2021 @ 17:24:00 - Setting Gallery Images.
06-17-2021 @ 17:24:00 - Image URL:https://inspiry.co.nz/wp-content/uploads/2021/basford-brands/MK-VIS060240ST-1.jpg
06-17-2021 @ 17:24:00 - Attachment ID:445949
06-17-2021 @ 17:24:01 - Row :82 - Product updated successfully.
06-17-2021 @ 17:24:01 - Row :83 - Parsing item.
06-17-2021 @ 17:24:01 - Row :83 - Processing item.
06-17-2021 @ 17:24:01 - Found simple product object. ID:446044
06-17-2021 @ 17:24:01 - Setting Featured Image. URL:https://inspiry.co.nz/wp-content/uploads/2021/basford-brands/MK-VIS060240WH.jpg
06-17-2021 @ 17:24:01 - Attachment ID:445856
06-17-2021 @ 17:24:01 - Setting Gallery Images.
06-17-2021 @ 17:24:01 - Image URL:https://inspiry.co.nz/wp-content/uploads/2021/basford-brands/MK-VIS060240WH-1.jpg
06-17-2021 @ 17:24:01 - Attachment ID:445950
06-17-2021 @ 17:24:02 - Row :83 - Product updated successfully.
06-17-2021 @ 17:24:02 - Row :84 - Parsing item.
06-17-2021 @ 17:24:02 - Row :84 - Processing item.
06-17-2021 @ 17:24:02 - Found simple product object. ID:446045
06-17-2021 @ 17:24:02 - Setting Featured Image. URL:https://inspiry.co.nz/wp-content/uploads/2021/basford-brands/MK-PILB-300LI.jpg
06-17-2021 @ 17:24:02 - Attachment ID:445857
06-17-2021 @ 17:24:02 - Setting Gallery Images.
06-17-2021 @ 17:24:02 - Image URL:https://inspiry.co.nz/wp-content/uploads/2021/basford-brands/MK-PILB-300LI-1.jpg
06-17-2021 @ 17:24:03 - Attachment ID:445951
06-17-2021 @ 17:24:03 - Row :84 - Product updated successfully.
06-17-2021 @ 17:24:03 - Row :85 - Parsing item.
06-17-2021 @ 17:24:03 - Row :85 - Processing item.
06-17-2021 @ 17:24:03 - Found simple product object. ID:446046
06-17-2021 @ 17:24:03 - Setting Featured Image. URL:https://inspiry.co.nz/wp-content/uploads/2021/basford-brands/MK-PILB-300MA.jpg
06-17-2021 @ 17:24:04 - Attachment ID:445858
06-17-2021 @ 17:24:04 - Setting Gallery Images.
06-17-2021 @ 17:24:04 - Image URL:https://inspiry.co.nz/wp-content/uploads/2021/basford-brands/MK-PILB-300MA-1.jpg
06-17-2021 @ 17:24:05 - Attachment ID:445952
06-17-2021 @ 17:24:05 - Row :85 - Product updated successfully.
06-17-2021 @ 17:24:05 - Row :86 - Parsing item.
06-17-2021 @ 17:24:05 - Row :86 - Processing item.
06-17-2021 @ 17:24:05 - Found simple product object. ID:446047
06-17-2021 @ 17:24:06 - Setting Featured Image. URL:https://inspiry.co.nz/wp-content/uploads/2021/basford-brands/MK-PILB-300PE.jpg
06-17-2021 @ 17:24:06 - Attachment ID:445859
06-17-2021 @ 17:24:06 - Setting Gallery Images.
06-17-2021 @ 17:24:06 - Image URL:https://inspiry.co.nz/wp-content/uploads/2021/basford-brands/MK-PILB-300PE-1.jpg
06-17-2021 @ 17:24:07 - Attachment ID:445953
06-17-2021 @ 17:24:07 - Row :86 - Product updated successfully.
06-17-2021 @ 17:24:07 - Row :87 - Parsing item.
06-17-2021 @ 17:24:07 - Row :87 - Processing item.
06-17-2021 @ 17:24:07 - Found simple product object. ID:446048
06-17-2021 @ 17:24:07 - Setting Featured Image. URL:https://inspiry.co.nz/wp-content/uploads/2021/basford-brands/MK-PILB-300QU.jpg
06-17-2021 @ 17:24:08 - Attachment ID:445860
06-17-2021 @ 17:24:08 - Setting Gallery Images.
06-17-2021 @ 17:24:08 - Image URL:https://inspiry.co.nz/wp-content/uploads/2021/basford-brands/MK-PILB-300QU-1.jpg
06-17-2021 @ 17:24:08 - Attachment ID:445954
06-17-2021 @ 17:24:09 - Row :87 - Product updated successfully.
06-17-2021 @ 17:24:09 - Row :88 - Parsing item.
06-17-2021 @ 17:24:09 - Row :88 - Processing item.
06-17-2021 @ 17:24:09 - Found simple product object. ID:446049
06-17-2021 @ 17:24:09 - Setting Featured Image. URL:https://inspiry.co.nz/wp-content/uploads/2021/basford-brands/MK-PILB-300ST.jpg
06-17-2021 @ 17:24:09 - Attachment ID:445861
06-17-2021 @ 17:24:09 - Setting Gallery Images.
06-17-2021 @ 17:24:09 - Image URL:https://inspiry.co.nz/wp-content/uploads/2021/basford-brands/MK-PILB-300ST-1.jpg
06-17-2021 @ 17:24:10 - Attachment ID:445955
06-17-2021 @ 17:24:10 - Row :88 - Product updated successfully.
06-17-2021 @ 17:24:10 - Row :89 - Parsing item.
06-17-2021 @ 17:24:10 - Row :89 - Processing item.
06-17-2021 @ 17:24:10 - Found simple product object. ID:446050
06-17-2021 @ 17:24:10 - Setting Featured Image. URL:https://inspiry.co.nz/wp-content/uploads/2021/basford-brands/MK-PILB-300TA.jpg
06-17-2021 @ 17:24:10 - Attachment ID:445862
06-17-2021 @ 17:24:10 - Setting Gallery Images.
06-17-2021 @ 17:24:10 - Image URL:https://inspiry.co.nz/wp-content/uploads/2021/basford-brands/MK-PILB-300TA-1.jpg
06-17-2021 @ 17:24:11 - Attachment ID:445956
06-17-2021 @ 17:24:11 - Row :89 - Product updated successfully.
06-17-2021 @ 17:24:11 - Row :90 - Parsing item.
06-17-2021 @ 17:24:11 - Row :90 - Processing item.
06-17-2021 @ 17:24:11 - Found simple product object. ID:446051
06-17-2021 @ 17:24:11 - Setting Featured Image. URL:https://inspiry.co.nz/wp-content/uploads/2021/basford-brands/MK-PILB-300GR.jpg
06-17-2021 @ 17:24:11 - Attachment ID:445863
06-17-2021 @ 17:24:11 - Setting Gallery Images.
06-17-2021 @ 17:24:11 - Image URL:https://inspiry.co.nz/wp-content/uploads/2021/basford-brands/MK-PILB-300GR-1.jpg
06-17-2021 @ 17:24:12 - Attachment ID:445957
06-17-2021 @ 17:24:12 - Row :90 - Product updated successfully.
06-17-2021 @ 17:24:14 - Preparing for import.
06-17-2021 @ 17:24:14 - Row :91 - Parsing item.
06-17-2021 @ 17:24:14 - Row :91 - Processing item.
06-17-2021 @ 17:24:14 - Found simple product object. ID:446052
06-17-2021 @ 17:24:14 - Setting Featured Image. URL:https://inspiry.co.nz/wp-content/uploads/2021/basford-brands/MK-PILB-300PA.jpg
06-17-2021 @ 17:24:14 - Attachment ID:445864
06-17-2021 @ 17:24:14 - Setting Gallery Images.
06-17-2021 @ 17:24:14 - Image URL:https://inspiry.co.nz/wp-content/uploads/2021/basford-brands/MK-PILB-300PA-1.jpg
06-17-2021 @ 17:24:14 - Attachment ID:445958
06-17-2021 @ 17:24:15 - Row :91 - Product updated successfully.
06-17-2021 @ 17:24:15 - Row :92 - Parsing item.
06-17-2021 @ 17:24:15 - Row :92 - Processing item.
06-17-2021 @ 17:24:15 - Found simple product object. ID:446053
06-17-2021 @ 17:24:15 - Setting Featured Image. URL:https://inspiry.co.nz/wp-content/uploads/2021/basford-brands/MK-PILB-300BR.jpg
06-17-2021 @ 17:24:16 - URL:https://inspiry.co.nz/wp-content/uploads/2021/basford-brands/MK-PILB-300BR.jpg Reason:Error getting remote image https://inspiry.co.nz/wp-content/uploads/2021/basford-brands/MK-PILB-300BR.jpg. Error: Not Found
06-17-2021 @ 17:24:16 - Setting Gallery Images.
06-17-2021 @ 17:24:16 - Image URL:https://inspiry.co.nz/wp-content/uploads/2021/basford-brands/MK-PILB-300BR-1.jpg
06-17-2021 @ 17:24:17 - URL:https://inspiry.co.nz/wp-content/uploads/2021/basford-brands/MK-PILB-300BR-1.jpg Reason:Error getting remote image https://inspiry.co.nz/wp-content/uploads/2021/basford-brands/MK-PILB-300BR-1.jpg. Error: Not Found
06-17-2021 @ 17:24:18 - Row :92 - Product updated successfully.
06-17-2021 @ 17:24:18 - Row :93 - Parsing item.
06-17-2021 @ 17:24:18 - Row :93 - Processing item.
06-17-2021 @ 17:24:18 - Found simple product object. ID:446054
06-17-2021 @ 17:24:18 - Setting Featured Image. URL:https://inspiry.co.nz/wp-content/uploads/2021/basford-brands/MK-PILB-300VO.jpg
06-17-2021 @ 17:24:18 - Attachment ID:445865
06-17-2021 @ 17:24:18 - Setting Gallery Images.
06-17-2021 @ 17:24:18 - Image URL:https://inspiry.co.nz/wp-content/uploads/2021/basford-brands/MK-PILB-300VO-1.jpg
06-17-2021 @ 17:24:18 - Attachment ID:445959
06-17-2021 @ 17:24:19 - Row :93 - Product updated successfully.
06-17-2021 @ 17:24:19 - Row :94 - Parsing item.
06-17-2021 @ 17:24:19 - Row :94 - Processing item.
06-17-2021 @ 17:24:19 - Found simple product object. ID:446055
06-17-2021 @ 17:24:19 - Setting Featured Image. URL:https://inspiry.co.nz/wp-content/uploads/2021/basford-brands/MK-PILB-300FL.jpg
06-17-2021 @ 17:24:20 - URL:https://inspiry.co.nz/wp-content/uploads/2021/basford-brands/MK-PILB-300FL.jpg Reason:Error getting remote image https://inspiry.co.nz/wp-content/uploads/2021/basford-brands/MK-PILB-300FL.jpg. Error: Not Found
06-17-2021 @ 17:24:20 - Setting Gallery Images.
06-17-2021 @ 17:24:20 - Image URL:https://inspiry.co.nz/wp-content/uploads/2021/basford-brands/MK-PILB-300FL-1.jpg
06-17-2021 @ 17:24:21 - URL:https://inspiry.co.nz/wp-content/uploads/2021/basford-brands/MK-PILB-300FL-1.jpg Reason:Error getting remote image https://inspiry.co.nz/wp-content/uploads/2021/basford-brands/MK-PILB-300FL-1.jpg. Error: Not Found
06-17-2021 @ 17:24:21 - Row :94 - Product updated successfully.
06-17-2021 @ 17:24:21 - Row :95 - Parsing item.
06-17-2021 @ 17:24:21 - Row :95 - Processing item.
06-17-2021 @ 17:24:22 - Found simple product object. ID:446056
06-17-2021 @ 17:24:22 - Setting Featured Image. URL:https://inspiry.co.nz/wp-content/uploads/2021/basford-brands/MK-PILB-300IC.jpg
06-17-2021 @ 17:24:22 - Attachment ID:445866
06-17-2021 @ 17:24:22 - Setting Gallery Images.
06-17-2021 @ 17:24:22 - Image URL:https://inspiry.co.nz/wp-content/uploads/2021/basford-brands/MK-PILB-300IC-1.jpg
06-17-2021 @ 17:24:22 - Attachment ID:445960
06-17-2021 @ 17:24:23 - Row :95 - Product updated successfully.
06-17-2021 @ 17:24:23 - ---[ Import ended at 2021-06-17 05:24:23]---
