06-17-2021 @ 20:51:08 - ---[ New import started at 2021-06-17 08:51:08 ] PHP Memory: 768 MB, WP Memory: 40 MB
06-17-2021 @ 20:51:08 - Preparing for import.
06-17-2021 @ 20:51:08 - Row :1 - Parsing item.
06-17-2021 @ 20:51:08 - Row :1 - Processing item.
06-17-2021 @ 20:51:08 - Found simple product object. ID:446158
06-17-2021 @ 20:51:08 - Setting Featured Image. URL:https://inspiry.co.nz/wp-content/uploads/2021/06/MK-DUN-300UNCBA.jpg
06-17-2021 @ 20:51:09 - URL:https://inspiry.co.nz/wp-content/uploads/2021/06/MK-DUN-300UNCBA.jpg Reason:Error getting remote image https://inspiry.co.nz/wp-content/uploads/2021/06/MK-DUN-300UNCBA.jpg. Error: Not Found
06-17-2021 @ 20:51:09 - Setting Gallery Images.
06-17-2021 @ 20:51:09 - Image URL:https://inspiry.co.nz/wp-content/uploads/2021/06/MK-DUN-300UNCBA-1.jpg
06-17-2021 @ 20:51:10 - Attachment ID:446269
06-17-2021 @ 20:51:10 - Row :1 - Product updated successfully.
06-17-2021 @ 20:51:10 - Row :2 - Parsing item.
06-17-2021 @ 20:51:10 - Row :2 - Processing item.
06-17-2021 @ 20:51:10 - Found simple product object. ID:446159
06-17-2021 @ 20:51:10 - Setting Featured Image. URL:https://inspiry.co.nz/wp-content/uploads/2021/06/MK-DUN-300UNCBS.jpg
06-17-2021 @ 20:51:11 - URL:https://inspiry.co.nz/wp-content/uploads/2021/06/MK-DUN-300UNCBS.jpg Reason:Error getting remote image https://inspiry.co.nz/wp-content/uploads/2021/06/MK-DUN-300UNCBS.jpg. Error: Not Found
06-17-2021 @ 20:51:11 - Setting Gallery Images.
06-17-2021 @ 20:51:11 - Image URL:https://inspiry.co.nz/wp-content/uploads/2021/06/MK-DUN-300UNCBS-1.jpg
06-17-2021 @ 20:51:11 - Attachment ID:446271
06-17-2021 @ 20:51:12 - Row :2 - Product updated successfully.
06-17-2021 @ 20:51:12 - Row :3 - Parsing item.
06-17-2021 @ 20:51:12 - Row :3 - Processing item.
06-17-2021 @ 20:51:12 - Found simple product object. ID:446160
06-17-2021 @ 20:51:12 - Setting Featured Image. URL:https://inspiry.co.nz/wp-content/uploads/2021/06/MK-DUN-300UNCBL.jpg
06-17-2021 @ 20:51:13 - URL:https://inspiry.co.nz/wp-content/uploads/2021/06/MK-DUN-300UNCBL.jpg Reason:Error getting remote image https://inspiry.co.nz/wp-content/uploads/2021/06/MK-DUN-300UNCBL.jpg. Error: Not Found
06-17-2021 @ 20:51:13 - Setting Gallery Images.
06-17-2021 @ 20:51:13 - Image URL:https://inspiry.co.nz/wp-content/uploads/2021/06/MK-DUN-300UNCBL-1.jpg
06-17-2021 @ 20:51:13 - Attachment ID:446270
06-17-2021 @ 20:51:13 - Row :3 - Product updated successfully.
06-17-2021 @ 20:51:13 - Row :4 - Parsing item.
06-17-2021 @ 20:51:13 - Row :4 - Processing item.
06-17-2021 @ 20:51:13 - Found simple product object. ID:446161
06-17-2021 @ 20:51:13 - Setting Featured Image. URL:https://inspiry.co.nz/wp-content/uploads/2021/06/MK-DUN-300UNCCL.jpg
06-17-2021 @ 20:51:14 - URL:https://inspiry.co.nz/wp-content/uploads/2021/06/MK-DUN-300UNCCL.jpg Reason:Error getting remote image https://inspiry.co.nz/wp-content/uploads/2021/06/MK-DUN-300UNCCL.jpg. Error: Not Found
06-17-2021 @ 20:51:14 - Setting Gallery Images.
06-17-2021 @ 20:51:14 - Image URL:https://inspiry.co.nz/wp-content/uploads/2021/06/MK-DUN-300UNCCL-1.jpg
06-17-2021 @ 20:51:14 - Attachment ID:446272
06-17-2021 @ 20:51:15 - Row :4 - Product updated successfully.
06-17-2021 @ 20:51:15 - Row :5 - Parsing item.
06-17-2021 @ 20:51:15 - Row :5 - Processing item.
06-17-2021 @ 20:51:15 - Found simple product object. ID:446162
06-17-2021 @ 20:51:15 - Setting Featured Image. URL:https://inspiry.co.nz/wp-content/uploads/2021/06/MK-DUN-300UNCDO.jpg
06-17-2021 @ 20:51:16 - URL:https://inspiry.co.nz/wp-content/uploads/2021/06/MK-DUN-300UNCDO.jpg Reason:Error getting remote image https://inspiry.co.nz/wp-content/uploads/2021/06/MK-DUN-300UNCDO.jpg. Error: Not Found
06-17-2021 @ 20:51:16 - Setting Gallery Images.
06-17-2021 @ 20:51:16 - Image URL:https://inspiry.co.nz/wp-content/uploads/2021/06/MK-DUN-300UNCDO-1.jpg
06-17-2021 @ 20:51:16 - Attachment ID:446273
06-17-2021 @ 20:51:16 - Row :5 - Product updated successfully.
06-17-2021 @ 20:51:16 - Row :6 - Parsing item.
06-17-2021 @ 20:51:16 - Row :6 - Processing item.
06-17-2021 @ 20:51:16 - Found simple product object. ID:446163
06-17-2021 @ 20:51:16 - Setting Featured Image. URL:https://inspiry.co.nz/wp-content/uploads/2021/06/MK-DUN-300UNCDU.jpg
06-17-2021 @ 20:51:17 - URL:https://inspiry.co.nz/wp-content/uploads/2021/06/MK-DUN-300UNCDU.jpg Reason:Error getting remote image https://inspiry.co.nz/wp-content/uploads/2021/06/MK-DUN-300UNCDU.jpg. Error: Not Found
06-17-2021 @ 20:51:17 - Setting Gallery Images.
06-17-2021 @ 20:51:17 - Image URL:https://inspiry.co.nz/wp-content/uploads/2021/06/MK-DUN-300UNCDU-1.jpg
06-17-2021 @ 20:51:17 - Attachment ID:446274
06-17-2021 @ 20:51:17 - Row :6 - Product updated successfully.
06-17-2021 @ 20:51:17 - Row :7 - Parsing item.
06-17-2021 @ 20:51:17 - Row :7 - Processing item.
06-17-2021 @ 20:51:17 - Found simple product object. ID:446164
06-17-2021 @ 20:51:17 - Setting Featured Image. URL:https://inspiry.co.nz/wp-content/uploads/2021/06/MK-DUN-300UNCFL.jpg
06-17-2021 @ 20:51:18 - URL:https://inspiry.co.nz/wp-content/uploads/2021/06/MK-DUN-300UNCFL.jpg Reason:Error getting remote image https://inspiry.co.nz/wp-content/uploads/2021/06/MK-DUN-300UNCFL.jpg. Error: Not Found
06-17-2021 @ 20:51:18 - Setting Gallery Images.
06-17-2021 @ 20:51:18 - Image URL:https://inspiry.co.nz/wp-content/uploads/2021/06/MK-DUN-300UNCFL-1.jpg
06-17-2021 @ 20:51:18 - Attachment ID:446275
06-17-2021 @ 20:51:19 - Row :7 - Product updated successfully.
06-17-2021 @ 20:51:19 - Row :8 - Parsing item.
06-17-2021 @ 20:51:19 - Row :8 - Processing item.
06-17-2021 @ 20:51:19 - Found simple product object. ID:446165
06-17-2021 @ 20:51:19 - Setting Featured Image. URL:https://inspiry.co.nz/wp-content/uploads/2021/06/MK-DUN-300UNCJU.jpg
06-17-2021 @ 20:51:20 - URL:https://inspiry.co.nz/wp-content/uploads/2021/06/MK-DUN-300UNCJU.jpg Reason:Error getting remote image https://inspiry.co.nz/wp-content/uploads/2021/06/MK-DUN-300UNCJU.jpg. Error: Not Found
06-17-2021 @ 20:51:20 - Setting Gallery Images.
06-17-2021 @ 20:51:20 - Image URL:https://inspiry.co.nz/wp-content/uploads/2021/06/MK-DUN-300UNCJU-1.jpg
06-17-2021 @ 20:51:20 - Attachment ID:446276
06-17-2021 @ 20:51:20 - Row :8 - Product updated successfully.
06-17-2021 @ 20:51:20 - Row :9 - Parsing item.
06-17-2021 @ 20:51:20 - Row :9 - Processing item.
06-17-2021 @ 20:51:20 - Found simple product object. ID:446166
06-17-2021 @ 20:51:20 - Setting Featured Image. URL:https://inspiry.co.nz/wp-content/uploads/2021/06/MK-DUN-300UNCMI.jpg
06-17-2021 @ 20:51:21 - URL:https://inspiry.co.nz/wp-content/uploads/2021/06/MK-DUN-300UNCMI.jpg Reason:Error getting remote image https://inspiry.co.nz/wp-content/uploads/2021/06/MK-DUN-300UNCMI.jpg. Error: Not Found
06-17-2021 @ 20:51:21 - Setting Gallery Images.
06-17-2021 @ 20:51:21 - Image URL:https://inspiry.co.nz/wp-content/uploads/2021/06/MK-DUN-300UNCMI-1.jpg
06-17-2021 @ 20:51:22 - Attachment ID:446277
06-17-2021 @ 20:51:22 - Row :9 - Product updated successfully.
06-17-2021 @ 20:51:22 - Row :10 - Parsing item.
06-17-2021 @ 20:51:22 - Row :10 - Processing item.
06-17-2021 @ 20:51:22 - Found simple product object. ID:446167
06-17-2021 @ 20:51:22 - Setting Featured Image. URL:https://inspiry.co.nz/wp-content/uploads/2021/06/MK-DUN-300UNCPA.jpg
06-17-2021 @ 20:51:23 - URL:https://inspiry.co.nz/wp-content/uploads/2021/06/MK-DUN-300UNCPA.jpg Reason:Error getting remote image https://inspiry.co.nz/wp-content/uploads/2021/06/MK-DUN-300UNCPA.jpg. Error: Not Found
06-17-2021 @ 20:51:23 - Setting Gallery Images.
06-17-2021 @ 20:51:23 - Image URL:https://inspiry.co.nz/wp-content/uploads/2021/06/MK-DUN-300UNCPA-1.jpg
06-17-2021 @ 20:51:23 - Attachment ID:446278
06-17-2021 @ 20:51:23 - Row :10 - Product updated successfully.
06-17-2021 @ 20:51:25 - Preparing for import.
06-17-2021 @ 20:51:25 - Row :11 - Parsing item.
06-17-2021 @ 20:51:25 - Row :11 - Processing item.
06-17-2021 @ 20:51:25 - Found simple product object. ID:446168
06-17-2021 @ 20:51:25 - Setting Featured Image. URL:https://inspiry.co.nz/wp-content/uploads/2021/06/MK-DUN-300UNCPE.jpg
06-17-2021 @ 20:51:26 - URL:https://inspiry.co.nz/wp-content/uploads/2021/06/MK-DUN-300UNCPE.jpg Reason:Error getting remote image https://inspiry.co.nz/wp-content/uploads/2021/06/MK-DUN-300UNCPE.jpg. Error: Not Found
06-17-2021 @ 20:51:26 - Setting Gallery Images.
06-17-2021 @ 20:51:26 - Image URL:https://inspiry.co.nz/wp-content/uploads/2021/06/MK-DUN-300UNCPE-1.jpg
06-17-2021 @ 20:51:26 - Attachment ID:446279
06-17-2021 @ 20:51:27 - Row :11 - Product updated successfully.
06-17-2021 @ 20:51:27 - Row :12 - Parsing item.
06-17-2021 @ 20:51:27 - Row :12 - Processing item.
06-17-2021 @ 20:51:27 - Found simple product object. ID:446169
06-17-2021 @ 20:51:27 - Setting Featured Image. URL:https://inspiry.co.nz/wp-content/uploads/2021/06/MK-DUN-300UNCSL.jpg
06-17-2021 @ 20:51:28 - URL:https://inspiry.co.nz/wp-content/uploads/2021/06/MK-DUN-300UNCSL.jpg Reason:Error getting remote image https://inspiry.co.nz/wp-content/uploads/2021/06/MK-DUN-300UNCSL.jpg. Error: Not Found
06-17-2021 @ 20:51:28 - Setting Gallery Images.
06-17-2021 @ 20:51:28 - Image URL:https://inspiry.co.nz/wp-content/uploads/2021/06/MK-DUN-300UNCSL-1.jpg
06-17-2021 @ 20:51:28 - Attachment ID:446280
06-17-2021 @ 20:51:28 - Row :12 - Product updated successfully.
06-17-2021 @ 20:51:28 - Row :13 - Parsing item.
06-17-2021 @ 20:51:28 - Row :13 - Processing item.
06-17-2021 @ 20:51:28 - Found simple product object. ID:446170
06-17-2021 @ 20:51:28 - Setting Featured Image. URL:https://inspiry.co.nz/wp-content/uploads/2021/06/MK-DUN-300UNCST.jpg
06-17-2021 @ 20:51:29 - URL:https://inspiry.co.nz/wp-content/uploads/2021/06/MK-DUN-300UNCST.jpg Reason:Error getting remote image https://inspiry.co.nz/wp-content/uploads/2021/06/MK-DUN-300UNCST.jpg. Error: Not Found
06-17-2021 @ 20:51:29 - Setting Gallery Images.
06-17-2021 @ 20:51:29 - Image URL:https://inspiry.co.nz/wp-content/uploads/2021/06/MK-DUN-300UNCST-1.jpg
06-17-2021 @ 20:51:29 - Attachment ID:446281
06-17-2021 @ 20:51:29 - Row :13 - Product updated successfully.
06-17-2021 @ 20:51:29 - Row :14 - Parsing item.
06-17-2021 @ 20:51:29 - Row :14 - Processing item.
06-17-2021 @ 20:51:30 - Found simple product object. ID:446171
06-17-2021 @ 20:51:30 - Setting Featured Image. URL:https://inspiry.co.nz/wp-content/uploads/2021/06/MK-KIN-300UNCAW.jpg
06-17-2021 @ 20:51:30 - URL:https://inspiry.co.nz/wp-content/uploads/2021/06/MK-KIN-300UNCAW.jpg Reason:Error getting remote image https://inspiry.co.nz/wp-content/uploads/2021/06/MK-KIN-300UNCAW.jpg. Error: Not Found
06-17-2021 @ 20:51:30 - Setting Gallery Images.
06-17-2021 @ 20:51:30 - Image URL:https://inspiry.co.nz/wp-content/uploads/2021/06/MK-KIN-300UNCAW-1.jpg
06-17-2021 @ 20:51:30 - Attachment ID:446290
06-17-2021 @ 20:51:31 - Row :14 - Product updated successfully.
06-17-2021 @ 20:51:31 - Row :15 - Parsing item.
06-17-2021 @ 20:51:31 - Row :15 - Processing item.
06-17-2021 @ 20:51:31 - Found simple product object. ID:446172
06-17-2021 @ 20:51:31 - Setting Featured Image. URL:https://inspiry.co.nz/wp-content/uploads/2021/06/MK-KIN-300UNCBA.jpg
06-17-2021 @ 20:51:32 - URL:https://inspiry.co.nz/wp-content/uploads/2021/06/MK-KIN-300UNCBA.jpg Reason:Error getting remote image https://inspiry.co.nz/wp-content/uploads/2021/06/MK-KIN-300UNCBA.jpg. Error: Not Found
06-17-2021 @ 20:51:32 - Setting Gallery Images.
06-17-2021 @ 20:51:32 - Image URL:https://inspiry.co.nz/wp-content/uploads/2021/06/MK-KIN-300UNCBA-1.jpg
06-17-2021 @ 20:51:32 - Attachment ID:446291
06-17-2021 @ 20:51:32 - Row :15 - Product updated successfully.
06-17-2021 @ 20:51:32 - Row :16 - Parsing item.
06-17-2021 @ 20:51:32 - Row :16 - Processing item.
06-17-2021 @ 20:51:32 - Found simple product object. ID:446173
06-17-2021 @ 20:51:32 - Setting Featured Image. URL:https://inspiry.co.nz/wp-content/uploads/2021/06/MK-KIN-300UNCBS.jpg
06-17-2021 @ 20:51:33 - URL:https://inspiry.co.nz/wp-content/uploads/2021/06/MK-KIN-300UNCBS.jpg Reason:Error getting remote image https://inspiry.co.nz/wp-content/uploads/2021/06/MK-KIN-300UNCBS.jpg. Error: Not Found
06-17-2021 @ 20:51:33 - Setting Gallery Images.
06-17-2021 @ 20:51:33 - Image URL:https://inspiry.co.nz/wp-content/uploads/2021/06/MK-KIN-300UNCBS-1.jpg
06-17-2021 @ 20:51:33 - Attachment ID:446293
06-17-2021 @ 20:51:34 - Row :16 - Product updated successfully.
06-17-2021 @ 20:51:34 - Row :17 - Parsing item.
06-17-2021 @ 20:51:34 - Row :17 - Processing item.
06-17-2021 @ 20:51:34 - Found simple product object. ID:446174
06-17-2021 @ 20:51:34 - Setting Featured Image. URL:https://inspiry.co.nz/wp-content/uploads/2021/06/MK-KIN-300UNCBL.jpg
06-17-2021 @ 20:51:34 - URL:https://inspiry.co.nz/wp-content/uploads/2021/06/MK-KIN-300UNCBL.jpg Reason:Error getting remote image https://inspiry.co.nz/wp-content/uploads/2021/06/MK-KIN-300UNCBL.jpg. Error: Not Found
06-17-2021 @ 20:51:34 - Setting Gallery Images.
06-17-2021 @ 20:51:34 - Image URL:https://inspiry.co.nz/wp-content/uploads/2021/06/MK-KIN-300UNCBL-1.jpg
06-17-2021 @ 20:51:35 - Attachment ID:446292
06-17-2021 @ 20:51:35 - Row :17 - Product updated successfully.
06-17-2021 @ 20:51:35 - Row :18 - Parsing item.
06-17-2021 @ 20:51:35 - Row :18 - Processing item.
06-17-2021 @ 20:51:35 - Found simple product object. ID:446175
06-17-2021 @ 20:51:35 - Setting Featured Image. URL:https://inspiry.co.nz/wp-content/uploads/2021/06/MK-KIN-300UNCCL.jpg
06-17-2021 @ 20:51:36 - URL:https://inspiry.co.nz/wp-content/uploads/2021/06/MK-KIN-300UNCCL.jpg Reason:Error getting remote image https://inspiry.co.nz/wp-content/uploads/2021/06/MK-KIN-300UNCCL.jpg. Error: Not Found
06-17-2021 @ 20:51:36 - Setting Gallery Images.
06-17-2021 @ 20:51:36 - Image URL:https://inspiry.co.nz/wp-content/uploads/2021/06/MK-KIN-300UNCCL-1.jpg
06-17-2021 @ 20:51:36 - Attachment ID:446294
06-17-2021 @ 20:51:36 - Row :18 - Product updated successfully.
06-17-2021 @ 20:51:36 - Row :19 - Parsing item.
06-17-2021 @ 20:51:36 - Row :19 - Processing item.
06-17-2021 @ 20:51:36 - Found simple product object. ID:446176
06-17-2021 @ 20:51:36 - Setting Featured Image. URL:https://inspiry.co.nz/wp-content/uploads/2021/06/MK-KIN-300UNCDE.jpg
06-17-2021 @ 20:51:37 - URL:https://inspiry.co.nz/wp-content/uploads/2021/06/MK-KIN-300UNCDE.jpg Reason:Error getting remote image https://inspiry.co.nz/wp-content/uploads/2021/06/MK-KIN-300UNCDE.jpg. Error: Not Found
06-17-2021 @ 20:51:37 - Setting Gallery Images.
06-17-2021 @ 20:51:37 - Image URL:https://inspiry.co.nz/wp-content/uploads/2021/06/MK-KIN-300UNCDE-1.jpg
06-17-2021 @ 20:51:37 - Attachment ID:446295
06-17-2021 @ 20:51:38 - Row :19 - Product updated successfully.
06-17-2021 @ 20:51:38 - Row :20 - Parsing item.
06-17-2021 @ 20:51:38 - Row :20 - Processing item.
06-17-2021 @ 20:51:38 - Found simple product object. ID:446177
06-17-2021 @ 20:51:38 - Setting Featured Image. URL:https://inspiry.co.nz/wp-content/uploads/2021/06/MK-KIN-300UNCDO.jpg
06-17-2021 @ 20:51:39 - URL:https://inspiry.co.nz/wp-content/uploads/2021/06/MK-KIN-300UNCDO.jpg Reason:Error getting remote image https://inspiry.co.nz/wp-content/uploads/2021/06/MK-KIN-300UNCDO.jpg. Error: Not Found
06-17-2021 @ 20:51:39 - Setting Gallery Images.
06-17-2021 @ 20:51:39 - Image URL:https://inspiry.co.nz/wp-content/uploads/2021/06/MK-KIN-300UNCDO-1.jpg
06-17-2021 @ 20:51:39 - Attachment ID:446296
06-17-2021 @ 20:51:39 - Row :20 - Product updated successfully.
06-17-2021 @ 20:51:41 - Preparing for import.
06-17-2021 @ 20:51:41 - Row :21 - Parsing item.
06-17-2021 @ 20:51:41 - Row :21 - Processing item.
06-17-2021 @ 20:51:41 - Found simple product object. ID:446178
06-17-2021 @ 20:51:41 - Setting Featured Image. URL:https://inspiry.co.nz/wp-content/uploads/2021/06/MK-KIN-300UNCDU.jpg
06-17-2021 @ 20:51:42 - URL:https://inspiry.co.nz/wp-content/uploads/2021/06/MK-KIN-300UNCDU.jpg Reason:Error getting remote image https://inspiry.co.nz/wp-content/uploads/2021/06/MK-KIN-300UNCDU.jpg. Error: Not Found
06-17-2021 @ 20:51:42 - Setting Gallery Images.
06-17-2021 @ 20:51:42 - Image URL:https://inspiry.co.nz/wp-content/uploads/2021/06/MK-KIN-300UNCDU-1.jpg
06-17-2021 @ 20:51:42 - Attachment ID:446297
06-17-2021 @ 20:51:42 - Row :21 - Product updated successfully.
06-17-2021 @ 20:51:42 - Row :22 - Parsing item.
06-17-2021 @ 20:51:42 - Row :22 - Processing item.
06-17-2021 @ 20:51:42 - Found simple product object. ID:446179
06-17-2021 @ 20:51:42 - Setting Featured Image. URL:https://inspiry.co.nz/wp-content/uploads/2021/06/MK-KIN-300UNCFL.jpg
06-17-2021 @ 20:51:43 - URL:https://inspiry.co.nz/wp-content/uploads/2021/06/MK-KIN-300UNCFL.jpg Reason:Error getting remote image https://inspiry.co.nz/wp-content/uploads/2021/06/MK-KIN-300UNCFL.jpg. Error: Not Found
06-17-2021 @ 20:51:43 - Setting Gallery Images.
06-17-2021 @ 20:51:43 - Image URL:https://inspiry.co.nz/wp-content/uploads/2021/06/MK-KIN-300UNCFL-1.jpg
06-17-2021 @ 20:51:43 - Attachment ID:446298
06-17-2021 @ 20:51:43 - Row :22 - Product updated successfully.
06-17-2021 @ 20:51:43 - Row :23 - Parsing item.
06-17-2021 @ 20:51:43 - Row :23 - Processing item.
06-17-2021 @ 20:51:43 - Found simple product object. ID:446180
06-17-2021 @ 20:51:43 - Setting Featured Image. URL:https://inspiry.co.nz/wp-content/uploads/2021/06/MK-KIN-300UNCJU.jpg
06-17-2021 @ 20:51:44 - URL:https://inspiry.co.nz/wp-content/uploads/2021/06/MK-KIN-300UNCJU.jpg Reason:Error getting remote image https://inspiry.co.nz/wp-content/uploads/2021/06/MK-KIN-300UNCJU.jpg. Error: Not Found
06-17-2021 @ 20:51:44 - Setting Gallery Images.
06-17-2021 @ 20:51:44 - Image URL:https://inspiry.co.nz/wp-content/uploads/2021/06/MK-KIN-300UNCJU-1.jpg
06-17-2021 @ 20:51:44 - Attachment ID:446299
06-17-2021 @ 20:51:45 - Row :23 - Product updated successfully.
06-17-2021 @ 20:51:45 - Row :24 - Parsing item.
06-17-2021 @ 20:51:45 - Row :24 - Processing item.
06-17-2021 @ 20:51:45 - Found simple product object. ID:446181
06-17-2021 @ 20:51:45 - Setting Featured Image. URL:https://inspiry.co.nz/wp-content/uploads/2021/06/MK-KIN-300UNCMI.jpg
06-17-2021 @ 20:51:46 - URL:https://inspiry.co.nz/wp-content/uploads/2021/06/MK-KIN-300UNCMI.jpg Reason:Error getting remote image https://inspiry.co.nz/wp-content/uploads/2021/06/MK-KIN-300UNCMI.jpg. Error: Not Found
06-17-2021 @ 20:51:46 - Setting Gallery Images.
06-17-2021 @ 20:51:46 - Image URL:https://inspiry.co.nz/wp-content/uploads/2021/06/MK-KIN-300UNCMI-1.jpg
06-17-2021 @ 20:51:46 - Attachment ID:446300
06-17-2021 @ 20:51:46 - Row :24 - Product updated successfully.
06-17-2021 @ 20:51:46 - Row :25 - Parsing item.
06-17-2021 @ 20:51:46 - Row :25 - Processing item.
06-17-2021 @ 20:51:46 - Found simple product object. ID:446182
06-17-2021 @ 20:51:46 - Setting Featured Image. URL:https://inspiry.co.nz/wp-content/uploads/2021/06/MK-KIN-300UNCPA.jpg
06-17-2021 @ 20:51:47 - URL:https://inspiry.co.nz/wp-content/uploads/2021/06/MK-KIN-300UNCPA.jpg Reason:Error getting remote image https://inspiry.co.nz/wp-content/uploads/2021/06/MK-KIN-300UNCPA.jpg. Error: Not Found
06-17-2021 @ 20:51:47 - Setting Gallery Images.
06-17-2021 @ 20:51:47 - Image URL:https://inspiry.co.nz/wp-content/uploads/2021/06/MK-KIN-300UNCPA-1.jpg
06-17-2021 @ 20:51:47 - Attachment ID:446301
06-17-2021 @ 20:51:48 - Row :25 - Product updated successfully.
06-17-2021 @ 20:51:48 - Row :26 - Parsing item.
06-17-2021 @ 20:51:48 - Row :26 - Processing item.
06-17-2021 @ 20:51:48 - Found simple product object. ID:446183
06-17-2021 @ 20:51:48 - Setting Featured Image. URL:https://inspiry.co.nz/wp-content/uploads/2021/06/MK-KIN-300UNCPE.jpg
06-17-2021 @ 20:51:48 - URL:https://inspiry.co.nz/wp-content/uploads/2021/06/MK-KIN-300UNCPE.jpg Reason:Error getting remote image https://inspiry.co.nz/wp-content/uploads/2021/06/MK-KIN-300UNCPE.jpg. Error: Not Found
06-17-2021 @ 20:51:48 - Setting Gallery Images.
06-17-2021 @ 20:51:48 - Image URL:https://inspiry.co.nz/wp-content/uploads/2021/06/MK-KIN-300UNCPE-1.jpg
06-17-2021 @ 20:51:49 - Attachment ID:446302
06-17-2021 @ 20:51:49 - Row :26 - Product updated successfully.
06-17-2021 @ 20:51:49 - Row :27 - Parsing item.
06-17-2021 @ 20:51:49 - Row :27 - Processing item.
06-17-2021 @ 20:51:49 - Found simple product object. ID:446184
06-17-2021 @ 20:51:49 - Setting Featured Image. URL:https://inspiry.co.nz/wp-content/uploads/2021/06/MK-KIN-300UNCRE.jpg
06-17-2021 @ 20:51:50 - URL:https://inspiry.co.nz/wp-content/uploads/2021/06/MK-KIN-300UNCRE.jpg Reason:Error getting remote image https://inspiry.co.nz/wp-content/uploads/2021/06/MK-KIN-300UNCRE.jpg. Error: Not Found
06-17-2021 @ 20:51:50 - Setting Gallery Images.
06-17-2021 @ 20:51:50 - Image URL:https://inspiry.co.nz/wp-content/uploads/2021/06/MK-KIN-300UNCRE-1.jpg
06-17-2021 @ 20:51:50 - Attachment ID:446303
06-17-2021 @ 20:51:50 - Row :27 - Product updated successfully.
06-17-2021 @ 20:51:50 - Row :28 - Parsing item.
06-17-2021 @ 20:51:50 - Row :28 - Processing item.
06-17-2021 @ 20:51:50 - Found simple product object. ID:446185
06-17-2021 @ 20:51:50 - Setting Featured Image. URL:https://inspiry.co.nz/wp-content/uploads/2021/06/MK-KIN-300UNCSA.jpg
06-17-2021 @ 20:51:51 - URL:https://inspiry.co.nz/wp-content/uploads/2021/06/MK-KIN-300UNCSA.jpg Reason:Error getting remote image https://inspiry.co.nz/wp-content/uploads/2021/06/MK-KIN-300UNCSA.jpg. Error: Not Found
06-17-2021 @ 20:51:51 - Setting Gallery Images.
06-17-2021 @ 20:51:51 - Image URL:https://inspiry.co.nz/wp-content/uploads/2021/06/MK-KIN-300UNCSA-1.jpg
06-17-2021 @ 20:51:51 - Attachment ID:446304
06-17-2021 @ 20:51:52 - Row :28 - Product updated successfully.
06-17-2021 @ 20:51:52 - Row :29 - Parsing item.
06-17-2021 @ 20:51:52 - Row :29 - Processing item.
06-17-2021 @ 20:51:52 - Found simple product object. ID:446186
06-17-2021 @ 20:51:52 - Setting Featured Image. URL:https://inspiry.co.nz/wp-content/uploads/2021/06/MK-KIN-300UNCSC.jpg
06-17-2021 @ 20:51:53 - URL:https://inspiry.co.nz/wp-content/uploads/2021/06/MK-KIN-300UNCSC.jpg Reason:Error getting remote image https://inspiry.co.nz/wp-content/uploads/2021/06/MK-KIN-300UNCSC.jpg. Error: Not Found
06-17-2021 @ 20:51:53 - Setting Gallery Images.
06-17-2021 @ 20:51:53 - Image URL:https://inspiry.co.nz/wp-content/uploads/2021/06/MK-KIN-300UNCSC-1.jpg
06-17-2021 @ 20:51:53 - Attachment ID:446305
06-17-2021 @ 20:51:53 - Row :29 - Product updated successfully.
06-17-2021 @ 20:51:53 - Row :30 - Parsing item.
06-17-2021 @ 20:51:53 - Row :30 - Processing item.
06-17-2021 @ 20:51:53 - Found simple product object. ID:446187
06-17-2021 @ 20:51:53 - Setting Featured Image. URL:https://inspiry.co.nz/wp-content/uploads/2021/06/MK-KIN-300UNCSL.jpg
06-17-2021 @ 20:51:54 - URL:https://inspiry.co.nz/wp-content/uploads/2021/06/MK-KIN-300UNCSL.jpg Reason:Error getting remote image https://inspiry.co.nz/wp-content/uploads/2021/06/MK-KIN-300UNCSL.jpg. Error: Not Found
06-17-2021 @ 20:51:54 - Setting Gallery Images.
06-17-2021 @ 20:51:54 - Image URL:https://inspiry.co.nz/wp-content/uploads/2021/06/MK-KIN-300UNCSL-1.jpg
06-17-2021 @ 20:51:54 - Attachment ID:446306
06-17-2021 @ 20:51:54 - Row :30 - Product updated successfully.
06-17-2021 @ 20:51:56 - Preparing for import.
06-17-2021 @ 20:51:56 - Row :31 - Parsing item.
06-17-2021 @ 20:51:56 - Row :31 - Processing item.
06-17-2021 @ 20:51:56 - Found simple product object. ID:446188
06-17-2021 @ 20:51:56 - Setting Featured Image. URL:https://inspiry.co.nz/wp-content/uploads/2021/06/MK-KIN-300UNCSO.jpg
06-17-2021 @ 20:51:57 - URL:https://inspiry.co.nz/wp-content/uploads/2021/06/MK-KIN-300UNCSO.jpg Reason:Error getting remote image https://inspiry.co.nz/wp-content/uploads/2021/06/MK-KIN-300UNCSO.jpg. Error: Not Found
06-17-2021 @ 20:51:57 - Setting Gallery Images.
06-17-2021 @ 20:51:57 - Image URL:https://inspiry.co.nz/wp-content/uploads/2021/06/MK-KIN-300UNCSO-1.jpg
06-17-2021 @ 20:51:57 - Attachment ID:446307
06-17-2021 @ 20:51:58 - Row :31 - Product updated successfully.
06-17-2021 @ 20:51:58 - Row :32 - Parsing item.
06-17-2021 @ 20:51:58 - Row :32 - Processing item.
06-17-2021 @ 20:51:58 - Found simple product object. ID:446189
06-17-2021 @ 20:51:58 - Setting Featured Image. URL:https://inspiry.co.nz/wp-content/uploads/2021/06/MK-KIN-300UNCST.jpg
06-17-2021 @ 20:51:59 - URL:https://inspiry.co.nz/wp-content/uploads/2021/06/MK-KIN-300UNCST.jpg Reason:Error getting remote image https://inspiry.co.nz/wp-content/uploads/2021/06/MK-KIN-300UNCST.jpg. Error: Not Found
06-17-2021 @ 20:51:59 - Setting Gallery Images.
06-17-2021 @ 20:51:59 - Image URL:https://inspiry.co.nz/wp-content/uploads/2021/06/MK-KIN-300UNCST-1.jpg
06-17-2021 @ 20:51:59 - Attachment ID:446309
06-17-2021 @ 20:52:00 - Row :32 - Product updated successfully.
06-17-2021 @ 20:52:00 - Row :33 - Parsing item.
06-17-2021 @ 20:52:00 - Row :33 - Processing item.
06-17-2021 @ 20:52:00 - Found simple product object. ID:446190
06-17-2021 @ 20:52:00 - Setting Featured Image. URL:https://inspiry.co.nz/wp-content/uploads/2021/06/MK-KIN-300UNCSR.jpg
06-17-2021 @ 20:52:01 - URL:https://inspiry.co.nz/wp-content/uploads/2021/06/MK-KIN-300UNCSR.jpg Reason:Error getting remote image https://inspiry.co.nz/wp-content/uploads/2021/06/MK-KIN-300UNCSR.jpg. Error: Not Found
06-17-2021 @ 20:52:01 - Setting Gallery Images.
06-17-2021 @ 20:52:01 - Image URL:https://inspiry.co.nz/wp-content/uploads/2021/06/MK-KIN-300UNCSR-1.jpg
06-17-2021 @ 20:52:01 - Attachment ID:446308
06-17-2021 @ 20:52:01 - Row :33 - Product updated successfully.
06-17-2021 @ 20:52:01 - Row :34 - Parsing item.
06-17-2021 @ 20:52:01 - Row :34 - Processing item.
06-17-2021 @ 20:52:01 - Found simple product object. ID:446191
06-17-2021 @ 20:52:01 - Setting Featured Image. URL:https://inspiry.co.nz/wp-content/uploads/2021/06/MK-BOTA210220DU.jpg
06-17-2021 @ 20:52:02 - URL:https://inspiry.co.nz/wp-content/uploads/2021/06/MK-BOTA210220DU.jpg Reason:Error getting remote image https://inspiry.co.nz/wp-content/uploads/2021/06/MK-BOTA210220DU.jpg. Error: Not Found
06-17-2021 @ 20:52:02 - Setting Gallery Images.
06-17-2021 @ 20:52:02 - Image URL:https://inspiry.co.nz/wp-content/uploads/2021/06/MK-BOTA210220DU-1.jpg
06-17-2021 @ 20:52:02 - Attachment ID:446259
06-17-2021 @ 20:52:03 - Row :34 - Product updated successfully.
06-17-2021 @ 20:52:03 - Row :35 - Parsing item.
06-17-2021 @ 20:52:03 - Row :35 - Processing item.
06-17-2021 @ 20:52:03 - Found simple product object. ID:446192
06-17-2021 @ 20:52:03 - Setting Featured Image. URL:https://inspiry.co.nz/wp-content/uploads/2021/06/MK-BOTA210220JE.jpg
06-17-2021 @ 20:52:05 - URL:https://inspiry.co.nz/wp-content/uploads/2021/06/MK-BOTA210220JE.jpg Reason:Error getting remote image https://inspiry.co.nz/wp-content/uploads/2021/06/MK-BOTA210220JE.jpg. Error: Not Found
06-17-2021 @ 20:52:05 - Setting Gallery Images.
06-17-2021 @ 20:52:05 - Image URL:https://inspiry.co.nz/wp-content/uploads/2021/06/MK-BOTA210220JE-1.jpg
06-17-2021 @ 20:52:05 - Attachment ID:446260
06-17-2021 @ 20:52:05 - Row :35 - Product updated successfully.
06-17-2021 @ 20:52:05 - Row :36 - Parsing item.
06-17-2021 @ 20:52:05 - Row :36 - Processing item.
06-17-2021 @ 20:52:05 - Found simple product object. ID:446193
06-17-2021 @ 20:52:05 - Setting Featured Image. URL:https://inspiry.co.nz/wp-content/uploads/2021/06/MK-BOTA210220NA.jpg
06-17-2021 @ 20:52:07 - URL:https://inspiry.co.nz/wp-content/uploads/2021/06/MK-BOTA210220NA.jpg Reason:Error getting remote image https://inspiry.co.nz/wp-content/uploads/2021/06/MK-BOTA210220NA.jpg. Error: Not Found
06-17-2021 @ 20:52:07 - Setting Gallery Images.
06-17-2021 @ 20:52:07 - Image URL:https://inspiry.co.nz/wp-content/uploads/2021/06/MK-BOTA210220NA-1.jpg
06-17-2021 @ 20:52:07 - Attachment ID:446261
06-17-2021 @ 20:52:07 - Row :36 - Product updated successfully.
06-17-2021 @ 20:52:07 - Row :37 - Parsing item.
06-17-2021 @ 20:52:07 - Row :37 - Processing item.
06-17-2021 @ 20:52:07 - Found simple product object. ID:446194
06-17-2021 @ 20:52:07 - Setting Featured Image. URL:https://inspiry.co.nz/wp-content/uploads/2021/06/MK-BOTA210220SI.jpg
06-17-2021 @ 20:52:09 - URL:https://inspiry.co.nz/wp-content/uploads/2021/06/MK-BOTA210220SI.jpg Reason:Error getting remote image https://inspiry.co.nz/wp-content/uploads/2021/06/MK-BOTA210220SI.jpg. Error: Not Found
06-17-2021 @ 20:52:09 - Setting Gallery Images.
06-17-2021 @ 20:52:09 - Image URL:https://inspiry.co.nz/wp-content/uploads/2021/06/MK-BOTA210220SI-1.jpg
06-17-2021 @ 20:52:09 - Attachment ID:446262
06-17-2021 @ 20:52:09 - Row :37 - Product updated successfully.
06-17-2021 @ 20:52:09 - Row :38 - Parsing item.
06-17-2021 @ 20:52:09 - Row :38 - Processing item.
06-17-2021 @ 20:52:09 - Found simple product object. ID:446195
06-17-2021 @ 20:52:09 - Setting Featured Image. URL:https://inspiry.co.nz/wp-content/uploads/2021/06/MK-HAVB210220CL.jpg
06-17-2021 @ 20:52:10 - URL:https://inspiry.co.nz/wp-content/uploads/2021/06/MK-HAVB210220CL.jpg Reason:Error getting remote image https://inspiry.co.nz/wp-content/uploads/2021/06/MK-HAVB210220CL.jpg. Error: Not Found
06-17-2021 @ 20:52:10 - Setting Gallery Images.
06-17-2021 @ 20:52:10 - Image URL:https://inspiry.co.nz/wp-content/uploads/2021/06/MK-HAVB210220CL-1.jpg
06-17-2021 @ 20:52:11 - Attachment ID:446285
06-17-2021 @ 20:52:11 - Row :38 - Product updated successfully.
06-17-2021 @ 20:52:11 - Row :39 - Parsing item.
06-17-2021 @ 20:52:11 - Row :39 - Processing item.
06-17-2021 @ 20:52:11 - Found simple product object. ID:446196
06-17-2021 @ 20:52:11 - Setting Featured Image. URL:https://inspiry.co.nz/wp-content/uploads/2021/06/MK-HAVB210220DR.jpg
06-17-2021 @ 20:52:13 - URL:https://inspiry.co.nz/wp-content/uploads/2021/06/MK-HAVB210220DR.jpg Reason:Error getting remote image https://inspiry.co.nz/wp-content/uploads/2021/06/MK-HAVB210220DR.jpg. Error: Not Found
06-17-2021 @ 20:52:13 - Setting Gallery Images.
06-17-2021 @ 20:52:13 - Image URL:https://inspiry.co.nz/wp-content/uploads/2021/06/MK-HAVB210220DR-1.jpg
06-17-2021 @ 20:52:13 - Attachment ID:446286
06-17-2021 @ 20:52:13 - Row :39 - Product updated successfully.
06-17-2021 @ 20:52:13 - Row :40 - Parsing item.
06-17-2021 @ 20:52:13 - Row :40 - Processing item.
06-17-2021 @ 20:52:13 - Found simple product object. ID:446197
06-17-2021 @ 20:52:13 - Setting Featured Image. URL:https://inspiry.co.nz/wp-content/uploads/2021/06/MK-HAVB210220GR.jpg
06-17-2021 @ 20:52:14 - URL:https://inspiry.co.nz/wp-content/uploads/2021/06/MK-HAVB210220GR.jpg Reason:Error getting remote image https://inspiry.co.nz/wp-content/uploads/2021/06/MK-HAVB210220GR.jpg. Error: Not Found
06-17-2021 @ 20:52:14 - Setting Gallery Images.
06-17-2021 @ 20:52:14 - Image URL:https://inspiry.co.nz/wp-content/uploads/2021/06/MK-HAVB210220GR-1.jpg
06-17-2021 @ 20:52:14 - Attachment ID:446287
06-17-2021 @ 20:52:15 - Row :40 - Product updated successfully.
06-17-2021 @ 20:52:16 - Preparing for import.
06-17-2021 @ 20:52:16 - Row :41 - Parsing item.
06-17-2021 @ 20:52:16 - Row :41 - Processing item.
06-17-2021 @ 20:52:16 - Found simple product object. ID:446198
06-17-2021 @ 20:52:16 - Setting Featured Image. URL:https://inspiry.co.nz/wp-content/uploads/2021/06/MK-HAVB210220ON.jpg
06-17-2021 @ 20:52:17 - URL:https://inspiry.co.nz/wp-content/uploads/2021/06/MK-HAVB210220ON.jpg Reason:Error getting remote image https://inspiry.co.nz/wp-content/uploads/2021/06/MK-HAVB210220ON.jpg. Error: Not Found
06-17-2021 @ 20:52:17 - Setting Gallery Images.
06-17-2021 @ 20:52:17 - Image URL:https://inspiry.co.nz/wp-content/uploads/2021/06/MK-HAVB210220ON-1.jpg
06-17-2021 @ 20:52:17 - Attachment ID:446288
06-17-2021 @ 20:52:18 - Row :41 - Product updated successfully.
06-17-2021 @ 20:52:18 - Row :42 - Parsing item.
06-17-2021 @ 20:52:18 - Row :42 - Processing item.
06-17-2021 @ 20:52:18 - Found simple product object. ID:446199
06-17-2021 @ 20:52:18 - Setting Featured Image. URL:https://inspiry.co.nz/wp-content/uploads/2021/06/MK-HAVB210220SL.jpg
06-17-2021 @ 20:52:19 - URL:https://inspiry.co.nz/wp-content/uploads/2021/06/MK-HAVB210220SL.jpg Reason:Error getting remote image https://inspiry.co.nz/wp-content/uploads/2021/06/MK-HAVB210220SL.jpg. Error: Not Found
06-17-2021 @ 20:52:19 - Setting Gallery Images.
06-17-2021 @ 20:52:19 - Image URL:https://inspiry.co.nz/wp-content/uploads/2021/06/MK-HAVB210220SL-1.jpg
06-17-2021 @ 20:52:19 - Attachment ID:446289
06-17-2021 @ 20:52:19 - Row :42 - Product updated successfully.
06-17-2021 @ 20:52:19 - Row :43 - Parsing item.
06-17-2021 @ 20:52:19 - Row :43 - Processing item.
06-17-2021 @ 20:52:19 - Found simple product object. ID:446200
06-17-2021 @ 20:52:19 - Setting Featured Image. URL:https://inspiry.co.nz/wp-content/uploads/2021/06/MK-BONB140221OC.jpg
06-17-2021 @ 20:52:20 - URL:https://inspiry.co.nz/wp-content/uploads/2021/06/MK-BONB140221OC.jpg Reason:Error getting remote image https://inspiry.co.nz/wp-content/uploads/2021/06/MK-BONB140221OC.jpg. Error: Not Found
06-17-2021 @ 20:52:20 - Setting Gallery Images.
06-17-2021 @ 20:52:20 - Image URL:https://inspiry.co.nz/wp-content/uploads/2021/06/MK-BONB140221OC-1.jpg
06-17-2021 @ 20:52:20 - Attachment ID:446258
06-17-2021 @ 20:52:21 - Row :43 - Product updated successfully.
06-17-2021 @ 20:52:21 - Row :44 - Parsing item.
06-17-2021 @ 20:52:21 - Row :44 - Processing item.
06-17-2021 @ 20:52:21 - Found simple product object. ID:446201
06-17-2021 @ 20:52:21 - Setting Featured Image. URL:https://inspiry.co.nz/wp-content/uploads/2021/06/MK-HAVB180221CL.jpg
06-17-2021 @ 20:52:22 - URL:https://inspiry.co.nz/wp-content/uploads/2021/06/MK-HAVB180221CL.jpg Reason:Error getting remote image https://inspiry.co.nz/wp-content/uploads/2021/06/MK-HAVB180221CL.jpg. Error: Not Found
06-17-2021 @ 20:52:22 - Setting Gallery Images.
06-17-2021 @ 20:52:22 - Image URL:https://inspiry.co.nz/wp-content/uploads/2021/06/MK-HAVB180221CL-1.jpg
06-17-2021 @ 20:52:22 - Attachment ID:446282
06-17-2021 @ 20:52:22 - Row :44 - Product updated successfully.
06-17-2021 @ 20:52:22 - Row :45 - Parsing item.
06-17-2021 @ 20:52:22 - Row :45 - Processing item.
06-17-2021 @ 20:52:22 - Found simple product object. ID:446202
06-17-2021 @ 20:52:22 - Setting Featured Image. URL:https://inspiry.co.nz/wp-content/uploads/2021/06/MK-HAVB180221DR.jpg
06-17-2021 @ 20:52:23 - URL:https://inspiry.co.nz/wp-content/uploads/2021/06/MK-HAVB180221DR.jpg Reason:Error getting remote image https://inspiry.co.nz/wp-content/uploads/2021/06/MK-HAVB180221DR.jpg. Error: Not Found
06-17-2021 @ 20:52:23 - Setting Gallery Images.
06-17-2021 @ 20:52:23 - Image URL:https://inspiry.co.nz/wp-content/uploads/2021/06/MK-HAVB180221DR-1.jpg
06-17-2021 @ 20:52:23 - Attachment ID:446283
06-17-2021 @ 20:52:24 - Row :45 - Product updated successfully.
06-17-2021 @ 20:52:24 - Row :46 - Parsing item.
06-17-2021 @ 20:52:24 - Row :46 - Processing item.
06-17-2021 @ 20:52:24 - Found simple product object. ID:446203
06-17-2021 @ 20:52:24 - Setting Featured Image. URL:https://inspiry.co.nz/wp-content/uploads/2021/06/MK-HAVB180221GR.jpg
06-17-2021 @ 20:52:25 - URL:https://inspiry.co.nz/wp-content/uploads/2021/06/MK-HAVB180221GR.jpg Reason:Error getting remote image https://inspiry.co.nz/wp-content/uploads/2021/06/MK-HAVB180221GR.jpg. Error: Not Found
06-17-2021 @ 20:52:25 - Setting Gallery Images.
06-17-2021 @ 20:52:25 - Image URL:https://inspiry.co.nz/wp-content/uploads/2021/06/MK-HAVB180221GR-1.jpg
06-17-2021 @ 20:52:25 - Attachment ID:446284
06-17-2021 @ 20:52:25 - Row :46 - Product updated successfully.
06-17-2021 @ 20:52:25 - Row :47 - Parsing item.
06-17-2021 @ 20:52:25 - Row :47 - Processing item.
06-17-2021 @ 20:52:25 - Found simple product object. ID:446204
06-17-2021 @ 20:52:25 - Setting Featured Image. URL:https://inspiry.co.nz/wp-content/uploads/2021/06/MK-LANB220220CH.jpg
06-17-2021 @ 20:52:26 - URL:https://inspiry.co.nz/wp-content/uploads/2021/06/MK-LANB220220CH.jpg Reason:Error getting remote image https://inspiry.co.nz/wp-content/uploads/2021/06/MK-LANB220220CH.jpg. Error: Not Found
06-17-2021 @ 20:52:26 - Setting Gallery Images.
06-17-2021 @ 20:52:26 - Image URL:https://inspiry.co.nz/wp-content/uploads/2021/06/MK-LANB220220CH-1.jpg
06-17-2021 @ 20:52:27 - Attachment ID:446313
06-17-2021 @ 20:52:27 - Row :47 - Product updated successfully.
06-17-2021 @ 20:52:27 - Row :48 - Parsing item.
06-17-2021 @ 20:52:27 - Row :48 - Processing item.
06-17-2021 @ 20:52:27 - Found simple product object. ID:446205
06-17-2021 @ 20:52:27 - Setting Featured Image. URL:https://inspiry.co.nz/wp-content/uploads/2021/06/MK-LANB220220NA.jpg
06-17-2021 @ 20:52:28 - URL:https://inspiry.co.nz/wp-content/uploads/2021/06/MK-LANB220220NA.jpg Reason:Error getting remote image https://inspiry.co.nz/wp-content/uploads/2021/06/MK-LANB220220NA.jpg. Error: Not Found
06-17-2021 @ 20:52:28 - Setting Gallery Images.
06-17-2021 @ 20:52:28 - Image URL:https://inspiry.co.nz/wp-content/uploads/2021/06/MK-LANB220220NA-1.jpg
06-17-2021 @ 20:52:28 - Attachment ID:446314
06-17-2021 @ 20:52:28 - Row :48 - Product updated successfully.
06-17-2021 @ 20:52:28 - Row :49 - Parsing item.
06-17-2021 @ 20:52:28 - Row :49 - Processing item.
06-17-2021 @ 20:52:28 - Found simple product object. ID:446206
06-17-2021 @ 20:52:28 - Setting Featured Image. URL:https://inspiry.co.nz/wp-content/uploads/2021/06/MK-LANB220220SI.jpg
06-17-2021 @ 20:52:29 - URL:https://inspiry.co.nz/wp-content/uploads/2021/06/MK-LANB220220SI.jpg Reason:Error getting remote image https://inspiry.co.nz/wp-content/uploads/2021/06/MK-LANB220220SI.jpg. Error: Not Found
06-17-2021 @ 20:52:29 - Setting Gallery Images.
06-17-2021 @ 20:52:29 - Image URL:https://inspiry.co.nz/wp-content/uploads/2021/06/MK-LANB220220SI-1.jpg
06-17-2021 @ 20:52:29 - Attachment ID:446315
06-17-2021 @ 20:52:30 - Row :49 - Product updated successfully.
06-17-2021 @ 20:52:30 - Row :50 - Parsing item.
06-17-2021 @ 20:52:30 - Row :50 - Processing item.
06-17-2021 @ 20:52:30 - Found simple product object. ID:446207
06-17-2021 @ 20:52:30 - Setting Featured Image. URL:https://inspiry.co.nz/wp-content/uploads/2021/06/MK-LANB140221CH.jpg
06-17-2021 @ 20:52:31 - URL:https://inspiry.co.nz/wp-content/uploads/2021/06/MK-LANB140221CH.jpg Reason:Error getting remote image https://inspiry.co.nz/wp-content/uploads/2021/06/MK-LANB140221CH.jpg. Error: Not Found
06-17-2021 @ 20:52:31 - Setting Gallery Images.
06-17-2021 @ 20:52:31 - Image URL:https://inspiry.co.nz/wp-content/uploads/2021/06/MK-LANB140221CH-1.jpg
06-17-2021 @ 20:52:31 - Attachment ID:446310
06-17-2021 @ 20:52:31 - Row :50 - Product updated successfully.
06-17-2021 @ 20:52:33 - Preparing for import.
06-17-2021 @ 20:52:33 - Row :51 - Parsing item.
06-17-2021 @ 20:52:33 - Row :51 - Processing item.
06-17-2021 @ 20:52:33 - Found simple product object. ID:446208
06-17-2021 @ 20:52:33 - Setting Featured Image. URL:https://inspiry.co.nz/wp-content/uploads/2021/06/MK-LANB140221NA.jpg
06-17-2021 @ 20:52:33 - URL:https://inspiry.co.nz/wp-content/uploads/2021/06/MK-LANB140221NA.jpg Reason:Error getting remote image https://inspiry.co.nz/wp-content/uploads/2021/06/MK-LANB140221NA.jpg. Error: Not Found
06-17-2021 @ 20:52:33 - Setting Gallery Images.
06-17-2021 @ 20:52:33 - Image URL:https://inspiry.co.nz/wp-content/uploads/2021/06/MK-LANB140221NA-1.jpg
06-17-2021 @ 20:52:34 - Attachment ID:446311
06-17-2021 @ 20:52:34 - Row :51 - Product updated successfully.
06-17-2021 @ 20:52:34 - Row :52 - Parsing item.
06-17-2021 @ 20:52:34 - Row :52 - Processing item.
06-17-2021 @ 20:52:34 - Found simple product object. ID:446209
06-17-2021 @ 20:52:34 - Setting Featured Image. URL:https://inspiry.co.nz/wp-content/uploads/2021/06/MK-LANB140221SI.jpg
06-17-2021 @ 20:52:35 - URL:https://inspiry.co.nz/wp-content/uploads/2021/06/MK-LANB140221SI.jpg Reason:Error getting remote image https://inspiry.co.nz/wp-content/uploads/2021/06/MK-LANB140221SI.jpg. Error: Not Found
06-17-2021 @ 20:52:35 - Setting Gallery Images.
06-17-2021 @ 20:52:35 - Image URL:https://inspiry.co.nz/wp-content/uploads/2021/06/MK-LANB140221SI-1.jpg
06-17-2021 @ 20:52:35 - Attachment ID:446312
06-17-2021 @ 20:52:35 - Row :52 - Product updated successfully.
06-17-2021 @ 20:52:35 - Row :53 - Parsing item.
06-17-2021 @ 20:52:35 - Row :53 - Processing item.
06-17-2021 @ 20:52:35 - Found simple product object. ID:446210
06-17-2021 @ 20:52:35 - Setting Featured Image. URL:https://inspiry.co.nz/wp-content/uploads/2021/06/MK-MONT180221AS.jpg
06-17-2021 @ 20:52:36 - URL:https://inspiry.co.nz/wp-content/uploads/2021/06/MK-MONT180221AS.jpg Reason:Error getting remote image https://inspiry.co.nz/wp-content/uploads/2021/06/MK-MONT180221AS.jpg. Error: Not Found
06-17-2021 @ 20:52:36 - Setting Gallery Images.
06-17-2021 @ 20:52:36 - Image URL:https://inspiry.co.nz/wp-content/uploads/2021/06/MK-MONT180221AS-1.jpg
06-17-2021 @ 20:52:37 - Attachment ID:446319
06-17-2021 @ 20:52:37 - Row :53 - Product updated successfully.
06-17-2021 @ 20:52:37 - Row :54 - Parsing item.
06-17-2021 @ 20:52:37 - Row :54 - Processing item.
06-17-2021 @ 20:52:37 - Found simple product object. ID:446211
06-17-2021 @ 20:52:37 - Setting Featured Image. URL:https://inspiry.co.nz/wp-content/uploads/2021/06/MK-MONT180221GR.jpg
06-17-2021 @ 20:52:38 - URL:https://inspiry.co.nz/wp-content/uploads/2021/06/MK-MONT180221GR.jpg Reason:Error getting remote image https://inspiry.co.nz/wp-content/uploads/2021/06/MK-MONT180221GR.jpg. Error: Not Found
06-17-2021 @ 20:52:38 - Setting Gallery Images.
06-17-2021 @ 20:52:38 - Image URL:https://inspiry.co.nz/wp-content/uploads/2021/06/MK-MONT180221GR-1.jpg
06-17-2021 @ 20:52:38 - Attachment ID:446320
06-17-2021 @ 20:52:38 - Row :54 - Product updated successfully.
06-17-2021 @ 20:52:38 - Row :55 - Parsing item.
06-17-2021 @ 20:52:38 - Row :55 - Processing item.
06-17-2021 @ 20:52:38 - Found simple product object. ID:446212
06-17-2021 @ 20:52:38 - Setting Featured Image. URL:https://inspiry.co.nz/wp-content/uploads/2021/06/MK-MONT180221WH.jpg
06-17-2021 @ 20:52:39 - URL:https://inspiry.co.nz/wp-content/uploads/2021/06/MK-MONT180221WH.jpg Reason:Error getting remote image https://inspiry.co.nz/wp-content/uploads/2021/06/MK-MONT180221WH.jpg. Error: Not Found
06-17-2021 @ 20:52:39 - Setting Gallery Images.
06-17-2021 @ 20:52:39 - Image URL:https://inspiry.co.nz/wp-content/uploads/2021/06/MK-MONT180221WH-1.jpg
06-17-2021 @ 20:52:39 - Attachment ID:446321
06-17-2021 @ 20:52:40 - Row :55 - Product updated successfully.
06-17-2021 @ 20:52:40 - Row :56 - Parsing item.
06-17-2021 @ 20:52:40 - Row :56 - Processing item.
06-17-2021 @ 20:52:40 - Found simple product object. ID:446213
06-17-2021 @ 20:52:40 - Setting Featured Image. URL:https://inspiry.co.nz/wp-content/uploads/2021/06/MK-UMB-140221BL.jpg
06-17-2021 @ 20:52:41 - URL:https://inspiry.co.nz/wp-content/uploads/2021/06/MK-UMB-140221BL.jpg Reason:Error getting remote image https://inspiry.co.nz/wp-content/uploads/2021/06/MK-UMB-140221BL.jpg. Error: Not Found
06-17-2021 @ 20:52:41 - Setting Gallery Images.
06-17-2021 @ 20:52:41 - Image URL:https://inspiry.co.nz/wp-content/uploads/2021/06/MK-UMB-140221BL-1.jpg
06-17-2021 @ 20:52:41 - Attachment ID:446341
06-17-2021 @ 20:52:41 - Row :56 - Product updated successfully.
06-17-2021 @ 20:52:41 - Row :57 - Parsing item.
06-17-2021 @ 20:52:41 - Row :57 - Processing item.
06-17-2021 @ 20:52:41 - Found simple product object. ID:446214
06-17-2021 @ 20:52:41 - Setting Featured Image. URL:https://inspiry.co.nz/wp-content/uploads/2021/06/MK-UMB-140221ST.jpg
06-17-2021 @ 20:52:42 - URL:https://inspiry.co.nz/wp-content/uploads/2021/06/MK-UMB-140221ST.jpg Reason:Error getting remote image https://inspiry.co.nz/wp-content/uploads/2021/06/MK-UMB-140221ST.jpg. Error: Not Found
06-17-2021 @ 20:52:42 - Setting Gallery Images.
06-17-2021 @ 20:52:42 - Image URL:https://inspiry.co.nz/wp-content/uploads/2021/06/MK-UMB-140221ST-1.jpg
06-17-2021 @ 20:52:42 - Attachment ID:446342
06-17-2021 @ 20:52:42 - Row :57 - Product updated successfully.
06-17-2021 @ 20:52:42 - Row :58 - Parsing item.
06-17-2021 @ 20:52:42 - Row :58 - Processing item.
06-17-2021 @ 20:52:42 - Found simple product object. ID:446215
06-17-2021 @ 20:52:43 - Setting Featured Image. URL:https://inspiry.co.nz/wp-content/uploads/2021/06/MK-UMB-140221TR.jpg
06-17-2021 @ 20:52:43 - URL:https://inspiry.co.nz/wp-content/uploads/2021/06/MK-UMB-140221TR.jpg Reason:Error getting remote image https://inspiry.co.nz/wp-content/uploads/2021/06/MK-UMB-140221TR.jpg. Error: Not Found
06-17-2021 @ 20:52:43 - Setting Gallery Images.
06-17-2021 @ 20:52:43 - Image URL:https://inspiry.co.nz/wp-content/uploads/2021/06/MK-UMB-140221TR-1.jpg
06-17-2021 @ 20:52:44 - Attachment ID:446343
06-17-2021 @ 20:52:44 - Row :58 - Product updated successfully.
06-17-2021 @ 20:52:44 - Row :59 - Parsing item.
06-17-2021 @ 20:52:44 - Row :59 - Processing item.
06-17-2021 @ 20:52:44 - Found simple product object. ID:446216
06-17-2021 @ 20:52:44 - Setting Featured Image. URL:https://inspiry.co.nz/wp-content/uploads/2021/06/MK-CATE-135221AS.jpg
06-17-2021 @ 20:52:45 - URL:https://inspiry.co.nz/wp-content/uploads/2021/06/MK-CATE-135221AS.jpg Reason:Error getting remote image https://inspiry.co.nz/wp-content/uploads/2021/06/MK-CATE-135221AS.jpg. Error: Not Found
06-17-2021 @ 20:52:45 - Setting Gallery Images.
06-17-2021 @ 20:52:45 - Image URL:https://inspiry.co.nz/wp-content/uploads/2021/06/MK-CATE-135221AS-1.jpg
06-17-2021 @ 20:52:45 - Attachment ID:446263
06-17-2021 @ 20:52:45 - Row :59 - Product updated successfully.
06-17-2021 @ 20:52:45 - Row :60 - Parsing item.
06-17-2021 @ 20:52:45 - Row :60 - Processing item.
06-17-2021 @ 20:52:45 - Found simple product object. ID:446217
06-17-2021 @ 20:52:45 - Setting Featured Image. URL:https://inspiry.co.nz/wp-content/uploads/2021/06/MK-CATE-135221CH.jpg
06-17-2021 @ 20:52:46 - URL:https://inspiry.co.nz/wp-content/uploads/2021/06/MK-CATE-135221CH.jpg Reason:Error getting remote image https://inspiry.co.nz/wp-content/uploads/2021/06/MK-CATE-135221CH.jpg. Error: Not Found
06-17-2021 @ 20:52:46 - Setting Gallery Images.
06-17-2021 @ 20:52:46 - Image URL:https://inspiry.co.nz/wp-content/uploads/2021/06/MK-CATE-135221CH-1.jpg
06-17-2021 @ 20:52:46 - Attachment ID:446264
06-17-2021 @ 20:52:47 - Row :60 - Product updated successfully.
06-17-2021 @ 20:52:47 - Preparing for import.
06-17-2021 @ 20:52:47 - Row :61 - Parsing item.
06-17-2021 @ 20:52:48 - Row :61 - Processing item.
06-17-2021 @ 20:52:48 - Found simple product object. ID:446218
06-17-2021 @ 20:52:48 - Setting Featured Image. URL:https://inspiry.co.nz/wp-content/uploads/2021/06/MK-CATE-135221LI.jpg
06-17-2021 @ 20:52:49 - URL:https://inspiry.co.nz/wp-content/uploads/2021/06/MK-CATE-135221LI.jpg Reason:Error getting remote image https://inspiry.co.nz/wp-content/uploads/2021/06/MK-CATE-135221LI.jpg. Error: Not Found
06-17-2021 @ 20:52:49 - Setting Gallery Images.
06-17-2021 @ 20:52:49 - Image URL:https://inspiry.co.nz/wp-content/uploads/2021/06/MK-CATE-135221LI-1.jpg
06-17-2021 @ 20:52:49 - Attachment ID:446265
06-17-2021 @ 20:52:49 - Row :61 - Product updated successfully.
06-17-2021 @ 20:52:49 - Row :62 - Parsing item.
06-17-2021 @ 20:52:49 - Row :62 - Processing item.
06-17-2021 @ 20:52:49 - Found simple product object. ID:446219
06-17-2021 @ 20:52:49 - Setting Featured Image. URL:https://inspiry.co.nz/wp-content/uploads/2021/06/MK-MON-180221AS.jpg
06-17-2021 @ 20:52:50 - URL:https://inspiry.co.nz/wp-content/uploads/2021/06/MK-MON-180221AS.jpg Reason:Error getting remote image https://inspiry.co.nz/wp-content/uploads/2021/06/MK-MON-180221AS.jpg. Error: Not Found
06-17-2021 @ 20:52:50 - Setting Gallery Images.
06-17-2021 @ 20:52:50 - Image URL:https://inspiry.co.nz/wp-content/uploads/2021/06/MK-MON-180221AS-1.jpg
06-17-2021 @ 20:52:50 - Attachment ID:446316
06-17-2021 @ 20:52:50 - Row :62 - Product updated successfully.
06-17-2021 @ 20:52:50 - Row :63 - Parsing item.
06-17-2021 @ 20:52:51 - Row :63 - Processing item.
06-17-2021 @ 20:52:51 - Found simple product object. ID:446220
06-17-2021 @ 20:52:51 - Setting Featured Image. URL:https://inspiry.co.nz/wp-content/uploads/2021/06/MK-MON-180221GR.jpg
06-17-2021 @ 20:52:51 - URL:https://inspiry.co.nz/wp-content/uploads/2021/06/MK-MON-180221GR.jpg Reason:Error getting remote image https://inspiry.co.nz/wp-content/uploads/2021/06/MK-MON-180221GR.jpg. Error: Not Found
06-17-2021 @ 20:52:51 - Setting Gallery Images.
06-17-2021 @ 20:52:51 - Image URL:https://inspiry.co.nz/wp-content/uploads/2021/06/MK-MON-180221GR-1.jpg
06-17-2021 @ 20:52:52 - Attachment ID:446317
06-17-2021 @ 20:52:52 - Row :63 - Product updated successfully.
06-17-2021 @ 20:52:52 - Row :64 - Parsing item.
06-17-2021 @ 20:52:52 - Row :64 - Processing item.
06-17-2021 @ 20:52:52 - Found simple product object. ID:446221
06-17-2021 @ 20:52:52 - Setting Featured Image. URL:https://inspiry.co.nz/wp-content/uploads/2021/06/MK-MON-180221WH.jpg
06-17-2021 @ 20:52:53 - URL:https://inspiry.co.nz/wp-content/uploads/2021/06/MK-MON-180221WH.jpg Reason:Error getting remote image https://inspiry.co.nz/wp-content/uploads/2021/06/MK-MON-180221WH.jpg. Error: Not Found
06-17-2021 @ 20:52:53 - Setting Gallery Images.
06-17-2021 @ 20:52:53 - Image URL:https://inspiry.co.nz/wp-content/uploads/2021/06/MK-MON-180221WH-1.jpg
06-17-2021 @ 20:52:53 - Attachment ID:446318
06-17-2021 @ 20:52:53 - Row :64 - Product updated successfully.
06-17-2021 @ 20:52:53 - Row :65 - Parsing item.
06-17-2021 @ 20:52:53 - Row :65 - Processing item.
06-17-2021 @ 20:52:53 - Found simple product object. ID:446222
06-17-2021 @ 20:52:53 - Setting Featured Image. URL:https://inspiry.co.nz/wp-content/uploads/2021/06/MK-MYK-180221AS.jpg
06-17-2021 @ 20:52:54 - URL:https://inspiry.co.nz/wp-content/uploads/2021/06/MK-MYK-180221AS.jpg Reason:Error getting remote image https://inspiry.co.nz/wp-content/uploads/2021/06/MK-MYK-180221AS.jpg. Error: Not Found
06-17-2021 @ 20:52:54 - Setting Gallery Images.
06-17-2021 @ 20:52:54 - Image URL:https://inspiry.co.nz/wp-content/uploads/2021/06/MK-MYK-180221AS-1.jpg
06-17-2021 @ 20:52:54 - Attachment ID:446322
06-17-2021 @ 20:52:55 - Row :65 - Product updated successfully.
06-17-2021 @ 20:52:55 - Row :66 - Parsing item.
06-17-2021 @ 20:52:55 - Row :66 - Processing item.
06-17-2021 @ 20:52:55 - Found simple product object. ID:446223
06-17-2021 @ 20:52:55 - Setting Featured Image. URL:https://inspiry.co.nz/wp-content/uploads/2021/06/MK-MYK-180221DU.jpg
06-17-2021 @ 20:52:56 - URL:https://inspiry.co.nz/wp-content/uploads/2021/06/MK-MYK-180221DU.jpg Reason:Error getting remote image https://inspiry.co.nz/wp-content/uploads/2021/06/MK-MYK-180221DU.jpg. Error: Not Found
06-17-2021 @ 20:52:56 - Setting Gallery Images.
06-17-2021 @ 20:52:56 - Image URL:https://inspiry.co.nz/wp-content/uploads/2021/06/MK-MYK-180221DU-1.jpg
06-17-2021 @ 20:52:56 - Attachment ID:446323
06-17-2021 @ 20:52:56 - Row :66 - Product updated successfully.
06-17-2021 @ 20:52:56 - Row :67 - Parsing item.
06-17-2021 @ 20:52:56 - Row :67 - Processing item.
06-17-2021 @ 20:52:56 - Found simple product object. ID:446224
06-17-2021 @ 20:52:56 - Setting Featured Image. URL:https://inspiry.co.nz/wp-content/uploads/2021/06/MK-MYK-180221IC.jpg
06-17-2021 @ 20:52:57 - URL:https://inspiry.co.nz/wp-content/uploads/2021/06/MK-MYK-180221IC.jpg Reason:Error getting remote image https://inspiry.co.nz/wp-content/uploads/2021/06/MK-MYK-180221IC.jpg. Error: Not Found
06-17-2021 @ 20:52:57 - Setting Gallery Images.
06-17-2021 @ 20:52:57 - Image URL:https://inspiry.co.nz/wp-content/uploads/2021/06/MK-MYK-180221IC-1.jpg
06-17-2021 @ 20:52:57 - Attachment ID:446324
06-17-2021 @ 20:52:58 - Row :67 - Product updated successfully.
06-17-2021 @ 20:52:58 - Row :68 - Parsing item.
06-17-2021 @ 20:52:58 - Row :68 - Processing item.
06-17-2021 @ 20:52:58 - Found simple product object. ID:446225
06-17-2021 @ 20:52:58 - Setting Featured Image. URL:https://inspiry.co.nz/wp-content/uploads/2021/06/MK-MYK-180221SN.jpg
06-17-2021 @ 20:52:59 - URL:https://inspiry.co.nz/wp-content/uploads/2021/06/MK-MYK-180221SN.jpg Reason:Error getting remote image https://inspiry.co.nz/wp-content/uploads/2021/06/MK-MYK-180221SN.jpg. Error: Not Found
06-17-2021 @ 20:52:59 - Setting Gallery Images.
06-17-2021 @ 20:52:59 - Image URL:https://inspiry.co.nz/wp-content/uploads/2021/06/MK-MYK-180221SN-1.jpg
06-17-2021 @ 20:52:59 - Attachment ID:446325
06-17-2021 @ 20:53:00 - Row :68 - Product updated successfully.
06-17-2021 @ 20:53:00 - Row :69 - Parsing item.
06-17-2021 @ 20:53:00 - Row :69 - Processing item.
06-17-2021 @ 20:53:00 - Found simple product object. ID:446226
06-17-2021 @ 20:53:00 - Setting Featured Image. URL:https://inspiry.co.nz/wp-content/uploads/2021/06/MK-SANT180221AS.jpg
06-17-2021 @ 20:53:01 - URL:https://inspiry.co.nz/wp-content/uploads/2021/06/MK-SANT180221AS.jpg Reason:Error getting remote image https://inspiry.co.nz/wp-content/uploads/2021/06/MK-SANT180221AS.jpg. Error: Not Found
06-17-2021 @ 20:53:01 - Setting Gallery Images.
06-17-2021 @ 20:53:01 - Image URL:https://inspiry.co.nz/wp-content/uploads/2021/06/MK-SANT180221AS-1.jpg
06-17-2021 @ 20:53:01 - Attachment ID:446338
06-17-2021 @ 20:53:01 - Row :69 - Product updated successfully.
06-17-2021 @ 20:53:01 - Row :70 - Parsing item.
06-17-2021 @ 20:53:01 - Row :70 - Processing item.
06-17-2021 @ 20:53:01 - Found simple product object. ID:446227
06-17-2021 @ 20:53:01 - Setting Featured Image. URL:https://inspiry.co.nz/wp-content/uploads/2021/06/MK-SANT180221DU.jpg
06-17-2021 @ 20:53:02 - URL:https://inspiry.co.nz/wp-content/uploads/2021/06/MK-SANT180221DU.jpg Reason:Error getting remote image https://inspiry.co.nz/wp-content/uploads/2021/06/MK-SANT180221DU.jpg. Error: Not Found
06-17-2021 @ 20:53:02 - Setting Gallery Images.
06-17-2021 @ 20:53:02 - Image URL:https://inspiry.co.nz/wp-content/uploads/2021/06/MK-SANT180221DU-1.jpg
06-17-2021 @ 20:53:02 - Attachment ID:446339
06-17-2021 @ 20:53:02 - Row :70 - Product updated successfully.
06-17-2021 @ 20:53:06 - Preparing for import.
06-17-2021 @ 20:53:06 - Row :71 - Parsing item.
06-17-2021 @ 20:53:06 - Row :71 - Processing item.
06-17-2021 @ 20:53:06 - Found simple product object. ID:446228
06-17-2021 @ 20:53:06 - Setting Featured Image. URL:https://inspiry.co.nz/wp-content/uploads/2021/06/MK-SANT180221IC.jpg
06-17-2021 @ 20:53:07 - URL:https://inspiry.co.nz/wp-content/uploads/2021/06/MK-SANT180221IC.jpg Reason:Error getting remote image https://inspiry.co.nz/wp-content/uploads/2021/06/MK-SANT180221IC.jpg. Error: Not Found
06-17-2021 @ 20:53:07 - Setting Gallery Images.
06-17-2021 @ 20:53:07 - Image URL:https://inspiry.co.nz/wp-content/uploads/2021/06/MK-SANT180221IC-1.jpg
06-17-2021 @ 20:53:08 - URL:https://inspiry.co.nz/wp-content/uploads/2021/06/MK-SANT180221IC-1.jpg Reason:Error getting remote image https://inspiry.co.nz/wp-content/uploads/2021/06/MK-SANT180221IC-1.jpg. Error: Not Found
06-17-2021 @ 20:53:08 - Row :71 - Product updated successfully.
06-17-2021 @ 20:53:08 - Row :72 - Parsing item.
06-17-2021 @ 20:53:08 - Row :72 - Processing item.
06-17-2021 @ 20:53:08 - Found simple product object. ID:446229
06-17-2021 @ 20:53:08 - Setting Featured Image. URL:https://inspiry.co.nz/wp-content/uploads/2021/06/MK-SANT180221SN.jpg
06-17-2021 @ 20:53:09 - URL:https://inspiry.co.nz/wp-content/uploads/2021/06/MK-SANT180221SN.jpg Reason:Error getting remote image https://inspiry.co.nz/wp-content/uploads/2021/06/MK-SANT180221SN.jpg. Error: Not Found
06-17-2021 @ 20:53:09 - Setting Gallery Images.
06-17-2021 @ 20:53:09 - Image URL:https://inspiry.co.nz/wp-content/uploads/2021/06/MK-SANT180221SN-1.jpg
06-17-2021 @ 20:53:09 - Attachment ID:446340
06-17-2021 @ 20:53:10 - Row :72 - Product updated successfully.
06-17-2021 @ 20:53:10 - Row :73 - Parsing item.
06-17-2021 @ 20:53:10 - Row :73 - Processing item.
06-17-2021 @ 20:53:10 - Found simple product object. ID:446230
06-17-2021 @ 20:53:10 - Setting Featured Image. URL:https://inspiry.co.nz/wp-content/uploads/2021/06/MK-ATRI060210BL.jpg
06-17-2021 @ 20:53:11 - URL:https://inspiry.co.nz/wp-content/uploads/2021/06/MK-ATRI060210BL.jpg Reason:Error getting remote image https://inspiry.co.nz/wp-content/uploads/2021/06/MK-ATRI060210BL.jpg. Error: Not Found
06-17-2021 @ 20:53:11 - Setting Gallery Images.
06-17-2021 @ 20:53:11 - Image URL:https://inspiry.co.nz/wp-content/uploads/2021/06/MK-ATRI060210BL-1.jpg
06-17-2021 @ 20:53:11 - Attachment ID:446254
06-17-2021 @ 20:53:12 - Row :73 - Product updated successfully.
06-17-2021 @ 20:53:12 - Row :74 - Parsing item.
06-17-2021 @ 20:53:12 - Row :74 - Processing item.
06-17-2021 @ 20:53:12 - Found simple product object. ID:446231
06-17-2021 @ 20:53:12 - Setting Featured Image. URL:https://inspiry.co.nz/wp-content/uploads/2021/06/MK-ATRI060210NS.jpg
06-17-2021 @ 20:53:13 - URL:https://inspiry.co.nz/wp-content/uploads/2021/06/MK-ATRI060210NS.jpg Reason:Error getting remote image https://inspiry.co.nz/wp-content/uploads/2021/06/MK-ATRI060210NS.jpg. Error: Not Found
06-17-2021 @ 20:53:13 - Setting Gallery Images.
06-17-2021 @ 20:53:13 - Image URL:https://inspiry.co.nz/wp-content/uploads/2021/06/MK-ATRI060210NS-1.jpg
06-17-2021 @ 20:53:13 - Attachment ID:446255
06-17-2021 @ 20:53:13 - Row :74 - Product updated successfully.
06-17-2021 @ 20:53:13 - Row :75 - Parsing item.
06-17-2021 @ 20:53:13 - Row :75 - Processing item.
06-17-2021 @ 20:53:13 - Found simple product object. ID:446232
06-17-2021 @ 20:53:13 - Setting Featured Image. URL:https://inspiry.co.nz/wp-content/uploads/2021/06/MK-ATRI060210SI.jpg
06-17-2021 @ 20:53:14 - URL:https://inspiry.co.nz/wp-content/uploads/2021/06/MK-ATRI060210SI.jpg Reason:Error getting remote image https://inspiry.co.nz/wp-content/uploads/2021/06/MK-ATRI060210SI.jpg. Error: Not Found
06-17-2021 @ 20:53:14 - Setting Gallery Images.
06-17-2021 @ 20:53:14 - Image URL:https://inspiry.co.nz/wp-content/uploads/2021/06/MK-ATRI060210SI-1.jpg
06-17-2021 @ 20:53:14 - Attachment ID:446256
06-17-2021 @ 20:53:15 - Row :75 - Product updated successfully.
06-17-2021 @ 20:53:15 - Row :76 - Parsing item.
06-17-2021 @ 20:53:15 - Row :76 - Processing item.
06-17-2021 @ 20:53:15 - Found simple product object. ID:446233
06-17-2021 @ 20:53:15 - Setting Featured Image. URL:https://inspiry.co.nz/wp-content/uploads/2021/06/MK-ATRI060210WH.jpg
06-17-2021 @ 20:53:15 - URL:https://inspiry.co.nz/wp-content/uploads/2021/06/MK-ATRI060210WH.jpg Reason:Error getting remote image https://inspiry.co.nz/wp-content/uploads/2021/06/MK-ATRI060210WH.jpg. Error: Not Found
06-17-2021 @ 20:53:15 - Setting Gallery Images.
06-17-2021 @ 20:53:15 - Image URL:https://inspiry.co.nz/wp-content/uploads/2021/06/MK-ATRI060210WH-1.jpg
06-17-2021 @ 20:53:16 - Attachment ID:446257
06-17-2021 @ 20:53:16 - Row :76 - Product updated successfully.
06-17-2021 @ 20:53:16 - Row :77 - Parsing item.
06-17-2021 @ 20:53:16 - Row :77 - Processing item.
06-17-2021 @ 20:53:16 - Found simple product object. ID:446234
06-17-2021 @ 20:53:16 - Setting Featured Image. URL:https://inspiry.co.nz/wp-content/uploads/2021/06/MK-CATO-210220AS.jpg
06-17-2021 @ 20:53:17 - URL:https://inspiry.co.nz/wp-content/uploads/2021/06/MK-CATO-210220AS.jpg Reason:Error getting remote image https://inspiry.co.nz/wp-content/uploads/2021/06/MK-CATO-210220AS.jpg. Error: Not Found
06-17-2021 @ 20:53:17 - Setting Gallery Images.
06-17-2021 @ 20:53:17 - Image URL:https://inspiry.co.nz/wp-content/uploads/2021/06/MK-CATO-210220AS-1.jpg
06-17-2021 @ 20:53:17 - Attachment ID:446266
06-17-2021 @ 20:53:17 - Row :77 - Product updated successfully.
06-17-2021 @ 20:53:17 - Row :78 - Parsing item.
06-17-2021 @ 20:53:17 - Row :78 - Processing item.
06-17-2021 @ 20:53:17 - Found simple product object. ID:446235
06-17-2021 @ 20:53:17 - Setting Featured Image. URL:https://inspiry.co.nz/wp-content/uploads/2021/06/MK-CATO-210220CH.jpg
06-17-2021 @ 20:53:18 - URL:https://inspiry.co.nz/wp-content/uploads/2021/06/MK-CATO-210220CH.jpg Reason:Error getting remote image https://inspiry.co.nz/wp-content/uploads/2021/06/MK-CATO-210220CH.jpg. Error: Not Found
06-17-2021 @ 20:53:18 - Setting Gallery Images.
06-17-2021 @ 20:53:18 - Image URL:https://inspiry.co.nz/wp-content/uploads/2021/06/MK-CATO-210220CH-1.jpg
06-17-2021 @ 20:53:18 - Attachment ID:446267
06-17-2021 @ 20:53:19 - Row :78 - Product updated successfully.
06-17-2021 @ 20:53:19 - Row :79 - Parsing item.
06-17-2021 @ 20:53:19 - Row :79 - Processing item.
06-17-2021 @ 20:53:19 - Found simple product object. ID:446236
06-17-2021 @ 20:53:19 - Setting Featured Image. URL:https://inspiry.co.nz/wp-content/uploads/2021/06/MK-CATO-210220LI.jpg
06-17-2021 @ 20:53:20 - URL:https://inspiry.co.nz/wp-content/uploads/2021/06/MK-CATO-210220LI.jpg Reason:Error getting remote image https://inspiry.co.nz/wp-content/uploads/2021/06/MK-CATO-210220LI.jpg. Error: Not Found
06-17-2021 @ 20:53:20 - Setting Gallery Images.
06-17-2021 @ 20:53:20 - Image URL:https://inspiry.co.nz/wp-content/uploads/2021/06/MK-CATO-210220LI-1.jpg
06-17-2021 @ 20:53:20 - Attachment ID:446268
06-17-2021 @ 20:53:20 - Row :79 - Product updated successfully.
06-17-2021 @ 20:53:20 - Row :80 - Parsing item.
06-17-2021 @ 20:53:20 - Row :80 - Processing item.
06-17-2021 @ 20:53:20 - Found simple product object. ID:446237
06-17-2021 @ 20:53:20 - Setting Featured Image. URL:https://inspiry.co.nz/wp-content/uploads/2021/06/MK-VIS060240BL.jpg
06-17-2021 @ 20:53:21 - URL:https://inspiry.co.nz/wp-content/uploads/2021/06/MK-VIS060240BL.jpg Reason:Error getting remote image https://inspiry.co.nz/wp-content/uploads/2021/06/MK-VIS060240BL.jpg. Error: Not Found
06-17-2021 @ 20:53:21 - Setting Gallery Images.
06-17-2021 @ 20:53:21 - Image URL:https://inspiry.co.nz/wp-content/uploads/2021/06/MK-VIS060240BL-1.jpg
06-17-2021 @ 20:53:22 - Attachment ID:446344
06-17-2021 @ 20:53:22 - Row :80 - Product updated successfully.
06-17-2021 @ 20:53:24 - Preparing for import.
06-17-2021 @ 20:53:24 - Row :81 - Parsing item.
06-17-2021 @ 20:53:24 - Row :81 - Processing item.
06-17-2021 @ 20:53:24 - Found simple product object. ID:446238
06-17-2021 @ 20:53:24 - Setting Featured Image. URL:https://inspiry.co.nz/wp-content/uploads/2021/06/MK-VIS060240SI.jpg
06-17-2021 @ 20:53:25 - URL:https://inspiry.co.nz/wp-content/uploads/2021/06/MK-VIS060240SI.jpg Reason:Error getting remote image https://inspiry.co.nz/wp-content/uploads/2021/06/MK-VIS060240SI.jpg. Error: Not Found
06-17-2021 @ 20:53:25 - Setting Gallery Images.
06-17-2021 @ 20:53:25 - Image URL:https://inspiry.co.nz/wp-content/uploads/2021/06/MK-VIS060240SI-1.jpg
06-17-2021 @ 20:53:25 - Attachment ID:446345
06-17-2021 @ 20:53:26 - Row :81 - Product updated successfully.
06-17-2021 @ 20:53:26 - Row :82 - Parsing item.
06-17-2021 @ 20:53:26 - Row :82 - Processing item.
06-17-2021 @ 20:53:26 - Found simple product object. ID:446239
06-17-2021 @ 20:53:26 - Setting Featured Image. URL:https://inspiry.co.nz/wp-content/uploads/2021/06/MK-VIS060240ST.jpg
06-17-2021 @ 20:53:27 - URL:https://inspiry.co.nz/wp-content/uploads/2021/06/MK-VIS060240ST.jpg Reason:Error getting remote image https://inspiry.co.nz/wp-content/uploads/2021/06/MK-VIS060240ST.jpg. Error: Not Found
06-17-2021 @ 20:53:27 - Setting Gallery Images.
06-17-2021 @ 20:53:27 - Image URL:https://inspiry.co.nz/wp-content/uploads/2021/06/MK-VIS060240ST-1.jpg
06-17-2021 @ 20:53:27 - Attachment ID:446346
06-17-2021 @ 20:53:27 - Row :82 - Product updated successfully.
06-17-2021 @ 20:53:27 - Row :83 - Parsing item.
06-17-2021 @ 20:53:27 - Row :83 - Processing item.
06-17-2021 @ 20:53:27 - Found simple product object. ID:446240
06-17-2021 @ 20:53:27 - Setting Featured Image. URL:https://inspiry.co.nz/wp-content/uploads/2021/06/MK-VIS060240WH.jpg
06-17-2021 @ 20:53:28 - URL:https://inspiry.co.nz/wp-content/uploads/2021/06/MK-VIS060240WH.jpg Reason:Error getting remote image https://inspiry.co.nz/wp-content/uploads/2021/06/MK-VIS060240WH.jpg. Error: Not Found
06-17-2021 @ 20:53:28 - Setting Gallery Images.
06-17-2021 @ 20:53:28 - Image URL:https://inspiry.co.nz/wp-content/uploads/2021/06/MK-VIS060240WH-1.jpg
06-17-2021 @ 20:53:28 - Attachment ID:446347
06-17-2021 @ 20:53:28 - Row :83 - Product updated successfully.
06-17-2021 @ 20:53:28 - Row :84 - Parsing item.
06-17-2021 @ 20:53:28 - Row :84 - Processing item.
06-17-2021 @ 20:53:29 - Found simple product object. ID:446241
06-17-2021 @ 20:53:29 - Setting Featured Image. URL:https://inspiry.co.nz/wp-content/uploads/2021/06/MK-PILB-300LI.jpg
06-17-2021 @ 20:53:29 - URL:https://inspiry.co.nz/wp-content/uploads/2021/06/MK-PILB-300LI.jpg Reason:Error getting remote image https://inspiry.co.nz/wp-content/uploads/2021/06/MK-PILB-300LI.jpg. Error: Not Found
06-17-2021 @ 20:53:29 - Setting Gallery Images.
06-17-2021 @ 20:53:29 - Image URL:https://inspiry.co.nz/wp-content/uploads/2021/06/MK-PILB-300LI-1.jpg
06-17-2021 @ 20:53:30 - Attachment ID:446330
06-17-2021 @ 20:53:30 - Row :84 - Product updated successfully.
06-17-2021 @ 20:53:30 - Row :85 - Parsing item.
06-17-2021 @ 20:53:30 - Row :85 - Processing item.
06-17-2021 @ 20:53:30 - Found simple product object. ID:446242
06-17-2021 @ 20:53:30 - Setting Featured Image. URL:https://inspiry.co.nz/wp-content/uploads/2021/06/MK-PILB-300MA.jpg
06-17-2021 @ 20:53:31 - URL:https://inspiry.co.nz/wp-content/uploads/2021/06/MK-PILB-300MA.jpg Reason:Error getting remote image https://inspiry.co.nz/wp-content/uploads/2021/06/MK-PILB-300MA.jpg. Error: Not Found
06-17-2021 @ 20:53:31 - Setting Gallery Images.
06-17-2021 @ 20:53:31 - Image URL:https://inspiry.co.nz/wp-content/uploads/2021/06/MK-PILB-300MA-1.jpg
06-17-2021 @ 20:53:31 - Attachment ID:446331
06-17-2021 @ 20:53:31 - Row :85 - Product updated successfully.
06-17-2021 @ 20:53:31 - Row :86 - Parsing item.
06-17-2021 @ 20:53:31 - Row :86 - Processing item.
06-17-2021 @ 20:53:31 - Found simple product object. ID:446243
06-17-2021 @ 20:53:31 - Setting Featured Image. URL:https://inspiry.co.nz/wp-content/uploads/2021/06/MK-PILB-300PE.jpg
06-17-2021 @ 20:53:32 - URL:https://inspiry.co.nz/wp-content/uploads/2021/06/MK-PILB-300PE.jpg Reason:Error getting remote image https://inspiry.co.nz/wp-content/uploads/2021/06/MK-PILB-300PE.jpg. Error: Not Found
06-17-2021 @ 20:53:32 - Setting Gallery Images.
06-17-2021 @ 20:53:32 - Image URL:https://inspiry.co.nz/wp-content/uploads/2021/06/MK-PILB-300PE-1.jpg
06-17-2021 @ 20:53:32 - Attachment ID:446333
06-17-2021 @ 20:53:33 - Row :86 - Product updated successfully.
06-17-2021 @ 20:53:33 - Row :87 - Parsing item.
06-17-2021 @ 20:53:33 - Row :87 - Processing item.
06-17-2021 @ 20:53:33 - Found simple product object. ID:446244
06-17-2021 @ 20:53:33 - Setting Featured Image. URL:https://inspiry.co.nz/wp-content/uploads/2021/06/MK-PILB-300QU.jpg
06-17-2021 @ 20:53:33 - URL:https://inspiry.co.nz/wp-content/uploads/2021/06/MK-PILB-300QU.jpg Reason:Error getting remote image https://inspiry.co.nz/wp-content/uploads/2021/06/MK-PILB-300QU.jpg. Error: Not Found
06-17-2021 @ 20:53:33 - Setting Gallery Images.
06-17-2021 @ 20:53:33 - Image URL:https://inspiry.co.nz/wp-content/uploads/2021/06/MK-PILB-300QU-1.jpg
06-17-2021 @ 20:53:34 - Attachment ID:446334
06-17-2021 @ 20:53:34 - Row :87 - Product updated successfully.
06-17-2021 @ 20:53:34 - Row :88 - Parsing item.
06-17-2021 @ 20:53:34 - Row :88 - Processing item.
06-17-2021 @ 20:53:34 - Found simple product object. ID:446245
06-17-2021 @ 20:53:34 - Setting Featured Image. URL:https://inspiry.co.nz/wp-content/uploads/2021/06/MK-PILB-300ST.jpg
06-17-2021 @ 20:53:35 - URL:https://inspiry.co.nz/wp-content/uploads/2021/06/MK-PILB-300ST.jpg Reason:Error getting remote image https://inspiry.co.nz/wp-content/uploads/2021/06/MK-PILB-300ST.jpg. Error: Not Found
06-17-2021 @ 20:53:35 - Setting Gallery Images.
06-17-2021 @ 20:53:35 - Image URL:https://inspiry.co.nz/wp-content/uploads/2021/06/MK-PILB-300ST-1.jpg
06-17-2021 @ 20:53:35 - Attachment ID:446335
06-17-2021 @ 20:53:35 - Row :88 - Product updated successfully.
06-17-2021 @ 20:53:35 - Row :89 - Parsing item.
06-17-2021 @ 20:53:35 - Row :89 - Processing item.
06-17-2021 @ 20:53:35 - Found simple product object. ID:446246
06-17-2021 @ 20:53:35 - Setting Featured Image. URL:https://inspiry.co.nz/wp-content/uploads/2021/06/MK-PILB-300TA.jpg
06-17-2021 @ 20:53:36 - URL:https://inspiry.co.nz/wp-content/uploads/2021/06/MK-PILB-300TA.jpg Reason:Error getting remote image https://inspiry.co.nz/wp-content/uploads/2021/06/MK-PILB-300TA.jpg. Error: Not Found
06-17-2021 @ 20:53:36 - Setting Gallery Images.
06-17-2021 @ 20:53:36 - Image URL:https://inspiry.co.nz/wp-content/uploads/2021/06/MK-PILB-300TA-1.jpg
06-17-2021 @ 20:53:36 - Attachment ID:446336
06-17-2021 @ 20:53:37 - Row :89 - Product updated successfully.
06-17-2021 @ 20:53:37 - Row :90 - Parsing item.
06-17-2021 @ 20:53:37 - Row :90 - Processing item.
06-17-2021 @ 20:53:37 - Found simple product object. ID:446247
06-17-2021 @ 20:53:37 - Setting Featured Image. URL:https://inspiry.co.nz/wp-content/uploads/2021/06/MK-PILB-300GR.jpg
06-17-2021 @ 20:53:37 - URL:https://inspiry.co.nz/wp-content/uploads/2021/06/MK-PILB-300GR.jpg Reason:Error getting remote image https://inspiry.co.nz/wp-content/uploads/2021/06/MK-PILB-300GR.jpg. Error: Not Found
06-17-2021 @ 20:53:37 - Setting Gallery Images.
06-17-2021 @ 20:53:37 - Image URL:https://inspiry.co.nz/wp-content/uploads/2021/06/MK-PILB-300GR-1.jpg
06-17-2021 @ 20:53:38 - Attachment ID:446328
06-17-2021 @ 20:53:38 - Row :90 - Product updated successfully.
06-17-2021 @ 20:53:41 - Preparing for import.
06-17-2021 @ 20:53:41 - Row :91 - Parsing item.
06-17-2021 @ 20:53:41 - Row :91 - Processing item.
06-17-2021 @ 20:53:41 - Found simple product object. ID:446248
06-17-2021 @ 20:53:41 - Setting Featured Image. URL:https://inspiry.co.nz/wp-content/uploads/2021/06/MK-PILB-300PA.jpg
06-17-2021 @ 20:53:41 - URL:https://inspiry.co.nz/wp-content/uploads/2021/06/MK-PILB-300PA.jpg Reason:Error getting remote image https://inspiry.co.nz/wp-content/uploads/2021/06/MK-PILB-300PA.jpg. Error: Not Found
06-17-2021 @ 20:53:41 - Setting Gallery Images.
06-17-2021 @ 20:53:41 - Image URL:https://inspiry.co.nz/wp-content/uploads/2021/06/MK-PILB-300PA-1.jpg
06-17-2021 @ 20:53:42 - Attachment ID:446332
06-17-2021 @ 20:53:42 - Row :91 - Product updated successfully.
06-17-2021 @ 20:53:42 - Row :92 - Parsing item.
06-17-2021 @ 20:53:42 - Row :92 - Processing item.
06-17-2021 @ 20:53:42 - Found simple product object. ID:446249
06-17-2021 @ 20:53:42 - Setting Featured Image. URL:https://inspiry.co.nz/wp-content/uploads/2021/06/MK-PILB-300BR.jpg
06-17-2021 @ 20:53:43 - URL:https://inspiry.co.nz/wp-content/uploads/2021/06/MK-PILB-300BR.jpg Reason:Error getting remote image https://inspiry.co.nz/wp-content/uploads/2021/06/MK-PILB-300BR.jpg. Error: Not Found
06-17-2021 @ 20:53:43 - Setting Gallery Images.
06-17-2021 @ 20:53:43 - Image URL:https://inspiry.co.nz/wp-content/uploads/2021/06/MK-PILB-300BR-1.jpg
06-17-2021 @ 20:53:44 - URL:https://inspiry.co.nz/wp-content/uploads/2021/06/MK-PILB-300BR-1.jpg Reason:Error getting remote image https://inspiry.co.nz/wp-content/uploads/2021/06/MK-PILB-300BR-1.jpg. Error: Not Found
06-17-2021 @ 20:53:44 - Row :92 - Product updated successfully.
06-17-2021 @ 20:53:44 - Row :93 - Parsing item.
06-17-2021 @ 20:53:44 - Row :93 - Processing item.
06-17-2021 @ 20:53:44 - Found simple product object. ID:446250
06-17-2021 @ 20:53:44 - Setting Featured Image. URL:https://inspiry.co.nz/wp-content/uploads/2021/06/MK-PILB-300VO.jpg
06-17-2021 @ 20:53:45 - URL:https://inspiry.co.nz/wp-content/uploads/2021/06/MK-PILB-300VO.jpg Reason:Error getting remote image https://inspiry.co.nz/wp-content/uploads/2021/06/MK-PILB-300VO.jpg. Error: Not Found
06-17-2021 @ 20:53:45 - Setting Gallery Images.
06-17-2021 @ 20:53:45 - Image URL:https://inspiry.co.nz/wp-content/uploads/2021/06/MK-PILB-300VO-1.jpg
06-17-2021 @ 20:53:45 - Attachment ID:446337
06-17-2021 @ 20:53:45 - Row :93 - Product updated successfully.
06-17-2021 @ 20:53:45 - Row :94 - Parsing item.
06-17-2021 @ 20:53:46 - Row :94 - Processing item.
06-17-2021 @ 20:53:46 - Found simple product object. ID:446251
06-17-2021 @ 20:53:46 - Setting Featured Image. URL:https://inspiry.co.nz/wp-content/uploads/2021/06/MK-PILB-300FL.jpg
06-17-2021 @ 20:53:46 - URL:https://inspiry.co.nz/wp-content/uploads/2021/06/MK-PILB-300FL.jpg Reason:Error getting remote image https://inspiry.co.nz/wp-content/uploads/2021/06/MK-PILB-300FL.jpg. Error: Not Found
06-17-2021 @ 20:53:46 - Setting Gallery Images.
06-17-2021 @ 20:53:46 - Image URL:https://inspiry.co.nz/wp-content/uploads/2021/06/MK-PILB-300FL-1.jpg
06-17-2021 @ 20:53:47 - URL:https://inspiry.co.nz/wp-content/uploads/2021/06/MK-PILB-300FL-1.jpg Reason:Error getting remote image https://inspiry.co.nz/wp-content/uploads/2021/06/MK-PILB-300FL-1.jpg. Error: Not Found
06-17-2021 @ 20:53:47 - Row :94 - Product updated successfully.
06-17-2021 @ 20:53:47 - Row :95 - Parsing item.
06-17-2021 @ 20:53:48 - Row :95 - Processing item.
06-17-2021 @ 20:53:48 - Found simple product object. ID:446252
06-17-2021 @ 20:53:48 - Setting Featured Image. URL:https://inspiry.co.nz/wp-content/uploads/2021/06/MK-PILB-300IC.jpg
06-17-2021 @ 20:53:48 - URL:https://inspiry.co.nz/wp-content/uploads/2021/06/MK-PILB-300IC.jpg Reason:Error getting remote image https://inspiry.co.nz/wp-content/uploads/2021/06/MK-PILB-300IC.jpg. Error: Not Found
06-17-2021 @ 20:53:48 - Setting Gallery Images.
06-17-2021 @ 20:53:48 - Image URL:https://inspiry.co.nz/wp-content/uploads/2021/06/MK-PILB-300IC-1.jpg
06-17-2021 @ 20:53:49 - Attachment ID:446329
06-17-2021 @ 20:53:49 - Row :95 - Product updated successfully.
06-17-2021 @ 20:53:49 - ---[ Import ended at 2021-06-17 08:53:49]---
