06-19-2021 @ 20:46:07 - ---[ New import started at 2021-06-19 08:46:07 ] PHP Memory: 768 MB, WP Memory: 40 MB
06-19-2021 @ 20:46:07 - Preparing for import.
06-19-2021 @ 20:46:07 - Row :1 - Parsing item.
06-19-2021 @ 20:46:07 - Row :1 - Processing item.
06-19-2021 @ 20:46:07 - Found simple product object. ID:446600
06-19-2021 @ 20:46:07 - Setting Featured Image. URL:https://inspiry.co.nz/wp-content/uploads/2020/11/Inspiry_Logo-transparent-1.png
06-19-2021 @ 20:46:07 - Attachment ID:446642
06-19-2021 @ 20:46:08 - Row :1 - Product updated successfully.
06-19-2021 @ 20:46:08 - Row :2 - Parsing item.
06-19-2021 @ 20:46:08 - Row :2 - Processing item.
06-19-2021 @ 20:46:08 - Found simple product object. ID:446601
06-19-2021 @ 20:46:08 - Setting Featured Image. URL:https://inspiry.co.nz/wp-content/uploads/2020/11/Inspiry_Logo-transparent-1.png
06-19-2021 @ 20:46:08 - Attachment ID:446642
06-19-2021 @ 20:46:08 - Row :2 - Product updated successfully.
06-19-2021 @ 20:46:08 - Row :3 - Parsing item.
06-19-2021 @ 20:46:08 - Row :3 - Processing item.
06-19-2021 @ 20:46:08 - Found simple product object. ID:446602
06-19-2021 @ 20:46:08 - Setting Featured Image. URL:https://inspiry.co.nz/wp-content/uploads/2020/11/Inspiry_Logo-transparent-1.png
06-19-2021 @ 20:46:08 - Attachment ID:446642
06-19-2021 @ 20:46:09 - Row :3 - Product updated successfully.
06-19-2021 @ 20:46:09 - Row :4 - Parsing item.
06-19-2021 @ 20:46:09 - Row :4 - Processing item.
06-19-2021 @ 20:46:09 - Found simple product object. ID:446603
06-19-2021 @ 20:46:09 - Setting Featured Image. URL:https://inspiry.co.nz/wp-content/uploads/2020/11/Inspiry_Logo-transparent-1.png
06-19-2021 @ 20:46:09 - Attachment ID:446642
06-19-2021 @ 20:46:09 - Row :4 - Product updated successfully.
06-19-2021 @ 20:46:09 - Row :5 - Parsing item.
06-19-2021 @ 20:46:09 - Row :5 - Processing item.
06-19-2021 @ 20:46:09 - Found simple product object. ID:446604
06-19-2021 @ 20:46:09 - Setting Featured Image. URL:https://inspiry.co.nz/wp-content/uploads/2020/11/Inspiry_Logo-transparent-1.png
06-19-2021 @ 20:46:09 - Attachment ID:446642
06-19-2021 @ 20:46:10 - Row :5 - Product updated successfully.
06-19-2021 @ 20:46:10 - Row :6 - Parsing item.
06-19-2021 @ 20:46:10 - Row :6 - Processing item.
06-19-2021 @ 20:46:10 - Found simple product object. ID:446605
06-19-2021 @ 20:46:10 - Setting Featured Image. URL:https://inspiry.co.nz/wp-content/uploads/2020/11/Inspiry_Logo-transparent-1.png
06-19-2021 @ 20:46:10 - Attachment ID:446642
06-19-2021 @ 20:46:10 - Row :6 - Product updated successfully.
06-19-2021 @ 20:46:10 - Row :7 - Parsing item.
06-19-2021 @ 20:46:10 - Row :7 - Processing item.
06-19-2021 @ 20:46:10 - Found simple product object. ID:446606
06-19-2021 @ 20:46:10 - Setting Featured Image. URL:https://inspiry.co.nz/wp-content/uploads/2020/11/Inspiry_Logo-transparent-1.png
06-19-2021 @ 20:46:10 - Attachment ID:446642
06-19-2021 @ 20:46:11 - Row :7 - Product updated successfully.
06-19-2021 @ 20:46:11 - Row :8 - Parsing item.
06-19-2021 @ 20:46:11 - Row :8 - Processing item.
06-19-2021 @ 20:46:11 - Found simple product object. ID:446607
06-19-2021 @ 20:46:11 - Setting Featured Image. URL:https://inspiry.co.nz/wp-content/uploads/2020/11/Inspiry_Logo-transparent-1.png
06-19-2021 @ 20:46:11 - Attachment ID:446642
06-19-2021 @ 20:46:11 - Row :8 - Product updated successfully.
06-19-2021 @ 20:46:11 - Row :9 - Parsing item.
06-19-2021 @ 20:46:11 - Row :9 - Processing item.
06-19-2021 @ 20:46:11 - Found simple product object. ID:446608
06-19-2021 @ 20:46:11 - Setting Featured Image. URL:https://inspiry.co.nz/wp-content/uploads/2020/11/Inspiry_Logo-transparent-1.png
06-19-2021 @ 20:46:11 - Attachment ID:446642
06-19-2021 @ 20:46:12 - Row :9 - Product updated successfully.
06-19-2021 @ 20:46:12 - Row :10 - Parsing item.
06-19-2021 @ 20:46:12 - Row :10 - Processing item.
06-19-2021 @ 20:46:12 - Found simple product object. ID:446609
06-19-2021 @ 20:46:12 - Setting Featured Image. URL:https://inspiry.co.nz/wp-content/uploads/2020/11/Inspiry_Logo-transparent-1.png
06-19-2021 @ 20:46:12 - Attachment ID:446642
06-19-2021 @ 20:46:12 - Row :10 - Product updated successfully.
06-19-2021 @ 20:46:14 - Preparing for import.
06-19-2021 @ 20:46:14 - Row :11 - Parsing item.
06-19-2021 @ 20:46:14 - Row :11 - Processing item.
06-19-2021 @ 20:46:14 - Found simple product object. ID:446610
06-19-2021 @ 20:46:14 - Setting Featured Image. URL:https://inspiry.co.nz/wp-content/uploads/2020/11/Inspiry_Logo-transparent-1.png
06-19-2021 @ 20:46:14 - Attachment ID:446642
06-19-2021 @ 20:46:14 - Row :11 - Product updated successfully.
06-19-2021 @ 20:46:14 - Row :12 - Parsing item.
06-19-2021 @ 20:46:14 - Row :12 - Processing item.
06-19-2021 @ 20:46:14 - Found simple product object. ID:446611
06-19-2021 @ 20:46:14 - Setting Featured Image. URL:https://inspiry.co.nz/wp-content/uploads/2020/11/Inspiry_Logo-transparent-1.png
06-19-2021 @ 20:46:15 - Attachment ID:446642
06-19-2021 @ 20:46:15 - Row :12 - Product updated successfully.
06-19-2021 @ 20:46:15 - Row :13 - Parsing item.
06-19-2021 @ 20:46:15 - Row :13 - Processing item.
06-19-2021 @ 20:46:15 - Found simple product object. ID:446612
06-19-2021 @ 20:46:15 - Setting Featured Image. URL:https://inspiry.co.nz/wp-content/uploads/2020/11/Inspiry_Logo-transparent-1.png
06-19-2021 @ 20:46:15 - Attachment ID:446642
06-19-2021 @ 20:46:15 - Row :13 - Product updated successfully.
06-19-2021 @ 20:46:15 - Row :14 - Parsing item.
06-19-2021 @ 20:46:15 - Row :14 - Processing item.
06-19-2021 @ 20:46:15 - Found simple product object. ID:446613
06-19-2021 @ 20:46:15 - Setting Featured Image. URL:https://inspiry.co.nz/wp-content/uploads/2020/11/Inspiry_Logo-transparent-1.png
06-19-2021 @ 20:46:15 - Attachment ID:446642
06-19-2021 @ 20:46:16 - Row :14 - Product updated successfully.
06-19-2021 @ 20:46:16 - Row :15 - Parsing item.
06-19-2021 @ 20:46:16 - Row :15 - Processing item.
06-19-2021 @ 20:46:16 - Found simple product object. ID:446614
06-19-2021 @ 20:46:16 - Setting Featured Image. URL:https://inspiry.co.nz/wp-content/uploads/2020/11/Inspiry_Logo-transparent-1.png
06-19-2021 @ 20:46:16 - Attachment ID:446642
06-19-2021 @ 20:46:16 - Row :15 - Product updated successfully.
06-19-2021 @ 20:46:16 - Row :16 - Parsing item.
06-19-2021 @ 20:46:16 - Row :16 - Processing item.
06-19-2021 @ 20:46:16 - Found simple product object. ID:446615
06-19-2021 @ 20:46:16 - Setting Featured Image. URL:https://inspiry.co.nz/wp-content/uploads/2020/11/Inspiry_Logo-transparent-1.png
06-19-2021 @ 20:46:16 - Attachment ID:446642
06-19-2021 @ 20:46:17 - Row :16 - Product updated successfully.
06-19-2021 @ 20:46:17 - Row :17 - Parsing item.
06-19-2021 @ 20:46:17 - Row :17 - Processing item.
06-19-2021 @ 20:46:17 - Found simple product object. ID:446616
06-19-2021 @ 20:46:17 - Setting Featured Image. URL:https://inspiry.co.nz/wp-content/uploads/2020/11/Inspiry_Logo-transparent-1.png
06-19-2021 @ 20:46:17 - Attachment ID:446642
06-19-2021 @ 20:46:17 - Row :17 - Product updated successfully.
06-19-2021 @ 20:46:17 - Row :18 - Parsing item.
06-19-2021 @ 20:46:17 - Row :18 - Processing item.
06-19-2021 @ 20:46:17 - Found simple product object. ID:446617
06-19-2021 @ 20:46:17 - Setting Featured Image. URL:https://inspiry.co.nz/wp-content/uploads/2020/11/Inspiry_Logo-transparent-1.png
06-19-2021 @ 20:46:17 - Attachment ID:446642
06-19-2021 @ 20:46:18 - Row :18 - Product updated successfully.
06-19-2021 @ 20:46:18 - Row :19 - Parsing item.
06-19-2021 @ 20:46:18 - Row :19 - Processing item.
06-19-2021 @ 20:46:18 - Found simple product object. ID:446618
06-19-2021 @ 20:46:18 - Setting Featured Image. URL:https://inspiry.co.nz/wp-content/uploads/2020/11/Inspiry_Logo-transparent-1.png
06-19-2021 @ 20:46:18 - Attachment ID:446642
06-19-2021 @ 20:46:18 - Row :19 - Product updated successfully.
06-19-2021 @ 20:46:18 - Row :20 - Parsing item.
06-19-2021 @ 20:46:18 - Row :20 - Processing item.
06-19-2021 @ 20:46:18 - Found simple product object. ID:446619
06-19-2021 @ 20:46:18 - Setting Featured Image. URL:https://inspiry.co.nz/wp-content/uploads/2020/11/Inspiry_Logo-transparent-1.png
06-19-2021 @ 20:46:18 - Attachment ID:446642
06-19-2021 @ 20:46:19 - Row :20 - Product updated successfully.
06-19-2021 @ 20:46:23 - Preparing for import.
06-19-2021 @ 20:46:23 - Row :21 - Parsing item.
06-19-2021 @ 20:46:23 - Row :21 - Processing item.
06-19-2021 @ 20:46:23 - Found simple product object. ID:446620
06-19-2021 @ 20:46:23 - Setting Featured Image. URL:https://inspiry.co.nz/wp-content/uploads/2020/11/Inspiry_Logo-transparent-1.png
06-19-2021 @ 20:46:23 - Attachment ID:446642
06-19-2021 @ 20:46:23 - Row :21 - Product updated successfully.
06-19-2021 @ 20:46:23 - Row :22 - Parsing item.
06-19-2021 @ 20:46:23 - Row :22 - Processing item.
06-19-2021 @ 20:46:23 - Found simple product object. ID:446621
06-19-2021 @ 20:46:23 - Setting Featured Image. URL:https://inspiry.co.nz/wp-content/uploads/2020/11/Inspiry_Logo-transparent-1.png
06-19-2021 @ 20:46:24 - Attachment ID:446642
06-19-2021 @ 20:46:24 - Row :22 - Product updated successfully.
06-19-2021 @ 20:46:24 - Row :23 - Parsing item.
06-19-2021 @ 20:46:24 - Row :23 - Processing item.
06-19-2021 @ 20:46:24 - Found simple product object. ID:446622
06-19-2021 @ 20:46:24 - Setting Featured Image. URL:https://inspiry.co.nz/wp-content/uploads/2020/11/Inspiry_Logo-transparent-1.png
06-19-2021 @ 20:46:24 - Attachment ID:446642
06-19-2021 @ 20:46:25 - Row :23 - Product updated successfully.
06-19-2021 @ 20:46:25 - Row :24 - Parsing item.
06-19-2021 @ 20:46:25 - Row :24 - Processing item.
06-19-2021 @ 20:46:25 - Found simple product object. ID:446623
06-19-2021 @ 20:46:25 - Setting Featured Image. URL:https://inspiry.co.nz/wp-content/uploads/2020/11/Inspiry_Logo-transparent-1.png
06-19-2021 @ 20:46:25 - Attachment ID:446642
06-19-2021 @ 20:46:25 - Row :24 - Product updated successfully.
06-19-2021 @ 20:46:25 - Row :25 - Parsing item.
06-19-2021 @ 20:46:25 - Row :25 - Processing item.
06-19-2021 @ 20:46:25 - Found simple product object. ID:446624
06-19-2021 @ 20:46:25 - Setting Featured Image. URL:https://inspiry.co.nz/wp-content/uploads/2020/11/Inspiry_Logo-transparent-1.png
06-19-2021 @ 20:46:25 - Attachment ID:446642
06-19-2021 @ 20:46:26 - Row :25 - Product updated successfully.
06-19-2021 @ 20:46:26 - Row :26 - Parsing item.
06-19-2021 @ 20:46:26 - Row :26 - Processing item.
06-19-2021 @ 20:46:26 - Found simple product object. ID:446625
06-19-2021 @ 20:46:26 - Setting Featured Image. URL:https://inspiry.co.nz/wp-content/uploads/2020/11/Inspiry_Logo-transparent-1.png
06-19-2021 @ 20:46:26 - Attachment ID:446642
06-19-2021 @ 20:46:27 - Row :26 - Product updated successfully.
06-19-2021 @ 20:46:27 - Row :27 - Parsing item.
06-19-2021 @ 20:46:27 - Row :27 - Processing item.
06-19-2021 @ 20:46:27 - Found simple product object. ID:446626
06-19-2021 @ 20:46:27 - Setting Featured Image. URL:https://inspiry.co.nz/wp-content/uploads/2020/11/Inspiry_Logo-transparent-1.png
06-19-2021 @ 20:46:27 - Attachment ID:446642
06-19-2021 @ 20:46:27 - Row :27 - Product updated successfully.
06-19-2021 @ 20:46:27 - Row :28 - Parsing item.
06-19-2021 @ 20:46:27 - Row :28 - Processing item.
06-19-2021 @ 20:46:27 - Found simple product object. ID:446627
06-19-2021 @ 20:46:27 - Setting Featured Image. URL:https://inspiry.co.nz/wp-content/uploads/2020/11/Inspiry_Logo-transparent-1.png
06-19-2021 @ 20:46:27 - Attachment ID:446642
06-19-2021 @ 20:46:27 - Row :28 - Product updated successfully.
06-19-2021 @ 20:46:27 - Row :29 - Parsing item.
06-19-2021 @ 20:46:27 - Row :29 - Processing item.
06-19-2021 @ 20:46:27 - Found simple product object. ID:446628
06-19-2021 @ 20:46:27 - Setting Featured Image. URL:https://inspiry.co.nz/wp-content/uploads/2020/11/Inspiry_Logo-transparent-1.png
06-19-2021 @ 20:46:28 - Attachment ID:446642
06-19-2021 @ 20:46:28 - Row :29 - Product updated successfully.
06-19-2021 @ 20:46:28 - Row :30 - Parsing item.
06-19-2021 @ 20:46:28 - Row :30 - Processing item.
06-19-2021 @ 20:46:28 - Found simple product object. ID:446629
06-19-2021 @ 20:46:28 - Setting Featured Image. URL:https://inspiry.co.nz/wp-content/uploads/2020/11/Inspiry_Logo-transparent-1.png
06-19-2021 @ 20:46:28 - Attachment ID:446642
06-19-2021 @ 20:46:28 - Row :30 - Product updated successfully.
06-19-2021 @ 20:46:31 - Preparing for import.
06-19-2021 @ 20:46:31 - Row :31 - Parsing item.
06-19-2021 @ 20:46:31 - Row :31 - Processing item.
06-19-2021 @ 20:46:31 - Found simple product object. ID:446630
06-19-2021 @ 20:46:31 - Setting Featured Image. URL:https://inspiry.co.nz/wp-content/uploads/2020/11/Inspiry_Logo-transparent-1.png
06-19-2021 @ 20:46:31 - Attachment ID:446642
06-19-2021 @ 20:46:31 - Row :31 - Product updated successfully.
06-19-2021 @ 20:46:31 - Row :32 - Parsing item.
06-19-2021 @ 20:46:31 - Row :32 - Processing item.
06-19-2021 @ 20:46:31 - Found simple product object. ID:446631
06-19-2021 @ 20:46:31 - Setting Featured Image. URL:https://inspiry.co.nz/wp-content/uploads/2020/11/Inspiry_Logo-transparent-1.png
06-19-2021 @ 20:46:31 - Attachment ID:446642
06-19-2021 @ 20:46:32 - Row :32 - Product updated successfully.
06-19-2021 @ 20:46:32 - Row :33 - Parsing item.
06-19-2021 @ 20:46:32 - Row :33 - Processing item.
06-19-2021 @ 20:46:32 - Found simple product object. ID:446632
06-19-2021 @ 20:46:32 - Setting Featured Image. URL:https://inspiry.co.nz/wp-content/uploads/2020/11/Inspiry_Logo-transparent-1.png
06-19-2021 @ 20:46:32 - Attachment ID:446642
06-19-2021 @ 20:46:33 - Row :33 - Product updated successfully.
06-19-2021 @ 20:46:33 - Row :34 - Parsing item.
06-19-2021 @ 20:46:33 - Row :34 - Processing item.
06-19-2021 @ 20:46:33 - Found simple product object. ID:446633
06-19-2021 @ 20:46:33 - Setting Featured Image. URL:https://inspiry.co.nz/wp-content/uploads/2020/11/Inspiry_Logo-transparent-1.png
06-19-2021 @ 20:46:33 - Attachment ID:446642
06-19-2021 @ 20:46:33 - Row :34 - Product updated successfully.
06-19-2021 @ 20:46:33 - Row :35 - Parsing item.
06-19-2021 @ 20:46:33 - Row :35 - Processing item.
06-19-2021 @ 20:46:33 - Found simple product object. ID:446634
06-19-2021 @ 20:46:33 - Setting Featured Image. URL:https://inspiry.co.nz/wp-content/uploads/2020/11/Inspiry_Logo-transparent-1.png
06-19-2021 @ 20:46:33 - Attachment ID:446642
06-19-2021 @ 20:46:34 - Row :35 - Product updated successfully.
06-19-2021 @ 20:46:34 - Row :36 - Parsing item.
06-19-2021 @ 20:46:34 - Row :36 - Processing item.
06-19-2021 @ 20:46:34 - Found simple product object. ID:446635
06-19-2021 @ 20:46:34 - Setting Featured Image. URL:https://inspiry.co.nz/wp-content/uploads/2020/11/Inspiry_Logo-transparent-1.png
06-19-2021 @ 20:46:34 - Attachment ID:446642
06-19-2021 @ 20:46:34 - Row :36 - Product updated successfully.
06-19-2021 @ 20:46:34 - Row :37 - Parsing item.
06-19-2021 @ 20:46:34 - Row :37 - Processing item.
06-19-2021 @ 20:46:34 - Found simple product object. ID:446636
06-19-2021 @ 20:46:34 - Setting Featured Image. URL:https://inspiry.co.nz/wp-content/uploads/2020/11/Inspiry_Logo-transparent-1.png
06-19-2021 @ 20:46:34 - Attachment ID:446642
06-19-2021 @ 20:46:34 - Row :37 - Product updated successfully.
06-19-2021 @ 20:46:34 - Row :38 - Parsing item.
06-19-2021 @ 20:46:34 - Row :38 - Processing item.
06-19-2021 @ 20:46:34 - Found simple product object. ID:446637
06-19-2021 @ 20:46:34 - Setting Featured Image. URL:https://inspiry.co.nz/wp-content/uploads/2020/11/Inspiry_Logo-transparent-1.png
06-19-2021 @ 20:46:35 - Attachment ID:446642
06-19-2021 @ 20:46:35 - Row :38 - Product updated successfully.
06-19-2021 @ 20:46:35 - Row :39 - Parsing item.
06-19-2021 @ 20:46:35 - Row :39 - Processing item.
06-19-2021 @ 20:46:35 - Found simple product object. ID:446638
06-19-2021 @ 20:46:35 - Setting Featured Image. URL:https://inspiry.co.nz/wp-content/uploads/2020/11/Inspiry_Logo-transparent-1.png
06-19-2021 @ 20:46:35 - Attachment ID:446642
06-19-2021 @ 20:46:36 - Row :39 - Product updated successfully.
06-19-2021 @ 20:46:36 - Row :40 - Parsing item.
06-19-2021 @ 20:46:36 - Row :40 - Processing item.
06-19-2021 @ 20:46:36 - Found simple product object. ID:446639
06-19-2021 @ 20:46:36 - Setting Featured Image. URL:https://inspiry.co.nz/wp-content/uploads/2020/11/Inspiry_Logo-transparent-1.png
06-19-2021 @ 20:46:36 - Attachment ID:446642
06-19-2021 @ 20:46:36 - Row :40 - Product updated successfully.
06-19-2021 @ 20:46:36 - ---[ Import ended at 2021-06-19 08:46:36]---
