06-29-2021 @ 17:40:21 - ---[ New import started at 2021-06-29 05:40:21 ] PHP Memory: 768 MB, WP Memory: 40 MB
06-29-2021 @ 17:40:21 - Preparing for import.
06-29-2021 @ 17:40:21 - Row :1 - Parsing item.
06-29-2021 @ 17:40:21 - Row :1 - Processing item.
06-29-2021 @ 17:40:21 - Found simple product object. ID:421251
06-29-2021 @ 17:40:21 - Setting Featured Image. URL:https://inspiry.co.nz/wp-content/uploads/2021/06/ENG-6205.png
06-29-2021 @ 17:40:22 - Attachment ID:448782
06-29-2021 @ 17:40:22 - Row :1 - Product updated successfully.
06-29-2021 @ 17:40:22 - Row :2 - Parsing item.
06-29-2021 @ 17:40:22 - Row :2 - Processing item.
06-29-2021 @ 17:40:22 - Found simple product object. ID:421252
06-29-2021 @ 17:40:22 - Setting Featured Image. URL:https://inspiry.co.nz/wp-content/uploads/2021/06/ENG-6206.png
06-29-2021 @ 17:40:22 - Attachment ID:448780
06-29-2021 @ 17:40:23 - Row :2 - Product updated successfully.
06-29-2021 @ 17:40:23 - Row :3 - Parsing item.
06-29-2021 @ 17:40:23 - Row :3 - Processing item.
06-29-2021 @ 17:40:23 - Found simple product object. ID:421253
06-29-2021 @ 17:40:23 - Setting Featured Image. URL:https://inspiry.co.nz/wp-content/uploads/2021/06/ENG-6207.png
06-29-2021 @ 17:40:23 - Attachment ID:448778
06-29-2021 @ 17:40:23 - Row :3 - Product updated successfully.
06-29-2021 @ 17:40:23 - Row :4 - Parsing item.
06-29-2021 @ 17:40:23 - Row :4 - Processing item.
06-29-2021 @ 17:40:23 - Found simple product object. ID:421254
06-29-2021 @ 17:40:23 - Setting Featured Image. URL:https://inspiry.co.nz/wp-content/uploads/2021/06/ENG-6208.png
06-29-2021 @ 17:40:23 - Attachment ID:448776
06-29-2021 @ 17:40:24 - Row :4 - Product updated successfully.
06-29-2021 @ 17:40:24 - Row :5 - Parsing item.
06-29-2021 @ 17:40:24 - Row :5 - Processing item.
06-29-2021 @ 17:40:24 - Found simple product object. ID:421255
06-29-2021 @ 17:40:24 - Setting Featured Image. URL:https://inspiry.co.nz/wp-content/uploads/2021/06/ENG-6214.png
06-29-2021 @ 17:40:24 - Attachment ID:448774
06-29-2021 @ 17:40:24 - Row :5 - Product updated successfully.
06-29-2021 @ 17:40:24 - Row :6 - Parsing item.
06-29-2021 @ 17:40:24 - Row :6 - Processing item.
06-29-2021 @ 17:40:24 - Found simple product object. ID:421256
06-29-2021 @ 17:40:24 - Setting Featured Image. URL:https://inspiry.co.nz/wp-content/uploads/2021/06/ENG-6215.png
06-29-2021 @ 17:40:24 - Attachment ID:448772
06-29-2021 @ 17:40:25 - Row :6 - Product updated successfully.
06-29-2021 @ 17:40:25 - Row :7 - Parsing item.
06-29-2021 @ 17:40:25 - Row :7 - Processing item.
06-29-2021 @ 17:40:25 - Found simple product object. ID:421257
06-29-2021 @ 17:40:25 - Setting Featured Image. URL:https://inspiry.co.nz/wp-content/uploads/2021/06/ENG-6216.png
06-29-2021 @ 17:40:25 - Attachment ID:448770
06-29-2021 @ 17:40:25 - Row :7 - Product updated successfully.
06-29-2021 @ 17:40:25 - Row :8 - Parsing item.
06-29-2021 @ 17:40:25 - Row :8 - Processing item.
06-29-2021 @ 17:40:25 - Found simple product object. ID:421258
06-29-2021 @ 17:40:25 - Setting Featured Image. URL:https://inspiry.co.nz/wp-content/uploads/2021/06/ENG-6217.png
06-29-2021 @ 17:40:26 - Attachment ID:448768
06-29-2021 @ 17:40:26 - Row :8 - Product updated successfully.
06-29-2021 @ 17:40:26 - Row :9 - Parsing item.
06-29-2021 @ 17:40:26 - Row :9 - Processing item.
06-29-2021 @ 17:40:26 - Found simple product object. ID:421259
06-29-2021 @ 17:40:26 - Setting Featured Image. URL:https://inspiry.co.nz/wp-content/uploads/2021/06/ENG-6218.png
06-29-2021 @ 17:40:26 - Attachment ID:448766
06-29-2021 @ 17:40:26 - Row :9 - Product updated successfully.
06-29-2021 @ 17:40:26 - Row :10 - Parsing item.
06-29-2021 @ 17:40:26 - Row :10 - Processing item.
06-29-2021 @ 17:40:26 - Found simple product object. ID:421260
06-29-2021 @ 17:40:26 - Setting Featured Image. URL:https://inspiry.co.nz/wp-content/uploads/2021/06/ENG-6219.png
06-29-2021 @ 17:40:26 - Attachment ID:448764
06-29-2021 @ 17:40:27 - Row :10 - Product updated successfully.
06-29-2021 @ 17:40:29 - Preparing for import.
06-29-2021 @ 17:40:29 - Row :11 - Parsing item.
06-29-2021 @ 17:40:29 - Row :11 - Processing item.
06-29-2021 @ 17:40:29 - Found simple product object. ID:421261
06-29-2021 @ 17:40:29 - Setting Featured Image. URL:https://inspiry.co.nz/wp-content/uploads/2021/06/ENG-6213.png
06-29-2021 @ 17:40:29 - Attachment ID:448762
06-29-2021 @ 17:40:30 - Row :11 - Product updated successfully.
06-29-2021 @ 17:40:30 - Row :12 - Parsing item.
06-29-2021 @ 17:40:30 - Row :12 - Processing item.
06-29-2021 @ 17:40:30 - Found simple product object. ID:421262
06-29-2021 @ 17:40:30 - Setting Featured Image. URL:https://inspiry.co.nz/wp-content/uploads/2021/06/ENG-6209.png
06-29-2021 @ 17:40:30 - Attachment ID:448760
06-29-2021 @ 17:40:30 - Row :12 - Product updated successfully.
06-29-2021 @ 17:40:30 - Row :13 - Parsing item.
06-29-2021 @ 17:40:30 - Row :13 - Processing item.
06-29-2021 @ 17:40:30 - Found simple product object. ID:421263
06-29-2021 @ 17:40:30 - Setting Featured Image. URL:https://inspiry.co.nz/wp-content/uploads/2021/06/ENG-6211.png
06-29-2021 @ 17:40:30 - Attachment ID:448758
06-29-2021 @ 17:40:31 - Row :13 - Product updated successfully.
06-29-2021 @ 17:40:31 - Row :14 - Parsing item.
06-29-2021 @ 17:40:31 - Row :14 - Processing item.
06-29-2021 @ 17:40:31 - Found simple product object. ID:421264
06-29-2021 @ 17:40:31 - Setting Featured Image. URL:https://inspiry.co.nz/wp-content/uploads/2021/06/ENG-6210.png
06-29-2021 @ 17:40:31 - Attachment ID:448756
06-29-2021 @ 17:40:31 - Row :14 - Product updated successfully.
06-29-2021 @ 17:40:31 - Row :15 - Parsing item.
06-29-2021 @ 17:40:31 - Row :15 - Processing item.
06-29-2021 @ 17:40:31 - Found simple product object. ID:421265
06-29-2021 @ 17:40:31 - Setting Featured Image. URL:https://inspiry.co.nz/wp-content/uploads/2021/06/ENG-6212.png
06-29-2021 @ 17:40:32 - Attachment ID:448754
06-29-2021 @ 17:40:32 - Row :15 - Product updated successfully.
06-29-2021 @ 17:40:32 - Row :16 - Parsing item.
06-29-2021 @ 17:40:32 - Row :16 - Processing item.
06-29-2021 @ 17:40:32 - Found simple product object. ID:421266
06-29-2021 @ 17:40:32 - Setting Featured Image. URL:https://inspiry.co.nz/wp-content/uploads/2021/06/ENG-6223.png
06-29-2021 @ 17:40:32 - Attachment ID:448752
06-29-2021 @ 17:40:32 - Row :16 - Product updated successfully.
06-29-2021 @ 17:40:32 - Row :17 - Parsing item.
06-29-2021 @ 17:40:32 - Row :17 - Processing item.
06-29-2021 @ 17:40:32 - Found simple product object. ID:421267
06-29-2021 @ 17:40:32 - Setting Featured Image. URL:https://inspiry.co.nz/wp-content/uploads/2021/06/ENG-6224.png
06-29-2021 @ 17:40:33 - Attachment ID:448750
06-29-2021 @ 17:40:33 - Row :17 - Product updated successfully.
06-29-2021 @ 17:40:33 - Row :18 - Parsing item.
06-29-2021 @ 17:40:33 - Row :18 - Processing item.
06-29-2021 @ 17:40:33 - Found simple product object. ID:421268
06-29-2021 @ 17:40:33 - Setting Featured Image. URL:https://inspiry.co.nz/wp-content/uploads/2021/06/ENG-6225.png
06-29-2021 @ 17:40:33 - Attachment ID:448748
06-29-2021 @ 17:40:33 - Row :18 - Product updated successfully.
06-29-2021 @ 17:40:33 - Row :19 - Parsing item.
06-29-2021 @ 17:40:33 - Row :19 - Processing item.
06-29-2021 @ 17:40:33 - Found simple product object. ID:421269
06-29-2021 @ 17:40:33 - Setting Featured Image. URL:https://inspiry.co.nz/wp-content/uploads/2021/06/ENG-6220.png
06-29-2021 @ 17:40:34 - Attachment ID:448746
06-29-2021 @ 17:40:34 - Row :19 - Product updated successfully.
06-29-2021 @ 17:40:34 - Row :20 - Parsing item.
06-29-2021 @ 17:40:34 - Row :20 - Processing item.
06-29-2021 @ 17:40:34 - Found simple product object. ID:421270
06-29-2021 @ 17:40:34 - Setting Featured Image. URL:https://inspiry.co.nz/wp-content/uploads/2021/06/ENG-6221.png
06-29-2021 @ 17:40:34 - Attachment ID:448744
06-29-2021 @ 17:40:35 - Row :20 - Product updated successfully.
06-29-2021 @ 17:40:36 - Preparing for import.
06-29-2021 @ 17:40:36 - Row :21 - Parsing item.
06-29-2021 @ 17:40:36 - Row :21 - Processing item.
06-29-2021 @ 17:40:36 - Found simple product object. ID:421271
06-29-2021 @ 17:40:36 - Setting Featured Image. URL:https://inspiry.co.nz/wp-content/uploads/2021/06/ENG-6222.png
06-29-2021 @ 17:40:36 - Attachment ID:448742
06-29-2021 @ 17:40:36 - Row :21 - Product updated successfully.
06-29-2021 @ 17:40:36 - Row :22 - Parsing item.
06-29-2021 @ 17:40:36 - Row :22 - Processing item.
06-29-2021 @ 17:40:37 - Found simple product object. ID:421272
06-29-2021 @ 17:40:37 - Setting Featured Image. URL:https://inspiry.co.nz/wp-content/uploads/2021/06/ENG-6201.png
06-29-2021 @ 17:40:37 - Attachment ID:448740
06-29-2021 @ 17:40:37 - Row :22 - Product updated successfully.
06-29-2021 @ 17:40:37 - Row :23 - Parsing item.
06-29-2021 @ 17:40:37 - Row :23 - Processing item.
06-29-2021 @ 17:40:37 - Found simple product object. ID:421273
06-29-2021 @ 17:40:37 - Setting Featured Image. URL:https://inspiry.co.nz/wp-content/uploads/2021/06/ENG-6202.png
06-29-2021 @ 17:40:37 - Attachment ID:448738
06-29-2021 @ 17:40:37 - Row :23 - Product updated successfully.
06-29-2021 @ 17:40:37 - Row :24 - Parsing item.
06-29-2021 @ 17:40:37 - Row :24 - Processing item.
06-29-2021 @ 17:40:37 - Found simple product object. ID:421274
06-29-2021 @ 17:40:37 - Setting Featured Image. URL:https://inspiry.co.nz/wp-content/uploads/2021/06/ENG-6203.png
06-29-2021 @ 17:40:38 - Attachment ID:448736
06-29-2021 @ 17:40:38 - Row :24 - Product updated successfully.
06-29-2021 @ 17:40:38 - Row :25 - Parsing item.
06-29-2021 @ 17:40:38 - Row :25 - Processing item.
06-29-2021 @ 17:40:38 - Found simple product object. ID:421275
06-29-2021 @ 17:40:38 - Setting Featured Image. URL:https://inspiry.co.nz/wp-content/uploads/2021/06/ENG-6204.png
06-29-2021 @ 17:40:38 - Attachment ID:448734
06-29-2021 @ 17:40:39 - Row :25 - Product updated successfully.
06-29-2021 @ 17:40:39 - Row :26 - Parsing item.
06-29-2021 @ 17:40:39 - Row :26 - Processing item.
06-29-2021 @ 17:40:39 - Found simple product object. ID:421276
06-29-2021 @ 17:40:39 - Setting Featured Image. URL:https://inspiry.co.nz/wp-content/uploads/2021/06/ENG-6226.png
06-29-2021 @ 17:40:39 - Attachment ID:448732
06-29-2021 @ 17:40:39 - Row :26 - Product updated successfully.
06-29-2021 @ 17:40:39 - Row :27 - Parsing item.
06-29-2021 @ 17:40:39 - Row :27 - Processing item.
06-29-2021 @ 17:40:39 - Found simple product object. ID:421277
06-29-2021 @ 17:40:39 - Setting Featured Image. URL:https://inspiry.co.nz/wp-content/uploads/2021/06/ENG-6227.png
06-29-2021 @ 17:40:39 - Attachment ID:448730
06-29-2021 @ 17:40:40 - Row :27 - Product updated successfully.
06-29-2021 @ 17:40:40 - Row :28 - Parsing item.
06-29-2021 @ 17:40:40 - Row :28 - Processing item.
06-29-2021 @ 17:40:40 - Found simple product object. ID:421278
06-29-2021 @ 17:40:40 - Setting Featured Image. URL:https://inspiry.co.nz/wp-content/uploads/2021/06/ENG-6228.png
06-29-2021 @ 17:40:40 - Attachment ID:448728
06-29-2021 @ 17:40:40 - Row :28 - Product updated successfully.
06-29-2021 @ 17:40:40 - Row :29 - Parsing item.
06-29-2021 @ 17:40:40 - Row :29 - Processing item.
06-29-2021 @ 17:40:40 - Found simple product object. ID:421279
06-29-2021 @ 17:40:40 - Setting Featured Image. URL:https://inspiry.co.nz/wp-content/uploads/2021/06/ENG-6229.png
06-29-2021 @ 17:40:40 - Attachment ID:448726
06-29-2021 @ 17:40:41 - Row :29 - Product updated successfully.
06-29-2021 @ 17:40:41 - Row :30 - Parsing item.
06-29-2021 @ 17:40:41 - Row :30 - Processing item.
06-29-2021 @ 17:40:41 - Found simple product object. ID:421280
06-29-2021 @ 17:40:41 - Setting Featured Image. URL:https://inspiry.co.nz/wp-content/uploads/2021/06/ENG-6230.png
06-29-2021 @ 17:40:41 - Attachment ID:448724
06-29-2021 @ 17:40:41 - Row :30 - Product updated successfully.
06-29-2021 @ 17:40:43 - Preparing for import.
06-29-2021 @ 17:40:43 - Row :31 - Parsing item.
06-29-2021 @ 17:40:43 - Row :31 - Processing item.
06-29-2021 @ 17:40:43 - Found simple product object. ID:421281
06-29-2021 @ 17:40:43 - Setting Featured Image. URL:https://inspiry.co.nz/wp-content/uploads/2021/06/ENG-6469.png
06-29-2021 @ 17:40:43 - Attachment ID:448722
06-29-2021 @ 17:40:43 - Row :31 - Product updated successfully.
06-29-2021 @ 17:40:43 - Row :32 - Parsing item.
06-29-2021 @ 17:40:43 - Row :32 - Processing item.
06-29-2021 @ 17:40:43 - Found simple product object. ID:421282
06-29-2021 @ 17:40:43 - Setting Featured Image. URL:https://inspiry.co.nz/wp-content/uploads/2021/06/ENG-6467.png
06-29-2021 @ 17:40:43 - Attachment ID:448718
06-29-2021 @ 17:40:44 - Row :32 - Product updated successfully.
06-29-2021 @ 17:40:44 - Row :33 - Parsing item.
06-29-2021 @ 17:40:44 - Row :33 - Processing item.
06-29-2021 @ 17:40:44 - Found simple product object. ID:421283
06-29-2021 @ 17:40:44 - Setting Featured Image. URL:https://inspiry.co.nz/wp-content/uploads/2021/06/ENG-6468.png
06-29-2021 @ 17:40:44 - Attachment ID:448716
06-29-2021 @ 17:40:44 - Row :33 - Product updated successfully.
06-29-2021 @ 17:40:44 - Row :34 - Parsing item.
06-29-2021 @ 17:40:44 - Row :34 - Processing item.
06-29-2021 @ 17:40:44 - Found simple product object. ID:421284
06-29-2021 @ 17:40:44 - Setting Featured Image. URL:https://inspiry.co.nz/wp-content/uploads/2021/06/ENG-6470.png
06-29-2021 @ 17:40:44 - Attachment ID:448720
06-29-2021 @ 17:40:45 - Row :34 - Product updated successfully.
06-29-2021 @ 17:40:45 - Row :35 - Parsing item.
06-29-2021 @ 17:40:45 - Row :35 - Processing item.
06-29-2021 @ 17:40:45 - Found simple product object. ID:421285
06-29-2021 @ 17:40:45 - Setting Featured Image. URL:https://inspiry.co.nz/wp-content/uploads/2021/06/ENG-6482.png
06-29-2021 @ 17:40:45 - Attachment ID:448714
06-29-2021 @ 17:40:45 - Row :35 - Product updated successfully.
06-29-2021 @ 17:40:45 - Row :36 - Parsing item.
06-29-2021 @ 17:40:45 - Row :36 - Processing item.
06-29-2021 @ 17:40:45 - Found simple product object. ID:421286
06-29-2021 @ 17:40:45 - Setting Featured Image. URL:https://inspiry.co.nz/wp-content/uploads/2021/06/ENG-6485.png
06-29-2021 @ 17:40:45 - Attachment ID:448710
06-29-2021 @ 17:40:46 - Row :36 - Product updated successfully.
06-29-2021 @ 17:40:46 - Row :37 - Parsing item.
06-29-2021 @ 17:40:46 - Row :37 - Processing item.
06-29-2021 @ 17:40:46 - Found simple product object. ID:421287
06-29-2021 @ 17:40:46 - Setting Featured Image. URL:https://inspiry.co.nz/wp-content/uploads/2021/06/ENG-6484.png
06-29-2021 @ 17:40:46 - Attachment ID:448712
06-29-2021 @ 17:40:46 - Row :37 - Product updated successfully.
06-29-2021 @ 17:40:46 - Row :38 - Parsing item.
06-29-2021 @ 17:40:46 - Row :38 - Processing item.
06-29-2021 @ 17:40:46 - Found simple product object. ID:421288
06-29-2021 @ 17:40:46 - Setting Featured Image. URL:https://inspiry.co.nz/wp-content/uploads/2021/06/ENG-6452.png
06-29-2021 @ 17:40:46 - Attachment ID:448708
06-29-2021 @ 17:40:47 - Row :38 - Product updated successfully.
06-29-2021 @ 17:40:47 - Row :39 - Parsing item.
06-29-2021 @ 17:40:47 - Row :39 - Processing item.
06-29-2021 @ 17:40:47 - Found simple product object. ID:421289
06-29-2021 @ 17:40:47 - Setting Featured Image. URL:https://inspiry.co.nz/wp-content/uploads/2021/06/ENG-6451.png
06-29-2021 @ 17:40:47 - Attachment ID:448706
06-29-2021 @ 17:40:47 - Row :39 - Product updated successfully.
06-29-2021 @ 17:40:47 - Row :40 - Parsing item.
06-29-2021 @ 17:40:47 - Row :40 - Processing item.
06-29-2021 @ 17:40:47 - Found simple product object. ID:421290
06-29-2021 @ 17:40:47 - Setting Featured Image. URL:https://inspiry.co.nz/wp-content/uploads/2021/06/ENG-6453.png
06-29-2021 @ 17:40:47 - Attachment ID:448704
06-29-2021 @ 17:40:48 - Row :40 - Product updated successfully.
06-29-2021 @ 17:40:49 - Preparing for import.
06-29-2021 @ 17:40:49 - Row :41 - Parsing item.
06-29-2021 @ 17:40:49 - Row :41 - Processing item.
06-29-2021 @ 17:40:49 - Found simple product object. ID:421291
06-29-2021 @ 17:40:49 - Setting Featured Image. URL:https://inspiry.co.nz/wp-content/uploads/2021/06/ENG-6460.png
06-29-2021 @ 17:40:49 - Attachment ID:448690
06-29-2021 @ 17:40:50 - Row :41 - Product updated successfully.
06-29-2021 @ 17:40:50 - Row :42 - Parsing item.
06-29-2021 @ 17:40:50 - Row :42 - Processing item.
06-29-2021 @ 17:40:50 - Found simple product object. ID:421292
06-29-2021 @ 17:40:50 - Setting Featured Image. URL:https://inspiry.co.nz/wp-content/uploads/2021/06/ENG-6462.png
06-29-2021 @ 17:40:50 - Attachment ID:448686
06-29-2021 @ 17:40:50 - Row :42 - Product updated successfully.
06-29-2021 @ 17:40:50 - Row :43 - Parsing item.
06-29-2021 @ 17:40:50 - Row :43 - Processing item.
06-29-2021 @ 17:40:50 - Found simple product object. ID:421293
06-29-2021 @ 17:40:50 - Setting Featured Image. URL:https://inspiry.co.nz/wp-content/uploads/2021/06/ENG-6454.png
06-29-2021 @ 17:40:50 - Attachment ID:448702
06-29-2021 @ 17:40:51 - Row :43 - Product updated successfully.
06-29-2021 @ 17:40:51 - Row :44 - Parsing item.
06-29-2021 @ 17:40:51 - Row :44 - Processing item.
06-29-2021 @ 17:40:51 - Found simple product object. ID:421294
06-29-2021 @ 17:40:51 - Setting Featured Image. URL:https://inspiry.co.nz/wp-content/uploads/2021/06/ENG-6455.png
06-29-2021 @ 17:40:51 - Attachment ID:448700
06-29-2021 @ 17:40:51 - Row :44 - Product updated successfully.
06-29-2021 @ 17:40:51 - Row :45 - Parsing item.
06-29-2021 @ 17:40:51 - Row :45 - Processing item.
06-29-2021 @ 17:40:51 - Found simple product object. ID:421295
06-29-2021 @ 17:40:51 - Setting Featured Image. URL:https://inspiry.co.nz/wp-content/uploads/2021/06/ENG-6456.png
06-29-2021 @ 17:40:51 - Attachment ID:448698
06-29-2021 @ 17:40:52 - Row :45 - Product updated successfully.
06-29-2021 @ 17:40:52 - Row :46 - Parsing item.
06-29-2021 @ 17:40:52 - Row :46 - Processing item.
06-29-2021 @ 17:40:52 - Found simple product object. ID:421296
06-29-2021 @ 17:40:52 - Setting Featured Image. URL:https://inspiry.co.nz/wp-content/uploads/2021/06/ENG-6457.png
06-29-2021 @ 17:40:52 - Attachment ID:448696
06-29-2021 @ 17:40:52 - Row :46 - Product updated successfully.
06-29-2021 @ 17:40:52 - Row :47 - Parsing item.
06-29-2021 @ 17:40:52 - Row :47 - Processing item.
06-29-2021 @ 17:40:52 - Found simple product object. ID:421297
06-29-2021 @ 17:40:52 - Setting Featured Image. URL:https://inspiry.co.nz/wp-content/uploads/2021/06/ENG-6458.png
06-29-2021 @ 17:40:52 - Attachment ID:448694
06-29-2021 @ 17:40:53 - Row :47 - Product updated successfully.
06-29-2021 @ 17:40:53 - Row :48 - Parsing item.
06-29-2021 @ 17:40:53 - Row :48 - Processing item.
06-29-2021 @ 17:40:53 - Found simple product object. ID:421298
06-29-2021 @ 17:40:53 - Setting Featured Image. URL:https://inspiry.co.nz/wp-content/uploads/2021/06/ENG-6459.png
06-29-2021 @ 17:40:53 - Attachment ID:448692
06-29-2021 @ 17:40:53 - Row :48 - Product updated successfully.
06-29-2021 @ 17:40:53 - Row :49 - Parsing item.
06-29-2021 @ 17:40:53 - Row :49 - Processing item.
06-29-2021 @ 17:40:53 - Found simple product object. ID:421299
06-29-2021 @ 17:40:53 - Setting Featured Image. URL:https://inspiry.co.nz/wp-content/uploads/2021/06/ENG-6461.png
06-29-2021 @ 17:40:53 - Attachment ID:448688
06-29-2021 @ 17:40:54 - Row :49 - Product updated successfully.
06-29-2021 @ 17:40:54 - Row :50 - Parsing item.
06-29-2021 @ 17:40:54 - Row :50 - Processing item.
06-29-2021 @ 17:40:54 - Found simple product object. ID:421300
06-29-2021 @ 17:40:54 - Setting Featured Image. URL:https://inspiry.co.nz/wp-content/uploads/2021/06/ENG-6478.png
06-29-2021 @ 17:40:54 - Attachment ID:448684
06-29-2021 @ 17:40:54 - Row :50 - Product updated successfully.
06-29-2021 @ 17:40:56 - Preparing for import.
06-29-2021 @ 17:40:56 - Row :51 - Parsing item.
06-29-2021 @ 17:40:56 - Row :51 - Processing item.
06-29-2021 @ 17:40:56 - Found simple product object. ID:421301
06-29-2021 @ 17:40:56 - Setting Featured Image. URL:https://inspiry.co.nz/wp-content/uploads/2021/06/ENG-6479.png
06-29-2021 @ 17:40:56 - Attachment ID:448682
06-29-2021 @ 17:40:56 - Row :51 - Product updated successfully.
06-29-2021 @ 17:40:56 - Row :52 - Parsing item.
06-29-2021 @ 17:40:56 - Row :52 - Processing item.
06-29-2021 @ 17:40:56 - Found simple product object. ID:421302
06-29-2021 @ 17:40:56 - Setting Featured Image. URL:https://inspiry.co.nz/wp-content/uploads/2021/06/ENG-6480.png
06-29-2021 @ 17:40:57 - Attachment ID:448680
06-29-2021 @ 17:40:57 - Row :52 - Product updated successfully.
06-29-2021 @ 17:40:57 - Row :53 - Parsing item.
06-29-2021 @ 17:40:57 - Row :53 - Processing item.
06-29-2021 @ 17:40:57 - Found simple product object. ID:421303
06-29-2021 @ 17:40:57 - Setting Featured Image. URL:https://inspiry.co.nz/wp-content/uploads/2021/06/ENG-6481.png
06-29-2021 @ 17:40:57 - Attachment ID:448678
06-29-2021 @ 17:40:57 - Row :53 - Product updated successfully.
06-29-2021 @ 17:40:57 - Row :54 - Parsing item.
06-29-2021 @ 17:40:57 - Row :54 - Processing item.
06-29-2021 @ 17:40:57 - Found simple product object. ID:421304
06-29-2021 @ 17:40:57 - Setting Featured Image. URL:https://inspiry.co.nz/wp-content/uploads/2021/06/ENG-6463.png
06-29-2021 @ 17:40:58 - Attachment ID:448676
06-29-2021 @ 17:40:58 - Row :54 - Product updated successfully.
06-29-2021 @ 17:40:58 - Row :55 - Parsing item.
06-29-2021 @ 17:40:58 - Row :55 - Processing item.
06-29-2021 @ 17:40:58 - Found simple product object. ID:421305
06-29-2021 @ 17:40:58 - Setting Featured Image. URL:https://inspiry.co.nz/wp-content/uploads/2021/06/ENG-6464.png
06-29-2021 @ 17:40:58 - Attachment ID:448674
06-29-2021 @ 17:40:58 - Row :55 - Product updated successfully.
06-29-2021 @ 17:40:58 - Row :56 - Parsing item.
06-29-2021 @ 17:40:58 - Row :56 - Processing item.
06-29-2021 @ 17:40:58 - Found simple product object. ID:421306
06-29-2021 @ 17:40:58 - Setting Featured Image. URL:https://inspiry.co.nz/wp-content/uploads/2021/06/ENG-6465.png
06-29-2021 @ 17:40:59 - Attachment ID:448672
06-29-2021 @ 17:40:59 - Row :56 - Product updated successfully.
06-29-2021 @ 17:40:59 - Row :57 - Parsing item.
06-29-2021 @ 17:40:59 - Row :57 - Processing item.
06-29-2021 @ 17:40:59 - Found simple product object. ID:421307
06-29-2021 @ 17:40:59 - Setting Featured Image. URL:https://inspiry.co.nz/wp-content/uploads/2021/06/ENG-6466.png
06-29-2021 @ 17:40:59 - Attachment ID:448670
06-29-2021 @ 17:41:00 - Row :57 - Product updated successfully.
06-29-2021 @ 17:41:00 - Row :58 - Parsing item.
06-29-2021 @ 17:41:00 - Row :58 - Processing item.
06-29-2021 @ 17:41:00 - Found simple product object. ID:421308
06-29-2021 @ 17:41:00 - Setting Featured Image. URL:https://inspiry.co.nz/wp-content/uploads/2021/06/ENG-6471.png
06-29-2021 @ 17:41:00 - Attachment ID:448668
06-29-2021 @ 17:41:00 - Row :58 - Product updated successfully.
06-29-2021 @ 17:41:00 - Row :59 - Parsing item.
06-29-2021 @ 17:41:00 - Row :59 - Processing item.
06-29-2021 @ 17:41:00 - Found simple product object. ID:421309
06-29-2021 @ 17:41:00 - Setting Featured Image. URL:https://inspiry.co.nz/wp-content/uploads/2021/06/ENG-6472.png
06-29-2021 @ 17:41:00 - Attachment ID:448666
06-29-2021 @ 17:41:01 - Row :59 - Product updated successfully.
06-29-2021 @ 17:41:01 - Row :60 - Parsing item.
06-29-2021 @ 17:41:01 - Row :60 - Processing item.
06-29-2021 @ 17:41:01 - Found simple product object. ID:421310
06-29-2021 @ 17:41:01 - Setting Featured Image. URL:https://inspiry.co.nz/wp-content/uploads/2021/06/ENG-6473.png
06-29-2021 @ 17:41:01 - Attachment ID:448664
06-29-2021 @ 17:41:01 - Row :60 - Product updated successfully.
06-29-2021 @ 17:41:03 - Preparing for import.
06-29-2021 @ 17:41:03 - Row :61 - Parsing item.
06-29-2021 @ 17:41:03 - Row :61 - Processing item.
06-29-2021 @ 17:41:03 - Found simple product object. ID:421311
06-29-2021 @ 17:41:03 - Setting Featured Image. URL:https://inspiry.co.nz/wp-content/uploads/2021/06/ENG-6474.png
06-29-2021 @ 17:41:03 - Attachment ID:448662
06-29-2021 @ 17:41:03 - Row :61 - Product updated successfully.
06-29-2021 @ 17:41:03 - Row :62 - Parsing item.
06-29-2021 @ 17:41:03 - Row :62 - Processing item.
06-29-2021 @ 17:41:03 - Found simple product object. ID:421312
06-29-2021 @ 17:41:03 - Setting Featured Image. URL:https://inspiry.co.nz/wp-content/uploads/2021/06/ENG-6475.png
06-29-2021 @ 17:41:03 - Attachment ID:448660
06-29-2021 @ 17:41:04 - Row :62 - Product updated successfully.
06-29-2021 @ 17:41:04 - Row :63 - Parsing item.
06-29-2021 @ 17:41:04 - Row :63 - Processing item.
06-29-2021 @ 17:41:04 - Found simple product object. ID:421313
06-29-2021 @ 17:41:04 - Setting Featured Image. URL:https://inspiry.co.nz/wp-content/uploads/2021/06/ENG-6476.png
06-29-2021 @ 17:41:04 - Attachment ID:448658
06-29-2021 @ 17:41:04 - Row :63 - Product updated successfully.
06-29-2021 @ 17:41:04 - Row :64 - Parsing item.
06-29-2021 @ 17:41:04 - Row :64 - Processing item.
06-29-2021 @ 17:41:04 - Found simple product object. ID:421314
06-29-2021 @ 17:41:04 - Setting Featured Image. URL:https://inspiry.co.nz/wp-content/uploads/2021/06/ENG-6477.png
06-29-2021 @ 17:41:04 - Attachment ID:448656
06-29-2021 @ 17:41:05 - Row :64 - Product updated successfully.
06-29-2021 @ 17:41:05 - Row :65 - Parsing item.
06-29-2021 @ 17:41:05 - Row :65 - Processing item.
06-29-2021 @ 17:41:05 - Found simple product object. ID:421315
06-29-2021 @ 17:41:05 - Setting Featured Image. URL:https://inspiry.co.nz/wp-content/uploads/2021/06/ENG-6352.png
06-29-2021 @ 17:41:05 - Attachment ID:448654
06-29-2021 @ 17:41:05 - Row :65 - Product updated successfully.
06-29-2021 @ 17:41:05 - Row :66 - Parsing item.
06-29-2021 @ 17:41:05 - Row :66 - Processing item.
06-29-2021 @ 17:41:05 - Found simple product object. ID:421316
06-29-2021 @ 17:41:05 - Setting Featured Image. URL:https://inspiry.co.nz/wp-content/uploads/2021/06/ENG-6375.png
06-29-2021 @ 17:41:06 - Attachment ID:448652
06-29-2021 @ 17:41:06 - Row :66 - Product updated successfully.
06-29-2021 @ 17:41:06 - Row :67 - Parsing item.
06-29-2021 @ 17:41:06 - Row :67 - Processing item.
06-29-2021 @ 17:41:06 - Found simple product object. ID:421317
06-29-2021 @ 17:41:06 - Setting Featured Image. URL:https://inspiry.co.nz/wp-content/uploads/2021/06/ENG-6376.png
06-29-2021 @ 17:41:06 - Attachment ID:448650
06-29-2021 @ 17:41:06 - Row :67 - Product updated successfully.
06-29-2021 @ 17:41:06 - Row :68 - Parsing item.
06-29-2021 @ 17:41:06 - Row :68 - Processing item.
06-29-2021 @ 17:41:06 - Found simple product object. ID:421318
06-29-2021 @ 17:41:06 - Setting Featured Image. URL:https://inspiry.co.nz/wp-content/uploads/2021/06/ENG-6377.png
06-29-2021 @ 17:41:07 - Attachment ID:448648
06-29-2021 @ 17:41:07 - Row :68 - Product updated successfully.
06-29-2021 @ 17:41:07 - Row :69 - Parsing item.
06-29-2021 @ 17:41:07 - Row :69 - Processing item.
06-29-2021 @ 17:41:07 - Found simple product object. ID:421319
06-29-2021 @ 17:41:07 - Setting Featured Image. URL:https://inspiry.co.nz/wp-content/uploads/2021/06/ENG-6361.png
06-29-2021 @ 17:41:07 - Attachment ID:448646
06-29-2021 @ 17:41:07 - Row :69 - Product updated successfully.
06-29-2021 @ 17:41:07 - Row :70 - Parsing item.
06-29-2021 @ 17:41:07 - Row :70 - Processing item.
06-29-2021 @ 17:41:07 - Found simple product object. ID:421320
06-29-2021 @ 17:41:07 - Setting Featured Image. URL:https://inspiry.co.nz/wp-content/uploads/2021/06/ENG-6362.png
06-29-2021 @ 17:41:08 - Attachment ID:448644
06-29-2021 @ 17:41:08 - Row :70 - Product updated successfully.
06-29-2021 @ 17:41:09 - Preparing for import.
06-29-2021 @ 17:41:09 - Row :71 - Parsing item.
06-29-2021 @ 17:41:09 - Row :71 - Processing item.
06-29-2021 @ 17:41:09 - Found simple product object. ID:421321
06-29-2021 @ 17:41:09 - Setting Featured Image. URL:https://inspiry.co.nz/wp-content/uploads/2021/06/ENG-6363.png
06-29-2021 @ 17:41:09 - Attachment ID:448642
06-29-2021 @ 17:41:09 - Row :71 - Product updated successfully.
06-29-2021 @ 17:41:09 - Row :72 - Parsing item.
06-29-2021 @ 17:41:09 - Row :72 - Processing item.
06-29-2021 @ 17:41:09 - Found simple product object. ID:421322
06-29-2021 @ 17:41:09 - Setting Featured Image. URL:https://inspiry.co.nz/wp-content/uploads/2021/06/ENG-6364.png
06-29-2021 @ 17:41:10 - Attachment ID:448640
06-29-2021 @ 17:41:10 - Row :72 - Product updated successfully.
06-29-2021 @ 17:41:10 - Row :73 - Parsing item.
06-29-2021 @ 17:41:10 - Row :73 - Processing item.
06-29-2021 @ 17:41:10 - Found simple product object. ID:421323
06-29-2021 @ 17:41:10 - Setting Featured Image. URL:https://inspiry.co.nz/wp-content/uploads/2021/06/ENG-6350.png
06-29-2021 @ 17:41:10 - Attachment ID:448638
06-29-2021 @ 17:41:10 - Row :73 - Product updated successfully.
06-29-2021 @ 17:41:10 - Row :74 - Parsing item.
06-29-2021 @ 17:41:10 - Row :74 - Processing item.
06-29-2021 @ 17:41:10 - Found simple product object. ID:421324
06-29-2021 @ 17:41:10 - Setting Featured Image. URL:https://inspiry.co.nz/wp-content/uploads/2021/06/ENG-6351.png
06-29-2021 @ 17:41:11 - Attachment ID:448636
06-29-2021 @ 17:41:11 - Row :74 - Product updated successfully.
06-29-2021 @ 17:41:11 - Row :75 - Parsing item.
06-29-2021 @ 17:41:11 - Row :75 - Processing item.
06-29-2021 @ 17:41:11 - Found simple product object. ID:421325
06-29-2021 @ 17:41:11 - Setting Featured Image. URL:https://inspiry.co.nz/wp-content/uploads/2021/06/ENG-6389.png
06-29-2021 @ 17:41:11 - Attachment ID:448634
06-29-2021 @ 17:41:11 - Row :75 - Product updated successfully.
06-29-2021 @ 17:41:11 - Row :76 - Parsing item.
06-29-2021 @ 17:41:11 - Row :76 - Processing item.
06-29-2021 @ 17:41:11 - Found simple product object. ID:421326
06-29-2021 @ 17:41:11 - Setting Featured Image. URL:https://inspiry.co.nz/wp-content/uploads/2021/06/ENG-6390.png
06-29-2021 @ 17:41:12 - Attachment ID:448632
06-29-2021 @ 17:41:12 - Row :76 - Product updated successfully.
06-29-2021 @ 17:41:12 - Row :77 - Parsing item.
06-29-2021 @ 17:41:12 - Row :77 - Processing item.
06-29-2021 @ 17:41:12 - Found simple product object. ID:421327
06-29-2021 @ 17:41:12 - Setting Featured Image. URL:https://inspiry.co.nz/wp-content/uploads/2021/06/ENG-6378.png
06-29-2021 @ 17:41:12 - Attachment ID:448628
06-29-2021 @ 17:41:12 - Row :77 - Product updated successfully.
06-29-2021 @ 17:41:12 - Row :78 - Parsing item.
06-29-2021 @ 17:41:12 - Row :78 - Processing item.
06-29-2021 @ 17:41:12 - Found simple product object. ID:421328
06-29-2021 @ 17:41:12 - Setting Featured Image. URL:https://inspiry.co.nz/wp-content/uploads/2021/06/ENG-6379.png
06-29-2021 @ 17:41:13 - Attachment ID:448626
06-29-2021 @ 17:41:13 - Row :78 - Product updated successfully.
06-29-2021 @ 17:41:13 - Row :79 - Parsing item.
06-29-2021 @ 17:41:13 - Row :79 - Processing item.
06-29-2021 @ 17:41:13 - Found simple product object. ID:421329
06-29-2021 @ 17:41:13 - Setting Featured Image. URL:https://inspiry.co.nz/wp-content/uploads/2021/06/ENG-6380.png
06-29-2021 @ 17:41:13 - Attachment ID:448624
06-29-2021 @ 17:41:14 - Row :79 - Product updated successfully.
06-29-2021 @ 17:41:14 - Row :80 - Parsing item.
06-29-2021 @ 17:41:14 - Row :80 - Processing item.
06-29-2021 @ 17:41:14 - Found simple product object. ID:421330
06-29-2021 @ 17:41:14 - Setting Featured Image. URL:https://inspiry.co.nz/wp-content/uploads/2021/06/ENG-6381.png
06-29-2021 @ 17:41:14 - Attachment ID:448622
06-29-2021 @ 17:41:14 - Row :80 - Product updated successfully.
06-29-2021 @ 17:41:15 - Preparing for import.
06-29-2021 @ 17:41:15 - Row :81 - Parsing item.
06-29-2021 @ 17:41:15 - Row :81 - Processing item.
06-29-2021 @ 17:41:15 - Found simple product object. ID:421331
06-29-2021 @ 17:41:15 - Setting Featured Image. URL:https://inspiry.co.nz/wp-content/uploads/2021/06/ENG-6382.png
06-29-2021 @ 17:41:15 - Attachment ID:448620
06-29-2021 @ 17:41:16 - Row :81 - Product updated successfully.
06-29-2021 @ 17:41:16 - Row :82 - Parsing item.
06-29-2021 @ 17:41:16 - Row :82 - Processing item.
06-29-2021 @ 17:41:16 - Found simple product object. ID:421332
06-29-2021 @ 17:41:16 - Setting Featured Image. URL:https://inspiry.co.nz/wp-content/uploads/2021/06/ENG-6386.png
06-29-2021 @ 17:41:16 - Attachment ID:448618
06-29-2021 @ 17:41:16 - Row :82 - Product updated successfully.
06-29-2021 @ 17:41:16 - Row :83 - Parsing item.
06-29-2021 @ 17:41:16 - Row :83 - Processing item.
06-29-2021 @ 17:41:16 - Found simple product object. ID:421333
06-29-2021 @ 17:41:16 - Setting Featured Image. URL:https://inspiry.co.nz/wp-content/uploads/2021/06/ENG-6372.png
06-29-2021 @ 17:41:16 - Attachment ID:448616
06-29-2021 @ 17:41:17 - Row :83 - Product updated successfully.
06-29-2021 @ 17:41:17 - Row :84 - Parsing item.
06-29-2021 @ 17:41:17 - Row :84 - Processing item.
06-29-2021 @ 17:41:17 - Found simple product object. ID:421334
06-29-2021 @ 17:41:17 - Setting Featured Image. URL:https://inspiry.co.nz/wp-content/uploads/2021/06/ENG-6373.png
06-29-2021 @ 17:41:17 - Attachment ID:448614
06-29-2021 @ 17:41:17 - Row :84 - Product updated successfully.
06-29-2021 @ 17:41:17 - Row :85 - Parsing item.
06-29-2021 @ 17:41:17 - Row :85 - Processing item.
06-29-2021 @ 17:41:17 - Found simple product object. ID:421335
06-29-2021 @ 17:41:17 - Setting Featured Image. URL:https://inspiry.co.nz/wp-content/uploads/2021/06/ENG-6374.png
06-29-2021 @ 17:41:18 - Attachment ID:448612
06-29-2021 @ 17:41:18 - Row :85 - Product updated successfully.
06-29-2021 @ 17:41:18 - Row :86 - Parsing item.
06-29-2021 @ 17:41:18 - Row :86 - Processing item.
06-29-2021 @ 17:41:18 - Found simple product object. ID:421336
06-29-2021 @ 17:41:18 - Setting Featured Image. URL:https://inspiry.co.nz/wp-content/uploads/2021/06/ENG-6365.png
06-29-2021 @ 17:41:18 - Attachment ID:448610
06-29-2021 @ 17:41:18 - Row :86 - Product updated successfully.
06-29-2021 @ 17:41:18 - Row :87 - Parsing item.
06-29-2021 @ 17:41:18 - Row :87 - Processing item.
06-29-2021 @ 17:41:18 - Found simple product object. ID:421337
06-29-2021 @ 17:41:18 - Setting Featured Image. URL:https://inspiry.co.nz/wp-content/uploads/2021/06/ENG-6366.png
06-29-2021 @ 17:41:19 - Attachment ID:448608
06-29-2021 @ 17:41:19 - Row :87 - Product updated successfully.
06-29-2021 @ 17:41:19 - Row :88 - Parsing item.
06-29-2021 @ 17:41:19 - Row :88 - Processing item.
06-29-2021 @ 17:41:19 - Found simple product object. ID:421338
06-29-2021 @ 17:41:19 - Setting Featured Image. URL:https://inspiry.co.nz/wp-content/uploads/2021/06/ENG-6367.png
06-29-2021 @ 17:41:19 - Attachment ID:448606
06-29-2021 @ 17:41:19 - Row :88 - Product updated successfully.
06-29-2021 @ 17:41:19 - Row :89 - Parsing item.
06-29-2021 @ 17:41:19 - Row :89 - Processing item.
06-29-2021 @ 17:41:19 - Found simple product object. ID:421339
06-29-2021 @ 17:41:19 - Setting Featured Image. URL:https://inspiry.co.nz/wp-content/uploads/2021/06/ENG-6369.png
06-29-2021 @ 17:41:20 - Attachment ID:448604
06-29-2021 @ 17:41:20 - Row :89 - Product updated successfully.
06-29-2021 @ 17:41:20 - Row :90 - Parsing item.
06-29-2021 @ 17:41:20 - Row :90 - Processing item.
06-29-2021 @ 17:41:20 - Found simple product object. ID:421340
06-29-2021 @ 17:41:20 - Setting Featured Image. URL:https://inspiry.co.nz/wp-content/uploads/2021/06/ENG-6370.png
06-29-2021 @ 17:41:20 - Attachment ID:448602
06-29-2021 @ 17:41:20 - Row :90 - Product updated successfully.
06-29-2021 @ 17:41:22 - Preparing for import.
06-29-2021 @ 17:41:22 - Row :91 - Parsing item.
06-29-2021 @ 17:41:22 - Row :91 - Processing item.
06-29-2021 @ 17:41:22 - Found simple product object. ID:421341
06-29-2021 @ 17:41:22 - Setting Featured Image. URL:https://inspiry.co.nz/wp-content/uploads/2021/06/ENG-6371.png
06-29-2021 @ 17:41:22 - Attachment ID:448600
06-29-2021 @ 17:41:22 - Row :91 - Product updated successfully.
06-29-2021 @ 17:41:22 - Row :92 - Parsing item.
06-29-2021 @ 17:41:22 - Row :92 - Processing item.
06-29-2021 @ 17:41:22 - Found simple product object. ID:421342
06-29-2021 @ 17:41:22 - Setting Featured Image. URL:https://inspiry.co.nz/wp-content/uploads/2021/06/ENG-6353.png
06-29-2021 @ 17:41:22 - Attachment ID:448598
06-29-2021 @ 17:41:23 - Row :92 - Product updated successfully.
06-29-2021 @ 17:41:23 - Row :93 - Parsing item.
06-29-2021 @ 17:41:23 - Row :93 - Processing item.
06-29-2021 @ 17:41:23 - Found simple product object. ID:421343
06-29-2021 @ 17:41:23 - Setting Featured Image. URL:https://inspiry.co.nz/wp-content/uploads/2021/06/ENG-6354.png
06-29-2021 @ 17:41:23 - Attachment ID:448596
06-29-2021 @ 17:41:23 - Row :93 - Product updated successfully.
06-29-2021 @ 17:41:23 - Row :94 - Parsing item.
06-29-2021 @ 17:41:23 - Row :94 - Processing item.
06-29-2021 @ 17:41:23 - Found simple product object. ID:421344
06-29-2021 @ 17:41:23 - Setting Featured Image. URL:https://inspiry.co.nz/wp-content/uploads/2021/06/ENG-6355.png
06-29-2021 @ 17:41:23 - Attachment ID:448594
06-29-2021 @ 17:41:24 - Row :94 - Product updated successfully.
06-29-2021 @ 17:41:24 - Row :95 - Parsing item.
06-29-2021 @ 17:41:24 - Row :95 - Processing item.
06-29-2021 @ 17:41:24 - Found simple product object. ID:421345
06-29-2021 @ 17:41:24 - Setting Featured Image. URL:https://inspiry.co.nz/wp-content/uploads/2021/06/ENG-6356.png
06-29-2021 @ 17:41:24 - Attachment ID:448592
06-29-2021 @ 17:41:24 - Row :95 - Product updated successfully.
06-29-2021 @ 17:41:24 - Row :96 - Parsing item.
06-29-2021 @ 17:41:24 - Row :96 - Processing item.
06-29-2021 @ 17:41:24 - Found simple product object. ID:421346
06-29-2021 @ 17:41:24 - Setting Featured Image. URL:https://inspiry.co.nz/wp-content/uploads/2021/06/ENG-6357.png
06-29-2021 @ 17:41:24 - Attachment ID:448590
06-29-2021 @ 17:41:25 - Row :96 - Product updated successfully.
06-29-2021 @ 17:41:25 - Row :97 - Parsing item.
06-29-2021 @ 17:41:25 - Row :97 - Processing item.
06-29-2021 @ 17:41:25 - Found simple product object. ID:421347
06-29-2021 @ 17:41:25 - Setting Featured Image. URL:https://inspiry.co.nz/wp-content/uploads/2021/06/ENG-6387.png
06-29-2021 @ 17:41:25 - Attachment ID:448588
06-29-2021 @ 17:41:25 - Row :97 - Product updated successfully.
06-29-2021 @ 17:41:25 - Row :98 - Parsing item.
06-29-2021 @ 17:41:25 - Row :98 - Processing item.
06-29-2021 @ 17:41:25 - Found simple product object. ID:421348
06-29-2021 @ 17:41:25 - Setting Featured Image. URL:https://inspiry.co.nz/wp-content/uploads/2021/06/ENG-6388.png
06-29-2021 @ 17:41:25 - Attachment ID:448586
06-29-2021 @ 17:41:26 - Row :98 - Product updated successfully.
06-29-2021 @ 17:41:26 - Row :99 - Parsing item.
06-29-2021 @ 17:41:26 - Row :99 - Processing item.
06-29-2021 @ 17:41:26 - Found simple product object. ID:421349
06-29-2021 @ 17:41:26 - Setting Featured Image. URL:https://inspiry.co.nz/wp-content/uploads/2021/06/ENG-6383.png
06-29-2021 @ 17:41:26 - Attachment ID:448584
06-29-2021 @ 17:41:26 - Row :99 - Product updated successfully.
06-29-2021 @ 17:41:26 - Row :100 - Parsing item.
06-29-2021 @ 17:41:26 - Row :100 - Processing item.
06-29-2021 @ 17:41:26 - Found simple product object. ID:421350
06-29-2021 @ 17:41:26 - Setting Featured Image. URL:https://inspiry.co.nz/wp-content/uploads/2021/06/ENG-6384.png
06-29-2021 @ 17:41:26 - Attachment ID:448582
06-29-2021 @ 17:41:27 - Row :100 - Product updated successfully.
06-29-2021 @ 17:41:28 - Preparing for import.
06-29-2021 @ 17:41:28 - Row :101 - Parsing item.
06-29-2021 @ 17:41:28 - Row :101 - Processing item.
06-29-2021 @ 17:41:28 - Found simple product object. ID:421351
06-29-2021 @ 17:41:28 - Setting Featured Image. URL:https://inspiry.co.nz/wp-content/uploads/2021/06/ENG-6385.png
06-29-2021 @ 17:41:28 - Attachment ID:448580
06-29-2021 @ 17:41:29 - Row :101 - Product updated successfully.
06-29-2021 @ 17:41:29 - Row :102 - Parsing item.
06-29-2021 @ 17:41:29 - Row :102 - Processing item.
06-29-2021 @ 17:41:29 - Found simple product object. ID:421352
06-29-2021 @ 17:41:29 - Setting Featured Image. URL:https://inspiry.co.nz/wp-content/uploads/2021/06/ENG-6358.png
06-29-2021 @ 17:41:29 - Attachment ID:448578
06-29-2021 @ 17:41:29 - Row :102 - Product updated successfully.
06-29-2021 @ 17:41:29 - Row :103 - Parsing item.
06-29-2021 @ 17:41:29 - Row :103 - Processing item.
06-29-2021 @ 17:41:29 - Found simple product object. ID:421353
06-29-2021 @ 17:41:29 - Setting Featured Image. URL:https://inspiry.co.nz/wp-content/uploads/2021/06/ENG-6359.png
06-29-2021 @ 17:41:29 - Attachment ID:448576
06-29-2021 @ 17:41:30 - Row :103 - Product updated successfully.
06-29-2021 @ 17:41:30 - Row :104 - Parsing item.
06-29-2021 @ 17:41:30 - Row :104 - Processing item.
06-29-2021 @ 17:41:30 - Found simple product object. ID:421354
06-29-2021 @ 17:41:30 - Setting Featured Image. URL:https://inspiry.co.nz/wp-content/uploads/2021/06/ENG-6360.png
06-29-2021 @ 17:41:30 - Attachment ID:448574
06-29-2021 @ 17:41:30 - Row :104 - Product updated successfully.
06-29-2021 @ 17:41:30 - ---[ Import ended at 2021-06-29 05:41:30]---
