07-02-2021 @ 19:32:00 - ---[ New import started at 2021-07-02 07:32:00 ] PHP Memory: 768 MB, WP Memory: 40 MB
07-02-2021 @ 19:32:00 - Preparing for import.
07-02-2021 @ 19:32:00 - Row :1 - Parsing item.
07-02-2021 @ 19:32:00 - Row :1 - Processing item.
07-02-2021 @ 19:32:00 - Found simple product object. ID:448934
07-02-2021 @ 19:32:00 - Setting Featured Image. URL:https://inspiry.co.nz/wp-content/uploads/2021/07/WNR1158P.WT_.0.jpg
07-02-2021 @ 19:32:00 - Attachment ID:448889
07-02-2021 @ 19:32:00 - Row :1 - Product updated successfully.
07-02-2021 @ 19:32:00 - Row :2 - Parsing item.
07-02-2021 @ 19:32:00 - Row :2 - Processing item.
07-02-2021 @ 19:32:00 - Found simple product object. ID:448917
07-02-2021 @ 19:32:00 - Setting Featured Image. URL:https://inspiry.co.nz/wp-content/uploads/2021/07/WNR1146P.WT_.0.jpg
07-02-2021 @ 19:32:00 - Attachment ID:448884
07-02-2021 @ 19:32:01 - Row :2 - Product updated successfully.
07-02-2021 @ 19:32:01 - Row :3 - Parsing item.
07-02-2021 @ 19:32:01 - Row :3 - Processing item.
07-02-2021 @ 19:32:01 - Found simple product object. ID:448918
07-02-2021 @ 19:32:01 - Setting Featured Image. URL:https://inspiry.co.nz/wp-content/uploads/2021/07/WNR1153P.WT_.0.jpg
07-02-2021 @ 19:32:01 - Attachment ID:448886
07-02-2021 @ 19:32:01 - Row :3 - Product updated successfully.
07-02-2021 @ 19:32:01 - Row :4 - Parsing item.
07-02-2021 @ 19:32:01 - Row :4 - Processing item.
07-02-2021 @ 19:32:01 - Found simple product object. ID:448919
07-02-2021 @ 19:32:01 - Setting Featured Image. URL:https://inspiry.co.nz/wp-content/uploads/2021/07/WNR1160P.WT_.0.jpg
07-02-2021 @ 19:32:01 - Attachment ID:448891
07-02-2021 @ 19:32:02 - Row :4 - Product updated successfully.
07-02-2021 @ 19:32:02 - Row :5 - Parsing item.
07-02-2021 @ 19:32:02 - Row :5 - Processing item.
07-02-2021 @ 19:32:02 - Found simple product object. ID:448907
07-02-2021 @ 19:32:02 - Setting Featured Image. URL:https://inspiry.co.nz/wp-content/uploads/2021/07/WNR1146.WT_.0.jpg
07-02-2021 @ 19:32:02 - Attachment ID:448883
07-02-2021 @ 19:32:02 - Row :5 - Product updated successfully.
07-02-2021 @ 19:32:02 - Row :6 - Parsing item.
07-02-2021 @ 19:32:02 - Row :6 - Processing item.
07-02-2021 @ 19:32:02 - Found simple product object. ID:448908
07-02-2021 @ 19:32:02 - Setting Featured Image. URL:https://inspiry.co.nz/wp-content/uploads/2021/07/WNR1203.WT_.0.jpg
07-02-2021 @ 19:32:03 - Attachment ID:448892
07-02-2021 @ 19:32:03 - Row :6 - Product updated successfully.
07-02-2021 @ 19:32:03 - Row :7 - Parsing item.
07-02-2021 @ 19:32:03 - Row :7 - Processing item.
07-02-2021 @ 19:32:03 - Found simple product object. ID:448909
07-02-2021 @ 19:32:03 - Setting Featured Image. URL:https://inspiry.co.nz/wp-content/uploads/2021/07/WNR1153.WT_.0.jpg
07-02-2021 @ 19:32:03 - Attachment ID:448885
07-02-2021 @ 19:32:03 - Row :7 - Product updated successfully.
07-02-2021 @ 19:32:03 - Row :8 - Parsing item.
07-02-2021 @ 19:32:03 - Row :8 - Processing item.
07-02-2021 @ 19:32:03 - Found simple product object. ID:448910
07-02-2021 @ 19:32:03 - Setting Featured Image. URL:https://inspiry.co.nz/wp-content/uploads/2021/07/WNR1155.WT_.0.jpg
07-02-2021 @ 19:32:04 - Attachment ID:448887
07-02-2021 @ 19:32:04 - Row :8 - Product updated successfully.
07-02-2021 @ 19:32:04 - Row :9 - Parsing item.
07-02-2021 @ 19:32:04 - Row :9 - Processing item.
07-02-2021 @ 19:32:04 - Found simple product object. ID:448911
07-02-2021 @ 19:32:04 - Setting Featured Image. URL:https://inspiry.co.nz/wp-content/uploads/2021/07/WNR1158.WT_.0.jpg
07-02-2021 @ 19:32:04 - Attachment ID:448888
07-02-2021 @ 19:32:04 - Row :9 - Product updated successfully.
07-02-2021 @ 19:32:04 - Row :10 - Parsing item.
07-02-2021 @ 19:32:04 - Row :10 - Processing item.
07-02-2021 @ 19:32:04 - Found simple product object. ID:448912
07-02-2021 @ 19:32:04 - Setting Featured Image. URL:https://inspiry.co.nz/wp-content/uploads/2021/07/WNR1160.WT_.0.jpg
07-02-2021 @ 19:32:05 - Attachment ID:448890
07-02-2021 @ 19:32:05 - Row :10 - Product updated successfully.
07-02-2021 @ 19:32:05 - ---[ Import ended at 2021-07-02 07:32:05]---
