07-06-2021 @ 19:25:13 - ---[ New import started at 2021-07-06 07:25:13 ] PHP Memory: 768 MB, WP Memory: 40 MB
07-06-2021 @ 19:25:13 - Preparing for import.
07-06-2021 @ 19:25:13 - Row :1 - Parsing item.
07-06-2021 @ 19:25:13 - Row :1 - Processing item.
07-06-2021 @ 19:25:13 - Found simple product object. ID:449504
07-06-2021 @ 19:25:13 - Setting Featured Image. URL:https://inspiry.co.nz/wp-content/uploads/2021/07/MK-VIS090240BL.jpg
07-06-2021 @ 19:25:13 - Attachment ID:449548
07-06-2021 @ 19:25:13 - Row :1 - Product updated successfully.
07-06-2021 @ 19:25:13 - Row :2 - Parsing item.
07-06-2021 @ 19:25:13 - Row :2 - Processing item.
07-06-2021 @ 19:25:13 - Found simple product object. ID:449505
07-06-2021 @ 19:25:13 - Setting Featured Image. URL:https://inspiry.co.nz/wp-content/uploads/2021/07/MK-VIS120240BL.jpg
07-06-2021 @ 19:25:13 - Attachment ID:449547
07-06-2021 @ 19:25:14 - Row :2 - Product updated successfully.
07-06-2021 @ 19:25:14 - Row :3 - Parsing item.
07-06-2021 @ 19:25:14 - Row :3 - Processing item.
07-06-2021 @ 19:25:14 - Found simple product object. ID:449506
07-06-2021 @ 19:25:14 - Setting Featured Image. URL:https://inspiry.co.nz/wp-content/uploads/2021/07/MK-VIS150240BL.jpg
07-06-2021 @ 19:25:14 - Attachment ID:449546
07-06-2021 @ 19:25:14 - Row :3 - Product updated successfully.
07-06-2021 @ 19:25:14 - Row :4 - Parsing item.
07-06-2021 @ 19:25:14 - Row :4 - Processing item.
07-06-2021 @ 19:25:14 - Found simple product object. ID:449507
07-06-2021 @ 19:25:14 - Setting Featured Image. URL:https://inspiry.co.nz/wp-content/uploads/2021/07/MK-VIS180240BL.jpg
07-06-2021 @ 19:25:15 - Attachment ID:449545
07-06-2021 @ 19:25:15 - Row :4 - Product updated successfully.
07-06-2021 @ 19:25:15 - Row :5 - Parsing item.
07-06-2021 @ 19:25:15 - Row :5 - Processing item.
07-06-2021 @ 19:25:15 - Found simple product object. ID:449508
07-06-2021 @ 19:25:15 - Setting Featured Image. URL:https://inspiry.co.nz/wp-content/uploads/2021/07/MK-VIS210240BL.jpg
07-06-2021 @ 19:25:15 - Attachment ID:449544
07-06-2021 @ 19:25:15 - Row :5 - Product updated successfully.
07-06-2021 @ 19:25:15 - Row :6 - Parsing item.
07-06-2021 @ 19:25:15 - Row :6 - Processing item.
07-06-2021 @ 19:25:15 - Found simple product object. ID:449509
07-06-2021 @ 19:25:15 - Setting Featured Image. URL:https://inspiry.co.nz/wp-content/uploads/2021/07/MK-VIS240240BL.jpg
07-06-2021 @ 19:25:15 - Attachment ID:449543
07-06-2021 @ 19:25:16 - Row :6 - Product updated successfully.
07-06-2021 @ 19:25:16 - Row :7 - Parsing item.
07-06-2021 @ 19:25:16 - Row :7 - Processing item.
07-06-2021 @ 19:25:16 - Found simple product object. ID:449510
07-06-2021 @ 19:25:16 - Setting Featured Image. URL:https://inspiry.co.nz/wp-content/uploads/2021/07/MK-VIS090240SI.jpg
07-06-2021 @ 19:25:16 - Attachment ID:449542
07-06-2021 @ 19:25:16 - Row :7 - Product updated successfully.
07-06-2021 @ 19:25:16 - Row :8 - Parsing item.
07-06-2021 @ 19:25:16 - Row :8 - Processing item.
07-06-2021 @ 19:25:16 - Found simple product object. ID:449511
07-06-2021 @ 19:25:16 - Setting Featured Image. URL:https://inspiry.co.nz/wp-content/uploads/2021/07/MK-VIS120240SI.jpg
07-06-2021 @ 19:25:16 - Attachment ID:449541
07-06-2021 @ 19:25:17 - Row :8 - Product updated successfully.
07-06-2021 @ 19:25:17 - Row :9 - Parsing item.
07-06-2021 @ 19:25:17 - Row :9 - Processing item.
07-06-2021 @ 19:25:17 - Found simple product object. ID:449512
07-06-2021 @ 19:25:17 - Setting Featured Image. URL:https://inspiry.co.nz/wp-content/uploads/2021/07/MK-VIS150240SI.jpg
07-06-2021 @ 19:25:17 - Attachment ID:449540
07-06-2021 @ 19:25:17 - Row :9 - Product updated successfully.
07-06-2021 @ 19:25:17 - Row :10 - Parsing item.
07-06-2021 @ 19:25:17 - Row :10 - Processing item.
07-06-2021 @ 19:25:17 - Found simple product object. ID:449513
07-06-2021 @ 19:25:17 - Setting Featured Image. URL:https://inspiry.co.nz/wp-content/uploads/2021/07/MK-VIS180240SI.jpg
07-06-2021 @ 19:25:18 - Attachment ID:449539
07-06-2021 @ 19:25:18 - Row :10 - Product updated successfully.
07-06-2021 @ 19:25:20 - Preparing for import.
07-06-2021 @ 19:25:20 - Row :11 - Parsing item.
07-06-2021 @ 19:25:20 - Row :11 - Processing item.
07-06-2021 @ 19:25:20 - Found simple product object. ID:449514
07-06-2021 @ 19:25:20 - Setting Featured Image. URL:https://inspiry.co.nz/wp-content/uploads/2021/07/MK-VIS210240SI.jpg
07-06-2021 @ 19:25:20 - Attachment ID:449538
07-06-2021 @ 19:25:20 - Row :11 - Product updated successfully.
07-06-2021 @ 19:25:20 - Row :12 - Parsing item.
07-06-2021 @ 19:25:20 - Row :12 - Processing item.
07-06-2021 @ 19:25:20 - Found simple product object. ID:449515
07-06-2021 @ 19:25:20 - Setting Featured Image. URL:https://inspiry.co.nz/wp-content/uploads/2021/07/MK-VIS240240SI.jpg
07-06-2021 @ 19:25:20 - Attachment ID:449537
07-06-2021 @ 19:25:21 - Row :12 - Product updated successfully.
07-06-2021 @ 19:25:21 - Row :13 - Parsing item.
07-06-2021 @ 19:25:21 - Row :13 - Processing item.
07-06-2021 @ 19:25:21 - Found simple product object. ID:449516
07-06-2021 @ 19:25:21 - Setting Featured Image. URL:https://inspiry.co.nz/wp-content/uploads/2021/07/MK-VIS090240ST.jpg
07-06-2021 @ 19:25:21 - Attachment ID:449536
07-06-2021 @ 19:25:21 - Row :13 - Product updated successfully.
07-06-2021 @ 19:25:21 - Row :14 - Parsing item.
07-06-2021 @ 19:25:21 - Row :14 - Processing item.
07-06-2021 @ 19:25:21 - Found simple product object. ID:449517
07-06-2021 @ 19:25:21 - Setting Featured Image. URL:https://inspiry.co.nz/wp-content/uploads/2021/07/MK-VIS120240ST.jpg
07-06-2021 @ 19:25:21 - Attachment ID:449535
07-06-2021 @ 19:25:22 - Row :14 - Product updated successfully.
07-06-2021 @ 19:25:22 - Row :15 - Parsing item.
07-06-2021 @ 19:25:22 - Row :15 - Processing item.
07-06-2021 @ 19:25:22 - Found simple product object. ID:449518
07-06-2021 @ 19:25:22 - Setting Featured Image. URL:https://inspiry.co.nz/wp-content/uploads/2021/07/MK-VIS150240ST.jpg
07-06-2021 @ 19:25:22 - Attachment ID:449534
07-06-2021 @ 19:25:22 - Row :15 - Product updated successfully.
07-06-2021 @ 19:25:22 - Row :16 - Parsing item.
07-06-2021 @ 19:25:22 - Row :16 - Processing item.
07-06-2021 @ 19:25:22 - Found simple product object. ID:449519
07-06-2021 @ 19:25:22 - Setting Featured Image. URL:https://inspiry.co.nz/wp-content/uploads/2021/07/MK-VIS180240ST.jpg
07-06-2021 @ 19:25:22 - Attachment ID:449533
07-06-2021 @ 19:25:23 - Row :16 - Product updated successfully.
07-06-2021 @ 19:25:23 - Row :17 - Parsing item.
07-06-2021 @ 19:25:23 - Row :17 - Processing item.
07-06-2021 @ 19:25:23 - Found simple product object. ID:449520
07-06-2021 @ 19:25:23 - Setting Featured Image. URL:https://inspiry.co.nz/wp-content/uploads/2021/07/MK-VIS210240ST.jpg
07-06-2021 @ 19:25:23 - Attachment ID:449532
07-06-2021 @ 19:25:23 - Row :17 - Product updated successfully.
07-06-2021 @ 19:25:23 - Row :18 - Parsing item.
07-06-2021 @ 19:25:23 - Row :18 - Processing item.
07-06-2021 @ 19:25:23 - Found simple product object. ID:449521
07-06-2021 @ 19:25:23 - Setting Featured Image. URL:https://inspiry.co.nz/wp-content/uploads/2021/07/MK-VIS240240ST.jpg
07-06-2021 @ 19:25:23 - Attachment ID:449531
07-06-2021 @ 19:25:24 - Row :18 - Product updated successfully.
07-06-2021 @ 19:25:24 - Row :19 - Parsing item.
07-06-2021 @ 19:25:24 - Row :19 - Processing item.
07-06-2021 @ 19:25:24 - Found simple product object. ID:449522
07-06-2021 @ 19:25:24 - Setting Featured Image. URL:https://inspiry.co.nz/wp-content/uploads/2021/07/MK-VIS090240WH.jpg
07-06-2021 @ 19:25:24 - Attachment ID:449530
07-06-2021 @ 19:25:24 - Row :19 - Product updated successfully.
07-06-2021 @ 19:25:24 - Row :20 - Parsing item.
07-06-2021 @ 19:25:24 - Row :20 - Processing item.
07-06-2021 @ 19:25:24 - Found simple product object. ID:449523
07-06-2021 @ 19:25:24 - Setting Featured Image. URL:https://inspiry.co.nz/wp-content/uploads/2021/07/MK-VIS120240WH.jpg
07-06-2021 @ 19:25:24 - Attachment ID:449529
07-06-2021 @ 19:25:25 - Row :20 - Product updated successfully.
07-06-2021 @ 19:25:27 - Preparing for import.
07-06-2021 @ 19:25:27 - Row :21 - Parsing item.
07-06-2021 @ 19:25:27 - Row :21 - Processing item.
07-06-2021 @ 19:25:27 - Found simple product object. ID:449524
07-06-2021 @ 19:25:27 - Setting Featured Image. URL:https://inspiry.co.nz/wp-content/uploads/2021/07/MK-VIS150240WH.jpg
07-06-2021 @ 19:25:27 - Attachment ID:449528
07-06-2021 @ 19:25:28 - Row :21 - Product updated successfully.
07-06-2021 @ 19:25:28 - Row :22 - Parsing item.
07-06-2021 @ 19:25:28 - Row :22 - Processing item.
07-06-2021 @ 19:25:28 - Found simple product object. ID:449525
07-06-2021 @ 19:25:28 - Setting Featured Image. URL:https://inspiry.co.nz/wp-content/uploads/2021/07/MK-VIS180240WH.jpg
07-06-2021 @ 19:25:28 - Attachment ID:449551
07-06-2021 @ 19:25:28 - Row :22 - Product updated successfully.
07-06-2021 @ 19:25:28 - Row :23 - Parsing item.
07-06-2021 @ 19:25:28 - Row :23 - Processing item.
07-06-2021 @ 19:25:28 - Found simple product object. ID:449526
07-06-2021 @ 19:25:28 - Setting Featured Image. URL:https://inspiry.co.nz/wp-content/uploads/2021/07/MK-VIS210240WH.jpg
07-06-2021 @ 19:25:28 - Attachment ID:449550
07-06-2021 @ 19:25:29 - Row :23 - Product updated successfully.
07-06-2021 @ 19:25:29 - Row :24 - Parsing item.
07-06-2021 @ 19:25:29 - Row :24 - Processing item.
07-06-2021 @ 19:25:29 - Found simple product object. ID:449527
07-06-2021 @ 19:25:29 - Setting Featured Image. URL:https://inspiry.co.nz/wp-content/uploads/2021/07/MK-VIS240240WH.jpg
07-06-2021 @ 19:25:29 - Attachment ID:449549
07-06-2021 @ 19:25:29 - Row :24 - Product updated successfully.
07-06-2021 @ 19:25:29 - ---[ Import ended at 2021-07-06 07:25:29]---
