07-10-2021 @ 03:08:41 - ---[ New import started at 2021-07-09 15:08:41 ] PHP Memory: 768 MB, WP Memory: 40 MB
07-10-2021 @ 03:08:41 - Preparing for import.
07-10-2021 @ 03:08:41 - Row :1 - Parsing item.
07-10-2021 @ 03:08:41 - Row :1 - Processing item.
07-10-2021 @ 03:08:41 - Found simple product object. ID:408711
07-10-2021 @ 03:08:41 - Setting Featured Image. URL:https://inspiry.co.nz/wp-content/uploads/2021/02/CS-114-16032.jpg
07-10-2021 @ 03:08:41 - Attachment ID:408710
07-10-2021 @ 03:08:42 - Row :1 - Product updated successfully.
07-10-2021 @ 03:08:42 - Row :2 - Parsing item.
07-10-2021 @ 03:08:42 - Row :2 - Processing item.
07-10-2021 @ 03:08:42 - Found simple product object. ID:408849
07-10-2021 @ 03:08:42 - Setting Featured Image. URL:https://inspiry.co.nz/wp-content/uploads/2021/02/CS-97-10030.jpg
07-10-2021 @ 03:08:42 - Attachment ID:408848
07-10-2021 @ 03:08:42 - Row :2 - Product updated successfully.
07-10-2021 @ 03:08:42 - Row :3 - Parsing item.
07-10-2021 @ 03:08:42 - Row :3 - Processing item.
07-10-2021 @ 03:08:42 - Found simple product object. ID:408851
07-10-2021 @ 03:08:42 - Setting Featured Image. URL:https://inspiry.co.nz/wp-content/uploads/2021/02/CS-97-10048.jpg
07-10-2021 @ 03:08:42 - Attachment ID:408850
07-10-2021 @ 03:08:43 - Row :3 - Product updated successfully.
07-10-2021 @ 03:08:43 - Row :4 - Parsing item.
07-10-2021 @ 03:08:43 - Row :4 - Processing item.
07-10-2021 @ 03:08:43 - Found simple product object. ID:408713
07-10-2021 @ 03:08:43 - Setting Featured Image. URL:https://inspiry.co.nz/wp-content/uploads/2021/02/CS-114-16033.jpg
07-10-2021 @ 03:08:43 - Attachment ID:408712
07-10-2021 @ 03:08:43 - Row :4 - Product updated successfully.
07-10-2021 @ 03:08:43 - Row :5 - Parsing item.
07-10-2021 @ 03:08:43 - Row :5 - Processing item.
07-10-2021 @ 03:08:43 - Found simple product object. ID:408703
07-10-2021 @ 03:08:43 - Setting Featured Image. URL:https://inspiry.co.nz/wp-content/uploads/2021/02/CS-114-14028.jpg
07-10-2021 @ 03:08:43 - Attachment ID:408702
07-10-2021 @ 03:08:44 - Row :5 - Product updated successfully.
07-10-2021 @ 03:08:44 - Row :6 - Parsing item.
07-10-2021 @ 03:08:44 - Row :6 - Processing item.
07-10-2021 @ 03:08:44 - Found simple product object. ID:408699
07-10-2021 @ 03:08:44 - Setting Featured Image. URL:https://inspiry.co.nz/wp-content/uploads/2021/02/CS-114-14026.jpg
07-10-2021 @ 03:08:44 - Attachment ID:408698
07-10-2021 @ 03:08:44 - Row :6 - Product updated successfully.
07-10-2021 @ 03:08:44 - Row :7 - Parsing item.
07-10-2021 @ 03:08:44 - Row :7 - Processing item.
07-10-2021 @ 03:08:44 - Found simple product object. ID:408733
07-10-2021 @ 03:08:44 - Setting Featured Image. URL:https://inspiry.co.nz/wp-content/uploads/2021/02/CS-114-23043.jpg
07-10-2021 @ 03:08:45 - Attachment ID:408732
07-10-2021 @ 03:08:45 - Row :7 - Product updated successfully.
07-10-2021 @ 03:08:45 - Row :8 - Parsing item.
07-10-2021 @ 03:08:45 - Row :8 - Processing item.
07-10-2021 @ 03:08:45 - Found simple product object. ID:408735
07-10-2021 @ 03:08:45 - Setting Featured Image. URL:https://inspiry.co.nz/wp-content/uploads/2021/02/CS-114-23044.jpg
07-10-2021 @ 03:08:45 - Attachment ID:408734
07-10-2021 @ 03:08:45 - Row :8 - Product updated successfully.
07-10-2021 @ 03:08:45 - Row :9 - Parsing item.
07-10-2021 @ 03:08:45 - Row :9 - Processing item.
07-10-2021 @ 03:08:45 - Found simple product object. ID:408951
07-10-2021 @ 03:08:45 - Setting Featured Image. URL:https://inspiry.co.nz/wp-content/uploads/2021/02/CS-112-6023.jpg
07-10-2021 @ 03:08:46 - Attachment ID:408950
07-10-2021 @ 03:08:46 - Row :9 - Product updated successfully.
07-10-2021 @ 03:08:46 - Row :10 - Parsing item.
07-10-2021 @ 03:08:46 - Row :10 - Processing item.
07-10-2021 @ 03:08:46 - Found simple product object. ID:408761
07-10-2021 @ 03:08:46 - Setting Featured Image. URL:https://inspiry.co.nz/wp-content/uploads/2021/02/CS-114-28057.jpg
07-10-2021 @ 03:08:46 - Attachment ID:408760
07-10-2021 @ 03:08:46 - Row :10 - Product updated successfully.
07-10-2021 @ 03:08:47 - Preparing for import.
07-10-2021 @ 03:08:47 - Row :11 - Parsing item.
07-10-2021 @ 03:08:47 - Row :11 - Processing item.
07-10-2021 @ 03:08:47 - Found simple product object. ID:408759
07-10-2021 @ 03:08:47 - Setting Featured Image. URL:https://inspiry.co.nz/wp-content/uploads/2021/02/CS-114-28056.jpg
07-10-2021 @ 03:08:47 - Attachment ID:408758
07-10-2021 @ 03:08:48 - Row :11 - Product updated successfully.
07-10-2021 @ 03:08:48 - Row :12 - Parsing item.
07-10-2021 @ 03:08:48 - Row :12 - Processing item.
07-10-2021 @ 03:08:48 - Found simple product object. ID:409109
07-10-2021 @ 03:08:48 - Setting Featured Image. URL:https://inspiry.co.nz/wp-content/uploads/2021/02/CS-113-4012.jpg
07-10-2021 @ 03:08:48 - Attachment ID:409108
07-10-2021 @ 03:08:48 - Row :12 - Product updated successfully.
07-10-2021 @ 03:08:48 - Row :13 - Parsing item.
07-10-2021 @ 03:08:48 - Row :13 - Processing item.
07-10-2021 @ 03:08:48 - Found simple product object. ID:408701
07-10-2021 @ 03:08:48 - Setting Featured Image. URL:https://inspiry.co.nz/wp-content/uploads/2021/02/CS-114-14027.jpg
07-10-2021 @ 03:08:49 - Attachment ID:408700
07-10-2021 @ 03:08:49 - Row :13 - Product updated successfully.
07-10-2021 @ 03:08:49 - Row :14 - Parsing item.
07-10-2021 @ 03:08:49 - Row :14 - Processing item.
07-10-2021 @ 03:08:49 - Found simple product object. ID:408737
07-10-2021 @ 03:08:49 - Setting Featured Image. URL:https://inspiry.co.nz/wp-content/uploads/2021/02/CS-114-23045.jpg
07-10-2021 @ 03:08:49 - Attachment ID:408736
07-10-2021 @ 03:08:49 - Row :14 - Product updated successfully.
07-10-2021 @ 03:08:49 - Row :15 - Parsing item.
07-10-2021 @ 03:08:49 - Row :15 - Processing item.
07-10-2021 @ 03:08:49 - Found simple product object. ID:408709
07-10-2021 @ 03:08:49 - Setting Featured Image. URL:https://inspiry.co.nz/wp-content/uploads/2021/02/CS-114-15031.jpg
07-10-2021 @ 03:08:49 - Attachment ID:408708
07-10-2021 @ 03:08:50 - Row :15 - Product updated successfully.
07-10-2021 @ 03:08:50 - Row :16 - Parsing item.
07-10-2021 @ 03:08:50 - Row :16 - Processing item.
07-10-2021 @ 03:08:50 - Found simple product object. ID:408707
07-10-2021 @ 03:08:50 - Setting Featured Image. URL:https://inspiry.co.nz/wp-content/uploads/2021/02/CS-114-15030.jpg
07-10-2021 @ 03:08:50 - Attachment ID:408706
07-10-2021 @ 03:08:50 - Row :16 - Product updated successfully.
07-10-2021 @ 03:08:50 - Row :17 - Parsing item.
07-10-2021 @ 03:08:50 - Row :17 - Processing item.
07-10-2021 @ 03:08:50 - Found simple product object. ID:408705
07-10-2021 @ 03:08:50 - Setting Featured Image. URL:https://inspiry.co.nz/wp-content/uploads/2021/02/CS-114-15029.jpg
07-10-2021 @ 03:08:51 - Attachment ID:408704
07-10-2021 @ 03:08:51 - Row :17 - Product updated successfully.
07-10-2021 @ 03:08:51 - Row :18 - Parsing item.
07-10-2021 @ 03:08:51 - Row :18 - Processing item.
07-10-2021 @ 03:08:51 - Found simple product object. ID:409121
07-10-2021 @ 03:08:51 - Setting Featured Image. URL:https://inspiry.co.nz/wp-content/uploads/2021/02/CS-113-6015.jpg
07-10-2021 @ 03:08:51 - Attachment ID:409120
07-10-2021 @ 03:08:51 - Row :18 - Product updated successfully.
07-10-2021 @ 03:08:51 - Row :19 - Parsing item.
07-10-2021 @ 03:08:51 - Row :19 - Processing item.
07-10-2021 @ 03:08:51 - Found simple product object. ID:409119
07-10-2021 @ 03:08:51 - Setting Featured Image. URL:https://inspiry.co.nz/wp-content/uploads/2021/02/CS-113-6014.jpg
07-10-2021 @ 03:08:52 - Attachment ID:409118
07-10-2021 @ 03:08:52 - Row :19 - Product updated successfully.
07-10-2021 @ 03:08:52 - Row :20 - Parsing item.
07-10-2021 @ 03:08:52 - Row :20 - Processing item.
07-10-2021 @ 03:08:52 - Found simple product object. ID:409053
07-10-2021 @ 03:08:52 - Setting Featured Image. URL:https://inspiry.co.nz/wp-content/uploads/2021/02/CS-110-10049.jpg
07-10-2021 @ 03:08:52 - Attachment ID:409052
07-10-2021 @ 03:08:52 - Row :20 - Product updated successfully.
07-10-2021 @ 03:08:54 - Preparing for import.
07-10-2021 @ 03:08:54 - Row :21 - Parsing item.
07-10-2021 @ 03:08:54 - Row :21 - Processing item.
07-10-2021 @ 03:08:54 - Found simple product object. ID:409049
07-10-2021 @ 03:08:54 - Setting Featured Image. URL:https://inspiry.co.nz/wp-content/uploads/2021/02/CS-110-10047.jpg
07-10-2021 @ 03:08:54 - Attachment ID:409048
07-10-2021 @ 03:08:55 - Row :21 - Product updated successfully.
07-10-2021 @ 03:08:55 - Row :22 - Parsing item.
07-10-2021 @ 03:08:55 - Row :22 - Processing item.
07-10-2021 @ 03:08:55 - Found simple product object. ID:409045
07-10-2021 @ 03:08:55 - Setting Featured Image. URL:https://inspiry.co.nz/wp-content/uploads/2021/02/CS-110-10045.jpg
07-10-2021 @ 03:08:55 - Attachment ID:409044
07-10-2021 @ 03:08:55 - Row :22 - Product updated successfully.
07-10-2021 @ 03:08:55 - Row :23 - Parsing item.
07-10-2021 @ 03:08:55 - Row :23 - Processing item.
07-10-2021 @ 03:08:55 - Found simple product object. ID:409051
07-10-2021 @ 03:08:55 - Setting Featured Image. URL:https://inspiry.co.nz/wp-content/uploads/2021/02/CS-110-10048.jpg
07-10-2021 @ 03:08:56 - Attachment ID:409050
07-10-2021 @ 03:08:56 - Row :23 - Product updated successfully.
07-10-2021 @ 03:08:56 - Row :24 - Parsing item.
07-10-2021 @ 03:08:56 - Row :24 - Processing item.
07-10-2021 @ 03:08:56 - Found simple product object. ID:409055
07-10-2021 @ 03:08:56 - Setting Featured Image. URL:https://inspiry.co.nz/wp-content/uploads/2021/02/CS-110-10050.jpg
07-10-2021 @ 03:08:56 - Attachment ID:409054
07-10-2021 @ 03:08:56 - Row :24 - Product updated successfully.
07-10-2021 @ 03:08:56 - Row :25 - Parsing item.
07-10-2021 @ 03:08:56 - Row :25 - Processing item.
07-10-2021 @ 03:08:56 - Found simple product object. ID:409047
07-10-2021 @ 03:08:56 - Setting Featured Image. URL:https://inspiry.co.nz/wp-content/uploads/2021/02/CS-110-10046.jpg
07-10-2021 @ 03:08:57 - Attachment ID:409046
07-10-2021 @ 03:08:57 - Row :25 - Product updated successfully.
07-10-2021 @ 03:08:57 - Row :26 - Parsing item.
07-10-2021 @ 03:08:57 - Row :26 - Processing item.
07-10-2021 @ 03:08:57 - Found simple product object. ID:408691
07-10-2021 @ 03:08:57 - Setting Featured Image. URL:https://inspiry.co.nz/wp-content/uploads/2021/02/CS-114-10020.jpg
07-10-2021 @ 03:08:57 - Attachment ID:408690
07-10-2021 @ 03:08:57 - Row :26 - Product updated successfully.
07-10-2021 @ 03:08:57 - Row :27 - Parsing item.
07-10-2021 @ 03:08:57 - Row :27 - Processing item.
07-10-2021 @ 03:08:57 - Found simple product object. ID:408719
07-10-2021 @ 03:08:57 - Setting Featured Image. URL:https://inspiry.co.nz/wp-content/uploads/2021/02/CS-114-17036.jpg
07-10-2021 @ 03:08:58 - Attachment ID:408718
07-10-2021 @ 03:08:58 - Row :27 - Product updated successfully.
07-10-2021 @ 03:08:58 - Row :28 - Parsing item.
07-10-2021 @ 03:08:58 - Row :28 - Processing item.
07-10-2021 @ 03:08:58 - Found simple product object. ID:408725
07-10-2021 @ 03:08:58 - Setting Featured Image. URL:https://inspiry.co.nz/wp-content/uploads/2021/02/CS-114-19039.jpg
07-10-2021 @ 03:08:58 - Attachment ID:408724
07-10-2021 @ 03:08:58 - Row :28 - Product updated successfully.
07-10-2021 @ 03:08:58 - Row :29 - Parsing item.
07-10-2021 @ 03:08:58 - Row :29 - Processing item.
07-10-2021 @ 03:08:58 - Found simple product object. ID:408771
07-10-2021 @ 03:08:58 - Setting Featured Image. URL:https://inspiry.co.nz/wp-content/uploads/2021/02/CS-114-7014.jpg
07-10-2021 @ 03:08:58 - Attachment ID:408770
07-10-2021 @ 03:08:59 - Row :29 - Product updated successfully.
07-10-2021 @ 03:08:59 - Row :30 - Parsing item.
07-10-2021 @ 03:08:59 - Row :30 - Processing item.
07-10-2021 @ 03:08:59 - Found simple product object. ID:408723
07-10-2021 @ 03:08:59 - Setting Featured Image. URL:https://inspiry.co.nz/wp-content/uploads/2021/02/CS-114-19038.jpg
07-10-2021 @ 03:08:59 - Attachment ID:408722
07-10-2021 @ 03:08:59 - Row :30 - Product updated successfully.
07-10-2021 @ 03:09:01 - Preparing for import.
07-10-2021 @ 03:09:01 - Row :31 - Parsing item.
07-10-2021 @ 03:09:01 - Row :31 - Processing item.
07-10-2021 @ 03:09:01 - Found simple product object. ID:408953
07-10-2021 @ 03:09:01 - Setting Featured Image. URL:https://inspiry.co.nz/wp-content/uploads/2021/02/CS-112-6024.jpg
07-10-2021 @ 03:09:02 - Attachment ID:408952
07-10-2021 @ 03:09:02 - Row :31 - Product updated successfully.
07-10-2021 @ 03:09:02 - Row :32 - Parsing item.
07-10-2021 @ 03:09:02 - Row :32 - Processing item.
07-10-2021 @ 03:09:02 - Found simple product object. ID:408755
07-10-2021 @ 03:09:02 - Setting Featured Image. URL:https://inspiry.co.nz/wp-content/uploads/2021/02/CS-114-28054.jpg
07-10-2021 @ 03:09:02 - Attachment ID:408754
07-10-2021 @ 03:09:02 - Row :32 - Product updated successfully.
07-10-2021 @ 03:09:02 - Row :33 - Parsing item.
07-10-2021 @ 03:09:02 - Row :33 - Processing item.
07-10-2021 @ 03:09:03 - Found simple product object. ID:408757
07-10-2021 @ 03:09:03 - Setting Featured Image. URL:https://inspiry.co.nz/wp-content/uploads/2021/02/CS-114-28055.jpg
07-10-2021 @ 03:09:03 - Attachment ID:408756
07-10-2021 @ 03:09:03 - Row :33 - Product updated successfully.
07-10-2021 @ 03:09:03 - Row :34 - Parsing item.
07-10-2021 @ 03:09:03 - Row :34 - Processing item.
07-10-2021 @ 03:09:03 - Found simple product object. ID:409275
07-10-2021 @ 03:09:03 - Setting Featured Image. URL:https://inspiry.co.nz/wp-content/uploads/2021/02/CS-109-6033.jpg
07-10-2021 @ 03:09:03 - Attachment ID:409274
07-10-2021 @ 03:09:03 - Row :34 - Product updated successfully.
07-10-2021 @ 03:09:03 - Row :35 - Parsing item.
07-10-2021 @ 03:09:03 - Row :35 - Processing item.
07-10-2021 @ 03:09:03 - Found simple product object. ID:408889
07-10-2021 @ 03:09:03 - Setting Featured Image. URL:https://inspiry.co.nz/wp-content/uploads/2021/02/CS-100-6031.jpg
07-10-2021 @ 03:09:04 - Attachment ID:408888
07-10-2021 @ 03:09:04 - Row :35 - Product updated successfully.
07-10-2021 @ 03:09:04 - Row :36 - Parsing item.
07-10-2021 @ 03:09:04 - Row :36 - Processing item.
07-10-2021 @ 03:09:04 - Found simple product object. ID:408765
07-10-2021 @ 03:09:04 - Setting Featured Image. URL:https://inspiry.co.nz/wp-content/uploads/2021/02/CS-114-4008.jpg
07-10-2021 @ 03:09:04 - Attachment ID:408764
07-10-2021 @ 03:09:04 - Row :36 - Product updated successfully.
07-10-2021 @ 03:09:04 - Row :37 - Parsing item.
07-10-2021 @ 03:09:04 - Row :37 - Processing item.
07-10-2021 @ 03:09:04 - Found simple product object. ID:409177
07-10-2021 @ 03:09:04 - Setting Featured Image. URL:https://inspiry.co.nz/wp-content/uploads/2021/02/CS-113-12036.jpg
07-10-2021 @ 03:09:05 - Attachment ID:409176
07-10-2021 @ 03:09:05 - Row :37 - Product updated successfully.
07-10-2021 @ 03:09:05 - Row :38 - Parsing item.
07-10-2021 @ 03:09:05 - Row :38 - Processing item.
07-10-2021 @ 03:09:05 - Found simple product object. ID:409179
07-10-2021 @ 03:09:05 - Setting Featured Image. URL:https://inspiry.co.nz/wp-content/uploads/2021/02/CS-113-12037.jpg
07-10-2021 @ 03:09:05 - Attachment ID:409178
07-10-2021 @ 03:09:05 - Row :38 - Product updated successfully.
07-10-2021 @ 03:09:05 - Row :39 - Parsing item.
07-10-2021 @ 03:09:05 - Row :39 - Processing item.
07-10-2021 @ 03:09:05 - Found simple product object. ID:409181
07-10-2021 @ 03:09:05 - Setting Featured Image. URL:https://inspiry.co.nz/wp-content/uploads/2021/02/CS-113-12038.jpg
07-10-2021 @ 03:09:06 - Attachment ID:409180
07-10-2021 @ 03:09:06 - Row :39 - Product updated successfully.
07-10-2021 @ 03:09:06 - Row :40 - Parsing item.
07-10-2021 @ 03:09:06 - Row :40 - Processing item.
07-10-2021 @ 03:09:06 - Found simple product object. ID:424297
07-10-2021 @ 03:09:06 - Setting Featured Image. URL:https://inspiry.co.nz/wp-content/uploads/2021/02/CS-117-13041.jpg
07-10-2021 @ 03:09:06 - Attachment ID:424581
07-10-2021 @ 03:09:06 - Row :40 - Product updated successfully.
07-10-2021 @ 03:09:08 - Preparing for import.
07-10-2021 @ 03:09:08 - Row :41 - Parsing item.
07-10-2021 @ 03:09:08 - Row :41 - Processing item.
07-10-2021 @ 03:09:08 - Found simple product object. ID:424298
07-10-2021 @ 03:09:08 - Setting Featured Image. URL:https://inspiry.co.nz/wp-content/uploads/2021/02/CS-117-13042.jpg
07-10-2021 @ 03:09:08 - Attachment ID:424583
07-10-2021 @ 03:09:08 - Row :41 - Product updated successfully.
07-10-2021 @ 03:09:08 - Row :42 - Parsing item.
07-10-2021 @ 03:09:08 - Row :42 - Processing item.
07-10-2021 @ 03:09:08 - Found simple product object. ID:424323
07-10-2021 @ 03:09:08 - Setting Featured Image. URL:https://inspiry.co.nz/wp-content/uploads/2021/02/CS-117-4012.jpg
07-10-2021 @ 03:09:09 - Attachment ID:424653
07-10-2021 @ 03:09:09 - Row :42 - Product updated successfully.
07-10-2021 @ 03:09:09 - Row :43 - Parsing item.
07-10-2021 @ 03:09:09 - Row :43 - Processing item.
07-10-2021 @ 03:09:09 - Found simple product object. ID:421234
07-10-2021 @ 03:09:09 - Setting Featured Image. URL:https://inspiry.co.nz/wp-content/uploads/2021/02/CS-109-11052.jpg
07-10-2021 @ 03:09:09 - Attachment ID:449603
07-10-2021 @ 03:09:10 - Row :43 - Product updated successfully.
07-10-2021 @ 03:09:10 - Row :44 - Parsing item.
07-10-2021 @ 03:09:10 - Row :44 - Processing item.
07-10-2021 @ 03:09:10 - Found simple product object. ID:424324
07-10-2021 @ 03:09:10 - Setting Featured Image. URL:https://inspiry.co.nz/wp-content/uploads/2021/02/CS-117-4011.jpg
07-10-2021 @ 03:09:10 - Attachment ID:424655
07-10-2021 @ 03:09:10 - Row :44 - Product updated successfully.
07-10-2021 @ 03:09:10 - Row :45 - Parsing item.
07-10-2021 @ 03:09:10 - Row :45 - Processing item.
07-10-2021 @ 03:09:10 - Found simple product object. ID:424299
07-10-2021 @ 03:09:10 - Setting Featured Image. URL:https://inspiry.co.nz/wp-content/uploads/2021/02/CS-117-12038.jpg
07-10-2021 @ 03:09:10 - Attachment ID:424585
07-10-2021 @ 03:09:11 - Row :45 - Product updated successfully.
07-10-2021 @ 03:09:11 - Row :46 - Parsing item.
07-10-2021 @ 03:09:11 - Row :46 - Processing item.
07-10-2021 @ 03:09:11 - Found simple product object. ID:424327
07-10-2021 @ 03:09:11 - Setting Featured Image. URL:https://inspiry.co.nz/wp-content/uploads/2021/02/CS-117-3008.jpg
07-10-2021 @ 03:09:11 - Attachment ID:424668
07-10-2021 @ 03:09:11 - Row :46 - Product updated successfully.
07-10-2021 @ 03:09:11 - Row :47 - Parsing item.
07-10-2021 @ 03:09:11 - Row :47 - Processing item.
07-10-2021 @ 03:09:11 - Found simple product object. ID:424325
07-10-2021 @ 03:09:11 - Setting Featured Image. URL:https://inspiry.co.nz/wp-content/uploads/2021/02/CS-117-3007.jpg
07-10-2021 @ 03:09:11 - Attachment ID:424659
07-10-2021 @ 03:09:11 - Row :47 - Product updated successfully.
07-10-2021 @ 03:09:11 - Row :48 - Parsing item.
07-10-2021 @ 03:09:12 - Row :48 - Processing item.
07-10-2021 @ 03:09:12 - Found simple product object. ID:424326
07-10-2021 @ 03:09:12 - Setting Featured Image. URL:https://inspiry.co.nz/wp-content/uploads/2021/02/CS-117-3009.jpg
07-10-2021 @ 03:09:12 - Attachment ID:424663
07-10-2021 @ 03:09:12 - Row :48 - Product updated successfully.
07-10-2021 @ 03:09:12 - Row :49 - Parsing item.
07-10-2021 @ 03:09:12 - Row :49 - Processing item.
07-10-2021 @ 03:09:12 - Found simple product object. ID:424328
07-10-2021 @ 03:09:12 - Setting Featured Image. URL:https://inspiry.co.nz/wp-content/uploads/2021/02/CS-117-3006.jpg
07-10-2021 @ 03:09:12 - Attachment ID:424670
07-10-2021 @ 03:09:13 - Row :49 - Product updated successfully.
07-10-2021 @ 03:09:13 - Row :50 - Parsing item.
07-10-2021 @ 03:09:13 - Row :50 - Processing item.
07-10-2021 @ 03:09:13 - Found simple product object. ID:421211
07-10-2021 @ 03:09:13 - Setting Featured Image. URL:https://inspiry.co.nz/wp-content/uploads/2021/02/CS-115-3009.jpg
07-10-2021 @ 03:09:14 - URL:https://inspiry.co.nz/wp-content/uploads/2021/02/CS-115-3009.jpg Reason:Error getting remote image https://inspiry.co.nz/wp-content/uploads/2021/02/CS-115-3009.jpg. Error: Not Found
07-10-2021 @ 03:09:14 - Row :50 - Product updated successfully.
07-10-2021 @ 03:09:16 - Preparing for import.
07-10-2021 @ 03:09:16 - Row :51 - Parsing item.
07-10-2021 @ 03:09:16 - Row :51 - Processing item.
07-10-2021 @ 03:09:16 - Found simple product object. ID:424316
07-10-2021 @ 03:09:16 - Setting Featured Image. URL:https://inspiry.co.nz/wp-content/uploads/2021/02/CS-117-6018.jpg
07-10-2021 @ 03:09:16 - Attachment ID:424635
07-10-2021 @ 03:09:16 - Row :51 - Product updated successfully.
07-10-2021 @ 03:09:16 - Row :52 - Parsing item.
07-10-2021 @ 03:09:16 - Row :52 - Processing item.
07-10-2021 @ 03:09:16 - Found simple product object. ID:424317
07-10-2021 @ 03:09:16 - Setting Featured Image. URL:https://inspiry.co.nz/wp-content/uploads/2021/02/CS-117-6019.jpg
07-10-2021 @ 03:09:16 - Attachment ID:424637
07-10-2021 @ 03:09:17 - Row :52 - Product updated successfully.
07-10-2021 @ 03:09:17 - Row :53 - Parsing item.
07-10-2021 @ 03:09:17 - Row :53 - Processing item.
07-10-2021 @ 03:09:17 - Found simple product object. ID:424315
07-10-2021 @ 03:09:17 - Setting Featured Image. URL:https://inspiry.co.nz/wp-content/uploads/2021/02/CS-117-6016.jpg
07-10-2021 @ 03:09:17 - Attachment ID:424630
07-10-2021 @ 03:09:17 - Row :53 - Product updated successfully.
07-10-2021 @ 03:09:17 - Row :54 - Parsing item.
07-10-2021 @ 03:09:17 - Row :54 - Processing item.
07-10-2021 @ 03:09:17 - Found simple product object. ID:421212
07-10-2021 @ 03:09:17 - Setting Featured Image. URL:https://inspiry.co.nz/wp-content/uploads/2021/02/CS-115-8024.jpg
07-10-2021 @ 03:09:18 - Attachment ID:449604
07-10-2021 @ 03:09:18 - Row :54 - Product updated successfully.
07-10-2021 @ 03:09:18 - Row :55 - Parsing item.
07-10-2021 @ 03:09:18 - Row :55 - Processing item.
07-10-2021 @ 03:09:18 - Found simple product object. ID:421213
07-10-2021 @ 03:09:18 - Setting Featured Image. URL:https://inspiry.co.nz/wp-content/uploads/2021/02/CS-115-8025.jpg
07-10-2021 @ 03:09:19 - Attachment ID:449605
07-10-2021 @ 03:09:20 - Row :55 - Product updated successfully.
07-10-2021 @ 03:09:20 - Row :56 - Parsing item.
07-10-2021 @ 03:09:20 - Row :56 - Processing item.
07-10-2021 @ 03:09:20 - Found simple product object. ID:421214
07-10-2021 @ 03:09:20 - Setting Featured Image. URL:https://inspiry.co.nz/wp-content/uploads/2021/02/CS-115-7021.jpg
07-10-2021 @ 03:09:20 - Attachment ID:449606
07-10-2021 @ 03:09:21 - Row :56 - Product updated successfully.
07-10-2021 @ 03:09:21 - Row :57 - Parsing item.
07-10-2021 @ 03:09:21 - Row :57 - Processing item.
07-10-2021 @ 03:09:21 - Found simple product object. ID:421215
07-10-2021 @ 03:09:21 - Setting Featured Image. URL:https://inspiry.co.nz/wp-content/uploads/2021/02/CS-115-7022.jpg
07-10-2021 @ 03:09:22 - Attachment ID:449607
07-10-2021 @ 03:09:22 - Row :57 - Product updated successfully.
07-10-2021 @ 03:09:22 - Row :58 - Parsing item.
07-10-2021 @ 03:09:22 - Row :58 - Processing item.
07-10-2021 @ 03:09:22 - Found simple product object. ID:424294
07-10-2021 @ 03:09:22 - Setting Featured Image. URL:https://inspiry.co.nz/wp-content/uploads/2021/02/CS-117-14045.jpg
07-10-2021 @ 03:09:22 - Attachment ID:424573
07-10-2021 @ 03:09:22 - Row :58 - Product updated successfully.
07-10-2021 @ 03:09:22 - Row :59 - Parsing item.
07-10-2021 @ 03:09:22 - Row :59 - Processing item.
07-10-2021 @ 03:09:22 - Found simple product object. ID:424293
07-10-2021 @ 03:09:22 - Setting Featured Image. URL:https://inspiry.co.nz/wp-content/uploads/2021/02/CS-117-14044.jpg
07-10-2021 @ 03:09:23 - Attachment ID:424571
07-10-2021 @ 03:09:23 - Row :59 - Product updated successfully.
07-10-2021 @ 03:09:23 - Row :60 - Parsing item.
07-10-2021 @ 03:09:23 - Row :60 - Processing item.
07-10-2021 @ 03:09:23 - Found simple product object. ID:424295
07-10-2021 @ 03:09:23 - Setting Featured Image. URL:https://inspiry.co.nz/wp-content/uploads/2021/02/CS-117-14046.jpg
07-10-2021 @ 03:09:23 - Attachment ID:424575
07-10-2021 @ 03:09:23 - Row :60 - Product updated successfully.
07-10-2021 @ 03:09:25 - Preparing for import.
07-10-2021 @ 03:09:25 - Row :61 - Parsing item.
07-10-2021 @ 03:09:25 - Row :61 - Processing item.
07-10-2021 @ 03:09:25 - Found simple product object. ID:424292
07-10-2021 @ 03:09:25 - Setting Featured Image. URL:https://inspiry.co.nz/wp-content/uploads/2021/02/CS-117-14043.jpg
07-10-2021 @ 03:09:25 - Attachment ID:424567
07-10-2021 @ 03:09:25 - Row :61 - Product updated successfully.
07-10-2021 @ 03:09:25 - Row :62 - Parsing item.
07-10-2021 @ 03:09:25 - Row :62 - Processing item.
07-10-2021 @ 03:09:25 - Found simple product object. ID:424306
07-10-2021 @ 03:09:26 - Setting Featured Image. URL:https://inspiry.co.nz/wp-content/uploads/2021/02/CS-117-11034.jpg
07-10-2021 @ 03:09:26 - Attachment ID:424606
07-10-2021 @ 03:09:26 - Row :62 - Product updated successfully.
07-10-2021 @ 03:09:26 - Row :63 - Parsing item.
07-10-2021 @ 03:09:26 - Row :63 - Processing item.
07-10-2021 @ 03:09:26 - Found simple product object. ID:424303
07-10-2021 @ 03:09:26 - Setting Featured Image. URL:https://inspiry.co.nz/wp-content/uploads/2021/02/CS-117-11033.jpg
07-10-2021 @ 03:09:26 - Attachment ID:424599
07-10-2021 @ 03:09:26 - Row :63 - Product updated successfully.
07-10-2021 @ 03:09:26 - Row :64 - Parsing item.
07-10-2021 @ 03:09:26 - Row :64 - Processing item.
07-10-2021 @ 03:09:26 - Found simple product object. ID:421239
07-10-2021 @ 03:09:26 - Setting Featured Image. URL:https://inspiry.co.nz/wp-content/uploads/2021/02/CS-109-3018.jpg
07-10-2021 @ 03:09:27 - Attachment ID:449608
07-10-2021 @ 03:09:27 - Row :64 - Product updated successfully.
07-10-2021 @ 03:09:27 - Row :65 - Parsing item.
07-10-2021 @ 03:09:27 - Row :65 - Processing item.
07-10-2021 @ 03:09:27 - Found simple product object. ID:421237
07-10-2021 @ 03:09:27 - Setting Featured Image. URL:https://inspiry.co.nz/wp-content/uploads/2021/02/CS-109-3015.jpg
07-10-2021 @ 03:09:27 - Attachment ID:449609
07-10-2021 @ 03:09:28 - Row :65 - Product updated successfully.
07-10-2021 @ 03:09:28 - Row :66 - Parsing item.
07-10-2021 @ 03:09:28 - Row :66 - Processing item.
07-10-2021 @ 03:09:28 - Found simple product object. ID:421236
07-10-2021 @ 03:09:28 - Setting Featured Image. URL:https://inspiry.co.nz/wp-content/uploads/2021/02/CS-109-3014.jpg
07-10-2021 @ 03:09:28 - Attachment ID:449610
07-10-2021 @ 03:09:28 - Row :66 - Product updated successfully.
07-10-2021 @ 03:09:28 - Row :67 - Parsing item.
07-10-2021 @ 03:09:28 - Row :67 - Processing item.
07-10-2021 @ 03:09:28 - Found simple product object. ID:421235
07-10-2021 @ 03:09:28 - Setting Featured Image. URL:https://inspiry.co.nz/wp-content/uploads/2021/02/CS-109-3013.jpg
07-10-2021 @ 03:09:29 - Attachment ID:449611
07-10-2021 @ 03:09:29 - Row :67 - Product updated successfully.
07-10-2021 @ 03:09:29 - Row :68 - Parsing item.
07-10-2021 @ 03:09:29 - Row :68 - Processing item.
07-10-2021 @ 03:09:29 - Found simple product object. ID:421238
07-10-2021 @ 03:09:29 - Setting Featured Image. URL:https://inspiry.co.nz/wp-content/uploads/2021/02/CS-109-3017.jpg
07-10-2021 @ 03:09:29 - Attachment ID:449612
07-10-2021 @ 03:09:30 - Row :68 - Product updated successfully.
07-10-2021 @ 03:09:30 - Row :69 - Parsing item.
07-10-2021 @ 03:09:30 - Row :69 - Processing item.
07-10-2021 @ 03:09:30 - Found simple product object. ID:424310
07-10-2021 @ 03:09:30 - Setting Featured Image. URL:https://inspiry.co.nz/wp-content/uploads/2021/02/CS-117-10029.jpg
07-10-2021 @ 03:09:30 - Attachment ID:424616
07-10-2021 @ 03:09:30 - Row :69 - Product updated successfully.
07-10-2021 @ 03:09:30 - Row :70 - Parsing item.
07-10-2021 @ 03:09:30 - Row :70 - Processing item.
07-10-2021 @ 03:09:30 - Found simple product object. ID:421216
07-10-2021 @ 03:09:30 - Setting Featured Image. URL:https://inspiry.co.nz/wp-content/uploads/2021/02/CS-115-1002.jpg
07-10-2021 @ 03:09:31 - Attachment ID:449613
07-10-2021 @ 03:09:31 - Row :70 - Product updated successfully.
07-10-2021 @ 03:09:33 - Preparing for import.
07-10-2021 @ 03:09:33 - Row :71 - Parsing item.
07-10-2021 @ 03:09:33 - Row :71 - Processing item.
07-10-2021 @ 03:09:33 - Found simple product object. ID:421217
07-10-2021 @ 03:09:33 - Setting Featured Image. URL:https://inspiry.co.nz/wp-content/uploads/2021/02/CS-115-1003.jpg
07-10-2021 @ 03:09:34 - Attachment ID:449614
07-10-2021 @ 03:09:34 - Row :71 - Product updated successfully.
07-10-2021 @ 03:09:34 - Row :72 - Parsing item.
07-10-2021 @ 03:09:34 - Row :72 - Processing item.
07-10-2021 @ 03:09:34 - Found simple product object. ID:421218
07-10-2021 @ 03:09:34 - Setting Featured Image. URL:https://inspiry.co.nz/wp-content/uploads/2021/02/CS-115-1004.jpg
07-10-2021 @ 03:09:35 - Attachment ID:449615
07-10-2021 @ 03:09:35 - Row :72 - Product updated successfully.
07-10-2021 @ 03:09:35 - Row :73 - Parsing item.
07-10-2021 @ 03:09:35 - Row :73 - Processing item.
07-10-2021 @ 03:09:35 - Found simple product object. ID:421221
07-10-2021 @ 03:09:35 - Setting Featured Image. URL:https://inspiry.co.nz/wp-content/uploads/2021/02/CS-115-6019.jpg
07-10-2021 @ 03:09:36 - Attachment ID:449616
07-10-2021 @ 03:09:37 - Row :73 - Product updated successfully.
07-10-2021 @ 03:09:37 - Row :74 - Parsing item.
07-10-2021 @ 03:09:37 - Row :74 - Processing item.
07-10-2021 @ 03:09:37 - Found simple product object. ID:421222
07-10-2021 @ 03:09:37 - Setting Featured Image. URL:https://inspiry.co.nz/wp-content/uploads/2021/02/CS-115-6020.jpg
07-10-2021 @ 03:09:38 - Attachment ID:449617
07-10-2021 @ 03:09:38 - Row :74 - Product updated successfully.
07-10-2021 @ 03:09:38 - Row :75 - Parsing item.
07-10-2021 @ 03:09:38 - Row :75 - Processing item.
07-10-2021 @ 03:09:38 - Found simple product object. ID:421220
07-10-2021 @ 03:09:38 - Setting Featured Image. URL:https://inspiry.co.nz/wp-content/uploads/2021/02/CS-115-6018.jpg
07-10-2021 @ 03:09:39 - URL:https://inspiry.co.nz/wp-content/uploads/2021/02/CS-115-6018.jpg Reason:Error getting remote image https://inspiry.co.nz/wp-content/uploads/2021/02/CS-115-6018.jpg. Error: Not Found
07-10-2021 @ 03:09:40 - Row :75 - Product updated successfully.
07-10-2021 @ 03:09:40 - Row :76 - Parsing item.
07-10-2021 @ 03:09:40 - Row :76 - Processing item.
07-10-2021 @ 03:09:40 - Found simple product object. ID:421219
07-10-2021 @ 03:09:40 - Setting Featured Image. URL:https://inspiry.co.nz/wp-content/uploads/2021/02/CS-115-6017.jpg
07-10-2021 @ 03:09:40 - Attachment ID:449618
07-10-2021 @ 03:09:41 - Row :76 - Product updated successfully.
07-10-2021 @ 03:09:41 - Row :77 - Parsing item.
07-10-2021 @ 03:09:41 - Row :77 - Processing item.
07-10-2021 @ 03:09:41 - Found simple product object. ID:424331
07-10-2021 @ 03:09:41 - Setting Featured Image. URL:https://inspiry.co.nz/wp-content/uploads/2021/02/CS-117-1004.jpg
07-10-2021 @ 03:09:41 - Attachment ID:424677
07-10-2021 @ 03:09:41 - Row :77 - Product updated successfully.
07-10-2021 @ 03:09:41 - Row :78 - Parsing item.
07-10-2021 @ 03:09:41 - Row :78 - Processing item.
07-10-2021 @ 03:09:41 - Found simple product object. ID:424330
07-10-2021 @ 03:09:41 - Setting Featured Image. URL:https://inspiry.co.nz/wp-content/uploads/2021/02/CS-117-1003.jpg
07-10-2021 @ 03:09:41 - Attachment ID:424675
07-10-2021 @ 03:09:42 - Row :78 - Product updated successfully.
07-10-2021 @ 03:09:42 - Row :79 - Parsing item.
07-10-2021 @ 03:09:42 - Row :79 - Processing item.
07-10-2021 @ 03:09:42 - Found simple product object. ID:424337
07-10-2021 @ 03:09:42 - Setting Featured Image. URL:https://inspiry.co.nz/wp-content/uploads/2021/02/CS-117-8022.jpg
07-10-2021 @ 03:09:42 - Attachment ID:424685
07-10-2021 @ 03:09:42 - Row :79 - Product updated successfully.
07-10-2021 @ 03:09:42 - Row :80 - Parsing item.
07-10-2021 @ 03:09:42 - Row :80 - Processing item.
07-10-2021 @ 03:09:42 - Found simple product object. ID:424341
07-10-2021 @ 03:09:42 - Setting Featured Image. URL:https://inspiry.co.nz/wp-content/uploads/2021/02/CS-117-8021.jpg
07-10-2021 @ 03:09:42 - Attachment ID:424690
07-10-2021 @ 03:09:43 - Row :80 - Product updated successfully.
07-10-2021 @ 03:09:44 - Preparing for import.
07-10-2021 @ 03:09:44 - Row :81 - Parsing item.
07-10-2021 @ 03:09:44 - Row :81 - Processing item.
07-10-2021 @ 03:09:44 - Found simple product object. ID:421223
07-10-2021 @ 03:09:44 - Setting Featured Image. URL:https://inspiry.co.nz/wp-content/uploads/2021/02/CS-115-10029.jpg
07-10-2021 @ 03:09:45 - Attachment ID:449619
07-10-2021 @ 03:09:45 - Row :81 - Product updated successfully.
07-10-2021 @ 03:09:45 - Row :82 - Parsing item.
07-10-2021 @ 03:09:45 - Row :82 - Processing item.
07-10-2021 @ 03:09:45 - Found simple product object. ID:421246
07-10-2021 @ 03:09:45 - Setting Featured Image. URL:https://inspiry.co.nz/wp-content/uploads/2021/02/CS-109-1002.jpg
07-10-2021 @ 03:09:46 - Attachment ID:449620
07-10-2021 @ 03:09:46 - Row :82 - Product updated successfully.
07-10-2021 @ 03:09:46 - Row :83 - Parsing item.
07-10-2021 @ 03:09:46 - Row :83 - Processing item.
07-10-2021 @ 03:09:46 - Found simple product object. ID:421247
07-10-2021 @ 03:09:46 - Setting Featured Image. URL:https://inspiry.co.nz/wp-content/uploads/2021/02/CS-109-1004.jpg
07-10-2021 @ 03:09:46 - Attachment ID:449621
07-10-2021 @ 03:09:47 - Row :83 - Product updated successfully.
07-10-2021 @ 03:09:47 - Row :84 - Parsing item.
07-10-2021 @ 03:09:47 - Row :84 - Processing item.
07-10-2021 @ 03:09:47 - Found simple product object. ID:421250
07-10-2021 @ 03:09:47 - Setting Featured Image. URL:https://inspiry.co.nz/wp-content/uploads/2021/02/CS-109-6032.jpg
07-10-2021 @ 03:09:47 - Attachment ID:449622
07-10-2021 @ 03:09:47 - Row :84 - Product updated successfully.
07-10-2021 @ 03:09:47 - Row :85 - Parsing item.
07-10-2021 @ 03:09:47 - Row :85 - Processing item.
07-10-2021 @ 03:09:47 - Found simple product object. ID:421248
07-10-2021 @ 03:09:47 - Setting Featured Image. URL:https://inspiry.co.nz/wp-content/uploads/2021/02/CS-109-6027.jpg
07-10-2021 @ 03:09:48 - Attachment ID:449623
07-10-2021 @ 03:09:48 - Row :85 - Product updated successfully.
07-10-2021 @ 03:09:48 - Row :86 - Parsing item.
07-10-2021 @ 03:09:48 - Row :86 - Processing item.
07-10-2021 @ 03:09:48 - Found simple product object. ID:421224
07-10-2021 @ 03:09:48 - Setting Featured Image. URL:https://inspiry.co.nz/wp-content/uploads/2021/02/CS-100-6028.jpg
07-10-2021 @ 03:09:48 - Attachment ID:449624
07-10-2021 @ 03:09:48 - Row :86 - Product updated successfully.
07-10-2021 @ 03:09:48 - Row :87 - Parsing item.
07-10-2021 @ 03:09:48 - Row :87 - Processing item.
07-10-2021 @ 03:09:49 - Found simple product object. ID:424312
07-10-2021 @ 03:09:49 - Setting Featured Image. URL:https://inspiry.co.nz/wp-content/uploads/2021/02/CS-117-9026.jpg
07-10-2021 @ 03:09:49 - Attachment ID:424621
07-10-2021 @ 03:09:49 - Row :87 - Product updated successfully.
07-10-2021 @ 03:09:49 - Row :88 - Parsing item.
07-10-2021 @ 03:09:49 - Row :88 - Processing item.
07-10-2021 @ 03:09:49 - Found simple product object. ID:421225
07-10-2021 @ 03:09:49 - Setting Featured Image. URL:https://inspiry.co.nz/wp-content/uploads/2021/02/CS-115-10032.jpg
07-10-2021 @ 03:09:50 - URL:https://inspiry.co.nz/wp-content/uploads/2021/02/CS-115-10032.jpg Reason:Error getting remote image https://inspiry.co.nz/wp-content/uploads/2021/02/CS-115-10032.jpg. Error: Not Found
07-10-2021 @ 03:09:51 - Row :88 - Product updated successfully.
07-10-2021 @ 03:09:51 - Row :89 - Parsing item.
07-10-2021 @ 03:09:51 - Row :89 - Processing item.
07-10-2021 @ 03:09:51 - Found simple product object. ID:424313
07-10-2021 @ 03:09:51 - Setting Featured Image. URL:https://inspiry.co.nz/wp-content/uploads/2021/02/CS-117-9027.jpg
07-10-2021 @ 03:09:51 - Attachment ID:424623
07-10-2021 @ 03:09:52 - Row :89 - Product updated successfully.
07-10-2021 @ 03:09:52 - Row :90 - Parsing item.
07-10-2021 @ 03:09:52 - Row :90 - Processing item.
07-10-2021 @ 03:09:52 - Found simple product object. ID:424321
07-10-2021 @ 03:09:52 - Setting Featured Image. URL:https://inspiry.co.nz/wp-content/uploads/2021/02/CS-117-5013.jpg
07-10-2021 @ 03:09:52 - Attachment ID:424646
07-10-2021 @ 03:09:52 - Row :90 - Product updated successfully.
07-10-2021 @ 03:09:53 - Preparing for import.
07-10-2021 @ 03:09:53 - Row :91 - Parsing item.
07-10-2021 @ 03:09:53 - Row :91 - Processing item.
07-10-2021 @ 03:09:53 - Found simple product object. ID:421227
07-10-2021 @ 03:09:53 - Setting Featured Image. URL:https://inspiry.co.nz/wp-content/uploads/2021/02/CS-115-5012.jpg
07-10-2021 @ 03:09:54 - Attachment ID:449625
07-10-2021 @ 03:09:54 - Row :91 - Product updated successfully.
07-10-2021 @ 03:09:54 - Row :92 - Parsing item.
07-10-2021 @ 03:09:54 - Row :92 - Processing item.
07-10-2021 @ 03:09:54 - Found simple product object. ID:421229
07-10-2021 @ 03:09:54 - Setting Featured Image. URL:https://inspiry.co.nz/wp-content/uploads/2021/02/CS-115-5015.jpg
07-10-2021 @ 03:09:55 - Attachment ID:449626
07-10-2021 @ 03:09:55 - Row :92 - Product updated successfully.
07-10-2021 @ 03:09:55 - Row :93 - Parsing item.
07-10-2021 @ 03:09:56 - Row :93 - Processing item.
07-10-2021 @ 03:09:56 - Found simple product object. ID:421228
07-10-2021 @ 03:09:56 - Setting Featured Image. URL:https://inspiry.co.nz/wp-content/uploads/2021/02/CS-115-5014.jpg
07-10-2021 @ 03:09:56 - Attachment ID:449627
07-10-2021 @ 03:09:57 - Row :93 - Product updated successfully.
07-10-2021 @ 03:09:57 - ---[ Import ended at 2021-07-09 15:09:57]---
