07-20-2021 @ 17:30:45 - ---[ New import started at 2021-07-20 05:30:45 ] PHP Memory: 768 MB, WP Memory: 40 MB
07-20-2021 @ 17:30:45 - Preparing for import.
07-20-2021 @ 17:30:45 - Row :1 - Parsing item.
07-20-2021 @ 17:30:45 - Row :1 - Processing item.
07-20-2021 @ 17:30:45 - Found simple product object. ID:408173
07-20-2021 @ 17:30:45 - Setting Featured Image. URL:https://inspiry.co.nz/wp-content/uploads/2021/07/RUGDG0671.jpg
07-20-2021 @ 17:30:46 - Attachment ID:449791
07-20-2021 @ 17:30:46 - Row :1 - Product updated successfully.
07-20-2021 @ 17:30:46 - Row :2 - Parsing item.
07-20-2021 @ 17:30:46 - Row :2 - Processing item.
07-20-2021 @ 17:30:46 - Found simple product object. ID:408171
07-20-2021 @ 17:30:46 - Setting Featured Image. URL:https://inspiry.co.nz/wp-content/uploads/2021/07/RUGDG0670.jpg
07-20-2021 @ 17:30:46 - Attachment ID:449797
07-20-2021 @ 17:30:47 - Row :2 - Product updated successfully.
07-20-2021 @ 17:30:47 - Row :3 - Parsing item.
07-20-2021 @ 17:30:47 - Row :3 - Processing item.
07-20-2021 @ 17:30:47 - Found simple product object. ID:408185
07-20-2021 @ 17:30:47 - Setting Featured Image. URL:https://inspiry.co.nz/wp-content/uploads/2021/07/RUGDG0677.jpg
07-20-2021 @ 17:30:47 - Attachment ID:449796
07-20-2021 @ 17:30:47 - Row :3 - Product updated successfully.
07-20-2021 @ 17:30:47 - Row :4 - Parsing item.
07-20-2021 @ 17:30:47 - Row :4 - Processing item.
07-20-2021 @ 17:30:47 - Found simple product object. ID:408169
07-20-2021 @ 17:30:47 - Setting Featured Image. URL:https://inspiry.co.nz/wp-content/uploads/2021/07/RUGDG0669.jpg
07-20-2021 @ 17:30:47 - Attachment ID:449795
07-20-2021 @ 17:30:48 - Row :4 - Product updated successfully.
07-20-2021 @ 17:30:48 - Row :5 - Parsing item.
07-20-2021 @ 17:30:48 - Row :5 - Processing item.
07-20-2021 @ 17:30:48 - Found simple product object. ID:408181
07-20-2021 @ 17:30:48 - Setting Featured Image. URL:https://inspiry.co.nz/wp-content/uploads/2021/07/RUGDG0675.jpg
07-20-2021 @ 17:30:48 - Attachment ID:449803
07-20-2021 @ 17:30:48 - Row :5 - Product updated successfully.
07-20-2021 @ 17:30:48 - Row :6 - Parsing item.
07-20-2021 @ 17:30:48 - Row :6 - Processing item.
07-20-2021 @ 17:30:48 - Found simple product object. ID:408179
07-20-2021 @ 17:30:48 - Setting Featured Image. URL:https://inspiry.co.nz/wp-content/uploads/2021/07/RUGDG0674.jpg
07-20-2021 @ 17:30:49 - Attachment ID:449802
07-20-2021 @ 17:30:49 - Row :6 - Product updated successfully.
07-20-2021 @ 17:30:49 - Row :7 - Parsing item.
07-20-2021 @ 17:30:49 - Row :7 - Processing item.
07-20-2021 @ 17:30:49 - Found simple product object. ID:408177
07-20-2021 @ 17:30:49 - Setting Featured Image. URL:https://inspiry.co.nz/wp-content/uploads/2021/07/RUGDG0673.jpg
07-20-2021 @ 17:30:49 - Attachment ID:449801
07-20-2021 @ 17:30:49 - Row :7 - Product updated successfully.
07-20-2021 @ 17:30:49 - Row :8 - Parsing item.
07-20-2021 @ 17:30:49 - Row :8 - Processing item.
07-20-2021 @ 17:30:49 - Found simple product object. ID:408175
07-20-2021 @ 17:30:49 - Setting Featured Image. URL:https://inspiry.co.nz/wp-content/uploads/2021/07/RUGDG0672.jpg
07-20-2021 @ 17:30:50 - Attachment ID:449800
07-20-2021 @ 17:30:50 - Row :8 - Product updated successfully.
07-20-2021 @ 17:30:50 - Row :9 - Parsing item.
07-20-2021 @ 17:30:50 - Row :9 - Processing item.
07-20-2021 @ 17:30:50 - Found simple product object. ID:408183
07-20-2021 @ 17:30:50 - Setting Featured Image. URL:https://inspiry.co.nz/wp-content/uploads/2021/07/RUGDG0676.jpg
07-20-2021 @ 17:30:50 - Attachment ID:449799
07-20-2021 @ 17:30:50 - Row :9 - Product updated successfully.
07-20-2021 @ 17:30:50 - ---[ Import ended at 2021-07-20 05:30:50]---
