07-24-2021 @ 22:51:42 - ---[ New import started at 2021-07-24 10:51:42 ] PHP Memory: 768 MB, WP Memory: 40 MB
07-24-2021 @ 22:51:42 - Preparing for import.
07-24-2021 @ 22:51:42 - Row :1 - Parsing item.
07-24-2021 @ 22:51:42 - Row :1 - Processing item.
07-24-2021 @ 22:51:42 - Found simple product object. ID:450035
07-24-2021 @ 22:51:42 - Setting Featured Image. URL:https://inspiry.co.nz/wp-content/uploads/2021/cc-interiors-new/CC-LL2775.jpg
07-24-2021 @ 22:51:43 - Attachment ID:450447
07-24-2021 @ 22:51:43 - Setting Gallery Images.
07-24-2021 @ 22:51:43 - Image URL:https://inspiry.co.nz/wp-content/uploads/2021/cc-interiors-new/CC-LL2775-1.jpg
07-24-2021 @ 22:51:43 - Attachment ID:450448
07-24-2021 @ 22:51:43 - Image URL:https://inspiry.co.nz/wp-content/uploads/2021/cc-interiors-new/CC-LL2775-2.jpg
07-24-2021 @ 22:51:43 - Attachment ID:450449
07-24-2021 @ 22:51:43 - Image URL:https://inspiry.co.nz/wp-content/uploads/2021/cc-interiors-new/CC-LL2775-3.jpg
07-24-2021 @ 22:51:44 - Attachment ID:450450
07-24-2021 @ 22:51:44 - Image URL:https://inspiry.co.nz/wp-content/uploads/2021/cc-interiors-new/CC-LL2775-4.jpg
07-24-2021 @ 22:51:45 - URL:https://inspiry.co.nz/wp-content/uploads/2021/cc-interiors-new/CC-LL2775-4.jpg Reason:Error getting remote image https://inspiry.co.nz/wp-content/uploads/2021/cc-interiors-new/CC-LL2775-4.jpg. Error: Not Found
07-24-2021 @ 22:51:45 - Image URL:https://inspiry.co.nz/wp-content/uploads/2021/cc-interiors-new/CC-LL2775-5.jpg
07-24-2021 @ 22:51:46 - URL:https://inspiry.co.nz/wp-content/uploads/2021/cc-interiors-new/CC-LL2775-5.jpg Reason:Error getting remote image https://inspiry.co.nz/wp-content/uploads/2021/cc-interiors-new/CC-LL2775-5.jpg. Error: Not Found
07-24-2021 @ 22:51:46 - Image URL:https://inspiry.co.nz/wp-content/uploads/2021/cc-interiors-new/CC-LL2775-6.jpg
07-24-2021 @ 22:51:47 - URL:https://inspiry.co.nz/wp-content/uploads/2021/cc-interiors-new/CC-LL2775-6.jpg Reason:Error getting remote image https://inspiry.co.nz/wp-content/uploads/2021/cc-interiors-new/CC-LL2775-6.jpg. Error: Not Found
07-24-2021 @ 22:51:48 - Row :1 - Product updated successfully.
07-24-2021 @ 22:51:48 - ---[ Import ended at 2021-07-24 10:51:48]---
