07-26-2021 @ 00:09:42 - ---[ New import started at 2021-07-25 12:09:42 ] PHP Memory: 768 MB, WP Memory: 40 MB
07-26-2021 @ 00:09:42 - Preparing for import.
07-26-2021 @ 00:09:42 - Row :1 - Parsing item.
07-26-2021 @ 00:09:42 - Row :1 - Processing item.
07-26-2021 @ 00:09:42 - Found simple product object. ID:450538
07-26-2021 @ 00:09:42 - Setting Featured Image. URL:https://inspiry.co.nz/wp-content/uploads/2021/LeForge/LEF-PBUF15-04-OWB+ZC.jpg
07-26-2021 @ 00:09:43 - Attachment ID:450542
07-26-2021 @ 00:09:43 - Setting Gallery Images.
07-26-2021 @ 00:09:43 - Image URL:https://inspiry.co.nz/wp-content/uploads/2021/LeForge/LEF-PBUF15-04-OWB+ZC-1.jpg
07-26-2021 @ 00:09:44 - URL:https://inspiry.co.nz/wp-content/uploads/2021/LeForge/LEF-PBUF15-04-OWB+ZC-1.jpg Reason:Error getting remote image https://inspiry.co.nz/wp-content/uploads/2021/LeForge/LEF-PBUF15-04-OWB+ZC-1.jpg. Error: Not Found
07-26-2021 @ 00:09:44 - Image URL:https://inspiry.co.nz/wp-content/uploads/2021/LeForge/LEF-PBUF15-04-OWB+ZC-2.jpg
07-26-2021 @ 00:09:45 - URL:https://inspiry.co.nz/wp-content/uploads/2021/LeForge/LEF-PBUF15-04-OWB+ZC-2.jpg Reason:Error getting remote image https://inspiry.co.nz/wp-content/uploads/2021/LeForge/LEF-PBUF15-04-OWB+ZC-2.jpg. Error: Not Found
07-26-2021 @ 00:09:45 - Image URL:https://inspiry.co.nz/wp-content/uploads/2021/LeForge/LEF-PBUF15-04-OWB+ZC-3.jpg
07-26-2021 @ 00:09:47 - URL:https://inspiry.co.nz/wp-content/uploads/2021/LeForge/LEF-PBUF15-04-OWB+ZC-3.jpg Reason:Error getting remote image https://inspiry.co.nz/wp-content/uploads/2021/LeForge/LEF-PBUF15-04-OWB+ZC-3.jpg. Error: Not Found
07-26-2021 @ 00:09:47 - Image URL:https://inspiry.co.nz/wp-content/uploads/2021/LeForge/LEF-PBUF15-04-OWB+ZC-4.jpg
07-26-2021 @ 00:09:48 - URL:https://inspiry.co.nz/wp-content/uploads/2021/LeForge/LEF-PBUF15-04-OWB+ZC-4.jpg Reason:Error getting remote image https://inspiry.co.nz/wp-content/uploads/2021/LeForge/LEF-PBUF15-04-OWB+ZC-4.jpg. Error: Not Found
07-26-2021 @ 00:09:48 - Row :1 - Product updated successfully.
07-26-2021 @ 00:09:48 - Row :2 - Parsing item.
07-26-2021 @ 00:09:48 - Row :2 - Processing item.
07-26-2021 @ 00:09:48 - Found simple product object. ID:450539
07-26-2021 @ 00:09:48 - Setting Featured Image. URL:https://inspiry.co.nz/wp-content/uploads/2021/LeForge/LEF-AOCFH649-G100.jpg
07-26-2021 @ 00:09:49 - Attachment ID:450543
07-26-2021 @ 00:09:49 - Setting Gallery Images.
07-26-2021 @ 00:09:49 - Image URL:https://inspiry.co.nz/wp-content/uploads/2021/LeForge/LEF-AOCFH649-G100-1.jpg
07-26-2021 @ 00:09:50 - URL:https://inspiry.co.nz/wp-content/uploads/2021/LeForge/LEF-AOCFH649-G100-1.jpg Reason:Error getting remote image https://inspiry.co.nz/wp-content/uploads/2021/LeForge/LEF-AOCFH649-G100-1.jpg. Error: Not Found
07-26-2021 @ 00:09:50 - Image URL:https://inspiry.co.nz/wp-content/uploads/2021/LeForge/LEF-AOCFH649-G100-2.jpg
07-26-2021 @ 00:09:52 - URL:https://inspiry.co.nz/wp-content/uploads/2021/LeForge/LEF-AOCFH649-G100-2.jpg Reason:Error getting remote image https://inspiry.co.nz/wp-content/uploads/2021/LeForge/LEF-AOCFH649-G100-2.jpg. Error: Not Found
07-26-2021 @ 00:09:52 - Image URL:https://inspiry.co.nz/wp-content/uploads/2021/LeForge/LEF-AOCFH649-G100-3.jpg
07-26-2021 @ 00:09:53 - URL:https://inspiry.co.nz/wp-content/uploads/2021/LeForge/LEF-AOCFH649-G100-3.jpg Reason:Error getting remote image https://inspiry.co.nz/wp-content/uploads/2021/LeForge/LEF-AOCFH649-G100-3.jpg. Error: Not Found
07-26-2021 @ 00:09:53 - Image URL:https://inspiry.co.nz/wp-content/uploads/2021/LeForge/LEF-AOCFH649-G100-4.jpg
07-26-2021 @ 00:09:54 - URL:https://inspiry.co.nz/wp-content/uploads/2021/LeForge/LEF-AOCFH649-G100-4.jpg Reason:Error getting remote image https://inspiry.co.nz/wp-content/uploads/2021/LeForge/LEF-AOCFH649-G100-4.jpg. Error: Not Found
07-26-2021 @ 00:09:55 - Row :2 - Product updated successfully.
07-26-2021 @ 00:09:55 - Row :3 - Parsing item.
07-26-2021 @ 00:09:55 - Row :3 - Processing item.
07-26-2021 @ 00:09:55 - Found simple product object. ID:450540
07-26-2021 @ 00:09:55 - Setting Featured Image. URL:https://inspiry.co.nz/wp-content/uploads/2021/LeForge/LEF-HJI-09-DGY.jpg
07-26-2021 @ 00:09:55 - Attachment ID:450544
07-26-2021 @ 00:09:55 - Setting Gallery Images.
07-26-2021 @ 00:09:55 - Image URL:https://inspiry.co.nz/wp-content/uploads/2021/LeForge/LEF-HJI-09-DGY-1.jpg
07-26-2021 @ 00:09:56 - Attachment ID:450545
07-26-2021 @ 00:09:56 - Image URL:https://inspiry.co.nz/wp-content/uploads/2021/LeForge/LEF-HJI-09-DGY-2.jpg
07-26-2021 @ 00:09:57 - Attachment ID:450546
07-26-2021 @ 00:09:57 - Image URL:https://inspiry.co.nz/wp-content/uploads/2021/LeForge/LEF-HJI-09-DGY-3.jpg
07-26-2021 @ 00:09:58 - URL:https://inspiry.co.nz/wp-content/uploads/2021/LeForge/LEF-HJI-09-DGY-3.jpg Reason:Error getting remote image https://inspiry.co.nz/wp-content/uploads/2021/LeForge/LEF-HJI-09-DGY-3.jpg. Error: Not Found
07-26-2021 @ 00:09:58 - Image URL:https://inspiry.co.nz/wp-content/uploads/2021/LeForge/LEF-HJI-09-DGY-4.jpg
07-26-2021 @ 00:09:59 - URL:https://inspiry.co.nz/wp-content/uploads/2021/LeForge/LEF-HJI-09-DGY-4.jpg Reason:Error getting remote image https://inspiry.co.nz/wp-content/uploads/2021/LeForge/LEF-HJI-09-DGY-4.jpg. Error: Not Found
07-26-2021 @ 00:09:59 - Row :3 - Product updated successfully.
07-26-2021 @ 00:09:59 - Row :4 - Parsing item.
07-26-2021 @ 00:09:59 - Row :4 - Processing item.
07-26-2021 @ 00:09:59 - Found simple product object. ID:450541
07-26-2021 @ 00:09:59 - Setting Featured Image. URL:https://inspiry.co.nz/wp-content/uploads/2021/LeForge/LEF-HJI-09-IV.jpg
07-26-2021 @ 00:10:00 - Attachment ID:450547
07-26-2021 @ 00:10:00 - Setting Gallery Images.
07-26-2021 @ 00:10:00 - Image URL:https://inspiry.co.nz/wp-content/uploads/2021/LeForge/LEF-HJI-09-IV-1.jpg
07-26-2021 @ 00:10:01 - Attachment ID:450548
07-26-2021 @ 00:10:01 - Image URL:https://inspiry.co.nz/wp-content/uploads/2021/LeForge/LEF-HJI-09-IV-2.jpg
07-26-2021 @ 00:10:02 - Attachment ID:450549
07-26-2021 @ 00:10:02 - Image URL:https://inspiry.co.nz/wp-content/uploads/2021/LeForge/LEF-HJI-09-IV-3.jpg
07-26-2021 @ 00:10:03 - URL:https://inspiry.co.nz/wp-content/uploads/2021/LeForge/LEF-HJI-09-IV-3.jpg Reason:Error getting remote image https://inspiry.co.nz/wp-content/uploads/2021/LeForge/LEF-HJI-09-IV-3.jpg. Error: Not Found
07-26-2021 @ 00:10:03 - Image URL:https://inspiry.co.nz/wp-content/uploads/2021/LeForge/LEF-HJI-09-IV-4.jpg
07-26-2021 @ 00:10:05 - URL:https://inspiry.co.nz/wp-content/uploads/2021/LeForge/LEF-HJI-09-IV-4.jpg Reason:Error getting remote image https://inspiry.co.nz/wp-content/uploads/2021/LeForge/LEF-HJI-09-IV-4.jpg. Error: Not Found
07-26-2021 @ 00:10:05 - Row :4 - Product updated successfully.
07-26-2021 @ 00:10:05 - ---[ Import ended at 2021-07-25 12:10:05]---
