07-26-2021 @ 00:50:16 - ---[ New import started at 2021-07-25 12:50:16 ] PHP Memory: 768 MB, WP Memory: 40 MB
07-26-2021 @ 00:50:16 - Preparing for import.
07-26-2021 @ 00:50:16 - Row :1 - Parsing item.
07-26-2021 @ 00:50:16 - Row :1 - Processing item.
07-26-2021 @ 00:50:16 - Found simple product object. ID:450553
07-26-2021 @ 00:50:16 - Setting Featured Image. URL:https://inspiry.co.nz/wp-content/uploads/2021/RebrandT/RFA-PR2002A.jpg
07-26-2021 @ 00:50:17 - Attachment ID:450555
07-26-2021 @ 00:50:17 - Setting Gallery Images.
07-26-2021 @ 00:50:17 - Image URL:https://inspiry.co.nz/wp-content/uploads/2021/RebrandT/RFA-PR2002A-1.jpg
07-26-2021 @ 00:50:17 - Attachment ID:450556
07-26-2021 @ 00:50:17 - Image URL:https://inspiry.co.nz/wp-content/uploads/2021/RebrandT/RFA-PR2002A-2.jpg
07-26-2021 @ 00:50:18 - Attachment ID:450557
07-26-2021 @ 00:50:18 - Image URL:https://inspiry.co.nz/wp-content/uploads/2021/RebrandT/RFA-PR2002A-3.jpg
07-26-2021 @ 00:50:19 - URL:https://inspiry.co.nz/wp-content/uploads/2021/RebrandT/RFA-PR2002A-3.jpg Reason:Error getting remote image https://inspiry.co.nz/wp-content/uploads/2021/RebrandT/RFA-PR2002A-3.jpg. Error: Not Found
07-26-2021 @ 00:50:19 - Image URL:https://inspiry.co.nz/wp-content/uploads/2021/RebrandT/RFA-PR2002A-4.jpg
07-26-2021 @ 00:50:20 - URL:https://inspiry.co.nz/wp-content/uploads/2021/RebrandT/RFA-PR2002A-4.jpg Reason:Error getting remote image https://inspiry.co.nz/wp-content/uploads/2021/RebrandT/RFA-PR2002A-4.jpg. Error: Not Found
07-26-2021 @ 00:50:22 - Row :1 - Product updated successfully.
07-26-2021 @ 00:50:22 - Row :2 - Parsing item.
07-26-2021 @ 00:50:22 - Row :2 - Processing item.
07-26-2021 @ 00:50:22 - Found simple product object. ID:450554
07-26-2021 @ 00:50:22 - Setting Featured Image. URL:https://inspiry.co.nz/wp-content/uploads/2021/RebrandT/RFA-PR2007X.jpg
07-26-2021 @ 00:50:22 - Attachment ID:450558
07-26-2021 @ 00:50:22 - Setting Gallery Images.
07-26-2021 @ 00:50:22 - Image URL:https://inspiry.co.nz/wp-content/uploads/2021/RebrandT/RFA-PR2007X-1.jpg
07-26-2021 @ 00:50:23 - URL:https://inspiry.co.nz/wp-content/uploads/2021/RebrandT/RFA-PR2007X-1.jpg Reason:Error getting remote image https://inspiry.co.nz/wp-content/uploads/2021/RebrandT/RFA-PR2007X-1.jpg. Error: Not Found
07-26-2021 @ 00:50:23 - Image URL:https://inspiry.co.nz/wp-content/uploads/2021/RebrandT/RFA-PR2007X-2.jpg
07-26-2021 @ 00:50:25 - URL:https://inspiry.co.nz/wp-content/uploads/2021/RebrandT/RFA-PR2007X-2.jpg Reason:Error getting remote image https://inspiry.co.nz/wp-content/uploads/2021/RebrandT/RFA-PR2007X-2.jpg. Error: Not Found
07-26-2021 @ 00:50:25 - Image URL:https://inspiry.co.nz/wp-content/uploads/2021/RebrandT/RFA-PR2007X-3.jpg
07-26-2021 @ 00:50:26 - URL:https://inspiry.co.nz/wp-content/uploads/2021/RebrandT/RFA-PR2007X-3.jpg Reason:Error getting remote image https://inspiry.co.nz/wp-content/uploads/2021/RebrandT/RFA-PR2007X-3.jpg. Error: Not Found
07-26-2021 @ 00:50:26 - Image URL:https://inspiry.co.nz/wp-content/uploads/2021/RebrandT/RFA-PR2007X-4.jpg
07-26-2021 @ 00:50:27 - URL:https://inspiry.co.nz/wp-content/uploads/2021/RebrandT/RFA-PR2007X-4.jpg Reason:Error getting remote image https://inspiry.co.nz/wp-content/uploads/2021/RebrandT/RFA-PR2007X-4.jpg. Error: Not Found
07-26-2021 @ 00:50:28 - Row :2 - Product updated successfully.
07-26-2021 @ 00:50:28 - ---[ Import ended at 2021-07-25 12:50:28]---
