07-27-2021 @ 05:05:02 - ---[ New import started at 2021-07-26 17:05:02 ] PHP Memory: 768 MB, WP Memory: 40 MB
07-27-2021 @ 05:05:02 - Preparing for import.
07-27-2021 @ 05:05:02 - Row :1 - Parsing item.
07-27-2021 @ 05:05:02 - Row :1 - Processing item.
07-27-2021 @ 05:05:02 - Found simple product object. ID:450578
07-27-2021 @ 05:05:02 - Setting Featured Image. URL:https://inspiry.co.nz/wp-content/uploads/2021/Salamander/SAL-EURFERGRE.jpg
07-27-2021 @ 05:05:02 - Attachment ID:450631
07-27-2021 @ 05:05:02 - Setting Gallery Images.
07-27-2021 @ 05:05:02 - Image URL:https://inspiry.co.nz/wp-content/uploads/2021/Salamander/SAL-EURFERGRE-1.jpg
07-27-2021 @ 05:05:02 - Attachment ID:450632
07-27-2021 @ 05:05:02 - Image URL:https://inspiry.co.nz/wp-content/uploads/2021/Salamander/SAL-EURFERGRE-2.jpg
07-27-2021 @ 05:05:03 - Attachment ID:450633
07-27-2021 @ 05:05:03 - Image URL:https://inspiry.co.nz/wp-content/uploads/2021/Salamander/SAL-EURFERGRE-3.jpg
07-27-2021 @ 05:05:03 - Attachment ID:450634
07-27-2021 @ 05:05:03 - Image URL:https://inspiry.co.nz/wp-content/uploads/2021/Salamander/SAL-EURFERGRE-4.jpg
07-27-2021 @ 05:05:03 - Attachment ID:450635
07-27-2021 @ 05:05:03 - Image URL:https://inspiry.co.nz/wp-content/uploads/2021/Salamander/SAL-EURFERGRE-5.jpg
07-27-2021 @ 05:05:05 - URL:https://inspiry.co.nz/wp-content/uploads/2021/Salamander/SAL-EURFERGRE-5.jpg Reason:Error getting remote image https://inspiry.co.nz/wp-content/uploads/2021/Salamander/SAL-EURFERGRE-5.jpg. Error: Not Found
07-27-2021 @ 05:05:05 - Image URL:https://inspiry.co.nz/wp-content/uploads/2021/Salamander/SAL-EURFERGRE-6.jpg
07-27-2021 @ 05:05:07 - URL:https://inspiry.co.nz/wp-content/uploads/2021/Salamander/SAL-EURFERGRE-6.jpg Reason:Error getting remote image https://inspiry.co.nz/wp-content/uploads/2021/Salamander/SAL-EURFERGRE-6.jpg. Error: Not Found
07-27-2021 @ 05:05:07 - Image URL:https://inspiry.co.nz/wp-content/uploads/2021/Salamander/SAL-EURFERGRE-7.jpg
07-27-2021 @ 05:05:08 - URL:https://inspiry.co.nz/wp-content/uploads/2021/Salamander/SAL-EURFERGRE-7.jpg Reason:Error getting remote image https://inspiry.co.nz/wp-content/uploads/2021/Salamander/SAL-EURFERGRE-7.jpg. Error: Not Found
07-27-2021 @ 05:05:08 - Image URL:https://inspiry.co.nz/wp-content/uploads/2021/Salamander/SAL-EURFERGRE-8.jpg
07-27-2021 @ 05:05:10 - URL:https://inspiry.co.nz/wp-content/uploads/2021/Salamander/SAL-EURFERGRE-8.jpg Reason:Error getting remote image https://inspiry.co.nz/wp-content/uploads/2021/Salamander/SAL-EURFERGRE-8.jpg. Error: Not Found
07-27-2021 @ 05:05:10 - Image URL:https://inspiry.co.nz/wp-content/uploads/2021/Salamander/SAL-EURFERGRE-9.jpg
07-27-2021 @ 05:05:11 - URL:https://inspiry.co.nz/wp-content/uploads/2021/Salamander/SAL-EURFERGRE-9.jpg Reason:Error getting remote image https://inspiry.co.nz/wp-content/uploads/2021/Salamander/SAL-EURFERGRE-9.jpg. Error: Not Found
07-27-2021 @ 05:05:11 - Image URL:https://inspiry.co.nz/wp-content/uploads/2021/Salamander/SAL-EURFERGRE-10.jpg
07-27-2021 @ 05:05:13 - URL:https://inspiry.co.nz/wp-content/uploads/2021/Salamander/SAL-EURFERGRE-10.jpg Reason:Error getting remote image https://inspiry.co.nz/wp-content/uploads/2021/Salamander/SAL-EURFERGRE-10.jpg. Error: Not Found
07-27-2021 @ 05:05:13 - Image URL:https://inspiry.co.nz/wp-content/uploads/2021/Salamander/SAL-EURFERGRE-11.jpg
07-27-2021 @ 05:05:15 - URL:https://inspiry.co.nz/wp-content/uploads/2021/Salamander/SAL-EURFERGRE-11.jpg Reason:Error getting remote image https://inspiry.co.nz/wp-content/uploads/2021/Salamander/SAL-EURFERGRE-11.jpg. Error: Not Found
07-27-2021 @ 05:05:15 - Image URL:https://inspiry.co.nz/wp-content/uploads/2021/Salamander/SAL-EURFERGRE-12.jpg
07-27-2021 @ 05:05:16 - URL:https://inspiry.co.nz/wp-content/uploads/2021/Salamander/SAL-EURFERGRE-12.jpg Reason:Error getting remote image https://inspiry.co.nz/wp-content/uploads/2021/Salamander/SAL-EURFERGRE-12.jpg. Error: Not Found
07-27-2021 @ 05:05:16 - Image URL:https://inspiry.co.nz/wp-content/uploads/2021/Salamander/SAL-EURFERGRE-13.jpg
07-27-2021 @ 05:05:18 - URL:https://inspiry.co.nz/wp-content/uploads/2021/Salamander/SAL-EURFERGRE-13.jpg Reason:Error getting remote image https://inspiry.co.nz/wp-content/uploads/2021/Salamander/SAL-EURFERGRE-13.jpg. Error: Not Found
07-27-2021 @ 05:05:18 - Image URL:https://inspiry.co.nz/wp-content/uploads/2021/Salamander/SAL-EURFERGRE-14.jpg
07-27-2021 @ 05:05:19 - URL:https://inspiry.co.nz/wp-content/uploads/2021/Salamander/SAL-EURFERGRE-14.jpg Reason:Error getting remote image https://inspiry.co.nz/wp-content/uploads/2021/Salamander/SAL-EURFERGRE-14.jpg. Error: Not Found
07-27-2021 @ 05:05:19 - Image URL:https://inspiry.co.nz/wp-content/uploads/2021/Salamander/SAL-EURFERGRE-15.jpg
07-27-2021 @ 05:05:21 - URL:https://inspiry.co.nz/wp-content/uploads/2021/Salamander/SAL-EURFERGRE-15.jpg Reason:Error getting remote image https://inspiry.co.nz/wp-content/uploads/2021/Salamander/SAL-EURFERGRE-15.jpg. Error: Not Found
07-27-2021 @ 05:05:21 - Image URL:https://inspiry.co.nz/wp-content/uploads/2021/Salamander/SAL-EURFERGRE-16.jpg
07-27-2021 @ 05:05:22 - URL:https://inspiry.co.nz/wp-content/uploads/2021/Salamander/SAL-EURFERGRE-16.jpg Reason:Error getting remote image https://inspiry.co.nz/wp-content/uploads/2021/Salamander/SAL-EURFERGRE-16.jpg. Error: Not Found
07-27-2021 @ 05:05:22 - Image URL:https://inspiry.co.nz/wp-content/uploads/2021/Salamander/SAL-EURFERGRE-17.jpg
07-27-2021 @ 05:05:24 - URL:https://inspiry.co.nz/wp-content/uploads/2021/Salamander/SAL-EURFERGRE-17.jpg Reason:Error getting remote image https://inspiry.co.nz/wp-content/uploads/2021/Salamander/SAL-EURFERGRE-17.jpg. Error: Not Found
07-27-2021 @ 05:05:24 - Image URL:https://inspiry.co.nz/wp-content/uploads/2021/Salamander/SAL-EURFERGRE-18.jpg
07-27-2021 @ 05:05:25 - URL:https://inspiry.co.nz/wp-content/uploads/2021/Salamander/SAL-EURFERGRE-18.jpg Reason:Error getting remote image https://inspiry.co.nz/wp-content/uploads/2021/Salamander/SAL-EURFERGRE-18.jpg. Error: Not Found
07-27-2021 @ 05:05:25 - Image URL:https://inspiry.co.nz/wp-content/uploads/2021/Salamander/SAL-EURFERGRE-19.jpg
07-27-2021 @ 05:05:27 - URL:https://inspiry.co.nz/wp-content/uploads/2021/Salamander/SAL-EURFERGRE-19.jpg Reason:Error getting remote image https://inspiry.co.nz/wp-content/uploads/2021/Salamander/SAL-EURFERGRE-19.jpg. Error: Not Found
07-27-2021 @ 05:05:27 - Image URL:https://inspiry.co.nz/wp-content/uploads/2021/Salamander/SAL-EURFERGRE-20.jpg
07-27-2021 @ 05:05:28 - URL:https://inspiry.co.nz/wp-content/uploads/2021/Salamander/SAL-EURFERGRE-20.jpg Reason:Error getting remote image https://inspiry.co.nz/wp-content/uploads/2021/Salamander/SAL-EURFERGRE-20.jpg. Error: Not Found
07-27-2021 @ 05:05:29 - Row :1 - Product updated successfully.
07-27-2021 @ 05:05:29 - Row :2 - Parsing item.
07-27-2021 @ 05:05:29 - Row :2 - Processing item.
07-27-2021 @ 05:05:29 - Found simple product object. ID:450579
07-27-2021 @ 05:05:29 - Setting Featured Image. URL:https://inspiry.co.nz/wp-content/uploads/2021/Salamander/SAL-EURFERBLK.jpg
07-27-2021 @ 05:05:29 - Attachment ID:450636
07-27-2021 @ 05:05:29 - Setting Gallery Images.
07-27-2021 @ 05:05:29 - Image URL:https://inspiry.co.nz/wp-content/uploads/2021/Salamander/SAL-EURFERBLK-1.jpg
07-27-2021 @ 05:05:29 - Attachment ID:450637
07-27-2021 @ 05:05:29 - Image URL:https://inspiry.co.nz/wp-content/uploads/2021/Salamander/SAL-EURFERBLK-2.jpg
07-27-2021 @ 05:05:30 - Attachment ID:450638
07-27-2021 @ 05:05:30 - Image URL:https://inspiry.co.nz/wp-content/uploads/2021/Salamander/SAL-EURFERBLK-3.jpg
07-27-2021 @ 05:05:30 - Attachment ID:450639
07-27-2021 @ 05:05:30 - Image URL:https://inspiry.co.nz/wp-content/uploads/2021/Salamander/SAL-EURFERBLK-4.jpg
07-27-2021 @ 05:05:30 - Attachment ID:450640
07-27-2021 @ 05:05:30 - Image URL:https://inspiry.co.nz/wp-content/uploads/2021/Salamander/SAL-EURFERBLK-5.jpg
07-27-2021 @ 05:05:32 - URL:https://inspiry.co.nz/wp-content/uploads/2021/Salamander/SAL-EURFERBLK-5.jpg Reason:Error getting remote image https://inspiry.co.nz/wp-content/uploads/2021/Salamander/SAL-EURFERBLK-5.jpg. Error: Not Found
07-27-2021 @ 05:05:32 - Image URL:https://inspiry.co.nz/wp-content/uploads/2021/Salamander/SAL-EURFERBLK-6.jpg
07-27-2021 @ 05:05:34 - URL:https://inspiry.co.nz/wp-content/uploads/2021/Salamander/SAL-EURFERBLK-6.jpg Reason:Error getting remote image https://inspiry.co.nz/wp-content/uploads/2021/Salamander/SAL-EURFERBLK-6.jpg. Error: Not Found
07-27-2021 @ 05:05:34 - Image URL:https://inspiry.co.nz/wp-content/uploads/2021/Salamander/SAL-EURFERBLK-7.jpg
07-27-2021 @ 05:05:36 - URL:https://inspiry.co.nz/wp-content/uploads/2021/Salamander/SAL-EURFERBLK-7.jpg Reason:Error getting remote image https://inspiry.co.nz/wp-content/uploads/2021/Salamander/SAL-EURFERBLK-7.jpg. Error: Not Found
07-27-2021 @ 05:05:36 - Image URL:https://inspiry.co.nz/wp-content/uploads/2021/Salamander/SAL-EURFERBLK-8.jpg
07-27-2021 @ 05:05:38 - URL:https://inspiry.co.nz/wp-content/uploads/2021/Salamander/SAL-EURFERBLK-8.jpg Reason:Error getting remote image https://inspiry.co.nz/wp-content/uploads/2021/Salamander/SAL-EURFERBLK-8.jpg. Error: Not Found
07-27-2021 @ 05:05:38 - Image URL:https://inspiry.co.nz/wp-content/uploads/2021/Salamander/SAL-EURFERBLK-9.jpg
07-27-2021 @ 05:05:39 - URL:https://inspiry.co.nz/wp-content/uploads/2021/Salamander/SAL-EURFERBLK-9.jpg Reason:Error getting remote image https://inspiry.co.nz/wp-content/uploads/2021/Salamander/SAL-EURFERBLK-9.jpg. Error: Not Found
07-27-2021 @ 05:05:39 - Image URL:https://inspiry.co.nz/wp-content/uploads/2021/Salamander/SAL-EURFERBLK-10.jpg
07-27-2021 @ 05:05:41 - URL:https://inspiry.co.nz/wp-content/uploads/2021/Salamander/SAL-EURFERBLK-10.jpg Reason:Error getting remote image https://inspiry.co.nz/wp-content/uploads/2021/Salamander/SAL-EURFERBLK-10.jpg. Error: Not Found
07-27-2021 @ 05:05:41 - Image URL:https://inspiry.co.nz/wp-content/uploads/2021/Salamander/SAL-EURFERBLK-11.jpg
07-27-2021 @ 05:05:43 - URL:https://inspiry.co.nz/wp-content/uploads/2021/Salamander/SAL-EURFERBLK-11.jpg Reason:Error getting remote image https://inspiry.co.nz/wp-content/uploads/2021/Salamander/SAL-EURFERBLK-11.jpg. Error: Not Found
07-27-2021 @ 05:05:43 - Image URL:https://inspiry.co.nz/wp-content/uploads/2021/Salamander/SAL-EURFERBLK-12.jpg
07-27-2021 @ 05:05:45 - URL:https://inspiry.co.nz/wp-content/uploads/2021/Salamander/SAL-EURFERBLK-12.jpg Reason:Error getting remote image https://inspiry.co.nz/wp-content/uploads/2021/Salamander/SAL-EURFERBLK-12.jpg. Error: Not Found
07-27-2021 @ 05:05:45 - Image URL:https://inspiry.co.nz/wp-content/uploads/2021/Salamander/SAL-EURFERBLK-13.jpg
07-27-2021 @ 05:05:47 - URL:https://inspiry.co.nz/wp-content/uploads/2021/Salamander/SAL-EURFERBLK-13.jpg Reason:Error getting remote image https://inspiry.co.nz/wp-content/uploads/2021/Salamander/SAL-EURFERBLK-13.jpg. Error: Not Found
07-27-2021 @ 05:05:47 - Image URL:https://inspiry.co.nz/wp-content/uploads/2021/Salamander/SAL-EURFERBLK-14.jpg
07-27-2021 @ 05:05:48 - URL:https://inspiry.co.nz/wp-content/uploads/2021/Salamander/SAL-EURFERBLK-14.jpg Reason:Error getting remote image https://inspiry.co.nz/wp-content/uploads/2021/Salamander/SAL-EURFERBLK-14.jpg. Error: Not Found
07-27-2021 @ 05:05:48 - Image URL:https://inspiry.co.nz/wp-content/uploads/2021/Salamander/SAL-EURFERBLK-15.jpg
07-27-2021 @ 05:05:49 - URL:https://inspiry.co.nz/wp-content/uploads/2021/Salamander/SAL-EURFERBLK-15.jpg Reason:Error getting remote image https://inspiry.co.nz/wp-content/uploads/2021/Salamander/SAL-EURFERBLK-15.jpg. Error: Not Found
07-27-2021 @ 05:05:49 - Image URL:https://inspiry.co.nz/wp-content/uploads/2021/Salamander/SAL-EURFERBLK-16.jpg
07-27-2021 @ 05:05:51 - URL:https://inspiry.co.nz/wp-content/uploads/2021/Salamander/SAL-EURFERBLK-16.jpg Reason:Error getting remote image https://inspiry.co.nz/wp-content/uploads/2021/Salamander/SAL-EURFERBLK-16.jpg. Error: Not Found
07-27-2021 @ 05:05:51 - Image URL:https://inspiry.co.nz/wp-content/uploads/2021/Salamander/SAL-EURFERBLK-17.jpg
07-27-2021 @ 05:05:52 - URL:https://inspiry.co.nz/wp-content/uploads/2021/Salamander/SAL-EURFERBLK-17.jpg Reason:Error getting remote image https://inspiry.co.nz/wp-content/uploads/2021/Salamander/SAL-EURFERBLK-17.jpg. Error: Not Found
07-27-2021 @ 05:05:52 - Image URL:https://inspiry.co.nz/wp-content/uploads/2021/Salamander/SAL-EURFERBLK-18.jpg
07-27-2021 @ 05:05:54 - URL:https://inspiry.co.nz/wp-content/uploads/2021/Salamander/SAL-EURFERBLK-18.jpg Reason:Error getting remote image https://inspiry.co.nz/wp-content/uploads/2021/Salamander/SAL-EURFERBLK-18.jpg. Error: Not Found
07-27-2021 @ 05:05:54 - Image URL:https://inspiry.co.nz/wp-content/uploads/2021/Salamander/SAL-EURFERBLK-19.jpg
07-27-2021 @ 05:05:55 - URL:https://inspiry.co.nz/wp-content/uploads/2021/Salamander/SAL-EURFERBLK-19.jpg Reason:Error getting remote image https://inspiry.co.nz/wp-content/uploads/2021/Salamander/SAL-EURFERBLK-19.jpg. Error: Not Found
07-27-2021 @ 05:05:55 - Image URL:https://inspiry.co.nz/wp-content/uploads/2021/Salamander/SAL-EURFERBLK-20.jpg
07-27-2021 @ 05:05:57 - URL:https://inspiry.co.nz/wp-content/uploads/2021/Salamander/SAL-EURFERBLK-20.jpg Reason:Error getting remote image https://inspiry.co.nz/wp-content/uploads/2021/Salamander/SAL-EURFERBLK-20.jpg. Error: Not Found
07-27-2021 @ 05:05:57 - Row :2 - Product updated successfully.
07-27-2021 @ 05:05:57 - Row :3 - Parsing item.
07-27-2021 @ 05:05:57 - Row :3 - Processing item.
07-27-2021 @ 05:05:57 - Found simple product object. ID:450580
07-27-2021 @ 05:05:57 - Setting Featured Image. URL:https://inspiry.co.nz/wp-content/uploads/2021/Salamander/SAL-EURFERDBRN.jpg
07-27-2021 @ 05:05:57 - Attachment ID:450641
07-27-2021 @ 05:05:57 - Setting Gallery Images.
07-27-2021 @ 05:05:57 - Image URL:https://inspiry.co.nz/wp-content/uploads/2021/Salamander/SAL-EURFERDBRN-1.jpg
07-27-2021 @ 05:05:58 - Attachment ID:450642
07-27-2021 @ 05:05:58 - Image URL:https://inspiry.co.nz/wp-content/uploads/2021/Salamander/SAL-EURFERDBRN-2.jpg
07-27-2021 @ 05:05:58 - Attachment ID:450643
07-27-2021 @ 05:05:58 - Image URL:https://inspiry.co.nz/wp-content/uploads/2021/Salamander/SAL-EURFERDBRN-3.jpg
07-27-2021 @ 05:05:58 - Attachment ID:450644
07-27-2021 @ 05:05:58 - Image URL:https://inspiry.co.nz/wp-content/uploads/2021/Salamander/SAL-EURFERDBRN-4.jpg
07-27-2021 @ 05:05:58 - Attachment ID:450645
07-27-2021 @ 05:05:58 - Image URL:https://inspiry.co.nz/wp-content/uploads/2021/Salamander/SAL-EURFERDBRN-5.jpg
07-27-2021 @ 05:06:00 - URL:https://inspiry.co.nz/wp-content/uploads/2021/Salamander/SAL-EURFERDBRN-5.jpg Reason:Error getting remote image https://inspiry.co.nz/wp-content/uploads/2021/Salamander/SAL-EURFERDBRN-5.jpg. Error: Not Found
07-27-2021 @ 05:06:00 - Image URL:https://inspiry.co.nz/wp-content/uploads/2021/Salamander/SAL-EURFERDBRN-6.jpg
07-27-2021 @ 05:06:02 - URL:https://inspiry.co.nz/wp-content/uploads/2021/Salamander/SAL-EURFERDBRN-6.jpg Reason:Error getting remote image https://inspiry.co.nz/wp-content/uploads/2021/Salamander/SAL-EURFERDBRN-6.jpg. Error: Not Found
07-27-2021 @ 05:06:02 - Image URL:https://inspiry.co.nz/wp-content/uploads/2021/Salamander/SAL-EURFERDBRN-7.jpg
07-27-2021 @ 05:06:04 - URL:https://inspiry.co.nz/wp-content/uploads/2021/Salamander/SAL-EURFERDBRN-7.jpg Reason:Error getting remote image https://inspiry.co.nz/wp-content/uploads/2021/Salamander/SAL-EURFERDBRN-7.jpg. Error: Not Found
07-27-2021 @ 05:06:04 - Image URL:https://inspiry.co.nz/wp-content/uploads/2021/Salamander/SAL-EURFERDBRN-8.jpg
07-27-2021 @ 05:06:06 - URL:https://inspiry.co.nz/wp-content/uploads/2021/Salamander/SAL-EURFERDBRN-8.jpg Reason:Error getting remote image https://inspiry.co.nz/wp-content/uploads/2021/Salamander/SAL-EURFERDBRN-8.jpg. Error: Not Found
07-27-2021 @ 05:06:06 - Image URL:https://inspiry.co.nz/wp-content/uploads/2021/Salamander/SAL-EURFERDBRN-9.jpg
07-27-2021 @ 05:06:07 - URL:https://inspiry.co.nz/wp-content/uploads/2021/Salamander/SAL-EURFERDBRN-9.jpg Reason:Error getting remote image https://inspiry.co.nz/wp-content/uploads/2021/Salamander/SAL-EURFERDBRN-9.jpg. Error: Not Found
07-27-2021 @ 05:06:07 - Image URL:https://inspiry.co.nz/wp-content/uploads/2021/Salamander/SAL-EURFERDBRN-10.jpg
07-27-2021 @ 05:06:09 - URL:https://inspiry.co.nz/wp-content/uploads/2021/Salamander/SAL-EURFERDBRN-10.jpg Reason:Error getting remote image https://inspiry.co.nz/wp-content/uploads/2021/Salamander/SAL-EURFERDBRN-10.jpg. Error: Not Found
07-27-2021 @ 05:06:09 - Image URL:https://inspiry.co.nz/wp-content/uploads/2021/Salamander/SAL-EURFERDBRN-11.jpg
07-27-2021 @ 05:06:10 - URL:https://inspiry.co.nz/wp-content/uploads/2021/Salamander/SAL-EURFERDBRN-11.jpg Reason:Error getting remote image https://inspiry.co.nz/wp-content/uploads/2021/Salamander/SAL-EURFERDBRN-11.jpg. Error: Not Found
07-27-2021 @ 05:06:10 - Image URL:https://inspiry.co.nz/wp-content/uploads/2021/Salamander/SAL-EURFERDBRN-12.jpg
07-27-2021 @ 05:06:12 - URL:https://inspiry.co.nz/wp-content/uploads/2021/Salamander/SAL-EURFERDBRN-12.jpg Reason:Error getting remote image https://inspiry.co.nz/wp-content/uploads/2021/Salamander/SAL-EURFERDBRN-12.jpg. Error: Not Found
07-27-2021 @ 05:06:12 - Image URL:https://inspiry.co.nz/wp-content/uploads/2021/Salamander/SAL-EURFERDBRN-13.jpg
07-27-2021 @ 05:06:14 - URL:https://inspiry.co.nz/wp-content/uploads/2021/Salamander/SAL-EURFERDBRN-13.jpg Reason:Error getting remote image https://inspiry.co.nz/wp-content/uploads/2021/Salamander/SAL-EURFERDBRN-13.jpg. Error: Not Found
07-27-2021 @ 05:06:14 - Image URL:https://inspiry.co.nz/wp-content/uploads/2021/Salamander/SAL-EURFERDBRN-14.jpg
07-27-2021 @ 05:06:15 - URL:https://inspiry.co.nz/wp-content/uploads/2021/Salamander/SAL-EURFERDBRN-14.jpg Reason:Error getting remote image https://inspiry.co.nz/wp-content/uploads/2021/Salamander/SAL-EURFERDBRN-14.jpg. Error: Not Found
07-27-2021 @ 05:06:15 - Image URL:https://inspiry.co.nz/wp-content/uploads/2021/Salamander/SAL-EURFERDBRN-15.jpg
07-27-2021 @ 05:06:17 - URL:https://inspiry.co.nz/wp-content/uploads/2021/Salamander/SAL-EURFERDBRN-15.jpg Reason:Error getting remote image https://inspiry.co.nz/wp-content/uploads/2021/Salamander/SAL-EURFERDBRN-15.jpg. Error: Not Found
07-27-2021 @ 05:06:17 - Image URL:https://inspiry.co.nz/wp-content/uploads/2021/Salamander/SAL-EURFERDBRN-16.jpg
07-27-2021 @ 05:06:18 - URL:https://inspiry.co.nz/wp-content/uploads/2021/Salamander/SAL-EURFERDBRN-16.jpg Reason:Error getting remote image https://inspiry.co.nz/wp-content/uploads/2021/Salamander/SAL-EURFERDBRN-16.jpg. Error: Not Found
07-27-2021 @ 05:06:18 - Image URL:https://inspiry.co.nz/wp-content/uploads/2021/Salamander/SAL-EURFERDBRN-17.jpg
07-27-2021 @ 05:06:20 - URL:https://inspiry.co.nz/wp-content/uploads/2021/Salamander/SAL-EURFERDBRN-17.jpg Reason:Error getting remote image https://inspiry.co.nz/wp-content/uploads/2021/Salamander/SAL-EURFERDBRN-17.jpg. Error: Not Found
07-27-2021 @ 05:06:20 - Image URL:https://inspiry.co.nz/wp-content/uploads/2021/Salamander/SAL-EURFERDBRN-18.jpg
07-27-2021 @ 05:06:21 - URL:https://inspiry.co.nz/wp-content/uploads/2021/Salamander/SAL-EURFERDBRN-18.jpg Reason:Error getting remote image https://inspiry.co.nz/wp-content/uploads/2021/Salamander/SAL-EURFERDBRN-18.jpg. Error: Not Found
07-27-2021 @ 05:06:21 - Image URL:https://inspiry.co.nz/wp-content/uploads/2021/Salamander/SAL-EURFERDBRN-19.jpg
07-27-2021 @ 05:06:23 - URL:https://inspiry.co.nz/wp-content/uploads/2021/Salamander/SAL-EURFERDBRN-19.jpg Reason:Error getting remote image https://inspiry.co.nz/wp-content/uploads/2021/Salamander/SAL-EURFERDBRN-19.jpg. Error: Not Found
07-27-2021 @ 05:06:23 - Image URL:https://inspiry.co.nz/wp-content/uploads/2021/Salamander/SAL-EURFERDBRN-20.jpg
07-27-2021 @ 05:06:24 - URL:https://inspiry.co.nz/wp-content/uploads/2021/Salamander/SAL-EURFERDBRN-20.jpg Reason:Error getting remote image https://inspiry.co.nz/wp-content/uploads/2021/Salamander/SAL-EURFERDBRN-20.jpg. Error: Not Found
07-27-2021 @ 05:06:25 - Row :3 - Product updated successfully.
07-27-2021 @ 05:06:25 - Row :4 - Parsing item.
07-27-2021 @ 05:06:25 - Row :4 - Processing item.
07-27-2021 @ 05:06:25 - Found simple product object. ID:450581
07-27-2021 @ 05:06:25 - Setting Featured Image. URL:https://inspiry.co.nz/wp-content/uploads/2021/Salamander/SAL-EURFERCOG.jpg
07-27-2021 @ 05:06:25 - Attachment ID:450646
07-27-2021 @ 05:06:25 - Setting Gallery Images.
07-27-2021 @ 05:06:25 - Image URL:https://inspiry.co.nz/wp-content/uploads/2021/Salamander/SAL-EURFERCOG-1.jpg
07-27-2021 @ 05:06:25 - Attachment ID:450647
07-27-2021 @ 05:06:25 - Image URL:https://inspiry.co.nz/wp-content/uploads/2021/Salamander/SAL-EURFERCOG-2.jpg
07-27-2021 @ 05:06:25 - Attachment ID:450648
07-27-2021 @ 05:06:25 - Image URL:https://inspiry.co.nz/wp-content/uploads/2021/Salamander/SAL-EURFERCOG-3.jpg
07-27-2021 @ 05:06:26 - Attachment ID:450649
07-27-2021 @ 05:06:26 - Image URL:https://inspiry.co.nz/wp-content/uploads/2021/Salamander/SAL-EURFERCOG-4.jpg
07-27-2021 @ 05:06:26 - Attachment ID:450650
07-27-2021 @ 05:06:26 - Image URL:https://inspiry.co.nz/wp-content/uploads/2021/Salamander/SAL-EURFERCOG-5.jpg
07-27-2021 @ 05:06:27 - URL:https://inspiry.co.nz/wp-content/uploads/2021/Salamander/SAL-EURFERCOG-5.jpg Reason:Error getting remote image https://inspiry.co.nz/wp-content/uploads/2021/Salamander/SAL-EURFERCOG-5.jpg. Error: Not Found
07-27-2021 @ 05:06:27 - Image URL:https://inspiry.co.nz/wp-content/uploads/2021/Salamander/SAL-EURFERCOG-6.jpg
07-27-2021 @ 05:06:29 - URL:https://inspiry.co.nz/wp-content/uploads/2021/Salamander/SAL-EURFERCOG-6.jpg Reason:Error getting remote image https://inspiry.co.nz/wp-content/uploads/2021/Salamander/SAL-EURFERCOG-6.jpg. Error: Not Found
07-27-2021 @ 05:06:29 - Image URL:https://inspiry.co.nz/wp-content/uploads/2021/Salamander/SAL-EURFERCOG-7.jpg
07-27-2021 @ 05:06:30 - URL:https://inspiry.co.nz/wp-content/uploads/2021/Salamander/SAL-EURFERCOG-7.jpg Reason:Error getting remote image https://inspiry.co.nz/wp-content/uploads/2021/Salamander/SAL-EURFERCOG-7.jpg. Error: Not Found
07-27-2021 @ 05:06:30 - Image URL:https://inspiry.co.nz/wp-content/uploads/2021/Salamander/SAL-EURFERCOG-8.jpg
07-27-2021 @ 05:06:32 - URL:https://inspiry.co.nz/wp-content/uploads/2021/Salamander/SAL-EURFERCOG-8.jpg Reason:Error getting remote image https://inspiry.co.nz/wp-content/uploads/2021/Salamander/SAL-EURFERCOG-8.jpg. Error: Not Found
07-27-2021 @ 05:06:32 - Image URL:https://inspiry.co.nz/wp-content/uploads/2021/Salamander/SAL-EURFERCOG-9.jpg
07-27-2021 @ 05:06:33 - URL:https://inspiry.co.nz/wp-content/uploads/2021/Salamander/SAL-EURFERCOG-9.jpg Reason:Error getting remote image https://inspiry.co.nz/wp-content/uploads/2021/Salamander/SAL-EURFERCOG-9.jpg. Error: Not Found
07-27-2021 @ 05:06:33 - Image URL:https://inspiry.co.nz/wp-content/uploads/2021/Salamander/SAL-EURFERCOG-10.jpg
07-27-2021 @ 05:06:34 - URL:https://inspiry.co.nz/wp-content/uploads/2021/Salamander/SAL-EURFERCOG-10.jpg Reason:Error getting remote image https://inspiry.co.nz/wp-content/uploads/2021/Salamander/SAL-EURFERCOG-10.jpg. Error: Not Found
07-27-2021 @ 05:06:34 - Image URL:https://inspiry.co.nz/wp-content/uploads/2021/Salamander/SAL-EURFERCOG-11.jpg
07-27-2021 @ 05:06:35 - URL:https://inspiry.co.nz/wp-content/uploads/2021/Salamander/SAL-EURFERCOG-11.jpg Reason:Error getting remote image https://inspiry.co.nz/wp-content/uploads/2021/Salamander/SAL-EURFERCOG-11.jpg. Error: Not Found
07-27-2021 @ 05:06:35 - Image URL:https://inspiry.co.nz/wp-content/uploads/2021/Salamander/SAL-EURFERCOG-12.jpg
07-27-2021 @ 05:06:37 - URL:https://inspiry.co.nz/wp-content/uploads/2021/Salamander/SAL-EURFERCOG-12.jpg Reason:Error getting remote image https://inspiry.co.nz/wp-content/uploads/2021/Salamander/SAL-EURFERCOG-12.jpg. Error: Not Found
07-27-2021 @ 05:06:37 - Image URL:https://inspiry.co.nz/wp-content/uploads/2021/Salamander/SAL-EURFERCOG-13.jpg
07-27-2021 @ 05:06:38 - URL:https://inspiry.co.nz/wp-content/uploads/2021/Salamander/SAL-EURFERCOG-13.jpg Reason:Error getting remote image https://inspiry.co.nz/wp-content/uploads/2021/Salamander/SAL-EURFERCOG-13.jpg. Error: Not Found
07-27-2021 @ 05:06:38 - Image URL:https://inspiry.co.nz/wp-content/uploads/2021/Salamander/SAL-EURFERCOG-14.jpg
07-27-2021 @ 05:06:39 - URL:https://inspiry.co.nz/wp-content/uploads/2021/Salamander/SAL-EURFERCOG-14.jpg Reason:Error getting remote image https://inspiry.co.nz/wp-content/uploads/2021/Salamander/SAL-EURFERCOG-14.jpg. Error: Not Found
07-27-2021 @ 05:06:39 - Image URL:https://inspiry.co.nz/wp-content/uploads/2021/Salamander/SAL-EURFERCOG-15.jpg
07-27-2021 @ 05:06:41 - URL:https://inspiry.co.nz/wp-content/uploads/2021/Salamander/SAL-EURFERCOG-15.jpg Reason:Error getting remote image https://inspiry.co.nz/wp-content/uploads/2021/Salamander/SAL-EURFERCOG-15.jpg. Error: Not Found
07-27-2021 @ 05:06:41 - Image URL:https://inspiry.co.nz/wp-content/uploads/2021/Salamander/SAL-EURFERCOG-16.jpg
07-27-2021 @ 05:06:42 - URL:https://inspiry.co.nz/wp-content/uploads/2021/Salamander/SAL-EURFERCOG-16.jpg Reason:Error getting remote image https://inspiry.co.nz/wp-content/uploads/2021/Salamander/SAL-EURFERCOG-16.jpg. Error: Not Found
07-27-2021 @ 05:06:42 - Image URL:https://inspiry.co.nz/wp-content/uploads/2021/Salamander/SAL-EURFERCOG-17.jpg
07-27-2021 @ 05:06:43 - URL:https://inspiry.co.nz/wp-content/uploads/2021/Salamander/SAL-EURFERCOG-17.jpg Reason:Error getting remote image https://inspiry.co.nz/wp-content/uploads/2021/Salamander/SAL-EURFERCOG-17.jpg. Error: Not Found
07-27-2021 @ 05:06:43 - Image URL:https://inspiry.co.nz/wp-content/uploads/2021/Salamander/SAL-EURFERCOG-18.jpg
07-27-2021 @ 05:06:44 - URL:https://inspiry.co.nz/wp-content/uploads/2021/Salamander/SAL-EURFERCOG-18.jpg Reason:Error getting remote image https://inspiry.co.nz/wp-content/uploads/2021/Salamander/SAL-EURFERCOG-18.jpg. Error: Not Found
07-27-2021 @ 05:06:44 - Image URL:https://inspiry.co.nz/wp-content/uploads/2021/Salamander/SAL-EURFERCOG-19.jpg
07-27-2021 @ 05:06:46 - URL:https://inspiry.co.nz/wp-content/uploads/2021/Salamander/SAL-EURFERCOG-19.jpg Reason:Error getting remote image https://inspiry.co.nz/wp-content/uploads/2021/Salamander/SAL-EURFERCOG-19.jpg. Error: Not Found
07-27-2021 @ 05:06:46 - Image URL:https://inspiry.co.nz/wp-content/uploads/2021/Salamander/SAL-EURFERCOG-20.jpg
07-27-2021 @ 05:06:47 - URL:https://inspiry.co.nz/wp-content/uploads/2021/Salamander/SAL-EURFERCOG-20.jpg Reason:Error getting remote image https://inspiry.co.nz/wp-content/uploads/2021/Salamander/SAL-EURFERCOG-20.jpg. Error: Not Found
07-27-2021 @ 05:06:47 - Row :4 - Product updated successfully.
07-27-2021 @ 05:06:47 - Row :5 - Parsing item.
07-27-2021 @ 05:06:47 - Row :5 - Processing item.
07-27-2021 @ 05:06:47 - Found simple product object. ID:450582
07-27-2021 @ 05:06:47 - Setting Featured Image. URL:https://inspiry.co.nz/wp-content/uploads/2021/Salamander/SAL-CSRAGB41.jpg
07-27-2021 @ 05:06:48 - Attachment ID:450651
07-27-2021 @ 05:06:48 - Setting Gallery Images.
07-27-2021 @ 05:06:48 - Image URL:https://inspiry.co.nz/wp-content/uploads/2021/Salamander/SAL-CSRAGB41-1.jpg
07-27-2021 @ 05:06:49 - URL:https://inspiry.co.nz/wp-content/uploads/2021/Salamander/SAL-CSRAGB41-1.jpg Reason:Error getting remote image https://inspiry.co.nz/wp-content/uploads/2021/Salamander/SAL-CSRAGB41-1.jpg. Error: Not Found
07-27-2021 @ 05:06:49 - Image URL:https://inspiry.co.nz/wp-content/uploads/2021/Salamander/SAL-CSRAGB41-2.jpg
07-27-2021 @ 05:06:50 - URL:https://inspiry.co.nz/wp-content/uploads/2021/Salamander/SAL-CSRAGB41-2.jpg Reason:Error getting remote image https://inspiry.co.nz/wp-content/uploads/2021/Salamander/SAL-CSRAGB41-2.jpg. Error: Not Found
07-27-2021 @ 05:06:50 - Image URL:https://inspiry.co.nz/wp-content/uploads/2021/Salamander/SAL-CSRAGB41-3.jpg
07-27-2021 @ 05:06:52 - URL:https://inspiry.co.nz/wp-content/uploads/2021/Salamander/SAL-CSRAGB41-3.jpg Reason:Error getting remote image https://inspiry.co.nz/wp-content/uploads/2021/Salamander/SAL-CSRAGB41-3.jpg. Error: Not Found
07-27-2021 @ 05:06:52 - Image URL:https://inspiry.co.nz/wp-content/uploads/2021/Salamander/SAL-CSRAGB41-4.jpg
07-27-2021 @ 05:06:53 - URL:https://inspiry.co.nz/wp-content/uploads/2021/Salamander/SAL-CSRAGB41-4.jpg Reason:Error getting remote image https://inspiry.co.nz/wp-content/uploads/2021/Salamander/SAL-CSRAGB41-4.jpg. Error: Not Found
07-27-2021 @ 05:06:53 - Image URL:https://inspiry.co.nz/wp-content/uploads/2021/Salamander/SAL-CSRAGB41-5.jpg
07-27-2021 @ 05:06:54 - URL:https://inspiry.co.nz/wp-content/uploads/2021/Salamander/SAL-CSRAGB41-5.jpg Reason:Error getting remote image https://inspiry.co.nz/wp-content/uploads/2021/Salamander/SAL-CSRAGB41-5.jpg. Error: Not Found
07-27-2021 @ 05:06:54 - Image URL:https://inspiry.co.nz/wp-content/uploads/2021/Salamander/SAL-CSRAGB41-6.jpg
07-27-2021 @ 05:06:55 - URL:https://inspiry.co.nz/wp-content/uploads/2021/Salamander/SAL-CSRAGB41-6.jpg Reason:Error getting remote image https://inspiry.co.nz/wp-content/uploads/2021/Salamander/SAL-CSRAGB41-6.jpg. Error: Not Found
07-27-2021 @ 05:06:55 - Image URL:https://inspiry.co.nz/wp-content/uploads/2021/Salamander/SAL-CSRAGB41-7.jpg
07-27-2021 @ 05:06:57 - URL:https://inspiry.co.nz/wp-content/uploads/2021/Salamander/SAL-CSRAGB41-7.jpg Reason:Error getting remote image https://inspiry.co.nz/wp-content/uploads/2021/Salamander/SAL-CSRAGB41-7.jpg. Error: Not Found
07-27-2021 @ 05:06:57 - Image URL:https://inspiry.co.nz/wp-content/uploads/2021/Salamander/SAL-CSRAGB41-8.jpg
07-27-2021 @ 05:06:58 - URL:https://inspiry.co.nz/wp-content/uploads/2021/Salamander/SAL-CSRAGB41-8.jpg Reason:Error getting remote image https://inspiry.co.nz/wp-content/uploads/2021/Salamander/SAL-CSRAGB41-8.jpg. Error: Not Found
07-27-2021 @ 05:06:58 - Image URL:https://inspiry.co.nz/wp-content/uploads/2021/Salamander/SAL-CSRAGB41-9.jpg
07-27-2021 @ 05:06:59 - URL:https://inspiry.co.nz/wp-content/uploads/2021/Salamander/SAL-CSRAGB41-9.jpg Reason:Error getting remote image https://inspiry.co.nz/wp-content/uploads/2021/Salamander/SAL-CSRAGB41-9.jpg. Error: Not Found
07-27-2021 @ 05:06:59 - Image URL:https://inspiry.co.nz/wp-content/uploads/2021/Salamander/SAL-CSRAGB41-10.jpg
07-27-2021 @ 05:07:00 - URL:https://inspiry.co.nz/wp-content/uploads/2021/Salamander/SAL-CSRAGB41-10.jpg Reason:Error getting remote image https://inspiry.co.nz/wp-content/uploads/2021/Salamander/SAL-CSRAGB41-10.jpg. Error: Not Found
07-27-2021 @ 05:07:00 - Image URL:https://inspiry.co.nz/wp-content/uploads/2021/Salamander/SAL-CSRAGB41-11.jpg
07-27-2021 @ 05:07:02 - URL:https://inspiry.co.nz/wp-content/uploads/2021/Salamander/SAL-CSRAGB41-11.jpg Reason:Error getting remote image https://inspiry.co.nz/wp-content/uploads/2021/Salamander/SAL-CSRAGB41-11.jpg. Error: Not Found
07-27-2021 @ 05:07:02 - Image URL:https://inspiry.co.nz/wp-content/uploads/2021/Salamander/SAL-CSRAGB41-12.jpg
07-27-2021 @ 05:07:03 - URL:https://inspiry.co.nz/wp-content/uploads/2021/Salamander/SAL-CSRAGB41-12.jpg Reason:Error getting remote image https://inspiry.co.nz/wp-content/uploads/2021/Salamander/SAL-CSRAGB41-12.jpg. Error: Not Found
07-27-2021 @ 05:07:03 - Image URL:https://inspiry.co.nz/wp-content/uploads/2021/Salamander/SAL-CSRAGB41-13.jpg
07-27-2021 @ 05:07:05 - URL:https://inspiry.co.nz/wp-content/uploads/2021/Salamander/SAL-CSRAGB41-13.jpg Reason:Error getting remote image https://inspiry.co.nz/wp-content/uploads/2021/Salamander/SAL-CSRAGB41-13.jpg. Error: Not Found
07-27-2021 @ 05:07:05 - Image URL:https://inspiry.co.nz/wp-content/uploads/2021/Salamander/SAL-CSRAGB41-14.jpg
07-27-2021 @ 05:07:06 - URL:https://inspiry.co.nz/wp-content/uploads/2021/Salamander/SAL-CSRAGB41-14.jpg Reason:Error getting remote image https://inspiry.co.nz/wp-content/uploads/2021/Salamander/SAL-CSRAGB41-14.jpg. Error: Not Found
07-27-2021 @ 05:07:06 - Image URL:https://inspiry.co.nz/wp-content/uploads/2021/Salamander/SAL-CSRAGB41-15.jpg
07-27-2021 @ 05:07:08 - URL:https://inspiry.co.nz/wp-content/uploads/2021/Salamander/SAL-CSRAGB41-15.jpg Reason:Error getting remote image https://inspiry.co.nz/wp-content/uploads/2021/Salamander/SAL-CSRAGB41-15.jpg. Error: Not Found
07-27-2021 @ 05:07:08 - Image URL:https://inspiry.co.nz/wp-content/uploads/2021/Salamander/SAL-CSRAGB41-16.jpg
07-27-2021 @ 05:07:09 - URL:https://inspiry.co.nz/wp-content/uploads/2021/Salamander/SAL-CSRAGB41-16.jpg Reason:Error getting remote image https://inspiry.co.nz/wp-content/uploads/2021/Salamander/SAL-CSRAGB41-16.jpg. Error: Not Found
07-27-2021 @ 05:07:09 - Image URL:https://inspiry.co.nz/wp-content/uploads/2021/Salamander/SAL-CSRAGB41-17.jpg
07-27-2021 @ 05:07:11 - URL:https://inspiry.co.nz/wp-content/uploads/2021/Salamander/SAL-CSRAGB41-17.jpg Reason:Error getting remote image https://inspiry.co.nz/wp-content/uploads/2021/Salamander/SAL-CSRAGB41-17.jpg. Error: Not Found
07-27-2021 @ 05:07:11 - Image URL:https://inspiry.co.nz/wp-content/uploads/2021/Salamander/SAL-CSRAGB41-18.jpg
07-27-2021 @ 05:07:12 - URL:https://inspiry.co.nz/wp-content/uploads/2021/Salamander/SAL-CSRAGB41-18.jpg Reason:Error getting remote image https://inspiry.co.nz/wp-content/uploads/2021/Salamander/SAL-CSRAGB41-18.jpg. Error: Not Found
07-27-2021 @ 05:07:12 - Image URL:https://inspiry.co.nz/wp-content/uploads/2021/Salamander/SAL-CSRAGB41-19.jpg
07-27-2021 @ 05:07:14 - URL:https://inspiry.co.nz/wp-content/uploads/2021/Salamander/SAL-CSRAGB41-19.jpg Reason:Error getting remote image https://inspiry.co.nz/wp-content/uploads/2021/Salamander/SAL-CSRAGB41-19.jpg. Error: Not Found
07-27-2021 @ 05:07:14 - Image URL:https://inspiry.co.nz/wp-content/uploads/2021/Salamander/SAL-CSRAGB41-20.jpg
07-27-2021 @ 05:07:15 - URL:https://inspiry.co.nz/wp-content/uploads/2021/Salamander/SAL-CSRAGB41-20.jpg Reason:Error getting remote image https://inspiry.co.nz/wp-content/uploads/2021/Salamander/SAL-CSRAGB41-20.jpg. Error: Not Found
07-27-2021 @ 05:07:15 - Row :5 - Product updated successfully.
07-27-2021 @ 05:07:15 - Row :6 - Parsing item.
07-27-2021 @ 05:07:15 - Row :6 - Processing item.
07-27-2021 @ 05:07:15 - Found simple product object. ID:450583
07-27-2021 @ 05:07:15 - Setting Featured Image. URL:https://inspiry.co.nz/wp-content/uploads/2021/Salamander/SAL-CSRAGB51.jpg
07-27-2021 @ 05:07:16 - Attachment ID:450652
07-27-2021 @ 05:07:16 - Setting Gallery Images.
07-27-2021 @ 05:07:16 - Image URL:https://inspiry.co.nz/wp-content/uploads/2021/Salamander/SAL-CSRAGB51-1.jpg
07-27-2021 @ 05:07:17 - URL:https://inspiry.co.nz/wp-content/uploads/2021/Salamander/SAL-CSRAGB51-1.jpg Reason:Error getting remote image https://inspiry.co.nz/wp-content/uploads/2021/Salamander/SAL-CSRAGB51-1.jpg. Error: Not Found
07-27-2021 @ 05:07:17 - Image URL:https://inspiry.co.nz/wp-content/uploads/2021/Salamander/SAL-CSRAGB51-2.jpg
07-27-2021 @ 05:07:18 - URL:https://inspiry.co.nz/wp-content/uploads/2021/Salamander/SAL-CSRAGB51-2.jpg Reason:Error getting remote image https://inspiry.co.nz/wp-content/uploads/2021/Salamander/SAL-CSRAGB51-2.jpg. Error: Not Found
07-27-2021 @ 05:07:18 - Image URL:https://inspiry.co.nz/wp-content/uploads/2021/Salamander/SAL-CSRAGB51-3.jpg
07-27-2021 @ 05:07:19 - URL:https://inspiry.co.nz/wp-content/uploads/2021/Salamander/SAL-CSRAGB51-3.jpg Reason:Error getting remote image https://inspiry.co.nz/wp-content/uploads/2021/Salamander/SAL-CSRAGB51-3.jpg. Error: Not Found
07-27-2021 @ 05:07:19 - Image URL:https://inspiry.co.nz/wp-content/uploads/2021/Salamander/SAL-CSRAGB51-4.jpg
07-27-2021 @ 05:07:21 - URL:https://inspiry.co.nz/wp-content/uploads/2021/Salamander/SAL-CSRAGB51-4.jpg Reason:Error getting remote image https://inspiry.co.nz/wp-content/uploads/2021/Salamander/SAL-CSRAGB51-4.jpg. Error: Not Found
07-27-2021 @ 05:07:21 - Image URL:https://inspiry.co.nz/wp-content/uploads/2021/Salamander/SAL-CSRAGB51-5.jpg
07-27-2021 @ 05:07:22 - URL:https://inspiry.co.nz/wp-content/uploads/2021/Salamander/SAL-CSRAGB51-5.jpg Reason:Error getting remote image https://inspiry.co.nz/wp-content/uploads/2021/Salamander/SAL-CSRAGB51-5.jpg. Error: Not Found
07-27-2021 @ 05:07:22 - Image URL:https://inspiry.co.nz/wp-content/uploads/2021/Salamander/SAL-CSRAGB51-6.jpg
07-27-2021 @ 05:07:23 - URL:https://inspiry.co.nz/wp-content/uploads/2021/Salamander/SAL-CSRAGB51-6.jpg Reason:Error getting remote image https://inspiry.co.nz/wp-content/uploads/2021/Salamander/SAL-CSRAGB51-6.jpg. Error: Not Found
07-27-2021 @ 05:07:23 - Image URL:https://inspiry.co.nz/wp-content/uploads/2021/Salamander/SAL-CSRAGB51-7.jpg
07-27-2021 @ 05:07:25 - URL:https://inspiry.co.nz/wp-content/uploads/2021/Salamander/SAL-CSRAGB51-7.jpg Reason:Error getting remote image https://inspiry.co.nz/wp-content/uploads/2021/Salamander/SAL-CSRAGB51-7.jpg. Error: Not Found
07-27-2021 @ 05:07:25 - Image URL:https://inspiry.co.nz/wp-content/uploads/2021/Salamander/SAL-CSRAGB51-8.jpg
07-27-2021 @ 05:07:26 - URL:https://inspiry.co.nz/wp-content/uploads/2021/Salamander/SAL-CSRAGB51-8.jpg Reason:Error getting remote image https://inspiry.co.nz/wp-content/uploads/2021/Salamander/SAL-CSRAGB51-8.jpg. Error: Not Found
07-27-2021 @ 05:07:26 - Image URL:https://inspiry.co.nz/wp-content/uploads/2021/Salamander/SAL-CSRAGB51-9.jpg
07-27-2021 @ 05:07:27 - URL:https://inspiry.co.nz/wp-content/uploads/2021/Salamander/SAL-CSRAGB51-9.jpg Reason:Error getting remote image https://inspiry.co.nz/wp-content/uploads/2021/Salamander/SAL-CSRAGB51-9.jpg. Error: Not Found
07-27-2021 @ 05:07:27 - Image URL:https://inspiry.co.nz/wp-content/uploads/2021/Salamander/SAL-CSRAGB51-10.jpg
07-27-2021 @ 05:07:29 - URL:https://inspiry.co.nz/wp-content/uploads/2021/Salamander/SAL-CSRAGB51-10.jpg Reason:Error getting remote image https://inspiry.co.nz/wp-content/uploads/2021/Salamander/SAL-CSRAGB51-10.jpg. Error: Not Found
07-27-2021 @ 05:07:29 - Image URL:https://inspiry.co.nz/wp-content/uploads/2021/Salamander/SAL-CSRAGB51-11.jpg
07-27-2021 @ 05:07:30 - URL:https://inspiry.co.nz/wp-content/uploads/2021/Salamander/SAL-CSRAGB51-11.jpg Reason:Error getting remote image https://inspiry.co.nz/wp-content/uploads/2021/Salamander/SAL-CSRAGB51-11.jpg. Error: Not Found
07-27-2021 @ 05:07:30 - Image URL:https://inspiry.co.nz/wp-content/uploads/2021/Salamander/SAL-CSRAGB51-12.jpg
07-27-2021 @ 05:07:31 - URL:https://inspiry.co.nz/wp-content/uploads/2021/Salamander/SAL-CSRAGB51-12.jpg Reason:Error getting remote image https://inspiry.co.nz/wp-content/uploads/2021/Salamander/SAL-CSRAGB51-12.jpg. Error: Not Found
07-27-2021 @ 05:07:31 - Image URL:https://inspiry.co.nz/wp-content/uploads/2021/Salamander/SAL-CSRAGB51-13.jpg
07-27-2021 @ 05:07:33 - URL:https://inspiry.co.nz/wp-content/uploads/2021/Salamander/SAL-CSRAGB51-13.jpg Reason:Error getting remote image https://inspiry.co.nz/wp-content/uploads/2021/Salamander/SAL-CSRAGB51-13.jpg. Error: Not Found
07-27-2021 @ 05:07:33 - Image URL:https://inspiry.co.nz/wp-content/uploads/2021/Salamander/SAL-CSRAGB51-14.jpg
07-27-2021 @ 05:07:34 - URL:https://inspiry.co.nz/wp-content/uploads/2021/Salamander/SAL-CSRAGB51-14.jpg Reason:Error getting remote image https://inspiry.co.nz/wp-content/uploads/2021/Salamander/SAL-CSRAGB51-14.jpg. Error: Not Found
07-27-2021 @ 05:07:34 - Image URL:https://inspiry.co.nz/wp-content/uploads/2021/Salamander/SAL-CSRAGB51-15.jpg
07-27-2021 @ 05:07:35 - URL:https://inspiry.co.nz/wp-content/uploads/2021/Salamander/SAL-CSRAGB51-15.jpg Reason:Error getting remote image https://inspiry.co.nz/wp-content/uploads/2021/Salamander/SAL-CSRAGB51-15.jpg. Error: Not Found
07-27-2021 @ 05:07:35 - Image URL:https://inspiry.co.nz/wp-content/uploads/2021/Salamander/SAL-CSRAGB51-16.jpg
07-27-2021 @ 05:07:37 - URL:https://inspiry.co.nz/wp-content/uploads/2021/Salamander/SAL-CSRAGB51-16.jpg Reason:Error getting remote image https://inspiry.co.nz/wp-content/uploads/2021/Salamander/SAL-CSRAGB51-16.jpg. Error: Not Found
07-27-2021 @ 05:07:37 - Image URL:https://inspiry.co.nz/wp-content/uploads/2021/Salamander/SAL-CSRAGB51-17.jpg
07-27-2021 @ 05:07:38 - URL:https://inspiry.co.nz/wp-content/uploads/2021/Salamander/SAL-CSRAGB51-17.jpg Reason:Error getting remote image https://inspiry.co.nz/wp-content/uploads/2021/Salamander/SAL-CSRAGB51-17.jpg. Error: Not Found
07-27-2021 @ 05:07:38 - Image URL:https://inspiry.co.nz/wp-content/uploads/2021/Salamander/SAL-CSRAGB51-18.jpg
07-27-2021 @ 05:07:39 - URL:https://inspiry.co.nz/wp-content/uploads/2021/Salamander/SAL-CSRAGB51-18.jpg Reason:Error getting remote image https://inspiry.co.nz/wp-content/uploads/2021/Salamander/SAL-CSRAGB51-18.jpg. Error: Not Found
07-27-2021 @ 05:07:39 - Image URL:https://inspiry.co.nz/wp-content/uploads/2021/Salamander/SAL-CSRAGB51-19.jpg
07-27-2021 @ 05:07:40 - URL:https://inspiry.co.nz/wp-content/uploads/2021/Salamander/SAL-CSRAGB51-19.jpg Reason:Error getting remote image https://inspiry.co.nz/wp-content/uploads/2021/Salamander/SAL-CSRAGB51-19.jpg. Error: Not Found
07-27-2021 @ 05:07:40 - Image URL:https://inspiry.co.nz/wp-content/uploads/2021/Salamander/SAL-CSRAGB51-20.jpg
07-27-2021 @ 05:07:42 - URL:https://inspiry.co.nz/wp-content/uploads/2021/Salamander/SAL-CSRAGB51-20.jpg Reason:Error getting remote image https://inspiry.co.nz/wp-content/uploads/2021/Salamander/SAL-CSRAGB51-20.jpg. Error: Not Found
07-27-2021 @ 05:07:42 - Row :6 - Product updated successfully.
07-27-2021 @ 05:07:42 - Row :7 - Parsing item.
07-27-2021 @ 05:07:42 - Row :7 - Processing item.
07-27-2021 @ 05:07:42 - Found simple product object. ID:450584
07-27-2021 @ 05:07:42 - Setting Featured Image. URL:https://inspiry.co.nz/wp-content/uploads/2021/Salamander/SAL-CSRAGB61.jpg
07-27-2021 @ 05:07:42 - Attachment ID:450653
07-27-2021 @ 05:07:42 - Setting Gallery Images.
07-27-2021 @ 05:07:42 - Image URL:https://inspiry.co.nz/wp-content/uploads/2021/Salamander/SAL-CSRAGB61-1.jpg
07-27-2021 @ 05:07:44 - URL:https://inspiry.co.nz/wp-content/uploads/2021/Salamander/SAL-CSRAGB61-1.jpg Reason:Error getting remote image https://inspiry.co.nz/wp-content/uploads/2021/Salamander/SAL-CSRAGB61-1.jpg. Error: Not Found
07-27-2021 @ 05:07:44 - Image URL:https://inspiry.co.nz/wp-content/uploads/2021/Salamander/SAL-CSRAGB61-2.jpg
07-27-2021 @ 05:07:45 - URL:https://inspiry.co.nz/wp-content/uploads/2021/Salamander/SAL-CSRAGB61-2.jpg Reason:Error getting remote image https://inspiry.co.nz/wp-content/uploads/2021/Salamander/SAL-CSRAGB61-2.jpg. Error: Not Found
07-27-2021 @ 05:07:45 - Image URL:https://inspiry.co.nz/wp-content/uploads/2021/Salamander/SAL-CSRAGB61-3.jpg
07-27-2021 @ 05:07:46 - URL:https://inspiry.co.nz/wp-content/uploads/2021/Salamander/SAL-CSRAGB61-3.jpg Reason:Error getting remote image https://inspiry.co.nz/wp-content/uploads/2021/Salamander/SAL-CSRAGB61-3.jpg. Error: Not Found
07-27-2021 @ 05:07:46 - Image URL:https://inspiry.co.nz/wp-content/uploads/2021/Salamander/SAL-CSRAGB61-4.jpg
07-27-2021 @ 05:07:47 - URL:https://inspiry.co.nz/wp-content/uploads/2021/Salamander/SAL-CSRAGB61-4.jpg Reason:Error getting remote image https://inspiry.co.nz/wp-content/uploads/2021/Salamander/SAL-CSRAGB61-4.jpg. Error: Not Found
07-27-2021 @ 05:07:47 - Image URL:https://inspiry.co.nz/wp-content/uploads/2021/Salamander/SAL-CSRAGB61-5.jpg
07-27-2021 @ 05:07:48 - URL:https://inspiry.co.nz/wp-content/uploads/2021/Salamander/SAL-CSRAGB61-5.jpg Reason:Error getting remote image https://inspiry.co.nz/wp-content/uploads/2021/Salamander/SAL-CSRAGB61-5.jpg. Error: Not Found
07-27-2021 @ 05:07:48 - Image URL:https://inspiry.co.nz/wp-content/uploads/2021/Salamander/SAL-CSRAGB61-6.jpg
07-27-2021 @ 05:07:50 - URL:https://inspiry.co.nz/wp-content/uploads/2021/Salamander/SAL-CSRAGB61-6.jpg Reason:Error getting remote image https://inspiry.co.nz/wp-content/uploads/2021/Salamander/SAL-CSRAGB61-6.jpg. Error: Not Found
07-27-2021 @ 05:07:50 - Image URL:https://inspiry.co.nz/wp-content/uploads/2021/Salamander/SAL-CSRAGB61-7.jpg
07-27-2021 @ 05:07:51 - URL:https://inspiry.co.nz/wp-content/uploads/2021/Salamander/SAL-CSRAGB61-7.jpg Reason:Error getting remote image https://inspiry.co.nz/wp-content/uploads/2021/Salamander/SAL-CSRAGB61-7.jpg. Error: Not Found
07-27-2021 @ 05:07:51 - Image URL:https://inspiry.co.nz/wp-content/uploads/2021/Salamander/SAL-CSRAGB61-8.jpg
07-27-2021 @ 05:07:52 - URL:https://inspiry.co.nz/wp-content/uploads/2021/Salamander/SAL-CSRAGB61-8.jpg Reason:Error getting remote image https://inspiry.co.nz/wp-content/uploads/2021/Salamander/SAL-CSRAGB61-8.jpg. Error: Not Found
07-27-2021 @ 05:07:52 - Image URL:https://inspiry.co.nz/wp-content/uploads/2021/Salamander/SAL-CSRAGB61-9.jpg
07-27-2021 @ 05:07:53 - URL:https://inspiry.co.nz/wp-content/uploads/2021/Salamander/SAL-CSRAGB61-9.jpg Reason:Error getting remote image https://inspiry.co.nz/wp-content/uploads/2021/Salamander/SAL-CSRAGB61-9.jpg. Error: Not Found
07-27-2021 @ 05:07:53 - Image URL:https://inspiry.co.nz/wp-content/uploads/2021/Salamander/SAL-CSRAGB61-10.jpg
07-27-2021 @ 05:07:54 - URL:https://inspiry.co.nz/wp-content/uploads/2021/Salamander/SAL-CSRAGB61-10.jpg Reason:Error getting remote image https://inspiry.co.nz/wp-content/uploads/2021/Salamander/SAL-CSRAGB61-10.jpg. Error: Not Found
07-27-2021 @ 05:07:54 - Image URL:https://inspiry.co.nz/wp-content/uploads/2021/Salamander/SAL-CSRAGB61-11.jpg
07-27-2021 @ 05:07:56 - URL:https://inspiry.co.nz/wp-content/uploads/2021/Salamander/SAL-CSRAGB61-11.jpg Reason:Error getting remote image https://inspiry.co.nz/wp-content/uploads/2021/Salamander/SAL-CSRAGB61-11.jpg. Error: Not Found
07-27-2021 @ 05:07:56 - Image URL:https://inspiry.co.nz/wp-content/uploads/2021/Salamander/SAL-CSRAGB61-12.jpg
07-27-2021 @ 05:07:57 - URL:https://inspiry.co.nz/wp-content/uploads/2021/Salamander/SAL-CSRAGB61-12.jpg Reason:Error getting remote image https://inspiry.co.nz/wp-content/uploads/2021/Salamander/SAL-CSRAGB61-12.jpg. Error: Not Found
07-27-2021 @ 05:07:57 - Image URL:https://inspiry.co.nz/wp-content/uploads/2021/Salamander/SAL-CSRAGB61-13.jpg
07-27-2021 @ 05:07:59 - URL:https://inspiry.co.nz/wp-content/uploads/2021/Salamander/SAL-CSRAGB61-13.jpg Reason:Error getting remote image https://inspiry.co.nz/wp-content/uploads/2021/Salamander/SAL-CSRAGB61-13.jpg. Error: Not Found
07-27-2021 @ 05:07:59 - Image URL:https://inspiry.co.nz/wp-content/uploads/2021/Salamander/SAL-CSRAGB61-14.jpg
07-27-2021 @ 05:08:00 - URL:https://inspiry.co.nz/wp-content/uploads/2021/Salamander/SAL-CSRAGB61-14.jpg Reason:Error getting remote image https://inspiry.co.nz/wp-content/uploads/2021/Salamander/SAL-CSRAGB61-14.jpg. Error: Not Found
07-27-2021 @ 05:08:00 - Image URL:https://inspiry.co.nz/wp-content/uploads/2021/Salamander/SAL-CSRAGB61-15.jpg
07-27-2021 @ 05:08:01 - URL:https://inspiry.co.nz/wp-content/uploads/2021/Salamander/SAL-CSRAGB61-15.jpg Reason:Error getting remote image https://inspiry.co.nz/wp-content/uploads/2021/Salamander/SAL-CSRAGB61-15.jpg. Error: Not Found
07-27-2021 @ 05:08:01 - Image URL:https://inspiry.co.nz/wp-content/uploads/2021/Salamander/SAL-CSRAGB61-16.jpg
07-27-2021 @ 05:08:03 - URL:https://inspiry.co.nz/wp-content/uploads/2021/Salamander/SAL-CSRAGB61-16.jpg Reason:Error getting remote image https://inspiry.co.nz/wp-content/uploads/2021/Salamander/SAL-CSRAGB61-16.jpg. Error: Not Found
07-27-2021 @ 05:08:03 - Image URL:https://inspiry.co.nz/wp-content/uploads/2021/Salamander/SAL-CSRAGB61-17.jpg
07-27-2021 @ 05:08:04 - URL:https://inspiry.co.nz/wp-content/uploads/2021/Salamander/SAL-CSRAGB61-17.jpg Reason:Error getting remote image https://inspiry.co.nz/wp-content/uploads/2021/Salamander/SAL-CSRAGB61-17.jpg. Error: Not Found
07-27-2021 @ 05:08:04 - Image URL:https://inspiry.co.nz/wp-content/uploads/2021/Salamander/SAL-CSRAGB61-18.jpg
07-27-2021 @ 05:08:05 - URL:https://inspiry.co.nz/wp-content/uploads/2021/Salamander/SAL-CSRAGB61-18.jpg Reason:Error getting remote image https://inspiry.co.nz/wp-content/uploads/2021/Salamander/SAL-CSRAGB61-18.jpg. Error: Not Found
07-27-2021 @ 05:08:05 - Image URL:https://inspiry.co.nz/wp-content/uploads/2021/Salamander/SAL-CSRAGB61-19.jpg
07-27-2021 @ 05:08:07 - URL:https://inspiry.co.nz/wp-content/uploads/2021/Salamander/SAL-CSRAGB61-19.jpg Reason:Error getting remote image https://inspiry.co.nz/wp-content/uploads/2021/Salamander/SAL-CSRAGB61-19.jpg. Error: Not Found
07-27-2021 @ 05:08:07 - Image URL:https://inspiry.co.nz/wp-content/uploads/2021/Salamander/SAL-CSRAGB61-20.jpg
07-27-2021 @ 05:08:09 - URL:https://inspiry.co.nz/wp-content/uploads/2021/Salamander/SAL-CSRAGB61-20.jpg Reason:Error getting remote image https://inspiry.co.nz/wp-content/uploads/2021/Salamander/SAL-CSRAGB61-20.jpg. Error: Not Found
07-27-2021 @ 05:08:09 - Row :7 - Product updated successfully.
07-27-2021 @ 05:08:09 - Row :8 - Parsing item.
07-27-2021 @ 05:08:09 - Row :8 - Processing item.
07-27-2021 @ 05:08:09 - Found simple product object. ID:450585
07-27-2021 @ 05:08:09 - Setting Featured Image. URL:https://inspiry.co.nz/wp-content/uploads/2021/Salamander/SAL-CSRAGB01.jpg
07-27-2021 @ 05:08:09 - Attachment ID:450654
07-27-2021 @ 05:08:09 - Setting Gallery Images.
07-27-2021 @ 05:08:09 - Image URL:https://inspiry.co.nz/wp-content/uploads/2021/Salamander/SAL-CSRAGB01-1.jpg
07-27-2021 @ 05:08:11 - URL:https://inspiry.co.nz/wp-content/uploads/2021/Salamander/SAL-CSRAGB01-1.jpg Reason:Error getting remote image https://inspiry.co.nz/wp-content/uploads/2021/Salamander/SAL-CSRAGB01-1.jpg. Error: Not Found
07-27-2021 @ 05:08:11 - Image URL:https://inspiry.co.nz/wp-content/uploads/2021/Salamander/SAL-CSRAGB01-2.jpg
07-27-2021 @ 05:08:12 - URL:https://inspiry.co.nz/wp-content/uploads/2021/Salamander/SAL-CSRAGB01-2.jpg Reason:Error getting remote image https://inspiry.co.nz/wp-content/uploads/2021/Salamander/SAL-CSRAGB01-2.jpg. Error: Not Found
07-27-2021 @ 05:08:12 - Image URL:https://inspiry.co.nz/wp-content/uploads/2021/Salamander/SAL-CSRAGB01-3.jpg
07-27-2021 @ 05:08:14 - URL:https://inspiry.co.nz/wp-content/uploads/2021/Salamander/SAL-CSRAGB01-3.jpg Reason:Error getting remote image https://inspiry.co.nz/wp-content/uploads/2021/Salamander/SAL-CSRAGB01-3.jpg. Error: Not Found
07-27-2021 @ 05:08:14 - Image URL:https://inspiry.co.nz/wp-content/uploads/2021/Salamander/SAL-CSRAGB01-4.jpg
07-27-2021 @ 05:08:15 - URL:https://inspiry.co.nz/wp-content/uploads/2021/Salamander/SAL-CSRAGB01-4.jpg Reason:Error getting remote image https://inspiry.co.nz/wp-content/uploads/2021/Salamander/SAL-CSRAGB01-4.jpg. Error: Not Found
07-27-2021 @ 05:08:15 - Image URL:https://inspiry.co.nz/wp-content/uploads/2021/Salamander/SAL-CSRAGB01-5.jpg
07-27-2021 @ 05:08:16 - URL:https://inspiry.co.nz/wp-content/uploads/2021/Salamander/SAL-CSRAGB01-5.jpg Reason:Error getting remote image https://inspiry.co.nz/wp-content/uploads/2021/Salamander/SAL-CSRAGB01-5.jpg. Error: Not Found
07-27-2021 @ 05:08:16 - Image URL:https://inspiry.co.nz/wp-content/uploads/2021/Salamander/SAL-CSRAGB01-6.jpg
07-27-2021 @ 05:08:17 - URL:https://inspiry.co.nz/wp-content/uploads/2021/Salamander/SAL-CSRAGB01-6.jpg Reason:Error getting remote image https://inspiry.co.nz/wp-content/uploads/2021/Salamander/SAL-CSRAGB01-6.jpg. Error: Not Found
07-27-2021 @ 05:08:17 - Image URL:https://inspiry.co.nz/wp-content/uploads/2021/Salamander/SAL-CSRAGB01-7.jpg
07-27-2021 @ 05:08:19 - URL:https://inspiry.co.nz/wp-content/uploads/2021/Salamander/SAL-CSRAGB01-7.jpg Reason:Error getting remote image https://inspiry.co.nz/wp-content/uploads/2021/Salamander/SAL-CSRAGB01-7.jpg. Error: Not Found
07-27-2021 @ 05:08:19 - Image URL:https://inspiry.co.nz/wp-content/uploads/2021/Salamander/SAL-CSRAGB01-8.jpg
07-27-2021 @ 05:08:20 - URL:https://inspiry.co.nz/wp-content/uploads/2021/Salamander/SAL-CSRAGB01-8.jpg Reason:Error getting remote image https://inspiry.co.nz/wp-content/uploads/2021/Salamander/SAL-CSRAGB01-8.jpg. Error: Not Found
07-27-2021 @ 05:08:20 - Image URL:https://inspiry.co.nz/wp-content/uploads/2021/Salamander/SAL-CSRAGB01-9.jpg
07-27-2021 @ 05:08:21 - URL:https://inspiry.co.nz/wp-content/uploads/2021/Salamander/SAL-CSRAGB01-9.jpg Reason:Error getting remote image https://inspiry.co.nz/wp-content/uploads/2021/Salamander/SAL-CSRAGB01-9.jpg. Error: Not Found
07-27-2021 @ 05:08:21 - Image URL:https://inspiry.co.nz/wp-content/uploads/2021/Salamander/SAL-CSRAGB01-10.jpg
07-27-2021 @ 05:08:23 - URL:https://inspiry.co.nz/wp-content/uploads/2021/Salamander/SAL-CSRAGB01-10.jpg Reason:Error getting remote image https://inspiry.co.nz/wp-content/uploads/2021/Salamander/SAL-CSRAGB01-10.jpg. Error: Not Found
07-27-2021 @ 05:08:23 - Image URL:https://inspiry.co.nz/wp-content/uploads/2021/Salamander/SAL-CSRAGB01-11.jpg
07-27-2021 @ 05:08:24 - URL:https://inspiry.co.nz/wp-content/uploads/2021/Salamander/SAL-CSRAGB01-11.jpg Reason:Error getting remote image https://inspiry.co.nz/wp-content/uploads/2021/Salamander/SAL-CSRAGB01-11.jpg. Error: Not Found
07-27-2021 @ 05:08:24 - Image URL:https://inspiry.co.nz/wp-content/uploads/2021/Salamander/SAL-CSRAGB01-12.jpg
07-27-2021 @ 05:08:26 - URL:https://inspiry.co.nz/wp-content/uploads/2021/Salamander/SAL-CSRAGB01-12.jpg Reason:Error getting remote image https://inspiry.co.nz/wp-content/uploads/2021/Salamander/SAL-CSRAGB01-12.jpg. Error: Not Found
07-27-2021 @ 05:08:26 - Image URL:https://inspiry.co.nz/wp-content/uploads/2021/Salamander/SAL-CSRAGB01-13.jpg
07-27-2021 @ 05:08:27 - URL:https://inspiry.co.nz/wp-content/uploads/2021/Salamander/SAL-CSRAGB01-13.jpg Reason:Error getting remote image https://inspiry.co.nz/wp-content/uploads/2021/Salamander/SAL-CSRAGB01-13.jpg. Error: Not Found
07-27-2021 @ 05:08:27 - Image URL:https://inspiry.co.nz/wp-content/uploads/2021/Salamander/SAL-CSRAGB01-14.jpg
07-27-2021 @ 05:08:28 - URL:https://inspiry.co.nz/wp-content/uploads/2021/Salamander/SAL-CSRAGB01-14.jpg Reason:Error getting remote image https://inspiry.co.nz/wp-content/uploads/2021/Salamander/SAL-CSRAGB01-14.jpg. Error: Not Found
07-27-2021 @ 05:08:28 - Image URL:https://inspiry.co.nz/wp-content/uploads/2021/Salamander/SAL-CSRAGB01-15.jpg
07-27-2021 @ 05:08:29 - URL:https://inspiry.co.nz/wp-content/uploads/2021/Salamander/SAL-CSRAGB01-15.jpg Reason:Error getting remote image https://inspiry.co.nz/wp-content/uploads/2021/Salamander/SAL-CSRAGB01-15.jpg. Error: Not Found
07-27-2021 @ 05:08:29 - Image URL:https://inspiry.co.nz/wp-content/uploads/2021/Salamander/SAL-CSRAGB01-16.jpg
07-27-2021 @ 05:08:31 - URL:https://inspiry.co.nz/wp-content/uploads/2021/Salamander/SAL-CSRAGB01-16.jpg Reason:Error getting remote image https://inspiry.co.nz/wp-content/uploads/2021/Salamander/SAL-CSRAGB01-16.jpg. Error: Not Found
07-27-2021 @ 05:08:31 - Image URL:https://inspiry.co.nz/wp-content/uploads/2021/Salamander/SAL-CSRAGB01-17.jpg
07-27-2021 @ 05:08:32 - URL:https://inspiry.co.nz/wp-content/uploads/2021/Salamander/SAL-CSRAGB01-17.jpg Reason:Error getting remote image https://inspiry.co.nz/wp-content/uploads/2021/Salamander/SAL-CSRAGB01-17.jpg. Error: Not Found
07-27-2021 @ 05:08:32 - Image URL:https://inspiry.co.nz/wp-content/uploads/2021/Salamander/SAL-CSRAGB01-18.jpg
07-27-2021 @ 05:08:33 - URL:https://inspiry.co.nz/wp-content/uploads/2021/Salamander/SAL-CSRAGB01-18.jpg Reason:Error getting remote image https://inspiry.co.nz/wp-content/uploads/2021/Salamander/SAL-CSRAGB01-18.jpg. Error: Not Found
07-27-2021 @ 05:08:33 - Image URL:https://inspiry.co.nz/wp-content/uploads/2021/Salamander/SAL-CSRAGB01-19.jpg
07-27-2021 @ 05:08:35 - URL:https://inspiry.co.nz/wp-content/uploads/2021/Salamander/SAL-CSRAGB01-19.jpg Reason:Error getting remote image https://inspiry.co.nz/wp-content/uploads/2021/Salamander/SAL-CSRAGB01-19.jpg. Error: Not Found
07-27-2021 @ 05:08:35 - Image URL:https://inspiry.co.nz/wp-content/uploads/2021/Salamander/SAL-CSRAGB01-20.jpg
07-27-2021 @ 05:08:36 - URL:https://inspiry.co.nz/wp-content/uploads/2021/Salamander/SAL-CSRAGB01-20.jpg Reason:Error getting remote image https://inspiry.co.nz/wp-content/uploads/2021/Salamander/SAL-CSRAGB01-20.jpg. Error: Not Found
07-27-2021 @ 05:08:36 - Row :8 - Product updated successfully.
07-27-2021 @ 05:08:36 - Row :9 - Parsing item.
07-27-2021 @ 05:08:36 - Row :9 - Processing item.
07-27-2021 @ 05:08:36 - Found simple product object. ID:450586
07-27-2021 @ 05:08:36 - Setting Featured Image. URL:https://inspiry.co.nz/wp-content/uploads/2021/Salamander/SAL-CSRAGB01HB.jpg
07-27-2021 @ 05:08:36 - Attachment ID:450655
07-27-2021 @ 05:08:36 - Setting Gallery Images.
07-27-2021 @ 05:08:36 - Image URL:https://inspiry.co.nz/wp-content/uploads/2021/Salamander/SAL-CSRAGB01HB-1.jpg
07-27-2021 @ 05:08:38 - URL:https://inspiry.co.nz/wp-content/uploads/2021/Salamander/SAL-CSRAGB01HB-1.jpg Reason:Error getting remote image https://inspiry.co.nz/wp-content/uploads/2021/Salamander/SAL-CSRAGB01HB-1.jpg. Error: Not Found
07-27-2021 @ 05:08:38 - Image URL:https://inspiry.co.nz/wp-content/uploads/2021/Salamander/SAL-CSRAGB01HB-2.jpg
07-27-2021 @ 05:08:39 - URL:https://inspiry.co.nz/wp-content/uploads/2021/Salamander/SAL-CSRAGB01HB-2.jpg Reason:Error getting remote image https://inspiry.co.nz/wp-content/uploads/2021/Salamander/SAL-CSRAGB01HB-2.jpg. Error: Not Found
07-27-2021 @ 05:08:39 - Image URL:https://inspiry.co.nz/wp-content/uploads/2021/Salamander/SAL-CSRAGB01HB-3.jpg
07-27-2021 @ 05:08:40 - URL:https://inspiry.co.nz/wp-content/uploads/2021/Salamander/SAL-CSRAGB01HB-3.jpg Reason:Error getting remote image https://inspiry.co.nz/wp-content/uploads/2021/Salamander/SAL-CSRAGB01HB-3.jpg. Error: Not Found
07-27-2021 @ 05:08:40 - Image URL:https://inspiry.co.nz/wp-content/uploads/2021/Salamander/SAL-CSRAGB01HB-4.jpg
07-27-2021 @ 05:08:42 - URL:https://inspiry.co.nz/wp-content/uploads/2021/Salamander/SAL-CSRAGB01HB-4.jpg Reason:Error getting remote image https://inspiry.co.nz/wp-content/uploads/2021/Salamander/SAL-CSRAGB01HB-4.jpg. Error: Not Found
07-27-2021 @ 05:08:42 - Image URL:https://inspiry.co.nz/wp-content/uploads/2021/Salamander/SAL-CSRAGB01HB-5.jpg
07-27-2021 @ 05:08:43 - URL:https://inspiry.co.nz/wp-content/uploads/2021/Salamander/SAL-CSRAGB01HB-5.jpg Reason:Error getting remote image https://inspiry.co.nz/wp-content/uploads/2021/Salamander/SAL-CSRAGB01HB-5.jpg. Error: Not Found
07-27-2021 @ 05:08:43 - Image URL:https://inspiry.co.nz/wp-content/uploads/2021/Salamander/SAL-CSRAGB01HB-6.jpg
07-27-2021 @ 05:08:44 - URL:https://inspiry.co.nz/wp-content/uploads/2021/Salamander/SAL-CSRAGB01HB-6.jpg Reason:Error getting remote image https://inspiry.co.nz/wp-content/uploads/2021/Salamander/SAL-CSRAGB01HB-6.jpg. Error: Not Found
07-27-2021 @ 05:08:44 - Image URL:https://inspiry.co.nz/wp-content/uploads/2021/Salamander/SAL-CSRAGB01HB-7.jpg
07-27-2021 @ 05:08:46 - URL:https://inspiry.co.nz/wp-content/uploads/2021/Salamander/SAL-CSRAGB01HB-7.jpg Reason:Error getting remote image https://inspiry.co.nz/wp-content/uploads/2021/Salamander/SAL-CSRAGB01HB-7.jpg. Error: Not Found
07-27-2021 @ 05:08:46 - Image URL:https://inspiry.co.nz/wp-content/uploads/2021/Salamander/SAL-CSRAGB01HB-8.jpg
07-27-2021 @ 05:08:47 - URL:https://inspiry.co.nz/wp-content/uploads/2021/Salamander/SAL-CSRAGB01HB-8.jpg Reason:Error getting remote image https://inspiry.co.nz/wp-content/uploads/2021/Salamander/SAL-CSRAGB01HB-8.jpg. Error: Not Found
07-27-2021 @ 05:08:47 - Image URL:https://inspiry.co.nz/wp-content/uploads/2021/Salamander/SAL-CSRAGB01HB-9.jpg
07-27-2021 @ 05:08:48 - URL:https://inspiry.co.nz/wp-content/uploads/2021/Salamander/SAL-CSRAGB01HB-9.jpg Reason:Error getting remote image https://inspiry.co.nz/wp-content/uploads/2021/Salamander/SAL-CSRAGB01HB-9.jpg. Error: Not Found
07-27-2021 @ 05:08:48 - Image URL:https://inspiry.co.nz/wp-content/uploads/2021/Salamander/SAL-CSRAGB01HB-10.jpg
07-27-2021 @ 05:08:49 - URL:https://inspiry.co.nz/wp-content/uploads/2021/Salamander/SAL-CSRAGB01HB-10.jpg Reason:Error getting remote image https://inspiry.co.nz/wp-content/uploads/2021/Salamander/SAL-CSRAGB01HB-10.jpg. Error: Not Found
07-27-2021 @ 05:08:49 - Image URL:https://inspiry.co.nz/wp-content/uploads/2021/Salamander/SAL-CSRAGB01HB-11.jpg
07-27-2021 @ 05:08:50 - URL:https://inspiry.co.nz/wp-content/uploads/2021/Salamander/SAL-CSRAGB01HB-11.jpg Reason:Error getting remote image https://inspiry.co.nz/wp-content/uploads/2021/Salamander/SAL-CSRAGB01HB-11.jpg. Error: Not Found
07-27-2021 @ 05:08:50 - Image URL:https://inspiry.co.nz/wp-content/uploads/2021/Salamander/SAL-CSRAGB01HB-12.jpg
07-27-2021 @ 05:08:52 - URL:https://inspiry.co.nz/wp-content/uploads/2021/Salamander/SAL-CSRAGB01HB-12.jpg Reason:Error getting remote image https://inspiry.co.nz/wp-content/uploads/2021/Salamander/SAL-CSRAGB01HB-12.jpg. Error: Not Found
07-27-2021 @ 05:08:52 - Image URL:https://inspiry.co.nz/wp-content/uploads/2021/Salamander/SAL-CSRAGB01HB-13.jpg
07-27-2021 @ 05:08:53 - URL:https://inspiry.co.nz/wp-content/uploads/2021/Salamander/SAL-CSRAGB01HB-13.jpg Reason:Error getting remote image https://inspiry.co.nz/wp-content/uploads/2021/Salamander/SAL-CSRAGB01HB-13.jpg. Error: Not Found
07-27-2021 @ 05:08:53 - Image URL:https://inspiry.co.nz/wp-content/uploads/2021/Salamander/SAL-CSRAGB01HB-14.jpg
07-27-2021 @ 05:08:54 - URL:https://inspiry.co.nz/wp-content/uploads/2021/Salamander/SAL-CSRAGB01HB-14.jpg Reason:Error getting remote image https://inspiry.co.nz/wp-content/uploads/2021/Salamander/SAL-CSRAGB01HB-14.jpg. Error: Not Found
07-27-2021 @ 05:08:54 - Image URL:https://inspiry.co.nz/wp-content/uploads/2021/Salamander/SAL-CSRAGB01HB-15.jpg
07-27-2021 @ 05:08:55 - URL:https://inspiry.co.nz/wp-content/uploads/2021/Salamander/SAL-CSRAGB01HB-15.jpg Reason:Error getting remote image https://inspiry.co.nz/wp-content/uploads/2021/Salamander/SAL-CSRAGB01HB-15.jpg. Error: Not Found
07-27-2021 @ 05:08:55 - Image URL:https://inspiry.co.nz/wp-content/uploads/2021/Salamander/SAL-CSRAGB01HB-16.jpg
07-27-2021 @ 05:08:57 - URL:https://inspiry.co.nz/wp-content/uploads/2021/Salamander/SAL-CSRAGB01HB-16.jpg Reason:Error getting remote image https://inspiry.co.nz/wp-content/uploads/2021/Salamander/SAL-CSRAGB01HB-16.jpg. Error: Not Found
07-27-2021 @ 05:08:57 - Image URL:https://inspiry.co.nz/wp-content/uploads/2021/Salamander/SAL-CSRAGB01HB-17.jpg
07-27-2021 @ 05:08:58 - URL:https://inspiry.co.nz/wp-content/uploads/2021/Salamander/SAL-CSRAGB01HB-17.jpg Reason:Error getting remote image https://inspiry.co.nz/wp-content/uploads/2021/Salamander/SAL-CSRAGB01HB-17.jpg. Error: Not Found
07-27-2021 @ 05:08:58 - Image URL:https://inspiry.co.nz/wp-content/uploads/2021/Salamander/SAL-CSRAGB01HB-18.jpg
07-27-2021 @ 05:08:59 - URL:https://inspiry.co.nz/wp-content/uploads/2021/Salamander/SAL-CSRAGB01HB-18.jpg Reason:Error getting remote image https://inspiry.co.nz/wp-content/uploads/2021/Salamander/SAL-CSRAGB01HB-18.jpg. Error: Not Found
07-27-2021 @ 05:08:59 - Image URL:https://inspiry.co.nz/wp-content/uploads/2021/Salamander/SAL-CSRAGB01HB-19.jpg
07-27-2021 @ 05:09:00 - URL:https://inspiry.co.nz/wp-content/uploads/2021/Salamander/SAL-CSRAGB01HB-19.jpg Reason:Error getting remote image https://inspiry.co.nz/wp-content/uploads/2021/Salamander/SAL-CSRAGB01HB-19.jpg. Error: Not Found
07-27-2021 @ 05:09:00 - Image URL:https://inspiry.co.nz/wp-content/uploads/2021/Salamander/SAL-CSRAGB01HB-20.jpg
07-27-2021 @ 05:09:02 - URL:https://inspiry.co.nz/wp-content/uploads/2021/Salamander/SAL-CSRAGB01HB-20.jpg Reason:Error getting remote image https://inspiry.co.nz/wp-content/uploads/2021/Salamander/SAL-CSRAGB01HB-20.jpg. Error: Not Found
07-27-2021 @ 05:09:02 - Row :9 - Product updated successfully.
07-27-2021 @ 05:09:02 - Row :10 - Parsing item.
07-27-2021 @ 05:09:02 - Row :10 - Processing item.
07-27-2021 @ 05:09:02 - Found simple product object. ID:450587
07-27-2021 @ 05:09:02 - Setting Featured Image. URL:https://inspiry.co.nz/wp-content/uploads/2021/Salamander/SAL-CSRAGB02HB.jpg
07-27-2021 @ 05:09:03 - Attachment ID:450656
07-27-2021 @ 05:09:03 - Setting Gallery Images.
07-27-2021 @ 05:09:03 - Image URL:https://inspiry.co.nz/wp-content/uploads/2021/Salamander/SAL-CSRAGB02HB-1.jpg
07-27-2021 @ 05:09:04 - URL:https://inspiry.co.nz/wp-content/uploads/2021/Salamander/SAL-CSRAGB02HB-1.jpg Reason:Error getting remote image https://inspiry.co.nz/wp-content/uploads/2021/Salamander/SAL-CSRAGB02HB-1.jpg. Error: Not Found
07-27-2021 @ 05:09:04 - Image URL:https://inspiry.co.nz/wp-content/uploads/2021/Salamander/SAL-CSRAGB02HB-2.jpg
07-27-2021 @ 05:09:05 - URL:https://inspiry.co.nz/wp-content/uploads/2021/Salamander/SAL-CSRAGB02HB-2.jpg Reason:Error getting remote image https://inspiry.co.nz/wp-content/uploads/2021/Salamander/SAL-CSRAGB02HB-2.jpg. Error: Not Found
07-27-2021 @ 05:09:05 - Image URL:https://inspiry.co.nz/wp-content/uploads/2021/Salamander/SAL-CSRAGB02HB-3.jpg
07-27-2021 @ 05:09:07 - URL:https://inspiry.co.nz/wp-content/uploads/2021/Salamander/SAL-CSRAGB02HB-3.jpg Reason:Error getting remote image https://inspiry.co.nz/wp-content/uploads/2021/Salamander/SAL-CSRAGB02HB-3.jpg. Error: Not Found
07-27-2021 @ 05:09:07 - Image URL:https://inspiry.co.nz/wp-content/uploads/2021/Salamander/SAL-CSRAGB02HB-4.jpg
07-27-2021 @ 05:09:08 - URL:https://inspiry.co.nz/wp-content/uploads/2021/Salamander/SAL-CSRAGB02HB-4.jpg Reason:Error getting remote image https://inspiry.co.nz/wp-content/uploads/2021/Salamander/SAL-CSRAGB02HB-4.jpg. Error: Not Found
07-27-2021 @ 05:09:08 - Image URL:https://inspiry.co.nz/wp-content/uploads/2021/Salamander/SAL-CSRAGB02HB-5.jpg
07-27-2021 @ 05:09:09 - URL:https://inspiry.co.nz/wp-content/uploads/2021/Salamander/SAL-CSRAGB02HB-5.jpg Reason:Error getting remote image https://inspiry.co.nz/wp-content/uploads/2021/Salamander/SAL-CSRAGB02HB-5.jpg. Error: Not Found
07-27-2021 @ 05:09:09 - Image URL:https://inspiry.co.nz/wp-content/uploads/2021/Salamander/SAL-CSRAGB02HB-6.jpg
07-27-2021 @ 05:09:10 - URL:https://inspiry.co.nz/wp-content/uploads/2021/Salamander/SAL-CSRAGB02HB-6.jpg Reason:Error getting remote image https://inspiry.co.nz/wp-content/uploads/2021/Salamander/SAL-CSRAGB02HB-6.jpg. Error: Not Found
07-27-2021 @ 05:09:10 - Image URL:https://inspiry.co.nz/wp-content/uploads/2021/Salamander/SAL-CSRAGB02HB-7.jpg
07-27-2021 @ 05:09:12 - URL:https://inspiry.co.nz/wp-content/uploads/2021/Salamander/SAL-CSRAGB02HB-7.jpg Reason:Error getting remote image https://inspiry.co.nz/wp-content/uploads/2021/Salamander/SAL-CSRAGB02HB-7.jpg. Error: Not Found
07-27-2021 @ 05:09:12 - Image URL:https://inspiry.co.nz/wp-content/uploads/2021/Salamander/SAL-CSRAGB02HB-8.jpg
07-27-2021 @ 05:09:13 - URL:https://inspiry.co.nz/wp-content/uploads/2021/Salamander/SAL-CSRAGB02HB-8.jpg Reason:Error getting remote image https://inspiry.co.nz/wp-content/uploads/2021/Salamander/SAL-CSRAGB02HB-8.jpg. Error: Not Found
07-27-2021 @ 05:09:13 - Image URL:https://inspiry.co.nz/wp-content/uploads/2021/Salamander/SAL-CSRAGB02HB-9.jpg
07-27-2021 @ 05:09:14 - URL:https://inspiry.co.nz/wp-content/uploads/2021/Salamander/SAL-CSRAGB02HB-9.jpg Reason:Error getting remote image https://inspiry.co.nz/wp-content/uploads/2021/Salamander/SAL-CSRAGB02HB-9.jpg. Error: Not Found
07-27-2021 @ 05:09:14 - Image URL:https://inspiry.co.nz/wp-content/uploads/2021/Salamander/SAL-CSRAGB02HB-10.jpg
07-27-2021 @ 05:09:15 - URL:https://inspiry.co.nz/wp-content/uploads/2021/Salamander/SAL-CSRAGB02HB-10.jpg Reason:Error getting remote image https://inspiry.co.nz/wp-content/uploads/2021/Salamander/SAL-CSRAGB02HB-10.jpg. Error: Not Found
07-27-2021 @ 05:09:15 - Image URL:https://inspiry.co.nz/wp-content/uploads/2021/Salamander/SAL-CSRAGB02HB-11.jpg
07-27-2021 @ 05:09:17 - URL:https://inspiry.co.nz/wp-content/uploads/2021/Salamander/SAL-CSRAGB02HB-11.jpg Reason:Error getting remote image https://inspiry.co.nz/wp-content/uploads/2021/Salamander/SAL-CSRAGB02HB-11.jpg. Error: Not Found
07-27-2021 @ 05:09:17 - Image URL:https://inspiry.co.nz/wp-content/uploads/2021/Salamander/SAL-CSRAGB02HB-12.jpg
07-27-2021 @ 05:09:18 - URL:https://inspiry.co.nz/wp-content/uploads/2021/Salamander/SAL-CSRAGB02HB-12.jpg Reason:Error getting remote image https://inspiry.co.nz/wp-content/uploads/2021/Salamander/SAL-CSRAGB02HB-12.jpg. Error: Not Found
07-27-2021 @ 05:09:18 - Image URL:https://inspiry.co.nz/wp-content/uploads/2021/Salamander/SAL-CSRAGB02HB-13.jpg
07-27-2021 @ 05:09:19 - URL:https://inspiry.co.nz/wp-content/uploads/2021/Salamander/SAL-CSRAGB02HB-13.jpg Reason:Error getting remote image https://inspiry.co.nz/wp-content/uploads/2021/Salamander/SAL-CSRAGB02HB-13.jpg. Error: Not Found
07-27-2021 @ 05:09:19 - Image URL:https://inspiry.co.nz/wp-content/uploads/2021/Salamander/SAL-CSRAGB02HB-14.jpg
07-27-2021 @ 05:09:21 - URL:https://inspiry.co.nz/wp-content/uploads/2021/Salamander/SAL-CSRAGB02HB-14.jpg Reason:Error getting remote image https://inspiry.co.nz/wp-content/uploads/2021/Salamander/SAL-CSRAGB02HB-14.jpg. Error: Not Found
07-27-2021 @ 05:09:21 - Image URL:https://inspiry.co.nz/wp-content/uploads/2021/Salamander/SAL-CSRAGB02HB-15.jpg
07-27-2021 @ 05:09:22 - URL:https://inspiry.co.nz/wp-content/uploads/2021/Salamander/SAL-CSRAGB02HB-15.jpg Reason:Error getting remote image https://inspiry.co.nz/wp-content/uploads/2021/Salamander/SAL-CSRAGB02HB-15.jpg. Error: Not Found
07-27-2021 @ 05:09:22 - Image URL:https://inspiry.co.nz/wp-content/uploads/2021/Salamander/SAL-CSRAGB02HB-16.jpg
07-27-2021 @ 05:09:23 - URL:https://inspiry.co.nz/wp-content/uploads/2021/Salamander/SAL-CSRAGB02HB-16.jpg Reason:Error getting remote image https://inspiry.co.nz/wp-content/uploads/2021/Salamander/SAL-CSRAGB02HB-16.jpg. Error: Not Found
07-27-2021 @ 05:09:23 - Image URL:https://inspiry.co.nz/wp-content/uploads/2021/Salamander/SAL-CSRAGB02HB-17.jpg
07-27-2021 @ 05:09:25 - URL:https://inspiry.co.nz/wp-content/uploads/2021/Salamander/SAL-CSRAGB02HB-17.jpg Reason:Error getting remote image https://inspiry.co.nz/wp-content/uploads/2021/Salamander/SAL-CSRAGB02HB-17.jpg. Error: Not Found
07-27-2021 @ 05:09:25 - Image URL:https://inspiry.co.nz/wp-content/uploads/2021/Salamander/SAL-CSRAGB02HB-18.jpg
07-27-2021 @ 05:09:26 - URL:https://inspiry.co.nz/wp-content/uploads/2021/Salamander/SAL-CSRAGB02HB-18.jpg Reason:Error getting remote image https://inspiry.co.nz/wp-content/uploads/2021/Salamander/SAL-CSRAGB02HB-18.jpg. Error: Not Found
07-27-2021 @ 05:09:26 - Image URL:https://inspiry.co.nz/wp-content/uploads/2021/Salamander/SAL-CSRAGB02HB-19.jpg
07-27-2021 @ 05:09:27 - URL:https://inspiry.co.nz/wp-content/uploads/2021/Salamander/SAL-CSRAGB02HB-19.jpg Reason:Error getting remote image https://inspiry.co.nz/wp-content/uploads/2021/Salamander/SAL-CSRAGB02HB-19.jpg. Error: Not Found
07-27-2021 @ 05:09:27 - Image URL:https://inspiry.co.nz/wp-content/uploads/2021/Salamander/SAL-CSRAGB02HB-20.jpg
07-27-2021 @ 05:09:28 - URL:https://inspiry.co.nz/wp-content/uploads/2021/Salamander/SAL-CSRAGB02HB-20.jpg Reason:Error getting remote image https://inspiry.co.nz/wp-content/uploads/2021/Salamander/SAL-CSRAGB02HB-20.jpg. Error: Not Found
07-27-2021 @ 05:09:29 - Row :10 - Product updated successfully.
