07-27-2021 @ 05:12:19 - ---[ New import started at 2021-07-26 17:12:19 ] PHP Memory: 768 MB, WP Memory: 40 MB
07-27-2021 @ 05:12:19 - Preparing for import.
07-27-2021 @ 05:12:19 - Row :1 - Parsing item.
07-27-2021 @ 05:12:19 - Row :1 - Processing item.
07-27-2021 @ 05:12:19 - Found simple product object. ID:450578
07-27-2021 @ 05:12:19 - Setting Featured Image. URL:https://inspiry.co.nz/wp-content/uploads/2021/Salamander/SAL-EURFERGRE.jpg
07-27-2021 @ 05:12:19 - Attachment ID:450631
07-27-2021 @ 05:12:19 - Setting Gallery Images.
07-27-2021 @ 05:12:19 - Image URL:https://inspiry.co.nz/wp-content/uploads/2021/Salamander/SAL-EURFERGRE-1.jpg
07-27-2021 @ 05:12:20 - Attachment ID:450632
07-27-2021 @ 05:12:20 - Image URL:https://inspiry.co.nz/wp-content/uploads/2021/Salamander/SAL-EURFERGRE-2.jpg
07-27-2021 @ 05:12:20 - Attachment ID:450633
07-27-2021 @ 05:12:20 - Image URL:https://inspiry.co.nz/wp-content/uploads/2021/Salamander/SAL-EURFERGRE-3.jpg
07-27-2021 @ 05:12:21 - Attachment ID:450634
07-27-2021 @ 05:12:21 - Image URL:https://inspiry.co.nz/wp-content/uploads/2021/Salamander/SAL-EURFERGRE-4.jpg
07-27-2021 @ 05:12:21 - Attachment ID:450635
07-27-2021 @ 05:12:21 - Image URL:https://inspiry.co.nz/wp-content/uploads/2021/Salamander/SAL-EURFERGRE-5.jpg
07-27-2021 @ 05:12:22 - URL:https://inspiry.co.nz/wp-content/uploads/2021/Salamander/SAL-EURFERGRE-5.jpg Reason:Error getting remote image https://inspiry.co.nz/wp-content/uploads/2021/Salamander/SAL-EURFERGRE-5.jpg. Error: Not Found
07-27-2021 @ 05:12:22 - Image URL:https://inspiry.co.nz/wp-content/uploads/2021/Salamander/SAL-EURFERGRE-6.jpg
07-27-2021 @ 05:12:24 - URL:https://inspiry.co.nz/wp-content/uploads/2021/Salamander/SAL-EURFERGRE-6.jpg Reason:Error getting remote image https://inspiry.co.nz/wp-content/uploads/2021/Salamander/SAL-EURFERGRE-6.jpg. Error: Not Found
07-27-2021 @ 05:12:24 - Image URL:https://inspiry.co.nz/wp-content/uploads/2021/Salamander/SAL-EURFERGRE-7.jpg
07-27-2021 @ 05:12:25 - URL:https://inspiry.co.nz/wp-content/uploads/2021/Salamander/SAL-EURFERGRE-7.jpg Reason:Error getting remote image https://inspiry.co.nz/wp-content/uploads/2021/Salamander/SAL-EURFERGRE-7.jpg. Error: Not Found
07-27-2021 @ 05:12:25 - Image URL:https://inspiry.co.nz/wp-content/uploads/2021/Salamander/SAL-EURFERGRE-8.jpg
07-27-2021 @ 05:12:27 - URL:https://inspiry.co.nz/wp-content/uploads/2021/Salamander/SAL-EURFERGRE-8.jpg Reason:Error getting remote image https://inspiry.co.nz/wp-content/uploads/2021/Salamander/SAL-EURFERGRE-8.jpg. Error: Not Found
07-27-2021 @ 05:12:27 - Image URL:https://inspiry.co.nz/wp-content/uploads/2021/Salamander/SAL-EURFERGRE-9.jpg
07-27-2021 @ 05:12:28 - URL:https://inspiry.co.nz/wp-content/uploads/2021/Salamander/SAL-EURFERGRE-9.jpg Reason:Error getting remote image https://inspiry.co.nz/wp-content/uploads/2021/Salamander/SAL-EURFERGRE-9.jpg. Error: Not Found
07-27-2021 @ 05:12:28 - Image URL:https://inspiry.co.nz/wp-content/uploads/2021/Salamander/SAL-EURFERGRE-10.jpg
07-27-2021 @ 05:12:29 - URL:https://inspiry.co.nz/wp-content/uploads/2021/Salamander/SAL-EURFERGRE-10.jpg Reason:Error getting remote image https://inspiry.co.nz/wp-content/uploads/2021/Salamander/SAL-EURFERGRE-10.jpg. Error: Not Found
07-27-2021 @ 05:12:29 - Image URL:https://inspiry.co.nz/wp-content/uploads/2021/Salamander/SAL-EURFERGRE-11.jpg
07-27-2021 @ 05:12:31 - URL:https://inspiry.co.nz/wp-content/uploads/2021/Salamander/SAL-EURFERGRE-11.jpg Reason:Error getting remote image https://inspiry.co.nz/wp-content/uploads/2021/Salamander/SAL-EURFERGRE-11.jpg. Error: Not Found
07-27-2021 @ 05:12:31 - Image URL:https://inspiry.co.nz/wp-content/uploads/2021/Salamander/SAL-EURFERGRE-12.jpg
07-27-2021 @ 05:12:32 - URL:https://inspiry.co.nz/wp-content/uploads/2021/Salamander/SAL-EURFERGRE-12.jpg Reason:Error getting remote image https://inspiry.co.nz/wp-content/uploads/2021/Salamander/SAL-EURFERGRE-12.jpg. Error: Not Found
07-27-2021 @ 05:12:32 - Image URL:https://inspiry.co.nz/wp-content/uploads/2021/Salamander/SAL-EURFERGRE-13.jpg
07-27-2021 @ 05:12:34 - URL:https://inspiry.co.nz/wp-content/uploads/2021/Salamander/SAL-EURFERGRE-13.jpg Reason:Error getting remote image https://inspiry.co.nz/wp-content/uploads/2021/Salamander/SAL-EURFERGRE-13.jpg. Error: Not Found
07-27-2021 @ 05:12:34 - Image URL:https://inspiry.co.nz/wp-content/uploads/2021/Salamander/SAL-EURFERGRE-14.jpg
07-27-2021 @ 05:12:35 - URL:https://inspiry.co.nz/wp-content/uploads/2021/Salamander/SAL-EURFERGRE-14.jpg Reason:Error getting remote image https://inspiry.co.nz/wp-content/uploads/2021/Salamander/SAL-EURFERGRE-14.jpg. Error: Not Found
07-27-2021 @ 05:12:35 - Image URL:https://inspiry.co.nz/wp-content/uploads/2021/Salamander/SAL-EURFERGRE-15.jpg
07-27-2021 @ 05:12:36 - URL:https://inspiry.co.nz/wp-content/uploads/2021/Salamander/SAL-EURFERGRE-15.jpg Reason:Error getting remote image https://inspiry.co.nz/wp-content/uploads/2021/Salamander/SAL-EURFERGRE-15.jpg. Error: Not Found
07-27-2021 @ 05:12:36 - Image URL:https://inspiry.co.nz/wp-content/uploads/2021/Salamander/SAL-EURFERGRE-16.jpg
07-27-2021 @ 05:12:37 - URL:https://inspiry.co.nz/wp-content/uploads/2021/Salamander/SAL-EURFERGRE-16.jpg Reason:Error getting remote image https://inspiry.co.nz/wp-content/uploads/2021/Salamander/SAL-EURFERGRE-16.jpg. Error: Not Found
07-27-2021 @ 05:12:37 - Image URL:https://inspiry.co.nz/wp-content/uploads/2021/Salamander/SAL-EURFERGRE-17.jpg
07-27-2021 @ 05:12:39 - URL:https://inspiry.co.nz/wp-content/uploads/2021/Salamander/SAL-EURFERGRE-17.jpg Reason:Error getting remote image https://inspiry.co.nz/wp-content/uploads/2021/Salamander/SAL-EURFERGRE-17.jpg. Error: Not Found
07-27-2021 @ 05:12:39 - Image URL:https://inspiry.co.nz/wp-content/uploads/2021/Salamander/SAL-EURFERGRE-18.jpg
07-27-2021 @ 05:12:40 - URL:https://inspiry.co.nz/wp-content/uploads/2021/Salamander/SAL-EURFERGRE-18.jpg Reason:Error getting remote image https://inspiry.co.nz/wp-content/uploads/2021/Salamander/SAL-EURFERGRE-18.jpg. Error: Not Found
07-27-2021 @ 05:12:40 - Image URL:https://inspiry.co.nz/wp-content/uploads/2021/Salamander/SAL-EURFERGRE-19.jpg
07-27-2021 @ 05:12:41 - URL:https://inspiry.co.nz/wp-content/uploads/2021/Salamander/SAL-EURFERGRE-19.jpg Reason:Error getting remote image https://inspiry.co.nz/wp-content/uploads/2021/Salamander/SAL-EURFERGRE-19.jpg. Error: Not Found
07-27-2021 @ 05:12:41 - Image URL:https://inspiry.co.nz/wp-content/uploads/2021/Salamander/SAL-EURFERGRE-20.jpg
07-27-2021 @ 05:12:42 - URL:https://inspiry.co.nz/wp-content/uploads/2021/Salamander/SAL-EURFERGRE-20.jpg Reason:Error getting remote image https://inspiry.co.nz/wp-content/uploads/2021/Salamander/SAL-EURFERGRE-20.jpg. Error: Not Found
07-27-2021 @ 05:12:43 - Row :1 - Product updated successfully.
07-27-2021 @ 05:12:43 - Row :2 - Parsing item.
07-27-2021 @ 05:12:43 - Row :2 - Processing item.
07-27-2021 @ 05:12:43 - Found simple product object. ID:450579
07-27-2021 @ 05:12:43 - Setting Featured Image. URL:https://inspiry.co.nz/wp-content/uploads/2021/Salamander/SAL-EURFERBLK.jpg
07-27-2021 @ 05:12:43 - Attachment ID:450636
07-27-2021 @ 05:12:43 - Setting Gallery Images.
07-27-2021 @ 05:12:43 - Image URL:https://inspiry.co.nz/wp-content/uploads/2021/Salamander/SAL-EURFERBLK-1.jpg
07-27-2021 @ 05:12:43 - Attachment ID:450637
07-27-2021 @ 05:12:43 - Image URL:https://inspiry.co.nz/wp-content/uploads/2021/Salamander/SAL-EURFERBLK-2.jpg
07-27-2021 @ 05:12:44 - Attachment ID:450638
07-27-2021 @ 05:12:44 - Image URL:https://inspiry.co.nz/wp-content/uploads/2021/Salamander/SAL-EURFERBLK-3.jpg
07-27-2021 @ 05:12:44 - Attachment ID:450639
07-27-2021 @ 05:12:44 - Image URL:https://inspiry.co.nz/wp-content/uploads/2021/Salamander/SAL-EURFERBLK-4.jpg
07-27-2021 @ 05:12:44 - Attachment ID:450640
07-27-2021 @ 05:12:44 - Image URL:https://inspiry.co.nz/wp-content/uploads/2021/Salamander/SAL-EURFERBLK-5.jpg
07-27-2021 @ 05:12:45 - URL:https://inspiry.co.nz/wp-content/uploads/2021/Salamander/SAL-EURFERBLK-5.jpg Reason:Error getting remote image https://inspiry.co.nz/wp-content/uploads/2021/Salamander/SAL-EURFERBLK-5.jpg. Error: Not Found
07-27-2021 @ 05:12:45 - Image URL:https://inspiry.co.nz/wp-content/uploads/2021/Salamander/SAL-EURFERBLK-6.jpg
07-27-2021 @ 05:12:47 - URL:https://inspiry.co.nz/wp-content/uploads/2021/Salamander/SAL-EURFERBLK-6.jpg Reason:Error getting remote image https://inspiry.co.nz/wp-content/uploads/2021/Salamander/SAL-EURFERBLK-6.jpg. Error: Not Found
07-27-2021 @ 05:12:47 - Image URL:https://inspiry.co.nz/wp-content/uploads/2021/Salamander/SAL-EURFERBLK-7.jpg
07-27-2021 @ 05:12:48 - URL:https://inspiry.co.nz/wp-content/uploads/2021/Salamander/SAL-EURFERBLK-7.jpg Reason:Error getting remote image https://inspiry.co.nz/wp-content/uploads/2021/Salamander/SAL-EURFERBLK-7.jpg. Error: Not Found
07-27-2021 @ 05:12:48 - Image URL:https://inspiry.co.nz/wp-content/uploads/2021/Salamander/SAL-EURFERBLK-8.jpg
07-27-2021 @ 05:12:49 - URL:https://inspiry.co.nz/wp-content/uploads/2021/Salamander/SAL-EURFERBLK-8.jpg Reason:Error getting remote image https://inspiry.co.nz/wp-content/uploads/2021/Salamander/SAL-EURFERBLK-8.jpg. Error: Not Found
07-27-2021 @ 05:12:49 - Image URL:https://inspiry.co.nz/wp-content/uploads/2021/Salamander/SAL-EURFERBLK-9.jpg
07-27-2021 @ 05:12:50 - URL:https://inspiry.co.nz/wp-content/uploads/2021/Salamander/SAL-EURFERBLK-9.jpg Reason:Error getting remote image https://inspiry.co.nz/wp-content/uploads/2021/Salamander/SAL-EURFERBLK-9.jpg. Error: Not Found
07-27-2021 @ 05:12:50 - Image URL:https://inspiry.co.nz/wp-content/uploads/2021/Salamander/SAL-EURFERBLK-10.jpg
07-27-2021 @ 05:12:52 - URL:https://inspiry.co.nz/wp-content/uploads/2021/Salamander/SAL-EURFERBLK-10.jpg Reason:Error getting remote image https://inspiry.co.nz/wp-content/uploads/2021/Salamander/SAL-EURFERBLK-10.jpg. Error: Not Found
07-27-2021 @ 05:12:52 - Image URL:https://inspiry.co.nz/wp-content/uploads/2021/Salamander/SAL-EURFERBLK-11.jpg
07-27-2021 @ 05:12:53 - URL:https://inspiry.co.nz/wp-content/uploads/2021/Salamander/SAL-EURFERBLK-11.jpg Reason:Error getting remote image https://inspiry.co.nz/wp-content/uploads/2021/Salamander/SAL-EURFERBLK-11.jpg. Error: Not Found
07-27-2021 @ 05:12:53 - Image URL:https://inspiry.co.nz/wp-content/uploads/2021/Salamander/SAL-EURFERBLK-12.jpg
07-27-2021 @ 05:12:54 - URL:https://inspiry.co.nz/wp-content/uploads/2021/Salamander/SAL-EURFERBLK-12.jpg Reason:Error getting remote image https://inspiry.co.nz/wp-content/uploads/2021/Salamander/SAL-EURFERBLK-12.jpg. Error: Not Found
07-27-2021 @ 05:12:54 - Image URL:https://inspiry.co.nz/wp-content/uploads/2021/Salamander/SAL-EURFERBLK-13.jpg
07-27-2021 @ 05:12:56 - URL:https://inspiry.co.nz/wp-content/uploads/2021/Salamander/SAL-EURFERBLK-13.jpg Reason:Error getting remote image https://inspiry.co.nz/wp-content/uploads/2021/Salamander/SAL-EURFERBLK-13.jpg. Error: Not Found
07-27-2021 @ 05:12:56 - Image URL:https://inspiry.co.nz/wp-content/uploads/2021/Salamander/SAL-EURFERBLK-14.jpg
07-27-2021 @ 05:12:57 - URL:https://inspiry.co.nz/wp-content/uploads/2021/Salamander/SAL-EURFERBLK-14.jpg Reason:Error getting remote image https://inspiry.co.nz/wp-content/uploads/2021/Salamander/SAL-EURFERBLK-14.jpg. Error: Not Found
07-27-2021 @ 05:12:57 - Image URL:https://inspiry.co.nz/wp-content/uploads/2021/Salamander/SAL-EURFERBLK-15.jpg
07-27-2021 @ 05:12:58 - URL:https://inspiry.co.nz/wp-content/uploads/2021/Salamander/SAL-EURFERBLK-15.jpg Reason:Error getting remote image https://inspiry.co.nz/wp-content/uploads/2021/Salamander/SAL-EURFERBLK-15.jpg. Error: Not Found
07-27-2021 @ 05:12:58 - Image URL:https://inspiry.co.nz/wp-content/uploads/2021/Salamander/SAL-EURFERBLK-16.jpg
07-27-2021 @ 05:12:59 - URL:https://inspiry.co.nz/wp-content/uploads/2021/Salamander/SAL-EURFERBLK-16.jpg Reason:Error getting remote image https://inspiry.co.nz/wp-content/uploads/2021/Salamander/SAL-EURFERBLK-16.jpg. Error: Not Found
07-27-2021 @ 05:12:59 - Image URL:https://inspiry.co.nz/wp-content/uploads/2021/Salamander/SAL-EURFERBLK-17.jpg
07-27-2021 @ 05:13:00 - URL:https://inspiry.co.nz/wp-content/uploads/2021/Salamander/SAL-EURFERBLK-17.jpg Reason:Error getting remote image https://inspiry.co.nz/wp-content/uploads/2021/Salamander/SAL-EURFERBLK-17.jpg. Error: Not Found
07-27-2021 @ 05:13:00 - Image URL:https://inspiry.co.nz/wp-content/uploads/2021/Salamander/SAL-EURFERBLK-18.jpg
07-27-2021 @ 05:13:02 - URL:https://inspiry.co.nz/wp-content/uploads/2021/Salamander/SAL-EURFERBLK-18.jpg Reason:Error getting remote image https://inspiry.co.nz/wp-content/uploads/2021/Salamander/SAL-EURFERBLK-18.jpg. Error: Not Found
07-27-2021 @ 05:13:02 - Image URL:https://inspiry.co.nz/wp-content/uploads/2021/Salamander/SAL-EURFERBLK-19.jpg
07-27-2021 @ 05:13:03 - URL:https://inspiry.co.nz/wp-content/uploads/2021/Salamander/SAL-EURFERBLK-19.jpg Reason:Error getting remote image https://inspiry.co.nz/wp-content/uploads/2021/Salamander/SAL-EURFERBLK-19.jpg. Error: Not Found
07-27-2021 @ 05:13:03 - Image URL:https://inspiry.co.nz/wp-content/uploads/2021/Salamander/SAL-EURFERBLK-20.jpg
07-27-2021 @ 05:13:05 - URL:https://inspiry.co.nz/wp-content/uploads/2021/Salamander/SAL-EURFERBLK-20.jpg Reason:Error getting remote image https://inspiry.co.nz/wp-content/uploads/2021/Salamander/SAL-EURFERBLK-20.jpg. Error: Not Found
07-27-2021 @ 05:13:05 - Row :2 - Product updated successfully.
07-27-2021 @ 05:13:05 - Row :3 - Parsing item.
07-27-2021 @ 05:13:05 - Row :3 - Processing item.
07-27-2021 @ 05:13:05 - Found simple product object. ID:450580
07-27-2021 @ 05:13:05 - Setting Featured Image. URL:https://inspiry.co.nz/wp-content/uploads/2021/Salamander/SAL-EURFERDBRN.jpg
07-27-2021 @ 05:13:05 - Attachment ID:450641
07-27-2021 @ 05:13:05 - Setting Gallery Images.
07-27-2021 @ 05:13:05 - Image URL:https://inspiry.co.nz/wp-content/uploads/2021/Salamander/SAL-EURFERDBRN-1.jpg
07-27-2021 @ 05:13:06 - Attachment ID:450642
07-27-2021 @ 05:13:06 - Image URL:https://inspiry.co.nz/wp-content/uploads/2021/Salamander/SAL-EURFERDBRN-2.jpg
07-27-2021 @ 05:13:06 - Attachment ID:450643
07-27-2021 @ 05:13:06 - Image URL:https://inspiry.co.nz/wp-content/uploads/2021/Salamander/SAL-EURFERDBRN-3.jpg
07-27-2021 @ 05:13:06 - Attachment ID:450644
07-27-2021 @ 05:13:06 - Image URL:https://inspiry.co.nz/wp-content/uploads/2021/Salamander/SAL-EURFERDBRN-4.jpg
07-27-2021 @ 05:13:07 - Attachment ID:450645
07-27-2021 @ 05:13:07 - Image URL:https://inspiry.co.nz/wp-content/uploads/2021/Salamander/SAL-EURFERDBRN-5.jpg
07-27-2021 @ 05:13:08 - URL:https://inspiry.co.nz/wp-content/uploads/2021/Salamander/SAL-EURFERDBRN-5.jpg Reason:Error getting remote image https://inspiry.co.nz/wp-content/uploads/2021/Salamander/SAL-EURFERDBRN-5.jpg. Error: Not Found
07-27-2021 @ 05:13:08 - Image URL:https://inspiry.co.nz/wp-content/uploads/2021/Salamander/SAL-EURFERDBRN-6.jpg
07-27-2021 @ 05:13:10 - URL:https://inspiry.co.nz/wp-content/uploads/2021/Salamander/SAL-EURFERDBRN-6.jpg Reason:Error getting remote image https://inspiry.co.nz/wp-content/uploads/2021/Salamander/SAL-EURFERDBRN-6.jpg. Error: Not Found
07-27-2021 @ 05:13:10 - Image URL:https://inspiry.co.nz/wp-content/uploads/2021/Salamander/SAL-EURFERDBRN-7.jpg
07-27-2021 @ 05:13:11 - URL:https://inspiry.co.nz/wp-content/uploads/2021/Salamander/SAL-EURFERDBRN-7.jpg Reason:Error getting remote image https://inspiry.co.nz/wp-content/uploads/2021/Salamander/SAL-EURFERDBRN-7.jpg. Error: Not Found
07-27-2021 @ 05:13:11 - Image URL:https://inspiry.co.nz/wp-content/uploads/2021/Salamander/SAL-EURFERDBRN-8.jpg
07-27-2021 @ 05:13:13 - URL:https://inspiry.co.nz/wp-content/uploads/2021/Salamander/SAL-EURFERDBRN-8.jpg Reason:Error getting remote image https://inspiry.co.nz/wp-content/uploads/2021/Salamander/SAL-EURFERDBRN-8.jpg. Error: Not Found
07-27-2021 @ 05:13:13 - Image URL:https://inspiry.co.nz/wp-content/uploads/2021/Salamander/SAL-EURFERDBRN-9.jpg
07-27-2021 @ 05:13:14 - URL:https://inspiry.co.nz/wp-content/uploads/2021/Salamander/SAL-EURFERDBRN-9.jpg Reason:Error getting remote image https://inspiry.co.nz/wp-content/uploads/2021/Salamander/SAL-EURFERDBRN-9.jpg. Error: Not Found
07-27-2021 @ 05:13:14 - Image URL:https://inspiry.co.nz/wp-content/uploads/2021/Salamander/SAL-EURFERDBRN-10.jpg
07-27-2021 @ 05:13:15 - URL:https://inspiry.co.nz/wp-content/uploads/2021/Salamander/SAL-EURFERDBRN-10.jpg Reason:Error getting remote image https://inspiry.co.nz/wp-content/uploads/2021/Salamander/SAL-EURFERDBRN-10.jpg. Error: Not Found
07-27-2021 @ 05:13:15 - Image URL:https://inspiry.co.nz/wp-content/uploads/2021/Salamander/SAL-EURFERDBRN-11.jpg
07-27-2021 @ 05:13:17 - URL:https://inspiry.co.nz/wp-content/uploads/2021/Salamander/SAL-EURFERDBRN-11.jpg Reason:Error getting remote image https://inspiry.co.nz/wp-content/uploads/2021/Salamander/SAL-EURFERDBRN-11.jpg. Error: Not Found
07-27-2021 @ 05:13:17 - Image URL:https://inspiry.co.nz/wp-content/uploads/2021/Salamander/SAL-EURFERDBRN-12.jpg
07-27-2021 @ 05:13:18 - URL:https://inspiry.co.nz/wp-content/uploads/2021/Salamander/SAL-EURFERDBRN-12.jpg Reason:Error getting remote image https://inspiry.co.nz/wp-content/uploads/2021/Salamander/SAL-EURFERDBRN-12.jpg. Error: Not Found
07-27-2021 @ 05:13:18 - Image URL:https://inspiry.co.nz/wp-content/uploads/2021/Salamander/SAL-EURFERDBRN-13.jpg
07-27-2021 @ 05:13:19 - URL:https://inspiry.co.nz/wp-content/uploads/2021/Salamander/SAL-EURFERDBRN-13.jpg Reason:Error getting remote image https://inspiry.co.nz/wp-content/uploads/2021/Salamander/SAL-EURFERDBRN-13.jpg. Error: Not Found
07-27-2021 @ 05:13:19 - Image URL:https://inspiry.co.nz/wp-content/uploads/2021/Salamander/SAL-EURFERDBRN-14.jpg
07-27-2021 @ 05:13:21 - URL:https://inspiry.co.nz/wp-content/uploads/2021/Salamander/SAL-EURFERDBRN-14.jpg Reason:Error getting remote image https://inspiry.co.nz/wp-content/uploads/2021/Salamander/SAL-EURFERDBRN-14.jpg. Error: Not Found
07-27-2021 @ 05:13:21 - Image URL:https://inspiry.co.nz/wp-content/uploads/2021/Salamander/SAL-EURFERDBRN-15.jpg
07-27-2021 @ 05:13:22 - URL:https://inspiry.co.nz/wp-content/uploads/2021/Salamander/SAL-EURFERDBRN-15.jpg Reason:Error getting remote image https://inspiry.co.nz/wp-content/uploads/2021/Salamander/SAL-EURFERDBRN-15.jpg. Error: Not Found
07-27-2021 @ 05:13:22 - Image URL:https://inspiry.co.nz/wp-content/uploads/2021/Salamander/SAL-EURFERDBRN-16.jpg
07-27-2021 @ 05:13:24 - URL:https://inspiry.co.nz/wp-content/uploads/2021/Salamander/SAL-EURFERDBRN-16.jpg Reason:Error getting remote image https://inspiry.co.nz/wp-content/uploads/2021/Salamander/SAL-EURFERDBRN-16.jpg. Error: Not Found
07-27-2021 @ 05:13:24 - Image URL:https://inspiry.co.nz/wp-content/uploads/2021/Salamander/SAL-EURFERDBRN-17.jpg
07-27-2021 @ 05:13:25 - URL:https://inspiry.co.nz/wp-content/uploads/2021/Salamander/SAL-EURFERDBRN-17.jpg Reason:Error getting remote image https://inspiry.co.nz/wp-content/uploads/2021/Salamander/SAL-EURFERDBRN-17.jpg. Error: Not Found
07-27-2021 @ 05:13:25 - Image URL:https://inspiry.co.nz/wp-content/uploads/2021/Salamander/SAL-EURFERDBRN-18.jpg
07-27-2021 @ 05:13:26 - URL:https://inspiry.co.nz/wp-content/uploads/2021/Salamander/SAL-EURFERDBRN-18.jpg Reason:Error getting remote image https://inspiry.co.nz/wp-content/uploads/2021/Salamander/SAL-EURFERDBRN-18.jpg. Error: Not Found
07-27-2021 @ 05:13:26 - Image URL:https://inspiry.co.nz/wp-content/uploads/2021/Salamander/SAL-EURFERDBRN-19.jpg
07-27-2021 @ 05:13:28 - URL:https://inspiry.co.nz/wp-content/uploads/2021/Salamander/SAL-EURFERDBRN-19.jpg Reason:Error getting remote image https://inspiry.co.nz/wp-content/uploads/2021/Salamander/SAL-EURFERDBRN-19.jpg. Error: Not Found
07-27-2021 @ 05:13:28 - Image URL:https://inspiry.co.nz/wp-content/uploads/2021/Salamander/SAL-EURFERDBRN-20.jpg
07-27-2021 @ 05:13:29 - URL:https://inspiry.co.nz/wp-content/uploads/2021/Salamander/SAL-EURFERDBRN-20.jpg Reason:Error getting remote image https://inspiry.co.nz/wp-content/uploads/2021/Salamander/SAL-EURFERDBRN-20.jpg. Error: Not Found
07-27-2021 @ 05:13:29 - Row :3 - Product updated successfully.
07-27-2021 @ 05:13:29 - Row :4 - Parsing item.
07-27-2021 @ 05:13:29 - Row :4 - Processing item.
07-27-2021 @ 05:13:29 - Found simple product object. ID:450581
07-27-2021 @ 05:13:29 - Setting Featured Image. URL:https://inspiry.co.nz/wp-content/uploads/2021/Salamander/SAL-EURFERCOG.jpg
07-27-2021 @ 05:13:29 - Attachment ID:450646
07-27-2021 @ 05:13:29 - Setting Gallery Images.
07-27-2021 @ 05:13:29 - Image URL:https://inspiry.co.nz/wp-content/uploads/2021/Salamander/SAL-EURFERCOG-1.jpg
07-27-2021 @ 05:13:30 - Attachment ID:450647
07-27-2021 @ 05:13:30 - Image URL:https://inspiry.co.nz/wp-content/uploads/2021/Salamander/SAL-EURFERCOG-2.jpg
07-27-2021 @ 05:13:30 - Attachment ID:450648
07-27-2021 @ 05:13:30 - Image URL:https://inspiry.co.nz/wp-content/uploads/2021/Salamander/SAL-EURFERCOG-3.jpg
07-27-2021 @ 05:13:30 - Attachment ID:450649
07-27-2021 @ 05:13:30 - Image URL:https://inspiry.co.nz/wp-content/uploads/2021/Salamander/SAL-EURFERCOG-4.jpg
07-27-2021 @ 05:13:31 - Attachment ID:450650
07-27-2021 @ 05:13:31 - Image URL:https://inspiry.co.nz/wp-content/uploads/2021/Salamander/SAL-EURFERCOG-5.jpg
07-27-2021 @ 05:13:32 - URL:https://inspiry.co.nz/wp-content/uploads/2021/Salamander/SAL-EURFERCOG-5.jpg Reason:Error getting remote image https://inspiry.co.nz/wp-content/uploads/2021/Salamander/SAL-EURFERCOG-5.jpg. Error: Not Found
07-27-2021 @ 05:13:32 - Image URL:https://inspiry.co.nz/wp-content/uploads/2021/Salamander/SAL-EURFERCOG-6.jpg
07-27-2021 @ 05:13:33 - URL:https://inspiry.co.nz/wp-content/uploads/2021/Salamander/SAL-EURFERCOG-6.jpg Reason:Error getting remote image https://inspiry.co.nz/wp-content/uploads/2021/Salamander/SAL-EURFERCOG-6.jpg. Error: Not Found
07-27-2021 @ 05:13:33 - Image URL:https://inspiry.co.nz/wp-content/uploads/2021/Salamander/SAL-EURFERCOG-7.jpg
07-27-2021 @ 05:13:35 - URL:https://inspiry.co.nz/wp-content/uploads/2021/Salamander/SAL-EURFERCOG-7.jpg Reason:Error getting remote image https://inspiry.co.nz/wp-content/uploads/2021/Salamander/SAL-EURFERCOG-7.jpg. Error: Not Found
07-27-2021 @ 05:13:35 - Image URL:https://inspiry.co.nz/wp-content/uploads/2021/Salamander/SAL-EURFERCOG-8.jpg
07-27-2021 @ 05:13:36 - URL:https://inspiry.co.nz/wp-content/uploads/2021/Salamander/SAL-EURFERCOG-8.jpg Reason:Error getting remote image https://inspiry.co.nz/wp-content/uploads/2021/Salamander/SAL-EURFERCOG-8.jpg. Error: Not Found
07-27-2021 @ 05:13:36 - Image URL:https://inspiry.co.nz/wp-content/uploads/2021/Salamander/SAL-EURFERCOG-9.jpg
07-27-2021 @ 05:13:37 - URL:https://inspiry.co.nz/wp-content/uploads/2021/Salamander/SAL-EURFERCOG-9.jpg Reason:Error getting remote image https://inspiry.co.nz/wp-content/uploads/2021/Salamander/SAL-EURFERCOG-9.jpg. Error: Not Found
07-27-2021 @ 05:13:37 - Image URL:https://inspiry.co.nz/wp-content/uploads/2021/Salamander/SAL-EURFERCOG-10.jpg
07-27-2021 @ 05:13:38 - URL:https://inspiry.co.nz/wp-content/uploads/2021/Salamander/SAL-EURFERCOG-10.jpg Reason:Error getting remote image https://inspiry.co.nz/wp-content/uploads/2021/Salamander/SAL-EURFERCOG-10.jpg. Error: Not Found
07-27-2021 @ 05:13:38 - Image URL:https://inspiry.co.nz/wp-content/uploads/2021/Salamander/SAL-EURFERCOG-11.jpg
07-27-2021 @ 05:13:40 - URL:https://inspiry.co.nz/wp-content/uploads/2021/Salamander/SAL-EURFERCOG-11.jpg Reason:Error getting remote image https://inspiry.co.nz/wp-content/uploads/2021/Salamander/SAL-EURFERCOG-11.jpg. Error: Not Found
07-27-2021 @ 05:13:40 - Image URL:https://inspiry.co.nz/wp-content/uploads/2021/Salamander/SAL-EURFERCOG-12.jpg
07-27-2021 @ 05:13:41 - URL:https://inspiry.co.nz/wp-content/uploads/2021/Salamander/SAL-EURFERCOG-12.jpg Reason:Error getting remote image https://inspiry.co.nz/wp-content/uploads/2021/Salamander/SAL-EURFERCOG-12.jpg. Error: Not Found
07-27-2021 @ 05:13:41 - Image URL:https://inspiry.co.nz/wp-content/uploads/2021/Salamander/SAL-EURFERCOG-13.jpg
07-27-2021 @ 05:13:42 - URL:https://inspiry.co.nz/wp-content/uploads/2021/Salamander/SAL-EURFERCOG-13.jpg Reason:Error getting remote image https://inspiry.co.nz/wp-content/uploads/2021/Salamander/SAL-EURFERCOG-13.jpg. Error: Not Found
07-27-2021 @ 05:13:42 - Image URL:https://inspiry.co.nz/wp-content/uploads/2021/Salamander/SAL-EURFERCOG-14.jpg
07-27-2021 @ 05:13:43 - URL:https://inspiry.co.nz/wp-content/uploads/2021/Salamander/SAL-EURFERCOG-14.jpg Reason:Error getting remote image https://inspiry.co.nz/wp-content/uploads/2021/Salamander/SAL-EURFERCOG-14.jpg. Error: Not Found
07-27-2021 @ 05:13:43 - Image URL:https://inspiry.co.nz/wp-content/uploads/2021/Salamander/SAL-EURFERCOG-15.jpg
07-27-2021 @ 05:13:45 - URL:https://inspiry.co.nz/wp-content/uploads/2021/Salamander/SAL-EURFERCOG-15.jpg Reason:Error getting remote image https://inspiry.co.nz/wp-content/uploads/2021/Salamander/SAL-EURFERCOG-15.jpg. Error: Not Found
07-27-2021 @ 05:13:45 - Image URL:https://inspiry.co.nz/wp-content/uploads/2021/Salamander/SAL-EURFERCOG-16.jpg
07-27-2021 @ 05:13:46 - URL:https://inspiry.co.nz/wp-content/uploads/2021/Salamander/SAL-EURFERCOG-16.jpg Reason:Error getting remote image https://inspiry.co.nz/wp-content/uploads/2021/Salamander/SAL-EURFERCOG-16.jpg. Error: Not Found
07-27-2021 @ 05:13:46 - Image URL:https://inspiry.co.nz/wp-content/uploads/2021/Salamander/SAL-EURFERCOG-17.jpg
07-27-2021 @ 05:13:47 - URL:https://inspiry.co.nz/wp-content/uploads/2021/Salamander/SAL-EURFERCOG-17.jpg Reason:Error getting remote image https://inspiry.co.nz/wp-content/uploads/2021/Salamander/SAL-EURFERCOG-17.jpg. Error: Not Found
07-27-2021 @ 05:13:47 - Image URL:https://inspiry.co.nz/wp-content/uploads/2021/Salamander/SAL-EURFERCOG-18.jpg
07-27-2021 @ 05:13:49 - URL:https://inspiry.co.nz/wp-content/uploads/2021/Salamander/SAL-EURFERCOG-18.jpg Reason:Error getting remote image https://inspiry.co.nz/wp-content/uploads/2021/Salamander/SAL-EURFERCOG-18.jpg. Error: Not Found
07-27-2021 @ 05:13:49 - Image URL:https://inspiry.co.nz/wp-content/uploads/2021/Salamander/SAL-EURFERCOG-19.jpg
07-27-2021 @ 05:13:50 - URL:https://inspiry.co.nz/wp-content/uploads/2021/Salamander/SAL-EURFERCOG-19.jpg Reason:Error getting remote image https://inspiry.co.nz/wp-content/uploads/2021/Salamander/SAL-EURFERCOG-19.jpg. Error: Not Found
07-27-2021 @ 05:13:50 - Image URL:https://inspiry.co.nz/wp-content/uploads/2021/Salamander/SAL-EURFERCOG-20.jpg
07-27-2021 @ 05:13:51 - URL:https://inspiry.co.nz/wp-content/uploads/2021/Salamander/SAL-EURFERCOG-20.jpg Reason:Error getting remote image https://inspiry.co.nz/wp-content/uploads/2021/Salamander/SAL-EURFERCOG-20.jpg. Error: Not Found
07-27-2021 @ 05:13:52 - Row :4 - Product updated successfully.
07-27-2021 @ 05:13:52 - Row :5 - Parsing item.
07-27-2021 @ 05:13:52 - Row :5 - Processing item.
07-27-2021 @ 05:13:52 - Found simple product object. ID:450582
07-27-2021 @ 05:13:52 - Setting Featured Image. URL:https://inspiry.co.nz/wp-content/uploads/2021/Salamander/SAL-CSRAGB41.jpg
07-27-2021 @ 05:13:52 - Attachment ID:450651
07-27-2021 @ 05:13:52 - Setting Gallery Images.
07-27-2021 @ 05:13:52 - Image URL:https://inspiry.co.nz/wp-content/uploads/2021/Salamander/SAL-CSRAGB41-1.jpg
07-27-2021 @ 05:13:53 - URL:https://inspiry.co.nz/wp-content/uploads/2021/Salamander/SAL-CSRAGB41-1.jpg Reason:Error getting remote image https://inspiry.co.nz/wp-content/uploads/2021/Salamander/SAL-CSRAGB41-1.jpg. Error: Not Found
07-27-2021 @ 05:13:53 - Image URL:https://inspiry.co.nz/wp-content/uploads/2021/Salamander/SAL-CSRAGB41-2.jpg
07-27-2021 @ 05:13:55 - URL:https://inspiry.co.nz/wp-content/uploads/2021/Salamander/SAL-CSRAGB41-2.jpg Reason:Error getting remote image https://inspiry.co.nz/wp-content/uploads/2021/Salamander/SAL-CSRAGB41-2.jpg. Error: Not Found
07-27-2021 @ 05:13:55 - Image URL:https://inspiry.co.nz/wp-content/uploads/2021/Salamander/SAL-CSRAGB41-3.jpg
07-27-2021 @ 05:13:56 - URL:https://inspiry.co.nz/wp-content/uploads/2021/Salamander/SAL-CSRAGB41-3.jpg Reason:Error getting remote image https://inspiry.co.nz/wp-content/uploads/2021/Salamander/SAL-CSRAGB41-3.jpg. Error: Not Found
07-27-2021 @ 05:13:56 - Image URL:https://inspiry.co.nz/wp-content/uploads/2021/Salamander/SAL-CSRAGB41-4.jpg
07-27-2021 @ 05:13:57 - URL:https://inspiry.co.nz/wp-content/uploads/2021/Salamander/SAL-CSRAGB41-4.jpg Reason:Error getting remote image https://inspiry.co.nz/wp-content/uploads/2021/Salamander/SAL-CSRAGB41-4.jpg. Error: Not Found
07-27-2021 @ 05:13:57 - Image URL:https://inspiry.co.nz/wp-content/uploads/2021/Salamander/SAL-CSRAGB41-5.jpg
07-27-2021 @ 05:13:58 - URL:https://inspiry.co.nz/wp-content/uploads/2021/Salamander/SAL-CSRAGB41-5.jpg Reason:Error getting remote image https://inspiry.co.nz/wp-content/uploads/2021/Salamander/SAL-CSRAGB41-5.jpg. Error: Not Found
07-27-2021 @ 05:13:58 - Image URL:https://inspiry.co.nz/wp-content/uploads/2021/Salamander/SAL-CSRAGB41-6.jpg
07-27-2021 @ 05:13:59 - URL:https://inspiry.co.nz/wp-content/uploads/2021/Salamander/SAL-CSRAGB41-6.jpg Reason:Error getting remote image https://inspiry.co.nz/wp-content/uploads/2021/Salamander/SAL-CSRAGB41-6.jpg. Error: Not Found
07-27-2021 @ 05:13:59 - Image URL:https://inspiry.co.nz/wp-content/uploads/2021/Salamander/SAL-CSRAGB41-7.jpg
07-27-2021 @ 05:14:01 - URL:https://inspiry.co.nz/wp-content/uploads/2021/Salamander/SAL-CSRAGB41-7.jpg Reason:Error getting remote image https://inspiry.co.nz/wp-content/uploads/2021/Salamander/SAL-CSRAGB41-7.jpg. Error: Not Found
07-27-2021 @ 05:14:01 - Image URL:https://inspiry.co.nz/wp-content/uploads/2021/Salamander/SAL-CSRAGB41-8.jpg
07-27-2021 @ 05:14:02 - URL:https://inspiry.co.nz/wp-content/uploads/2021/Salamander/SAL-CSRAGB41-8.jpg Reason:Error getting remote image https://inspiry.co.nz/wp-content/uploads/2021/Salamander/SAL-CSRAGB41-8.jpg. Error: Not Found
07-27-2021 @ 05:14:02 - Image URL:https://inspiry.co.nz/wp-content/uploads/2021/Salamander/SAL-CSRAGB41-9.jpg
07-27-2021 @ 05:14:03 - URL:https://inspiry.co.nz/wp-content/uploads/2021/Salamander/SAL-CSRAGB41-9.jpg Reason:Error getting remote image https://inspiry.co.nz/wp-content/uploads/2021/Salamander/SAL-CSRAGB41-9.jpg. Error: Not Found
07-27-2021 @ 05:14:03 - Image URL:https://inspiry.co.nz/wp-content/uploads/2021/Salamander/SAL-CSRAGB41-10.jpg
07-27-2021 @ 05:14:05 - URL:https://inspiry.co.nz/wp-content/uploads/2021/Salamander/SAL-CSRAGB41-10.jpg Reason:Error getting remote image https://inspiry.co.nz/wp-content/uploads/2021/Salamander/SAL-CSRAGB41-10.jpg. Error: Not Found
07-27-2021 @ 05:14:05 - Image URL:https://inspiry.co.nz/wp-content/uploads/2021/Salamander/SAL-CSRAGB41-11.jpg
07-27-2021 @ 05:14:06 - URL:https://inspiry.co.nz/wp-content/uploads/2021/Salamander/SAL-CSRAGB41-11.jpg Reason:Error getting remote image https://inspiry.co.nz/wp-content/uploads/2021/Salamander/SAL-CSRAGB41-11.jpg. Error: Not Found
07-27-2021 @ 05:14:06 - Image URL:https://inspiry.co.nz/wp-content/uploads/2021/Salamander/SAL-CSRAGB41-12.jpg
07-27-2021 @ 05:14:08 - URL:https://inspiry.co.nz/wp-content/uploads/2021/Salamander/SAL-CSRAGB41-12.jpg Reason:Error getting remote image https://inspiry.co.nz/wp-content/uploads/2021/Salamander/SAL-CSRAGB41-12.jpg. Error: Not Found
07-27-2021 @ 05:14:08 - Image URL:https://inspiry.co.nz/wp-content/uploads/2021/Salamander/SAL-CSRAGB41-13.jpg
07-27-2021 @ 05:14:09 - URL:https://inspiry.co.nz/wp-content/uploads/2021/Salamander/SAL-CSRAGB41-13.jpg Reason:Error getting remote image https://inspiry.co.nz/wp-content/uploads/2021/Salamander/SAL-CSRAGB41-13.jpg. Error: Not Found
07-27-2021 @ 05:14:09 - Image URL:https://inspiry.co.nz/wp-content/uploads/2021/Salamander/SAL-CSRAGB41-14.jpg
07-27-2021 @ 05:14:10 - URL:https://inspiry.co.nz/wp-content/uploads/2021/Salamander/SAL-CSRAGB41-14.jpg Reason:Error getting remote image https://inspiry.co.nz/wp-content/uploads/2021/Salamander/SAL-CSRAGB41-14.jpg. Error: Not Found
07-27-2021 @ 05:14:10 - Image URL:https://inspiry.co.nz/wp-content/uploads/2021/Salamander/SAL-CSRAGB41-15.jpg
07-27-2021 @ 05:14:12 - URL:https://inspiry.co.nz/wp-content/uploads/2021/Salamander/SAL-CSRAGB41-15.jpg Reason:Error getting remote image https://inspiry.co.nz/wp-content/uploads/2021/Salamander/SAL-CSRAGB41-15.jpg. Error: Not Found
07-27-2021 @ 05:14:12 - Image URL:https://inspiry.co.nz/wp-content/uploads/2021/Salamander/SAL-CSRAGB41-16.jpg
07-27-2021 @ 05:14:13 - URL:https://inspiry.co.nz/wp-content/uploads/2021/Salamander/SAL-CSRAGB41-16.jpg Reason:Error getting remote image https://inspiry.co.nz/wp-content/uploads/2021/Salamander/SAL-CSRAGB41-16.jpg. Error: Not Found
07-27-2021 @ 05:14:13 - Image URL:https://inspiry.co.nz/wp-content/uploads/2021/Salamander/SAL-CSRAGB41-17.jpg
07-27-2021 @ 05:14:14 - URL:https://inspiry.co.nz/wp-content/uploads/2021/Salamander/SAL-CSRAGB41-17.jpg Reason:Error getting remote image https://inspiry.co.nz/wp-content/uploads/2021/Salamander/SAL-CSRAGB41-17.jpg. Error: Not Found
07-27-2021 @ 05:14:14 - Image URL:https://inspiry.co.nz/wp-content/uploads/2021/Salamander/SAL-CSRAGB41-18.jpg
07-27-2021 @ 05:14:16 - URL:https://inspiry.co.nz/wp-content/uploads/2021/Salamander/SAL-CSRAGB41-18.jpg Reason:Error getting remote image https://inspiry.co.nz/wp-content/uploads/2021/Salamander/SAL-CSRAGB41-18.jpg. Error: Not Found
07-27-2021 @ 05:14:16 - Image URL:https://inspiry.co.nz/wp-content/uploads/2021/Salamander/SAL-CSRAGB41-19.jpg
07-27-2021 @ 05:14:17 - URL:https://inspiry.co.nz/wp-content/uploads/2021/Salamander/SAL-CSRAGB41-19.jpg Reason:Error getting remote image https://inspiry.co.nz/wp-content/uploads/2021/Salamander/SAL-CSRAGB41-19.jpg. Error: Not Found
07-27-2021 @ 05:14:17 - Image URL:https://inspiry.co.nz/wp-content/uploads/2021/Salamander/SAL-CSRAGB41-20.jpg
07-27-2021 @ 05:14:18 - URL:https://inspiry.co.nz/wp-content/uploads/2021/Salamander/SAL-CSRAGB41-20.jpg Reason:Error getting remote image https://inspiry.co.nz/wp-content/uploads/2021/Salamander/SAL-CSRAGB41-20.jpg. Error: Not Found
07-27-2021 @ 05:14:19 - Row :5 - Product updated successfully.
07-27-2021 @ 05:14:19 - Row :6 - Parsing item.
07-27-2021 @ 05:14:19 - Row :6 - Processing item.
07-27-2021 @ 05:14:19 - Found simple product object. ID:450583
07-27-2021 @ 05:14:19 - Setting Featured Image. URL:https://inspiry.co.nz/wp-content/uploads/2021/Salamander/SAL-CSRAGB51.jpg
07-27-2021 @ 05:14:19 - Attachment ID:450652
07-27-2021 @ 05:14:19 - Setting Gallery Images.
07-27-2021 @ 05:14:19 - Image URL:https://inspiry.co.nz/wp-content/uploads/2021/Salamander/SAL-CSRAGB51-1.jpg
07-27-2021 @ 05:14:20 - URL:https://inspiry.co.nz/wp-content/uploads/2021/Salamander/SAL-CSRAGB51-1.jpg Reason:Error getting remote image https://inspiry.co.nz/wp-content/uploads/2021/Salamander/SAL-CSRAGB51-1.jpg. Error: Not Found
07-27-2021 @ 05:14:20 - Image URL:https://inspiry.co.nz/wp-content/uploads/2021/Salamander/SAL-CSRAGB51-2.jpg
07-27-2021 @ 05:14:22 - URL:https://inspiry.co.nz/wp-content/uploads/2021/Salamander/SAL-CSRAGB51-2.jpg Reason:Error getting remote image https://inspiry.co.nz/wp-content/uploads/2021/Salamander/SAL-CSRAGB51-2.jpg. Error: Not Found
07-27-2021 @ 05:14:22 - Image URL:https://inspiry.co.nz/wp-content/uploads/2021/Salamander/SAL-CSRAGB51-3.jpg
07-27-2021 @ 05:14:23 - URL:https://inspiry.co.nz/wp-content/uploads/2021/Salamander/SAL-CSRAGB51-3.jpg Reason:Error getting remote image https://inspiry.co.nz/wp-content/uploads/2021/Salamander/SAL-CSRAGB51-3.jpg. Error: Not Found
07-27-2021 @ 05:14:23 - Image URL:https://inspiry.co.nz/wp-content/uploads/2021/Salamander/SAL-CSRAGB51-4.jpg
07-27-2021 @ 05:14:25 - URL:https://inspiry.co.nz/wp-content/uploads/2021/Salamander/SAL-CSRAGB51-4.jpg Reason:Error getting remote image https://inspiry.co.nz/wp-content/uploads/2021/Salamander/SAL-CSRAGB51-4.jpg. Error: Not Found
07-27-2021 @ 05:14:25 - Image URL:https://inspiry.co.nz/wp-content/uploads/2021/Salamander/SAL-CSRAGB51-5.jpg
07-27-2021 @ 05:14:26 - URL:https://inspiry.co.nz/wp-content/uploads/2021/Salamander/SAL-CSRAGB51-5.jpg Reason:Error getting remote image https://inspiry.co.nz/wp-content/uploads/2021/Salamander/SAL-CSRAGB51-5.jpg. Error: Not Found
07-27-2021 @ 05:14:26 - Image URL:https://inspiry.co.nz/wp-content/uploads/2021/Salamander/SAL-CSRAGB51-6.jpg
07-27-2021 @ 05:14:27 - URL:https://inspiry.co.nz/wp-content/uploads/2021/Salamander/SAL-CSRAGB51-6.jpg Reason:Error getting remote image https://inspiry.co.nz/wp-content/uploads/2021/Salamander/SAL-CSRAGB51-6.jpg. Error: Not Found
07-27-2021 @ 05:14:27 - Image URL:https://inspiry.co.nz/wp-content/uploads/2021/Salamander/SAL-CSRAGB51-7.jpg
07-27-2021 @ 05:14:29 - URL:https://inspiry.co.nz/wp-content/uploads/2021/Salamander/SAL-CSRAGB51-7.jpg Reason:Error getting remote image https://inspiry.co.nz/wp-content/uploads/2021/Salamander/SAL-CSRAGB51-7.jpg. Error: Not Found
07-27-2021 @ 05:14:29 - Image URL:https://inspiry.co.nz/wp-content/uploads/2021/Salamander/SAL-CSRAGB51-8.jpg
07-27-2021 @ 05:14:30 - URL:https://inspiry.co.nz/wp-content/uploads/2021/Salamander/SAL-CSRAGB51-8.jpg Reason:Error getting remote image https://inspiry.co.nz/wp-content/uploads/2021/Salamander/SAL-CSRAGB51-8.jpg. Error: Not Found
07-27-2021 @ 05:14:30 - Image URL:https://inspiry.co.nz/wp-content/uploads/2021/Salamander/SAL-CSRAGB51-9.jpg
07-27-2021 @ 05:14:31 - URL:https://inspiry.co.nz/wp-content/uploads/2021/Salamander/SAL-CSRAGB51-9.jpg Reason:Error getting remote image https://inspiry.co.nz/wp-content/uploads/2021/Salamander/SAL-CSRAGB51-9.jpg. Error: Not Found
07-27-2021 @ 05:14:31 - Image URL:https://inspiry.co.nz/wp-content/uploads/2021/Salamander/SAL-CSRAGB51-10.jpg
07-27-2021 @ 05:14:32 - URL:https://inspiry.co.nz/wp-content/uploads/2021/Salamander/SAL-CSRAGB51-10.jpg Reason:Error getting remote image https://inspiry.co.nz/wp-content/uploads/2021/Salamander/SAL-CSRAGB51-10.jpg. Error: Not Found
07-27-2021 @ 05:14:32 - Image URL:https://inspiry.co.nz/wp-content/uploads/2021/Salamander/SAL-CSRAGB51-11.jpg
07-27-2021 @ 05:14:34 - URL:https://inspiry.co.nz/wp-content/uploads/2021/Salamander/SAL-CSRAGB51-11.jpg Reason:Error getting remote image https://inspiry.co.nz/wp-content/uploads/2021/Salamander/SAL-CSRAGB51-11.jpg. Error: Not Found
07-27-2021 @ 05:14:34 - Image URL:https://inspiry.co.nz/wp-content/uploads/2021/Salamander/SAL-CSRAGB51-12.jpg
07-27-2021 @ 05:14:35 - URL:https://inspiry.co.nz/wp-content/uploads/2021/Salamander/SAL-CSRAGB51-12.jpg Reason:Error getting remote image https://inspiry.co.nz/wp-content/uploads/2021/Salamander/SAL-CSRAGB51-12.jpg. Error: Not Found
07-27-2021 @ 05:14:35 - Image URL:https://inspiry.co.nz/wp-content/uploads/2021/Salamander/SAL-CSRAGB51-13.jpg
07-27-2021 @ 05:14:36 - URL:https://inspiry.co.nz/wp-content/uploads/2021/Salamander/SAL-CSRAGB51-13.jpg Reason:Error getting remote image https://inspiry.co.nz/wp-content/uploads/2021/Salamander/SAL-CSRAGB51-13.jpg. Error: Not Found
07-27-2021 @ 05:14:36 - Image URL:https://inspiry.co.nz/wp-content/uploads/2021/Salamander/SAL-CSRAGB51-14.jpg
07-27-2021 @ 05:14:37 - URL:https://inspiry.co.nz/wp-content/uploads/2021/Salamander/SAL-CSRAGB51-14.jpg Reason:Error getting remote image https://inspiry.co.nz/wp-content/uploads/2021/Salamander/SAL-CSRAGB51-14.jpg. Error: Not Found
07-27-2021 @ 05:14:37 - Image URL:https://inspiry.co.nz/wp-content/uploads/2021/Salamander/SAL-CSRAGB51-15.jpg
07-27-2021 @ 05:14:39 - URL:https://inspiry.co.nz/wp-content/uploads/2021/Salamander/SAL-CSRAGB51-15.jpg Reason:Error getting remote image https://inspiry.co.nz/wp-content/uploads/2021/Salamander/SAL-CSRAGB51-15.jpg. Error: Not Found
07-27-2021 @ 05:14:39 - Image URL:https://inspiry.co.nz/wp-content/uploads/2021/Salamander/SAL-CSRAGB51-16.jpg
07-27-2021 @ 05:14:40 - URL:https://inspiry.co.nz/wp-content/uploads/2021/Salamander/SAL-CSRAGB51-16.jpg Reason:Error getting remote image https://inspiry.co.nz/wp-content/uploads/2021/Salamander/SAL-CSRAGB51-16.jpg. Error: Not Found
07-27-2021 @ 05:14:40 - Image URL:https://inspiry.co.nz/wp-content/uploads/2021/Salamander/SAL-CSRAGB51-17.jpg
07-27-2021 @ 05:14:41 - URL:https://inspiry.co.nz/wp-content/uploads/2021/Salamander/SAL-CSRAGB51-17.jpg Reason:Error getting remote image https://inspiry.co.nz/wp-content/uploads/2021/Salamander/SAL-CSRAGB51-17.jpg. Error: Not Found
07-27-2021 @ 05:14:41 - Image URL:https://inspiry.co.nz/wp-content/uploads/2021/Salamander/SAL-CSRAGB51-18.jpg
07-27-2021 @ 05:14:42 - URL:https://inspiry.co.nz/wp-content/uploads/2021/Salamander/SAL-CSRAGB51-18.jpg Reason:Error getting remote image https://inspiry.co.nz/wp-content/uploads/2021/Salamander/SAL-CSRAGB51-18.jpg. Error: Not Found
07-27-2021 @ 05:14:42 - Image URL:https://inspiry.co.nz/wp-content/uploads/2021/Salamander/SAL-CSRAGB51-19.jpg
07-27-2021 @ 05:14:44 - URL:https://inspiry.co.nz/wp-content/uploads/2021/Salamander/SAL-CSRAGB51-19.jpg Reason:Error getting remote image https://inspiry.co.nz/wp-content/uploads/2021/Salamander/SAL-CSRAGB51-19.jpg. Error: Not Found
07-27-2021 @ 05:14:44 - Image URL:https://inspiry.co.nz/wp-content/uploads/2021/Salamander/SAL-CSRAGB51-20.jpg
07-27-2021 @ 05:14:45 - URL:https://inspiry.co.nz/wp-content/uploads/2021/Salamander/SAL-CSRAGB51-20.jpg Reason:Error getting remote image https://inspiry.co.nz/wp-content/uploads/2021/Salamander/SAL-CSRAGB51-20.jpg. Error: Not Found
07-27-2021 @ 05:14:46 - Row :6 - Product updated successfully.
07-27-2021 @ 05:14:46 - Row :7 - Parsing item.
07-27-2021 @ 05:14:46 - Row :7 - Processing item.
07-27-2021 @ 05:14:46 - Found simple product object. ID:450584
07-27-2021 @ 05:14:46 - Setting Featured Image. URL:https://inspiry.co.nz/wp-content/uploads/2021/Salamander/SAL-CSRAGB61.jpg
07-27-2021 @ 05:14:46 - Attachment ID:450653
07-27-2021 @ 05:14:46 - Setting Gallery Images.
07-27-2021 @ 05:14:46 - Image URL:https://inspiry.co.nz/wp-content/uploads/2021/Salamander/SAL-CSRAGB61-1.jpg
07-27-2021 @ 05:14:47 - URL:https://inspiry.co.nz/wp-content/uploads/2021/Salamander/SAL-CSRAGB61-1.jpg Reason:Error getting remote image https://inspiry.co.nz/wp-content/uploads/2021/Salamander/SAL-CSRAGB61-1.jpg. Error: Not Found
07-27-2021 @ 05:14:47 - Image URL:https://inspiry.co.nz/wp-content/uploads/2021/Salamander/SAL-CSRAGB61-2.jpg
07-27-2021 @ 05:14:48 - URL:https://inspiry.co.nz/wp-content/uploads/2021/Salamander/SAL-CSRAGB61-2.jpg Reason:Error getting remote image https://inspiry.co.nz/wp-content/uploads/2021/Salamander/SAL-CSRAGB61-2.jpg. Error: Not Found
07-27-2021 @ 05:14:48 - Image URL:https://inspiry.co.nz/wp-content/uploads/2021/Salamander/SAL-CSRAGB61-3.jpg
07-27-2021 @ 05:14:50 - URL:https://inspiry.co.nz/wp-content/uploads/2021/Salamander/SAL-CSRAGB61-3.jpg Reason:Error getting remote image https://inspiry.co.nz/wp-content/uploads/2021/Salamander/SAL-CSRAGB61-3.jpg. Error: Not Found
07-27-2021 @ 05:14:50 - Image URL:https://inspiry.co.nz/wp-content/uploads/2021/Salamander/SAL-CSRAGB61-4.jpg
07-27-2021 @ 05:14:51 - URL:https://inspiry.co.nz/wp-content/uploads/2021/Salamander/SAL-CSRAGB61-4.jpg Reason:Error getting remote image https://inspiry.co.nz/wp-content/uploads/2021/Salamander/SAL-CSRAGB61-4.jpg. Error: Not Found
07-27-2021 @ 05:14:51 - Image URL:https://inspiry.co.nz/wp-content/uploads/2021/Salamander/SAL-CSRAGB61-5.jpg
07-27-2021 @ 05:14:52 - URL:https://inspiry.co.nz/wp-content/uploads/2021/Salamander/SAL-CSRAGB61-5.jpg Reason:Error getting remote image https://inspiry.co.nz/wp-content/uploads/2021/Salamander/SAL-CSRAGB61-5.jpg. Error: Not Found
07-27-2021 @ 05:14:52 - Image URL:https://inspiry.co.nz/wp-content/uploads/2021/Salamander/SAL-CSRAGB61-6.jpg
07-27-2021 @ 05:14:54 - URL:https://inspiry.co.nz/wp-content/uploads/2021/Salamander/SAL-CSRAGB61-6.jpg Reason:Error getting remote image https://inspiry.co.nz/wp-content/uploads/2021/Salamander/SAL-CSRAGB61-6.jpg. Error: Not Found
07-27-2021 @ 05:14:54 - Image URL:https://inspiry.co.nz/wp-content/uploads/2021/Salamander/SAL-CSRAGB61-7.jpg
07-27-2021 @ 05:14:55 - URL:https://inspiry.co.nz/wp-content/uploads/2021/Salamander/SAL-CSRAGB61-7.jpg Reason:Error getting remote image https://inspiry.co.nz/wp-content/uploads/2021/Salamander/SAL-CSRAGB61-7.jpg. Error: Not Found
07-27-2021 @ 05:14:55 - Image URL:https://inspiry.co.nz/wp-content/uploads/2021/Salamander/SAL-CSRAGB61-8.jpg
07-27-2021 @ 05:14:57 - URL:https://inspiry.co.nz/wp-content/uploads/2021/Salamander/SAL-CSRAGB61-8.jpg Reason:Error getting remote image https://inspiry.co.nz/wp-content/uploads/2021/Salamander/SAL-CSRAGB61-8.jpg. Error: Not Found
07-27-2021 @ 05:14:57 - Image URL:https://inspiry.co.nz/wp-content/uploads/2021/Salamander/SAL-CSRAGB61-9.jpg
07-27-2021 @ 05:14:58 - URL:https://inspiry.co.nz/wp-content/uploads/2021/Salamander/SAL-CSRAGB61-9.jpg Reason:Error getting remote image https://inspiry.co.nz/wp-content/uploads/2021/Salamander/SAL-CSRAGB61-9.jpg. Error: Not Found
07-27-2021 @ 05:14:58 - Image URL:https://inspiry.co.nz/wp-content/uploads/2021/Salamander/SAL-CSRAGB61-10.jpg
07-27-2021 @ 05:14:59 - URL:https://inspiry.co.nz/wp-content/uploads/2021/Salamander/SAL-CSRAGB61-10.jpg Reason:Error getting remote image https://inspiry.co.nz/wp-content/uploads/2021/Salamander/SAL-CSRAGB61-10.jpg. Error: Not Found
07-27-2021 @ 05:14:59 - Image URL:https://inspiry.co.nz/wp-content/uploads/2021/Salamander/SAL-CSRAGB61-11.jpg
07-27-2021 @ 05:15:01 - URL:https://inspiry.co.nz/wp-content/uploads/2021/Salamander/SAL-CSRAGB61-11.jpg Reason:Error getting remote image https://inspiry.co.nz/wp-content/uploads/2021/Salamander/SAL-CSRAGB61-11.jpg. Error: Not Found
07-27-2021 @ 05:15:01 - Image URL:https://inspiry.co.nz/wp-content/uploads/2021/Salamander/SAL-CSRAGB61-12.jpg
07-27-2021 @ 05:15:02 - URL:https://inspiry.co.nz/wp-content/uploads/2021/Salamander/SAL-CSRAGB61-12.jpg Reason:Error getting remote image https://inspiry.co.nz/wp-content/uploads/2021/Salamander/SAL-CSRAGB61-12.jpg. Error: Not Found
07-27-2021 @ 05:15:02 - Image URL:https://inspiry.co.nz/wp-content/uploads/2021/Salamander/SAL-CSRAGB61-13.jpg
07-27-2021 @ 05:15:04 - URL:https://inspiry.co.nz/wp-content/uploads/2021/Salamander/SAL-CSRAGB61-13.jpg Reason:Error getting remote image https://inspiry.co.nz/wp-content/uploads/2021/Salamander/SAL-CSRAGB61-13.jpg. Error: Not Found
07-27-2021 @ 05:15:04 - Image URL:https://inspiry.co.nz/wp-content/uploads/2021/Salamander/SAL-CSRAGB61-14.jpg
07-27-2021 @ 05:15:05 - URL:https://inspiry.co.nz/wp-content/uploads/2021/Salamander/SAL-CSRAGB61-14.jpg Reason:Error getting remote image https://inspiry.co.nz/wp-content/uploads/2021/Salamander/SAL-CSRAGB61-14.jpg. Error: Not Found
07-27-2021 @ 05:15:05 - Image URL:https://inspiry.co.nz/wp-content/uploads/2021/Salamander/SAL-CSRAGB61-15.jpg
07-27-2021 @ 05:15:06 - URL:https://inspiry.co.nz/wp-content/uploads/2021/Salamander/SAL-CSRAGB61-15.jpg Reason:Error getting remote image https://inspiry.co.nz/wp-content/uploads/2021/Salamander/SAL-CSRAGB61-15.jpg. Error: Not Found
07-27-2021 @ 05:15:06 - Image URL:https://inspiry.co.nz/wp-content/uploads/2021/Salamander/SAL-CSRAGB61-16.jpg
07-27-2021 @ 05:15:08 - URL:https://inspiry.co.nz/wp-content/uploads/2021/Salamander/SAL-CSRAGB61-16.jpg Reason:Error getting remote image https://inspiry.co.nz/wp-content/uploads/2021/Salamander/SAL-CSRAGB61-16.jpg. Error: Not Found
07-27-2021 @ 05:15:08 - Image URL:https://inspiry.co.nz/wp-content/uploads/2021/Salamander/SAL-CSRAGB61-17.jpg
07-27-2021 @ 05:15:09 - URL:https://inspiry.co.nz/wp-content/uploads/2021/Salamander/SAL-CSRAGB61-17.jpg Reason:Error getting remote image https://inspiry.co.nz/wp-content/uploads/2021/Salamander/SAL-CSRAGB61-17.jpg. Error: Not Found
07-27-2021 @ 05:15:09 - Image URL:https://inspiry.co.nz/wp-content/uploads/2021/Salamander/SAL-CSRAGB61-18.jpg
07-27-2021 @ 05:15:11 - URL:https://inspiry.co.nz/wp-content/uploads/2021/Salamander/SAL-CSRAGB61-18.jpg Reason:Error getting remote image https://inspiry.co.nz/wp-content/uploads/2021/Salamander/SAL-CSRAGB61-18.jpg. Error: Not Found
07-27-2021 @ 05:15:11 - Image URL:https://inspiry.co.nz/wp-content/uploads/2021/Salamander/SAL-CSRAGB61-19.jpg
07-27-2021 @ 05:15:12 - URL:https://inspiry.co.nz/wp-content/uploads/2021/Salamander/SAL-CSRAGB61-19.jpg Reason:Error getting remote image https://inspiry.co.nz/wp-content/uploads/2021/Salamander/SAL-CSRAGB61-19.jpg. Error: Not Found
07-27-2021 @ 05:15:12 - Image URL:https://inspiry.co.nz/wp-content/uploads/2021/Salamander/SAL-CSRAGB61-20.jpg
07-27-2021 @ 05:15:14 - URL:https://inspiry.co.nz/wp-content/uploads/2021/Salamander/SAL-CSRAGB61-20.jpg Reason:Error getting remote image https://inspiry.co.nz/wp-content/uploads/2021/Salamander/SAL-CSRAGB61-20.jpg. Error: Not Found
07-27-2021 @ 05:15:14 - Row :7 - Product updated successfully.
07-27-2021 @ 05:15:14 - Row :8 - Parsing item.
07-27-2021 @ 05:15:14 - Row :8 - Processing item.
07-27-2021 @ 05:15:14 - Found simple product object. ID:450585
07-27-2021 @ 05:15:14 - Setting Featured Image. URL:https://inspiry.co.nz/wp-content/uploads/2021/Salamander/SAL-CSRAGB01.jpg
07-27-2021 @ 05:15:14 - Attachment ID:450654
07-27-2021 @ 05:15:14 - Setting Gallery Images.
07-27-2021 @ 05:15:14 - Image URL:https://inspiry.co.nz/wp-content/uploads/2021/Salamander/SAL-CSRAGB01-1.jpg
07-27-2021 @ 05:15:16 - URL:https://inspiry.co.nz/wp-content/uploads/2021/Salamander/SAL-CSRAGB01-1.jpg Reason:Error getting remote image https://inspiry.co.nz/wp-content/uploads/2021/Salamander/SAL-CSRAGB01-1.jpg. Error: Not Found
07-27-2021 @ 05:15:16 - Image URL:https://inspiry.co.nz/wp-content/uploads/2021/Salamander/SAL-CSRAGB01-2.jpg
07-27-2021 @ 05:15:17 - URL:https://inspiry.co.nz/wp-content/uploads/2021/Salamander/SAL-CSRAGB01-2.jpg Reason:Error getting remote image https://inspiry.co.nz/wp-content/uploads/2021/Salamander/SAL-CSRAGB01-2.jpg. Error: Not Found
07-27-2021 @ 05:15:17 - Image URL:https://inspiry.co.nz/wp-content/uploads/2021/Salamander/SAL-CSRAGB01-3.jpg
07-27-2021 @ 05:15:18 - URL:https://inspiry.co.nz/wp-content/uploads/2021/Salamander/SAL-CSRAGB01-3.jpg Reason:Error getting remote image https://inspiry.co.nz/wp-content/uploads/2021/Salamander/SAL-CSRAGB01-3.jpg. Error: Not Found
07-27-2021 @ 05:15:18 - Image URL:https://inspiry.co.nz/wp-content/uploads/2021/Salamander/SAL-CSRAGB01-4.jpg
07-27-2021 @ 05:15:20 - URL:https://inspiry.co.nz/wp-content/uploads/2021/Salamander/SAL-CSRAGB01-4.jpg Reason:Error getting remote image https://inspiry.co.nz/wp-content/uploads/2021/Salamander/SAL-CSRAGB01-4.jpg. Error: Not Found
07-27-2021 @ 05:15:20 - Image URL:https://inspiry.co.nz/wp-content/uploads/2021/Salamander/SAL-CSRAGB01-5.jpg
07-27-2021 @ 05:15:21 - URL:https://inspiry.co.nz/wp-content/uploads/2021/Salamander/SAL-CSRAGB01-5.jpg Reason:Error getting remote image https://inspiry.co.nz/wp-content/uploads/2021/Salamander/SAL-CSRAGB01-5.jpg. Error: Not Found
07-27-2021 @ 05:15:21 - Image URL:https://inspiry.co.nz/wp-content/uploads/2021/Salamander/SAL-CSRAGB01-6.jpg
07-27-2021 @ 05:15:22 - URL:https://inspiry.co.nz/wp-content/uploads/2021/Salamander/SAL-CSRAGB01-6.jpg Reason:Error getting remote image https://inspiry.co.nz/wp-content/uploads/2021/Salamander/SAL-CSRAGB01-6.jpg. Error: Not Found
07-27-2021 @ 05:15:22 - Image URL:https://inspiry.co.nz/wp-content/uploads/2021/Salamander/SAL-CSRAGB01-7.jpg
07-27-2021 @ 05:15:24 - URL:https://inspiry.co.nz/wp-content/uploads/2021/Salamander/SAL-CSRAGB01-7.jpg Reason:Error getting remote image https://inspiry.co.nz/wp-content/uploads/2021/Salamander/SAL-CSRAGB01-7.jpg. Error: Not Found
07-27-2021 @ 05:15:24 - Image URL:https://inspiry.co.nz/wp-content/uploads/2021/Salamander/SAL-CSRAGB01-8.jpg
07-27-2021 @ 05:15:25 - URL:https://inspiry.co.nz/wp-content/uploads/2021/Salamander/SAL-CSRAGB01-8.jpg Reason:Error getting remote image https://inspiry.co.nz/wp-content/uploads/2021/Salamander/SAL-CSRAGB01-8.jpg. Error: Not Found
07-27-2021 @ 05:15:25 - Image URL:https://inspiry.co.nz/wp-content/uploads/2021/Salamander/SAL-CSRAGB01-9.jpg
07-27-2021 @ 05:15:26 - URL:https://inspiry.co.nz/wp-content/uploads/2021/Salamander/SAL-CSRAGB01-9.jpg Reason:Error getting remote image https://inspiry.co.nz/wp-content/uploads/2021/Salamander/SAL-CSRAGB01-9.jpg. Error: Not Found
07-27-2021 @ 05:15:26 - Image URL:https://inspiry.co.nz/wp-content/uploads/2021/Salamander/SAL-CSRAGB01-10.jpg
07-27-2021 @ 05:15:27 - URL:https://inspiry.co.nz/wp-content/uploads/2021/Salamander/SAL-CSRAGB01-10.jpg Reason:Error getting remote image https://inspiry.co.nz/wp-content/uploads/2021/Salamander/SAL-CSRAGB01-10.jpg. Error: Not Found
07-27-2021 @ 05:15:27 - Image URL:https://inspiry.co.nz/wp-content/uploads/2021/Salamander/SAL-CSRAGB01-11.jpg
07-27-2021 @ 05:15:29 - URL:https://inspiry.co.nz/wp-content/uploads/2021/Salamander/SAL-CSRAGB01-11.jpg Reason:Error getting remote image https://inspiry.co.nz/wp-content/uploads/2021/Salamander/SAL-CSRAGB01-11.jpg. Error: Not Found
07-27-2021 @ 05:15:29 - Image URL:https://inspiry.co.nz/wp-content/uploads/2021/Salamander/SAL-CSRAGB01-12.jpg
07-27-2021 @ 05:15:30 - URL:https://inspiry.co.nz/wp-content/uploads/2021/Salamander/SAL-CSRAGB01-12.jpg Reason:Error getting remote image https://inspiry.co.nz/wp-content/uploads/2021/Salamander/SAL-CSRAGB01-12.jpg. Error: Not Found
07-27-2021 @ 05:15:30 - Image URL:https://inspiry.co.nz/wp-content/uploads/2021/Salamander/SAL-CSRAGB01-13.jpg
07-27-2021 @ 05:15:32 - URL:https://inspiry.co.nz/wp-content/uploads/2021/Salamander/SAL-CSRAGB01-13.jpg Reason:Error getting remote image https://inspiry.co.nz/wp-content/uploads/2021/Salamander/SAL-CSRAGB01-13.jpg. Error: Not Found
07-27-2021 @ 05:15:32 - Image URL:https://inspiry.co.nz/wp-content/uploads/2021/Salamander/SAL-CSRAGB01-14.jpg
07-27-2021 @ 05:15:33 - URL:https://inspiry.co.nz/wp-content/uploads/2021/Salamander/SAL-CSRAGB01-14.jpg Reason:Error getting remote image https://inspiry.co.nz/wp-content/uploads/2021/Salamander/SAL-CSRAGB01-14.jpg. Error: Not Found
07-27-2021 @ 05:15:33 - Image URL:https://inspiry.co.nz/wp-content/uploads/2021/Salamander/SAL-CSRAGB01-15.jpg
07-27-2021 @ 05:15:35 - URL:https://inspiry.co.nz/wp-content/uploads/2021/Salamander/SAL-CSRAGB01-15.jpg Reason:Error getting remote image https://inspiry.co.nz/wp-content/uploads/2021/Salamander/SAL-CSRAGB01-15.jpg. Error: Not Found
07-27-2021 @ 05:15:35 - Image URL:https://inspiry.co.nz/wp-content/uploads/2021/Salamander/SAL-CSRAGB01-16.jpg
07-27-2021 @ 05:15:36 - URL:https://inspiry.co.nz/wp-content/uploads/2021/Salamander/SAL-CSRAGB01-16.jpg Reason:Error getting remote image https://inspiry.co.nz/wp-content/uploads/2021/Salamander/SAL-CSRAGB01-16.jpg. Error: Not Found
07-27-2021 @ 05:15:36 - Image URL:https://inspiry.co.nz/wp-content/uploads/2021/Salamander/SAL-CSRAGB01-17.jpg
07-27-2021 @ 05:15:38 - URL:https://inspiry.co.nz/wp-content/uploads/2021/Salamander/SAL-CSRAGB01-17.jpg Reason:Error getting remote image https://inspiry.co.nz/wp-content/uploads/2021/Salamander/SAL-CSRAGB01-17.jpg. Error: Not Found
07-27-2021 @ 05:15:38 - Image URL:https://inspiry.co.nz/wp-content/uploads/2021/Salamander/SAL-CSRAGB01-18.jpg
07-27-2021 @ 05:15:39 - URL:https://inspiry.co.nz/wp-content/uploads/2021/Salamander/SAL-CSRAGB01-18.jpg Reason:Error getting remote image https://inspiry.co.nz/wp-content/uploads/2021/Salamander/SAL-CSRAGB01-18.jpg. Error: Not Found
07-27-2021 @ 05:15:39 - Image URL:https://inspiry.co.nz/wp-content/uploads/2021/Salamander/SAL-CSRAGB01-19.jpg
07-27-2021 @ 05:15:41 - URL:https://inspiry.co.nz/wp-content/uploads/2021/Salamander/SAL-CSRAGB01-19.jpg Reason:Error getting remote image https://inspiry.co.nz/wp-content/uploads/2021/Salamander/SAL-CSRAGB01-19.jpg. Error: Not Found
07-27-2021 @ 05:15:41 - Image URL:https://inspiry.co.nz/wp-content/uploads/2021/Salamander/SAL-CSRAGB01-20.jpg
07-27-2021 @ 05:15:42 - URL:https://inspiry.co.nz/wp-content/uploads/2021/Salamander/SAL-CSRAGB01-20.jpg Reason:Error getting remote image https://inspiry.co.nz/wp-content/uploads/2021/Salamander/SAL-CSRAGB01-20.jpg. Error: Not Found
07-27-2021 @ 05:15:42 - Row :8 - Product updated successfully.
07-27-2021 @ 05:15:42 - Row :9 - Parsing item.
07-27-2021 @ 05:15:42 - Row :9 - Processing item.
07-27-2021 @ 05:15:42 - Found simple product object. ID:450586
07-27-2021 @ 05:15:42 - Setting Featured Image. URL:https://inspiry.co.nz/wp-content/uploads/2021/Salamander/SAL-CSRAGB01HB.jpg
07-27-2021 @ 05:15:43 - Attachment ID:450655
07-27-2021 @ 05:15:43 - Setting Gallery Images.
07-27-2021 @ 05:15:43 - Image URL:https://inspiry.co.nz/wp-content/uploads/2021/Salamander/SAL-CSRAGB01HB-1.jpg
07-27-2021 @ 05:15:44 - URL:https://inspiry.co.nz/wp-content/uploads/2021/Salamander/SAL-CSRAGB01HB-1.jpg Reason:Error getting remote image https://inspiry.co.nz/wp-content/uploads/2021/Salamander/SAL-CSRAGB01HB-1.jpg. Error: Not Found
07-27-2021 @ 05:15:44 - Image URL:https://inspiry.co.nz/wp-content/uploads/2021/Salamander/SAL-CSRAGB01HB-2.jpg
07-27-2021 @ 05:15:45 - URL:https://inspiry.co.nz/wp-content/uploads/2021/Salamander/SAL-CSRAGB01HB-2.jpg Reason:Error getting remote image https://inspiry.co.nz/wp-content/uploads/2021/Salamander/SAL-CSRAGB01HB-2.jpg. Error: Not Found
07-27-2021 @ 05:15:45 - Image URL:https://inspiry.co.nz/wp-content/uploads/2021/Salamander/SAL-CSRAGB01HB-3.jpg
07-27-2021 @ 05:15:47 - URL:https://inspiry.co.nz/wp-content/uploads/2021/Salamander/SAL-CSRAGB01HB-3.jpg Reason:Error getting remote image https://inspiry.co.nz/wp-content/uploads/2021/Salamander/SAL-CSRAGB01HB-3.jpg. Error: Not Found
07-27-2021 @ 05:15:47 - Image URL:https://inspiry.co.nz/wp-content/uploads/2021/Salamander/SAL-CSRAGB01HB-4.jpg
07-27-2021 @ 05:15:48 - URL:https://inspiry.co.nz/wp-content/uploads/2021/Salamander/SAL-CSRAGB01HB-4.jpg Reason:Error getting remote image https://inspiry.co.nz/wp-content/uploads/2021/Salamander/SAL-CSRAGB01HB-4.jpg. Error: Not Found
07-27-2021 @ 05:15:48 - Image URL:https://inspiry.co.nz/wp-content/uploads/2021/Salamander/SAL-CSRAGB01HB-5.jpg
07-27-2021 @ 05:15:49 - URL:https://inspiry.co.nz/wp-content/uploads/2021/Salamander/SAL-CSRAGB01HB-5.jpg Reason:Error getting remote image https://inspiry.co.nz/wp-content/uploads/2021/Salamander/SAL-CSRAGB01HB-5.jpg. Error: Not Found
07-27-2021 @ 05:15:49 - Image URL:https://inspiry.co.nz/wp-content/uploads/2021/Salamander/SAL-CSRAGB01HB-6.jpg
07-27-2021 @ 05:15:51 - URL:https://inspiry.co.nz/wp-content/uploads/2021/Salamander/SAL-CSRAGB01HB-6.jpg Reason:Error getting remote image https://inspiry.co.nz/wp-content/uploads/2021/Salamander/SAL-CSRAGB01HB-6.jpg. Error: Not Found
07-27-2021 @ 05:15:51 - Image URL:https://inspiry.co.nz/wp-content/uploads/2021/Salamander/SAL-CSRAGB01HB-7.jpg
07-27-2021 @ 05:15:52 - URL:https://inspiry.co.nz/wp-content/uploads/2021/Salamander/SAL-CSRAGB01HB-7.jpg Reason:Error getting remote image https://inspiry.co.nz/wp-content/uploads/2021/Salamander/SAL-CSRAGB01HB-7.jpg. Error: Not Found
07-27-2021 @ 05:15:52 - Image URL:https://inspiry.co.nz/wp-content/uploads/2021/Salamander/SAL-CSRAGB01HB-8.jpg
07-27-2021 @ 05:15:53 - URL:https://inspiry.co.nz/wp-content/uploads/2021/Salamander/SAL-CSRAGB01HB-8.jpg Reason:Error getting remote image https://inspiry.co.nz/wp-content/uploads/2021/Salamander/SAL-CSRAGB01HB-8.jpg. Error: Not Found
07-27-2021 @ 05:15:53 - Image URL:https://inspiry.co.nz/wp-content/uploads/2021/Salamander/SAL-CSRAGB01HB-9.jpg
07-27-2021 @ 05:15:55 - URL:https://inspiry.co.nz/wp-content/uploads/2021/Salamander/SAL-CSRAGB01HB-9.jpg Reason:Error getting remote image https://inspiry.co.nz/wp-content/uploads/2021/Salamander/SAL-CSRAGB01HB-9.jpg. Error: Not Found
07-27-2021 @ 05:15:55 - Image URL:https://inspiry.co.nz/wp-content/uploads/2021/Salamander/SAL-CSRAGB01HB-10.jpg
07-27-2021 @ 05:15:57 - URL:https://inspiry.co.nz/wp-content/uploads/2021/Salamander/SAL-CSRAGB01HB-10.jpg Reason:Error getting remote image https://inspiry.co.nz/wp-content/uploads/2021/Salamander/SAL-CSRAGB01HB-10.jpg. Error: Not Found
07-27-2021 @ 05:15:57 - Image URL:https://inspiry.co.nz/wp-content/uploads/2021/Salamander/SAL-CSRAGB01HB-11.jpg
07-27-2021 @ 05:15:58 - URL:https://inspiry.co.nz/wp-content/uploads/2021/Salamander/SAL-CSRAGB01HB-11.jpg Reason:Error getting remote image https://inspiry.co.nz/wp-content/uploads/2021/Salamander/SAL-CSRAGB01HB-11.jpg. Error: Not Found
07-27-2021 @ 05:15:58 - Image URL:https://inspiry.co.nz/wp-content/uploads/2021/Salamander/SAL-CSRAGB01HB-12.jpg
07-27-2021 @ 05:16:00 - URL:https://inspiry.co.nz/wp-content/uploads/2021/Salamander/SAL-CSRAGB01HB-12.jpg Reason:Error getting remote image https://inspiry.co.nz/wp-content/uploads/2021/Salamander/SAL-CSRAGB01HB-12.jpg. Error: Not Found
07-27-2021 @ 05:16:00 - Image URL:https://inspiry.co.nz/wp-content/uploads/2021/Salamander/SAL-CSRAGB01HB-13.jpg
07-27-2021 @ 05:16:01 - URL:https://inspiry.co.nz/wp-content/uploads/2021/Salamander/SAL-CSRAGB01HB-13.jpg Reason:Error getting remote image https://inspiry.co.nz/wp-content/uploads/2021/Salamander/SAL-CSRAGB01HB-13.jpg. Error: Not Found
07-27-2021 @ 05:16:01 - Image URL:https://inspiry.co.nz/wp-content/uploads/2021/Salamander/SAL-CSRAGB01HB-14.jpg
07-27-2021 @ 05:16:03 - URL:https://inspiry.co.nz/wp-content/uploads/2021/Salamander/SAL-CSRAGB01HB-14.jpg Reason:Error getting remote image https://inspiry.co.nz/wp-content/uploads/2021/Salamander/SAL-CSRAGB01HB-14.jpg. Error: Not Found
07-27-2021 @ 05:16:03 - Image URL:https://inspiry.co.nz/wp-content/uploads/2021/Salamander/SAL-CSRAGB01HB-15.jpg
07-27-2021 @ 05:16:05 - URL:https://inspiry.co.nz/wp-content/uploads/2021/Salamander/SAL-CSRAGB01HB-15.jpg Reason:Error getting remote image https://inspiry.co.nz/wp-content/uploads/2021/Salamander/SAL-CSRAGB01HB-15.jpg. Error: Not Found
07-27-2021 @ 05:16:05 - Image URL:https://inspiry.co.nz/wp-content/uploads/2021/Salamander/SAL-CSRAGB01HB-16.jpg
07-27-2021 @ 05:16:06 - URL:https://inspiry.co.nz/wp-content/uploads/2021/Salamander/SAL-CSRAGB01HB-16.jpg Reason:Error getting remote image https://inspiry.co.nz/wp-content/uploads/2021/Salamander/SAL-CSRAGB01HB-16.jpg. Error: Not Found
07-27-2021 @ 05:16:06 - Image URL:https://inspiry.co.nz/wp-content/uploads/2021/Salamander/SAL-CSRAGB01HB-17.jpg
07-27-2021 @ 05:16:08 - URL:https://inspiry.co.nz/wp-content/uploads/2021/Salamander/SAL-CSRAGB01HB-17.jpg Reason:Error getting remote image https://inspiry.co.nz/wp-content/uploads/2021/Salamander/SAL-CSRAGB01HB-17.jpg. Error: Not Found
07-27-2021 @ 05:16:08 - Image URL:https://inspiry.co.nz/wp-content/uploads/2021/Salamander/SAL-CSRAGB01HB-18.jpg
07-27-2021 @ 05:16:09 - URL:https://inspiry.co.nz/wp-content/uploads/2021/Salamander/SAL-CSRAGB01HB-18.jpg Reason:Error getting remote image https://inspiry.co.nz/wp-content/uploads/2021/Salamander/SAL-CSRAGB01HB-18.jpg. Error: Not Found
07-27-2021 @ 05:16:09 - Image URL:https://inspiry.co.nz/wp-content/uploads/2021/Salamander/SAL-CSRAGB01HB-19.jpg
07-27-2021 @ 05:16:11 - URL:https://inspiry.co.nz/wp-content/uploads/2021/Salamander/SAL-CSRAGB01HB-19.jpg Reason:Error getting remote image https://inspiry.co.nz/wp-content/uploads/2021/Salamander/SAL-CSRAGB01HB-19.jpg. Error: Not Found
07-27-2021 @ 05:16:11 - Image URL:https://inspiry.co.nz/wp-content/uploads/2021/Salamander/SAL-CSRAGB01HB-20.jpg
07-27-2021 @ 05:16:12 - URL:https://inspiry.co.nz/wp-content/uploads/2021/Salamander/SAL-CSRAGB01HB-20.jpg Reason:Error getting remote image https://inspiry.co.nz/wp-content/uploads/2021/Salamander/SAL-CSRAGB01HB-20.jpg. Error: Not Found
07-27-2021 @ 05:16:12 - Row :9 - Product updated successfully.
07-27-2021 @ 05:16:12 - Row :10 - Parsing item.
07-27-2021 @ 05:16:12 - Row :10 - Processing item.
07-27-2021 @ 05:16:12 - Found simple product object. ID:450587
07-27-2021 @ 05:16:12 - Setting Featured Image. URL:https://inspiry.co.nz/wp-content/uploads/2021/Salamander/SAL-CSRAGB02HB.jpg
07-27-2021 @ 05:16:13 - Attachment ID:450656
07-27-2021 @ 05:16:13 - Setting Gallery Images.
07-27-2021 @ 05:16:13 - Image URL:https://inspiry.co.nz/wp-content/uploads/2021/Salamander/SAL-CSRAGB02HB-1.jpg
07-27-2021 @ 05:16:14 - URL:https://inspiry.co.nz/wp-content/uploads/2021/Salamander/SAL-CSRAGB02HB-1.jpg Reason:Error getting remote image https://inspiry.co.nz/wp-content/uploads/2021/Salamander/SAL-CSRAGB02HB-1.jpg. Error: Not Found
07-27-2021 @ 05:16:14 - Image URL:https://inspiry.co.nz/wp-content/uploads/2021/Salamander/SAL-CSRAGB02HB-2.jpg
07-27-2021 @ 05:16:16 - URL:https://inspiry.co.nz/wp-content/uploads/2021/Salamander/SAL-CSRAGB02HB-2.jpg Reason:Error getting remote image https://inspiry.co.nz/wp-content/uploads/2021/Salamander/SAL-CSRAGB02HB-2.jpg. Error: Not Found
07-27-2021 @ 05:16:16 - Image URL:https://inspiry.co.nz/wp-content/uploads/2021/Salamander/SAL-CSRAGB02HB-3.jpg
07-27-2021 @ 05:16:17 - URL:https://inspiry.co.nz/wp-content/uploads/2021/Salamander/SAL-CSRAGB02HB-3.jpg Reason:Error getting remote image https://inspiry.co.nz/wp-content/uploads/2021/Salamander/SAL-CSRAGB02HB-3.jpg. Error: Not Found
07-27-2021 @ 05:16:17 - Image URL:https://inspiry.co.nz/wp-content/uploads/2021/Salamander/SAL-CSRAGB02HB-4.jpg
07-27-2021 @ 05:16:19 - URL:https://inspiry.co.nz/wp-content/uploads/2021/Salamander/SAL-CSRAGB02HB-4.jpg Reason:Error getting remote image https://inspiry.co.nz/wp-content/uploads/2021/Salamander/SAL-CSRAGB02HB-4.jpg. Error: Not Found
07-27-2021 @ 05:16:19 - Image URL:https://inspiry.co.nz/wp-content/uploads/2021/Salamander/SAL-CSRAGB02HB-5.jpg
07-27-2021 @ 05:16:20 - URL:https://inspiry.co.nz/wp-content/uploads/2021/Salamander/SAL-CSRAGB02HB-5.jpg Reason:Error getting remote image https://inspiry.co.nz/wp-content/uploads/2021/Salamander/SAL-CSRAGB02HB-5.jpg. Error: Not Found
07-27-2021 @ 05:16:20 - Image URL:https://inspiry.co.nz/wp-content/uploads/2021/Salamander/SAL-CSRAGB02HB-6.jpg
07-27-2021 @ 05:16:21 - URL:https://inspiry.co.nz/wp-content/uploads/2021/Salamander/SAL-CSRAGB02HB-6.jpg Reason:Error getting remote image https://inspiry.co.nz/wp-content/uploads/2021/Salamander/SAL-CSRAGB02HB-6.jpg. Error: Not Found
07-27-2021 @ 05:16:21 - Image URL:https://inspiry.co.nz/wp-content/uploads/2021/Salamander/SAL-CSRAGB02HB-7.jpg
07-27-2021 @ 05:16:23 - URL:https://inspiry.co.nz/wp-content/uploads/2021/Salamander/SAL-CSRAGB02HB-7.jpg Reason:Error getting remote image https://inspiry.co.nz/wp-content/uploads/2021/Salamander/SAL-CSRAGB02HB-7.jpg. Error: Not Found
07-27-2021 @ 05:16:23 - Image URL:https://inspiry.co.nz/wp-content/uploads/2021/Salamander/SAL-CSRAGB02HB-8.jpg
07-27-2021 @ 05:16:24 - URL:https://inspiry.co.nz/wp-content/uploads/2021/Salamander/SAL-CSRAGB02HB-8.jpg Reason:Error getting remote image https://inspiry.co.nz/wp-content/uploads/2021/Salamander/SAL-CSRAGB02HB-8.jpg. Error: Not Found
07-27-2021 @ 05:16:24 - Image URL:https://inspiry.co.nz/wp-content/uploads/2021/Salamander/SAL-CSRAGB02HB-9.jpg
07-27-2021 @ 05:16:25 - URL:https://inspiry.co.nz/wp-content/uploads/2021/Salamander/SAL-CSRAGB02HB-9.jpg Reason:Error getting remote image https://inspiry.co.nz/wp-content/uploads/2021/Salamander/SAL-CSRAGB02HB-9.jpg. Error: Not Found
07-27-2021 @ 05:16:25 - Image URL:https://inspiry.co.nz/wp-content/uploads/2021/Salamander/SAL-CSRAGB02HB-10.jpg
07-27-2021 @ 05:16:27 - URL:https://inspiry.co.nz/wp-content/uploads/2021/Salamander/SAL-CSRAGB02HB-10.jpg Reason:Error getting remote image https://inspiry.co.nz/wp-content/uploads/2021/Salamander/SAL-CSRAGB02HB-10.jpg. Error: Not Found
07-27-2021 @ 05:16:27 - Image URL:https://inspiry.co.nz/wp-content/uploads/2021/Salamander/SAL-CSRAGB02HB-11.jpg
07-27-2021 @ 05:16:28 - URL:https://inspiry.co.nz/wp-content/uploads/2021/Salamander/SAL-CSRAGB02HB-11.jpg Reason:Error getting remote image https://inspiry.co.nz/wp-content/uploads/2021/Salamander/SAL-CSRAGB02HB-11.jpg. Error: Not Found
07-27-2021 @ 05:16:28 - Image URL:https://inspiry.co.nz/wp-content/uploads/2021/Salamander/SAL-CSRAGB02HB-12.jpg
07-27-2021 @ 05:16:29 - URL:https://inspiry.co.nz/wp-content/uploads/2021/Salamander/SAL-CSRAGB02HB-12.jpg Reason:Error getting remote image https://inspiry.co.nz/wp-content/uploads/2021/Salamander/SAL-CSRAGB02HB-12.jpg. Error: Not Found
07-27-2021 @ 05:16:29 - Image URL:https://inspiry.co.nz/wp-content/uploads/2021/Salamander/SAL-CSRAGB02HB-13.jpg
07-27-2021 @ 05:16:31 - URL:https://inspiry.co.nz/wp-content/uploads/2021/Salamander/SAL-CSRAGB02HB-13.jpg Reason:Error getting remote image https://inspiry.co.nz/wp-content/uploads/2021/Salamander/SAL-CSRAGB02HB-13.jpg. Error: Not Found
07-27-2021 @ 05:16:31 - Image URL:https://inspiry.co.nz/wp-content/uploads/2021/Salamander/SAL-CSRAGB02HB-14.jpg
07-27-2021 @ 05:16:32 - URL:https://inspiry.co.nz/wp-content/uploads/2021/Salamander/SAL-CSRAGB02HB-14.jpg Reason:Error getting remote image https://inspiry.co.nz/wp-content/uploads/2021/Salamander/SAL-CSRAGB02HB-14.jpg. Error: Not Found
07-27-2021 @ 05:16:32 - Image URL:https://inspiry.co.nz/wp-content/uploads/2021/Salamander/SAL-CSRAGB02HB-15.jpg
07-27-2021 @ 05:16:33 - URL:https://inspiry.co.nz/wp-content/uploads/2021/Salamander/SAL-CSRAGB02HB-15.jpg Reason:Error getting remote image https://inspiry.co.nz/wp-content/uploads/2021/Salamander/SAL-CSRAGB02HB-15.jpg. Error: Not Found
07-27-2021 @ 05:16:33 - Image URL:https://inspiry.co.nz/wp-content/uploads/2021/Salamander/SAL-CSRAGB02HB-16.jpg
07-27-2021 @ 05:16:34 - URL:https://inspiry.co.nz/wp-content/uploads/2021/Salamander/SAL-CSRAGB02HB-16.jpg Reason:Error getting remote image https://inspiry.co.nz/wp-content/uploads/2021/Salamander/SAL-CSRAGB02HB-16.jpg. Error: Not Found
07-27-2021 @ 05:16:34 - Image URL:https://inspiry.co.nz/wp-content/uploads/2021/Salamander/SAL-CSRAGB02HB-17.jpg
07-27-2021 @ 05:16:36 - URL:https://inspiry.co.nz/wp-content/uploads/2021/Salamander/SAL-CSRAGB02HB-17.jpg Reason:Error getting remote image https://inspiry.co.nz/wp-content/uploads/2021/Salamander/SAL-CSRAGB02HB-17.jpg. Error: Not Found
07-27-2021 @ 05:16:36 - Image URL:https://inspiry.co.nz/wp-content/uploads/2021/Salamander/SAL-CSRAGB02HB-18.jpg
07-27-2021 @ 05:16:37 - URL:https://inspiry.co.nz/wp-content/uploads/2021/Salamander/SAL-CSRAGB02HB-18.jpg Reason:Error getting remote image https://inspiry.co.nz/wp-content/uploads/2021/Salamander/SAL-CSRAGB02HB-18.jpg. Error: Not Found
07-27-2021 @ 05:16:37 - Image URL:https://inspiry.co.nz/wp-content/uploads/2021/Salamander/SAL-CSRAGB02HB-19.jpg
07-27-2021 @ 05:16:38 - URL:https://inspiry.co.nz/wp-content/uploads/2021/Salamander/SAL-CSRAGB02HB-19.jpg Reason:Error getting remote image https://inspiry.co.nz/wp-content/uploads/2021/Salamander/SAL-CSRAGB02HB-19.jpg. Error: Not Found
07-27-2021 @ 05:16:38 - Image URL:https://inspiry.co.nz/wp-content/uploads/2021/Salamander/SAL-CSRAGB02HB-20.jpg
07-27-2021 @ 05:16:40 - URL:https://inspiry.co.nz/wp-content/uploads/2021/Salamander/SAL-CSRAGB02HB-20.jpg Reason:Error getting remote image https://inspiry.co.nz/wp-content/uploads/2021/Salamander/SAL-CSRAGB02HB-20.jpg. Error: Not Found
07-27-2021 @ 05:16:40 - Row :10 - Product updated successfully.
