07-28-2021 @ 20:58:06 - ---[ New import started at 2021-07-28 08:58:06 ] PHP Memory: 768 MB, WP Memory: 40 MB
07-28-2021 @ 20:58:06 - Preparing for import.
07-28-2021 @ 20:58:06 - Row :1 - Parsing item.
07-28-2021 @ 20:58:06 - Row :1 - Processing item.
07-28-2021 @ 20:58:06 - Found simple product object. ID:450578
07-28-2021 @ 20:58:06 - Setting Featured Image. URL:https://inspiry.co.nz/wp-content/uploads/2021/Salamander/SAL-EURFERGRE.jpg
07-28-2021 @ 20:58:06 - Attachment ID:450631
07-28-2021 @ 20:58:06 - Setting Gallery Images.
07-28-2021 @ 20:58:06 - Image URL:https://inspiry.co.nz/wp-content/uploads/2021/Salamander/SAL-EURFERGRE-1.jpg
07-28-2021 @ 20:58:06 - Attachment ID:450632
07-28-2021 @ 20:58:06 - Image URL:https://inspiry.co.nz/wp-content/uploads/2021/Salamander/SAL-EURFERGRE-2.jpg
07-28-2021 @ 20:58:07 - Attachment ID:450633
07-28-2021 @ 20:58:07 - Image URL:https://inspiry.co.nz/wp-content/uploads/2021/Salamander/SAL-EURFERGRE-3.jpg
07-28-2021 @ 20:58:07 - Attachment ID:450634
07-28-2021 @ 20:58:07 - Image URL:https://inspiry.co.nz/wp-content/uploads/2021/Salamander/SAL-EURFERGRE-4.jpg
07-28-2021 @ 20:58:07 - Attachment ID:450635
07-28-2021 @ 20:58:07 - Image URL:https://inspiry.co.nz/wp-content/uploads/2021/Salamander/SAL-EURFERGRE-5.jpg
07-28-2021 @ 20:58:09 - URL:https://inspiry.co.nz/wp-content/uploads/2021/Salamander/SAL-EURFERGRE-5.jpg Reason:Error getting remote image https://inspiry.co.nz/wp-content/uploads/2021/Salamander/SAL-EURFERGRE-5.jpg. Error: Not Found
07-28-2021 @ 20:58:09 - Image URL:https://inspiry.co.nz/wp-content/uploads/2021/Salamander/SAL-EURFERGRE-6.jpg
07-28-2021 @ 20:58:10 - URL:https://inspiry.co.nz/wp-content/uploads/2021/Salamander/SAL-EURFERGRE-6.jpg Reason:Error getting remote image https://inspiry.co.nz/wp-content/uploads/2021/Salamander/SAL-EURFERGRE-6.jpg. Error: Not Found
07-28-2021 @ 20:58:10 - Image URL:https://inspiry.co.nz/wp-content/uploads/2021/Salamander/SAL-EURFERGRE-7.jpg
07-28-2021 @ 20:58:12 - URL:https://inspiry.co.nz/wp-content/uploads/2021/Salamander/SAL-EURFERGRE-7.jpg Reason:Error getting remote image https://inspiry.co.nz/wp-content/uploads/2021/Salamander/SAL-EURFERGRE-7.jpg. Error: Not Found
07-28-2021 @ 20:58:12 - Image URL:https://inspiry.co.nz/wp-content/uploads/2021/Salamander/SAL-EURFERGRE-8.jpg
07-28-2021 @ 20:58:13 - URL:https://inspiry.co.nz/wp-content/uploads/2021/Salamander/SAL-EURFERGRE-8.jpg Reason:Error getting remote image https://inspiry.co.nz/wp-content/uploads/2021/Salamander/SAL-EURFERGRE-8.jpg. Error: Not Found
07-28-2021 @ 20:58:13 - Image URL:https://inspiry.co.nz/wp-content/uploads/2021/Salamander/SAL-EURFERGRE-9.jpg
07-28-2021 @ 20:58:15 - URL:https://inspiry.co.nz/wp-content/uploads/2021/Salamander/SAL-EURFERGRE-9.jpg Reason:Error getting remote image https://inspiry.co.nz/wp-content/uploads/2021/Salamander/SAL-EURFERGRE-9.jpg. Error: Not Found
07-28-2021 @ 20:58:15 - Image URL:https://inspiry.co.nz/wp-content/uploads/2021/Salamander/SAL-EURFERGRE-10.jpg
07-28-2021 @ 20:58:16 - URL:https://inspiry.co.nz/wp-content/uploads/2021/Salamander/SAL-EURFERGRE-10.jpg Reason:Error getting remote image https://inspiry.co.nz/wp-content/uploads/2021/Salamander/SAL-EURFERGRE-10.jpg. Error: Not Found
07-28-2021 @ 20:58:16 - Image URL:https://inspiry.co.nz/wp-content/uploads/2021/Salamander/SAL-EURFERGRE-11.jpg
07-28-2021 @ 20:58:17 - URL:https://inspiry.co.nz/wp-content/uploads/2021/Salamander/SAL-EURFERGRE-11.jpg Reason:Error getting remote image https://inspiry.co.nz/wp-content/uploads/2021/Salamander/SAL-EURFERGRE-11.jpg. Error: Not Found
07-28-2021 @ 20:58:17 - Image URL:https://inspiry.co.nz/wp-content/uploads/2021/Salamander/SAL-EURFERGRE-12.jpg
07-28-2021 @ 20:58:18 - URL:https://inspiry.co.nz/wp-content/uploads/2021/Salamander/SAL-EURFERGRE-12.jpg Reason:Error getting remote image https://inspiry.co.nz/wp-content/uploads/2021/Salamander/SAL-EURFERGRE-12.jpg. Error: Not Found
07-28-2021 @ 20:58:18 - Image URL:https://inspiry.co.nz/wp-content/uploads/2021/Salamander/SAL-EURFERGRE-13.jpg
07-28-2021 @ 20:58:20 - URL:https://inspiry.co.nz/wp-content/uploads/2021/Salamander/SAL-EURFERGRE-13.jpg Reason:Error getting remote image https://inspiry.co.nz/wp-content/uploads/2021/Salamander/SAL-EURFERGRE-13.jpg. Error: Not Found
07-28-2021 @ 20:58:20 - Image URL:https://inspiry.co.nz/wp-content/uploads/2021/Salamander/SAL-EURFERGRE-14.jpg
07-28-2021 @ 20:58:22 - URL:https://inspiry.co.nz/wp-content/uploads/2021/Salamander/SAL-EURFERGRE-14.jpg Reason:Error getting remote image https://inspiry.co.nz/wp-content/uploads/2021/Salamander/SAL-EURFERGRE-14.jpg. Error: Not Found
07-28-2021 @ 20:58:22 - Image URL:https://inspiry.co.nz/wp-content/uploads/2021/Salamander/SAL-EURFERGRE-15.jpg
07-28-2021 @ 20:58:23 - URL:https://inspiry.co.nz/wp-content/uploads/2021/Salamander/SAL-EURFERGRE-15.jpg Reason:Error getting remote image https://inspiry.co.nz/wp-content/uploads/2021/Salamander/SAL-EURFERGRE-15.jpg. Error: Not Found
07-28-2021 @ 20:58:23 - Image URL:https://inspiry.co.nz/wp-content/uploads/2021/Salamander/SAL-EURFERGRE-16.jpg
07-28-2021 @ 20:58:24 - URL:https://inspiry.co.nz/wp-content/uploads/2021/Salamander/SAL-EURFERGRE-16.jpg Reason:Error getting remote image https://inspiry.co.nz/wp-content/uploads/2021/Salamander/SAL-EURFERGRE-16.jpg. Error: Not Found
07-28-2021 @ 20:58:24 - Image URL:https://inspiry.co.nz/wp-content/uploads/2021/Salamander/SAL-EURFERGRE-17.jpg
07-28-2021 @ 20:58:26 - URL:https://inspiry.co.nz/wp-content/uploads/2021/Salamander/SAL-EURFERGRE-17.jpg Reason:Error getting remote image https://inspiry.co.nz/wp-content/uploads/2021/Salamander/SAL-EURFERGRE-17.jpg. Error: Not Found
07-28-2021 @ 20:58:26 - Image URL:https://inspiry.co.nz/wp-content/uploads/2021/Salamander/SAL-EURFERGRE-18.jpg
07-28-2021 @ 20:58:27 - URL:https://inspiry.co.nz/wp-content/uploads/2021/Salamander/SAL-EURFERGRE-18.jpg Reason:Error getting remote image https://inspiry.co.nz/wp-content/uploads/2021/Salamander/SAL-EURFERGRE-18.jpg. Error: Not Found
07-28-2021 @ 20:58:27 - Image URL:https://inspiry.co.nz/wp-content/uploads/2021/Salamander/SAL-EURFERGRE-19.jpg
07-28-2021 @ 20:58:28 - URL:https://inspiry.co.nz/wp-content/uploads/2021/Salamander/SAL-EURFERGRE-19.jpg Reason:Error getting remote image https://inspiry.co.nz/wp-content/uploads/2021/Salamander/SAL-EURFERGRE-19.jpg. Error: Not Found
07-28-2021 @ 20:58:28 - Image URL:https://inspiry.co.nz/wp-content/uploads/2021/Salamander/SAL-EURFERGRE-20.jpg
07-28-2021 @ 20:58:30 - URL:https://inspiry.co.nz/wp-content/uploads/2021/Salamander/SAL-EURFERGRE-20.jpg Reason:Error getting remote image https://inspiry.co.nz/wp-content/uploads/2021/Salamander/SAL-EURFERGRE-20.jpg. Error: Not Found
07-28-2021 @ 20:58:30 - Row :1 - Product updated successfully.
07-28-2021 @ 20:58:30 - Row :2 - Parsing item.
07-28-2021 @ 20:58:30 - Row :2 - Processing item.
07-28-2021 @ 20:58:30 - Found simple product object. ID:450579
07-28-2021 @ 20:58:30 - Setting Featured Image. URL:https://inspiry.co.nz/wp-content/uploads/2021/Salamander/SAL-EURFERBLK.jpg
07-28-2021 @ 20:58:31 - Attachment ID:450636
07-28-2021 @ 20:58:31 - Setting Gallery Images.
07-28-2021 @ 20:58:31 - Image URL:https://inspiry.co.nz/wp-content/uploads/2021/Salamander/SAL-EURFERBLK-1.jpg
07-28-2021 @ 20:58:31 - Attachment ID:450637
07-28-2021 @ 20:58:31 - Image URL:https://inspiry.co.nz/wp-content/uploads/2021/Salamander/SAL-EURFERBLK-2.jpg
07-28-2021 @ 20:58:31 - Attachment ID:450638
07-28-2021 @ 20:58:31 - Image URL:https://inspiry.co.nz/wp-content/uploads/2021/Salamander/SAL-EURFERBLK-3.jpg
07-28-2021 @ 20:58:31 - Attachment ID:450639
07-28-2021 @ 20:58:31 - Image URL:https://inspiry.co.nz/wp-content/uploads/2021/Salamander/SAL-EURFERBLK-4.jpg
07-28-2021 @ 20:58:32 - Attachment ID:450640
07-28-2021 @ 20:58:32 - Image URL:https://inspiry.co.nz/wp-content/uploads/2021/Salamander/SAL-EURFERBLK-5.jpg
07-28-2021 @ 20:58:33 - URL:https://inspiry.co.nz/wp-content/uploads/2021/Salamander/SAL-EURFERBLK-5.jpg Reason:Error getting remote image https://inspiry.co.nz/wp-content/uploads/2021/Salamander/SAL-EURFERBLK-5.jpg. Error: Not Found
07-28-2021 @ 20:58:33 - Image URL:https://inspiry.co.nz/wp-content/uploads/2021/Salamander/SAL-EURFERBLK-6.jpg
07-28-2021 @ 20:58:34 - URL:https://inspiry.co.nz/wp-content/uploads/2021/Salamander/SAL-EURFERBLK-6.jpg Reason:Error getting remote image https://inspiry.co.nz/wp-content/uploads/2021/Salamander/SAL-EURFERBLK-6.jpg. Error: Not Found
07-28-2021 @ 20:58:34 - Image URL:https://inspiry.co.nz/wp-content/uploads/2021/Salamander/SAL-EURFERBLK-7.jpg
07-28-2021 @ 20:58:36 - URL:https://inspiry.co.nz/wp-content/uploads/2021/Salamander/SAL-EURFERBLK-7.jpg Reason:Error getting remote image https://inspiry.co.nz/wp-content/uploads/2021/Salamander/SAL-EURFERBLK-7.jpg. Error: Not Found
07-28-2021 @ 20:58:36 - Image URL:https://inspiry.co.nz/wp-content/uploads/2021/Salamander/SAL-EURFERBLK-8.jpg
07-28-2021 @ 20:58:37 - URL:https://inspiry.co.nz/wp-content/uploads/2021/Salamander/SAL-EURFERBLK-8.jpg Reason:Error getting remote image https://inspiry.co.nz/wp-content/uploads/2021/Salamander/SAL-EURFERBLK-8.jpg. Error: Not Found
07-28-2021 @ 20:58:37 - Image URL:https://inspiry.co.nz/wp-content/uploads/2021/Salamander/SAL-EURFERBLK-9.jpg
07-28-2021 @ 20:58:38 - URL:https://inspiry.co.nz/wp-content/uploads/2021/Salamander/SAL-EURFERBLK-9.jpg Reason:Error getting remote image https://inspiry.co.nz/wp-content/uploads/2021/Salamander/SAL-EURFERBLK-9.jpg. Error: Not Found
07-28-2021 @ 20:58:38 - Image URL:https://inspiry.co.nz/wp-content/uploads/2021/Salamander/SAL-EURFERBLK-10.jpg
07-28-2021 @ 20:58:40 - URL:https://inspiry.co.nz/wp-content/uploads/2021/Salamander/SAL-EURFERBLK-10.jpg Reason:Error getting remote image https://inspiry.co.nz/wp-content/uploads/2021/Salamander/SAL-EURFERBLK-10.jpg. Error: Not Found
07-28-2021 @ 20:58:40 - Image URL:https://inspiry.co.nz/wp-content/uploads/2021/Salamander/SAL-EURFERBLK-11.jpg
07-28-2021 @ 20:58:41 - URL:https://inspiry.co.nz/wp-content/uploads/2021/Salamander/SAL-EURFERBLK-11.jpg Reason:Error getting remote image https://inspiry.co.nz/wp-content/uploads/2021/Salamander/SAL-EURFERBLK-11.jpg. Error: Not Found
07-28-2021 @ 20:58:41 - Image URL:https://inspiry.co.nz/wp-content/uploads/2021/Salamander/SAL-EURFERBLK-12.jpg
07-28-2021 @ 20:58:42 - URL:https://inspiry.co.nz/wp-content/uploads/2021/Salamander/SAL-EURFERBLK-12.jpg Reason:Error getting remote image https://inspiry.co.nz/wp-content/uploads/2021/Salamander/SAL-EURFERBLK-12.jpg. Error: Not Found
07-28-2021 @ 20:58:42 - Image URL:https://inspiry.co.nz/wp-content/uploads/2021/Salamander/SAL-EURFERBLK-13.jpg
07-28-2021 @ 20:58:43 - URL:https://inspiry.co.nz/wp-content/uploads/2021/Salamander/SAL-EURFERBLK-13.jpg Reason:Error getting remote image https://inspiry.co.nz/wp-content/uploads/2021/Salamander/SAL-EURFERBLK-13.jpg. Error: Not Found
07-28-2021 @ 20:58:43 - Image URL:https://inspiry.co.nz/wp-content/uploads/2021/Salamander/SAL-EURFERBLK-14.jpg
07-28-2021 @ 20:58:45 - URL:https://inspiry.co.nz/wp-content/uploads/2021/Salamander/SAL-EURFERBLK-14.jpg Reason:Error getting remote image https://inspiry.co.nz/wp-content/uploads/2021/Salamander/SAL-EURFERBLK-14.jpg. Error: Not Found
07-28-2021 @ 20:58:45 - Image URL:https://inspiry.co.nz/wp-content/uploads/2021/Salamander/SAL-EURFERBLK-15.jpg
07-28-2021 @ 20:58:46 - URL:https://inspiry.co.nz/wp-content/uploads/2021/Salamander/SAL-EURFERBLK-15.jpg Reason:Error getting remote image https://inspiry.co.nz/wp-content/uploads/2021/Salamander/SAL-EURFERBLK-15.jpg. Error: Not Found
07-28-2021 @ 20:58:46 - Image URL:https://inspiry.co.nz/wp-content/uploads/2021/Salamander/SAL-EURFERBLK-16.jpg
07-28-2021 @ 20:58:47 - URL:https://inspiry.co.nz/wp-content/uploads/2021/Salamander/SAL-EURFERBLK-16.jpg Reason:Error getting remote image https://inspiry.co.nz/wp-content/uploads/2021/Salamander/SAL-EURFERBLK-16.jpg. Error: Not Found
07-28-2021 @ 20:58:47 - Image URL:https://inspiry.co.nz/wp-content/uploads/2021/Salamander/SAL-EURFERBLK-17.jpg
07-28-2021 @ 20:58:48 - URL:https://inspiry.co.nz/wp-content/uploads/2021/Salamander/SAL-EURFERBLK-17.jpg Reason:Error getting remote image https://inspiry.co.nz/wp-content/uploads/2021/Salamander/SAL-EURFERBLK-17.jpg. Error: Not Found
07-28-2021 @ 20:58:48 - Image URL:https://inspiry.co.nz/wp-content/uploads/2021/Salamander/SAL-EURFERBLK-18.jpg
07-28-2021 @ 20:58:49 - URL:https://inspiry.co.nz/wp-content/uploads/2021/Salamander/SAL-EURFERBLK-18.jpg Reason:Error getting remote image https://inspiry.co.nz/wp-content/uploads/2021/Salamander/SAL-EURFERBLK-18.jpg. Error: Not Found
07-28-2021 @ 20:58:49 - Image URL:https://inspiry.co.nz/wp-content/uploads/2021/Salamander/SAL-EURFERBLK-19.jpg
07-28-2021 @ 20:58:51 - URL:https://inspiry.co.nz/wp-content/uploads/2021/Salamander/SAL-EURFERBLK-19.jpg Reason:Error getting remote image https://inspiry.co.nz/wp-content/uploads/2021/Salamander/SAL-EURFERBLK-19.jpg. Error: Not Found
07-28-2021 @ 20:58:51 - Image URL:https://inspiry.co.nz/wp-content/uploads/2021/Salamander/SAL-EURFERBLK-20.jpg
07-28-2021 @ 20:58:52 - URL:https://inspiry.co.nz/wp-content/uploads/2021/Salamander/SAL-EURFERBLK-20.jpg Reason:Error getting remote image https://inspiry.co.nz/wp-content/uploads/2021/Salamander/SAL-EURFERBLK-20.jpg. Error: Not Found
07-28-2021 @ 20:58:53 - Row :2 - Product updated successfully.
07-28-2021 @ 20:58:53 - Row :3 - Parsing item.
07-28-2021 @ 20:58:53 - Row :3 - Processing item.
07-28-2021 @ 20:58:53 - Found simple product object. ID:450580
07-28-2021 @ 20:58:53 - Setting Featured Image. URL:https://inspiry.co.nz/wp-content/uploads/2021/Salamander/SAL-EURFERDBRN.jpg
07-28-2021 @ 20:58:53 - Attachment ID:450641
07-28-2021 @ 20:58:53 - Setting Gallery Images.
07-28-2021 @ 20:58:53 - Image URL:https://inspiry.co.nz/wp-content/uploads/2021/Salamander/SAL-EURFERDBRN-1.jpg
07-28-2021 @ 20:58:53 - Attachment ID:450642
07-28-2021 @ 20:58:53 - Image URL:https://inspiry.co.nz/wp-content/uploads/2021/Salamander/SAL-EURFERDBRN-2.jpg
07-28-2021 @ 20:58:54 - Attachment ID:450643
07-28-2021 @ 20:58:54 - Image URL:https://inspiry.co.nz/wp-content/uploads/2021/Salamander/SAL-EURFERDBRN-3.jpg
07-28-2021 @ 20:58:54 - Attachment ID:450644
07-28-2021 @ 20:58:54 - Image URL:https://inspiry.co.nz/wp-content/uploads/2021/Salamander/SAL-EURFERDBRN-4.jpg
07-28-2021 @ 20:58:55 - Attachment ID:450645
07-28-2021 @ 20:58:55 - Image URL:https://inspiry.co.nz/wp-content/uploads/2021/Salamander/SAL-EURFERDBRN-5.jpg
07-28-2021 @ 20:58:56 - URL:https://inspiry.co.nz/wp-content/uploads/2021/Salamander/SAL-EURFERDBRN-5.jpg Reason:Error getting remote image https://inspiry.co.nz/wp-content/uploads/2021/Salamander/SAL-EURFERDBRN-5.jpg. Error: Not Found
07-28-2021 @ 20:58:56 - Image URL:https://inspiry.co.nz/wp-content/uploads/2021/Salamander/SAL-EURFERDBRN-6.jpg
07-28-2021 @ 20:58:57 - URL:https://inspiry.co.nz/wp-content/uploads/2021/Salamander/SAL-EURFERDBRN-6.jpg Reason:Error getting remote image https://inspiry.co.nz/wp-content/uploads/2021/Salamander/SAL-EURFERDBRN-6.jpg. Error: Not Found
07-28-2021 @ 20:58:57 - Image URL:https://inspiry.co.nz/wp-content/uploads/2021/Salamander/SAL-EURFERDBRN-7.jpg
07-28-2021 @ 20:58:59 - URL:https://inspiry.co.nz/wp-content/uploads/2021/Salamander/SAL-EURFERDBRN-7.jpg Reason:Error getting remote image https://inspiry.co.nz/wp-content/uploads/2021/Salamander/SAL-EURFERDBRN-7.jpg. Error: Not Found
07-28-2021 @ 20:58:59 - Image URL:https://inspiry.co.nz/wp-content/uploads/2021/Salamander/SAL-EURFERDBRN-8.jpg
07-28-2021 @ 20:59:00 - URL:https://inspiry.co.nz/wp-content/uploads/2021/Salamander/SAL-EURFERDBRN-8.jpg Reason:Error getting remote image https://inspiry.co.nz/wp-content/uploads/2021/Salamander/SAL-EURFERDBRN-8.jpg. Error: Not Found
07-28-2021 @ 20:59:00 - Image URL:https://inspiry.co.nz/wp-content/uploads/2021/Salamander/SAL-EURFERDBRN-9.jpg
07-28-2021 @ 20:59:01 - URL:https://inspiry.co.nz/wp-content/uploads/2021/Salamander/SAL-EURFERDBRN-9.jpg Reason:Error getting remote image https://inspiry.co.nz/wp-content/uploads/2021/Salamander/SAL-EURFERDBRN-9.jpg. Error: Not Found
07-28-2021 @ 20:59:01 - Image URL:https://inspiry.co.nz/wp-content/uploads/2021/Salamander/SAL-EURFERDBRN-10.jpg
07-28-2021 @ 20:59:03 - URL:https://inspiry.co.nz/wp-content/uploads/2021/Salamander/SAL-EURFERDBRN-10.jpg Reason:Error getting remote image https://inspiry.co.nz/wp-content/uploads/2021/Salamander/SAL-EURFERDBRN-10.jpg. Error: Not Found
07-28-2021 @ 20:59:03 - Image URL:https://inspiry.co.nz/wp-content/uploads/2021/Salamander/SAL-EURFERDBRN-11.jpg
07-28-2021 @ 20:59:04 - URL:https://inspiry.co.nz/wp-content/uploads/2021/Salamander/SAL-EURFERDBRN-11.jpg Reason:Error getting remote image https://inspiry.co.nz/wp-content/uploads/2021/Salamander/SAL-EURFERDBRN-11.jpg. Error: Not Found
07-28-2021 @ 20:59:04 - Image URL:https://inspiry.co.nz/wp-content/uploads/2021/Salamander/SAL-EURFERDBRN-12.jpg
07-28-2021 @ 20:59:05 - URL:https://inspiry.co.nz/wp-content/uploads/2021/Salamander/SAL-EURFERDBRN-12.jpg Reason:Error getting remote image https://inspiry.co.nz/wp-content/uploads/2021/Salamander/SAL-EURFERDBRN-12.jpg. Error: Not Found
07-28-2021 @ 20:59:05 - Image URL:https://inspiry.co.nz/wp-content/uploads/2021/Salamander/SAL-EURFERDBRN-13.jpg
07-28-2021 @ 20:59:07 - URL:https://inspiry.co.nz/wp-content/uploads/2021/Salamander/SAL-EURFERDBRN-13.jpg Reason:Error getting remote image https://inspiry.co.nz/wp-content/uploads/2021/Salamander/SAL-EURFERDBRN-13.jpg. Error: Not Found
07-28-2021 @ 20:59:07 - Image URL:https://inspiry.co.nz/wp-content/uploads/2021/Salamander/SAL-EURFERDBRN-14.jpg
07-28-2021 @ 20:59:08 - URL:https://inspiry.co.nz/wp-content/uploads/2021/Salamander/SAL-EURFERDBRN-14.jpg Reason:Error getting remote image https://inspiry.co.nz/wp-content/uploads/2021/Salamander/SAL-EURFERDBRN-14.jpg. Error: Not Found
07-28-2021 @ 20:59:08 - Image URL:https://inspiry.co.nz/wp-content/uploads/2021/Salamander/SAL-EURFERDBRN-15.jpg
07-28-2021 @ 20:59:09 - URL:https://inspiry.co.nz/wp-content/uploads/2021/Salamander/SAL-EURFERDBRN-15.jpg Reason:Error getting remote image https://inspiry.co.nz/wp-content/uploads/2021/Salamander/SAL-EURFERDBRN-15.jpg. Error: Not Found
07-28-2021 @ 20:59:09 - Image URL:https://inspiry.co.nz/wp-content/uploads/2021/Salamander/SAL-EURFERDBRN-16.jpg
07-28-2021 @ 20:59:11 - URL:https://inspiry.co.nz/wp-content/uploads/2021/Salamander/SAL-EURFERDBRN-16.jpg Reason:Error getting remote image https://inspiry.co.nz/wp-content/uploads/2021/Salamander/SAL-EURFERDBRN-16.jpg. Error: Not Found
07-28-2021 @ 20:59:11 - Image URL:https://inspiry.co.nz/wp-content/uploads/2021/Salamander/SAL-EURFERDBRN-17.jpg
07-28-2021 @ 20:59:12 - URL:https://inspiry.co.nz/wp-content/uploads/2021/Salamander/SAL-EURFERDBRN-17.jpg Reason:Error getting remote image https://inspiry.co.nz/wp-content/uploads/2021/Salamander/SAL-EURFERDBRN-17.jpg. Error: Not Found
07-28-2021 @ 20:59:12 - Image URL:https://inspiry.co.nz/wp-content/uploads/2021/Salamander/SAL-EURFERDBRN-18.jpg
07-28-2021 @ 20:59:14 - URL:https://inspiry.co.nz/wp-content/uploads/2021/Salamander/SAL-EURFERDBRN-18.jpg Reason:Error getting remote image https://inspiry.co.nz/wp-content/uploads/2021/Salamander/SAL-EURFERDBRN-18.jpg. Error: Not Found
07-28-2021 @ 20:59:14 - Image URL:https://inspiry.co.nz/wp-content/uploads/2021/Salamander/SAL-EURFERDBRN-19.jpg
07-28-2021 @ 20:59:15 - URL:https://inspiry.co.nz/wp-content/uploads/2021/Salamander/SAL-EURFERDBRN-19.jpg Reason:Error getting remote image https://inspiry.co.nz/wp-content/uploads/2021/Salamander/SAL-EURFERDBRN-19.jpg. Error: Not Found
07-28-2021 @ 20:59:15 - Image URL:https://inspiry.co.nz/wp-content/uploads/2021/Salamander/SAL-EURFERDBRN-20.jpg
07-28-2021 @ 20:59:17 - URL:https://inspiry.co.nz/wp-content/uploads/2021/Salamander/SAL-EURFERDBRN-20.jpg Reason:Error getting remote image https://inspiry.co.nz/wp-content/uploads/2021/Salamander/SAL-EURFERDBRN-20.jpg. Error: Not Found
07-28-2021 @ 20:59:17 - Row :3 - Product updated successfully.
07-28-2021 @ 20:59:17 - Row :4 - Parsing item.
07-28-2021 @ 20:59:17 - Row :4 - Processing item.
07-28-2021 @ 20:59:17 - Found simple product object. ID:450581
07-28-2021 @ 20:59:17 - Setting Featured Image. URL:https://inspiry.co.nz/wp-content/uploads/2021/Salamander/SAL-EURFERCOG.jpg
07-28-2021 @ 20:59:18 - Attachment ID:450646
07-28-2021 @ 20:59:18 - Setting Gallery Images.
07-28-2021 @ 20:59:18 - Image URL:https://inspiry.co.nz/wp-content/uploads/2021/Salamander/SAL-EURFERCOG-1.jpg
07-28-2021 @ 20:59:18 - Attachment ID:450647
07-28-2021 @ 20:59:18 - Image URL:https://inspiry.co.nz/wp-content/uploads/2021/Salamander/SAL-EURFERCOG-2.jpg
07-28-2021 @ 20:59:18 - Attachment ID:450648
07-28-2021 @ 20:59:18 - Image URL:https://inspiry.co.nz/wp-content/uploads/2021/Salamander/SAL-EURFERCOG-3.jpg
07-28-2021 @ 20:59:19 - Attachment ID:450649
07-28-2021 @ 20:59:19 - Image URL:https://inspiry.co.nz/wp-content/uploads/2021/Salamander/SAL-EURFERCOG-4.jpg
07-28-2021 @ 20:59:19 - Attachment ID:450650
07-28-2021 @ 20:59:19 - Image URL:https://inspiry.co.nz/wp-content/uploads/2021/Salamander/SAL-EURFERCOG-5.jpg
07-28-2021 @ 20:59:21 - URL:https://inspiry.co.nz/wp-content/uploads/2021/Salamander/SAL-EURFERCOG-5.jpg Reason:Error getting remote image https://inspiry.co.nz/wp-content/uploads/2021/Salamander/SAL-EURFERCOG-5.jpg. Error: Not Found
07-28-2021 @ 20:59:21 - Image URL:https://inspiry.co.nz/wp-content/uploads/2021/Salamander/SAL-EURFERCOG-6.jpg
07-28-2021 @ 20:59:22 - URL:https://inspiry.co.nz/wp-content/uploads/2021/Salamander/SAL-EURFERCOG-6.jpg Reason:Error getting remote image https://inspiry.co.nz/wp-content/uploads/2021/Salamander/SAL-EURFERCOG-6.jpg. Error: Not Found
07-28-2021 @ 20:59:22 - Image URL:https://inspiry.co.nz/wp-content/uploads/2021/Salamander/SAL-EURFERCOG-7.jpg
07-28-2021 @ 20:59:23 - URL:https://inspiry.co.nz/wp-content/uploads/2021/Salamander/SAL-EURFERCOG-7.jpg Reason:Error getting remote image https://inspiry.co.nz/wp-content/uploads/2021/Salamander/SAL-EURFERCOG-7.jpg. Error: Not Found
07-28-2021 @ 20:59:23 - Image URL:https://inspiry.co.nz/wp-content/uploads/2021/Salamander/SAL-EURFERCOG-8.jpg
07-28-2021 @ 20:59:24 - URL:https://inspiry.co.nz/wp-content/uploads/2021/Salamander/SAL-EURFERCOG-8.jpg Reason:Error getting remote image https://inspiry.co.nz/wp-content/uploads/2021/Salamander/SAL-EURFERCOG-8.jpg. Error: Not Found
07-28-2021 @ 20:59:24 - Image URL:https://inspiry.co.nz/wp-content/uploads/2021/Salamander/SAL-EURFERCOG-9.jpg
07-28-2021 @ 20:59:25 - URL:https://inspiry.co.nz/wp-content/uploads/2021/Salamander/SAL-EURFERCOG-9.jpg Reason:Error getting remote image https://inspiry.co.nz/wp-content/uploads/2021/Salamander/SAL-EURFERCOG-9.jpg. Error: Not Found
07-28-2021 @ 20:59:25 - Image URL:https://inspiry.co.nz/wp-content/uploads/2021/Salamander/SAL-EURFERCOG-10.jpg
07-28-2021 @ 20:59:27 - URL:https://inspiry.co.nz/wp-content/uploads/2021/Salamander/SAL-EURFERCOG-10.jpg Reason:Error getting remote image https://inspiry.co.nz/wp-content/uploads/2021/Salamander/SAL-EURFERCOG-10.jpg. Error: Not Found
07-28-2021 @ 20:59:27 - Image URL:https://inspiry.co.nz/wp-content/uploads/2021/Salamander/SAL-EURFERCOG-11.jpg
07-28-2021 @ 20:59:28 - URL:https://inspiry.co.nz/wp-content/uploads/2021/Salamander/SAL-EURFERCOG-11.jpg Reason:Error getting remote image https://inspiry.co.nz/wp-content/uploads/2021/Salamander/SAL-EURFERCOG-11.jpg. Error: Not Found
07-28-2021 @ 20:59:28 - Image URL:https://inspiry.co.nz/wp-content/uploads/2021/Salamander/SAL-EURFERCOG-12.jpg
07-28-2021 @ 20:59:29 - URL:https://inspiry.co.nz/wp-content/uploads/2021/Salamander/SAL-EURFERCOG-12.jpg Reason:Error getting remote image https://inspiry.co.nz/wp-content/uploads/2021/Salamander/SAL-EURFERCOG-12.jpg. Error: Not Found
07-28-2021 @ 20:59:29 - Image URL:https://inspiry.co.nz/wp-content/uploads/2021/Salamander/SAL-EURFERCOG-13.jpg
07-28-2021 @ 20:59:31 - URL:https://inspiry.co.nz/wp-content/uploads/2021/Salamander/SAL-EURFERCOG-13.jpg Reason:Error getting remote image https://inspiry.co.nz/wp-content/uploads/2021/Salamander/SAL-EURFERCOG-13.jpg. Error: Not Found
07-28-2021 @ 20:59:31 - Image URL:https://inspiry.co.nz/wp-content/uploads/2021/Salamander/SAL-EURFERCOG-14.jpg
07-28-2021 @ 20:59:32 - URL:https://inspiry.co.nz/wp-content/uploads/2021/Salamander/SAL-EURFERCOG-14.jpg Reason:Error getting remote image https://inspiry.co.nz/wp-content/uploads/2021/Salamander/SAL-EURFERCOG-14.jpg. Error: Not Found
07-28-2021 @ 20:59:32 - Image URL:https://inspiry.co.nz/wp-content/uploads/2021/Salamander/SAL-EURFERCOG-15.jpg
07-28-2021 @ 20:59:33 - URL:https://inspiry.co.nz/wp-content/uploads/2021/Salamander/SAL-EURFERCOG-15.jpg Reason:Error getting remote image https://inspiry.co.nz/wp-content/uploads/2021/Salamander/SAL-EURFERCOG-15.jpg. Error: Not Found
07-28-2021 @ 20:59:33 - Image URL:https://inspiry.co.nz/wp-content/uploads/2021/Salamander/SAL-EURFERCOG-16.jpg
07-28-2021 @ 20:59:35 - URL:https://inspiry.co.nz/wp-content/uploads/2021/Salamander/SAL-EURFERCOG-16.jpg Reason:Error getting remote image https://inspiry.co.nz/wp-content/uploads/2021/Salamander/SAL-EURFERCOG-16.jpg. Error: Not Found
07-28-2021 @ 20:59:35 - Image URL:https://inspiry.co.nz/wp-content/uploads/2021/Salamander/SAL-EURFERCOG-17.jpg
07-28-2021 @ 20:59:36 - URL:https://inspiry.co.nz/wp-content/uploads/2021/Salamander/SAL-EURFERCOG-17.jpg Reason:Error getting remote image https://inspiry.co.nz/wp-content/uploads/2021/Salamander/SAL-EURFERCOG-17.jpg. Error: Not Found
07-28-2021 @ 20:59:36 - Image URL:https://inspiry.co.nz/wp-content/uploads/2021/Salamander/SAL-EURFERCOG-18.jpg
07-28-2021 @ 20:59:37 - URL:https://inspiry.co.nz/wp-content/uploads/2021/Salamander/SAL-EURFERCOG-18.jpg Reason:Error getting remote image https://inspiry.co.nz/wp-content/uploads/2021/Salamander/SAL-EURFERCOG-18.jpg. Error: Not Found
07-28-2021 @ 20:59:37 - Image URL:https://inspiry.co.nz/wp-content/uploads/2021/Salamander/SAL-EURFERCOG-19.jpg
07-28-2021 @ 20:59:38 - URL:https://inspiry.co.nz/wp-content/uploads/2021/Salamander/SAL-EURFERCOG-19.jpg Reason:Error getting remote image https://inspiry.co.nz/wp-content/uploads/2021/Salamander/SAL-EURFERCOG-19.jpg. Error: Not Found
07-28-2021 @ 20:59:38 - Image URL:https://inspiry.co.nz/wp-content/uploads/2021/Salamander/SAL-EURFERCOG-20.jpg
07-28-2021 @ 20:59:40 - URL:https://inspiry.co.nz/wp-content/uploads/2021/Salamander/SAL-EURFERCOG-20.jpg Reason:Error getting remote image https://inspiry.co.nz/wp-content/uploads/2021/Salamander/SAL-EURFERCOG-20.jpg. Error: Not Found
07-28-2021 @ 20:59:40 - Row :4 - Product updated successfully.
07-28-2021 @ 20:59:40 - Row :5 - Parsing item.
07-28-2021 @ 20:59:40 - Row :5 - Processing item.
07-28-2021 @ 20:59:40 - Found simple product object. ID:450582
07-28-2021 @ 20:59:40 - Setting Featured Image. URL:https://inspiry.co.nz/wp-content/uploads/2021/Salamander/SAL-CSRAGB41.jpg
07-28-2021 @ 20:59:41 - Attachment ID:450651
07-28-2021 @ 20:59:41 - Setting Gallery Images.
07-28-2021 @ 20:59:41 - Image URL:https://inspiry.co.nz/wp-content/uploads/2021/Salamander/SAL-CSRAGB41-1.jpg
07-28-2021 @ 20:59:42 - URL:https://inspiry.co.nz/wp-content/uploads/2021/Salamander/SAL-CSRAGB41-1.jpg Reason:Error getting remote image https://inspiry.co.nz/wp-content/uploads/2021/Salamander/SAL-CSRAGB41-1.jpg. Error: Not Found
07-28-2021 @ 20:59:42 - Image URL:https://inspiry.co.nz/wp-content/uploads/2021/Salamander/SAL-CSRAGB41-2.jpg
07-28-2021 @ 20:59:43 - URL:https://inspiry.co.nz/wp-content/uploads/2021/Salamander/SAL-CSRAGB41-2.jpg Reason:Error getting remote image https://inspiry.co.nz/wp-content/uploads/2021/Salamander/SAL-CSRAGB41-2.jpg. Error: Not Found
07-28-2021 @ 20:59:43 - Image URL:https://inspiry.co.nz/wp-content/uploads/2021/Salamander/SAL-CSRAGB41-3.jpg
07-28-2021 @ 20:59:44 - URL:https://inspiry.co.nz/wp-content/uploads/2021/Salamander/SAL-CSRAGB41-3.jpg Reason:Error getting remote image https://inspiry.co.nz/wp-content/uploads/2021/Salamander/SAL-CSRAGB41-3.jpg. Error: Not Found
07-28-2021 @ 20:59:44 - Image URL:https://inspiry.co.nz/wp-content/uploads/2021/Salamander/SAL-CSRAGB41-4.jpg
07-28-2021 @ 20:59:46 - URL:https://inspiry.co.nz/wp-content/uploads/2021/Salamander/SAL-CSRAGB41-4.jpg Reason:Error getting remote image https://inspiry.co.nz/wp-content/uploads/2021/Salamander/SAL-CSRAGB41-4.jpg. Error: Not Found
07-28-2021 @ 20:59:46 - Image URL:https://inspiry.co.nz/wp-content/uploads/2021/Salamander/SAL-CSRAGB41-5.jpg
07-28-2021 @ 20:59:47 - URL:https://inspiry.co.nz/wp-content/uploads/2021/Salamander/SAL-CSRAGB41-5.jpg Reason:Error getting remote image https://inspiry.co.nz/wp-content/uploads/2021/Salamander/SAL-CSRAGB41-5.jpg. Error: Not Found
07-28-2021 @ 20:59:47 - Image URL:https://inspiry.co.nz/wp-content/uploads/2021/Salamander/SAL-CSRAGB41-6.jpg
07-28-2021 @ 20:59:48 - URL:https://inspiry.co.nz/wp-content/uploads/2021/Salamander/SAL-CSRAGB41-6.jpg Reason:Error getting remote image https://inspiry.co.nz/wp-content/uploads/2021/Salamander/SAL-CSRAGB41-6.jpg. Error: Not Found
07-28-2021 @ 20:59:48 - Image URL:https://inspiry.co.nz/wp-content/uploads/2021/Salamander/SAL-CSRAGB41-7.jpg
07-28-2021 @ 20:59:50 - URL:https://inspiry.co.nz/wp-content/uploads/2021/Salamander/SAL-CSRAGB41-7.jpg Reason:Error getting remote image https://inspiry.co.nz/wp-content/uploads/2021/Salamander/SAL-CSRAGB41-7.jpg. Error: Not Found
07-28-2021 @ 20:59:50 - Image URL:https://inspiry.co.nz/wp-content/uploads/2021/Salamander/SAL-CSRAGB41-8.jpg
07-28-2021 @ 20:59:51 - URL:https://inspiry.co.nz/wp-content/uploads/2021/Salamander/SAL-CSRAGB41-8.jpg Reason:Error getting remote image https://inspiry.co.nz/wp-content/uploads/2021/Salamander/SAL-CSRAGB41-8.jpg. Error: Not Found
07-28-2021 @ 20:59:51 - Image URL:https://inspiry.co.nz/wp-content/uploads/2021/Salamander/SAL-CSRAGB41-9.jpg
07-28-2021 @ 20:59:52 - URL:https://inspiry.co.nz/wp-content/uploads/2021/Salamander/SAL-CSRAGB41-9.jpg Reason:Error getting remote image https://inspiry.co.nz/wp-content/uploads/2021/Salamander/SAL-CSRAGB41-9.jpg. Error: Not Found
07-28-2021 @ 20:59:52 - Image URL:https://inspiry.co.nz/wp-content/uploads/2021/Salamander/SAL-CSRAGB41-10.jpg
07-28-2021 @ 20:59:54 - URL:https://inspiry.co.nz/wp-content/uploads/2021/Salamander/SAL-CSRAGB41-10.jpg Reason:Error getting remote image https://inspiry.co.nz/wp-content/uploads/2021/Salamander/SAL-CSRAGB41-10.jpg. Error: Not Found
07-28-2021 @ 20:59:54 - Image URL:https://inspiry.co.nz/wp-content/uploads/2021/Salamander/SAL-CSRAGB41-11.jpg
07-28-2021 @ 20:59:56 - URL:https://inspiry.co.nz/wp-content/uploads/2021/Salamander/SAL-CSRAGB41-11.jpg Reason:Error getting remote image https://inspiry.co.nz/wp-content/uploads/2021/Salamander/SAL-CSRAGB41-11.jpg. Error: Not Found
07-28-2021 @ 20:59:56 - Image URL:https://inspiry.co.nz/wp-content/uploads/2021/Salamander/SAL-CSRAGB41-12.jpg
07-28-2021 @ 20:59:57 - URL:https://inspiry.co.nz/wp-content/uploads/2021/Salamander/SAL-CSRAGB41-12.jpg Reason:Error getting remote image https://inspiry.co.nz/wp-content/uploads/2021/Salamander/SAL-CSRAGB41-12.jpg. Error: Not Found
07-28-2021 @ 20:59:57 - Image URL:https://inspiry.co.nz/wp-content/uploads/2021/Salamander/SAL-CSRAGB41-13.jpg
07-28-2021 @ 20:59:58 - URL:https://inspiry.co.nz/wp-content/uploads/2021/Salamander/SAL-CSRAGB41-13.jpg Reason:Error getting remote image https://inspiry.co.nz/wp-content/uploads/2021/Salamander/SAL-CSRAGB41-13.jpg. Error: Not Found
07-28-2021 @ 20:59:58 - Image URL:https://inspiry.co.nz/wp-content/uploads/2021/Salamander/SAL-CSRAGB41-14.jpg
07-28-2021 @ 20:59:59 - URL:https://inspiry.co.nz/wp-content/uploads/2021/Salamander/SAL-CSRAGB41-14.jpg Reason:Error getting remote image https://inspiry.co.nz/wp-content/uploads/2021/Salamander/SAL-CSRAGB41-14.jpg. Error: Not Found
07-28-2021 @ 20:59:59 - Image URL:https://inspiry.co.nz/wp-content/uploads/2021/Salamander/SAL-CSRAGB41-15.jpg
07-28-2021 @ 21:00:01 - URL:https://inspiry.co.nz/wp-content/uploads/2021/Salamander/SAL-CSRAGB41-15.jpg Reason:Error getting remote image https://inspiry.co.nz/wp-content/uploads/2021/Salamander/SAL-CSRAGB41-15.jpg. Error: Not Found
07-28-2021 @ 21:00:01 - Image URL:https://inspiry.co.nz/wp-content/uploads/2021/Salamander/SAL-CSRAGB41-16.jpg
07-28-2021 @ 21:00:02 - URL:https://inspiry.co.nz/wp-content/uploads/2021/Salamander/SAL-CSRAGB41-16.jpg Reason:Error getting remote image https://inspiry.co.nz/wp-content/uploads/2021/Salamander/SAL-CSRAGB41-16.jpg. Error: Not Found
07-28-2021 @ 21:00:02 - Image URL:https://inspiry.co.nz/wp-content/uploads/2021/Salamander/SAL-CSRAGB41-17.jpg
07-28-2021 @ 21:00:04 - URL:https://inspiry.co.nz/wp-content/uploads/2021/Salamander/SAL-CSRAGB41-17.jpg Reason:Error getting remote image https://inspiry.co.nz/wp-content/uploads/2021/Salamander/SAL-CSRAGB41-17.jpg. Error: Not Found
07-28-2021 @ 21:00:04 - Image URL:https://inspiry.co.nz/wp-content/uploads/2021/Salamander/SAL-CSRAGB41-18.jpg
07-28-2021 @ 21:00:06 - URL:https://inspiry.co.nz/wp-content/uploads/2021/Salamander/SAL-CSRAGB41-18.jpg Reason:Error getting remote image https://inspiry.co.nz/wp-content/uploads/2021/Salamander/SAL-CSRAGB41-18.jpg. Error: Not Found
07-28-2021 @ 21:00:06 - Image URL:https://inspiry.co.nz/wp-content/uploads/2021/Salamander/SAL-CSRAGB41-19.jpg
07-28-2021 @ 21:00:07 - URL:https://inspiry.co.nz/wp-content/uploads/2021/Salamander/SAL-CSRAGB41-19.jpg Reason:Error getting remote image https://inspiry.co.nz/wp-content/uploads/2021/Salamander/SAL-CSRAGB41-19.jpg. Error: Not Found
07-28-2021 @ 21:00:07 - Image URL:https://inspiry.co.nz/wp-content/uploads/2021/Salamander/SAL-CSRAGB41-20.jpg
07-28-2021 @ 21:00:09 - URL:https://inspiry.co.nz/wp-content/uploads/2021/Salamander/SAL-CSRAGB41-20.jpg Reason:Error getting remote image https://inspiry.co.nz/wp-content/uploads/2021/Salamander/SAL-CSRAGB41-20.jpg. Error: Not Found
07-28-2021 @ 21:00:10 - Row :5 - Product updated successfully.
07-28-2021 @ 21:00:10 - Row :6 - Parsing item.
07-28-2021 @ 21:00:10 - Row :6 - Processing item.
07-28-2021 @ 21:00:10 - Found simple product object. ID:450583
07-28-2021 @ 21:00:10 - Setting Featured Image. URL:https://inspiry.co.nz/wp-content/uploads/2021/Salamander/SAL-CSRAGB51.jpg
07-28-2021 @ 21:00:10 - Attachment ID:450652
07-28-2021 @ 21:00:10 - Setting Gallery Images.
07-28-2021 @ 21:00:10 - Image URL:https://inspiry.co.nz/wp-content/uploads/2021/Salamander/SAL-CSRAGB51-1.jpg
07-28-2021 @ 21:00:12 - URL:https://inspiry.co.nz/wp-content/uploads/2021/Salamander/SAL-CSRAGB51-1.jpg Reason:Error getting remote image https://inspiry.co.nz/wp-content/uploads/2021/Salamander/SAL-CSRAGB51-1.jpg. Error: Not Found
07-28-2021 @ 21:00:12 - Image URL:https://inspiry.co.nz/wp-content/uploads/2021/Salamander/SAL-CSRAGB51-2.jpg
07-28-2021 @ 21:00:13 - URL:https://inspiry.co.nz/wp-content/uploads/2021/Salamander/SAL-CSRAGB51-2.jpg Reason:Error getting remote image https://inspiry.co.nz/wp-content/uploads/2021/Salamander/SAL-CSRAGB51-2.jpg. Error: Not Found
07-28-2021 @ 21:00:13 - Image URL:https://inspiry.co.nz/wp-content/uploads/2021/Salamander/SAL-CSRAGB51-3.jpg
07-28-2021 @ 21:00:15 - URL:https://inspiry.co.nz/wp-content/uploads/2021/Salamander/SAL-CSRAGB51-3.jpg Reason:Error getting remote image https://inspiry.co.nz/wp-content/uploads/2021/Salamander/SAL-CSRAGB51-3.jpg. Error: Not Found
07-28-2021 @ 21:00:15 - Image URL:https://inspiry.co.nz/wp-content/uploads/2021/Salamander/SAL-CSRAGB51-4.jpg
07-28-2021 @ 21:00:17 - URL:https://inspiry.co.nz/wp-content/uploads/2021/Salamander/SAL-CSRAGB51-4.jpg Reason:Error getting remote image https://inspiry.co.nz/wp-content/uploads/2021/Salamander/SAL-CSRAGB51-4.jpg. Error: Not Found
07-28-2021 @ 21:00:17 - Image URL:https://inspiry.co.nz/wp-content/uploads/2021/Salamander/SAL-CSRAGB51-5.jpg
07-28-2021 @ 21:00:18 - URL:https://inspiry.co.nz/wp-content/uploads/2021/Salamander/SAL-CSRAGB51-5.jpg Reason:Error getting remote image https://inspiry.co.nz/wp-content/uploads/2021/Salamander/SAL-CSRAGB51-5.jpg. Error: Not Found
07-28-2021 @ 21:00:18 - Image URL:https://inspiry.co.nz/wp-content/uploads/2021/Salamander/SAL-CSRAGB51-6.jpg
07-28-2021 @ 21:00:20 - URL:https://inspiry.co.nz/wp-content/uploads/2021/Salamander/SAL-CSRAGB51-6.jpg Reason:Error getting remote image https://inspiry.co.nz/wp-content/uploads/2021/Salamander/SAL-CSRAGB51-6.jpg. Error: Not Found
07-28-2021 @ 21:00:20 - Image URL:https://inspiry.co.nz/wp-content/uploads/2021/Salamander/SAL-CSRAGB51-7.jpg
07-28-2021 @ 21:00:21 - URL:https://inspiry.co.nz/wp-content/uploads/2021/Salamander/SAL-CSRAGB51-7.jpg Reason:Error getting remote image https://inspiry.co.nz/wp-content/uploads/2021/Salamander/SAL-CSRAGB51-7.jpg. Error: Not Found
07-28-2021 @ 21:00:21 - Image URL:https://inspiry.co.nz/wp-content/uploads/2021/Salamander/SAL-CSRAGB51-8.jpg
07-28-2021 @ 21:00:23 - URL:https://inspiry.co.nz/wp-content/uploads/2021/Salamander/SAL-CSRAGB51-8.jpg Reason:Error getting remote image https://inspiry.co.nz/wp-content/uploads/2021/Salamander/SAL-CSRAGB51-8.jpg. Error: Not Found
07-28-2021 @ 21:00:23 - Image URL:https://inspiry.co.nz/wp-content/uploads/2021/Salamander/SAL-CSRAGB51-9.jpg
07-28-2021 @ 21:00:24 - URL:https://inspiry.co.nz/wp-content/uploads/2021/Salamander/SAL-CSRAGB51-9.jpg Reason:Error getting remote image https://inspiry.co.nz/wp-content/uploads/2021/Salamander/SAL-CSRAGB51-9.jpg. Error: Not Found
07-28-2021 @ 21:00:24 - Image URL:https://inspiry.co.nz/wp-content/uploads/2021/Salamander/SAL-CSRAGB51-10.jpg
07-28-2021 @ 21:00:25 - URL:https://inspiry.co.nz/wp-content/uploads/2021/Salamander/SAL-CSRAGB51-10.jpg Reason:Error getting remote image https://inspiry.co.nz/wp-content/uploads/2021/Salamander/SAL-CSRAGB51-10.jpg. Error: Not Found
07-28-2021 @ 21:00:25 - Image URL:https://inspiry.co.nz/wp-content/uploads/2021/Salamander/SAL-CSRAGB51-11.jpg
07-28-2021 @ 21:00:27 - URL:https://inspiry.co.nz/wp-content/uploads/2021/Salamander/SAL-CSRAGB51-11.jpg Reason:Error getting remote image https://inspiry.co.nz/wp-content/uploads/2021/Salamander/SAL-CSRAGB51-11.jpg. Error: Not Found
07-28-2021 @ 21:00:27 - Image URL:https://inspiry.co.nz/wp-content/uploads/2021/Salamander/SAL-CSRAGB51-12.jpg
07-28-2021 @ 21:00:28 - URL:https://inspiry.co.nz/wp-content/uploads/2021/Salamander/SAL-CSRAGB51-12.jpg Reason:Error getting remote image https://inspiry.co.nz/wp-content/uploads/2021/Salamander/SAL-CSRAGB51-12.jpg. Error: Not Found
07-28-2021 @ 21:00:28 - Image URL:https://inspiry.co.nz/wp-content/uploads/2021/Salamander/SAL-CSRAGB51-13.jpg
07-28-2021 @ 21:00:29 - URL:https://inspiry.co.nz/wp-content/uploads/2021/Salamander/SAL-CSRAGB51-13.jpg Reason:Error getting remote image https://inspiry.co.nz/wp-content/uploads/2021/Salamander/SAL-CSRAGB51-13.jpg. Error: Not Found
07-28-2021 @ 21:00:29 - Image URL:https://inspiry.co.nz/wp-content/uploads/2021/Salamander/SAL-CSRAGB51-14.jpg
07-28-2021 @ 21:00:31 - URL:https://inspiry.co.nz/wp-content/uploads/2021/Salamander/SAL-CSRAGB51-14.jpg Reason:Error getting remote image https://inspiry.co.nz/wp-content/uploads/2021/Salamander/SAL-CSRAGB51-14.jpg. Error: Not Found
07-28-2021 @ 21:00:31 - Image URL:https://inspiry.co.nz/wp-content/uploads/2021/Salamander/SAL-CSRAGB51-15.jpg
07-28-2021 @ 21:00:32 - URL:https://inspiry.co.nz/wp-content/uploads/2021/Salamander/SAL-CSRAGB51-15.jpg Reason:Error getting remote image https://inspiry.co.nz/wp-content/uploads/2021/Salamander/SAL-CSRAGB51-15.jpg. Error: Not Found
07-28-2021 @ 21:00:32 - Image URL:https://inspiry.co.nz/wp-content/uploads/2021/Salamander/SAL-CSRAGB51-16.jpg
07-28-2021 @ 21:00:33 - URL:https://inspiry.co.nz/wp-content/uploads/2021/Salamander/SAL-CSRAGB51-16.jpg Reason:Error getting remote image https://inspiry.co.nz/wp-content/uploads/2021/Salamander/SAL-CSRAGB51-16.jpg. Error: Not Found
07-28-2021 @ 21:00:33 - Image URL:https://inspiry.co.nz/wp-content/uploads/2021/Salamander/SAL-CSRAGB51-17.jpg
07-28-2021 @ 21:00:34 - URL:https://inspiry.co.nz/wp-content/uploads/2021/Salamander/SAL-CSRAGB51-17.jpg Reason:Error getting remote image https://inspiry.co.nz/wp-content/uploads/2021/Salamander/SAL-CSRAGB51-17.jpg. Error: Not Found
07-28-2021 @ 21:00:34 - Image URL:https://inspiry.co.nz/wp-content/uploads/2021/Salamander/SAL-CSRAGB51-18.jpg
07-28-2021 @ 21:00:36 - URL:https://inspiry.co.nz/wp-content/uploads/2021/Salamander/SAL-CSRAGB51-18.jpg Reason:Error getting remote image https://inspiry.co.nz/wp-content/uploads/2021/Salamander/SAL-CSRAGB51-18.jpg. Error: Not Found
07-28-2021 @ 21:00:36 - Image URL:https://inspiry.co.nz/wp-content/uploads/2021/Salamander/SAL-CSRAGB51-19.jpg
07-28-2021 @ 21:00:37 - URL:https://inspiry.co.nz/wp-content/uploads/2021/Salamander/SAL-CSRAGB51-19.jpg Reason:Error getting remote image https://inspiry.co.nz/wp-content/uploads/2021/Salamander/SAL-CSRAGB51-19.jpg. Error: Not Found
07-28-2021 @ 21:00:37 - Image URL:https://inspiry.co.nz/wp-content/uploads/2021/Salamander/SAL-CSRAGB51-20.jpg
07-28-2021 @ 21:00:38 - URL:https://inspiry.co.nz/wp-content/uploads/2021/Salamander/SAL-CSRAGB51-20.jpg Reason:Error getting remote image https://inspiry.co.nz/wp-content/uploads/2021/Salamander/SAL-CSRAGB51-20.jpg. Error: Not Found
07-28-2021 @ 21:00:39 - Row :6 - Product updated successfully.
07-28-2021 @ 21:00:39 - Row :7 - Parsing item.
07-28-2021 @ 21:00:39 - Row :7 - Processing item.
07-28-2021 @ 21:00:39 - Found simple product object. ID:450584
07-28-2021 @ 21:00:39 - Setting Featured Image. URL:https://inspiry.co.nz/wp-content/uploads/2021/Salamander/SAL-CSRAGB61.jpg
07-28-2021 @ 21:00:39 - Attachment ID:450653
07-28-2021 @ 21:00:39 - Setting Gallery Images.
07-28-2021 @ 21:00:39 - Image URL:https://inspiry.co.nz/wp-content/uploads/2021/Salamander/SAL-CSRAGB61-1.jpg
07-28-2021 @ 21:00:41 - URL:https://inspiry.co.nz/wp-content/uploads/2021/Salamander/SAL-CSRAGB61-1.jpg Reason:Error getting remote image https://inspiry.co.nz/wp-content/uploads/2021/Salamander/SAL-CSRAGB61-1.jpg. Error: Not Found
07-28-2021 @ 21:00:41 - Image URL:https://inspiry.co.nz/wp-content/uploads/2021/Salamander/SAL-CSRAGB61-2.jpg
07-28-2021 @ 21:00:42 - URL:https://inspiry.co.nz/wp-content/uploads/2021/Salamander/SAL-CSRAGB61-2.jpg Reason:Error getting remote image https://inspiry.co.nz/wp-content/uploads/2021/Salamander/SAL-CSRAGB61-2.jpg. Error: Not Found
07-28-2021 @ 21:00:42 - Image URL:https://inspiry.co.nz/wp-content/uploads/2021/Salamander/SAL-CSRAGB61-3.jpg
07-28-2021 @ 21:00:43 - URL:https://inspiry.co.nz/wp-content/uploads/2021/Salamander/SAL-CSRAGB61-3.jpg Reason:Error getting remote image https://inspiry.co.nz/wp-content/uploads/2021/Salamander/SAL-CSRAGB61-3.jpg. Error: Not Found
07-28-2021 @ 21:00:43 - Image URL:https://inspiry.co.nz/wp-content/uploads/2021/Salamander/SAL-CSRAGB61-4.jpg
07-28-2021 @ 21:00:45 - URL:https://inspiry.co.nz/wp-content/uploads/2021/Salamander/SAL-CSRAGB61-4.jpg Reason:Error getting remote image https://inspiry.co.nz/wp-content/uploads/2021/Salamander/SAL-CSRAGB61-4.jpg. Error: Not Found
07-28-2021 @ 21:00:45 - Image URL:https://inspiry.co.nz/wp-content/uploads/2021/Salamander/SAL-CSRAGB61-5.jpg
07-28-2021 @ 21:00:46 - URL:https://inspiry.co.nz/wp-content/uploads/2021/Salamander/SAL-CSRAGB61-5.jpg Reason:Error getting remote image https://inspiry.co.nz/wp-content/uploads/2021/Salamander/SAL-CSRAGB61-5.jpg. Error: Not Found
07-28-2021 @ 21:00:46 - Image URL:https://inspiry.co.nz/wp-content/uploads/2021/Salamander/SAL-CSRAGB61-6.jpg
07-28-2021 @ 21:00:47 - URL:https://inspiry.co.nz/wp-content/uploads/2021/Salamander/SAL-CSRAGB61-6.jpg Reason:Error getting remote image https://inspiry.co.nz/wp-content/uploads/2021/Salamander/SAL-CSRAGB61-6.jpg. Error: Not Found
07-28-2021 @ 21:00:47 - Image URL:https://inspiry.co.nz/wp-content/uploads/2021/Salamander/SAL-CSRAGB61-7.jpg
07-28-2021 @ 21:00:49 - URL:https://inspiry.co.nz/wp-content/uploads/2021/Salamander/SAL-CSRAGB61-7.jpg Reason:Error getting remote image https://inspiry.co.nz/wp-content/uploads/2021/Salamander/SAL-CSRAGB61-7.jpg. Error: Not Found
07-28-2021 @ 21:00:49 - Image URL:https://inspiry.co.nz/wp-content/uploads/2021/Salamander/SAL-CSRAGB61-8.jpg
07-28-2021 @ 21:00:50 - URL:https://inspiry.co.nz/wp-content/uploads/2021/Salamander/SAL-CSRAGB61-8.jpg Reason:Error getting remote image https://inspiry.co.nz/wp-content/uploads/2021/Salamander/SAL-CSRAGB61-8.jpg. Error: Not Found
07-28-2021 @ 21:00:50 - Image URL:https://inspiry.co.nz/wp-content/uploads/2021/Salamander/SAL-CSRAGB61-9.jpg
07-28-2021 @ 21:00:51 - URL:https://inspiry.co.nz/wp-content/uploads/2021/Salamander/SAL-CSRAGB61-9.jpg Reason:Error getting remote image https://inspiry.co.nz/wp-content/uploads/2021/Salamander/SAL-CSRAGB61-9.jpg. Error: Not Found
07-28-2021 @ 21:00:51 - Image URL:https://inspiry.co.nz/wp-content/uploads/2021/Salamander/SAL-CSRAGB61-10.jpg
07-28-2021 @ 21:00:52 - URL:https://inspiry.co.nz/wp-content/uploads/2021/Salamander/SAL-CSRAGB61-10.jpg Reason:Error getting remote image https://inspiry.co.nz/wp-content/uploads/2021/Salamander/SAL-CSRAGB61-10.jpg. Error: Not Found
07-28-2021 @ 21:00:52 - Image URL:https://inspiry.co.nz/wp-content/uploads/2021/Salamander/SAL-CSRAGB61-11.jpg
07-28-2021 @ 21:00:54 - URL:https://inspiry.co.nz/wp-content/uploads/2021/Salamander/SAL-CSRAGB61-11.jpg Reason:Error getting remote image https://inspiry.co.nz/wp-content/uploads/2021/Salamander/SAL-CSRAGB61-11.jpg. Error: Not Found
07-28-2021 @ 21:00:54 - Image URL:https://inspiry.co.nz/wp-content/uploads/2021/Salamander/SAL-CSRAGB61-12.jpg
07-28-2021 @ 21:00:55 - URL:https://inspiry.co.nz/wp-content/uploads/2021/Salamander/SAL-CSRAGB61-12.jpg Reason:Error getting remote image https://inspiry.co.nz/wp-content/uploads/2021/Salamander/SAL-CSRAGB61-12.jpg. Error: Not Found
07-28-2021 @ 21:00:55 - Image URL:https://inspiry.co.nz/wp-content/uploads/2021/Salamander/SAL-CSRAGB61-13.jpg
07-28-2021 @ 21:00:57 - URL:https://inspiry.co.nz/wp-content/uploads/2021/Salamander/SAL-CSRAGB61-13.jpg Reason:Error getting remote image https://inspiry.co.nz/wp-content/uploads/2021/Salamander/SAL-CSRAGB61-13.jpg. Error: Not Found
07-28-2021 @ 21:00:57 - Image URL:https://inspiry.co.nz/wp-content/uploads/2021/Salamander/SAL-CSRAGB61-14.jpg
07-28-2021 @ 21:00:58 - URL:https://inspiry.co.nz/wp-content/uploads/2021/Salamander/SAL-CSRAGB61-14.jpg Reason:Error getting remote image https://inspiry.co.nz/wp-content/uploads/2021/Salamander/SAL-CSRAGB61-14.jpg. Error: Not Found
07-28-2021 @ 21:00:58 - Image URL:https://inspiry.co.nz/wp-content/uploads/2021/Salamander/SAL-CSRAGB61-15.jpg
07-28-2021 @ 21:00:59 - URL:https://inspiry.co.nz/wp-content/uploads/2021/Salamander/SAL-CSRAGB61-15.jpg Reason:Error getting remote image https://inspiry.co.nz/wp-content/uploads/2021/Salamander/SAL-CSRAGB61-15.jpg. Error: Not Found
07-28-2021 @ 21:00:59 - Image URL:https://inspiry.co.nz/wp-content/uploads/2021/Salamander/SAL-CSRAGB61-16.jpg
07-28-2021 @ 21:01:01 - URL:https://inspiry.co.nz/wp-content/uploads/2021/Salamander/SAL-CSRAGB61-16.jpg Reason:Error getting remote image https://inspiry.co.nz/wp-content/uploads/2021/Salamander/SAL-CSRAGB61-16.jpg. Error: Not Found
07-28-2021 @ 21:01:01 - Image URL:https://inspiry.co.nz/wp-content/uploads/2021/Salamander/SAL-CSRAGB61-17.jpg
07-28-2021 @ 21:01:02 - URL:https://inspiry.co.nz/wp-content/uploads/2021/Salamander/SAL-CSRAGB61-17.jpg Reason:Error getting remote image https://inspiry.co.nz/wp-content/uploads/2021/Salamander/SAL-CSRAGB61-17.jpg. Error: Not Found
07-28-2021 @ 21:01:02 - Image URL:https://inspiry.co.nz/wp-content/uploads/2021/Salamander/SAL-CSRAGB61-18.jpg
07-28-2021 @ 21:01:04 - URL:https://inspiry.co.nz/wp-content/uploads/2021/Salamander/SAL-CSRAGB61-18.jpg Reason:Error getting remote image https://inspiry.co.nz/wp-content/uploads/2021/Salamander/SAL-CSRAGB61-18.jpg. Error: Not Found
07-28-2021 @ 21:01:04 - Image URL:https://inspiry.co.nz/wp-content/uploads/2021/Salamander/SAL-CSRAGB61-19.jpg
07-28-2021 @ 21:01:06 - URL:https://inspiry.co.nz/wp-content/uploads/2021/Salamander/SAL-CSRAGB61-19.jpg Reason:Error getting remote image https://inspiry.co.nz/wp-content/uploads/2021/Salamander/SAL-CSRAGB61-19.jpg. Error: Not Found
07-28-2021 @ 21:01:06 - Image URL:https://inspiry.co.nz/wp-content/uploads/2021/Salamander/SAL-CSRAGB61-20.jpg
07-28-2021 @ 21:01:07 - URL:https://inspiry.co.nz/wp-content/uploads/2021/Salamander/SAL-CSRAGB61-20.jpg Reason:Error getting remote image https://inspiry.co.nz/wp-content/uploads/2021/Salamander/SAL-CSRAGB61-20.jpg. Error: Not Found
07-28-2021 @ 21:01:08 - Row :7 - Product updated successfully.
07-28-2021 @ 21:01:08 - Row :8 - Parsing item.
07-28-2021 @ 21:01:08 - Row :8 - Processing item.
07-28-2021 @ 21:01:08 - Found simple product object. ID:450585
07-28-2021 @ 21:01:08 - Setting Featured Image. URL:https://inspiry.co.nz/wp-content/uploads/2021/Salamander/SAL-CSRAGB01.jpg
07-28-2021 @ 21:01:08 - Attachment ID:450654
07-28-2021 @ 21:01:08 - Setting Gallery Images.
07-28-2021 @ 21:01:08 - Image URL:https://inspiry.co.nz/wp-content/uploads/2021/Salamander/SAL-CSRAGB01-1.jpg
07-28-2021 @ 21:01:10 - URL:https://inspiry.co.nz/wp-content/uploads/2021/Salamander/SAL-CSRAGB01-1.jpg Reason:Error getting remote image https://inspiry.co.nz/wp-content/uploads/2021/Salamander/SAL-CSRAGB01-1.jpg. Error: Not Found
07-28-2021 @ 21:01:10 - Image URL:https://inspiry.co.nz/wp-content/uploads/2021/Salamander/SAL-CSRAGB01-2.jpg
07-28-2021 @ 21:01:11 - URL:https://inspiry.co.nz/wp-content/uploads/2021/Salamander/SAL-CSRAGB01-2.jpg Reason:Error getting remote image https://inspiry.co.nz/wp-content/uploads/2021/Salamander/SAL-CSRAGB01-2.jpg. Error: Not Found
07-28-2021 @ 21:01:11 - Image URL:https://inspiry.co.nz/wp-content/uploads/2021/Salamander/SAL-CSRAGB01-3.jpg
07-28-2021 @ 21:01:12 - URL:https://inspiry.co.nz/wp-content/uploads/2021/Salamander/SAL-CSRAGB01-3.jpg Reason:Error getting remote image https://inspiry.co.nz/wp-content/uploads/2021/Salamander/SAL-CSRAGB01-3.jpg. Error: Not Found
07-28-2021 @ 21:01:12 - Image URL:https://inspiry.co.nz/wp-content/uploads/2021/Salamander/SAL-CSRAGB01-4.jpg
07-28-2021 @ 21:01:14 - URL:https://inspiry.co.nz/wp-content/uploads/2021/Salamander/SAL-CSRAGB01-4.jpg Reason:Error getting remote image https://inspiry.co.nz/wp-content/uploads/2021/Salamander/SAL-CSRAGB01-4.jpg. Error: Not Found
07-28-2021 @ 21:01:14 - Image URL:https://inspiry.co.nz/wp-content/uploads/2021/Salamander/SAL-CSRAGB01-5.jpg
07-28-2021 @ 21:01:15 - URL:https://inspiry.co.nz/wp-content/uploads/2021/Salamander/SAL-CSRAGB01-5.jpg Reason:Error getting remote image https://inspiry.co.nz/wp-content/uploads/2021/Salamander/SAL-CSRAGB01-5.jpg. Error: Not Found
07-28-2021 @ 21:01:15 - Image URL:https://inspiry.co.nz/wp-content/uploads/2021/Salamander/SAL-CSRAGB01-6.jpg
07-28-2021 @ 21:01:16 - URL:https://inspiry.co.nz/wp-content/uploads/2021/Salamander/SAL-CSRAGB01-6.jpg Reason:Error getting remote image https://inspiry.co.nz/wp-content/uploads/2021/Salamander/SAL-CSRAGB01-6.jpg. Error: Not Found
07-28-2021 @ 21:01:16 - Image URL:https://inspiry.co.nz/wp-content/uploads/2021/Salamander/SAL-CSRAGB01-7.jpg
07-28-2021 @ 21:01:18 - URL:https://inspiry.co.nz/wp-content/uploads/2021/Salamander/SAL-CSRAGB01-7.jpg Reason:Error getting remote image https://inspiry.co.nz/wp-content/uploads/2021/Salamander/SAL-CSRAGB01-7.jpg. Error: Not Found
07-28-2021 @ 21:01:18 - Image URL:https://inspiry.co.nz/wp-content/uploads/2021/Salamander/SAL-CSRAGB01-8.jpg
07-28-2021 @ 21:01:19 - URL:https://inspiry.co.nz/wp-content/uploads/2021/Salamander/SAL-CSRAGB01-8.jpg Reason:Error getting remote image https://inspiry.co.nz/wp-content/uploads/2021/Salamander/SAL-CSRAGB01-8.jpg. Error: Not Found
07-28-2021 @ 21:01:19 - Image URL:https://inspiry.co.nz/wp-content/uploads/2021/Salamander/SAL-CSRAGB01-9.jpg
07-28-2021 @ 21:01:21 - URL:https://inspiry.co.nz/wp-content/uploads/2021/Salamander/SAL-CSRAGB01-9.jpg Reason:Error getting remote image https://inspiry.co.nz/wp-content/uploads/2021/Salamander/SAL-CSRAGB01-9.jpg. Error: Not Found
07-28-2021 @ 21:01:21 - Image URL:https://inspiry.co.nz/wp-content/uploads/2021/Salamander/SAL-CSRAGB01-10.jpg
07-28-2021 @ 21:01:22 - URL:https://inspiry.co.nz/wp-content/uploads/2021/Salamander/SAL-CSRAGB01-10.jpg Reason:Error getting remote image https://inspiry.co.nz/wp-content/uploads/2021/Salamander/SAL-CSRAGB01-10.jpg. Error: Not Found
07-28-2021 @ 21:01:22 - Image URL:https://inspiry.co.nz/wp-content/uploads/2021/Salamander/SAL-CSRAGB01-11.jpg
07-28-2021 @ 21:01:23 - URL:https://inspiry.co.nz/wp-content/uploads/2021/Salamander/SAL-CSRAGB01-11.jpg Reason:Error getting remote image https://inspiry.co.nz/wp-content/uploads/2021/Salamander/SAL-CSRAGB01-11.jpg. Error: Not Found
07-28-2021 @ 21:01:23 - Image URL:https://inspiry.co.nz/wp-content/uploads/2021/Salamander/SAL-CSRAGB01-12.jpg
07-28-2021 @ 21:01:25 - URL:https://inspiry.co.nz/wp-content/uploads/2021/Salamander/SAL-CSRAGB01-12.jpg Reason:Error getting remote image https://inspiry.co.nz/wp-content/uploads/2021/Salamander/SAL-CSRAGB01-12.jpg. Error: Not Found
07-28-2021 @ 21:01:25 - Image URL:https://inspiry.co.nz/wp-content/uploads/2021/Salamander/SAL-CSRAGB01-13.jpg
07-28-2021 @ 21:01:26 - URL:https://inspiry.co.nz/wp-content/uploads/2021/Salamander/SAL-CSRAGB01-13.jpg Reason:Error getting remote image https://inspiry.co.nz/wp-content/uploads/2021/Salamander/SAL-CSRAGB01-13.jpg. Error: Not Found
07-28-2021 @ 21:01:26 - Image URL:https://inspiry.co.nz/wp-content/uploads/2021/Salamander/SAL-CSRAGB01-14.jpg
07-28-2021 @ 21:01:27 - URL:https://inspiry.co.nz/wp-content/uploads/2021/Salamander/SAL-CSRAGB01-14.jpg Reason:Error getting remote image https://inspiry.co.nz/wp-content/uploads/2021/Salamander/SAL-CSRAGB01-14.jpg. Error: Not Found
07-28-2021 @ 21:01:27 - Image URL:https://inspiry.co.nz/wp-content/uploads/2021/Salamander/SAL-CSRAGB01-15.jpg
07-28-2021 @ 21:01:28 - URL:https://inspiry.co.nz/wp-content/uploads/2021/Salamander/SAL-CSRAGB01-15.jpg Reason:Error getting remote image https://inspiry.co.nz/wp-content/uploads/2021/Salamander/SAL-CSRAGB01-15.jpg. Error: Not Found
07-28-2021 @ 21:01:28 - Image URL:https://inspiry.co.nz/wp-content/uploads/2021/Salamander/SAL-CSRAGB01-16.jpg
07-28-2021 @ 21:01:30 - URL:https://inspiry.co.nz/wp-content/uploads/2021/Salamander/SAL-CSRAGB01-16.jpg Reason:Error getting remote image https://inspiry.co.nz/wp-content/uploads/2021/Salamander/SAL-CSRAGB01-16.jpg. Error: Not Found
07-28-2021 @ 21:01:30 - Image URL:https://inspiry.co.nz/wp-content/uploads/2021/Salamander/SAL-CSRAGB01-17.jpg
07-28-2021 @ 21:01:31 - URL:https://inspiry.co.nz/wp-content/uploads/2021/Salamander/SAL-CSRAGB01-17.jpg Reason:Error getting remote image https://inspiry.co.nz/wp-content/uploads/2021/Salamander/SAL-CSRAGB01-17.jpg. Error: Not Found
07-28-2021 @ 21:01:31 - Image URL:https://inspiry.co.nz/wp-content/uploads/2021/Salamander/SAL-CSRAGB01-18.jpg
07-28-2021 @ 21:01:32 - URL:https://inspiry.co.nz/wp-content/uploads/2021/Salamander/SAL-CSRAGB01-18.jpg Reason:Error getting remote image https://inspiry.co.nz/wp-content/uploads/2021/Salamander/SAL-CSRAGB01-18.jpg. Error: Not Found
07-28-2021 @ 21:01:32 - Image URL:https://inspiry.co.nz/wp-content/uploads/2021/Salamander/SAL-CSRAGB01-19.jpg
07-28-2021 @ 21:01:33 - URL:https://inspiry.co.nz/wp-content/uploads/2021/Salamander/SAL-CSRAGB01-19.jpg Reason:Error getting remote image https://inspiry.co.nz/wp-content/uploads/2021/Salamander/SAL-CSRAGB01-19.jpg. Error: Not Found
07-28-2021 @ 21:01:33 - Image URL:https://inspiry.co.nz/wp-content/uploads/2021/Salamander/SAL-CSRAGB01-20.jpg
07-28-2021 @ 21:01:35 - URL:https://inspiry.co.nz/wp-content/uploads/2021/Salamander/SAL-CSRAGB01-20.jpg Reason:Error getting remote image https://inspiry.co.nz/wp-content/uploads/2021/Salamander/SAL-CSRAGB01-20.jpg. Error: Not Found
07-28-2021 @ 21:01:36 - Row :8 - Product updated successfully.
07-28-2021 @ 21:01:36 - Row :9 - Parsing item.
07-28-2021 @ 21:01:36 - Row :9 - Processing item.
07-28-2021 @ 21:01:36 - Found simple product object. ID:450586
07-28-2021 @ 21:01:36 - Setting Featured Image. URL:https://inspiry.co.nz/wp-content/uploads/2021/Salamander/SAL-CSRAGB01HB.jpg
07-28-2021 @ 21:01:36 - Attachment ID:450655
07-28-2021 @ 21:01:36 - Setting Gallery Images.
07-28-2021 @ 21:01:36 - Image URL:https://inspiry.co.nz/wp-content/uploads/2021/Salamander/SAL-CSRAGB01HB-1.jpg
07-28-2021 @ 21:01:37 - URL:https://inspiry.co.nz/wp-content/uploads/2021/Salamander/SAL-CSRAGB01HB-1.jpg Reason:Error getting remote image https://inspiry.co.nz/wp-content/uploads/2021/Salamander/SAL-CSRAGB01HB-1.jpg. Error: Not Found
07-28-2021 @ 21:01:37 - Image URL:https://inspiry.co.nz/wp-content/uploads/2021/Salamander/SAL-CSRAGB01HB-2.jpg
07-28-2021 @ 21:01:38 - URL:https://inspiry.co.nz/wp-content/uploads/2021/Salamander/SAL-CSRAGB01HB-2.jpg Reason:Error getting remote image https://inspiry.co.nz/wp-content/uploads/2021/Salamander/SAL-CSRAGB01HB-2.jpg. Error: Not Found
07-28-2021 @ 21:01:38 - Image URL:https://inspiry.co.nz/wp-content/uploads/2021/Salamander/SAL-CSRAGB01HB-3.jpg
07-28-2021 @ 21:01:40 - URL:https://inspiry.co.nz/wp-content/uploads/2021/Salamander/SAL-CSRAGB01HB-3.jpg Reason:Error getting remote image https://inspiry.co.nz/wp-content/uploads/2021/Salamander/SAL-CSRAGB01HB-3.jpg. Error: Not Found
07-28-2021 @ 21:01:40 - Image URL:https://inspiry.co.nz/wp-content/uploads/2021/Salamander/SAL-CSRAGB01HB-4.jpg
07-28-2021 @ 21:01:41 - URL:https://inspiry.co.nz/wp-content/uploads/2021/Salamander/SAL-CSRAGB01HB-4.jpg Reason:Error getting remote image https://inspiry.co.nz/wp-content/uploads/2021/Salamander/SAL-CSRAGB01HB-4.jpg. Error: Not Found
07-28-2021 @ 21:01:41 - Image URL:https://inspiry.co.nz/wp-content/uploads/2021/Salamander/SAL-CSRAGB01HB-5.jpg
07-28-2021 @ 21:01:42 - URL:https://inspiry.co.nz/wp-content/uploads/2021/Salamander/SAL-CSRAGB01HB-5.jpg Reason:Error getting remote image https://inspiry.co.nz/wp-content/uploads/2021/Salamander/SAL-CSRAGB01HB-5.jpg. Error: Not Found
07-28-2021 @ 21:01:42 - Image URL:https://inspiry.co.nz/wp-content/uploads/2021/Salamander/SAL-CSRAGB01HB-6.jpg
07-28-2021 @ 21:01:43 - URL:https://inspiry.co.nz/wp-content/uploads/2021/Salamander/SAL-CSRAGB01HB-6.jpg Reason:Error getting remote image https://inspiry.co.nz/wp-content/uploads/2021/Salamander/SAL-CSRAGB01HB-6.jpg. Error: Not Found
07-28-2021 @ 21:01:43 - Image URL:https://inspiry.co.nz/wp-content/uploads/2021/Salamander/SAL-CSRAGB01HB-7.jpg
07-28-2021 @ 21:01:45 - URL:https://inspiry.co.nz/wp-content/uploads/2021/Salamander/SAL-CSRAGB01HB-7.jpg Reason:Error getting remote image https://inspiry.co.nz/wp-content/uploads/2021/Salamander/SAL-CSRAGB01HB-7.jpg. Error: Not Found
07-28-2021 @ 21:01:45 - Image URL:https://inspiry.co.nz/wp-content/uploads/2021/Salamander/SAL-CSRAGB01HB-8.jpg
07-28-2021 @ 21:01:46 - URL:https://inspiry.co.nz/wp-content/uploads/2021/Salamander/SAL-CSRAGB01HB-8.jpg Reason:Error getting remote image https://inspiry.co.nz/wp-content/uploads/2021/Salamander/SAL-CSRAGB01HB-8.jpg. Error: Not Found
07-28-2021 @ 21:01:46 - Image URL:https://inspiry.co.nz/wp-content/uploads/2021/Salamander/SAL-CSRAGB01HB-9.jpg
07-28-2021 @ 21:01:47 - URL:https://inspiry.co.nz/wp-content/uploads/2021/Salamander/SAL-CSRAGB01HB-9.jpg Reason:Error getting remote image https://inspiry.co.nz/wp-content/uploads/2021/Salamander/SAL-CSRAGB01HB-9.jpg. Error: Not Found
07-28-2021 @ 21:01:47 - Image URL:https://inspiry.co.nz/wp-content/uploads/2021/Salamander/SAL-CSRAGB01HB-10.jpg
07-28-2021 @ 21:01:49 - URL:https://inspiry.co.nz/wp-content/uploads/2021/Salamander/SAL-CSRAGB01HB-10.jpg Reason:Error getting remote image https://inspiry.co.nz/wp-content/uploads/2021/Salamander/SAL-CSRAGB01HB-10.jpg. Error: Not Found
07-28-2021 @ 21:01:49 - Image URL:https://inspiry.co.nz/wp-content/uploads/2021/Salamander/SAL-CSRAGB01HB-11.jpg
07-28-2021 @ 21:01:50 - URL:https://inspiry.co.nz/wp-content/uploads/2021/Salamander/SAL-CSRAGB01HB-11.jpg Reason:Error getting remote image https://inspiry.co.nz/wp-content/uploads/2021/Salamander/SAL-CSRAGB01HB-11.jpg. Error: Not Found
07-28-2021 @ 21:01:50 - Image URL:https://inspiry.co.nz/wp-content/uploads/2021/Salamander/SAL-CSRAGB01HB-12.jpg
07-28-2021 @ 21:01:51 - URL:https://inspiry.co.nz/wp-content/uploads/2021/Salamander/SAL-CSRAGB01HB-12.jpg Reason:Error getting remote image https://inspiry.co.nz/wp-content/uploads/2021/Salamander/SAL-CSRAGB01HB-12.jpg. Error: Not Found
07-28-2021 @ 21:01:51 - Image URL:https://inspiry.co.nz/wp-content/uploads/2021/Salamander/SAL-CSRAGB01HB-13.jpg
07-28-2021 @ 21:01:53 - URL:https://inspiry.co.nz/wp-content/uploads/2021/Salamander/SAL-CSRAGB01HB-13.jpg Reason:Error getting remote image https://inspiry.co.nz/wp-content/uploads/2021/Salamander/SAL-CSRAGB01HB-13.jpg. Error: Not Found
07-28-2021 @ 21:01:53 - Image URL:https://inspiry.co.nz/wp-content/uploads/2021/Salamander/SAL-CSRAGB01HB-14.jpg
07-28-2021 @ 21:01:54 - URL:https://inspiry.co.nz/wp-content/uploads/2021/Salamander/SAL-CSRAGB01HB-14.jpg Reason:Error getting remote image https://inspiry.co.nz/wp-content/uploads/2021/Salamander/SAL-CSRAGB01HB-14.jpg. Error: Not Found
07-28-2021 @ 21:01:54 - Image URL:https://inspiry.co.nz/wp-content/uploads/2021/Salamander/SAL-CSRAGB01HB-15.jpg
07-28-2021 @ 21:01:55 - URL:https://inspiry.co.nz/wp-content/uploads/2021/Salamander/SAL-CSRAGB01HB-15.jpg Reason:Error getting remote image https://inspiry.co.nz/wp-content/uploads/2021/Salamander/SAL-CSRAGB01HB-15.jpg. Error: Not Found
07-28-2021 @ 21:01:55 - Image URL:https://inspiry.co.nz/wp-content/uploads/2021/Salamander/SAL-CSRAGB01HB-16.jpg
07-28-2021 @ 21:01:57 - URL:https://inspiry.co.nz/wp-content/uploads/2021/Salamander/SAL-CSRAGB01HB-16.jpg Reason:Error getting remote image https://inspiry.co.nz/wp-content/uploads/2021/Salamander/SAL-CSRAGB01HB-16.jpg. Error: Not Found
07-28-2021 @ 21:01:57 - Image URL:https://inspiry.co.nz/wp-content/uploads/2021/Salamander/SAL-CSRAGB01HB-17.jpg
07-28-2021 @ 21:01:58 - URL:https://inspiry.co.nz/wp-content/uploads/2021/Salamander/SAL-CSRAGB01HB-17.jpg Reason:Error getting remote image https://inspiry.co.nz/wp-content/uploads/2021/Salamander/SAL-CSRAGB01HB-17.jpg. Error: Not Found
07-28-2021 @ 21:01:58 - Image URL:https://inspiry.co.nz/wp-content/uploads/2021/Salamander/SAL-CSRAGB01HB-18.jpg
07-28-2021 @ 21:01:59 - URL:https://inspiry.co.nz/wp-content/uploads/2021/Salamander/SAL-CSRAGB01HB-18.jpg Reason:Error getting remote image https://inspiry.co.nz/wp-content/uploads/2021/Salamander/SAL-CSRAGB01HB-18.jpg. Error: Not Found
07-28-2021 @ 21:01:59 - Image URL:https://inspiry.co.nz/wp-content/uploads/2021/Salamander/SAL-CSRAGB01HB-19.jpg
07-28-2021 @ 21:02:00 - URL:https://inspiry.co.nz/wp-content/uploads/2021/Salamander/SAL-CSRAGB01HB-19.jpg Reason:Error getting remote image https://inspiry.co.nz/wp-content/uploads/2021/Salamander/SAL-CSRAGB01HB-19.jpg. Error: Not Found
07-28-2021 @ 21:02:00 - Image URL:https://inspiry.co.nz/wp-content/uploads/2021/Salamander/SAL-CSRAGB01HB-20.jpg
07-28-2021 @ 21:02:02 - URL:https://inspiry.co.nz/wp-content/uploads/2021/Salamander/SAL-CSRAGB01HB-20.jpg Reason:Error getting remote image https://inspiry.co.nz/wp-content/uploads/2021/Salamander/SAL-CSRAGB01HB-20.jpg. Error: Not Found
07-28-2021 @ 21:02:04 - Row :9 - Product updated successfully.
07-28-2021 @ 21:02:04 - Row :10 - Parsing item.
07-28-2021 @ 21:02:04 - Row :10 - Processing item.
07-28-2021 @ 21:02:04 - Found simple product object. ID:450587
07-28-2021 @ 21:02:04 - Setting Featured Image. URL:https://inspiry.co.nz/wp-content/uploads/2021/Salamander/SAL-CSRAGB02HB.jpg
07-28-2021 @ 21:02:04 - Attachment ID:450656
07-28-2021 @ 21:02:04 - Setting Gallery Images.
07-28-2021 @ 21:02:04 - Image URL:https://inspiry.co.nz/wp-content/uploads/2021/Salamander/SAL-CSRAGB02HB-1.jpg
07-28-2021 @ 21:02:06 - URL:https://inspiry.co.nz/wp-content/uploads/2021/Salamander/SAL-CSRAGB02HB-1.jpg Reason:Error getting remote image https://inspiry.co.nz/wp-content/uploads/2021/Salamander/SAL-CSRAGB02HB-1.jpg. Error: Not Found
07-28-2021 @ 21:02:06 - Image URL:https://inspiry.co.nz/wp-content/uploads/2021/Salamander/SAL-CSRAGB02HB-2.jpg
07-28-2021 @ 21:02:08 - URL:https://inspiry.co.nz/wp-content/uploads/2021/Salamander/SAL-CSRAGB02HB-2.jpg Reason:Error getting remote image https://inspiry.co.nz/wp-content/uploads/2021/Salamander/SAL-CSRAGB02HB-2.jpg. Error: Not Found
07-28-2021 @ 21:02:08 - Image URL:https://inspiry.co.nz/wp-content/uploads/2021/Salamander/SAL-CSRAGB02HB-3.jpg
07-28-2021 @ 21:02:10 - URL:https://inspiry.co.nz/wp-content/uploads/2021/Salamander/SAL-CSRAGB02HB-3.jpg Reason:Error getting remote image https://inspiry.co.nz/wp-content/uploads/2021/Salamander/SAL-CSRAGB02HB-3.jpg. Error: Not Found
07-28-2021 @ 21:02:10 - Image URL:https://inspiry.co.nz/wp-content/uploads/2021/Salamander/SAL-CSRAGB02HB-4.jpg
07-28-2021 @ 21:02:11 - URL:https://inspiry.co.nz/wp-content/uploads/2021/Salamander/SAL-CSRAGB02HB-4.jpg Reason:Error getting remote image https://inspiry.co.nz/wp-content/uploads/2021/Salamander/SAL-CSRAGB02HB-4.jpg. Error: Not Found
07-28-2021 @ 21:02:11 - Image URL:https://inspiry.co.nz/wp-content/uploads/2021/Salamander/SAL-CSRAGB02HB-5.jpg
07-28-2021 @ 21:02:13 - URL:https://inspiry.co.nz/wp-content/uploads/2021/Salamander/SAL-CSRAGB02HB-5.jpg Reason:Error getting remote image https://inspiry.co.nz/wp-content/uploads/2021/Salamander/SAL-CSRAGB02HB-5.jpg. Error: Not Found
07-28-2021 @ 21:02:13 - Image URL:https://inspiry.co.nz/wp-content/uploads/2021/Salamander/SAL-CSRAGB02HB-6.jpg
07-28-2021 @ 21:02:15 - URL:https://inspiry.co.nz/wp-content/uploads/2021/Salamander/SAL-CSRAGB02HB-6.jpg Reason:Error getting remote image https://inspiry.co.nz/wp-content/uploads/2021/Salamander/SAL-CSRAGB02HB-6.jpg. Error: Not Found
07-28-2021 @ 21:02:15 - Image URL:https://inspiry.co.nz/wp-content/uploads/2021/Salamander/SAL-CSRAGB02HB-7.jpg
07-28-2021 @ 21:02:17 - URL:https://inspiry.co.nz/wp-content/uploads/2021/Salamander/SAL-CSRAGB02HB-7.jpg Reason:Error getting remote image https://inspiry.co.nz/wp-content/uploads/2021/Salamander/SAL-CSRAGB02HB-7.jpg. Error: Not Found
07-28-2021 @ 21:02:17 - Image URL:https://inspiry.co.nz/wp-content/uploads/2021/Salamander/SAL-CSRAGB02HB-8.jpg
07-28-2021 @ 21:02:18 - URL:https://inspiry.co.nz/wp-content/uploads/2021/Salamander/SAL-CSRAGB02HB-8.jpg Reason:Error getting remote image https://inspiry.co.nz/wp-content/uploads/2021/Salamander/SAL-CSRAGB02HB-8.jpg. Error: Not Found
07-28-2021 @ 21:02:18 - Image URL:https://inspiry.co.nz/wp-content/uploads/2021/Salamander/SAL-CSRAGB02HB-9.jpg
07-28-2021 @ 21:02:20 - URL:https://inspiry.co.nz/wp-content/uploads/2021/Salamander/SAL-CSRAGB02HB-9.jpg Reason:Error getting remote image https://inspiry.co.nz/wp-content/uploads/2021/Salamander/SAL-CSRAGB02HB-9.jpg. Error: Not Found
07-28-2021 @ 21:02:20 - Image URL:https://inspiry.co.nz/wp-content/uploads/2021/Salamander/SAL-CSRAGB02HB-10.jpg
07-28-2021 @ 21:02:21 - URL:https://inspiry.co.nz/wp-content/uploads/2021/Salamander/SAL-CSRAGB02HB-10.jpg Reason:Error getting remote image https://inspiry.co.nz/wp-content/uploads/2021/Salamander/SAL-CSRAGB02HB-10.jpg. Error: Not Found
07-28-2021 @ 21:02:21 - Image URL:https://inspiry.co.nz/wp-content/uploads/2021/Salamander/SAL-CSRAGB02HB-11.jpg
07-28-2021 @ 21:02:23 - URL:https://inspiry.co.nz/wp-content/uploads/2021/Salamander/SAL-CSRAGB02HB-11.jpg Reason:Error getting remote image https://inspiry.co.nz/wp-content/uploads/2021/Salamander/SAL-CSRAGB02HB-11.jpg. Error: Not Found
07-28-2021 @ 21:02:23 - Image URL:https://inspiry.co.nz/wp-content/uploads/2021/Salamander/SAL-CSRAGB02HB-12.jpg
07-28-2021 @ 21:02:24 - URL:https://inspiry.co.nz/wp-content/uploads/2021/Salamander/SAL-CSRAGB02HB-12.jpg Reason:Error getting remote image https://inspiry.co.nz/wp-content/uploads/2021/Salamander/SAL-CSRAGB02HB-12.jpg. Error: Not Found
07-28-2021 @ 21:02:24 - Image URL:https://inspiry.co.nz/wp-content/uploads/2021/Salamander/SAL-CSRAGB02HB-13.jpg
07-28-2021 @ 21:02:25 - URL:https://inspiry.co.nz/wp-content/uploads/2021/Salamander/SAL-CSRAGB02HB-13.jpg Reason:Error getting remote image https://inspiry.co.nz/wp-content/uploads/2021/Salamander/SAL-CSRAGB02HB-13.jpg. Error: Not Found
07-28-2021 @ 21:02:25 - Image URL:https://inspiry.co.nz/wp-content/uploads/2021/Salamander/SAL-CSRAGB02HB-14.jpg
07-28-2021 @ 21:02:27 - URL:https://inspiry.co.nz/wp-content/uploads/2021/Salamander/SAL-CSRAGB02HB-14.jpg Reason:Error getting remote image https://inspiry.co.nz/wp-content/uploads/2021/Salamander/SAL-CSRAGB02HB-14.jpg. Error: Not Found
07-28-2021 @ 21:02:27 - Image URL:https://inspiry.co.nz/wp-content/uploads/2021/Salamander/SAL-CSRAGB02HB-15.jpg
07-28-2021 @ 21:02:28 - URL:https://inspiry.co.nz/wp-content/uploads/2021/Salamander/SAL-CSRAGB02HB-15.jpg Reason:Error getting remote image https://inspiry.co.nz/wp-content/uploads/2021/Salamander/SAL-CSRAGB02HB-15.jpg. Error: Not Found
07-28-2021 @ 21:02:28 - Image URL:https://inspiry.co.nz/wp-content/uploads/2021/Salamander/SAL-CSRAGB02HB-16.jpg
07-28-2021 @ 21:02:30 - URL:https://inspiry.co.nz/wp-content/uploads/2021/Salamander/SAL-CSRAGB02HB-16.jpg Reason:Error getting remote image https://inspiry.co.nz/wp-content/uploads/2021/Salamander/SAL-CSRAGB02HB-16.jpg. Error: Not Found
07-28-2021 @ 21:02:30 - Image URL:https://inspiry.co.nz/wp-content/uploads/2021/Salamander/SAL-CSRAGB02HB-17.jpg
07-28-2021 @ 21:02:31 - URL:https://inspiry.co.nz/wp-content/uploads/2021/Salamander/SAL-CSRAGB02HB-17.jpg Reason:Error getting remote image https://inspiry.co.nz/wp-content/uploads/2021/Salamander/SAL-CSRAGB02HB-17.jpg. Error: Not Found
07-28-2021 @ 21:02:31 - Image URL:https://inspiry.co.nz/wp-content/uploads/2021/Salamander/SAL-CSRAGB02HB-18.jpg
07-28-2021 @ 21:02:32 - URL:https://inspiry.co.nz/wp-content/uploads/2021/Salamander/SAL-CSRAGB02HB-18.jpg Reason:Error getting remote image https://inspiry.co.nz/wp-content/uploads/2021/Salamander/SAL-CSRAGB02HB-18.jpg. Error: Not Found
07-28-2021 @ 21:02:32 - Image URL:https://inspiry.co.nz/wp-content/uploads/2021/Salamander/SAL-CSRAGB02HB-19.jpg
07-28-2021 @ 21:02:34 - URL:https://inspiry.co.nz/wp-content/uploads/2021/Salamander/SAL-CSRAGB02HB-19.jpg Reason:Error getting remote image https://inspiry.co.nz/wp-content/uploads/2021/Salamander/SAL-CSRAGB02HB-19.jpg. Error: Not Found
07-28-2021 @ 21:02:34 - Image URL:https://inspiry.co.nz/wp-content/uploads/2021/Salamander/SAL-CSRAGB02HB-20.jpg
07-28-2021 @ 21:02:35 - URL:https://inspiry.co.nz/wp-content/uploads/2021/Salamander/SAL-CSRAGB02HB-20.jpg Reason:Error getting remote image https://inspiry.co.nz/wp-content/uploads/2021/Salamander/SAL-CSRAGB02HB-20.jpg. Error: Not Found
07-28-2021 @ 21:02:36 - Row :10 - Product updated successfully.
