07-29-2021 @ 01:05:24 - ---[ New import started at 2021-07-28 13:05:24 ] PHP Memory: 768 MB, WP Memory: 40 MB
07-29-2021 @ 01:05:24 - Preparing for import.
07-29-2021 @ 01:05:24 - Row :1 - Parsing item.
07-29-2021 @ 01:05:24 - Row :1 - Processing item.
07-29-2021 @ 01:05:24 - Found simple product object. ID:450578
07-29-2021 @ 01:05:24 - Setting Featured Image. URL:https://inspiry.co.nz/wp-content/uploads/2021/Salamander/SAL-EURFERGRE.jpg
07-29-2021 @ 01:05:24 - Attachment ID:450631
07-29-2021 @ 01:05:24 - Setting Gallery Images.
07-29-2021 @ 01:05:24 - Image URL:https://inspiry.co.nz/wp-content/uploads/2021/Salamander/SAL-EURFERGRE-1.jpg
07-29-2021 @ 01:05:25 - Attachment ID:450632
07-29-2021 @ 01:05:25 - Image URL:https://inspiry.co.nz/wp-content/uploads/2021/Salamander/SAL-EURFERGRE-2.jpg
07-29-2021 @ 01:05:25 - Attachment ID:450633
07-29-2021 @ 01:05:25 - Image URL:https://inspiry.co.nz/wp-content/uploads/2021/Salamander/SAL-EURFERGRE-3.jpg
07-29-2021 @ 01:05:26 - Attachment ID:450634
07-29-2021 @ 01:05:26 - Image URL:https://inspiry.co.nz/wp-content/uploads/2021/Salamander/SAL-EURFERGRE-4.jpg
07-29-2021 @ 01:05:26 - Attachment ID:450635
07-29-2021 @ 01:05:26 - Image URL:https://inspiry.co.nz/wp-content/uploads/2021/Salamander/SAL-EURFERGRE-5.jpg
07-29-2021 @ 01:05:27 - URL:https://inspiry.co.nz/wp-content/uploads/2021/Salamander/SAL-EURFERGRE-5.jpg Reason:Error getting remote image https://inspiry.co.nz/wp-content/uploads/2021/Salamander/SAL-EURFERGRE-5.jpg. Error: Not Found
07-29-2021 @ 01:05:27 - Image URL:https://inspiry.co.nz/wp-content/uploads/2021/Salamander/SAL-EURFERGRE-6.jpg
07-29-2021 @ 01:05:29 - URL:https://inspiry.co.nz/wp-content/uploads/2021/Salamander/SAL-EURFERGRE-6.jpg Reason:Error getting remote image https://inspiry.co.nz/wp-content/uploads/2021/Salamander/SAL-EURFERGRE-6.jpg. Error: Not Found
07-29-2021 @ 01:05:29 - Image URL:https://inspiry.co.nz/wp-content/uploads/2021/Salamander/SAL-EURFERGRE-7.jpg
07-29-2021 @ 01:05:30 - URL:https://inspiry.co.nz/wp-content/uploads/2021/Salamander/SAL-EURFERGRE-7.jpg Reason:Error getting remote image https://inspiry.co.nz/wp-content/uploads/2021/Salamander/SAL-EURFERGRE-7.jpg. Error: Not Found
07-29-2021 @ 01:05:30 - Image URL:https://inspiry.co.nz/wp-content/uploads/2021/Salamander/SAL-EURFERGRE-8.jpg
07-29-2021 @ 01:05:32 - URL:https://inspiry.co.nz/wp-content/uploads/2021/Salamander/SAL-EURFERGRE-8.jpg Reason:Error getting remote image https://inspiry.co.nz/wp-content/uploads/2021/Salamander/SAL-EURFERGRE-8.jpg. Error: Not Found
07-29-2021 @ 01:05:32 - Image URL:https://inspiry.co.nz/wp-content/uploads/2021/Salamander/SAL-EURFERGRE-9.jpg
07-29-2021 @ 01:05:33 - URL:https://inspiry.co.nz/wp-content/uploads/2021/Salamander/SAL-EURFERGRE-9.jpg Reason:Error getting remote image https://inspiry.co.nz/wp-content/uploads/2021/Salamander/SAL-EURFERGRE-9.jpg. Error: Not Found
07-29-2021 @ 01:05:33 - Image URL:https://inspiry.co.nz/wp-content/uploads/2021/Salamander/SAL-EURFERGRE-10.jpg
07-29-2021 @ 01:05:35 - URL:https://inspiry.co.nz/wp-content/uploads/2021/Salamander/SAL-EURFERGRE-10.jpg Reason:Error getting remote image https://inspiry.co.nz/wp-content/uploads/2021/Salamander/SAL-EURFERGRE-10.jpg. Error: Not Found
07-29-2021 @ 01:05:35 - Row :1 - Product updated successfully.
07-29-2021 @ 01:05:35 - Row :2 - Parsing item.
07-29-2021 @ 01:05:35 - Row :2 - Processing item.
07-29-2021 @ 01:05:36 - Found simple product object. ID:450579
07-29-2021 @ 01:05:36 - Setting Featured Image. URL:https://inspiry.co.nz/wp-content/uploads/2021/Salamander/SAL-EURFERBLK.jpg
07-29-2021 @ 01:05:36 - Attachment ID:450636
07-29-2021 @ 01:05:36 - Setting Gallery Images.
07-29-2021 @ 01:05:36 - Image URL:https://inspiry.co.nz/wp-content/uploads/2021/Salamander/SAL-EURFERBLK-1.jpg
07-29-2021 @ 01:05:36 - Attachment ID:450637
07-29-2021 @ 01:05:36 - Image URL:https://inspiry.co.nz/wp-content/uploads/2021/Salamander/SAL-EURFERBLK-2.jpg
07-29-2021 @ 01:05:36 - Attachment ID:450638
07-29-2021 @ 01:05:36 - Image URL:https://inspiry.co.nz/wp-content/uploads/2021/Salamander/SAL-EURFERBLK-3.jpg
07-29-2021 @ 01:05:37 - Attachment ID:450639
07-29-2021 @ 01:05:37 - Image URL:https://inspiry.co.nz/wp-content/uploads/2021/Salamander/SAL-EURFERBLK-4.jpg
07-29-2021 @ 01:05:37 - Attachment ID:450640
07-29-2021 @ 01:05:37 - Image URL:https://inspiry.co.nz/wp-content/uploads/2021/Salamander/SAL-EURFERBLK-5.jpg
07-29-2021 @ 01:05:38 - URL:https://inspiry.co.nz/wp-content/uploads/2021/Salamander/SAL-EURFERBLK-5.jpg Reason:Error getting remote image https://inspiry.co.nz/wp-content/uploads/2021/Salamander/SAL-EURFERBLK-5.jpg. Error: Not Found
07-29-2021 @ 01:05:38 - Image URL:https://inspiry.co.nz/wp-content/uploads/2021/Salamander/SAL-EURFERBLK-6.jpg
07-29-2021 @ 01:05:40 - URL:https://inspiry.co.nz/wp-content/uploads/2021/Salamander/SAL-EURFERBLK-6.jpg Reason:Error getting remote image https://inspiry.co.nz/wp-content/uploads/2021/Salamander/SAL-EURFERBLK-6.jpg. Error: Not Found
07-29-2021 @ 01:05:40 - Image URL:https://inspiry.co.nz/wp-content/uploads/2021/Salamander/SAL-EURFERBLK-7.jpg
07-29-2021 @ 01:05:41 - URL:https://inspiry.co.nz/wp-content/uploads/2021/Salamander/SAL-EURFERBLK-7.jpg Reason:Error getting remote image https://inspiry.co.nz/wp-content/uploads/2021/Salamander/SAL-EURFERBLK-7.jpg. Error: Not Found
07-29-2021 @ 01:05:41 - Image URL:https://inspiry.co.nz/wp-content/uploads/2021/Salamander/SAL-EURFERBLK-8.jpg
07-29-2021 @ 01:05:42 - URL:https://inspiry.co.nz/wp-content/uploads/2021/Salamander/SAL-EURFERBLK-8.jpg Reason:Error getting remote image https://inspiry.co.nz/wp-content/uploads/2021/Salamander/SAL-EURFERBLK-8.jpg. Error: Not Found
07-29-2021 @ 01:05:42 - Image URL:https://inspiry.co.nz/wp-content/uploads/2021/Salamander/SAL-EURFERBLK-9.jpg
07-29-2021 @ 01:05:44 - URL:https://inspiry.co.nz/wp-content/uploads/2021/Salamander/SAL-EURFERBLK-9.jpg Reason:Error getting remote image https://inspiry.co.nz/wp-content/uploads/2021/Salamander/SAL-EURFERBLK-9.jpg. Error: Not Found
07-29-2021 @ 01:05:44 - Image URL:https://inspiry.co.nz/wp-content/uploads/2021/Salamander/SAL-EURFERBLK-10.jpg
07-29-2021 @ 01:05:45 - URL:https://inspiry.co.nz/wp-content/uploads/2021/Salamander/SAL-EURFERBLK-10.jpg Reason:Error getting remote image https://inspiry.co.nz/wp-content/uploads/2021/Salamander/SAL-EURFERBLK-10.jpg. Error: Not Found
07-29-2021 @ 01:05:45 - Row :2 - Product updated successfully.
07-29-2021 @ 01:05:45 - Row :3 - Parsing item.
07-29-2021 @ 01:05:45 - Row :3 - Processing item.
07-29-2021 @ 01:05:45 - Found simple product object. ID:450580
07-29-2021 @ 01:05:45 - Setting Featured Image. URL:https://inspiry.co.nz/wp-content/uploads/2021/Salamander/SAL-EURFERDBRN.jpg
07-29-2021 @ 01:05:46 - Attachment ID:450641
07-29-2021 @ 01:05:46 - Setting Gallery Images.
07-29-2021 @ 01:05:46 - Image URL:https://inspiry.co.nz/wp-content/uploads/2021/Salamander/SAL-EURFERDBRN-1.jpg
07-29-2021 @ 01:05:46 - Attachment ID:450642
07-29-2021 @ 01:05:46 - Image URL:https://inspiry.co.nz/wp-content/uploads/2021/Salamander/SAL-EURFERDBRN-2.jpg
07-29-2021 @ 01:05:46 - Attachment ID:450643
07-29-2021 @ 01:05:46 - Image URL:https://inspiry.co.nz/wp-content/uploads/2021/Salamander/SAL-EURFERDBRN-3.jpg
07-29-2021 @ 01:05:47 - Attachment ID:450644
07-29-2021 @ 01:05:47 - Image URL:https://inspiry.co.nz/wp-content/uploads/2021/Salamander/SAL-EURFERDBRN-4.jpg
07-29-2021 @ 01:05:47 - Attachment ID:450645
07-29-2021 @ 01:05:47 - Image URL:https://inspiry.co.nz/wp-content/uploads/2021/Salamander/SAL-EURFERDBRN-5.jpg
07-29-2021 @ 01:05:49 - URL:https://inspiry.co.nz/wp-content/uploads/2021/Salamander/SAL-EURFERDBRN-5.jpg Reason:Error getting remote image https://inspiry.co.nz/wp-content/uploads/2021/Salamander/SAL-EURFERDBRN-5.jpg. Error: Not Found
07-29-2021 @ 01:05:49 - Image URL:https://inspiry.co.nz/wp-content/uploads/2021/Salamander/SAL-EURFERDBRN-6.jpg
07-29-2021 @ 01:05:50 - URL:https://inspiry.co.nz/wp-content/uploads/2021/Salamander/SAL-EURFERDBRN-6.jpg Reason:Error getting remote image https://inspiry.co.nz/wp-content/uploads/2021/Salamander/SAL-EURFERDBRN-6.jpg. Error: Not Found
07-29-2021 @ 01:05:50 - Image URL:https://inspiry.co.nz/wp-content/uploads/2021/Salamander/SAL-EURFERDBRN-7.jpg
07-29-2021 @ 01:05:51 - URL:https://inspiry.co.nz/wp-content/uploads/2021/Salamander/SAL-EURFERDBRN-7.jpg Reason:Error getting remote image https://inspiry.co.nz/wp-content/uploads/2021/Salamander/SAL-EURFERDBRN-7.jpg. Error: Not Found
07-29-2021 @ 01:05:51 - Image URL:https://inspiry.co.nz/wp-content/uploads/2021/Salamander/SAL-EURFERDBRN-8.jpg
07-29-2021 @ 01:05:53 - URL:https://inspiry.co.nz/wp-content/uploads/2021/Salamander/SAL-EURFERDBRN-8.jpg Reason:Error getting remote image https://inspiry.co.nz/wp-content/uploads/2021/Salamander/SAL-EURFERDBRN-8.jpg. Error: Not Found
07-29-2021 @ 01:05:53 - Image URL:https://inspiry.co.nz/wp-content/uploads/2021/Salamander/SAL-EURFERDBRN-9.jpg
07-29-2021 @ 01:05:54 - URL:https://inspiry.co.nz/wp-content/uploads/2021/Salamander/SAL-EURFERDBRN-9.jpg Reason:Error getting remote image https://inspiry.co.nz/wp-content/uploads/2021/Salamander/SAL-EURFERDBRN-9.jpg. Error: Not Found
07-29-2021 @ 01:05:54 - Image URL:https://inspiry.co.nz/wp-content/uploads/2021/Salamander/SAL-EURFERDBRN-10.jpg
07-29-2021 @ 01:05:56 - URL:https://inspiry.co.nz/wp-content/uploads/2021/Salamander/SAL-EURFERDBRN-10.jpg Reason:Error getting remote image https://inspiry.co.nz/wp-content/uploads/2021/Salamander/SAL-EURFERDBRN-10.jpg. Error: Not Found
07-29-2021 @ 01:05:56 - Row :3 - Product updated successfully.
07-29-2021 @ 01:05:56 - Row :4 - Parsing item.
07-29-2021 @ 01:05:56 - Row :4 - Processing item.
07-29-2021 @ 01:05:56 - Found simple product object. ID:450581
07-29-2021 @ 01:05:56 - Setting Featured Image. URL:https://inspiry.co.nz/wp-content/uploads/2021/Salamander/SAL-EURFERCOG.jpg
07-29-2021 @ 01:05:56 - Attachment ID:450646
07-29-2021 @ 01:05:56 - Setting Gallery Images.
07-29-2021 @ 01:05:56 - Image URL:https://inspiry.co.nz/wp-content/uploads/2021/Salamander/SAL-EURFERCOG-1.jpg
07-29-2021 @ 01:05:57 - Attachment ID:450647
07-29-2021 @ 01:05:57 - Image URL:https://inspiry.co.nz/wp-content/uploads/2021/Salamander/SAL-EURFERCOG-2.jpg
07-29-2021 @ 01:05:57 - Attachment ID:450648
07-29-2021 @ 01:05:57 - Image URL:https://inspiry.co.nz/wp-content/uploads/2021/Salamander/SAL-EURFERCOG-3.jpg
07-29-2021 @ 01:05:57 - Attachment ID:450649
07-29-2021 @ 01:05:57 - Image URL:https://inspiry.co.nz/wp-content/uploads/2021/Salamander/SAL-EURFERCOG-4.jpg
07-29-2021 @ 01:05:58 - Attachment ID:450650
07-29-2021 @ 01:05:58 - Image URL:https://inspiry.co.nz/wp-content/uploads/2021/Salamander/SAL-EURFERCOG-5.jpg
07-29-2021 @ 01:05:59 - URL:https://inspiry.co.nz/wp-content/uploads/2021/Salamander/SAL-EURFERCOG-5.jpg Reason:Error getting remote image https://inspiry.co.nz/wp-content/uploads/2021/Salamander/SAL-EURFERCOG-5.jpg. Error: Not Found
07-29-2021 @ 01:05:59 - Image URL:https://inspiry.co.nz/wp-content/uploads/2021/Salamander/SAL-EURFERCOG-6.jpg
07-29-2021 @ 01:06:00 - URL:https://inspiry.co.nz/wp-content/uploads/2021/Salamander/SAL-EURFERCOG-6.jpg Reason:Error getting remote image https://inspiry.co.nz/wp-content/uploads/2021/Salamander/SAL-EURFERCOG-6.jpg. Error: Not Found
07-29-2021 @ 01:06:00 - Image URL:https://inspiry.co.nz/wp-content/uploads/2021/Salamander/SAL-EURFERCOG-7.jpg
07-29-2021 @ 01:06:02 - URL:https://inspiry.co.nz/wp-content/uploads/2021/Salamander/SAL-EURFERCOG-7.jpg Reason:Error getting remote image https://inspiry.co.nz/wp-content/uploads/2021/Salamander/SAL-EURFERCOG-7.jpg. Error: Not Found
07-29-2021 @ 01:06:02 - Image URL:https://inspiry.co.nz/wp-content/uploads/2021/Salamander/SAL-EURFERCOG-8.jpg
07-29-2021 @ 01:06:03 - URL:https://inspiry.co.nz/wp-content/uploads/2021/Salamander/SAL-EURFERCOG-8.jpg Reason:Error getting remote image https://inspiry.co.nz/wp-content/uploads/2021/Salamander/SAL-EURFERCOG-8.jpg. Error: Not Found
07-29-2021 @ 01:06:03 - Image URL:https://inspiry.co.nz/wp-content/uploads/2021/Salamander/SAL-EURFERCOG-9.jpg
07-29-2021 @ 01:06:05 - URL:https://inspiry.co.nz/wp-content/uploads/2021/Salamander/SAL-EURFERCOG-9.jpg Reason:Error getting remote image https://inspiry.co.nz/wp-content/uploads/2021/Salamander/SAL-EURFERCOG-9.jpg. Error: Not Found
07-29-2021 @ 01:06:05 - Image URL:https://inspiry.co.nz/wp-content/uploads/2021/Salamander/SAL-EURFERCOG-10.jpg
07-29-2021 @ 01:06:07 - URL:https://inspiry.co.nz/wp-content/uploads/2021/Salamander/SAL-EURFERCOG-10.jpg Reason:Error getting remote image https://inspiry.co.nz/wp-content/uploads/2021/Salamander/SAL-EURFERCOG-10.jpg. Error: Not Found
07-29-2021 @ 01:06:07 - Row :4 - Product updated successfully.
07-29-2021 @ 01:06:07 - Row :5 - Parsing item.
07-29-2021 @ 01:06:07 - Row :5 - Processing item.
07-29-2021 @ 01:06:07 - Found simple product object. ID:450582
07-29-2021 @ 01:06:07 - Setting Featured Image. URL:https://inspiry.co.nz/wp-content/uploads/2021/Salamander/SAL-CSRAGB41.jpg
07-29-2021 @ 01:06:07 - Attachment ID:450651
07-29-2021 @ 01:06:07 - Setting Gallery Images.
07-29-2021 @ 01:06:07 - Image URL:https://inspiry.co.nz/wp-content/uploads/2021/Salamander/SAL-CSRAGB41-1.jpg
07-29-2021 @ 01:06:09 - URL:https://inspiry.co.nz/wp-content/uploads/2021/Salamander/SAL-CSRAGB41-1.jpg Reason:Error getting remote image https://inspiry.co.nz/wp-content/uploads/2021/Salamander/SAL-CSRAGB41-1.jpg. Error: Not Found
07-29-2021 @ 01:06:09 - Image URL:https://inspiry.co.nz/wp-content/uploads/2021/Salamander/SAL-CSRAGB41-2.jpg
07-29-2021 @ 01:06:11 - URL:https://inspiry.co.nz/wp-content/uploads/2021/Salamander/SAL-CSRAGB41-2.jpg Reason:Error getting remote image https://inspiry.co.nz/wp-content/uploads/2021/Salamander/SAL-CSRAGB41-2.jpg. Error: Not Found
07-29-2021 @ 01:06:11 - Image URL:https://inspiry.co.nz/wp-content/uploads/2021/Salamander/SAL-CSRAGB41-3.jpg
07-29-2021 @ 01:06:12 - URL:https://inspiry.co.nz/wp-content/uploads/2021/Salamander/SAL-CSRAGB41-3.jpg Reason:Error getting remote image https://inspiry.co.nz/wp-content/uploads/2021/Salamander/SAL-CSRAGB41-3.jpg. Error: Not Found
07-29-2021 @ 01:06:12 - Image URL:https://inspiry.co.nz/wp-content/uploads/2021/Salamander/SAL-CSRAGB41-4.jpg
07-29-2021 @ 01:06:14 - URL:https://inspiry.co.nz/wp-content/uploads/2021/Salamander/SAL-CSRAGB41-4.jpg Reason:Error getting remote image https://inspiry.co.nz/wp-content/uploads/2021/Salamander/SAL-CSRAGB41-4.jpg. Error: Not Found
07-29-2021 @ 01:06:14 - Image URL:https://inspiry.co.nz/wp-content/uploads/2021/Salamander/SAL-CSRAGB41-5.jpg
07-29-2021 @ 01:06:15 - URL:https://inspiry.co.nz/wp-content/uploads/2021/Salamander/SAL-CSRAGB41-5.jpg Reason:Error getting remote image https://inspiry.co.nz/wp-content/uploads/2021/Salamander/SAL-CSRAGB41-5.jpg. Error: Not Found
07-29-2021 @ 01:06:15 - Image URL:https://inspiry.co.nz/wp-content/uploads/2021/Salamander/SAL-CSRAGB41-6.jpg
07-29-2021 @ 01:06:17 - URL:https://inspiry.co.nz/wp-content/uploads/2021/Salamander/SAL-CSRAGB41-6.jpg Reason:Error getting remote image https://inspiry.co.nz/wp-content/uploads/2021/Salamander/SAL-CSRAGB41-6.jpg. Error: Not Found
07-29-2021 @ 01:06:17 - Image URL:https://inspiry.co.nz/wp-content/uploads/2021/Salamander/SAL-CSRAGB41-7.jpg
07-29-2021 @ 01:06:18 - URL:https://inspiry.co.nz/wp-content/uploads/2021/Salamander/SAL-CSRAGB41-7.jpg Reason:Error getting remote image https://inspiry.co.nz/wp-content/uploads/2021/Salamander/SAL-CSRAGB41-7.jpg. Error: Not Found
07-29-2021 @ 01:06:18 - Image URL:https://inspiry.co.nz/wp-content/uploads/2021/Salamander/SAL-CSRAGB41-8.jpg
07-29-2021 @ 01:06:19 - URL:https://inspiry.co.nz/wp-content/uploads/2021/Salamander/SAL-CSRAGB41-8.jpg Reason:Error getting remote image https://inspiry.co.nz/wp-content/uploads/2021/Salamander/SAL-CSRAGB41-8.jpg. Error: Not Found
07-29-2021 @ 01:06:19 - Image URL:https://inspiry.co.nz/wp-content/uploads/2021/Salamander/SAL-CSRAGB41-9.jpg
07-29-2021 @ 01:06:22 - URL:https://inspiry.co.nz/wp-content/uploads/2021/Salamander/SAL-CSRAGB41-9.jpg Reason:Error getting remote image https://inspiry.co.nz/wp-content/uploads/2021/Salamander/SAL-CSRAGB41-9.jpg. Error: Not Found
07-29-2021 @ 01:06:22 - Image URL:https://inspiry.co.nz/wp-content/uploads/2021/Salamander/SAL-CSRAGB41-10.jpg
07-29-2021 @ 01:06:23 - URL:https://inspiry.co.nz/wp-content/uploads/2021/Salamander/SAL-CSRAGB41-10.jpg Reason:Error getting remote image https://inspiry.co.nz/wp-content/uploads/2021/Salamander/SAL-CSRAGB41-10.jpg. Error: Not Found
07-29-2021 @ 01:06:23 - Row :5 - Product updated successfully.
07-29-2021 @ 01:06:23 - Row :6 - Parsing item.
07-29-2021 @ 01:06:23 - Row :6 - Processing item.
07-29-2021 @ 01:06:23 - Found simple product object. ID:450583
07-29-2021 @ 01:06:23 - Setting Featured Image. URL:https://inspiry.co.nz/wp-content/uploads/2021/Salamander/SAL-CSRAGB51.jpg
07-29-2021 @ 01:06:23 - Attachment ID:450652
07-29-2021 @ 01:06:23 - Setting Gallery Images.
07-29-2021 @ 01:06:23 - Image URL:https://inspiry.co.nz/wp-content/uploads/2021/Salamander/SAL-CSRAGB51-1.jpg
07-29-2021 @ 01:06:25 - URL:https://inspiry.co.nz/wp-content/uploads/2021/Salamander/SAL-CSRAGB51-1.jpg Reason:Error getting remote image https://inspiry.co.nz/wp-content/uploads/2021/Salamander/SAL-CSRAGB51-1.jpg. Error: Not Found
07-29-2021 @ 01:06:25 - Image URL:https://inspiry.co.nz/wp-content/uploads/2021/Salamander/SAL-CSRAGB51-2.jpg
07-29-2021 @ 01:06:26 - URL:https://inspiry.co.nz/wp-content/uploads/2021/Salamander/SAL-CSRAGB51-2.jpg Reason:Error getting remote image https://inspiry.co.nz/wp-content/uploads/2021/Salamander/SAL-CSRAGB51-2.jpg. Error: Not Found
07-29-2021 @ 01:06:26 - Image URL:https://inspiry.co.nz/wp-content/uploads/2021/Salamander/SAL-CSRAGB51-3.jpg
07-29-2021 @ 01:06:28 - URL:https://inspiry.co.nz/wp-content/uploads/2021/Salamander/SAL-CSRAGB51-3.jpg Reason:Error getting remote image https://inspiry.co.nz/wp-content/uploads/2021/Salamander/SAL-CSRAGB51-3.jpg. Error: Not Found
07-29-2021 @ 01:06:28 - Image URL:https://inspiry.co.nz/wp-content/uploads/2021/Salamander/SAL-CSRAGB51-4.jpg
07-29-2021 @ 01:06:29 - URL:https://inspiry.co.nz/wp-content/uploads/2021/Salamander/SAL-CSRAGB51-4.jpg Reason:Error getting remote image https://inspiry.co.nz/wp-content/uploads/2021/Salamander/SAL-CSRAGB51-4.jpg. Error: Not Found
07-29-2021 @ 01:06:29 - Image URL:https://inspiry.co.nz/wp-content/uploads/2021/Salamander/SAL-CSRAGB51-5.jpg
07-29-2021 @ 01:06:30 - URL:https://inspiry.co.nz/wp-content/uploads/2021/Salamander/SAL-CSRAGB51-5.jpg Reason:Error getting remote image https://inspiry.co.nz/wp-content/uploads/2021/Salamander/SAL-CSRAGB51-5.jpg. Error: Not Found
07-29-2021 @ 01:06:30 - Image URL:https://inspiry.co.nz/wp-content/uploads/2021/Salamander/SAL-CSRAGB51-6.jpg
07-29-2021 @ 01:06:32 - URL:https://inspiry.co.nz/wp-content/uploads/2021/Salamander/SAL-CSRAGB51-6.jpg Reason:Error getting remote image https://inspiry.co.nz/wp-content/uploads/2021/Salamander/SAL-CSRAGB51-6.jpg. Error: Not Found
07-29-2021 @ 01:06:32 - Image URL:https://inspiry.co.nz/wp-content/uploads/2021/Salamander/SAL-CSRAGB51-7.jpg
07-29-2021 @ 01:06:33 - URL:https://inspiry.co.nz/wp-content/uploads/2021/Salamander/SAL-CSRAGB51-7.jpg Reason:Error getting remote image https://inspiry.co.nz/wp-content/uploads/2021/Salamander/SAL-CSRAGB51-7.jpg. Error: Not Found
07-29-2021 @ 01:06:33 - Image URL:https://inspiry.co.nz/wp-content/uploads/2021/Salamander/SAL-CSRAGB51-8.jpg
07-29-2021 @ 01:06:35 - URL:https://inspiry.co.nz/wp-content/uploads/2021/Salamander/SAL-CSRAGB51-8.jpg Reason:Error getting remote image https://inspiry.co.nz/wp-content/uploads/2021/Salamander/SAL-CSRAGB51-8.jpg. Error: Not Found
07-29-2021 @ 01:06:35 - Image URL:https://inspiry.co.nz/wp-content/uploads/2021/Salamander/SAL-CSRAGB51-9.jpg
07-29-2021 @ 01:06:36 - URL:https://inspiry.co.nz/wp-content/uploads/2021/Salamander/SAL-CSRAGB51-9.jpg Reason:Error getting remote image https://inspiry.co.nz/wp-content/uploads/2021/Salamander/SAL-CSRAGB51-9.jpg. Error: Not Found
07-29-2021 @ 01:06:36 - Image URL:https://inspiry.co.nz/wp-content/uploads/2021/Salamander/SAL-CSRAGB51-10.jpg
07-29-2021 @ 01:06:38 - URL:https://inspiry.co.nz/wp-content/uploads/2021/Salamander/SAL-CSRAGB51-10.jpg Reason:Error getting remote image https://inspiry.co.nz/wp-content/uploads/2021/Salamander/SAL-CSRAGB51-10.jpg. Error: Not Found
07-29-2021 @ 01:06:38 - Row :6 - Product updated successfully.
07-29-2021 @ 01:06:38 - Row :7 - Parsing item.
07-29-2021 @ 01:06:38 - Row :7 - Processing item.
07-29-2021 @ 01:06:38 - Found simple product object. ID:450584
07-29-2021 @ 01:06:38 - Setting Featured Image. URL:https://inspiry.co.nz/wp-content/uploads/2021/Salamander/SAL-CSRAGB61.jpg
07-29-2021 @ 01:06:39 - Attachment ID:450653
07-29-2021 @ 01:06:39 - Setting Gallery Images.
07-29-2021 @ 01:06:39 - Image URL:https://inspiry.co.nz/wp-content/uploads/2021/Salamander/SAL-CSRAGB61-1.jpg
07-29-2021 @ 01:06:40 - URL:https://inspiry.co.nz/wp-content/uploads/2021/Salamander/SAL-CSRAGB61-1.jpg Reason:Error getting remote image https://inspiry.co.nz/wp-content/uploads/2021/Salamander/SAL-CSRAGB61-1.jpg. Error: Not Found
07-29-2021 @ 01:06:40 - Image URL:https://inspiry.co.nz/wp-content/uploads/2021/Salamander/SAL-CSRAGB61-2.jpg
07-29-2021 @ 01:06:42 - URL:https://inspiry.co.nz/wp-content/uploads/2021/Salamander/SAL-CSRAGB61-2.jpg Reason:Error getting remote image https://inspiry.co.nz/wp-content/uploads/2021/Salamander/SAL-CSRAGB61-2.jpg. Error: Not Found
07-29-2021 @ 01:06:42 - Image URL:https://inspiry.co.nz/wp-content/uploads/2021/Salamander/SAL-CSRAGB61-3.jpg
07-29-2021 @ 01:06:43 - URL:https://inspiry.co.nz/wp-content/uploads/2021/Salamander/SAL-CSRAGB61-3.jpg Reason:Error getting remote image https://inspiry.co.nz/wp-content/uploads/2021/Salamander/SAL-CSRAGB61-3.jpg. Error: Not Found
07-29-2021 @ 01:06:43 - Image URL:https://inspiry.co.nz/wp-content/uploads/2021/Salamander/SAL-CSRAGB61-4.jpg
07-29-2021 @ 01:06:44 - URL:https://inspiry.co.nz/wp-content/uploads/2021/Salamander/SAL-CSRAGB61-4.jpg Reason:Error getting remote image https://inspiry.co.nz/wp-content/uploads/2021/Salamander/SAL-CSRAGB61-4.jpg. Error: Not Found
07-29-2021 @ 01:06:44 - Image URL:https://inspiry.co.nz/wp-content/uploads/2021/Salamander/SAL-CSRAGB61-5.jpg
07-29-2021 @ 01:06:46 - URL:https://inspiry.co.nz/wp-content/uploads/2021/Salamander/SAL-CSRAGB61-5.jpg Reason:Error getting remote image https://inspiry.co.nz/wp-content/uploads/2021/Salamander/SAL-CSRAGB61-5.jpg. Error: Not Found
07-29-2021 @ 01:06:46 - Image URL:https://inspiry.co.nz/wp-content/uploads/2021/Salamander/SAL-CSRAGB61-6.jpg
07-29-2021 @ 01:06:48 - URL:https://inspiry.co.nz/wp-content/uploads/2021/Salamander/SAL-CSRAGB61-6.jpg Reason:Error getting remote image https://inspiry.co.nz/wp-content/uploads/2021/Salamander/SAL-CSRAGB61-6.jpg. Error: Not Found
07-29-2021 @ 01:06:48 - Image URL:https://inspiry.co.nz/wp-content/uploads/2021/Salamander/SAL-CSRAGB61-7.jpg
07-29-2021 @ 01:06:49 - URL:https://inspiry.co.nz/wp-content/uploads/2021/Salamander/SAL-CSRAGB61-7.jpg Reason:Error getting remote image https://inspiry.co.nz/wp-content/uploads/2021/Salamander/SAL-CSRAGB61-7.jpg. Error: Not Found
07-29-2021 @ 01:06:49 - Image URL:https://inspiry.co.nz/wp-content/uploads/2021/Salamander/SAL-CSRAGB61-8.jpg
07-29-2021 @ 01:06:50 - URL:https://inspiry.co.nz/wp-content/uploads/2021/Salamander/SAL-CSRAGB61-8.jpg Reason:Error getting remote image https://inspiry.co.nz/wp-content/uploads/2021/Salamander/SAL-CSRAGB61-8.jpg. Error: Not Found
07-29-2021 @ 01:06:50 - Image URL:https://inspiry.co.nz/wp-content/uploads/2021/Salamander/SAL-CSRAGB61-9.jpg
07-29-2021 @ 01:06:51 - URL:https://inspiry.co.nz/wp-content/uploads/2021/Salamander/SAL-CSRAGB61-9.jpg Reason:Error getting remote image https://inspiry.co.nz/wp-content/uploads/2021/Salamander/SAL-CSRAGB61-9.jpg. Error: Not Found
07-29-2021 @ 01:06:51 - Image URL:https://inspiry.co.nz/wp-content/uploads/2021/Salamander/SAL-CSRAGB61-10.jpg
07-29-2021 @ 01:06:53 - URL:https://inspiry.co.nz/wp-content/uploads/2021/Salamander/SAL-CSRAGB61-10.jpg Reason:Error getting remote image https://inspiry.co.nz/wp-content/uploads/2021/Salamander/SAL-CSRAGB61-10.jpg. Error: Not Found
07-29-2021 @ 01:06:53 - Row :7 - Product updated successfully.
07-29-2021 @ 01:06:53 - Row :8 - Parsing item.
07-29-2021 @ 01:06:53 - Row :8 - Processing item.
07-29-2021 @ 01:06:53 - Found simple product object. ID:450585
07-29-2021 @ 01:06:53 - Setting Featured Image. URL:https://inspiry.co.nz/wp-content/uploads/2021/Salamander/SAL-CSRAGB01.jpg
07-29-2021 @ 01:06:54 - Attachment ID:450654
07-29-2021 @ 01:06:54 - Setting Gallery Images.
07-29-2021 @ 01:06:54 - Image URL:https://inspiry.co.nz/wp-content/uploads/2021/Salamander/SAL-CSRAGB01-1.jpg
07-29-2021 @ 01:06:56 - URL:https://inspiry.co.nz/wp-content/uploads/2021/Salamander/SAL-CSRAGB01-1.jpg Reason:Error getting remote image https://inspiry.co.nz/wp-content/uploads/2021/Salamander/SAL-CSRAGB01-1.jpg. Error: Not Found
07-29-2021 @ 01:06:56 - Image URL:https://inspiry.co.nz/wp-content/uploads/2021/Salamander/SAL-CSRAGB01-2.jpg
07-29-2021 @ 01:06:57 - URL:https://inspiry.co.nz/wp-content/uploads/2021/Salamander/SAL-CSRAGB01-2.jpg Reason:Error getting remote image https://inspiry.co.nz/wp-content/uploads/2021/Salamander/SAL-CSRAGB01-2.jpg. Error: Not Found
07-29-2021 @ 01:06:57 - Image URL:https://inspiry.co.nz/wp-content/uploads/2021/Salamander/SAL-CSRAGB01-3.jpg
07-29-2021 @ 01:06:58 - URL:https://inspiry.co.nz/wp-content/uploads/2021/Salamander/SAL-CSRAGB01-3.jpg Reason:Error getting remote image https://inspiry.co.nz/wp-content/uploads/2021/Salamander/SAL-CSRAGB01-3.jpg. Error: Not Found
07-29-2021 @ 01:06:58 - Image URL:https://inspiry.co.nz/wp-content/uploads/2021/Salamander/SAL-CSRAGB01-4.jpg
07-29-2021 @ 01:06:59 - URL:https://inspiry.co.nz/wp-content/uploads/2021/Salamander/SAL-CSRAGB01-4.jpg Reason:Error getting remote image https://inspiry.co.nz/wp-content/uploads/2021/Salamander/SAL-CSRAGB01-4.jpg. Error: Not Found
07-29-2021 @ 01:06:59 - Image URL:https://inspiry.co.nz/wp-content/uploads/2021/Salamander/SAL-CSRAGB01-5.jpg
07-29-2021 @ 01:07:00 - URL:https://inspiry.co.nz/wp-content/uploads/2021/Salamander/SAL-CSRAGB01-5.jpg Reason:Error getting remote image https://inspiry.co.nz/wp-content/uploads/2021/Salamander/SAL-CSRAGB01-5.jpg. Error: Not Found
07-29-2021 @ 01:07:00 - Image URL:https://inspiry.co.nz/wp-content/uploads/2021/Salamander/SAL-CSRAGB01-6.jpg
07-29-2021 @ 01:07:02 - URL:https://inspiry.co.nz/wp-content/uploads/2021/Salamander/SAL-CSRAGB01-6.jpg Reason:Error getting remote image https://inspiry.co.nz/wp-content/uploads/2021/Salamander/SAL-CSRAGB01-6.jpg. Error: Not Found
07-29-2021 @ 01:07:02 - Image URL:https://inspiry.co.nz/wp-content/uploads/2021/Salamander/SAL-CSRAGB01-7.jpg
07-29-2021 @ 01:07:03 - URL:https://inspiry.co.nz/wp-content/uploads/2021/Salamander/SAL-CSRAGB01-7.jpg Reason:Error getting remote image https://inspiry.co.nz/wp-content/uploads/2021/Salamander/SAL-CSRAGB01-7.jpg. Error: Not Found
07-29-2021 @ 01:07:03 - Image URL:https://inspiry.co.nz/wp-content/uploads/2021/Salamander/SAL-CSRAGB01-8.jpg
07-29-2021 @ 01:07:04 - URL:https://inspiry.co.nz/wp-content/uploads/2021/Salamander/SAL-CSRAGB01-8.jpg Reason:Error getting remote image https://inspiry.co.nz/wp-content/uploads/2021/Salamander/SAL-CSRAGB01-8.jpg. Error: Not Found
07-29-2021 @ 01:07:04 - Image URL:https://inspiry.co.nz/wp-content/uploads/2021/Salamander/SAL-CSRAGB01-9.jpg
07-29-2021 @ 01:07:06 - URL:https://inspiry.co.nz/wp-content/uploads/2021/Salamander/SAL-CSRAGB01-9.jpg Reason:Error getting remote image https://inspiry.co.nz/wp-content/uploads/2021/Salamander/SAL-CSRAGB01-9.jpg. Error: Not Found
07-29-2021 @ 01:07:06 - Image URL:https://inspiry.co.nz/wp-content/uploads/2021/Salamander/SAL-CSRAGB01-10.jpg
07-29-2021 @ 01:07:07 - URL:https://inspiry.co.nz/wp-content/uploads/2021/Salamander/SAL-CSRAGB01-10.jpg Reason:Error getting remote image https://inspiry.co.nz/wp-content/uploads/2021/Salamander/SAL-CSRAGB01-10.jpg. Error: Not Found
07-29-2021 @ 01:07:07 - Row :8 - Product updated successfully.
07-29-2021 @ 01:07:07 - Row :9 - Parsing item.
07-29-2021 @ 01:07:07 - Row :9 - Processing item.
07-29-2021 @ 01:07:07 - Found simple product object. ID:450586
07-29-2021 @ 01:07:07 - Setting Featured Image. URL:https://inspiry.co.nz/wp-content/uploads/2021/Salamander/SAL-CSRAGB01HB.jpg
07-29-2021 @ 01:07:08 - Attachment ID:450655
07-29-2021 @ 01:07:08 - Setting Gallery Images.
07-29-2021 @ 01:07:08 - Image URL:https://inspiry.co.nz/wp-content/uploads/2021/Salamander/SAL-CSRAGB01HB-1.jpg
07-29-2021 @ 01:07:09 - URL:https://inspiry.co.nz/wp-content/uploads/2021/Salamander/SAL-CSRAGB01HB-1.jpg Reason:Error getting remote image https://inspiry.co.nz/wp-content/uploads/2021/Salamander/SAL-CSRAGB01HB-1.jpg. Error: Not Found
07-29-2021 @ 01:07:09 - Image URL:https://inspiry.co.nz/wp-content/uploads/2021/Salamander/SAL-CSRAGB01HB-2.jpg
07-29-2021 @ 01:07:10 - URL:https://inspiry.co.nz/wp-content/uploads/2021/Salamander/SAL-CSRAGB01HB-2.jpg Reason:Error getting remote image https://inspiry.co.nz/wp-content/uploads/2021/Salamander/SAL-CSRAGB01HB-2.jpg. Error: Not Found
07-29-2021 @ 01:07:10 - Image URL:https://inspiry.co.nz/wp-content/uploads/2021/Salamander/SAL-CSRAGB01HB-3.jpg
07-29-2021 @ 01:07:12 - URL:https://inspiry.co.nz/wp-content/uploads/2021/Salamander/SAL-CSRAGB01HB-3.jpg Reason:Error getting remote image https://inspiry.co.nz/wp-content/uploads/2021/Salamander/SAL-CSRAGB01HB-3.jpg. Error: Not Found
07-29-2021 @ 01:07:12 - Image URL:https://inspiry.co.nz/wp-content/uploads/2021/Salamander/SAL-CSRAGB01HB-4.jpg
07-29-2021 @ 01:07:13 - URL:https://inspiry.co.nz/wp-content/uploads/2021/Salamander/SAL-CSRAGB01HB-4.jpg Reason:Error getting remote image https://inspiry.co.nz/wp-content/uploads/2021/Salamander/SAL-CSRAGB01HB-4.jpg. Error: Not Found
07-29-2021 @ 01:07:13 - Image URL:https://inspiry.co.nz/wp-content/uploads/2021/Salamander/SAL-CSRAGB01HB-5.jpg
07-29-2021 @ 01:07:14 - URL:https://inspiry.co.nz/wp-content/uploads/2021/Salamander/SAL-CSRAGB01HB-5.jpg Reason:Error getting remote image https://inspiry.co.nz/wp-content/uploads/2021/Salamander/SAL-CSRAGB01HB-5.jpg. Error: Not Found
07-29-2021 @ 01:07:14 - Image URL:https://inspiry.co.nz/wp-content/uploads/2021/Salamander/SAL-CSRAGB01HB-6.jpg
07-29-2021 @ 01:07:16 - URL:https://inspiry.co.nz/wp-content/uploads/2021/Salamander/SAL-CSRAGB01HB-6.jpg Reason:Error getting remote image https://inspiry.co.nz/wp-content/uploads/2021/Salamander/SAL-CSRAGB01HB-6.jpg. Error: Not Found
07-29-2021 @ 01:07:16 - Image URL:https://inspiry.co.nz/wp-content/uploads/2021/Salamander/SAL-CSRAGB01HB-7.jpg
07-29-2021 @ 01:07:17 - URL:https://inspiry.co.nz/wp-content/uploads/2021/Salamander/SAL-CSRAGB01HB-7.jpg Reason:Error getting remote image https://inspiry.co.nz/wp-content/uploads/2021/Salamander/SAL-CSRAGB01HB-7.jpg. Error: Not Found
07-29-2021 @ 01:07:17 - Image URL:https://inspiry.co.nz/wp-content/uploads/2021/Salamander/SAL-CSRAGB01HB-8.jpg
07-29-2021 @ 01:07:18 - URL:https://inspiry.co.nz/wp-content/uploads/2021/Salamander/SAL-CSRAGB01HB-8.jpg Reason:Error getting remote image https://inspiry.co.nz/wp-content/uploads/2021/Salamander/SAL-CSRAGB01HB-8.jpg. Error: Not Found
07-29-2021 @ 01:07:18 - Image URL:https://inspiry.co.nz/wp-content/uploads/2021/Salamander/SAL-CSRAGB01HB-9.jpg
07-29-2021 @ 01:07:20 - URL:https://inspiry.co.nz/wp-content/uploads/2021/Salamander/SAL-CSRAGB01HB-9.jpg Reason:Error getting remote image https://inspiry.co.nz/wp-content/uploads/2021/Salamander/SAL-CSRAGB01HB-9.jpg. Error: Not Found
07-29-2021 @ 01:07:20 - Image URL:https://inspiry.co.nz/wp-content/uploads/2021/Salamander/SAL-CSRAGB01HB-10.jpg
07-29-2021 @ 01:07:21 - URL:https://inspiry.co.nz/wp-content/uploads/2021/Salamander/SAL-CSRAGB01HB-10.jpg Reason:Error getting remote image https://inspiry.co.nz/wp-content/uploads/2021/Salamander/SAL-CSRAGB01HB-10.jpg. Error: Not Found
07-29-2021 @ 01:07:22 - Row :9 - Product updated successfully.
07-29-2021 @ 01:07:22 - Row :10 - Parsing item.
07-29-2021 @ 01:07:22 - Row :10 - Processing item.
07-29-2021 @ 01:07:22 - Found simple product object. ID:450587
07-29-2021 @ 01:07:22 - Setting Featured Image. URL:https://inspiry.co.nz/wp-content/uploads/2021/Salamander/SAL-CSRAGB02HB.jpg
07-29-2021 @ 01:07:22 - Attachment ID:450656
07-29-2021 @ 01:07:22 - Setting Gallery Images.
07-29-2021 @ 01:07:22 - Image URL:https://inspiry.co.nz/wp-content/uploads/2021/Salamander/SAL-CSRAGB02HB-1.jpg
07-29-2021 @ 01:07:23 - URL:https://inspiry.co.nz/wp-content/uploads/2021/Salamander/SAL-CSRAGB02HB-1.jpg Reason:Error getting remote image https://inspiry.co.nz/wp-content/uploads/2021/Salamander/SAL-CSRAGB02HB-1.jpg. Error: Not Found
07-29-2021 @ 01:07:23 - Image URL:https://inspiry.co.nz/wp-content/uploads/2021/Salamander/SAL-CSRAGB02HB-2.jpg
07-29-2021 @ 01:07:25 - URL:https://inspiry.co.nz/wp-content/uploads/2021/Salamander/SAL-CSRAGB02HB-2.jpg Reason:Error getting remote image https://inspiry.co.nz/wp-content/uploads/2021/Salamander/SAL-CSRAGB02HB-2.jpg. Error: Not Found
07-29-2021 @ 01:07:25 - Image URL:https://inspiry.co.nz/wp-content/uploads/2021/Salamander/SAL-CSRAGB02HB-3.jpg
07-29-2021 @ 01:07:26 - URL:https://inspiry.co.nz/wp-content/uploads/2021/Salamander/SAL-CSRAGB02HB-3.jpg Reason:Error getting remote image https://inspiry.co.nz/wp-content/uploads/2021/Salamander/SAL-CSRAGB02HB-3.jpg. Error: Not Found
07-29-2021 @ 01:07:26 - Image URL:https://inspiry.co.nz/wp-content/uploads/2021/Salamander/SAL-CSRAGB02HB-4.jpg
07-29-2021 @ 01:07:28 - URL:https://inspiry.co.nz/wp-content/uploads/2021/Salamander/SAL-CSRAGB02HB-4.jpg Reason:Error getting remote image https://inspiry.co.nz/wp-content/uploads/2021/Salamander/SAL-CSRAGB02HB-4.jpg. Error: Not Found
07-29-2021 @ 01:07:28 - Image URL:https://inspiry.co.nz/wp-content/uploads/2021/Salamander/SAL-CSRAGB02HB-5.jpg
07-29-2021 @ 01:07:29 - URL:https://inspiry.co.nz/wp-content/uploads/2021/Salamander/SAL-CSRAGB02HB-5.jpg Reason:Error getting remote image https://inspiry.co.nz/wp-content/uploads/2021/Salamander/SAL-CSRAGB02HB-5.jpg. Error: Not Found
07-29-2021 @ 01:07:29 - Image URL:https://inspiry.co.nz/wp-content/uploads/2021/Salamander/SAL-CSRAGB02HB-6.jpg
07-29-2021 @ 01:07:30 - URL:https://inspiry.co.nz/wp-content/uploads/2021/Salamander/SAL-CSRAGB02HB-6.jpg Reason:Error getting remote image https://inspiry.co.nz/wp-content/uploads/2021/Salamander/SAL-CSRAGB02HB-6.jpg. Error: Not Found
07-29-2021 @ 01:07:30 - Image URL:https://inspiry.co.nz/wp-content/uploads/2021/Salamander/SAL-CSRAGB02HB-7.jpg
07-29-2021 @ 01:07:32 - URL:https://inspiry.co.nz/wp-content/uploads/2021/Salamander/SAL-CSRAGB02HB-7.jpg Reason:Error getting remote image https://inspiry.co.nz/wp-content/uploads/2021/Salamander/SAL-CSRAGB02HB-7.jpg. Error: Not Found
07-29-2021 @ 01:07:32 - Image URL:https://inspiry.co.nz/wp-content/uploads/2021/Salamander/SAL-CSRAGB02HB-8.jpg
07-29-2021 @ 01:07:33 - URL:https://inspiry.co.nz/wp-content/uploads/2021/Salamander/SAL-CSRAGB02HB-8.jpg Reason:Error getting remote image https://inspiry.co.nz/wp-content/uploads/2021/Salamander/SAL-CSRAGB02HB-8.jpg. Error: Not Found
07-29-2021 @ 01:07:33 - Image URL:https://inspiry.co.nz/wp-content/uploads/2021/Salamander/SAL-CSRAGB02HB-9.jpg
07-29-2021 @ 01:07:34 - URL:https://inspiry.co.nz/wp-content/uploads/2021/Salamander/SAL-CSRAGB02HB-9.jpg Reason:Error getting remote image https://inspiry.co.nz/wp-content/uploads/2021/Salamander/SAL-CSRAGB02HB-9.jpg. Error: Not Found
07-29-2021 @ 01:07:34 - Image URL:https://inspiry.co.nz/wp-content/uploads/2021/Salamander/SAL-CSRAGB02HB-10.jpg
07-29-2021 @ 01:07:35 - URL:https://inspiry.co.nz/wp-content/uploads/2021/Salamander/SAL-CSRAGB02HB-10.jpg Reason:Error getting remote image https://inspiry.co.nz/wp-content/uploads/2021/Salamander/SAL-CSRAGB02HB-10.jpg. Error: Not Found
07-29-2021 @ 01:07:36 - Row :10 - Product updated successfully.
