08-03-2021 @ 22:49:00 - ---[ New import started at 2021-08-03 10:49:00 ] PHP Memory: 768 MB, WP Memory: 40 MB
08-03-2021 @ 22:49:00 - Preparing for import.
08-03-2021 @ 22:49:00 - Row :1 - Parsing item.
08-03-2021 @ 22:49:00 - Row :1 - Processing item.
08-03-2021 @ 22:49:01 - Found simple product object. ID:409065
08-03-2021 @ 22:49:01 - Setting Featured Image. URL:https://inspiry.co.nz/wp-content/uploads/2020/11/Inspiry_Logo-transparent-1.png
08-03-2021 @ 22:49:01 - Attachment ID:446642
08-03-2021 @ 22:49:01 - Row :1 - Product updated successfully.
08-03-2021 @ 22:49:01 - Row :2 - Parsing item.
08-03-2021 @ 22:49:01 - Row :2 - Processing item.
08-03-2021 @ 22:49:01 - Found simple product object. ID:424297
08-03-2021 @ 22:49:01 - Setting Featured Image. URL:https://inspiry.co.nz/wp-content/uploads/2020/11/Inspiry_Logo-transparent-1.png
08-03-2021 @ 22:49:02 - Attachment ID:446642
08-03-2021 @ 22:49:02 - Row :2 - Product updated successfully.
08-03-2021 @ 22:49:02 - Row :3 - Parsing item.
08-03-2021 @ 22:49:02 - Row :3 - Processing item.
08-03-2021 @ 22:49:02 - Found simple product object. ID:409073
08-03-2021 @ 22:49:02 - Setting Featured Image. URL:https://inspiry.co.nz/wp-content/uploads/2020/11/Inspiry_Logo-transparent-1.png
08-03-2021 @ 22:49:02 - Attachment ID:446642
08-03-2021 @ 22:49:03 - Row :3 - Product updated successfully.
08-03-2021 @ 22:49:03 - Row :4 - Parsing item.
08-03-2021 @ 22:49:03 - Row :4 - Processing item.
08-03-2021 @ 22:49:03 - Found simple product object. ID:424298
08-03-2021 @ 22:49:03 - Setting Featured Image. URL:https://inspiry.co.nz/wp-content/uploads/2020/11/Inspiry_Logo-transparent-1.png
08-03-2021 @ 22:49:03 - Attachment ID:446642
08-03-2021 @ 22:49:04 - Row :4 - Product updated successfully.
08-03-2021 @ 22:49:04 - Row :5 - Parsing item.
08-03-2021 @ 22:49:04 - Row :5 - Processing item.
08-03-2021 @ 22:49:04 - Found simple product object. ID:424323
08-03-2021 @ 22:49:04 - Setting Featured Image. URL:https://inspiry.co.nz/wp-content/uploads/2020/11/Inspiry_Logo-transparent-1.png
08-03-2021 @ 22:49:04 - Attachment ID:446642
08-03-2021 @ 22:49:04 - Row :5 - Product updated successfully.
08-03-2021 @ 22:49:04 - Row :6 - Parsing item.
08-03-2021 @ 22:49:04 - Row :6 - Processing item.
08-03-2021 @ 22:49:04 - Found simple product object. ID:424324
08-03-2021 @ 22:49:04 - Setting Featured Image. URL:https://inspiry.co.nz/wp-content/uploads/2020/11/Inspiry_Logo-transparent-1.png
08-03-2021 @ 22:49:04 - Attachment ID:446642
08-03-2021 @ 22:49:05 - Row :6 - Product updated successfully.
08-03-2021 @ 22:49:05 - Row :7 - Parsing item.
08-03-2021 @ 22:49:05 - Row :7 - Processing item.
08-03-2021 @ 22:49:05 - Found simple product object. ID:424299
08-03-2021 @ 22:49:05 - Setting Featured Image. URL:https://inspiry.co.nz/wp-content/uploads/2020/11/Inspiry_Logo-transparent-1.png
08-03-2021 @ 22:49:05 - Attachment ID:446642
08-03-2021 @ 22:49:05 - Row :7 - Product updated successfully.
08-03-2021 @ 22:49:05 - Row :8 - Parsing item.
08-03-2021 @ 22:49:05 - Row :8 - Processing item.
08-03-2021 @ 22:49:05 - Found simple product object. ID:424327
08-03-2021 @ 22:49:05 - Setting Featured Image. URL:https://inspiry.co.nz/wp-content/uploads/2020/11/Inspiry_Logo-transparent-1.png
08-03-2021 @ 22:49:05 - Attachment ID:446642
08-03-2021 @ 22:49:06 - Row :8 - Product updated successfully.
08-03-2021 @ 22:49:06 - Row :9 - Parsing item.
08-03-2021 @ 22:49:06 - Row :9 - Processing item.
08-03-2021 @ 22:49:06 - Found simple product object. ID:424326
08-03-2021 @ 22:49:06 - Setting Featured Image. URL:https://inspiry.co.nz/wp-content/uploads/2020/11/Inspiry_Logo-transparent-1.png
08-03-2021 @ 22:49:06 - Attachment ID:446642
08-03-2021 @ 22:49:06 - Row :9 - Product updated successfully.
08-03-2021 @ 22:49:06 - Row :10 - Parsing item.
08-03-2021 @ 22:49:06 - Row :10 - Processing item.
08-03-2021 @ 22:49:06 - Found simple product object. ID:424325
08-03-2021 @ 22:49:06 - Setting Featured Image. URL:https://inspiry.co.nz/wp-content/uploads/2020/11/Inspiry_Logo-transparent-1.png
08-03-2021 @ 22:49:07 - Attachment ID:446642
08-03-2021 @ 22:49:07 - Row :10 - Product updated successfully.
08-03-2021 @ 22:49:09 - Preparing for import.
08-03-2021 @ 22:49:09 - Row :11 - Parsing item.
08-03-2021 @ 22:49:09 - Row :11 - Processing item.
08-03-2021 @ 22:49:09 - Found simple product object. ID:424322
08-03-2021 @ 22:49:09 - Setting Featured Image. URL:https://inspiry.co.nz/wp-content/uploads/2020/11/Inspiry_Logo-transparent-1.png
08-03-2021 @ 22:49:09 - Attachment ID:446642
08-03-2021 @ 22:49:09 - Row :11 - Product updated successfully.
08-03-2021 @ 22:49:09 - Row :12 - Parsing item.
08-03-2021 @ 22:49:09 - Row :12 - Processing item.
08-03-2021 @ 22:49:09 - Found simple product object. ID:424296
08-03-2021 @ 22:49:09 - Setting Featured Image. URL:https://inspiry.co.nz/wp-content/uploads/2020/11/Inspiry_Logo-transparent-1.png
08-03-2021 @ 22:49:09 - Attachment ID:446642
08-03-2021 @ 22:49:09 - Row :12 - Product updated successfully.
08-03-2021 @ 22:49:09 - Row :13 - Parsing item.
08-03-2021 @ 22:49:09 - Row :13 - Processing item.
08-03-2021 @ 22:49:09 - Found simple product object. ID:424328
08-03-2021 @ 22:49:10 - Setting Featured Image. URL:https://inspiry.co.nz/wp-content/uploads/2020/11/Inspiry_Logo-transparent-1.png
08-03-2021 @ 22:49:10 - Attachment ID:446642
08-03-2021 @ 22:49:10 - Row :13 - Product updated successfully.
08-03-2021 @ 22:49:10 - Row :14 - Parsing item.
08-03-2021 @ 22:49:10 - Row :14 - Processing item.
08-03-2021 @ 22:49:10 - Found simple product object. ID:424316
08-03-2021 @ 22:49:10 - Setting Featured Image. URL:https://inspiry.co.nz/wp-content/uploads/2020/11/Inspiry_Logo-transparent-1.png
08-03-2021 @ 22:49:11 - Attachment ID:446642
08-03-2021 @ 22:49:12 - Row :14 - Product updated successfully.
08-03-2021 @ 22:49:12 - Row :15 - Parsing item.
08-03-2021 @ 22:49:12 - Row :15 - Processing item.
08-03-2021 @ 22:49:12 - Found simple product object. ID:424317
08-03-2021 @ 22:49:12 - Setting Featured Image. URL:https://inspiry.co.nz/wp-content/uploads/2020/11/Inspiry_Logo-transparent-1.png
08-03-2021 @ 22:49:12 - Attachment ID:446642
08-03-2021 @ 22:49:12 - Row :15 - Product updated successfully.
08-03-2021 @ 22:49:12 - Row :16 - Parsing item.
08-03-2021 @ 22:49:12 - Row :16 - Processing item.
08-03-2021 @ 22:49:13 - Found simple product object. ID:424315
08-03-2021 @ 22:49:13 - Setting Featured Image. URL:https://inspiry.co.nz/wp-content/uploads/2020/11/Inspiry_Logo-transparent-1.png
08-03-2021 @ 22:49:13 - Attachment ID:446642
08-03-2021 @ 22:49:13 - Row :16 - Product updated successfully.
08-03-2021 @ 22:49:13 - Row :17 - Parsing item.
08-03-2021 @ 22:49:13 - Row :17 - Processing item.
08-03-2021 @ 22:49:13 - Found simple product object. ID:424294
08-03-2021 @ 22:49:13 - Setting Featured Image. URL:https://inspiry.co.nz/wp-content/uploads/2020/11/Inspiry_Logo-transparent-1.png
08-03-2021 @ 22:49:14 - Attachment ID:446642
08-03-2021 @ 22:49:14 - Row :17 - Product updated successfully.
08-03-2021 @ 22:49:14 - Row :18 - Parsing item.
08-03-2021 @ 22:49:14 - Row :18 - Processing item.
08-03-2021 @ 22:49:14 - Found simple product object. ID:424293
08-03-2021 @ 22:49:14 - Setting Featured Image. URL:https://inspiry.co.nz/wp-content/uploads/2020/11/Inspiry_Logo-transparent-1.png
08-03-2021 @ 22:49:15 - Attachment ID:446642
08-03-2021 @ 22:49:15 - Row :18 - Product updated successfully.
08-03-2021 @ 22:49:15 - Row :19 - Parsing item.
08-03-2021 @ 22:49:15 - Row :19 - Processing item.
08-03-2021 @ 22:49:15 - Found simple product object. ID:424295
08-03-2021 @ 22:49:15 - Setting Featured Image. URL:https://inspiry.co.nz/wp-content/uploads/2020/11/Inspiry_Logo-transparent-1.png
08-03-2021 @ 22:49:15 - Attachment ID:446642
08-03-2021 @ 22:49:16 - Row :19 - Product updated successfully.
08-03-2021 @ 22:49:16 - Row :20 - Parsing item.
08-03-2021 @ 22:49:16 - Row :20 - Processing item.
08-03-2021 @ 22:49:16 - Found simple product object. ID:424306
08-03-2021 @ 22:49:16 - Setting Featured Image. URL:https://inspiry.co.nz/wp-content/uploads/2020/11/Inspiry_Logo-transparent-1.png
08-03-2021 @ 22:49:16 - Attachment ID:446642
08-03-2021 @ 22:49:17 - Row :20 - Product updated successfully.
08-03-2021 @ 22:49:18 - Preparing for import.
08-03-2021 @ 22:49:18 - Row :21 - Parsing item.
08-03-2021 @ 22:49:18 - Row :21 - Processing item.
08-03-2021 @ 22:49:18 - Found simple product object. ID:424303
08-03-2021 @ 22:49:18 - Setting Featured Image. URL:https://inspiry.co.nz/wp-content/uploads/2020/11/Inspiry_Logo-transparent-1.png
08-03-2021 @ 22:49:18 - Attachment ID:446642
08-03-2021 @ 22:49:19 - Row :21 - Product updated successfully.
08-03-2021 @ 22:49:19 - Row :22 - Parsing item.
08-03-2021 @ 22:49:19 - Row :22 - Processing item.
08-03-2021 @ 22:49:19 - Found simple product object. ID:424292
08-03-2021 @ 22:49:19 - Setting Featured Image. URL:https://inspiry.co.nz/wp-content/uploads/2020/11/Inspiry_Logo-transparent-1.png
08-03-2021 @ 22:49:19 - Attachment ID:446642
08-03-2021 @ 22:49:19 - Row :22 - Product updated successfully.
08-03-2021 @ 22:49:19 - Row :23 - Parsing item.
08-03-2021 @ 22:49:19 - Row :23 - Processing item.
08-03-2021 @ 22:49:19 - Found simple product object. ID:424309
08-03-2021 @ 22:49:19 - Setting Featured Image. URL:https://inspiry.co.nz/wp-content/uploads/2020/11/Inspiry_Logo-transparent-1.png
08-03-2021 @ 22:49:19 - Attachment ID:446642
08-03-2021 @ 22:49:20 - Row :23 - Product updated successfully.
08-03-2021 @ 22:49:20 - Row :24 - Parsing item.
08-03-2021 @ 22:49:20 - Row :24 - Processing item.
08-03-2021 @ 22:49:20 - Found simple product object. ID:424310
08-03-2021 @ 22:49:20 - Setting Featured Image. URL:https://inspiry.co.nz/wp-content/uploads/2020/11/Inspiry_Logo-transparent-1.png
08-03-2021 @ 22:49:20 - Attachment ID:446642
08-03-2021 @ 22:49:21 - Row :24 - Product updated successfully.
08-03-2021 @ 22:49:21 - Row :25 - Parsing item.
08-03-2021 @ 22:49:21 - Row :25 - Processing item.
08-03-2021 @ 22:49:21 - Found simple product object. ID:421220
08-03-2021 @ 22:49:21 - Setting Featured Image. URL:https://inspiry.co.nz/wp-content/uploads/2020/11/Inspiry_Logo-transparent-1.png
08-03-2021 @ 22:49:21 - Attachment ID:446642
08-03-2021 @ 22:49:22 - Row :25 - Product updated successfully.
08-03-2021 @ 22:49:22 - Row :26 - Parsing item.
08-03-2021 @ 22:49:22 - Row :26 - Processing item.
08-03-2021 @ 22:49:22 - Found simple product object. ID:424331
08-03-2021 @ 22:49:22 - Setting Featured Image. URL:https://inspiry.co.nz/wp-content/uploads/2020/11/Inspiry_Logo-transparent-1.png
08-03-2021 @ 22:49:22 - Attachment ID:446642
08-03-2021 @ 22:49:22 - Row :26 - Product updated successfully.
08-03-2021 @ 22:49:22 - Row :27 - Parsing item.
08-03-2021 @ 22:49:22 - Row :27 - Processing item.
08-03-2021 @ 22:49:22 - Found simple product object. ID:424330
08-03-2021 @ 22:49:22 - Setting Featured Image. URL:https://inspiry.co.nz/wp-content/uploads/2020/11/Inspiry_Logo-transparent-1.png
08-03-2021 @ 22:49:22 - Attachment ID:446642
08-03-2021 @ 22:49:23 - Row :27 - Product updated successfully.
08-03-2021 @ 22:49:23 - Row :28 - Parsing item.
08-03-2021 @ 22:49:23 - Row :28 - Processing item.
08-03-2021 @ 22:49:23 - Found simple product object. ID:424337
08-03-2021 @ 22:49:23 - Setting Featured Image. URL:https://inspiry.co.nz/wp-content/uploads/2020/11/Inspiry_Logo-transparent-1.png
08-03-2021 @ 22:49:23 - Attachment ID:446642
08-03-2021 @ 22:49:24 - Row :28 - Product updated successfully.
08-03-2021 @ 22:49:24 - Row :29 - Parsing item.
08-03-2021 @ 22:49:24 - Row :29 - Processing item.
08-03-2021 @ 22:49:24 - Found simple product object. ID:424341
08-03-2021 @ 22:49:24 - Setting Featured Image. URL:https://inspiry.co.nz/wp-content/uploads/2020/11/Inspiry_Logo-transparent-1.png
08-03-2021 @ 22:49:24 - Attachment ID:446642
08-03-2021 @ 22:49:24 - Row :29 - Product updated successfully.
08-03-2021 @ 22:49:24 - Row :30 - Parsing item.
08-03-2021 @ 22:49:24 - Row :30 - Processing item.
08-03-2021 @ 22:49:24 - Found simple product object. ID:424312
08-03-2021 @ 22:49:24 - Setting Featured Image. URL:https://inspiry.co.nz/wp-content/uploads/2020/11/Inspiry_Logo-transparent-1.png
08-03-2021 @ 22:49:25 - Attachment ID:446642
08-03-2021 @ 22:49:25 - Row :30 - Product updated successfully.
08-03-2021 @ 22:49:26 - Preparing for import.
08-03-2021 @ 22:49:26 - Row :31 - Parsing item.
08-03-2021 @ 22:49:26 - Row :31 - Processing item.
08-03-2021 @ 22:49:26 - Found simple product object. ID:424313
08-03-2021 @ 22:49:26 - Setting Featured Image. URL:https://inspiry.co.nz/wp-content/uploads/2020/11/Inspiry_Logo-transparent-1.png
08-03-2021 @ 22:49:26 - Attachment ID:446642
08-03-2021 @ 22:49:27 - Row :31 - Product updated successfully.
08-03-2021 @ 22:49:27 - Row :32 - Parsing item.
08-03-2021 @ 22:49:27 - Row :32 - Processing item.
08-03-2021 @ 22:49:27 - Found simple product object. ID:424311
08-03-2021 @ 22:49:27 - Setting Featured Image. URL:https://inspiry.co.nz/wp-content/uploads/2020/11/Inspiry_Logo-transparent-1.png
08-03-2021 @ 22:49:27 - Attachment ID:446642
08-03-2021 @ 22:49:27 - Row :32 - Product updated successfully.
08-03-2021 @ 22:49:27 - Row :33 - Parsing item.
08-03-2021 @ 22:49:27 - Row :33 - Processing item.
08-03-2021 @ 22:49:27 - Found simple product object. ID:424321
08-03-2021 @ 22:49:27 - Setting Featured Image. URL:https://inspiry.co.nz/wp-content/uploads/2020/11/Inspiry_Logo-transparent-1.png
08-03-2021 @ 22:49:28 - Attachment ID:446642
08-03-2021 @ 22:49:28 - Row :33 - Product updated successfully.
08-03-2021 @ 22:49:28 - ---[ Import ended at 2021-08-03 10:49:28]---
