08-18-2021 @ 23:23:35 - ---[ New import started at 2021-08-18 11:23:35 ] PHP Memory: 768 MB, WP Memory: 40 MB
08-18-2021 @ 23:23:35 - Preparing for import.
08-18-2021 @ 23:23:35 - Row :1 - Parsing item.
08-18-2021 @ 23:23:35 - Row :1 - Processing item.
08-18-2021 @ 23:23:35 - Found simple product object. ID:451288
08-18-2021 @ 23:23:35 - Setting Featured Image. URL:https://inspiry.co.nz/wp-content/uploads/2021/eurotech-lighting/ET-LEDCANDLE4W.jpg
08-18-2021 @ 23:23:36 - Attachment ID:451310
08-18-2021 @ 23:23:36 - Setting Gallery Images.
08-18-2021 @ 23:23:36 - Image URL:https://inspiry.co.nz/wp-content/uploads/2021/eurotech-lighting/ET-LEDCANDLE4W-1.jpg
08-18-2021 @ 23:23:37 - URL:https://inspiry.co.nz/wp-content/uploads/2021/eurotech-lighting/ET-LEDCANDLE4W-1.jpg Reason:Error getting remote image https://inspiry.co.nz/wp-content/uploads/2021/eurotech-lighting/ET-LEDCANDLE4W-1.jpg. Error: Not Found
08-18-2021 @ 23:23:37 - Image URL:https://inspiry.co.nz/wp-content/uploads/2021/eurotech-lighting/ET-LEDCANDLE4W-2.jpg
08-18-2021 @ 23:23:38 - URL:https://inspiry.co.nz/wp-content/uploads/2021/eurotech-lighting/ET-LEDCANDLE4W-2.jpg Reason:Error getting remote image https://inspiry.co.nz/wp-content/uploads/2021/eurotech-lighting/ET-LEDCANDLE4W-2.jpg. Error: Not Found
08-18-2021 @ 23:23:38 - Image URL:https://inspiry.co.nz/wp-content/uploads/2021/eurotech-lighting/ET-LEDCANDLE4W-3.jpg
08-18-2021 @ 23:23:38 - URL:https://inspiry.co.nz/wp-content/uploads/2021/eurotech-lighting/ET-LEDCANDLE4W-3.jpg Reason:Error getting remote image https://inspiry.co.nz/wp-content/uploads/2021/eurotech-lighting/ET-LEDCANDLE4W-3.jpg. Error: Not Found
08-18-2021 @ 23:23:38 - Image URL:https://inspiry.co.nz/wp-content/uploads/2021/eurotech-lighting/ET-LEDCANDLE4W-4.jpg
08-18-2021 @ 23:23:39 - URL:https://inspiry.co.nz/wp-content/uploads/2021/eurotech-lighting/ET-LEDCANDLE4W-4.jpg Reason:Error getting remote image https://inspiry.co.nz/wp-content/uploads/2021/eurotech-lighting/ET-LEDCANDLE4W-4.jpg. Error: Not Found
08-18-2021 @ 23:23:40 - Row :1 - Product updated successfully.
08-18-2021 @ 23:23:40 - Row :2 - Parsing item.
08-18-2021 @ 23:23:40 - Row :2 - Processing item.
08-18-2021 @ 23:23:40 - Found simple product object. ID:451289
08-18-2021 @ 23:23:40 - Setting Featured Image. URL:https://inspiry.co.nz/wp-content/uploads/2021/eurotech-lighting/ET-LEDA60E278W.jpg
08-18-2021 @ 23:23:42 - Attachment ID:451311
08-18-2021 @ 23:23:42 - Setting Gallery Images.
08-18-2021 @ 23:23:42 - Image URL:https://inspiry.co.nz/wp-content/uploads/2021/eurotech-lighting/ET-LEDA60E278W-1.jpg
08-18-2021 @ 23:23:44 - URL:https://inspiry.co.nz/wp-content/uploads/2021/eurotech-lighting/ET-LEDA60E278W-1.jpg Reason:Error getting remote image https://inspiry.co.nz/wp-content/uploads/2021/eurotech-lighting/ET-LEDA60E278W-1.jpg. Error: Not Found
08-18-2021 @ 23:23:44 - Image URL:https://inspiry.co.nz/wp-content/uploads/2021/eurotech-lighting/ET-LEDA60E278W-2.jpg
08-18-2021 @ 23:23:45 - URL:https://inspiry.co.nz/wp-content/uploads/2021/eurotech-lighting/ET-LEDA60E278W-2.jpg Reason:Error getting remote image https://inspiry.co.nz/wp-content/uploads/2021/eurotech-lighting/ET-LEDA60E278W-2.jpg. Error: Not Found
08-18-2021 @ 23:23:45 - Image URL:https://inspiry.co.nz/wp-content/uploads/2021/eurotech-lighting/ET-LEDA60E278W-3.jpg
08-18-2021 @ 23:23:46 - URL:https://inspiry.co.nz/wp-content/uploads/2021/eurotech-lighting/ET-LEDA60E278W-3.jpg Reason:Error getting remote image https://inspiry.co.nz/wp-content/uploads/2021/eurotech-lighting/ET-LEDA60E278W-3.jpg. Error: Not Found
08-18-2021 @ 23:23:46 - Image URL:https://inspiry.co.nz/wp-content/uploads/2021/eurotech-lighting/ET-LEDA60E278W-4.jpg
08-18-2021 @ 23:23:47 - URL:https://inspiry.co.nz/wp-content/uploads/2021/eurotech-lighting/ET-LEDA60E278W-4.jpg Reason:Error getting remote image https://inspiry.co.nz/wp-content/uploads/2021/eurotech-lighting/ET-LEDA60E278W-4.jpg. Error: Not Found
08-18-2021 @ 23:23:48 - Row :2 - Product updated successfully.
08-18-2021 @ 23:23:48 - Row :3 - Parsing item.
08-18-2021 @ 23:23:48 - Row :3 - Processing item.
08-18-2021 @ 23:23:48 - Found simple product object. ID:451290
08-18-2021 @ 23:23:48 - Setting Featured Image. URL:https://inspiry.co.nz/wp-content/uploads/2021/eurotech-lighting/ET-LEDA60B228W.jpg
08-18-2021 @ 23:23:49 - Attachment ID:451312
08-18-2021 @ 23:23:49 - Setting Gallery Images.
08-18-2021 @ 23:23:49 - Image URL:https://inspiry.co.nz/wp-content/uploads/2021/eurotech-lighting/ET-LEDA60B228W-1.jpg
08-18-2021 @ 23:23:50 - URL:https://inspiry.co.nz/wp-content/uploads/2021/eurotech-lighting/ET-LEDA60B228W-1.jpg Reason:Error getting remote image https://inspiry.co.nz/wp-content/uploads/2021/eurotech-lighting/ET-LEDA60B228W-1.jpg. Error: Not Found
08-18-2021 @ 23:23:50 - Image URL:https://inspiry.co.nz/wp-content/uploads/2021/eurotech-lighting/ET-LEDA60B228W-2.jpg
08-18-2021 @ 23:23:51 - URL:https://inspiry.co.nz/wp-content/uploads/2021/eurotech-lighting/ET-LEDA60B228W-2.jpg Reason:Error getting remote image https://inspiry.co.nz/wp-content/uploads/2021/eurotech-lighting/ET-LEDA60B228W-2.jpg. Error: Not Found
08-18-2021 @ 23:23:51 - Image URL:https://inspiry.co.nz/wp-content/uploads/2021/eurotech-lighting/ET-LEDA60B228W-3.jpg
08-18-2021 @ 23:23:53 - URL:https://inspiry.co.nz/wp-content/uploads/2021/eurotech-lighting/ET-LEDA60B228W-3.jpg Reason:Error getting remote image https://inspiry.co.nz/wp-content/uploads/2021/eurotech-lighting/ET-LEDA60B228W-3.jpg. Error: Not Found
08-18-2021 @ 23:23:53 - Image URL:https://inspiry.co.nz/wp-content/uploads/2021/eurotech-lighting/ET-LEDA60B228W-4.jpg
08-18-2021 @ 23:23:54 - URL:https://inspiry.co.nz/wp-content/uploads/2021/eurotech-lighting/ET-LEDA60B228W-4.jpg Reason:Error getting remote image https://inspiry.co.nz/wp-content/uploads/2021/eurotech-lighting/ET-LEDA60B228W-4.jpg. Error: Not Found
08-18-2021 @ 23:23:55 - Row :3 - Product updated successfully.
08-18-2021 @ 23:23:55 - Row :4 - Parsing item.
08-18-2021 @ 23:23:55 - Row :4 - Processing item.
08-18-2021 @ 23:23:55 - Found simple product object. ID:451291
08-18-2021 @ 23:23:55 - Setting Featured Image. URL:https://inspiry.co.nz/wp-content/uploads/2021/eurotech-lighting/ET-12VA60E278W.jpg
08-18-2021 @ 23:23:57 - Attachment ID:451313
08-18-2021 @ 23:23:57 - Setting Gallery Images.
08-18-2021 @ 23:23:57 - Image URL:https://inspiry.co.nz/wp-content/uploads/2021/eurotech-lighting/ET-12VA60E278W-1.jpg
08-18-2021 @ 23:23:58 - URL:https://inspiry.co.nz/wp-content/uploads/2021/eurotech-lighting/ET-12VA60E278W-1.jpg Reason:Error getting remote image https://inspiry.co.nz/wp-content/uploads/2021/eurotech-lighting/ET-12VA60E278W-1.jpg. Error: Not Found
08-18-2021 @ 23:23:58 - Image URL:https://inspiry.co.nz/wp-content/uploads/2021/eurotech-lighting/ET-12VA60E278W-2.jpg
08-18-2021 @ 23:23:59 - URL:https://inspiry.co.nz/wp-content/uploads/2021/eurotech-lighting/ET-12VA60E278W-2.jpg Reason:Error getting remote image https://inspiry.co.nz/wp-content/uploads/2021/eurotech-lighting/ET-12VA60E278W-2.jpg. Error: Not Found
08-18-2021 @ 23:23:59 - Image URL:https://inspiry.co.nz/wp-content/uploads/2021/eurotech-lighting/ET-12VA60E278W-3.jpg
08-18-2021 @ 23:24:00 - URL:https://inspiry.co.nz/wp-content/uploads/2021/eurotech-lighting/ET-12VA60E278W-3.jpg Reason:Error getting remote image https://inspiry.co.nz/wp-content/uploads/2021/eurotech-lighting/ET-12VA60E278W-3.jpg. Error: Not Found
08-18-2021 @ 23:24:00 - Image URL:https://inspiry.co.nz/wp-content/uploads/2021/eurotech-lighting/ET-12VA60E278W-4.jpg
08-18-2021 @ 23:24:02 - URL:https://inspiry.co.nz/wp-content/uploads/2021/eurotech-lighting/ET-12VA60E278W-4.jpg Reason:Error getting remote image https://inspiry.co.nz/wp-content/uploads/2021/eurotech-lighting/ET-12VA60E278W-4.jpg. Error: Not Found
08-18-2021 @ 23:24:03 - Row :4 - Product updated successfully.
08-18-2021 @ 23:24:03 - Row :5 - Parsing item.
08-18-2021 @ 23:24:03 - Row :5 - Processing item.
08-18-2021 @ 23:24:03 - Found simple product object. ID:451292
08-18-2021 @ 23:24:03 - Setting Featured Image. URL:https://inspiry.co.nz/wp-content/uploads/2021/eurotech-lighting/ET-LEDG95E278W.jpg
08-18-2021 @ 23:24:03 - Attachment ID:451314
08-18-2021 @ 23:24:03 - Setting Gallery Images.
08-18-2021 @ 23:24:03 - Image URL:https://inspiry.co.nz/wp-content/uploads/2021/eurotech-lighting/ET-LEDG95E278W-1.jpg
08-18-2021 @ 23:24:04 - Attachment ID:451315
08-18-2021 @ 23:24:04 - Image URL:https://inspiry.co.nz/wp-content/uploads/2021/eurotech-lighting/ET-LEDG95E278W-2.jpg
08-18-2021 @ 23:24:06 - URL:https://inspiry.co.nz/wp-content/uploads/2021/eurotech-lighting/ET-LEDG95E278W-2.jpg Reason:Error getting remote image https://inspiry.co.nz/wp-content/uploads/2021/eurotech-lighting/ET-LEDG95E278W-2.jpg. Error: Not Found
08-18-2021 @ 23:24:06 - Image URL:https://inspiry.co.nz/wp-content/uploads/2021/eurotech-lighting/ET-LEDG95E278W-3.jpg
08-18-2021 @ 23:24:08 - URL:https://inspiry.co.nz/wp-content/uploads/2021/eurotech-lighting/ET-LEDG95E278W-3.jpg Reason:Error getting remote image https://inspiry.co.nz/wp-content/uploads/2021/eurotech-lighting/ET-LEDG95E278W-3.jpg. Error: Not Found
08-18-2021 @ 23:24:08 - Image URL:https://inspiry.co.nz/wp-content/uploads/2021/eurotech-lighting/ET-LEDG95E278W-4.jpg
08-18-2021 @ 23:24:09 - URL:https://inspiry.co.nz/wp-content/uploads/2021/eurotech-lighting/ET-LEDG95E278W-4.jpg Reason:Error getting remote image https://inspiry.co.nz/wp-content/uploads/2021/eurotech-lighting/ET-LEDG95E278W-4.jpg. Error: Not Found
08-18-2021 @ 23:24:09 - Row :5 - Product updated successfully.
08-18-2021 @ 23:24:09 - Row :6 - Parsing item.
08-18-2021 @ 23:24:09 - Row :6 - Processing item.
08-18-2021 @ 23:24:09 - Found simple product object. ID:451293
08-18-2021 @ 23:24:09 - Setting Featured Image. URL:https://inspiry.co.nz/wp-content/uploads/2021/eurotech-lighting/ET-LEDG95B228W.jpg
08-18-2021 @ 23:24:11 - Attachment ID:451316
08-18-2021 @ 23:24:11 - Setting Gallery Images.
08-18-2021 @ 23:24:11 - Image URL:https://inspiry.co.nz/wp-content/uploads/2021/eurotech-lighting/ET-LEDG95B228W-1.jpg
08-18-2021 @ 23:24:12 - Attachment ID:451317
08-18-2021 @ 23:24:12 - Image URL:https://inspiry.co.nz/wp-content/uploads/2021/eurotech-lighting/ET-LEDG95B228W-2.jpg
08-18-2021 @ 23:24:14 - URL:https://inspiry.co.nz/wp-content/uploads/2021/eurotech-lighting/ET-LEDG95B228W-2.jpg Reason:Error getting remote image https://inspiry.co.nz/wp-content/uploads/2021/eurotech-lighting/ET-LEDG95B228W-2.jpg. Error: Not Found
08-18-2021 @ 23:24:14 - Image URL:https://inspiry.co.nz/wp-content/uploads/2021/eurotech-lighting/ET-LEDG95B228W-3.jpg
08-18-2021 @ 23:24:15 - URL:https://inspiry.co.nz/wp-content/uploads/2021/eurotech-lighting/ET-LEDG95B228W-3.jpg Reason:Error getting remote image https://inspiry.co.nz/wp-content/uploads/2021/eurotech-lighting/ET-LEDG95B228W-3.jpg. Error: Not Found
08-18-2021 @ 23:24:15 - Image URL:https://inspiry.co.nz/wp-content/uploads/2021/eurotech-lighting/ET-LEDG95B228W-4.jpg
08-18-2021 @ 23:24:16 - URL:https://inspiry.co.nz/wp-content/uploads/2021/eurotech-lighting/ET-LEDG95B228W-4.jpg Reason:Error getting remote image https://inspiry.co.nz/wp-content/uploads/2021/eurotech-lighting/ET-LEDG95B228W-4.jpg. Error: Not Found
08-18-2021 @ 23:24:16 - Row :6 - Product updated successfully.
08-18-2021 @ 23:24:16 - Row :7 - Parsing item.
08-18-2021 @ 23:24:16 - Row :7 - Processing item.
08-18-2021 @ 23:24:16 - Found simple product object. ID:451294
08-18-2021 @ 23:24:16 - Setting Featured Image. URL:https://inspiry.co.nz/wp-content/uploads/2021/eurotech-lighting/ET-LEDG125E278W.jpg
08-18-2021 @ 23:24:17 - Attachment ID:451318
08-18-2021 @ 23:24:17 - Setting Gallery Images.
08-18-2021 @ 23:24:17 - Image URL:https://inspiry.co.nz/wp-content/uploads/2021/eurotech-lighting/ET-LEDG125E278W-1.jpg
08-18-2021 @ 23:24:20 - URL:https://inspiry.co.nz/wp-content/uploads/2021/eurotech-lighting/ET-LEDG125E278W-1.jpg Reason:Error getting remote image https://inspiry.co.nz/wp-content/uploads/2021/eurotech-lighting/ET-LEDG125E278W-1.jpg. Error: Not Found
08-18-2021 @ 23:24:20 - Image URL:https://inspiry.co.nz/wp-content/uploads/2021/eurotech-lighting/ET-LEDG125E278W-2.jpg
08-18-2021 @ 23:24:21 - URL:https://inspiry.co.nz/wp-content/uploads/2021/eurotech-lighting/ET-LEDG125E278W-2.jpg Reason:Error getting remote image https://inspiry.co.nz/wp-content/uploads/2021/eurotech-lighting/ET-LEDG125E278W-2.jpg. Error: Not Found
08-18-2021 @ 23:24:21 - Image URL:https://inspiry.co.nz/wp-content/uploads/2021/eurotech-lighting/ET-LEDG125E278W-3.jpg
08-18-2021 @ 23:24:23 - URL:https://inspiry.co.nz/wp-content/uploads/2021/eurotech-lighting/ET-LEDG125E278W-3.jpg Reason:Error getting remote image https://inspiry.co.nz/wp-content/uploads/2021/eurotech-lighting/ET-LEDG125E278W-3.jpg. Error: Not Found
08-18-2021 @ 23:24:23 - Image URL:https://inspiry.co.nz/wp-content/uploads/2021/eurotech-lighting/ET-LEDG125E278W-4.jpg
08-18-2021 @ 23:24:25 - URL:https://inspiry.co.nz/wp-content/uploads/2021/eurotech-lighting/ET-LEDG125E278W-4.jpg Reason:Error getting remote image https://inspiry.co.nz/wp-content/uploads/2021/eurotech-lighting/ET-LEDG125E278W-4.jpg. Error: Not Found
08-18-2021 @ 23:24:26 - Row :7 - Product updated successfully.
08-18-2021 @ 23:24:26 - Row :8 - Parsing item.
08-18-2021 @ 23:24:26 - Row :8 - Processing item.
08-18-2021 @ 23:24:26 - Found simple product object. ID:451295
08-18-2021 @ 23:24:26 - Setting Featured Image. URL:https://inspiry.co.nz/wp-content/uploads/2021/eurotech-lighting/ET-LEDG125B228W.jpg
08-18-2021 @ 23:24:27 - Attachment ID:451319
08-18-2021 @ 23:24:27 - Setting Gallery Images.
08-18-2021 @ 23:24:27 - Image URL:https://inspiry.co.nz/wp-content/uploads/2021/eurotech-lighting/ET-LEDG125B228W-1.jpg
08-18-2021 @ 23:24:27 - URL:https://inspiry.co.nz/wp-content/uploads/2021/eurotech-lighting/ET-LEDG125B228W-1.jpg Reason:Error getting remote image https://inspiry.co.nz/wp-content/uploads/2021/eurotech-lighting/ET-LEDG125B228W-1.jpg. Error: Not Found
08-18-2021 @ 23:24:27 - Image URL:https://inspiry.co.nz/wp-content/uploads/2021/eurotech-lighting/ET-LEDG125B228W-2.jpg
08-18-2021 @ 23:24:28 - URL:https://inspiry.co.nz/wp-content/uploads/2021/eurotech-lighting/ET-LEDG125B228W-2.jpg Reason:Error getting remote image https://inspiry.co.nz/wp-content/uploads/2021/eurotech-lighting/ET-LEDG125B228W-2.jpg. Error: Not Found
08-18-2021 @ 23:24:28 - Image URL:https://inspiry.co.nz/wp-content/uploads/2021/eurotech-lighting/ET-LEDG125B228W-3.jpg
08-18-2021 @ 23:24:29 - URL:https://inspiry.co.nz/wp-content/uploads/2021/eurotech-lighting/ET-LEDG125B228W-3.jpg Reason:Error getting remote image https://inspiry.co.nz/wp-content/uploads/2021/eurotech-lighting/ET-LEDG125B228W-3.jpg. Error: Not Found
08-18-2021 @ 23:24:29 - Image URL:https://inspiry.co.nz/wp-content/uploads/2021/eurotech-lighting/ET-LEDG125B228W-4.jpg
08-18-2021 @ 23:24:31 - URL:https://inspiry.co.nz/wp-content/uploads/2021/eurotech-lighting/ET-LEDG125B228W-4.jpg Reason:Error getting remote image https://inspiry.co.nz/wp-content/uploads/2021/eurotech-lighting/ET-LEDG125B228W-4.jpg. Error: Not Found
08-18-2021 @ 23:24:31 - Row :8 - Product updated successfully.
08-18-2021 @ 23:24:31 - Row :9 - Parsing item.
08-18-2021 @ 23:24:31 - Row :9 - Processing item.
08-18-2021 @ 23:24:31 - Found simple product object. ID:451296
08-18-2021 @ 23:24:31 - Setting Featured Image. URL:https://inspiry.co.nz/wp-content/uploads/2021/eurotech-lighting/ET-LEDP180E279W.jpg
08-18-2021 @ 23:24:32 - Attachment ID:451320
08-18-2021 @ 23:24:32 - Setting Gallery Images.
08-18-2021 @ 23:24:32 - Image URL:https://inspiry.co.nz/wp-content/uploads/2021/eurotech-lighting/ET-LEDP180E279W-1.jpg
08-18-2021 @ 23:24:33 - URL:https://inspiry.co.nz/wp-content/uploads/2021/eurotech-lighting/ET-LEDP180E279W-1.jpg Reason:Error getting remote image https://inspiry.co.nz/wp-content/uploads/2021/eurotech-lighting/ET-LEDP180E279W-1.jpg. Error: Not Found
08-18-2021 @ 23:24:33 - Image URL:https://inspiry.co.nz/wp-content/uploads/2021/eurotech-lighting/ET-LEDP180E279W-2.jpg
08-18-2021 @ 23:24:33 - URL:https://inspiry.co.nz/wp-content/uploads/2021/eurotech-lighting/ET-LEDP180E279W-2.jpg Reason:Error getting remote image https://inspiry.co.nz/wp-content/uploads/2021/eurotech-lighting/ET-LEDP180E279W-2.jpg. Error: Not Found
08-18-2021 @ 23:24:33 - Image URL:https://inspiry.co.nz/wp-content/uploads/2021/eurotech-lighting/ET-LEDP180E279W-3.jpg
08-18-2021 @ 23:24:34 - URL:https://inspiry.co.nz/wp-content/uploads/2021/eurotech-lighting/ET-LEDP180E279W-3.jpg Reason:Error getting remote image https://inspiry.co.nz/wp-content/uploads/2021/eurotech-lighting/ET-LEDP180E279W-3.jpg. Error: Not Found
08-18-2021 @ 23:24:34 - Image URL:https://inspiry.co.nz/wp-content/uploads/2021/eurotech-lighting/ET-LEDP180E279W-4.jpg
08-18-2021 @ 23:24:37 - URL:https://inspiry.co.nz/wp-content/uploads/2021/eurotech-lighting/ET-LEDP180E279W-4.jpg Reason:Error getting remote image https://inspiry.co.nz/wp-content/uploads/2021/eurotech-lighting/ET-LEDP180E279W-4.jpg. Error: Not Found
08-18-2021 @ 23:24:38 - Row :9 - Product updated successfully.
08-18-2021 @ 23:24:38 - Row :10 - Parsing item.
08-18-2021 @ 23:24:38 - Row :10 - Processing item.
08-18-2021 @ 23:24:38 - Found simple product object. ID:451297
08-18-2021 @ 23:24:38 - Setting Featured Image. URL:https://inspiry.co.nz/wp-content/uploads/2021/eurotech-lighting/ET-LEDP180B229W.jpg
08-18-2021 @ 23:24:38 - Attachment ID:451321
08-18-2021 @ 23:24:38 - Setting Gallery Images.
08-18-2021 @ 23:24:38 - Image URL:https://inspiry.co.nz/wp-content/uploads/2021/eurotech-lighting/ET-LEDP180B229W-1.jpg
08-18-2021 @ 23:24:39 - URL:https://inspiry.co.nz/wp-content/uploads/2021/eurotech-lighting/ET-LEDP180B229W-1.jpg Reason:Error getting remote image https://inspiry.co.nz/wp-content/uploads/2021/eurotech-lighting/ET-LEDP180B229W-1.jpg. Error: Not Found
08-18-2021 @ 23:24:39 - Image URL:https://inspiry.co.nz/wp-content/uploads/2021/eurotech-lighting/ET-LEDP180B229W-2.jpg
08-18-2021 @ 23:24:40 - URL:https://inspiry.co.nz/wp-content/uploads/2021/eurotech-lighting/ET-LEDP180B229W-2.jpg Reason:Error getting remote image https://inspiry.co.nz/wp-content/uploads/2021/eurotech-lighting/ET-LEDP180B229W-2.jpg. Error: Not Found
08-18-2021 @ 23:24:40 - Image URL:https://inspiry.co.nz/wp-content/uploads/2021/eurotech-lighting/ET-LEDP180B229W-3.jpg
08-18-2021 @ 23:24:41 - URL:https://inspiry.co.nz/wp-content/uploads/2021/eurotech-lighting/ET-LEDP180B229W-3.jpg Reason:Error getting remote image https://inspiry.co.nz/wp-content/uploads/2021/eurotech-lighting/ET-LEDP180B229W-3.jpg. Error: Not Found
08-18-2021 @ 23:24:41 - Image URL:https://inspiry.co.nz/wp-content/uploads/2021/eurotech-lighting/ET-LEDP180B229W-4.jpg
08-18-2021 @ 23:24:42 - URL:https://inspiry.co.nz/wp-content/uploads/2021/eurotech-lighting/ET-LEDP180B229W-4.jpg Reason:Error getting remote image https://inspiry.co.nz/wp-content/uploads/2021/eurotech-lighting/ET-LEDP180B229W-4.jpg. Error: Not Found
08-18-2021 @ 23:24:43 - Row :10 - Product updated successfully.
08-18-2021 @ 23:24:44 - Preparing for import.
08-18-2021 @ 23:24:44 - Row :11 - Parsing item.
08-18-2021 @ 23:24:44 - Row :11 - Processing item.
08-18-2021 @ 23:24:44 - Found simple product object. ID:451298
08-18-2021 @ 23:24:44 - Setting Featured Image. URL:https://inspiry.co.nz/wp-content/uploads/2021/eurotech-lighting/ET-LEDG200E279W.jpg
08-18-2021 @ 23:24:45 - Attachment ID:451322
08-18-2021 @ 23:24:45 - Setting Gallery Images.
08-18-2021 @ 23:24:45 - Image URL:https://inspiry.co.nz/wp-content/uploads/2021/eurotech-lighting/ET-LEDG200E279W-1.jpg
08-18-2021 @ 23:24:46 - URL:https://inspiry.co.nz/wp-content/uploads/2021/eurotech-lighting/ET-LEDG200E279W-1.jpg Reason:Error getting remote image https://inspiry.co.nz/wp-content/uploads/2021/eurotech-lighting/ET-LEDG200E279W-1.jpg. Error: Not Found
08-18-2021 @ 23:24:46 - Image URL:https://inspiry.co.nz/wp-content/uploads/2021/eurotech-lighting/ET-LEDG200E279W-2.jpg
08-18-2021 @ 23:24:47 - URL:https://inspiry.co.nz/wp-content/uploads/2021/eurotech-lighting/ET-LEDG200E279W-2.jpg Reason:Error getting remote image https://inspiry.co.nz/wp-content/uploads/2021/eurotech-lighting/ET-LEDG200E279W-2.jpg. Error: Not Found
08-18-2021 @ 23:24:47 - Image URL:https://inspiry.co.nz/wp-content/uploads/2021/eurotech-lighting/ET-LEDG200E279W-3.jpg
08-18-2021 @ 23:24:48 - URL:https://inspiry.co.nz/wp-content/uploads/2021/eurotech-lighting/ET-LEDG200E279W-3.jpg Reason:Error getting remote image https://inspiry.co.nz/wp-content/uploads/2021/eurotech-lighting/ET-LEDG200E279W-3.jpg. Error: Not Found
08-18-2021 @ 23:24:48 - Image URL:https://inspiry.co.nz/wp-content/uploads/2021/eurotech-lighting/ET-LEDG200E279W-4.jpg
08-18-2021 @ 23:24:49 - URL:https://inspiry.co.nz/wp-content/uploads/2021/eurotech-lighting/ET-LEDG200E279W-4.jpg Reason:Error getting remote image https://inspiry.co.nz/wp-content/uploads/2021/eurotech-lighting/ET-LEDG200E279W-4.jpg. Error: Not Found
08-18-2021 @ 23:24:49 - Row :11 - Product updated successfully.
08-18-2021 @ 23:24:49 - Row :12 - Parsing item.
08-18-2021 @ 23:24:50 - Row :12 - Processing item.
08-18-2021 @ 23:24:50 - Found simple product object. ID:451299
08-18-2021 @ 23:24:50 - Setting Featured Image. URL:https://inspiry.co.nz/wp-content/uploads/2021/eurotech-lighting/ET-LEDG200B229W.jpg
08-18-2021 @ 23:24:50 - Attachment ID:451323
08-18-2021 @ 23:24:50 - Setting Gallery Images.
08-18-2021 @ 23:24:50 - Image URL:https://inspiry.co.nz/wp-content/uploads/2021/eurotech-lighting/ET-LEDG200B229W-1.jpg
08-18-2021 @ 23:24:51 - URL:https://inspiry.co.nz/wp-content/uploads/2021/eurotech-lighting/ET-LEDG200B229W-1.jpg Reason:Error getting remote image https://inspiry.co.nz/wp-content/uploads/2021/eurotech-lighting/ET-LEDG200B229W-1.jpg. Error: Not Found
08-18-2021 @ 23:24:51 - Image URL:https://inspiry.co.nz/wp-content/uploads/2021/eurotech-lighting/ET-LEDG200B229W-2.jpg
08-18-2021 @ 23:24:52 - URL:https://inspiry.co.nz/wp-content/uploads/2021/eurotech-lighting/ET-LEDG200B229W-2.jpg Reason:Error getting remote image https://inspiry.co.nz/wp-content/uploads/2021/eurotech-lighting/ET-LEDG200B229W-2.jpg. Error: Not Found
08-18-2021 @ 23:24:52 - Image URL:https://inspiry.co.nz/wp-content/uploads/2021/eurotech-lighting/ET-LEDG200B229W-3.jpg
08-18-2021 @ 23:24:53 - URL:https://inspiry.co.nz/wp-content/uploads/2021/eurotech-lighting/ET-LEDG200B229W-3.jpg Reason:Error getting remote image https://inspiry.co.nz/wp-content/uploads/2021/eurotech-lighting/ET-LEDG200B229W-3.jpg. Error: Not Found
08-18-2021 @ 23:24:53 - Image URL:https://inspiry.co.nz/wp-content/uploads/2021/eurotech-lighting/ET-LEDG200B229W-4.jpg
08-18-2021 @ 23:24:54 - URL:https://inspiry.co.nz/wp-content/uploads/2021/eurotech-lighting/ET-LEDG200B229W-4.jpg Reason:Error getting remote image https://inspiry.co.nz/wp-content/uploads/2021/eurotech-lighting/ET-LEDG200B229W-4.jpg. Error: Not Found
08-18-2021 @ 23:24:54 - Row :12 - Product updated successfully.
08-18-2021 @ 23:24:54 - Row :13 - Parsing item.
08-18-2021 @ 23:24:54 - Row :13 - Processing item.
08-18-2021 @ 23:24:54 - Found simple product object. ID:451300
08-18-2021 @ 23:24:54 - Setting Featured Image. URL:https://inspiry.co.nz/wp-content/uploads/2021/eurotech-lighting/ET-DECOST64B224W.jpg
08-18-2021 @ 23:24:55 - Attachment ID:451324
08-18-2021 @ 23:24:55 - Setting Gallery Images.
08-18-2021 @ 23:24:55 - Image URL:https://inspiry.co.nz/wp-content/uploads/2021/eurotech-lighting/ET-DECOST64B224W-1.jpg
08-18-2021 @ 23:24:56 - URL:https://inspiry.co.nz/wp-content/uploads/2021/eurotech-lighting/ET-DECOST64B224W-1.jpg Reason:Error getting remote image https://inspiry.co.nz/wp-content/uploads/2021/eurotech-lighting/ET-DECOST64B224W-1.jpg. Error: Not Found
08-18-2021 @ 23:24:56 - Image URL:https://inspiry.co.nz/wp-content/uploads/2021/eurotech-lighting/ET-DECOST64B224W-2.jpg
08-18-2021 @ 23:24:57 - URL:https://inspiry.co.nz/wp-content/uploads/2021/eurotech-lighting/ET-DECOST64B224W-2.jpg Reason:Error getting remote image https://inspiry.co.nz/wp-content/uploads/2021/eurotech-lighting/ET-DECOST64B224W-2.jpg. Error: Not Found
08-18-2021 @ 23:24:57 - Image URL:https://inspiry.co.nz/wp-content/uploads/2021/eurotech-lighting/ET-DECOST64B224W-3.jpg
08-18-2021 @ 23:24:59 - URL:https://inspiry.co.nz/wp-content/uploads/2021/eurotech-lighting/ET-DECOST64B224W-3.jpg Reason:Error getting remote image https://inspiry.co.nz/wp-content/uploads/2021/eurotech-lighting/ET-DECOST64B224W-3.jpg. Error: Not Found
08-18-2021 @ 23:24:59 - Image URL:https://inspiry.co.nz/wp-content/uploads/2021/eurotech-lighting/ET-DECOST64B224W-4.jpg
08-18-2021 @ 23:25:00 - URL:https://inspiry.co.nz/wp-content/uploads/2021/eurotech-lighting/ET-DECOST64B224W-4.jpg Reason:Error getting remote image https://inspiry.co.nz/wp-content/uploads/2021/eurotech-lighting/ET-DECOST64B224W-4.jpg. Error: Not Found
08-18-2021 @ 23:25:01 - Row :13 - Product updated successfully.
08-18-2021 @ 23:25:01 - Row :14 - Parsing item.
08-18-2021 @ 23:25:01 - Row :14 - Processing item.
08-18-2021 @ 23:25:01 - Found simple product object. ID:451301
08-18-2021 @ 23:25:01 - Setting Featured Image. URL:https://inspiry.co.nz/wp-content/uploads/2021/eurotech-lighting/ET-DECOG95E274W.jpg
08-18-2021 @ 23:25:02 - Attachment ID:451325
08-18-2021 @ 23:25:02 - Setting Gallery Images.
08-18-2021 @ 23:25:02 - Image URL:https://inspiry.co.nz/wp-content/uploads/2021/eurotech-lighting/ET-DECOG95E274W-1.jpg
08-18-2021 @ 23:25:03 - URL:https://inspiry.co.nz/wp-content/uploads/2021/eurotech-lighting/ET-DECOG95E274W-1.jpg Reason:Error getting remote image https://inspiry.co.nz/wp-content/uploads/2021/eurotech-lighting/ET-DECOG95E274W-1.jpg. Error: Not Found
08-18-2021 @ 23:25:03 - Image URL:https://inspiry.co.nz/wp-content/uploads/2021/eurotech-lighting/ET-DECOG95E274W-2.jpg
08-18-2021 @ 23:25:04 - URL:https://inspiry.co.nz/wp-content/uploads/2021/eurotech-lighting/ET-DECOG95E274W-2.jpg Reason:Error getting remote image https://inspiry.co.nz/wp-content/uploads/2021/eurotech-lighting/ET-DECOG95E274W-2.jpg. Error: Not Found
08-18-2021 @ 23:25:04 - Image URL:https://inspiry.co.nz/wp-content/uploads/2021/eurotech-lighting/ET-DECOG95E274W-3.jpg
08-18-2021 @ 23:25:05 - URL:https://inspiry.co.nz/wp-content/uploads/2021/eurotech-lighting/ET-DECOG95E274W-3.jpg Reason:Error getting remote image https://inspiry.co.nz/wp-content/uploads/2021/eurotech-lighting/ET-DECOG95E274W-3.jpg. Error: Not Found
08-18-2021 @ 23:25:05 - Image URL:https://inspiry.co.nz/wp-content/uploads/2021/eurotech-lighting/ET-DECOG95E274W-4.jpg
08-18-2021 @ 23:25:06 - URL:https://inspiry.co.nz/wp-content/uploads/2021/eurotech-lighting/ET-DECOG95E274W-4.jpg Reason:Error getting remote image https://inspiry.co.nz/wp-content/uploads/2021/eurotech-lighting/ET-DECOG95E274W-4.jpg. Error: Not Found
08-18-2021 @ 23:25:07 - Row :14 - Product updated successfully.
08-18-2021 @ 23:25:07 - Row :15 - Parsing item.
08-18-2021 @ 23:25:07 - Row :15 - Processing item.
08-18-2021 @ 23:25:07 - Found simple product object. ID:451302
08-18-2021 @ 23:25:07 - Setting Featured Image. URL:https://inspiry.co.nz/wp-content/uploads/2021/eurotech-lighting/ET-DECOG95B224W.jpg
08-18-2021 @ 23:25:08 - Attachment ID:451326
08-18-2021 @ 23:25:08 - Setting Gallery Images.
08-18-2021 @ 23:25:08 - Image URL:https://inspiry.co.nz/wp-content/uploads/2021/eurotech-lighting/ET-DECOG95B224W-1.jpg
08-18-2021 @ 23:25:09 - URL:https://inspiry.co.nz/wp-content/uploads/2021/eurotech-lighting/ET-DECOG95B224W-1.jpg Reason:Error getting remote image https://inspiry.co.nz/wp-content/uploads/2021/eurotech-lighting/ET-DECOG95B224W-1.jpg. Error: Not Found
08-18-2021 @ 23:25:09 - Image URL:https://inspiry.co.nz/wp-content/uploads/2021/eurotech-lighting/ET-DECOG95B224W-2.jpg
08-18-2021 @ 23:25:10 - URL:https://inspiry.co.nz/wp-content/uploads/2021/eurotech-lighting/ET-DECOG95B224W-2.jpg Reason:Error getting remote image https://inspiry.co.nz/wp-content/uploads/2021/eurotech-lighting/ET-DECOG95B224W-2.jpg. Error: Not Found
08-18-2021 @ 23:25:10 - Image URL:https://inspiry.co.nz/wp-content/uploads/2021/eurotech-lighting/ET-DECOG95B224W-3.jpg
08-18-2021 @ 23:25:12 - URL:https://inspiry.co.nz/wp-content/uploads/2021/eurotech-lighting/ET-DECOG95B224W-3.jpg Reason:Error getting remote image https://inspiry.co.nz/wp-content/uploads/2021/eurotech-lighting/ET-DECOG95B224W-3.jpg. Error: Not Found
08-18-2021 @ 23:25:12 - Image URL:https://inspiry.co.nz/wp-content/uploads/2021/eurotech-lighting/ET-DECOG95B224W-4.jpg
08-18-2021 @ 23:25:13 - URL:https://inspiry.co.nz/wp-content/uploads/2021/eurotech-lighting/ET-DECOG95B224W-4.jpg Reason:Error getting remote image https://inspiry.co.nz/wp-content/uploads/2021/eurotech-lighting/ET-DECOG95B224W-4.jpg. Error: Not Found
08-18-2021 @ 23:25:13 - Row :15 - Product updated successfully.
08-18-2021 @ 23:25:13 - Row :16 - Parsing item.
08-18-2021 @ 23:25:13 - Row :16 - Processing item.
08-18-2021 @ 23:25:13 - Found simple product object. ID:451303
08-18-2021 @ 23:25:13 - Setting Featured Image. URL:https://inspiry.co.nz/wp-content/uploads/2021/eurotech-lighting/ET-DECOP180E274W.jpg
08-18-2021 @ 23:25:14 - Attachment ID:451327
08-18-2021 @ 23:25:14 - Setting Gallery Images.
08-18-2021 @ 23:25:14 - Image URL:https://inspiry.co.nz/wp-content/uploads/2021/eurotech-lighting/ET-DECOP180E274W-1.jpg
08-18-2021 @ 23:25:15 - Attachment ID:451328
08-18-2021 @ 23:25:15 - Image URL:https://inspiry.co.nz/wp-content/uploads/2021/eurotech-lighting/ET-DECOP180E274W-2.jpg
08-18-2021 @ 23:25:17 - URL:https://inspiry.co.nz/wp-content/uploads/2021/eurotech-lighting/ET-DECOP180E274W-2.jpg Reason:Error getting remote image https://inspiry.co.nz/wp-content/uploads/2021/eurotech-lighting/ET-DECOP180E274W-2.jpg. Error: Not Found
08-18-2021 @ 23:25:17 - Image URL:https://inspiry.co.nz/wp-content/uploads/2021/eurotech-lighting/ET-DECOP180E274W-3.jpg
08-18-2021 @ 23:25:18 - URL:https://inspiry.co.nz/wp-content/uploads/2021/eurotech-lighting/ET-DECOP180E274W-3.jpg Reason:Error getting remote image https://inspiry.co.nz/wp-content/uploads/2021/eurotech-lighting/ET-DECOP180E274W-3.jpg. Error: Not Found
08-18-2021 @ 23:25:18 - Image URL:https://inspiry.co.nz/wp-content/uploads/2021/eurotech-lighting/ET-DECOP180E274W-4.jpg
08-18-2021 @ 23:25:19 - URL:https://inspiry.co.nz/wp-content/uploads/2021/eurotech-lighting/ET-DECOP180E274W-4.jpg Reason:Error getting remote image https://inspiry.co.nz/wp-content/uploads/2021/eurotech-lighting/ET-DECOP180E274W-4.jpg. Error: Not Found
08-18-2021 @ 23:25:20 - Row :16 - Product updated successfully.
08-18-2021 @ 23:25:20 - Row :17 - Parsing item.
08-18-2021 @ 23:25:20 - Row :17 - Processing item.
08-18-2021 @ 23:25:20 - Found simple product object. ID:451304
08-18-2021 @ 23:25:20 - Setting Featured Image. URL:https://inspiry.co.nz/wp-content/uploads/2021/eurotech-lighting/ET-DECOP180B224W.jpg
08-18-2021 @ 23:25:20 - Attachment ID:451329
08-18-2021 @ 23:25:20 - Setting Gallery Images.
08-18-2021 @ 23:25:20 - Image URL:https://inspiry.co.nz/wp-content/uploads/2021/eurotech-lighting/ET-DECOP180B224W-1.jpg
08-18-2021 @ 23:25:21 - Attachment ID:451330
08-18-2021 @ 23:25:21 - Image URL:https://inspiry.co.nz/wp-content/uploads/2021/eurotech-lighting/ET-DECOP180B224W-2.jpg
08-18-2021 @ 23:25:23 - URL:https://inspiry.co.nz/wp-content/uploads/2021/eurotech-lighting/ET-DECOP180B224W-2.jpg Reason:Error getting remote image https://inspiry.co.nz/wp-content/uploads/2021/eurotech-lighting/ET-DECOP180B224W-2.jpg. Error: Not Found
08-18-2021 @ 23:25:23 - Image URL:https://inspiry.co.nz/wp-content/uploads/2021/eurotech-lighting/ET-DECOP180B224W-3.jpg
08-18-2021 @ 23:25:26 - URL:https://inspiry.co.nz/wp-content/uploads/2021/eurotech-lighting/ET-DECOP180B224W-3.jpg Reason:Error getting remote image https://inspiry.co.nz/wp-content/uploads/2021/eurotech-lighting/ET-DECOP180B224W-3.jpg. Error: Not Found
08-18-2021 @ 23:25:26 - Image URL:https://inspiry.co.nz/wp-content/uploads/2021/eurotech-lighting/ET-DECOP180B224W-4.jpg
08-18-2021 @ 23:25:27 - URL:https://inspiry.co.nz/wp-content/uploads/2021/eurotech-lighting/ET-DECOP180B224W-4.jpg Reason:Error getting remote image https://inspiry.co.nz/wp-content/uploads/2021/eurotech-lighting/ET-DECOP180B224W-4.jpg. Error: Not Found
08-18-2021 @ 23:25:28 - Row :17 - Product updated successfully.
08-18-2021 @ 23:25:28 - Row :18 - Parsing item.
08-18-2021 @ 23:25:28 - Row :18 - Processing item.
08-18-2021 @ 23:25:28 - Found simple product object. ID:451305
08-18-2021 @ 23:25:28 - Setting Featured Image. URL:https://inspiry.co.nz/wp-content/uploads/2021/eurotech-lighting/ET-DECOG200E274W.jpg
08-18-2021 @ 23:25:28 - Attachment ID:451331
08-18-2021 @ 23:25:28 - Setting Gallery Images.
08-18-2021 @ 23:25:28 - Image URL:https://inspiry.co.nz/wp-content/uploads/2021/eurotech-lighting/ET-DECOG200E274W-1.jpg
08-18-2021 @ 23:25:29 - URL:https://inspiry.co.nz/wp-content/uploads/2021/eurotech-lighting/ET-DECOG200E274W-1.jpg Reason:Error getting remote image https://inspiry.co.nz/wp-content/uploads/2021/eurotech-lighting/ET-DECOG200E274W-1.jpg. Error: Not Found
08-18-2021 @ 23:25:29 - Image URL:https://inspiry.co.nz/wp-content/uploads/2021/eurotech-lighting/ET-DECOG200E274W-2.jpg
08-18-2021 @ 23:25:30 - URL:https://inspiry.co.nz/wp-content/uploads/2021/eurotech-lighting/ET-DECOG200E274W-2.jpg Reason:Error getting remote image https://inspiry.co.nz/wp-content/uploads/2021/eurotech-lighting/ET-DECOG200E274W-2.jpg. Error: Not Found
08-18-2021 @ 23:25:30 - Image URL:https://inspiry.co.nz/wp-content/uploads/2021/eurotech-lighting/ET-DECOG200E274W-3.jpg
08-18-2021 @ 23:25:31 - URL:https://inspiry.co.nz/wp-content/uploads/2021/eurotech-lighting/ET-DECOG200E274W-3.jpg Reason:Error getting remote image https://inspiry.co.nz/wp-content/uploads/2021/eurotech-lighting/ET-DECOG200E274W-3.jpg. Error: Not Found
08-18-2021 @ 23:25:31 - Image URL:https://inspiry.co.nz/wp-content/uploads/2021/eurotech-lighting/ET-DECOG200E274W-4.jpg
08-18-2021 @ 23:25:32 - URL:https://inspiry.co.nz/wp-content/uploads/2021/eurotech-lighting/ET-DECOG200E274W-4.jpg Reason:Error getting remote image https://inspiry.co.nz/wp-content/uploads/2021/eurotech-lighting/ET-DECOG200E274W-4.jpg. Error: Not Found
08-18-2021 @ 23:25:32 - Row :18 - Product updated successfully.
08-18-2021 @ 23:25:32 - Row :19 - Parsing item.
08-18-2021 @ 23:25:32 - Row :19 - Processing item.
08-18-2021 @ 23:25:32 - Found simple product object. ID:451306
08-18-2021 @ 23:25:32 - Setting Featured Image. URL:https://inspiry.co.nz/wp-content/uploads/2021/eurotech-lighting/ET-DECOG200B224W.jpg
08-18-2021 @ 23:25:33 - Attachment ID:451332
08-18-2021 @ 23:25:33 - Setting Gallery Images.
08-18-2021 @ 23:25:33 - Image URL:https://inspiry.co.nz/wp-content/uploads/2021/eurotech-lighting/ET-DECOG200B224W-1.jpg
08-18-2021 @ 23:25:34 - URL:https://inspiry.co.nz/wp-content/uploads/2021/eurotech-lighting/ET-DECOG200B224W-1.jpg Reason:Error getting remote image https://inspiry.co.nz/wp-content/uploads/2021/eurotech-lighting/ET-DECOG200B224W-1.jpg. Error: Not Found
08-18-2021 @ 23:25:34 - Image URL:https://inspiry.co.nz/wp-content/uploads/2021/eurotech-lighting/ET-DECOG200B224W-2.jpg
08-18-2021 @ 23:25:35 - URL:https://inspiry.co.nz/wp-content/uploads/2021/eurotech-lighting/ET-DECOG200B224W-2.jpg Reason:Error getting remote image https://inspiry.co.nz/wp-content/uploads/2021/eurotech-lighting/ET-DECOG200B224W-2.jpg. Error: Not Found
08-18-2021 @ 23:25:35 - Image URL:https://inspiry.co.nz/wp-content/uploads/2021/eurotech-lighting/ET-DECOG200B224W-3.jpg
08-18-2021 @ 23:25:36 - URL:https://inspiry.co.nz/wp-content/uploads/2021/eurotech-lighting/ET-DECOG200B224W-3.jpg Reason:Error getting remote image https://inspiry.co.nz/wp-content/uploads/2021/eurotech-lighting/ET-DECOG200B224W-3.jpg. Error: Not Found
08-18-2021 @ 23:25:36 - Image URL:https://inspiry.co.nz/wp-content/uploads/2021/eurotech-lighting/ET-DECOG200B224W-4.jpg
08-18-2021 @ 23:25:37 - URL:https://inspiry.co.nz/wp-content/uploads/2021/eurotech-lighting/ET-DECOG200B224W-4.jpg Reason:Error getting remote image https://inspiry.co.nz/wp-content/uploads/2021/eurotech-lighting/ET-DECOG200B224W-4.jpg. Error: Not Found
08-18-2021 @ 23:25:37 - Row :19 - Product updated successfully.
08-18-2021 @ 23:25:37 - Row :20 - Parsing item.
08-18-2021 @ 23:25:37 - Row :20 - Processing item.
08-18-2021 @ 23:25:37 - Found simple product object. ID:451307
08-18-2021 @ 23:25:37 - Setting Featured Image. URL:https://inspiry.co.nz/wp-content/uploads/2021/eurotech-lighting/ET-LEDR7S78MM6W3K.jpg
08-18-2021 @ 23:25:38 - Attachment ID:451333
08-18-2021 @ 23:25:38 - Setting Gallery Images.
08-18-2021 @ 23:25:38 - Image URL:https://inspiry.co.nz/wp-content/uploads/2021/eurotech-lighting/ET-LEDR7S78MM6W3K-1.jpg
08-18-2021 @ 23:25:40 - URL:https://inspiry.co.nz/wp-content/uploads/2021/eurotech-lighting/ET-LEDR7S78MM6W3K-1.jpg Reason:Error getting remote image https://inspiry.co.nz/wp-content/uploads/2021/eurotech-lighting/ET-LEDR7S78MM6W3K-1.jpg. Error: Not Found
08-18-2021 @ 23:25:40 - Image URL:https://inspiry.co.nz/wp-content/uploads/2021/eurotech-lighting/ET-LEDR7S78MM6W3K-2.jpg
08-18-2021 @ 23:25:41 - URL:https://inspiry.co.nz/wp-content/uploads/2021/eurotech-lighting/ET-LEDR7S78MM6W3K-2.jpg Reason:Error getting remote image https://inspiry.co.nz/wp-content/uploads/2021/eurotech-lighting/ET-LEDR7S78MM6W3K-2.jpg. Error: Not Found
08-18-2021 @ 23:25:41 - Image URL:https://inspiry.co.nz/wp-content/uploads/2021/eurotech-lighting/ET-LEDR7S78MM6W3K-3.jpg
08-18-2021 @ 23:25:41 - URL:https://inspiry.co.nz/wp-content/uploads/2021/eurotech-lighting/ET-LEDR7S78MM6W3K-3.jpg Reason:Error getting remote image https://inspiry.co.nz/wp-content/uploads/2021/eurotech-lighting/ET-LEDR7S78MM6W3K-3.jpg. Error: Not Found
08-18-2021 @ 23:25:41 - Image URL:https://inspiry.co.nz/wp-content/uploads/2021/eurotech-lighting/ET-LEDR7S78MM6W3K-4.jpg
08-18-2021 @ 23:25:42 - URL:https://inspiry.co.nz/wp-content/uploads/2021/eurotech-lighting/ET-LEDR7S78MM6W3K-4.jpg Reason:Error getting remote image https://inspiry.co.nz/wp-content/uploads/2021/eurotech-lighting/ET-LEDR7S78MM6W3K-4.jpg. Error: Not Found
08-18-2021 @ 23:25:43 - Row :20 - Product updated successfully.
08-18-2021 @ 23:25:45 - Preparing for import.
08-18-2021 @ 23:25:45 - Row :21 - Parsing item.
08-18-2021 @ 23:25:45 - Row :21 - Processing item.
08-18-2021 @ 23:25:45 - Found simple product object. ID:451308
08-18-2021 @ 23:25:45 - Setting Featured Image. URL:https://inspiry.co.nz/wp-content/uploads/2021/eurotech-lighting/ET-LEDR7S78MM6W4K.jpg
08-18-2021 @ 23:25:45 - Attachment ID:451334
08-18-2021 @ 23:25:45 - Setting Gallery Images.
08-18-2021 @ 23:25:45 - Image URL:https://inspiry.co.nz/wp-content/uploads/2021/eurotech-lighting/ET-LEDR7S78MM6W4K-1.jpg
08-18-2021 @ 23:25:46 - URL:https://inspiry.co.nz/wp-content/uploads/2021/eurotech-lighting/ET-LEDR7S78MM6W4K-1.jpg Reason:Error getting remote image https://inspiry.co.nz/wp-content/uploads/2021/eurotech-lighting/ET-LEDR7S78MM6W4K-1.jpg. Error: Not Found
08-18-2021 @ 23:25:46 - Image URL:https://inspiry.co.nz/wp-content/uploads/2021/eurotech-lighting/ET-LEDR7S78MM6W4K-2.jpg
08-18-2021 @ 23:25:47 - URL:https://inspiry.co.nz/wp-content/uploads/2021/eurotech-lighting/ET-LEDR7S78MM6W4K-2.jpg Reason:Error getting remote image https://inspiry.co.nz/wp-content/uploads/2021/eurotech-lighting/ET-LEDR7S78MM6W4K-2.jpg. Error: Not Found
08-18-2021 @ 23:25:47 - Image URL:https://inspiry.co.nz/wp-content/uploads/2021/eurotech-lighting/ET-LEDR7S78MM6W4K-3.jpg
08-18-2021 @ 23:25:48 - URL:https://inspiry.co.nz/wp-content/uploads/2021/eurotech-lighting/ET-LEDR7S78MM6W4K-3.jpg Reason:Error getting remote image https://inspiry.co.nz/wp-content/uploads/2021/eurotech-lighting/ET-LEDR7S78MM6W4K-3.jpg. Error: Not Found
08-18-2021 @ 23:25:48 - Image URL:https://inspiry.co.nz/wp-content/uploads/2021/eurotech-lighting/ET-LEDR7S78MM6W4K-4.jpg
08-18-2021 @ 23:25:49 - URL:https://inspiry.co.nz/wp-content/uploads/2021/eurotech-lighting/ET-LEDR7S78MM6W4K-4.jpg Reason:Error getting remote image https://inspiry.co.nz/wp-content/uploads/2021/eurotech-lighting/ET-LEDR7S78MM6W4K-4.jpg. Error: Not Found
08-18-2021 @ 23:25:49 - Row :21 - Product updated successfully.
08-18-2021 @ 23:25:49 - ---[ Import ended at 2021-08-18 11:25:49]---
