08-23-2021 @ 03:59:18 - ---[ New import started at 2021-08-22 15:59:18 ] PHP Memory: 768 MB, WP Memory: 40 MB
08-23-2021 @ 03:59:18 - Preparing for import.
08-23-2021 @ 03:59:18 - Row :1 - Parsing item.
08-23-2021 @ 03:59:18 - Row :1 - Processing item.
08-23-2021 @ 03:59:18 - Found simple product object. ID:451377
08-23-2021 @ 03:59:18 - Setting Featured Image. URL:https://inspiry.co.nz/wp-content/uploads/2021/LeForge/LEF-SCST64-1.jpg
08-23-2021 @ 03:59:19 - Attachment ID:451721
08-23-2021 @ 03:59:19 - Setting Gallery Images.
08-23-2021 @ 03:59:19 - Image URL:https://inspiry.co.nz/wp-content/uploads/2021/LeForge/LEF-SCST64-1-1.jpg
08-23-2021 @ 03:59:20 - URL:https://inspiry.co.nz/wp-content/uploads/2021/LeForge/LEF-SCST64-1-1.jpg Reason:Error getting remote image https://inspiry.co.nz/wp-content/uploads/2021/LeForge/LEF-SCST64-1-1.jpg. Error: Not Found
08-23-2021 @ 03:59:20 - Image URL:https://inspiry.co.nz/wp-content/uploads/2021/LeForge/LEF-SCST64-1-2.jpg
08-23-2021 @ 03:59:21 - URL:https://inspiry.co.nz/wp-content/uploads/2021/LeForge/LEF-SCST64-1-2.jpg Reason:Error getting remote image https://inspiry.co.nz/wp-content/uploads/2021/LeForge/LEF-SCST64-1-2.jpg. Error: Not Found
08-23-2021 @ 03:59:21 - Image URL:https://inspiry.co.nz/wp-content/uploads/2021/LeForge/LEF-SCST64-1-3.jpg
08-23-2021 @ 03:59:21 - URL:https://inspiry.co.nz/wp-content/uploads/2021/LeForge/LEF-SCST64-1-3.jpg Reason:Error getting remote image https://inspiry.co.nz/wp-content/uploads/2021/LeForge/LEF-SCST64-1-3.jpg. Error: Not Found
08-23-2021 @ 03:59:21 - Image URL:https://inspiry.co.nz/wp-content/uploads/2021/LeForge/LEF-SCST64-1-4.jpg
08-23-2021 @ 03:59:22 - URL:https://inspiry.co.nz/wp-content/uploads/2021/LeForge/LEF-SCST64-1-4.jpg Reason:Error getting remote image https://inspiry.co.nz/wp-content/uploads/2021/LeForge/LEF-SCST64-1-4.jpg. Error: Not Found
08-23-2021 @ 03:59:22 - Image URL:https://inspiry.co.nz/wp-content/uploads/2021/LeForge/LEF-SCST64-1-5.jpg
08-23-2021 @ 03:59:23 - URL:https://inspiry.co.nz/wp-content/uploads/2021/LeForge/LEF-SCST64-1-5.jpg Reason:Error getting remote image https://inspiry.co.nz/wp-content/uploads/2021/LeForge/LEF-SCST64-1-5.jpg. Error: Not Found
08-23-2021 @ 03:59:23 - Image URL:https://inspiry.co.nz/wp-content/uploads/2021/LeForge/LEF-SCST64-1-6.jpg
08-23-2021 @ 03:59:24 - URL:https://inspiry.co.nz/wp-content/uploads/2021/LeForge/LEF-SCST64-1-6.jpg Reason:Error getting remote image https://inspiry.co.nz/wp-content/uploads/2021/LeForge/LEF-SCST64-1-6.jpg. Error: Not Found
08-23-2021 @ 03:59:24 - Row :1 - Product updated successfully.
08-23-2021 @ 03:59:24 - Row :2 - Parsing item.
08-23-2021 @ 03:59:24 - Row :2 - Processing item.
08-23-2021 @ 03:59:24 - Found simple product object. ID:451378
08-23-2021 @ 03:59:24 - Setting Featured Image. URL:https://inspiry.co.nz/wp-content/uploads/2021/LeForge/LEF-EA20-202-CLR.jpg
08-23-2021 @ 03:59:25 - Attachment ID:451722
08-23-2021 @ 03:59:25 - Setting Gallery Images.
08-23-2021 @ 03:59:25 - Image URL:https://inspiry.co.nz/wp-content/uploads/2021/LeForge/LEF-EA20-202-CLR-1.jpg
08-23-2021 @ 03:59:25 - URL:https://inspiry.co.nz/wp-content/uploads/2021/LeForge/LEF-EA20-202-CLR-1.jpg Reason:Error getting remote image https://inspiry.co.nz/wp-content/uploads/2021/LeForge/LEF-EA20-202-CLR-1.jpg. Error: Not Found
08-23-2021 @ 03:59:25 - Image URL:https://inspiry.co.nz/wp-content/uploads/2021/LeForge/LEF-EA20-202-CLR-2.jpg
08-23-2021 @ 03:59:26 - URL:https://inspiry.co.nz/wp-content/uploads/2021/LeForge/LEF-EA20-202-CLR-2.jpg Reason:Error getting remote image https://inspiry.co.nz/wp-content/uploads/2021/LeForge/LEF-EA20-202-CLR-2.jpg. Error: Not Found
08-23-2021 @ 03:59:26 - Image URL:https://inspiry.co.nz/wp-content/uploads/2021/LeForge/LEF-EA20-202-CLR-3.jpg
08-23-2021 @ 03:59:27 - URL:https://inspiry.co.nz/wp-content/uploads/2021/LeForge/LEF-EA20-202-CLR-3.jpg Reason:Error getting remote image https://inspiry.co.nz/wp-content/uploads/2021/LeForge/LEF-EA20-202-CLR-3.jpg. Error: Not Found
08-23-2021 @ 03:59:27 - Image URL:https://inspiry.co.nz/wp-content/uploads/2021/LeForge/LEF-EA20-202-CLR-4.jpg
08-23-2021 @ 03:59:27 - URL:https://inspiry.co.nz/wp-content/uploads/2021/LeForge/LEF-EA20-202-CLR-4.jpg Reason:Error getting remote image https://inspiry.co.nz/wp-content/uploads/2021/LeForge/LEF-EA20-202-CLR-4.jpg. Error: Not Found
08-23-2021 @ 03:59:27 - Image URL:https://inspiry.co.nz/wp-content/uploads/2021/LeForge/LEF-EA20-202-CLR-5.jpg
08-23-2021 @ 03:59:28 - URL:https://inspiry.co.nz/wp-content/uploads/2021/LeForge/LEF-EA20-202-CLR-5.jpg Reason:Error getting remote image https://inspiry.co.nz/wp-content/uploads/2021/LeForge/LEF-EA20-202-CLR-5.jpg. Error: Not Found
08-23-2021 @ 03:59:28 - Image URL:https://inspiry.co.nz/wp-content/uploads/2021/LeForge/LEF-EA20-202-CLR-6.jpg
08-23-2021 @ 03:59:28 - URL:https://inspiry.co.nz/wp-content/uploads/2021/LeForge/LEF-EA20-202-CLR-6.jpg Reason:Error getting remote image https://inspiry.co.nz/wp-content/uploads/2021/LeForge/LEF-EA20-202-CLR-6.jpg. Error: Not Found
08-23-2021 @ 03:59:29 - Row :2 - Product updated successfully.
08-23-2021 @ 03:59:29 - Row :3 - Parsing item.
08-23-2021 @ 03:59:29 - Row :3 - Processing item.
08-23-2021 @ 03:59:29 - Found simple product object. ID:451379
08-23-2021 @ 03:59:29 - Setting Featured Image. URL:https://inspiry.co.nz/wp-content/uploads/2021/LeForge/LEF-EA19-12.jpg
08-23-2021 @ 03:59:30 - Attachment ID:451723
08-23-2021 @ 03:59:30 - Setting Gallery Images.
08-23-2021 @ 03:59:30 - Image URL:https://inspiry.co.nz/wp-content/uploads/2021/LeForge/LEF-EA19-12-1.jpg
08-23-2021 @ 03:59:30 - Attachment ID:451724
08-23-2021 @ 03:59:30 - Image URL:https://inspiry.co.nz/wp-content/uploads/2021/LeForge/LEF-EA19-12-2.jpg
08-23-2021 @ 03:59:31 - URL:https://inspiry.co.nz/wp-content/uploads/2021/LeForge/LEF-EA19-12-2.jpg Reason:Error getting remote image https://inspiry.co.nz/wp-content/uploads/2021/LeForge/LEF-EA19-12-2.jpg. Error: Not Found
08-23-2021 @ 03:59:31 - Image URL:https://inspiry.co.nz/wp-content/uploads/2021/LeForge/LEF-EA19-12-3.jpg
08-23-2021 @ 03:59:31 - URL:https://inspiry.co.nz/wp-content/uploads/2021/LeForge/LEF-EA19-12-3.jpg Reason:Error getting remote image https://inspiry.co.nz/wp-content/uploads/2021/LeForge/LEF-EA19-12-3.jpg. Error: Not Found
08-23-2021 @ 03:59:31 - Image URL:https://inspiry.co.nz/wp-content/uploads/2021/LeForge/LEF-EA19-12-4.jpg
08-23-2021 @ 03:59:32 - URL:https://inspiry.co.nz/wp-content/uploads/2021/LeForge/LEF-EA19-12-4.jpg Reason:Error getting remote image https://inspiry.co.nz/wp-content/uploads/2021/LeForge/LEF-EA19-12-4.jpg. Error: Not Found
08-23-2021 @ 03:59:32 - Image URL:https://inspiry.co.nz/wp-content/uploads/2021/LeForge/LEF-EA19-12-5.jpg
08-23-2021 @ 03:59:32 - URL:https://inspiry.co.nz/wp-content/uploads/2021/LeForge/LEF-EA19-12-5.jpg Reason:Error getting remote image https://inspiry.co.nz/wp-content/uploads/2021/LeForge/LEF-EA19-12-5.jpg. Error: Not Found
08-23-2021 @ 03:59:32 - Image URL:https://inspiry.co.nz/wp-content/uploads/2021/LeForge/LEF-EA19-12-6.jpg
08-23-2021 @ 03:59:33 - URL:https://inspiry.co.nz/wp-content/uploads/2021/LeForge/LEF-EA19-12-6.jpg Reason:Error getting remote image https://inspiry.co.nz/wp-content/uploads/2021/LeForge/LEF-EA19-12-6.jpg. Error: Not Found
08-23-2021 @ 03:59:34 - Row :3 - Product updated successfully.
08-23-2021 @ 03:59:34 - Row :4 - Parsing item.
08-23-2021 @ 03:59:34 - Row :4 - Processing item.
08-23-2021 @ 03:59:34 - Found simple product object. ID:451380
08-23-2021 @ 03:59:34 - Setting Featured Image. URL:https://inspiry.co.nz/wp-content/uploads/2021/LeForge/LEF-MIN140551-K124-WH.jpg
08-23-2021 @ 03:59:35 - Attachment ID:451725
08-23-2021 @ 03:59:35 - Setting Gallery Images.
08-23-2021 @ 03:59:35 - Image URL:https://inspiry.co.nz/wp-content/uploads/2021/LeForge/LEF-MIN140551-K124-WH-1.jpg
08-23-2021 @ 03:59:35 - Attachment ID:451726
08-23-2021 @ 03:59:35 - Image URL:https://inspiry.co.nz/wp-content/uploads/2021/LeForge/LEF-MIN140551-K124-WH-2.jpg
08-23-2021 @ 03:59:36 - URL:https://inspiry.co.nz/wp-content/uploads/2021/LeForge/LEF-MIN140551-K124-WH-2.jpg Reason:Error getting remote image https://inspiry.co.nz/wp-content/uploads/2021/LeForge/LEF-MIN140551-K124-WH-2.jpg. Error: Not Found
08-23-2021 @ 03:59:36 - Image URL:https://inspiry.co.nz/wp-content/uploads/2021/LeForge/LEF-MIN140551-K124-WH-3.jpg
08-23-2021 @ 03:59:36 - URL:https://inspiry.co.nz/wp-content/uploads/2021/LeForge/LEF-MIN140551-K124-WH-3.jpg Reason:Error getting remote image https://inspiry.co.nz/wp-content/uploads/2021/LeForge/LEF-MIN140551-K124-WH-3.jpg. Error: Not Found
08-23-2021 @ 03:59:36 - Image URL:https://inspiry.co.nz/wp-content/uploads/2021/LeForge/LEF-MIN140551-K124-WH-4.jpg
08-23-2021 @ 03:59:37 - URL:https://inspiry.co.nz/wp-content/uploads/2021/LeForge/LEF-MIN140551-K124-WH-4.jpg Reason:Error getting remote image https://inspiry.co.nz/wp-content/uploads/2021/LeForge/LEF-MIN140551-K124-WH-4.jpg. Error: Not Found
08-23-2021 @ 03:59:37 - Image URL:https://inspiry.co.nz/wp-content/uploads/2021/LeForge/LEF-MIN140551-K124-WH-5.jpg
08-23-2021 @ 03:59:37 - URL:https://inspiry.co.nz/wp-content/uploads/2021/LeForge/LEF-MIN140551-K124-WH-5.jpg Reason:Error getting remote image https://inspiry.co.nz/wp-content/uploads/2021/LeForge/LEF-MIN140551-K124-WH-5.jpg. Error: Not Found
08-23-2021 @ 03:59:37 - Image URL:https://inspiry.co.nz/wp-content/uploads/2021/LeForge/LEF-MIN140551-K124-WH-6.jpg
08-23-2021 @ 03:59:38 - URL:https://inspiry.co.nz/wp-content/uploads/2021/LeForge/LEF-MIN140551-K124-WH-6.jpg Reason:Error getting remote image https://inspiry.co.nz/wp-content/uploads/2021/LeForge/LEF-MIN140551-K124-WH-6.jpg. Error: Not Found
08-23-2021 @ 03:59:39 - Row :4 - Product updated successfully.
08-23-2021 @ 03:59:39 - Row :5 - Parsing item.
08-23-2021 @ 03:59:39 - Row :5 - Processing item.
08-23-2021 @ 03:59:39 - Found simple product object. ID:451381
08-23-2021 @ 03:59:39 - Setting Featured Image. URL:https://inspiry.co.nz/wp-content/uploads/2021/LeForge/LEF-MIN140551-K41-BLK.jpg
08-23-2021 @ 03:59:39 - Attachment ID:451727
08-23-2021 @ 03:59:39 - Setting Gallery Images.
08-23-2021 @ 03:59:39 - Image URL:https://inspiry.co.nz/wp-content/uploads/2021/LeForge/LEF-MIN140551-K41-BLK-1.jpg
08-23-2021 @ 03:59:39 - Attachment ID:451728
08-23-2021 @ 03:59:39 - Image URL:https://inspiry.co.nz/wp-content/uploads/2021/LeForge/LEF-MIN140551-K41-BLK-2.jpg
08-23-2021 @ 03:59:40 - URL:https://inspiry.co.nz/wp-content/uploads/2021/LeForge/LEF-MIN140551-K41-BLK-2.jpg Reason:Error getting remote image https://inspiry.co.nz/wp-content/uploads/2021/LeForge/LEF-MIN140551-K41-BLK-2.jpg. Error: Not Found
08-23-2021 @ 03:59:40 - Image URL:https://inspiry.co.nz/wp-content/uploads/2021/LeForge/LEF-MIN140551-K41-BLK-3.jpg
08-23-2021 @ 03:59:41 - URL:https://inspiry.co.nz/wp-content/uploads/2021/LeForge/LEF-MIN140551-K41-BLK-3.jpg Reason:Error getting remote image https://inspiry.co.nz/wp-content/uploads/2021/LeForge/LEF-MIN140551-K41-BLK-3.jpg. Error: Not Found
08-23-2021 @ 03:59:41 - Image URL:https://inspiry.co.nz/wp-content/uploads/2021/LeForge/LEF-MIN140551-K41-BLK-4.jpg
08-23-2021 @ 03:59:41 - URL:https://inspiry.co.nz/wp-content/uploads/2021/LeForge/LEF-MIN140551-K41-BLK-4.jpg Reason:Error getting remote image https://inspiry.co.nz/wp-content/uploads/2021/LeForge/LEF-MIN140551-K41-BLK-4.jpg. Error: Not Found
08-23-2021 @ 03:59:41 - Image URL:https://inspiry.co.nz/wp-content/uploads/2021/LeForge/LEF-MIN140551-K41-BLK-5.jpg
08-23-2021 @ 03:59:42 - URL:https://inspiry.co.nz/wp-content/uploads/2021/LeForge/LEF-MIN140551-K41-BLK-5.jpg Reason:Error getting remote image https://inspiry.co.nz/wp-content/uploads/2021/LeForge/LEF-MIN140551-K41-BLK-5.jpg. Error: Not Found
08-23-2021 @ 03:59:42 - Image URL:https://inspiry.co.nz/wp-content/uploads/2021/LeForge/LEF-MIN140551-K41-BLK-6.jpg
08-23-2021 @ 03:59:42 - URL:https://inspiry.co.nz/wp-content/uploads/2021/LeForge/LEF-MIN140551-K41-BLK-6.jpg Reason:Error getting remote image https://inspiry.co.nz/wp-content/uploads/2021/LeForge/LEF-MIN140551-K41-BLK-6.jpg. Error: Not Found
08-23-2021 @ 03:59:42 - Row :5 - Product updated successfully.
08-23-2021 @ 03:59:42 - Row :6 - Parsing item.
08-23-2021 @ 03:59:42 - Row :6 - Processing item.
08-23-2021 @ 03:59:42 - Found simple product object. ID:451382
08-23-2021 @ 03:59:42 - Setting Featured Image. URL:https://inspiry.co.nz/wp-content/uploads/2021/LeForge/LEF-MIN187753-A98.jpg
08-23-2021 @ 03:59:43 - Attachment ID:451729
08-23-2021 @ 03:59:43 - Setting Gallery Images.
08-23-2021 @ 03:59:43 - Image URL:https://inspiry.co.nz/wp-content/uploads/2021/LeForge/LEF-MIN187753-A98-1.jpg
08-23-2021 @ 03:59:43 - URL:https://inspiry.co.nz/wp-content/uploads/2021/LeForge/LEF-MIN187753-A98-1.jpg Reason:Error getting remote image https://inspiry.co.nz/wp-content/uploads/2021/LeForge/LEF-MIN187753-A98-1.jpg. Error: Not Found
08-23-2021 @ 03:59:43 - Image URL:https://inspiry.co.nz/wp-content/uploads/2021/LeForge/LEF-MIN187753-A98-2.jpg
08-23-2021 @ 03:59:44 - URL:https://inspiry.co.nz/wp-content/uploads/2021/LeForge/LEF-MIN187753-A98-2.jpg Reason:Error getting remote image https://inspiry.co.nz/wp-content/uploads/2021/LeForge/LEF-MIN187753-A98-2.jpg. Error: Not Found
08-23-2021 @ 03:59:44 - Image URL:https://inspiry.co.nz/wp-content/uploads/2021/LeForge/LEF-MIN187753-A98-3.jpg
08-23-2021 @ 03:59:45 - URL:https://inspiry.co.nz/wp-content/uploads/2021/LeForge/LEF-MIN187753-A98-3.jpg Reason:Error getting remote image https://inspiry.co.nz/wp-content/uploads/2021/LeForge/LEF-MIN187753-A98-3.jpg. Error: Not Found
08-23-2021 @ 03:59:45 - Image URL:https://inspiry.co.nz/wp-content/uploads/2021/LeForge/LEF-MIN187753-A98-4.jpg
08-23-2021 @ 03:59:45 - URL:https://inspiry.co.nz/wp-content/uploads/2021/LeForge/LEF-MIN187753-A98-4.jpg Reason:Error getting remote image https://inspiry.co.nz/wp-content/uploads/2021/LeForge/LEF-MIN187753-A98-4.jpg. Error: Not Found
08-23-2021 @ 03:59:45 - Image URL:https://inspiry.co.nz/wp-content/uploads/2021/LeForge/LEF-MIN187753-A98-5.jpg
08-23-2021 @ 03:59:46 - URL:https://inspiry.co.nz/wp-content/uploads/2021/LeForge/LEF-MIN187753-A98-5.jpg Reason:Error getting remote image https://inspiry.co.nz/wp-content/uploads/2021/LeForge/LEF-MIN187753-A98-5.jpg. Error: Not Found
08-23-2021 @ 03:59:46 - Image URL:https://inspiry.co.nz/wp-content/uploads/2021/LeForge/LEF-MIN187753-A98-6.jpg
08-23-2021 @ 03:59:46 - URL:https://inspiry.co.nz/wp-content/uploads/2021/LeForge/LEF-MIN187753-A98-6.jpg Reason:Error getting remote image https://inspiry.co.nz/wp-content/uploads/2021/LeForge/LEF-MIN187753-A98-6.jpg. Error: Not Found
08-23-2021 @ 03:59:46 - Row :6 - Product updated successfully.
08-23-2021 @ 03:59:46 - Row :7 - Parsing item.
08-23-2021 @ 03:59:47 - Row :7 - Processing item.
08-23-2021 @ 03:59:47 - Found simple product object. ID:451383
08-23-2021 @ 03:59:47 - Setting Featured Image. URL:https://inspiry.co.nz/wp-content/uploads/2021/LeForge/LEF-HA19-06-IV-REM.jpg
08-23-2021 @ 03:59:47 - Attachment ID:451730
08-23-2021 @ 03:59:47 - Setting Gallery Images.
08-23-2021 @ 03:59:47 - Image URL:https://inspiry.co.nz/wp-content/uploads/2021/LeForge/LEF-HA19-06-IV-REM-1.jpg
08-23-2021 @ 03:59:48 - URL:https://inspiry.co.nz/wp-content/uploads/2021/LeForge/LEF-HA19-06-IV-REM-1.jpg Reason:Error getting remote image https://inspiry.co.nz/wp-content/uploads/2021/LeForge/LEF-HA19-06-IV-REM-1.jpg. Error: Not Found
08-23-2021 @ 03:59:48 - Image URL:https://inspiry.co.nz/wp-content/uploads/2021/LeForge/LEF-HA19-06-IV-REM-2.jpg
08-23-2021 @ 03:59:48 - URL:https://inspiry.co.nz/wp-content/uploads/2021/LeForge/LEF-HA19-06-IV-REM-2.jpg Reason:Error getting remote image https://inspiry.co.nz/wp-content/uploads/2021/LeForge/LEF-HA19-06-IV-REM-2.jpg. Error: Not Found
08-23-2021 @ 03:59:48 - Image URL:https://inspiry.co.nz/wp-content/uploads/2021/LeForge/LEF-HA19-06-IV-REM-3.jpg
08-23-2021 @ 03:59:50 - URL:https://inspiry.co.nz/wp-content/uploads/2021/LeForge/LEF-HA19-06-IV-REM-3.jpg Reason:Error getting remote image https://inspiry.co.nz/wp-content/uploads/2021/LeForge/LEF-HA19-06-IV-REM-3.jpg. Error: Not Found
08-23-2021 @ 03:59:50 - Image URL:https://inspiry.co.nz/wp-content/uploads/2021/LeForge/LEF-HA19-06-IV-REM-4.jpg
08-23-2021 @ 03:59:51 - URL:https://inspiry.co.nz/wp-content/uploads/2021/LeForge/LEF-HA19-06-IV-REM-4.jpg Reason:Error getting remote image https://inspiry.co.nz/wp-content/uploads/2021/LeForge/LEF-HA19-06-IV-REM-4.jpg. Error: Not Found
08-23-2021 @ 03:59:51 - Image URL:https://inspiry.co.nz/wp-content/uploads/2021/LeForge/LEF-HA19-06-IV-REM-5.jpg
08-23-2021 @ 03:59:51 - URL:https://inspiry.co.nz/wp-content/uploads/2021/LeForge/LEF-HA19-06-IV-REM-5.jpg Reason:Error getting remote image https://inspiry.co.nz/wp-content/uploads/2021/LeForge/LEF-HA19-06-IV-REM-5.jpg. Error: Not Found
08-23-2021 @ 03:59:51 - Image URL:https://inspiry.co.nz/wp-content/uploads/2021/LeForge/LEF-HA19-06-IV-REM-6.jpg
08-23-2021 @ 03:59:52 - URL:https://inspiry.co.nz/wp-content/uploads/2021/LeForge/LEF-HA19-06-IV-REM-6.jpg Reason:Error getting remote image https://inspiry.co.nz/wp-content/uploads/2021/LeForge/LEF-HA19-06-IV-REM-6.jpg. Error: Not Found
08-23-2021 @ 03:59:52 - Row :7 - Product updated successfully.
08-23-2021 @ 03:59:52 - Row :8 - Parsing item.
08-23-2021 @ 03:59:52 - Row :8 - Processing item.
08-23-2021 @ 03:59:52 - Found simple product object. ID:451384
08-23-2021 @ 03:59:52 - Setting Featured Image. URL:https://inspiry.co.nz/wp-content/uploads/2021/LeForge/LEF-PG22S22-5R.jpg
08-23-2021 @ 03:59:55 - Attachment ID:451731
08-23-2021 @ 03:59:55 - Setting Gallery Images.
08-23-2021 @ 03:59:55 - Image URL:https://inspiry.co.nz/wp-content/uploads/2021/LeForge/LEF-PG22S22-5R-1.jpg
08-23-2021 @ 03:59:56 - Attachment ID:451732
08-23-2021 @ 03:59:56 - Image URL:https://inspiry.co.nz/wp-content/uploads/2021/LeForge/LEF-PG22S22-5R-2.jpg
08-23-2021 @ 03:59:56 - Attachment ID:451733
08-23-2021 @ 03:59:56 - Image URL:https://inspiry.co.nz/wp-content/uploads/2021/LeForge/LEF-PG22S22-5R-3.jpg
08-23-2021 @ 03:59:57 - URL:https://inspiry.co.nz/wp-content/uploads/2021/LeForge/LEF-PG22S22-5R-3.jpg Reason:Error getting remote image https://inspiry.co.nz/wp-content/uploads/2021/LeForge/LEF-PG22S22-5R-3.jpg. Error: Not Found
08-23-2021 @ 03:59:57 - Image URL:https://inspiry.co.nz/wp-content/uploads/2021/LeForge/LEF-PG22S22-5R-4.jpg
08-23-2021 @ 03:59:59 - URL:https://inspiry.co.nz/wp-content/uploads/2021/LeForge/LEF-PG22S22-5R-4.jpg Reason:Error getting remote image https://inspiry.co.nz/wp-content/uploads/2021/LeForge/LEF-PG22S22-5R-4.jpg. Error: Not Found
08-23-2021 @ 03:59:59 - Image URL:https://inspiry.co.nz/wp-content/uploads/2021/LeForge/LEF-PG22S22-5R-5.jpg
08-23-2021 @ 04:00:01 - URL:https://inspiry.co.nz/wp-content/uploads/2021/LeForge/LEF-PG22S22-5R-5.jpg Reason:Error getting remote image https://inspiry.co.nz/wp-content/uploads/2021/LeForge/LEF-PG22S22-5R-5.jpg. Error: Not Found
08-23-2021 @ 04:00:01 - Image URL:https://inspiry.co.nz/wp-content/uploads/2021/LeForge/LEF-PG22S22-5R-6.jpg
08-23-2021 @ 04:00:02 - URL:https://inspiry.co.nz/wp-content/uploads/2021/LeForge/LEF-PG22S22-5R-6.jpg Reason:Error getting remote image https://inspiry.co.nz/wp-content/uploads/2021/LeForge/LEF-PG22S22-5R-6.jpg. Error: Not Found
08-23-2021 @ 04:00:03 - Row :8 - Product updated successfully.
08-23-2021 @ 04:00:03 - Row :9 - Parsing item.
08-23-2021 @ 04:00:03 - Row :9 - Processing item.
08-23-2021 @ 04:00:03 - Found simple product object. ID:451385
08-23-2021 @ 04:00:03 - Setting Featured Image. URL:https://inspiry.co.nz/wp-content/uploads/2021/LeForge/LEF-ABWB583-NAT.jpg
08-23-2021 @ 04:00:06 - Attachment ID:451734
08-23-2021 @ 04:00:06 - Setting Gallery Images.
08-23-2021 @ 04:00:06 - Image URL:https://inspiry.co.nz/wp-content/uploads/2021/LeForge/LEF-ABWB583-NAT-1.jpg
08-23-2021 @ 04:00:08 - URL:https://inspiry.co.nz/wp-content/uploads/2021/LeForge/LEF-ABWB583-NAT-1.jpg Reason:Error getting remote image https://inspiry.co.nz/wp-content/uploads/2021/LeForge/LEF-ABWB583-NAT-1.jpg. Error: Not Found
08-23-2021 @ 04:00:08 - Image URL:https://inspiry.co.nz/wp-content/uploads/2021/LeForge/LEF-ABWB583-NAT-2.jpg
08-23-2021 @ 04:00:09 - URL:https://inspiry.co.nz/wp-content/uploads/2021/LeForge/LEF-ABWB583-NAT-2.jpg Reason:Error getting remote image https://inspiry.co.nz/wp-content/uploads/2021/LeForge/LEF-ABWB583-NAT-2.jpg. Error: Not Found
08-23-2021 @ 04:00:09 - Image URL:https://inspiry.co.nz/wp-content/uploads/2021/LeForge/LEF-ABWB583-NAT-3.jpg
08-23-2021 @ 04:00:10 - URL:https://inspiry.co.nz/wp-content/uploads/2021/LeForge/LEF-ABWB583-NAT-3.jpg Reason:Error getting remote image https://inspiry.co.nz/wp-content/uploads/2021/LeForge/LEF-ABWB583-NAT-3.jpg. Error: Not Found
08-23-2021 @ 04:00:10 - Image URL:https://inspiry.co.nz/wp-content/uploads/2021/LeForge/LEF-ABWB583-NAT-4.jpg
08-23-2021 @ 04:00:11 - URL:https://inspiry.co.nz/wp-content/uploads/2021/LeForge/LEF-ABWB583-NAT-4.jpg Reason:Error getting remote image https://inspiry.co.nz/wp-content/uploads/2021/LeForge/LEF-ABWB583-NAT-4.jpg. Error: Not Found
08-23-2021 @ 04:00:11 - Image URL:https://inspiry.co.nz/wp-content/uploads/2021/LeForge/LEF-ABWB583-NAT-5.jpg
08-23-2021 @ 04:00:12 - URL:https://inspiry.co.nz/wp-content/uploads/2021/LeForge/LEF-ABWB583-NAT-5.jpg Reason:Error getting remote image https://inspiry.co.nz/wp-content/uploads/2021/LeForge/LEF-ABWB583-NAT-5.jpg. Error: Not Found
08-23-2021 @ 04:00:12 - Image URL:https://inspiry.co.nz/wp-content/uploads/2021/LeForge/LEF-ABWB583-NAT-6.jpg
08-23-2021 @ 04:00:13 - URL:https://inspiry.co.nz/wp-content/uploads/2021/LeForge/LEF-ABWB583-NAT-6.jpg Reason:Error getting remote image https://inspiry.co.nz/wp-content/uploads/2021/LeForge/LEF-ABWB583-NAT-6.jpg. Error: Not Found
08-23-2021 @ 04:00:13 - Row :9 - Product updated successfully.
08-23-2021 @ 04:00:13 - Row :10 - Parsing item.
08-23-2021 @ 04:00:13 - Row :10 - Processing item.
08-23-2021 @ 04:00:13 - Found simple product object. ID:451386
08-23-2021 @ 04:00:13 - Setting Featured Image. URL:https://inspiry.co.nz/wp-content/uploads/2021/LeForge/LEF-SH19854F-GR.jpg
08-23-2021 @ 04:00:16 - Attachment ID:451735
08-23-2021 @ 04:00:16 - Setting Gallery Images.
08-23-2021 @ 04:00:16 - Image URL:https://inspiry.co.nz/wp-content/uploads/2021/LeForge/LEF-SH19854F-GR-1.jpg
08-23-2021 @ 04:00:17 - URL:https://inspiry.co.nz/wp-content/uploads/2021/LeForge/LEF-SH19854F-GR-1.jpg Reason:Error getting remote image https://inspiry.co.nz/wp-content/uploads/2021/LeForge/LEF-SH19854F-GR-1.jpg. Error: Not Found
08-23-2021 @ 04:00:17 - Image URL:https://inspiry.co.nz/wp-content/uploads/2021/LeForge/LEF-SH19854F-GR-2.jpg
08-23-2021 @ 04:00:17 - URL:https://inspiry.co.nz/wp-content/uploads/2021/LeForge/LEF-SH19854F-GR-2.jpg Reason:Error getting remote image https://inspiry.co.nz/wp-content/uploads/2021/LeForge/LEF-SH19854F-GR-2.jpg. Error: Not Found
08-23-2021 @ 04:00:17 - Image URL:https://inspiry.co.nz/wp-content/uploads/2021/LeForge/LEF-SH19854F-GR-3.jpg
08-23-2021 @ 04:00:20 - URL:https://inspiry.co.nz/wp-content/uploads/2021/LeForge/LEF-SH19854F-GR-3.jpg Reason:Error getting remote image https://inspiry.co.nz/wp-content/uploads/2021/LeForge/LEF-SH19854F-GR-3.jpg. Error: Not Found
08-23-2021 @ 04:00:20 - Image URL:https://inspiry.co.nz/wp-content/uploads/2021/LeForge/LEF-SH19854F-GR-4.jpg
08-23-2021 @ 04:00:21 - URL:https://inspiry.co.nz/wp-content/uploads/2021/LeForge/LEF-SH19854F-GR-4.jpg Reason:Error getting remote image https://inspiry.co.nz/wp-content/uploads/2021/LeForge/LEF-SH19854F-GR-4.jpg. Error: Not Found
08-23-2021 @ 04:00:21 - Image URL:https://inspiry.co.nz/wp-content/uploads/2021/LeForge/LEF-SH19854F-GR-5.jpg
08-23-2021 @ 04:00:22 - URL:https://inspiry.co.nz/wp-content/uploads/2021/LeForge/LEF-SH19854F-GR-5.jpg Reason:Error getting remote image https://inspiry.co.nz/wp-content/uploads/2021/LeForge/LEF-SH19854F-GR-5.jpg. Error: Not Found
08-23-2021 @ 04:00:22 - Image URL:https://inspiry.co.nz/wp-content/uploads/2021/LeForge/LEF-SH19854F-GR-6.jpg
08-23-2021 @ 04:00:23 - URL:https://inspiry.co.nz/wp-content/uploads/2021/LeForge/LEF-SH19854F-GR-6.jpg Reason:Error getting remote image https://inspiry.co.nz/wp-content/uploads/2021/LeForge/LEF-SH19854F-GR-6.jpg. Error: Not Found
08-23-2021 @ 04:00:23 - Row :10 - Product updated successfully.
08-23-2021 @ 04:00:25 - Preparing for import.
08-23-2021 @ 04:00:25 - Row :11 - Parsing item.
08-23-2021 @ 04:00:25 - Row :11 - Processing item.
08-23-2021 @ 04:00:25 - Found simple product object. ID:451387
08-23-2021 @ 04:00:25 - Setting Featured Image. URL:https://inspiry.co.nz/wp-content/uploads/2021/LeForge/LEF-SH19854F-BLK.jpg
08-23-2021 @ 04:00:25 - Attachment ID:451736
08-23-2021 @ 04:00:25 - Setting Gallery Images.
08-23-2021 @ 04:00:25 - Image URL:https://inspiry.co.nz/wp-content/uploads/2021/LeForge/LEF-SH19854F-BLK-1.jpg
08-23-2021 @ 04:00:26 - URL:https://inspiry.co.nz/wp-content/uploads/2021/LeForge/LEF-SH19854F-BLK-1.jpg Reason:Error getting remote image https://inspiry.co.nz/wp-content/uploads/2021/LeForge/LEF-SH19854F-BLK-1.jpg. Error: Not Found
08-23-2021 @ 04:00:26 - Image URL:https://inspiry.co.nz/wp-content/uploads/2021/LeForge/LEF-SH19854F-BLK-2.jpg
08-23-2021 @ 04:00:27 - URL:https://inspiry.co.nz/wp-content/uploads/2021/LeForge/LEF-SH19854F-BLK-2.jpg Reason:Error getting remote image https://inspiry.co.nz/wp-content/uploads/2021/LeForge/LEF-SH19854F-BLK-2.jpg. Error: Not Found
08-23-2021 @ 04:00:27 - Image URL:https://inspiry.co.nz/wp-content/uploads/2021/LeForge/LEF-SH19854F-BLK-3.jpg
08-23-2021 @ 04:00:29 - URL:https://inspiry.co.nz/wp-content/uploads/2021/LeForge/LEF-SH19854F-BLK-3.jpg Reason:Error getting remote image https://inspiry.co.nz/wp-content/uploads/2021/LeForge/LEF-SH19854F-BLK-3.jpg. Error: Not Found
08-23-2021 @ 04:00:29 - Image URL:https://inspiry.co.nz/wp-content/uploads/2021/LeForge/LEF-SH19854F-BLK-4.jpg
08-23-2021 @ 04:00:30 - URL:https://inspiry.co.nz/wp-content/uploads/2021/LeForge/LEF-SH19854F-BLK-4.jpg Reason:Error getting remote image https://inspiry.co.nz/wp-content/uploads/2021/LeForge/LEF-SH19854F-BLK-4.jpg. Error: Not Found
08-23-2021 @ 04:00:30 - Image URL:https://inspiry.co.nz/wp-content/uploads/2021/LeForge/LEF-SH19854F-BLK-5.jpg
08-23-2021 @ 04:00:31 - URL:https://inspiry.co.nz/wp-content/uploads/2021/LeForge/LEF-SH19854F-BLK-5.jpg Reason:Error getting remote image https://inspiry.co.nz/wp-content/uploads/2021/LeForge/LEF-SH19854F-BLK-5.jpg. Error: Not Found
08-23-2021 @ 04:00:31 - Image URL:https://inspiry.co.nz/wp-content/uploads/2021/LeForge/LEF-SH19854F-BLK-6.jpg
08-23-2021 @ 04:00:32 - URL:https://inspiry.co.nz/wp-content/uploads/2021/LeForge/LEF-SH19854F-BLK-6.jpg Reason:Error getting remote image https://inspiry.co.nz/wp-content/uploads/2021/LeForge/LEF-SH19854F-BLK-6.jpg. Error: Not Found
08-23-2021 @ 04:00:32 - Row :11 - Product updated successfully.
08-23-2021 @ 04:00:32 - Row :12 - Parsing item.
08-23-2021 @ 04:00:32 - Row :12 - Processing item.
08-23-2021 @ 04:00:32 - Found simple product object. ID:451388
08-23-2021 @ 04:00:32 - Setting Featured Image. URL:https://inspiry.co.nz/wp-content/uploads/2021/LeForge/LEF-FS-15066-DG.jpg
08-23-2021 @ 04:00:32 - Attachment ID:451737
08-23-2021 @ 04:00:32 - Setting Gallery Images.
08-23-2021 @ 04:00:32 - Image URL:https://inspiry.co.nz/wp-content/uploads/2021/LeForge/LEF-FS-15066-DG-1.jpg
08-23-2021 @ 04:00:33 - URL:https://inspiry.co.nz/wp-content/uploads/2021/LeForge/LEF-FS-15066-DG-1.jpg Reason:Error getting remote image https://inspiry.co.nz/wp-content/uploads/2021/LeForge/LEF-FS-15066-DG-1.jpg. Error: Not Found
08-23-2021 @ 04:00:33 - Image URL:https://inspiry.co.nz/wp-content/uploads/2021/LeForge/LEF-FS-15066-DG-2.jpg
08-23-2021 @ 04:00:34 - URL:https://inspiry.co.nz/wp-content/uploads/2021/LeForge/LEF-FS-15066-DG-2.jpg Reason:Error getting remote image https://inspiry.co.nz/wp-content/uploads/2021/LeForge/LEF-FS-15066-DG-2.jpg. Error: Not Found
08-23-2021 @ 04:00:34 - Image URL:https://inspiry.co.nz/wp-content/uploads/2021/LeForge/LEF-FS-15066-DG-3.jpg
08-23-2021 @ 04:00:34 - URL:https://inspiry.co.nz/wp-content/uploads/2021/LeForge/LEF-FS-15066-DG-3.jpg Reason:Error getting remote image https://inspiry.co.nz/wp-content/uploads/2021/LeForge/LEF-FS-15066-DG-3.jpg. Error: Not Found
08-23-2021 @ 04:00:34 - Image URL:https://inspiry.co.nz/wp-content/uploads/2021/LeForge/LEF-FS-15066-DG-4.jpg
08-23-2021 @ 04:00:36 - URL:https://inspiry.co.nz/wp-content/uploads/2021/LeForge/LEF-FS-15066-DG-4.jpg Reason:Error getting remote image https://inspiry.co.nz/wp-content/uploads/2021/LeForge/LEF-FS-15066-DG-4.jpg. Error: Not Found
08-23-2021 @ 04:00:36 - Image URL:https://inspiry.co.nz/wp-content/uploads/2021/LeForge/LEF-FS-15066-DG-5.jpg
08-23-2021 @ 04:00:37 - URL:https://inspiry.co.nz/wp-content/uploads/2021/LeForge/LEF-FS-15066-DG-5.jpg Reason:Error getting remote image https://inspiry.co.nz/wp-content/uploads/2021/LeForge/LEF-FS-15066-DG-5.jpg. Error: Not Found
08-23-2021 @ 04:00:37 - Image URL:https://inspiry.co.nz/wp-content/uploads/2021/LeForge/LEF-FS-15066-DG-6.jpg
08-23-2021 @ 04:00:38 - URL:https://inspiry.co.nz/wp-content/uploads/2021/LeForge/LEF-FS-15066-DG-6.jpg Reason:Error getting remote image https://inspiry.co.nz/wp-content/uploads/2021/LeForge/LEF-FS-15066-DG-6.jpg. Error: Not Found
08-23-2021 @ 04:00:38 - Row :12 - Product updated successfully.
08-23-2021 @ 04:00:38 - Row :13 - Parsing item.
08-23-2021 @ 04:00:38 - Row :13 - Processing item.
08-23-2021 @ 04:00:38 - Found simple product object. ID:451389
08-23-2021 @ 04:00:38 - Setting Featured Image. URL:https://inspiry.co.nz/wp-content/uploads/2021/LeForge/LEF-SY018EES.jpg
08-23-2021 @ 04:00:39 - Attachment ID:451738
08-23-2021 @ 04:00:39 - Setting Gallery Images.
08-23-2021 @ 04:00:39 - Image URL:https://inspiry.co.nz/wp-content/uploads/2021/LeForge/LEF-SY018EES-1.jpg
08-23-2021 @ 04:00:40 - URL:https://inspiry.co.nz/wp-content/uploads/2021/LeForge/LEF-SY018EES-1.jpg Reason:Error getting remote image https://inspiry.co.nz/wp-content/uploads/2021/LeForge/LEF-SY018EES-1.jpg. Error: Not Found
08-23-2021 @ 04:00:40 - Image URL:https://inspiry.co.nz/wp-content/uploads/2021/LeForge/LEF-SY018EES-2.jpg
08-23-2021 @ 04:00:40 - URL:https://inspiry.co.nz/wp-content/uploads/2021/LeForge/LEF-SY018EES-2.jpg Reason:Error getting remote image https://inspiry.co.nz/wp-content/uploads/2021/LeForge/LEF-SY018EES-2.jpg. Error: Not Found
08-23-2021 @ 04:00:40 - Image URL:https://inspiry.co.nz/wp-content/uploads/2021/LeForge/LEF-SY018EES-3.jpg
08-23-2021 @ 04:00:41 - URL:https://inspiry.co.nz/wp-content/uploads/2021/LeForge/LEF-SY018EES-3.jpg Reason:Error getting remote image https://inspiry.co.nz/wp-content/uploads/2021/LeForge/LEF-SY018EES-3.jpg. Error: Not Found
08-23-2021 @ 04:00:41 - Image URL:https://inspiry.co.nz/wp-content/uploads/2021/LeForge/LEF-SY018EES-4.jpg
08-23-2021 @ 04:00:42 - URL:https://inspiry.co.nz/wp-content/uploads/2021/LeForge/LEF-SY018EES-4.jpg Reason:Error getting remote image https://inspiry.co.nz/wp-content/uploads/2021/LeForge/LEF-SY018EES-4.jpg. Error: Not Found
08-23-2021 @ 04:00:42 - Image URL:https://inspiry.co.nz/wp-content/uploads/2021/LeForge/LEF-SY018EES-5.jpg
08-23-2021 @ 04:00:43 - URL:https://inspiry.co.nz/wp-content/uploads/2021/LeForge/LEF-SY018EES-5.jpg Reason:Error getting remote image https://inspiry.co.nz/wp-content/uploads/2021/LeForge/LEF-SY018EES-5.jpg. Error: Not Found
08-23-2021 @ 04:00:43 - Image URL:https://inspiry.co.nz/wp-content/uploads/2021/LeForge/LEF-SY018EES-6.jpg
08-23-2021 @ 04:00:45 - URL:https://inspiry.co.nz/wp-content/uploads/2021/LeForge/LEF-SY018EES-6.jpg Reason:Error getting remote image https://inspiry.co.nz/wp-content/uploads/2021/LeForge/LEF-SY018EES-6.jpg. Error: Not Found
08-23-2021 @ 04:00:45 - Row :13 - Product updated successfully.
08-23-2021 @ 04:00:45 - Row :14 - Parsing item.
08-23-2021 @ 04:00:45 - Row :14 - Processing item.
08-23-2021 @ 04:00:45 - Found simple product object. ID:451390
08-23-2021 @ 04:00:45 - Setting Featured Image. URL:https://inspiry.co.nz/wp-content/uploads/2021/LeForge/LEF-XMS21-14.jpg
08-23-2021 @ 04:00:46 - Attachment ID:451739
08-23-2021 @ 04:00:46 - Setting Gallery Images.
08-23-2021 @ 04:00:46 - Image URL:https://inspiry.co.nz/wp-content/uploads/2021/LeForge/LEF-XMS21-14-1.jpg
08-23-2021 @ 04:00:46 - Attachment ID:451740
08-23-2021 @ 04:00:46 - Image URL:https://inspiry.co.nz/wp-content/uploads/2021/LeForge/LEF-XMS21-14-2.jpg
08-23-2021 @ 04:00:47 - URL:https://inspiry.co.nz/wp-content/uploads/2021/LeForge/LEF-XMS21-14-2.jpg Reason:Error getting remote image https://inspiry.co.nz/wp-content/uploads/2021/LeForge/LEF-XMS21-14-2.jpg. Error: Not Found
08-23-2021 @ 04:00:47 - Image URL:https://inspiry.co.nz/wp-content/uploads/2021/LeForge/LEF-XMS21-14-3.jpg
08-23-2021 @ 04:00:48 - URL:https://inspiry.co.nz/wp-content/uploads/2021/LeForge/LEF-XMS21-14-3.jpg Reason:Error getting remote image https://inspiry.co.nz/wp-content/uploads/2021/LeForge/LEF-XMS21-14-3.jpg. Error: Not Found
08-23-2021 @ 04:00:48 - Image URL:https://inspiry.co.nz/wp-content/uploads/2021/LeForge/LEF-XMS21-14-4.jpg
08-23-2021 @ 04:00:48 - URL:https://inspiry.co.nz/wp-content/uploads/2021/LeForge/LEF-XMS21-14-4.jpg Reason:Error getting remote image https://inspiry.co.nz/wp-content/uploads/2021/LeForge/LEF-XMS21-14-4.jpg. Error: Not Found
08-23-2021 @ 04:00:48 - Image URL:https://inspiry.co.nz/wp-content/uploads/2021/LeForge/LEF-XMS21-14-5.jpg
08-23-2021 @ 04:00:49 - URL:https://inspiry.co.nz/wp-content/uploads/2021/LeForge/LEF-XMS21-14-5.jpg Reason:Error getting remote image https://inspiry.co.nz/wp-content/uploads/2021/LeForge/LEF-XMS21-14-5.jpg. Error: Not Found
08-23-2021 @ 04:00:49 - Image URL:https://inspiry.co.nz/wp-content/uploads/2021/LeForge/LEF-XMS21-14-6.jpg
08-23-2021 @ 04:00:50 - URL:https://inspiry.co.nz/wp-content/uploads/2021/LeForge/LEF-XMS21-14-6.jpg Reason:Error getting remote image https://inspiry.co.nz/wp-content/uploads/2021/LeForge/LEF-XMS21-14-6.jpg. Error: Not Found
08-23-2021 @ 04:00:50 - Row :14 - Product updated successfully.
08-23-2021 @ 04:00:50 - Row :15 - Parsing item.
08-23-2021 @ 04:00:50 - Row :15 - Processing item.
08-23-2021 @ 04:00:50 - Found simple product object. ID:451391
08-23-2021 @ 04:00:50 - Setting Featured Image. URL:https://inspiry.co.nz/wp-content/uploads/2021/LeForge/LEF-EM8017-L-WW.jpg
08-23-2021 @ 04:00:51 - Attachment ID:451741
08-23-2021 @ 04:00:51 - Setting Gallery Images.
08-23-2021 @ 04:00:51 - Image URL:https://inspiry.co.nz/wp-content/uploads/2021/LeForge/LEF-EM8017-L-WW-1.jpg
08-23-2021 @ 04:00:53 - URL:https://inspiry.co.nz/wp-content/uploads/2021/LeForge/LEF-EM8017-L-WW-1.jpg Reason:Error getting remote image https://inspiry.co.nz/wp-content/uploads/2021/LeForge/LEF-EM8017-L-WW-1.jpg. Error: Not Found
08-23-2021 @ 04:00:53 - Image URL:https://inspiry.co.nz/wp-content/uploads/2021/LeForge/LEF-EM8017-L-WW-2.jpg
08-23-2021 @ 04:00:54 - URL:https://inspiry.co.nz/wp-content/uploads/2021/LeForge/LEF-EM8017-L-WW-2.jpg Reason:Error getting remote image https://inspiry.co.nz/wp-content/uploads/2021/LeForge/LEF-EM8017-L-WW-2.jpg. Error: Not Found
08-23-2021 @ 04:00:54 - Image URL:https://inspiry.co.nz/wp-content/uploads/2021/LeForge/LEF-EM8017-L-WW-3.jpg
08-23-2021 @ 04:00:55 - URL:https://inspiry.co.nz/wp-content/uploads/2021/LeForge/LEF-EM8017-L-WW-3.jpg Reason:Error getting remote image https://inspiry.co.nz/wp-content/uploads/2021/LeForge/LEF-EM8017-L-WW-3.jpg. Error: Not Found
08-23-2021 @ 04:00:55 - Image URL:https://inspiry.co.nz/wp-content/uploads/2021/LeForge/LEF-EM8017-L-WW-4.jpg
08-23-2021 @ 04:00:55 - URL:https://inspiry.co.nz/wp-content/uploads/2021/LeForge/LEF-EM8017-L-WW-4.jpg Reason:Error getting remote image https://inspiry.co.nz/wp-content/uploads/2021/LeForge/LEF-EM8017-L-WW-4.jpg. Error: Not Found
08-23-2021 @ 04:00:55 - Image URL:https://inspiry.co.nz/wp-content/uploads/2021/LeForge/LEF-EM8017-L-WW-5.jpg
08-23-2021 @ 04:00:56 - URL:https://inspiry.co.nz/wp-content/uploads/2021/LeForge/LEF-EM8017-L-WW-5.jpg Reason:Error getting remote image https://inspiry.co.nz/wp-content/uploads/2021/LeForge/LEF-EM8017-L-WW-5.jpg. Error: Not Found
08-23-2021 @ 04:00:56 - Image URL:https://inspiry.co.nz/wp-content/uploads/2021/LeForge/LEF-EM8017-L-WW-6.jpg
08-23-2021 @ 04:00:57 - URL:https://inspiry.co.nz/wp-content/uploads/2021/LeForge/LEF-EM8017-L-WW-6.jpg Reason:Error getting remote image https://inspiry.co.nz/wp-content/uploads/2021/LeForge/LEF-EM8017-L-WW-6.jpg. Error: Not Found
08-23-2021 @ 04:00:57 - Row :15 - Product updated successfully.
08-23-2021 @ 04:00:57 - Row :16 - Parsing item.
08-23-2021 @ 04:00:57 - Row :16 - Processing item.
08-23-2021 @ 04:00:57 - Found simple product object. ID:451392
08-23-2021 @ 04:00:57 - Setting Featured Image. URL:https://inspiry.co.nz/wp-content/uploads/2021/LeForge/LEF-SH19854E-GR.jpg
08-23-2021 @ 04:00:58 - Attachment ID:451742
08-23-2021 @ 04:00:58 - Setting Gallery Images.
08-23-2021 @ 04:00:58 - Image URL:https://inspiry.co.nz/wp-content/uploads/2021/LeForge/LEF-SH19854E-GR-1.jpg
08-23-2021 @ 04:00:58 - URL:https://inspiry.co.nz/wp-content/uploads/2021/LeForge/LEF-SH19854E-GR-1.jpg Reason:Error getting remote image https://inspiry.co.nz/wp-content/uploads/2021/LeForge/LEF-SH19854E-GR-1.jpg. Error: Not Found
08-23-2021 @ 04:00:58 - Image URL:https://inspiry.co.nz/wp-content/uploads/2021/LeForge/LEF-SH19854E-GR-2.jpg
08-23-2021 @ 04:00:59 - URL:https://inspiry.co.nz/wp-content/uploads/2021/LeForge/LEF-SH19854E-GR-2.jpg Reason:Error getting remote image https://inspiry.co.nz/wp-content/uploads/2021/LeForge/LEF-SH19854E-GR-2.jpg. Error: Not Found
08-23-2021 @ 04:00:59 - Image URL:https://inspiry.co.nz/wp-content/uploads/2021/LeForge/LEF-SH19854E-GR-3.jpg
08-23-2021 @ 04:01:00 - URL:https://inspiry.co.nz/wp-content/uploads/2021/LeForge/LEF-SH19854E-GR-3.jpg Reason:Error getting remote image https://inspiry.co.nz/wp-content/uploads/2021/LeForge/LEF-SH19854E-GR-3.jpg. Error: Not Found
08-23-2021 @ 04:01:00 - Image URL:https://inspiry.co.nz/wp-content/uploads/2021/LeForge/LEF-SH19854E-GR-4.jpg
08-23-2021 @ 04:01:01 - URL:https://inspiry.co.nz/wp-content/uploads/2021/LeForge/LEF-SH19854E-GR-4.jpg Reason:Error getting remote image https://inspiry.co.nz/wp-content/uploads/2021/LeForge/LEF-SH19854E-GR-4.jpg. Error: Not Found
08-23-2021 @ 04:01:01 - Image URL:https://inspiry.co.nz/wp-content/uploads/2021/LeForge/LEF-SH19854E-GR-5.jpg
08-23-2021 @ 04:01:02 - URL:https://inspiry.co.nz/wp-content/uploads/2021/LeForge/LEF-SH19854E-GR-5.jpg Reason:Error getting remote image https://inspiry.co.nz/wp-content/uploads/2021/LeForge/LEF-SH19854E-GR-5.jpg. Error: Not Found
08-23-2021 @ 04:01:02 - Image URL:https://inspiry.co.nz/wp-content/uploads/2021/LeForge/LEF-SH19854E-GR-6.jpg
08-23-2021 @ 04:01:02 - URL:https://inspiry.co.nz/wp-content/uploads/2021/LeForge/LEF-SH19854E-GR-6.jpg Reason:Error getting remote image https://inspiry.co.nz/wp-content/uploads/2021/LeForge/LEF-SH19854E-GR-6.jpg. Error: Not Found
08-23-2021 @ 04:01:03 - Row :16 - Product updated successfully.
08-23-2021 @ 04:01:03 - Row :17 - Parsing item.
08-23-2021 @ 04:01:03 - Row :17 - Processing item.
08-23-2021 @ 04:01:03 - Found simple product object. ID:451393
08-23-2021 @ 04:01:03 - Setting Featured Image. URL:https://inspiry.co.nz/wp-content/uploads/2021/LeForge/LEF-EM5535-NAT.jpg
08-23-2021 @ 04:01:03 - Attachment ID:451743
08-23-2021 @ 04:01:03 - Setting Gallery Images.
08-23-2021 @ 04:01:03 - Image URL:https://inspiry.co.nz/wp-content/uploads/2021/LeForge/LEF-EM5535-NAT-1.jpg
08-23-2021 @ 04:01:04 - URL:https://inspiry.co.nz/wp-content/uploads/2021/LeForge/LEF-EM5535-NAT-1.jpg Reason:Error getting remote image https://inspiry.co.nz/wp-content/uploads/2021/LeForge/LEF-EM5535-NAT-1.jpg. Error: Not Found
08-23-2021 @ 04:01:04 - Image URL:https://inspiry.co.nz/wp-content/uploads/2021/LeForge/LEF-EM5535-NAT-2.jpg
08-23-2021 @ 04:01:05 - URL:https://inspiry.co.nz/wp-content/uploads/2021/LeForge/LEF-EM5535-NAT-2.jpg Reason:Error getting remote image https://inspiry.co.nz/wp-content/uploads/2021/LeForge/LEF-EM5535-NAT-2.jpg. Error: Not Found
08-23-2021 @ 04:01:05 - Image URL:https://inspiry.co.nz/wp-content/uploads/2021/LeForge/LEF-EM5535-NAT-3.jpg
08-23-2021 @ 04:01:06 - URL:https://inspiry.co.nz/wp-content/uploads/2021/LeForge/LEF-EM5535-NAT-3.jpg Reason:Error getting remote image https://inspiry.co.nz/wp-content/uploads/2021/LeForge/LEF-EM5535-NAT-3.jpg. Error: Not Found
08-23-2021 @ 04:01:06 - Image URL:https://inspiry.co.nz/wp-content/uploads/2021/LeForge/LEF-EM5535-NAT-4.jpg
08-23-2021 @ 04:01:07 - URL:https://inspiry.co.nz/wp-content/uploads/2021/LeForge/LEF-EM5535-NAT-4.jpg Reason:Error getting remote image https://inspiry.co.nz/wp-content/uploads/2021/LeForge/LEF-EM5535-NAT-4.jpg. Error: Not Found
08-23-2021 @ 04:01:07 - Image URL:https://inspiry.co.nz/wp-content/uploads/2021/LeForge/LEF-EM5535-NAT-5.jpg
08-23-2021 @ 04:01:09 - URL:https://inspiry.co.nz/wp-content/uploads/2021/LeForge/LEF-EM5535-NAT-5.jpg Reason:Error getting remote image https://inspiry.co.nz/wp-content/uploads/2021/LeForge/LEF-EM5535-NAT-5.jpg. Error: Not Found
08-23-2021 @ 04:01:09 - Image URL:https://inspiry.co.nz/wp-content/uploads/2021/LeForge/LEF-EM5535-NAT-6.jpg
08-23-2021 @ 04:01:10 - URL:https://inspiry.co.nz/wp-content/uploads/2021/LeForge/LEF-EM5535-NAT-6.jpg Reason:Error getting remote image https://inspiry.co.nz/wp-content/uploads/2021/LeForge/LEF-EM5535-NAT-6.jpg. Error: Not Found
08-23-2021 @ 04:01:10 - Row :17 - Product updated successfully.
08-23-2021 @ 04:01:10 - Row :18 - Parsing item.
08-23-2021 @ 04:01:10 - Row :18 - Processing item.
08-23-2021 @ 04:01:10 - Found simple product object. ID:451394
08-23-2021 @ 04:01:10 - Setting Featured Image. URL:https://inspiry.co.nz/wp-content/uploads/2021/LeForge/LEF-SH19854E-BLK.jpg
08-23-2021 @ 04:01:11 - Attachment ID:451744
08-23-2021 @ 04:01:11 - Setting Gallery Images.
08-23-2021 @ 04:01:11 - Image URL:https://inspiry.co.nz/wp-content/uploads/2021/LeForge/LEF-SH19854E-BLK-1.jpg
08-23-2021 @ 04:01:12 - URL:https://inspiry.co.nz/wp-content/uploads/2021/LeForge/LEF-SH19854E-BLK-1.jpg Reason:Error getting remote image https://inspiry.co.nz/wp-content/uploads/2021/LeForge/LEF-SH19854E-BLK-1.jpg. Error: Not Found
08-23-2021 @ 04:01:12 - Image URL:https://inspiry.co.nz/wp-content/uploads/2021/LeForge/LEF-SH19854E-BLK-2.jpg
08-23-2021 @ 04:01:14 - URL:https://inspiry.co.nz/wp-content/uploads/2021/LeForge/LEF-SH19854E-BLK-2.jpg Reason:Error getting remote image https://inspiry.co.nz/wp-content/uploads/2021/LeForge/LEF-SH19854E-BLK-2.jpg. Error: Not Found
08-23-2021 @ 04:01:14 - Image URL:https://inspiry.co.nz/wp-content/uploads/2021/LeForge/LEF-SH19854E-BLK-3.jpg
08-23-2021 @ 04:01:15 - URL:https://inspiry.co.nz/wp-content/uploads/2021/LeForge/LEF-SH19854E-BLK-3.jpg Reason:Error getting remote image https://inspiry.co.nz/wp-content/uploads/2021/LeForge/LEF-SH19854E-BLK-3.jpg. Error: Not Found
08-23-2021 @ 04:01:15 - Image URL:https://inspiry.co.nz/wp-content/uploads/2021/LeForge/LEF-SH19854E-BLK-4.jpg
08-23-2021 @ 04:01:16 - URL:https://inspiry.co.nz/wp-content/uploads/2021/LeForge/LEF-SH19854E-BLK-4.jpg Reason:Error getting remote image https://inspiry.co.nz/wp-content/uploads/2021/LeForge/LEF-SH19854E-BLK-4.jpg. Error: Not Found
08-23-2021 @ 04:01:16 - Image URL:https://inspiry.co.nz/wp-content/uploads/2021/LeForge/LEF-SH19854E-BLK-5.jpg
08-23-2021 @ 04:01:16 - URL:https://inspiry.co.nz/wp-content/uploads/2021/LeForge/LEF-SH19854E-BLK-5.jpg Reason:Error getting remote image https://inspiry.co.nz/wp-content/uploads/2021/LeForge/LEF-SH19854E-BLK-5.jpg. Error: Not Found
08-23-2021 @ 04:01:16 - Image URL:https://inspiry.co.nz/wp-content/uploads/2021/LeForge/LEF-SH19854E-BLK-6.jpg
08-23-2021 @ 04:01:19 - URL:https://inspiry.co.nz/wp-content/uploads/2021/LeForge/LEF-SH19854E-BLK-6.jpg Reason:Error getting remote image https://inspiry.co.nz/wp-content/uploads/2021/LeForge/LEF-SH19854E-BLK-6.jpg. Error: Not Found
08-23-2021 @ 04:01:19 - Row :18 - Product updated successfully.
08-23-2021 @ 04:01:19 - Row :19 - Parsing item.
08-23-2021 @ 04:01:19 - Row :19 - Processing item.
08-23-2021 @ 04:01:19 - Found simple product object. ID:451395
08-23-2021 @ 04:01:19 - Setting Featured Image. URL:https://inspiry.co.nz/wp-content/uploads/2021/LeForge/LEF-CF1209161-A50.jpg
08-23-2021 @ 04:01:20 - Attachment ID:451745
08-23-2021 @ 04:01:20 - Setting Gallery Images.
08-23-2021 @ 04:01:20 - Image URL:https://inspiry.co.nz/wp-content/uploads/2021/LeForge/LEF-CF1209161-A50-1.jpg
08-23-2021 @ 04:01:20 - URL:https://inspiry.co.nz/wp-content/uploads/2021/LeForge/LEF-CF1209161-A50-1.jpg Reason:Error getting remote image https://inspiry.co.nz/wp-content/uploads/2021/LeForge/LEF-CF1209161-A50-1.jpg. Error: Not Found
08-23-2021 @ 04:01:20 - Image URL:https://inspiry.co.nz/wp-content/uploads/2021/LeForge/LEF-CF1209161-A50-2.jpg
08-23-2021 @ 04:01:21 - URL:https://inspiry.co.nz/wp-content/uploads/2021/LeForge/LEF-CF1209161-A50-2.jpg Reason:Error getting remote image https://inspiry.co.nz/wp-content/uploads/2021/LeForge/LEF-CF1209161-A50-2.jpg. Error: Not Found
08-23-2021 @ 04:01:21 - Image URL:https://inspiry.co.nz/wp-content/uploads/2021/LeForge/LEF-CF1209161-A50-3.jpg
08-23-2021 @ 04:01:22 - URL:https://inspiry.co.nz/wp-content/uploads/2021/LeForge/LEF-CF1209161-A50-3.jpg Reason:Error getting remote image https://inspiry.co.nz/wp-content/uploads/2021/LeForge/LEF-CF1209161-A50-3.jpg. Error: Not Found
08-23-2021 @ 04:01:22 - Image URL:https://inspiry.co.nz/wp-content/uploads/2021/LeForge/LEF-CF1209161-A50-4.jpg
08-23-2021 @ 04:01:23 - URL:https://inspiry.co.nz/wp-content/uploads/2021/LeForge/LEF-CF1209161-A50-4.jpg Reason:Error getting remote image https://inspiry.co.nz/wp-content/uploads/2021/LeForge/LEF-CF1209161-A50-4.jpg. Error: Not Found
08-23-2021 @ 04:01:23 - Image URL:https://inspiry.co.nz/wp-content/uploads/2021/LeForge/LEF-CF1209161-A50-5.jpg
08-23-2021 @ 04:01:23 - URL:https://inspiry.co.nz/wp-content/uploads/2021/LeForge/LEF-CF1209161-A50-5.jpg Reason:Error getting remote image https://inspiry.co.nz/wp-content/uploads/2021/LeForge/LEF-CF1209161-A50-5.jpg. Error: Not Found
08-23-2021 @ 04:01:23 - Image URL:https://inspiry.co.nz/wp-content/uploads/2021/LeForge/LEF-CF1209161-A50-6.jpg
08-23-2021 @ 04:01:24 - URL:https://inspiry.co.nz/wp-content/uploads/2021/LeForge/LEF-CF1209161-A50-6.jpg Reason:Error getting remote image https://inspiry.co.nz/wp-content/uploads/2021/LeForge/LEF-CF1209161-A50-6.jpg. Error: Not Found
08-23-2021 @ 04:01:24 - Row :19 - Product updated successfully.
08-23-2021 @ 04:01:24 - Row :20 - Parsing item.
08-23-2021 @ 04:01:24 - Row :20 - Processing item.
08-23-2021 @ 04:01:24 - Found simple product object. ID:451396
08-23-2021 @ 04:01:24 - Setting Featured Image. URL:https://inspiry.co.nz/wp-content/uploads/2021/LeForge/LEF-CF1209161-S64.jpg
08-23-2021 @ 04:01:25 - Attachment ID:451746
08-23-2021 @ 04:01:25 - Setting Gallery Images.
08-23-2021 @ 04:01:25 - Image URL:https://inspiry.co.nz/wp-content/uploads/2021/LeForge/LEF-CF1209161-S64-1.jpg
08-23-2021 @ 04:01:25 - URL:https://inspiry.co.nz/wp-content/uploads/2021/LeForge/LEF-CF1209161-S64-1.jpg Reason:Error getting remote image https://inspiry.co.nz/wp-content/uploads/2021/LeForge/LEF-CF1209161-S64-1.jpg. Error: Not Found
08-23-2021 @ 04:01:25 - Image URL:https://inspiry.co.nz/wp-content/uploads/2021/LeForge/LEF-CF1209161-S64-2.jpg
08-23-2021 @ 04:01:26 - URL:https://inspiry.co.nz/wp-content/uploads/2021/LeForge/LEF-CF1209161-S64-2.jpg Reason:Error getting remote image https://inspiry.co.nz/wp-content/uploads/2021/LeForge/LEF-CF1209161-S64-2.jpg. Error: Not Found
08-23-2021 @ 04:01:26 - Image URL:https://inspiry.co.nz/wp-content/uploads/2021/LeForge/LEF-CF1209161-S64-3.jpg
08-23-2021 @ 04:01:27 - URL:https://inspiry.co.nz/wp-content/uploads/2021/LeForge/LEF-CF1209161-S64-3.jpg Reason:Error getting remote image https://inspiry.co.nz/wp-content/uploads/2021/LeForge/LEF-CF1209161-S64-3.jpg. Error: Not Found
08-23-2021 @ 04:01:27 - Image URL:https://inspiry.co.nz/wp-content/uploads/2021/LeForge/LEF-CF1209161-S64-4.jpg
08-23-2021 @ 04:01:27 - URL:https://inspiry.co.nz/wp-content/uploads/2021/LeForge/LEF-CF1209161-S64-4.jpg Reason:Error getting remote image https://inspiry.co.nz/wp-content/uploads/2021/LeForge/LEF-CF1209161-S64-4.jpg. Error: Not Found
08-23-2021 @ 04:01:27 - Image URL:https://inspiry.co.nz/wp-content/uploads/2021/LeForge/LEF-CF1209161-S64-5.jpg
08-23-2021 @ 04:01:28 - URL:https://inspiry.co.nz/wp-content/uploads/2021/LeForge/LEF-CF1209161-S64-5.jpg Reason:Error getting remote image https://inspiry.co.nz/wp-content/uploads/2021/LeForge/LEF-CF1209161-S64-5.jpg. Error: Not Found
08-23-2021 @ 04:01:28 - Image URL:https://inspiry.co.nz/wp-content/uploads/2021/LeForge/LEF-CF1209161-S64-6.jpg
08-23-2021 @ 04:01:28 - URL:https://inspiry.co.nz/wp-content/uploads/2021/LeForge/LEF-CF1209161-S64-6.jpg Reason:Error getting remote image https://inspiry.co.nz/wp-content/uploads/2021/LeForge/LEF-CF1209161-S64-6.jpg. Error: Not Found
08-23-2021 @ 04:01:29 - Row :20 - Product updated successfully.
08-23-2021 @ 04:01:29 - Preparing for import.
08-23-2021 @ 04:01:29 - Row :21 - Parsing item.
08-23-2021 @ 04:01:29 - Row :21 - Processing item.
08-23-2021 @ 04:01:29 - Found simple product object. ID:451397
08-23-2021 @ 04:01:29 - Setting Featured Image. URL:https://inspiry.co.nz/wp-content/uploads/2021/LeForge/LEF-MIN140549-K124-WH.jpg
08-23-2021 @ 04:01:30 - Attachment ID:451747
08-23-2021 @ 04:01:30 - Setting Gallery Images.
08-23-2021 @ 04:01:30 - Image URL:https://inspiry.co.nz/wp-content/uploads/2021/LeForge/LEF-MIN140549-K124-WH-1.jpg
08-23-2021 @ 04:01:31 - Attachment ID:451748
08-23-2021 @ 04:01:31 - Image URL:https://inspiry.co.nz/wp-content/uploads/2021/LeForge/LEF-MIN140549-K124-WH-2.jpg
08-23-2021 @ 04:01:31 - URL:https://inspiry.co.nz/wp-content/uploads/2021/LeForge/LEF-MIN140549-K124-WH-2.jpg Reason:Error getting remote image https://inspiry.co.nz/wp-content/uploads/2021/LeForge/LEF-MIN140549-K124-WH-2.jpg. Error: Not Found
08-23-2021 @ 04:01:31 - Image URL:https://inspiry.co.nz/wp-content/uploads/2021/LeForge/LEF-MIN140549-K124-WH-3.jpg
08-23-2021 @ 04:01:32 - URL:https://inspiry.co.nz/wp-content/uploads/2021/LeForge/LEF-MIN140549-K124-WH-3.jpg Reason:Error getting remote image https://inspiry.co.nz/wp-content/uploads/2021/LeForge/LEF-MIN140549-K124-WH-3.jpg. Error: Not Found
08-23-2021 @ 04:01:32 - Image URL:https://inspiry.co.nz/wp-content/uploads/2021/LeForge/LEF-MIN140549-K124-WH-4.jpg
08-23-2021 @ 04:01:33 - URL:https://inspiry.co.nz/wp-content/uploads/2021/LeForge/LEF-MIN140549-K124-WH-4.jpg Reason:Error getting remote image https://inspiry.co.nz/wp-content/uploads/2021/LeForge/LEF-MIN140549-K124-WH-4.jpg. Error: Not Found
08-23-2021 @ 04:01:33 - Image URL:https://inspiry.co.nz/wp-content/uploads/2021/LeForge/LEF-MIN140549-K124-WH-5.jpg
08-23-2021 @ 04:01:33 - URL:https://inspiry.co.nz/wp-content/uploads/2021/LeForge/LEF-MIN140549-K124-WH-5.jpg Reason:Error getting remote image https://inspiry.co.nz/wp-content/uploads/2021/LeForge/LEF-MIN140549-K124-WH-5.jpg. Error: Not Found
08-23-2021 @ 04:01:33 - Image URL:https://inspiry.co.nz/wp-content/uploads/2021/LeForge/LEF-MIN140549-K124-WH-6.jpg
08-23-2021 @ 04:01:34 - URL:https://inspiry.co.nz/wp-content/uploads/2021/LeForge/LEF-MIN140549-K124-WH-6.jpg Reason:Error getting remote image https://inspiry.co.nz/wp-content/uploads/2021/LeForge/LEF-MIN140549-K124-WH-6.jpg. Error: Not Found
08-23-2021 @ 04:01:34 - Row :21 - Product updated successfully.
08-23-2021 @ 04:01:34 - Row :22 - Parsing item.
08-23-2021 @ 04:01:34 - Row :22 - Processing item.
08-23-2021 @ 04:01:34 - Found simple product object. ID:451398
08-23-2021 @ 04:01:34 - Setting Featured Image. URL:https://inspiry.co.nz/wp-content/uploads/2021/LeForge/LEF-MIN140549-K41-BLK.jpg
08-23-2021 @ 04:01:35 - Attachment ID:451749
08-23-2021 @ 04:01:35 - Setting Gallery Images.
08-23-2021 @ 04:01:35 - Image URL:https://inspiry.co.nz/wp-content/uploads/2021/LeForge/LEF-MIN140549-K41-BLK-1.jpg
08-23-2021 @ 04:01:35 - URL:https://inspiry.co.nz/wp-content/uploads/2021/LeForge/LEF-MIN140549-K41-BLK-1.jpg Reason:Error getting remote image https://inspiry.co.nz/wp-content/uploads/2021/LeForge/LEF-MIN140549-K41-BLK-1.jpg. Error: Not Found
08-23-2021 @ 04:01:35 - Image URL:https://inspiry.co.nz/wp-content/uploads/2021/LeForge/LEF-MIN140549-K41-BLK-2.jpg
08-23-2021 @ 04:01:36 - URL:https://inspiry.co.nz/wp-content/uploads/2021/LeForge/LEF-MIN140549-K41-BLK-2.jpg Reason:Error getting remote image https://inspiry.co.nz/wp-content/uploads/2021/LeForge/LEF-MIN140549-K41-BLK-2.jpg. Error: Not Found
08-23-2021 @ 04:01:36 - Image URL:https://inspiry.co.nz/wp-content/uploads/2021/LeForge/LEF-MIN140549-K41-BLK-3.jpg
08-23-2021 @ 04:01:37 - URL:https://inspiry.co.nz/wp-content/uploads/2021/LeForge/LEF-MIN140549-K41-BLK-3.jpg Reason:Error getting remote image https://inspiry.co.nz/wp-content/uploads/2021/LeForge/LEF-MIN140549-K41-BLK-3.jpg. Error: Not Found
08-23-2021 @ 04:01:37 - Image URL:https://inspiry.co.nz/wp-content/uploads/2021/LeForge/LEF-MIN140549-K41-BLK-4.jpg
08-23-2021 @ 04:01:37 - URL:https://inspiry.co.nz/wp-content/uploads/2021/LeForge/LEF-MIN140549-K41-BLK-4.jpg Reason:Error getting remote image https://inspiry.co.nz/wp-content/uploads/2021/LeForge/LEF-MIN140549-K41-BLK-4.jpg. Error: Not Found
08-23-2021 @ 04:01:37 - Image URL:https://inspiry.co.nz/wp-content/uploads/2021/LeForge/LEF-MIN140549-K41-BLK-5.jpg
08-23-2021 @ 04:01:38 - URL:https://inspiry.co.nz/wp-content/uploads/2021/LeForge/LEF-MIN140549-K41-BLK-5.jpg Reason:Error getting remote image https://inspiry.co.nz/wp-content/uploads/2021/LeForge/LEF-MIN140549-K41-BLK-5.jpg. Error: Not Found
08-23-2021 @ 04:01:38 - Image URL:https://inspiry.co.nz/wp-content/uploads/2021/LeForge/LEF-MIN140549-K41-BLK-6.jpg
08-23-2021 @ 04:01:39 - URL:https://inspiry.co.nz/wp-content/uploads/2021/LeForge/LEF-MIN140549-K41-BLK-6.jpg Reason:Error getting remote image https://inspiry.co.nz/wp-content/uploads/2021/LeForge/LEF-MIN140549-K41-BLK-6.jpg. Error: Not Found
08-23-2021 @ 04:01:39 - Row :22 - Product updated successfully.
08-23-2021 @ 04:01:39 - Row :23 - Parsing item.
08-23-2021 @ 04:01:39 - Row :23 - Processing item.
08-23-2021 @ 04:01:39 - Found simple product object. ID:451399
08-23-2021 @ 04:01:39 - Setting Featured Image. URL:https://inspiry.co.nz/wp-content/uploads/2021/LeForge/LEF-AN192151B-D.jpg
08-23-2021 @ 04:01:39 - Attachment ID:451750
08-23-2021 @ 04:01:39 - Setting Gallery Images.
08-23-2021 @ 04:01:39 - Image URL:https://inspiry.co.nz/wp-content/uploads/2021/LeForge/LEF-AN192151B-D-1.jpg
08-23-2021 @ 04:01:42 - Attachment ID:451751
08-23-2021 @ 04:01:42 - Image URL:https://inspiry.co.nz/wp-content/uploads/2021/LeForge/LEF-AN192151B-D-2.jpg
08-23-2021 @ 04:01:43 - URL:https://inspiry.co.nz/wp-content/uploads/2021/LeForge/LEF-AN192151B-D-2.jpg Reason:Error getting remote image https://inspiry.co.nz/wp-content/uploads/2021/LeForge/LEF-AN192151B-D-2.jpg. Error: Not Found
08-23-2021 @ 04:01:43 - Image URL:https://inspiry.co.nz/wp-content/uploads/2021/LeForge/LEF-AN192151B-D-3.jpg
08-23-2021 @ 04:01:45 - URL:https://inspiry.co.nz/wp-content/uploads/2021/LeForge/LEF-AN192151B-D-3.jpg Reason:Error getting remote image https://inspiry.co.nz/wp-content/uploads/2021/LeForge/LEF-AN192151B-D-3.jpg. Error: Not Found
08-23-2021 @ 04:01:45 - Image URL:https://inspiry.co.nz/wp-content/uploads/2021/LeForge/LEF-AN192151B-D-4.jpg
08-23-2021 @ 04:01:47 - URL:https://inspiry.co.nz/wp-content/uploads/2021/LeForge/LEF-AN192151B-D-4.jpg Reason:Error getting remote image https://inspiry.co.nz/wp-content/uploads/2021/LeForge/LEF-AN192151B-D-4.jpg. Error: Not Found
08-23-2021 @ 04:01:47 - Image URL:https://inspiry.co.nz/wp-content/uploads/2021/LeForge/LEF-AN192151B-D-5.jpg
08-23-2021 @ 04:01:48 - URL:https://inspiry.co.nz/wp-content/uploads/2021/LeForge/LEF-AN192151B-D-5.jpg Reason:Error getting remote image https://inspiry.co.nz/wp-content/uploads/2021/LeForge/LEF-AN192151B-D-5.jpg. Error: Not Found
08-23-2021 @ 04:01:48 - Image URL:https://inspiry.co.nz/wp-content/uploads/2021/LeForge/LEF-AN192151B-D-6.jpg
08-23-2021 @ 04:01:48 - URL:https://inspiry.co.nz/wp-content/uploads/2021/LeForge/LEF-AN192151B-D-6.jpg Reason:Error getting remote image https://inspiry.co.nz/wp-content/uploads/2021/LeForge/LEF-AN192151B-D-6.jpg. Error: Not Found
08-23-2021 @ 04:01:49 - Row :23 - Product updated successfully.
08-23-2021 @ 04:01:49 - Row :24 - Parsing item.
08-23-2021 @ 04:01:49 - Row :24 - Processing item.
08-23-2021 @ 04:01:49 - Found simple product object. ID:451400
08-23-2021 @ 04:01:49 - Setting Featured Image. URL:https://inspiry.co.nz/wp-content/uploads/2021/LeForge/LEF-AN192151W-D.jpg
08-23-2021 @ 04:01:49 - Attachment ID:451752
08-23-2021 @ 04:01:49 - Setting Gallery Images.
08-23-2021 @ 04:01:49 - Image URL:https://inspiry.co.nz/wp-content/uploads/2021/LeForge/LEF-AN192151W-D-1.jpg
08-23-2021 @ 04:01:52 - Attachment ID:451753
08-23-2021 @ 04:01:52 - Image URL:https://inspiry.co.nz/wp-content/uploads/2021/LeForge/LEF-AN192151W-D-2.jpg
08-23-2021 @ 04:01:54 - URL:https://inspiry.co.nz/wp-content/uploads/2021/LeForge/LEF-AN192151W-D-2.jpg Reason:Error getting remote image https://inspiry.co.nz/wp-content/uploads/2021/LeForge/LEF-AN192151W-D-2.jpg. Error: Not Found
08-23-2021 @ 04:01:54 - Image URL:https://inspiry.co.nz/wp-content/uploads/2021/LeForge/LEF-AN192151W-D-3.jpg
08-23-2021 @ 04:01:54 - URL:https://inspiry.co.nz/wp-content/uploads/2021/LeForge/LEF-AN192151W-D-3.jpg Reason:Error getting remote image https://inspiry.co.nz/wp-content/uploads/2021/LeForge/LEF-AN192151W-D-3.jpg. Error: Not Found
08-23-2021 @ 04:01:54 - Image URL:https://inspiry.co.nz/wp-content/uploads/2021/LeForge/LEF-AN192151W-D-4.jpg
08-23-2021 @ 04:01:56 - URL:https://inspiry.co.nz/wp-content/uploads/2021/LeForge/LEF-AN192151W-D-4.jpg Reason:Error getting remote image https://inspiry.co.nz/wp-content/uploads/2021/LeForge/LEF-AN192151W-D-4.jpg. Error: Not Found
08-23-2021 @ 04:01:56 - Image URL:https://inspiry.co.nz/wp-content/uploads/2021/LeForge/LEF-AN192151W-D-5.jpg
08-23-2021 @ 04:01:57 - URL:https://inspiry.co.nz/wp-content/uploads/2021/LeForge/LEF-AN192151W-D-5.jpg Reason:Error getting remote image https://inspiry.co.nz/wp-content/uploads/2021/LeForge/LEF-AN192151W-D-5.jpg. Error: Not Found
08-23-2021 @ 04:01:57 - Image URL:https://inspiry.co.nz/wp-content/uploads/2021/LeForge/LEF-AN192151W-D-6.jpg
08-23-2021 @ 04:01:57 - URL:https://inspiry.co.nz/wp-content/uploads/2021/LeForge/LEF-AN192151W-D-6.jpg Reason:Error getting remote image https://inspiry.co.nz/wp-content/uploads/2021/LeForge/LEF-AN192151W-D-6.jpg. Error: Not Found
08-23-2021 @ 04:01:58 - Row :24 - Product updated successfully.
08-23-2021 @ 04:01:58 - Row :25 - Parsing item.
08-23-2021 @ 04:01:58 - Row :25 - Processing item.
08-23-2021 @ 04:01:58 - Found simple product object. ID:451401
08-23-2021 @ 04:01:58 - Setting Featured Image. URL:https://inspiry.co.nz/wp-content/uploads/2021/LeForge/LEF-AN192151G-D.jpg
08-23-2021 @ 04:02:00 - Attachment ID:451754
08-23-2021 @ 04:02:00 - Setting Gallery Images.
08-23-2021 @ 04:02:00 - Image URL:https://inspiry.co.nz/wp-content/uploads/2021/LeForge/LEF-AN192151G-D-1.jpg
08-23-2021 @ 04:02:02 - Attachment ID:451755
08-23-2021 @ 04:02:02 - Image URL:https://inspiry.co.nz/wp-content/uploads/2021/LeForge/LEF-AN192151G-D-2.jpg
08-23-2021 @ 04:02:05 - URL:https://inspiry.co.nz/wp-content/uploads/2021/LeForge/LEF-AN192151G-D-2.jpg Reason:Error getting remote image https://inspiry.co.nz/wp-content/uploads/2021/LeForge/LEF-AN192151G-D-2.jpg. Error: Not Found
08-23-2021 @ 04:02:05 - Image URL:https://inspiry.co.nz/wp-content/uploads/2021/LeForge/LEF-AN192151G-D-3.jpg
08-23-2021 @ 04:02:05 - URL:https://inspiry.co.nz/wp-content/uploads/2021/LeForge/LEF-AN192151G-D-3.jpg Reason:Error getting remote image https://inspiry.co.nz/wp-content/uploads/2021/LeForge/LEF-AN192151G-D-3.jpg. Error: Not Found
08-23-2021 @ 04:02:05 - Image URL:https://inspiry.co.nz/wp-content/uploads/2021/LeForge/LEF-AN192151G-D-4.jpg
08-23-2021 @ 04:02:06 - URL:https://inspiry.co.nz/wp-content/uploads/2021/LeForge/LEF-AN192151G-D-4.jpg Reason:Error getting remote image https://inspiry.co.nz/wp-content/uploads/2021/LeForge/LEF-AN192151G-D-4.jpg. Error: Not Found
08-23-2021 @ 04:02:06 - Image URL:https://inspiry.co.nz/wp-content/uploads/2021/LeForge/LEF-AN192151G-D-5.jpg
08-23-2021 @ 04:02:07 - URL:https://inspiry.co.nz/wp-content/uploads/2021/LeForge/LEF-AN192151G-D-5.jpg Reason:Error getting remote image https://inspiry.co.nz/wp-content/uploads/2021/LeForge/LEF-AN192151G-D-5.jpg. Error: Not Found
08-23-2021 @ 04:02:07 - Image URL:https://inspiry.co.nz/wp-content/uploads/2021/LeForge/LEF-AN192151G-D-6.jpg
08-23-2021 @ 04:02:07 - URL:https://inspiry.co.nz/wp-content/uploads/2021/LeForge/LEF-AN192151G-D-6.jpg Reason:Error getting remote image https://inspiry.co.nz/wp-content/uploads/2021/LeForge/LEF-AN192151G-D-6.jpg. Error: Not Found
08-23-2021 @ 04:02:08 - Row :25 - Product updated successfully.
08-23-2021 @ 04:02:08 - Row :26 - Parsing item.
08-23-2021 @ 04:02:08 - Row :26 - Processing item.
08-23-2021 @ 04:02:08 - Found simple product object. ID:451402
08-23-2021 @ 04:02:08 - Setting Featured Image. URL:https://inspiry.co.nz/wp-content/uploads/2021/LeForge/LEF-SY018EEM.jpg
08-23-2021 @ 04:02:08 - Attachment ID:451756
08-23-2021 @ 04:02:08 - Setting Gallery Images.
08-23-2021 @ 04:02:08 - Image URL:https://inspiry.co.nz/wp-content/uploads/2021/LeForge/LEF-SY018EEM-1.jpg
08-23-2021 @ 04:02:09 - URL:https://inspiry.co.nz/wp-content/uploads/2021/LeForge/LEF-SY018EEM-1.jpg Reason:Error getting remote image https://inspiry.co.nz/wp-content/uploads/2021/LeForge/LEF-SY018EEM-1.jpg. Error: Not Found
08-23-2021 @ 04:02:09 - Image URL:https://inspiry.co.nz/wp-content/uploads/2021/LeForge/LEF-SY018EEM-2.jpg
08-23-2021 @ 04:02:10 - URL:https://inspiry.co.nz/wp-content/uploads/2021/LeForge/LEF-SY018EEM-2.jpg Reason:Error getting remote image https://inspiry.co.nz/wp-content/uploads/2021/LeForge/LEF-SY018EEM-2.jpg. Error: Not Found
08-23-2021 @ 04:02:10 - Image URL:https://inspiry.co.nz/wp-content/uploads/2021/LeForge/LEF-SY018EEM-3.jpg
08-23-2021 @ 04:02:12 - URL:https://inspiry.co.nz/wp-content/uploads/2021/LeForge/LEF-SY018EEM-3.jpg Reason:Error getting remote image https://inspiry.co.nz/wp-content/uploads/2021/LeForge/LEF-SY018EEM-3.jpg. Error: Not Found
08-23-2021 @ 04:02:12 - Image URL:https://inspiry.co.nz/wp-content/uploads/2021/LeForge/LEF-SY018EEM-4.jpg
08-23-2021 @ 04:02:13 - URL:https://inspiry.co.nz/wp-content/uploads/2021/LeForge/LEF-SY018EEM-4.jpg Reason:Error getting remote image https://inspiry.co.nz/wp-content/uploads/2021/LeForge/LEF-SY018EEM-4.jpg. Error: Not Found
08-23-2021 @ 04:02:13 - Image URL:https://inspiry.co.nz/wp-content/uploads/2021/LeForge/LEF-SY018EEM-5.jpg
08-23-2021 @ 04:02:14 - URL:https://inspiry.co.nz/wp-content/uploads/2021/LeForge/LEF-SY018EEM-5.jpg Reason:Error getting remote image https://inspiry.co.nz/wp-content/uploads/2021/LeForge/LEF-SY018EEM-5.jpg. Error: Not Found
08-23-2021 @ 04:02:14 - Image URL:https://inspiry.co.nz/wp-content/uploads/2021/LeForge/LEF-SY018EEM-6.jpg
08-23-2021 @ 04:02:15 - URL:https://inspiry.co.nz/wp-content/uploads/2021/LeForge/LEF-SY018EEM-6.jpg Reason:Error getting remote image https://inspiry.co.nz/wp-content/uploads/2021/LeForge/LEF-SY018EEM-6.jpg. Error: Not Found
08-23-2021 @ 04:02:15 - Row :26 - Product updated successfully.
08-23-2021 @ 04:02:15 - Row :27 - Parsing item.
08-23-2021 @ 04:02:15 - Row :27 - Processing item.
08-23-2021 @ 04:02:15 - Found simple product object. ID:451403
08-23-2021 @ 04:02:15 - Setting Featured Image. URL:https://inspiry.co.nz/wp-content/uploads/2021/LeForge/LEF-NY9010301-20.jpg
08-23-2021 @ 04:02:15 - Attachment ID:451757
08-23-2021 @ 04:02:15 - Setting Gallery Images.
08-23-2021 @ 04:02:15 - Image URL:https://inspiry.co.nz/wp-content/uploads/2021/LeForge/LEF-NY9010301-20-1.jpg
08-23-2021 @ 04:02:16 - URL:https://inspiry.co.nz/wp-content/uploads/2021/LeForge/LEF-NY9010301-20-1.jpg Reason:Error getting remote image https://inspiry.co.nz/wp-content/uploads/2021/LeForge/LEF-NY9010301-20-1.jpg. Error: Not Found
08-23-2021 @ 04:02:16 - Image URL:https://inspiry.co.nz/wp-content/uploads/2021/LeForge/LEF-NY9010301-20-2.jpg
08-23-2021 @ 04:02:17 - URL:https://inspiry.co.nz/wp-content/uploads/2021/LeForge/LEF-NY9010301-20-2.jpg Reason:Error getting remote image https://inspiry.co.nz/wp-content/uploads/2021/LeForge/LEF-NY9010301-20-2.jpg. Error: Not Found
08-23-2021 @ 04:02:17 - Image URL:https://inspiry.co.nz/wp-content/uploads/2021/LeForge/LEF-NY9010301-20-3.jpg
08-23-2021 @ 04:02:18 - URL:https://inspiry.co.nz/wp-content/uploads/2021/LeForge/LEF-NY9010301-20-3.jpg Reason:Error getting remote image https://inspiry.co.nz/wp-content/uploads/2021/LeForge/LEF-NY9010301-20-3.jpg. Error: Not Found
08-23-2021 @ 04:02:18 - Image URL:https://inspiry.co.nz/wp-content/uploads/2021/LeForge/LEF-NY9010301-20-4.jpg
08-23-2021 @ 04:02:20 - URL:https://inspiry.co.nz/wp-content/uploads/2021/LeForge/LEF-NY9010301-20-4.jpg Reason:Error getting remote image https://inspiry.co.nz/wp-content/uploads/2021/LeForge/LEF-NY9010301-20-4.jpg. Error: Not Found
08-23-2021 @ 04:02:20 - Image URL:https://inspiry.co.nz/wp-content/uploads/2021/LeForge/LEF-NY9010301-20-5.jpg
08-23-2021 @ 04:02:22 - URL:https://inspiry.co.nz/wp-content/uploads/2021/LeForge/LEF-NY9010301-20-5.jpg Reason:Error getting remote image https://inspiry.co.nz/wp-content/uploads/2021/LeForge/LEF-NY9010301-20-5.jpg. Error: Not Found
08-23-2021 @ 04:02:22 - Image URL:https://inspiry.co.nz/wp-content/uploads/2021/LeForge/LEF-NY9010301-20-6.jpg
08-23-2021 @ 04:02:23 - URL:https://inspiry.co.nz/wp-content/uploads/2021/LeForge/LEF-NY9010301-20-6.jpg Reason:Error getting remote image https://inspiry.co.nz/wp-content/uploads/2021/LeForge/LEF-NY9010301-20-6.jpg. Error: Not Found
08-23-2021 @ 04:02:23 - Row :27 - Product updated successfully.
08-23-2021 @ 04:02:23 - Row :28 - Parsing item.
08-23-2021 @ 04:02:23 - Row :28 - Processing item.
08-23-2021 @ 04:02:23 - Found simple product object. ID:451404
08-23-2021 @ 04:02:23 - Setting Featured Image. URL:https://inspiry.co.nz/wp-content/uploads/2021/LeForge/LEF-ABG1138-NAT.jpg
08-23-2021 @ 04:02:24 - Attachment ID:451758
08-23-2021 @ 04:02:24 - Setting Gallery Images.
08-23-2021 @ 04:02:24 - Image URL:https://inspiry.co.nz/wp-content/uploads/2021/LeForge/LEF-ABG1138-NAT-1.jpg
08-23-2021 @ 04:02:25 - URL:https://inspiry.co.nz/wp-content/uploads/2021/LeForge/LEF-ABG1138-NAT-1.jpg Reason:Error getting remote image https://inspiry.co.nz/wp-content/uploads/2021/LeForge/LEF-ABG1138-NAT-1.jpg. Error: Not Found
08-23-2021 @ 04:02:25 - Image URL:https://inspiry.co.nz/wp-content/uploads/2021/LeForge/LEF-ABG1138-NAT-2.jpg
08-23-2021 @ 04:02:27 - URL:https://inspiry.co.nz/wp-content/uploads/2021/LeForge/LEF-ABG1138-NAT-2.jpg Reason:Error getting remote image https://inspiry.co.nz/wp-content/uploads/2021/LeForge/LEF-ABG1138-NAT-2.jpg. Error: Not Found
08-23-2021 @ 04:02:27 - Image URL:https://inspiry.co.nz/wp-content/uploads/2021/LeForge/LEF-ABG1138-NAT-3.jpg
08-23-2021 @ 04:02:28 - URL:https://inspiry.co.nz/wp-content/uploads/2021/LeForge/LEF-ABG1138-NAT-3.jpg Reason:Error getting remote image https://inspiry.co.nz/wp-content/uploads/2021/LeForge/LEF-ABG1138-NAT-3.jpg. Error: Not Found
08-23-2021 @ 04:02:28 - Image URL:https://inspiry.co.nz/wp-content/uploads/2021/LeForge/LEF-ABG1138-NAT-4.jpg
08-23-2021 @ 04:02:29 - URL:https://inspiry.co.nz/wp-content/uploads/2021/LeForge/LEF-ABG1138-NAT-4.jpg Reason:Error getting remote image https://inspiry.co.nz/wp-content/uploads/2021/LeForge/LEF-ABG1138-NAT-4.jpg. Error: Not Found
08-23-2021 @ 04:02:29 - Image URL:https://inspiry.co.nz/wp-content/uploads/2021/LeForge/LEF-ABG1138-NAT-5.jpg
08-23-2021 @ 04:02:31 - URL:https://inspiry.co.nz/wp-content/uploads/2021/LeForge/LEF-ABG1138-NAT-5.jpg Reason:Error getting remote image https://inspiry.co.nz/wp-content/uploads/2021/LeForge/LEF-ABG1138-NAT-5.jpg. Error: Not Found
08-23-2021 @ 04:02:31 - Image URL:https://inspiry.co.nz/wp-content/uploads/2021/LeForge/LEF-ABG1138-NAT-6.jpg
08-23-2021 @ 04:02:32 - URL:https://inspiry.co.nz/wp-content/uploads/2021/LeForge/LEF-ABG1138-NAT-6.jpg Reason:Error getting remote image https://inspiry.co.nz/wp-content/uploads/2021/LeForge/LEF-ABG1138-NAT-6.jpg. Error: Not Found
08-23-2021 @ 04:02:33 - Row :28 - Product updated successfully.
08-23-2021 @ 04:02:33 - Row :29 - Parsing item.
08-23-2021 @ 04:02:33 - Row :29 - Processing item.
08-23-2021 @ 04:02:33 - Found simple product object. ID:451405
08-23-2021 @ 04:02:33 - Setting Featured Image. URL:https://inspiry.co.nz/wp-content/uploads/2021/LeForge/LEF-PAK120102C.jpg
08-23-2021 @ 04:02:33 - Attachment ID:451759
08-23-2021 @ 04:02:33 - Setting Gallery Images.
08-23-2021 @ 04:02:33 - Image URL:https://inspiry.co.nz/wp-content/uploads/2021/LeForge/LEF-PAK120102C-1.jpg
08-23-2021 @ 04:02:34 - URL:https://inspiry.co.nz/wp-content/uploads/2021/LeForge/LEF-PAK120102C-1.jpg Reason:Error getting remote image https://inspiry.co.nz/wp-content/uploads/2021/LeForge/LEF-PAK120102C-1.jpg. Error: Not Found
08-23-2021 @ 04:02:34 - Image URL:https://inspiry.co.nz/wp-content/uploads/2021/LeForge/LEF-PAK120102C-2.jpg
08-23-2021 @ 04:02:36 - URL:https://inspiry.co.nz/wp-content/uploads/2021/LeForge/LEF-PAK120102C-2.jpg Reason:Error getting remote image https://inspiry.co.nz/wp-content/uploads/2021/LeForge/LEF-PAK120102C-2.jpg. Error: Not Found
08-23-2021 @ 04:02:36 - Image URL:https://inspiry.co.nz/wp-content/uploads/2021/LeForge/LEF-PAK120102C-3.jpg
08-23-2021 @ 04:02:37 - URL:https://inspiry.co.nz/wp-content/uploads/2021/LeForge/LEF-PAK120102C-3.jpg Reason:Error getting remote image https://inspiry.co.nz/wp-content/uploads/2021/LeForge/LEF-PAK120102C-3.jpg. Error: Not Found
08-23-2021 @ 04:02:37 - Image URL:https://inspiry.co.nz/wp-content/uploads/2021/LeForge/LEF-PAK120102C-4.jpg
08-23-2021 @ 04:02:38 - URL:https://inspiry.co.nz/wp-content/uploads/2021/LeForge/LEF-PAK120102C-4.jpg Reason:Error getting remote image https://inspiry.co.nz/wp-content/uploads/2021/LeForge/LEF-PAK120102C-4.jpg. Error: Not Found
08-23-2021 @ 04:02:38 - Image URL:https://inspiry.co.nz/wp-content/uploads/2021/LeForge/LEF-PAK120102C-5.jpg
08-23-2021 @ 04:02:38 - URL:https://inspiry.co.nz/wp-content/uploads/2021/LeForge/LEF-PAK120102C-5.jpg Reason:Error getting remote image https://inspiry.co.nz/wp-content/uploads/2021/LeForge/LEF-PAK120102C-5.jpg. Error: Not Found
08-23-2021 @ 04:02:38 - Image URL:https://inspiry.co.nz/wp-content/uploads/2021/LeForge/LEF-PAK120102C-6.jpg
08-23-2021 @ 04:02:39 - URL:https://inspiry.co.nz/wp-content/uploads/2021/LeForge/LEF-PAK120102C-6.jpg Reason:Error getting remote image https://inspiry.co.nz/wp-content/uploads/2021/LeForge/LEF-PAK120102C-6.jpg. Error: Not Found
08-23-2021 @ 04:02:39 - Row :29 - Product updated successfully.
08-23-2021 @ 04:02:39 - Row :30 - Parsing item.
08-23-2021 @ 04:02:39 - Row :30 - Processing item.
08-23-2021 @ 04:02:39 - Found simple product object. ID:451406
08-23-2021 @ 04:02:39 - Setting Featured Image. URL:https://inspiry.co.nz/wp-content/uploads/2021/LeForge/LEF-DRE18-02-PCK.jpg
08-23-2021 @ 04:02:40 - Attachment ID:451760
08-23-2021 @ 04:02:40 - Setting Gallery Images.
08-23-2021 @ 04:02:40 - Image URL:https://inspiry.co.nz/wp-content/uploads/2021/LeForge/LEF-DRE18-02-PCK-1.jpg
08-23-2021 @ 04:02:41 - Attachment ID:451761
08-23-2021 @ 04:02:41 - Image URL:https://inspiry.co.nz/wp-content/uploads/2021/LeForge/LEF-DRE18-02-PCK-2.jpg
08-23-2021 @ 04:02:41 - URL:https://inspiry.co.nz/wp-content/uploads/2021/LeForge/LEF-DRE18-02-PCK-2.jpg Reason:Error getting remote image https://inspiry.co.nz/wp-content/uploads/2021/LeForge/LEF-DRE18-02-PCK-2.jpg. Error: Not Found
08-23-2021 @ 04:02:41 - Image URL:https://inspiry.co.nz/wp-content/uploads/2021/LeForge/LEF-DRE18-02-PCK-3.jpg
08-23-2021 @ 04:02:42 - URL:https://inspiry.co.nz/wp-content/uploads/2021/LeForge/LEF-DRE18-02-PCK-3.jpg Reason:Error getting remote image https://inspiry.co.nz/wp-content/uploads/2021/LeForge/LEF-DRE18-02-PCK-3.jpg. Error: Not Found
08-23-2021 @ 04:02:42 - Image URL:https://inspiry.co.nz/wp-content/uploads/2021/LeForge/LEF-DRE18-02-PCK-4.jpg
08-23-2021 @ 04:02:44 - URL:https://inspiry.co.nz/wp-content/uploads/2021/LeForge/LEF-DRE18-02-PCK-4.jpg Reason:Error getting remote image https://inspiry.co.nz/wp-content/uploads/2021/LeForge/LEF-DRE18-02-PCK-4.jpg. Error: Not Found
08-23-2021 @ 04:02:44 - Image URL:https://inspiry.co.nz/wp-content/uploads/2021/LeForge/LEF-DRE18-02-PCK-5.jpg
08-23-2021 @ 04:02:44 - URL:https://inspiry.co.nz/wp-content/uploads/2021/LeForge/LEF-DRE18-02-PCK-5.jpg Reason:Error getting remote image https://inspiry.co.nz/wp-content/uploads/2021/LeForge/LEF-DRE18-02-PCK-5.jpg. Error: Not Found
08-23-2021 @ 04:02:44 - Image URL:https://inspiry.co.nz/wp-content/uploads/2021/LeForge/LEF-DRE18-02-PCK-6.jpg
08-23-2021 @ 04:02:45 - URL:https://inspiry.co.nz/wp-content/uploads/2021/LeForge/LEF-DRE18-02-PCK-6.jpg Reason:Error getting remote image https://inspiry.co.nz/wp-content/uploads/2021/LeForge/LEF-DRE18-02-PCK-6.jpg. Error: Not Found
08-23-2021 @ 04:02:45 - Row :30 - Product updated successfully.
08-23-2021 @ 04:02:47 - Preparing for import.
08-23-2021 @ 04:02:47 - Row :31 - Parsing item.
08-23-2021 @ 04:02:47 - Row :31 - Processing item.
08-23-2021 @ 04:02:47 - Found simple product object. ID:451407
08-23-2021 @ 04:02:47 - Setting Featured Image. URL:https://inspiry.co.nz/wp-content/uploads/2021/LeForge/LEF-DRE18-02-IV.jpg
08-23-2021 @ 04:02:47 - Attachment ID:451762
08-23-2021 @ 04:02:47 - Setting Gallery Images.
08-23-2021 @ 04:02:47 - Image URL:https://inspiry.co.nz/wp-content/uploads/2021/LeForge/LEF-DRE18-02-IV-1.jpg
08-23-2021 @ 04:02:50 - Attachment ID:451763
08-23-2021 @ 04:02:50 - Image URL:https://inspiry.co.nz/wp-content/uploads/2021/LeForge/LEF-DRE18-02-IV-2.jpg
08-23-2021 @ 04:02:52 - URL:https://inspiry.co.nz/wp-content/uploads/2021/LeForge/LEF-DRE18-02-IV-2.jpg Reason:Error getting remote image https://inspiry.co.nz/wp-content/uploads/2021/LeForge/LEF-DRE18-02-IV-2.jpg. Error: Not Found
08-23-2021 @ 04:02:52 - Image URL:https://inspiry.co.nz/wp-content/uploads/2021/LeForge/LEF-DRE18-02-IV-3.jpg
08-23-2021 @ 04:02:54 - URL:https://inspiry.co.nz/wp-content/uploads/2021/LeForge/LEF-DRE18-02-IV-3.jpg Reason:Error getting remote image https://inspiry.co.nz/wp-content/uploads/2021/LeForge/LEF-DRE18-02-IV-3.jpg. Error: Not Found
08-23-2021 @ 04:02:54 - Image URL:https://inspiry.co.nz/wp-content/uploads/2021/LeForge/LEF-DRE18-02-IV-4.jpg
08-23-2021 @ 04:02:54 - URL:https://inspiry.co.nz/wp-content/uploads/2021/LeForge/LEF-DRE18-02-IV-4.jpg Reason:Error getting remote image https://inspiry.co.nz/wp-content/uploads/2021/LeForge/LEF-DRE18-02-IV-4.jpg. Error: Not Found
08-23-2021 @ 04:02:54 - Image URL:https://inspiry.co.nz/wp-content/uploads/2021/LeForge/LEF-DRE18-02-IV-5.jpg
08-23-2021 @ 04:02:55 - URL:https://inspiry.co.nz/wp-content/uploads/2021/LeForge/LEF-DRE18-02-IV-5.jpg Reason:Error getting remote image https://inspiry.co.nz/wp-content/uploads/2021/LeForge/LEF-DRE18-02-IV-5.jpg. Error: Not Found
08-23-2021 @ 04:02:55 - Image URL:https://inspiry.co.nz/wp-content/uploads/2021/LeForge/LEF-DRE18-02-IV-6.jpg
08-23-2021 @ 04:02:56 - URL:https://inspiry.co.nz/wp-content/uploads/2021/LeForge/LEF-DRE18-02-IV-6.jpg Reason:Error getting remote image https://inspiry.co.nz/wp-content/uploads/2021/LeForge/LEF-DRE18-02-IV-6.jpg. Error: Not Found
08-23-2021 @ 04:02:56 - Row :31 - Product updated successfully.
08-23-2021 @ 04:02:56 - Row :32 - Parsing item.
08-23-2021 @ 04:02:56 - Row :32 - Processing item.
08-23-2021 @ 04:02:56 - Found simple product object. ID:451408
08-23-2021 @ 04:02:56 - Setting Featured Image. URL:https://inspiry.co.nz/wp-content/uploads/2021/LeForge/LEF-DRE18-02-MUS.jpg
08-23-2021 @ 04:02:58 - Attachment ID:451764
08-23-2021 @ 04:02:58 - Setting Gallery Images.
08-23-2021 @ 04:02:58 - Image URL:https://inspiry.co.nz/wp-content/uploads/2021/LeForge/LEF-DRE18-02-MUS-1.jpg
08-23-2021 @ 04:02:59 - Attachment ID:451765
08-23-2021 @ 04:02:59 - Image URL:https://inspiry.co.nz/wp-content/uploads/2021/LeForge/LEF-DRE18-02-MUS-2.jpg
08-23-2021 @ 04:03:00 - URL:https://inspiry.co.nz/wp-content/uploads/2021/LeForge/LEF-DRE18-02-MUS-2.jpg Reason:Error getting remote image https://inspiry.co.nz/wp-content/uploads/2021/LeForge/LEF-DRE18-02-MUS-2.jpg. Error: Not Found
08-23-2021 @ 04:03:00 - Image URL:https://inspiry.co.nz/wp-content/uploads/2021/LeForge/LEF-DRE18-02-MUS-3.jpg
08-23-2021 @ 04:03:03 - URL:https://inspiry.co.nz/wp-content/uploads/2021/LeForge/LEF-DRE18-02-MUS-3.jpg Reason:Error getting remote image https://inspiry.co.nz/wp-content/uploads/2021/LeForge/LEF-DRE18-02-MUS-3.jpg. Error: Not Found
08-23-2021 @ 04:03:03 - Image URL:https://inspiry.co.nz/wp-content/uploads/2021/LeForge/LEF-DRE18-02-MUS-4.jpg
08-23-2021 @ 04:03:05 - URL:https://inspiry.co.nz/wp-content/uploads/2021/LeForge/LEF-DRE18-02-MUS-4.jpg Reason:Error getting remote image https://inspiry.co.nz/wp-content/uploads/2021/LeForge/LEF-DRE18-02-MUS-4.jpg. Error: Not Found
08-23-2021 @ 04:03:05 - Image URL:https://inspiry.co.nz/wp-content/uploads/2021/LeForge/LEF-DRE18-02-MUS-5.jpg
08-23-2021 @ 04:03:06 - URL:https://inspiry.co.nz/wp-content/uploads/2021/LeForge/LEF-DRE18-02-MUS-5.jpg Reason:Error getting remote image https://inspiry.co.nz/wp-content/uploads/2021/LeForge/LEF-DRE18-02-MUS-5.jpg. Error: Not Found
08-23-2021 @ 04:03:06 - Image URL:https://inspiry.co.nz/wp-content/uploads/2021/LeForge/LEF-DRE18-02-MUS-6.jpg
08-23-2021 @ 04:03:07 - URL:https://inspiry.co.nz/wp-content/uploads/2021/LeForge/LEF-DRE18-02-MUS-6.jpg Reason:Error getting remote image https://inspiry.co.nz/wp-content/uploads/2021/LeForge/LEF-DRE18-02-MUS-6.jpg. Error: Not Found
08-23-2021 @ 04:03:07 - Row :32 - Product updated successfully.
08-23-2021 @ 04:03:07 - Row :33 - Parsing item.
08-23-2021 @ 04:03:07 - Row :33 - Processing item.
08-23-2021 @ 04:03:07 - Found simple product object. ID:451409
08-23-2021 @ 04:03:07 - Setting Featured Image. URL:https://inspiry.co.nz/wp-content/uploads/2021/LeForge/LEF-DRE18-02-BLK.jpg
08-23-2021 @ 04:03:10 - Attachment ID:451766
08-23-2021 @ 04:03:10 - Setting Gallery Images.
08-23-2021 @ 04:03:10 - Image URL:https://inspiry.co.nz/wp-content/uploads/2021/LeForge/LEF-DRE18-02-BLK-1.jpg
08-23-2021 @ 04:03:12 - Attachment ID:451767
08-23-2021 @ 04:03:12 - Image URL:https://inspiry.co.nz/wp-content/uploads/2021/LeForge/LEF-DRE18-02-BLK-2.jpg
08-23-2021 @ 04:03:14 - URL:https://inspiry.co.nz/wp-content/uploads/2021/LeForge/LEF-DRE18-02-BLK-2.jpg Reason:Error getting remote image https://inspiry.co.nz/wp-content/uploads/2021/LeForge/LEF-DRE18-02-BLK-2.jpg. Error: Not Found
08-23-2021 @ 04:03:14 - Image URL:https://inspiry.co.nz/wp-content/uploads/2021/LeForge/LEF-DRE18-02-BLK-3.jpg
08-23-2021 @ 04:03:15 - URL:https://inspiry.co.nz/wp-content/uploads/2021/LeForge/LEF-DRE18-02-BLK-3.jpg Reason:Error getting remote image https://inspiry.co.nz/wp-content/uploads/2021/LeForge/LEF-DRE18-02-BLK-3.jpg. Error: Not Found
08-23-2021 @ 04:03:15 - Image URL:https://inspiry.co.nz/wp-content/uploads/2021/LeForge/LEF-DRE18-02-BLK-4.jpg
08-23-2021 @ 04:03:16 - URL:https://inspiry.co.nz/wp-content/uploads/2021/LeForge/LEF-DRE18-02-BLK-4.jpg Reason:Error getting remote image https://inspiry.co.nz/wp-content/uploads/2021/LeForge/LEF-DRE18-02-BLK-4.jpg. Error: Not Found
08-23-2021 @ 04:03:16 - Image URL:https://inspiry.co.nz/wp-content/uploads/2021/LeForge/LEF-DRE18-02-BLK-5.jpg
08-23-2021 @ 04:03:18 - URL:https://inspiry.co.nz/wp-content/uploads/2021/LeForge/LEF-DRE18-02-BLK-5.jpg Reason:Error getting remote image https://inspiry.co.nz/wp-content/uploads/2021/LeForge/LEF-DRE18-02-BLK-5.jpg. Error: Not Found
08-23-2021 @ 04:03:18 - Image URL:https://inspiry.co.nz/wp-content/uploads/2021/LeForge/LEF-DRE18-02-BLK-6.jpg
08-23-2021 @ 04:03:20 - URL:https://inspiry.co.nz/wp-content/uploads/2021/LeForge/LEF-DRE18-02-BLK-6.jpg Reason:Error getting remote image https://inspiry.co.nz/wp-content/uploads/2021/LeForge/LEF-DRE18-02-BLK-6.jpg. Error: Not Found
08-23-2021 @ 04:03:20 - Row :33 - Product updated successfully.
08-23-2021 @ 04:03:20 - Row :34 - Parsing item.
08-23-2021 @ 04:03:20 - Row :34 - Processing item.
08-23-2021 @ 04:03:20 - Found simple product object. ID:451410
08-23-2021 @ 04:03:20 - Setting Featured Image. URL:https://inspiry.co.nz/wp-content/uploads/2021/LeForge/LEF-MIN140548-K124-WH.jpg
08-23-2021 @ 04:03:22 - Attachment ID:451768
08-23-2021 @ 04:03:22 - Setting Gallery Images.
08-23-2021 @ 04:03:22 - Image URL:https://inspiry.co.nz/wp-content/uploads/2021/LeForge/LEF-MIN140548-K124-WH-1.jpg
08-23-2021 @ 04:03:25 - Attachment ID:451769
08-23-2021 @ 04:03:25 - Image URL:https://inspiry.co.nz/wp-content/uploads/2021/LeForge/LEF-MIN140548-K124-WH-2.jpg
08-23-2021 @ 04:03:27 - URL:https://inspiry.co.nz/wp-content/uploads/2021/LeForge/LEF-MIN140548-K124-WH-2.jpg Reason:Error getting remote image https://inspiry.co.nz/wp-content/uploads/2021/LeForge/LEF-MIN140548-K124-WH-2.jpg. Error: Not Found
08-23-2021 @ 04:03:27 - Image URL:https://inspiry.co.nz/wp-content/uploads/2021/LeForge/LEF-MIN140548-K124-WH-3.jpg
08-23-2021 @ 04:03:27 - URL:https://inspiry.co.nz/wp-content/uploads/2021/LeForge/LEF-MIN140548-K124-WH-3.jpg Reason:Error getting remote image https://inspiry.co.nz/wp-content/uploads/2021/LeForge/LEF-MIN140548-K124-WH-3.jpg. Error: Not Found
08-23-2021 @ 04:03:27 - Image URL:https://inspiry.co.nz/wp-content/uploads/2021/LeForge/LEF-MIN140548-K124-WH-4.jpg
08-23-2021 @ 04:03:29 - URL:https://inspiry.co.nz/wp-content/uploads/2021/LeForge/LEF-MIN140548-K124-WH-4.jpg Reason:Error getting remote image https://inspiry.co.nz/wp-content/uploads/2021/LeForge/LEF-MIN140548-K124-WH-4.jpg. Error: Not Found
08-23-2021 @ 04:03:29 - Image URL:https://inspiry.co.nz/wp-content/uploads/2021/LeForge/LEF-MIN140548-K124-WH-5.jpg
08-23-2021 @ 04:03:30 - URL:https://inspiry.co.nz/wp-content/uploads/2021/LeForge/LEF-MIN140548-K124-WH-5.jpg Reason:Error getting remote image https://inspiry.co.nz/wp-content/uploads/2021/LeForge/LEF-MIN140548-K124-WH-5.jpg. Error: Not Found
08-23-2021 @ 04:03:30 - Image URL:https://inspiry.co.nz/wp-content/uploads/2021/LeForge/LEF-MIN140548-K124-WH-6.jpg
08-23-2021 @ 04:03:30 - URL:https://inspiry.co.nz/wp-content/uploads/2021/LeForge/LEF-MIN140548-K124-WH-6.jpg Reason:Error getting remote image https://inspiry.co.nz/wp-content/uploads/2021/LeForge/LEF-MIN140548-K124-WH-6.jpg. Error: Not Found
08-23-2021 @ 04:03:31 - Row :34 - Product updated successfully.
08-23-2021 @ 04:03:31 - Row :35 - Parsing item.
08-23-2021 @ 04:03:31 - Row :35 - Processing item.
08-23-2021 @ 04:03:31 - Found simple product object. ID:451411
08-23-2021 @ 04:03:31 - Setting Featured Image. URL:https://inspiry.co.nz/wp-content/uploads/2021/LeForge/LEF-MIN140548-K41-BLK.jpg
08-23-2021 @ 04:03:33 - Attachment ID:451770
08-23-2021 @ 04:03:33 - Setting Gallery Images.
08-23-2021 @ 04:03:33 - Image URL:https://inspiry.co.nz/wp-content/uploads/2021/LeForge/LEF-MIN140548-K41-BLK-1.jpg
08-23-2021 @ 04:03:35 - Attachment ID:451771
08-23-2021 @ 04:03:35 - Image URL:https://inspiry.co.nz/wp-content/uploads/2021/LeForge/LEF-MIN140548-K41-BLK-2.jpg
08-23-2021 @ 04:03:37 - URL:https://inspiry.co.nz/wp-content/uploads/2021/LeForge/LEF-MIN140548-K41-BLK-2.jpg Reason:Error getting remote image https://inspiry.co.nz/wp-content/uploads/2021/LeForge/LEF-MIN140548-K41-BLK-2.jpg. Error: Not Found
08-23-2021 @ 04:03:37 - Image URL:https://inspiry.co.nz/wp-content/uploads/2021/LeForge/LEF-MIN140548-K41-BLK-3.jpg
08-23-2021 @ 04:03:39 - URL:https://inspiry.co.nz/wp-content/uploads/2021/LeForge/LEF-MIN140548-K41-BLK-3.jpg Reason:Error getting remote image https://inspiry.co.nz/wp-content/uploads/2021/LeForge/LEF-MIN140548-K41-BLK-3.jpg. Error: Not Found
08-23-2021 @ 04:03:39 - Image URL:https://inspiry.co.nz/wp-content/uploads/2021/LeForge/LEF-MIN140548-K41-BLK-4.jpg
08-23-2021 @ 04:03:40 - URL:https://inspiry.co.nz/wp-content/uploads/2021/LeForge/LEF-MIN140548-K41-BLK-4.jpg Reason:Error getting remote image https://inspiry.co.nz/wp-content/uploads/2021/LeForge/LEF-MIN140548-K41-BLK-4.jpg. Error: Not Found
08-23-2021 @ 04:03:40 - Image URL:https://inspiry.co.nz/wp-content/uploads/2021/LeForge/LEF-MIN140548-K41-BLK-5.jpg
08-23-2021 @ 04:03:40 - URL:https://inspiry.co.nz/wp-content/uploads/2021/LeForge/LEF-MIN140548-K41-BLK-5.jpg Reason:Error getting remote image https://inspiry.co.nz/wp-content/uploads/2021/LeForge/LEF-MIN140548-K41-BLK-5.jpg. Error: Not Found
08-23-2021 @ 04:03:40 - Image URL:https://inspiry.co.nz/wp-content/uploads/2021/LeForge/LEF-MIN140548-K41-BLK-6.jpg
08-23-2021 @ 04:03:41 - URL:https://inspiry.co.nz/wp-content/uploads/2021/LeForge/LEF-MIN140548-K41-BLK-6.jpg Reason:Error getting remote image https://inspiry.co.nz/wp-content/uploads/2021/LeForge/LEF-MIN140548-K41-BLK-6.jpg. Error: Not Found
08-23-2021 @ 04:03:41 - Row :35 - Product updated successfully.
08-23-2021 @ 04:03:41 - Row :36 - Parsing item.
08-23-2021 @ 04:03:41 - Row :36 - Processing item.
08-23-2021 @ 04:03:41 - Found simple product object. ID:451412
08-23-2021 @ 04:03:41 - Setting Featured Image. URL:https://inspiry.co.nz/wp-content/uploads/2021/LeForge/LEF-CF1180074-D91.jpg
08-23-2021 @ 04:03:43 - Attachment ID:451772
08-23-2021 @ 04:03:43 - Setting Gallery Images.
08-23-2021 @ 04:03:43 - Image URL:https://inspiry.co.nz/wp-content/uploads/2021/LeForge/LEF-CF1180074-D91-1.jpg
08-23-2021 @ 04:03:45 - URL:https://inspiry.co.nz/wp-content/uploads/2021/LeForge/LEF-CF1180074-D91-1.jpg Reason:Error getting remote image https://inspiry.co.nz/wp-content/uploads/2021/LeForge/LEF-CF1180074-D91-1.jpg. Error: Not Found
08-23-2021 @ 04:03:45 - Image URL:https://inspiry.co.nz/wp-content/uploads/2021/LeForge/LEF-CF1180074-D91-2.jpg
08-23-2021 @ 04:03:45 - URL:https://inspiry.co.nz/wp-content/uploads/2021/LeForge/LEF-CF1180074-D91-2.jpg Reason:Error getting remote image https://inspiry.co.nz/wp-content/uploads/2021/LeForge/LEF-CF1180074-D91-2.jpg. Error: Not Found
08-23-2021 @ 04:03:45 - Image URL:https://inspiry.co.nz/wp-content/uploads/2021/LeForge/LEF-CF1180074-D91-3.jpg
08-23-2021 @ 04:03:47 - URL:https://inspiry.co.nz/wp-content/uploads/2021/LeForge/LEF-CF1180074-D91-3.jpg Reason:Error getting remote image https://inspiry.co.nz/wp-content/uploads/2021/LeForge/LEF-CF1180074-D91-3.jpg. Error: Not Found
08-23-2021 @ 04:03:47 - Image URL:https://inspiry.co.nz/wp-content/uploads/2021/LeForge/LEF-CF1180074-D91-4.jpg
08-23-2021 @ 04:03:49 - URL:https://inspiry.co.nz/wp-content/uploads/2021/LeForge/LEF-CF1180074-D91-4.jpg Reason:Error getting remote image https://inspiry.co.nz/wp-content/uploads/2021/LeForge/LEF-CF1180074-D91-4.jpg. Error: Not Found
08-23-2021 @ 04:03:49 - Image URL:https://inspiry.co.nz/wp-content/uploads/2021/LeForge/LEF-CF1180074-D91-5.jpg
08-23-2021 @ 04:03:50 - URL:https://inspiry.co.nz/wp-content/uploads/2021/LeForge/LEF-CF1180074-D91-5.jpg Reason:Error getting remote image https://inspiry.co.nz/wp-content/uploads/2021/LeForge/LEF-CF1180074-D91-5.jpg. Error: Not Found
08-23-2021 @ 04:03:50 - Image URL:https://inspiry.co.nz/wp-content/uploads/2021/LeForge/LEF-CF1180074-D91-6.jpg
08-23-2021 @ 04:03:52 - URL:https://inspiry.co.nz/wp-content/uploads/2021/LeForge/LEF-CF1180074-D91-6.jpg Reason:Error getting remote image https://inspiry.co.nz/wp-content/uploads/2021/LeForge/LEF-CF1180074-D91-6.jpg. Error: Not Found
08-23-2021 @ 04:03:52 - Row :36 - Product updated successfully.
08-23-2021 @ 04:03:52 - Row :37 - Parsing item.
08-23-2021 @ 04:03:52 - Row :37 - Processing item.
08-23-2021 @ 04:03:52 - Found simple product object. ID:451413
08-23-2021 @ 04:03:52 - Setting Featured Image. URL:https://inspiry.co.nz/wp-content/uploads/2021/LeForge/LEF-CF1180075-D91.jpg
08-23-2021 @ 04:03:54 - Attachment ID:451773
08-23-2021 @ 04:03:54 - Setting Gallery Images.
08-23-2021 @ 04:03:54 - Image URL:https://inspiry.co.nz/wp-content/uploads/2021/LeForge/LEF-CF1180075-D91-1.jpg
08-23-2021 @ 04:03:56 - URL:https://inspiry.co.nz/wp-content/uploads/2021/LeForge/LEF-CF1180075-D91-1.jpg Reason:Error getting remote image https://inspiry.co.nz/wp-content/uploads/2021/LeForge/LEF-CF1180075-D91-1.jpg. Error: Not Found
08-23-2021 @ 04:03:56 - Image URL:https://inspiry.co.nz/wp-content/uploads/2021/LeForge/LEF-CF1180075-D91-2.jpg
08-23-2021 @ 04:03:58 - URL:https://inspiry.co.nz/wp-content/uploads/2021/LeForge/LEF-CF1180075-D91-2.jpg Reason:Error getting remote image https://inspiry.co.nz/wp-content/uploads/2021/LeForge/LEF-CF1180075-D91-2.jpg. Error: Not Found
08-23-2021 @ 04:03:58 - Image URL:https://inspiry.co.nz/wp-content/uploads/2021/LeForge/LEF-CF1180075-D91-3.jpg
08-23-2021 @ 04:04:00 - URL:https://inspiry.co.nz/wp-content/uploads/2021/LeForge/LEF-CF1180075-D91-3.jpg Reason:Error getting remote image https://inspiry.co.nz/wp-content/uploads/2021/LeForge/LEF-CF1180075-D91-3.jpg. Error: Not Found
08-23-2021 @ 04:04:00 - Image URL:https://inspiry.co.nz/wp-content/uploads/2021/LeForge/LEF-CF1180075-D91-4.jpg
08-23-2021 @ 04:04:02 - URL:https://inspiry.co.nz/wp-content/uploads/2021/LeForge/LEF-CF1180075-D91-4.jpg Reason:Error getting remote image https://inspiry.co.nz/wp-content/uploads/2021/LeForge/LEF-CF1180075-D91-4.jpg. Error: Not Found
08-23-2021 @ 04:04:02 - Image URL:https://inspiry.co.nz/wp-content/uploads/2021/LeForge/LEF-CF1180075-D91-5.jpg
08-23-2021 @ 04:04:04 - URL:https://inspiry.co.nz/wp-content/uploads/2021/LeForge/LEF-CF1180075-D91-5.jpg Reason:Error getting remote image https://inspiry.co.nz/wp-content/uploads/2021/LeForge/LEF-CF1180075-D91-5.jpg. Error: Not Found
08-23-2021 @ 04:04:04 - Image URL:https://inspiry.co.nz/wp-content/uploads/2021/LeForge/LEF-CF1180075-D91-6.jpg
08-23-2021 @ 04:04:04 - URL:https://inspiry.co.nz/wp-content/uploads/2021/LeForge/LEF-CF1180075-D91-6.jpg Reason:Error getting remote image https://inspiry.co.nz/wp-content/uploads/2021/LeForge/LEF-CF1180075-D91-6.jpg. Error: Not Found
08-23-2021 @ 04:04:05 - Row :37 - Product updated successfully.
08-23-2021 @ 04:04:05 - Row :38 - Parsing item.
08-23-2021 @ 04:04:05 - Row :38 - Processing item.
08-23-2021 @ 04:04:05 - Found simple product object. ID:451414
08-23-2021 @ 04:04:05 - Setting Featured Image. URL:https://inspiry.co.nz/wp-content/uploads/2021/LeForge/LEF-XMS21-11.jpg
08-23-2021 @ 04:04:05 - Attachment ID:451774
08-23-2021 @ 04:04:05 - Setting Gallery Images.
08-23-2021 @ 04:04:05 - Image URL:https://inspiry.co.nz/wp-content/uploads/2021/LeForge/LEF-XMS21-11-1.jpg
08-23-2021 @ 04:04:08 - Attachment ID:451775
08-23-2021 @ 04:04:08 - Image URL:https://inspiry.co.nz/wp-content/uploads/2021/LeForge/LEF-XMS21-11-2.jpg
08-23-2021 @ 04:04:08 - URL:https://inspiry.co.nz/wp-content/uploads/2021/LeForge/LEF-XMS21-11-2.jpg Reason:Error getting remote image https://inspiry.co.nz/wp-content/uploads/2021/LeForge/LEF-XMS21-11-2.jpg. Error: Not Found
08-23-2021 @ 04:04:08 - Image URL:https://inspiry.co.nz/wp-content/uploads/2021/LeForge/LEF-XMS21-11-3.jpg
08-23-2021 @ 04:04:10 - URL:https://inspiry.co.nz/wp-content/uploads/2021/LeForge/LEF-XMS21-11-3.jpg Reason:Error getting remote image https://inspiry.co.nz/wp-content/uploads/2021/LeForge/LEF-XMS21-11-3.jpg. Error: Not Found
08-23-2021 @ 04:04:10 - Image URL:https://inspiry.co.nz/wp-content/uploads/2021/LeForge/LEF-XMS21-11-4.jpg
08-23-2021 @ 04:04:11 - URL:https://inspiry.co.nz/wp-content/uploads/2021/LeForge/LEF-XMS21-11-4.jpg Reason:Error getting remote image https://inspiry.co.nz/wp-content/uploads/2021/LeForge/LEF-XMS21-11-4.jpg. Error: Not Found
08-23-2021 @ 04:04:11 - Image URL:https://inspiry.co.nz/wp-content/uploads/2021/LeForge/LEF-XMS21-11-5.jpg
08-23-2021 @ 04:04:13 - URL:https://inspiry.co.nz/wp-content/uploads/2021/LeForge/LEF-XMS21-11-5.jpg Reason:Error getting remote image https://inspiry.co.nz/wp-content/uploads/2021/LeForge/LEF-XMS21-11-5.jpg. Error: Not Found
08-23-2021 @ 04:04:13 - Image URL:https://inspiry.co.nz/wp-content/uploads/2021/LeForge/LEF-XMS21-11-6.jpg
08-23-2021 @ 04:04:13 - URL:https://inspiry.co.nz/wp-content/uploads/2021/LeForge/LEF-XMS21-11-6.jpg Reason:Error getting remote image https://inspiry.co.nz/wp-content/uploads/2021/LeForge/LEF-XMS21-11-6.jpg. Error: Not Found
08-23-2021 @ 04:04:14 - Row :38 - Product updated successfully.
08-23-2021 @ 04:04:14 - Row :39 - Parsing item.
08-23-2021 @ 04:04:14 - Row :39 - Processing item.
08-23-2021 @ 04:04:14 - Found simple product object. ID:451415
08-23-2021 @ 04:04:14 - Setting Featured Image. URL:https://inspiry.co.nz/wp-content/uploads/2021/LeForge/LEF-XMS21-12.jpg
08-23-2021 @ 04:04:16 - Attachment ID:451776
08-23-2021 @ 04:04:16 - Setting Gallery Images.
08-23-2021 @ 04:04:16 - Image URL:https://inspiry.co.nz/wp-content/uploads/2021/LeForge/LEF-XMS21-12-1.jpg
08-23-2021 @ 04:04:17 - Attachment ID:451777
08-23-2021 @ 04:04:17 - Image URL:https://inspiry.co.nz/wp-content/uploads/2021/LeForge/LEF-XMS21-12-2.jpg
08-23-2021 @ 04:04:18 - URL:https://inspiry.co.nz/wp-content/uploads/2021/LeForge/LEF-XMS21-12-2.jpg Reason:Error getting remote image https://inspiry.co.nz/wp-content/uploads/2021/LeForge/LEF-XMS21-12-2.jpg. Error: Not Found
08-23-2021 @ 04:04:18 - Image URL:https://inspiry.co.nz/wp-content/uploads/2021/LeForge/LEF-XMS21-12-3.jpg
08-23-2021 @ 04:04:18 - URL:https://inspiry.co.nz/wp-content/uploads/2021/LeForge/LEF-XMS21-12-3.jpg Reason:Error getting remote image https://inspiry.co.nz/wp-content/uploads/2021/LeForge/LEF-XMS21-12-3.jpg. Error: Not Found
08-23-2021 @ 04:04:18 - Image URL:https://inspiry.co.nz/wp-content/uploads/2021/LeForge/LEF-XMS21-12-4.jpg
08-23-2021 @ 04:04:21 - URL:https://inspiry.co.nz/wp-content/uploads/2021/LeForge/LEF-XMS21-12-4.jpg Reason:Error getting remote image https://inspiry.co.nz/wp-content/uploads/2021/LeForge/LEF-XMS21-12-4.jpg. Error: Not Found
08-23-2021 @ 04:04:21 - Image URL:https://inspiry.co.nz/wp-content/uploads/2021/LeForge/LEF-XMS21-12-5.jpg
08-23-2021 @ 04:04:24 - URL:https://inspiry.co.nz/wp-content/uploads/2021/LeForge/LEF-XMS21-12-5.jpg Reason:Error getting remote image https://inspiry.co.nz/wp-content/uploads/2021/LeForge/LEF-XMS21-12-5.jpg. Error: Not Found
08-23-2021 @ 04:04:24 - Image URL:https://inspiry.co.nz/wp-content/uploads/2021/LeForge/LEF-XMS21-12-6.jpg
08-23-2021 @ 04:04:26 - URL:https://inspiry.co.nz/wp-content/uploads/2021/LeForge/LEF-XMS21-12-6.jpg Reason:Error getting remote image https://inspiry.co.nz/wp-content/uploads/2021/LeForge/LEF-XMS21-12-6.jpg. Error: Not Found
08-23-2021 @ 04:04:26 - Row :39 - Product updated successfully.
08-23-2021 @ 04:04:26 - Row :40 - Parsing item.
08-23-2021 @ 04:04:26 - Row :40 - Processing item.
08-23-2021 @ 04:04:26 - Found simple product object. ID:451416
08-23-2021 @ 04:04:26 - Setting Featured Image. URL:https://inspiry.co.nz/wp-content/uploads/2021/LeForge/LEF-AN192151B-C.jpg
08-23-2021 @ 04:04:28 - Attachment ID:451778
08-23-2021 @ 04:04:28 - Setting Gallery Images.
08-23-2021 @ 04:04:28 - Image URL:https://inspiry.co.nz/wp-content/uploads/2021/LeForge/LEF-AN192151B-C-1.jpg
08-23-2021 @ 04:04:29 - Attachment ID:451779
08-23-2021 @ 04:04:29 - Image URL:https://inspiry.co.nz/wp-content/uploads/2021/LeForge/LEF-AN192151B-C-2.jpg
08-23-2021 @ 04:04:30 - URL:https://inspiry.co.nz/wp-content/uploads/2021/LeForge/LEF-AN192151B-C-2.jpg Reason:Error getting remote image https://inspiry.co.nz/wp-content/uploads/2021/LeForge/LEF-AN192151B-C-2.jpg. Error: Not Found
08-23-2021 @ 04:04:30 - Image URL:https://inspiry.co.nz/wp-content/uploads/2021/LeForge/LEF-AN192151B-C-3.jpg
08-23-2021 @ 04:04:31 - URL:https://inspiry.co.nz/wp-content/uploads/2021/LeForge/LEF-AN192151B-C-3.jpg Reason:Error getting remote image https://inspiry.co.nz/wp-content/uploads/2021/LeForge/LEF-AN192151B-C-3.jpg. Error: Not Found
08-23-2021 @ 04:04:31 - Image URL:https://inspiry.co.nz/wp-content/uploads/2021/LeForge/LEF-AN192151B-C-4.jpg
08-23-2021 @ 04:04:32 - URL:https://inspiry.co.nz/wp-content/uploads/2021/LeForge/LEF-AN192151B-C-4.jpg Reason:Error getting remote image https://inspiry.co.nz/wp-content/uploads/2021/LeForge/LEF-AN192151B-C-4.jpg. Error: Not Found
08-23-2021 @ 04:04:32 - Image URL:https://inspiry.co.nz/wp-content/uploads/2021/LeForge/LEF-AN192151B-C-5.jpg
08-23-2021 @ 04:04:33 - URL:https://inspiry.co.nz/wp-content/uploads/2021/LeForge/LEF-AN192151B-C-5.jpg Reason:Error getting remote image https://inspiry.co.nz/wp-content/uploads/2021/LeForge/LEF-AN192151B-C-5.jpg. Error: Not Found
08-23-2021 @ 04:04:33 - Image URL:https://inspiry.co.nz/wp-content/uploads/2021/LeForge/LEF-AN192151B-C-6.jpg
08-23-2021 @ 04:04:35 - URL:https://inspiry.co.nz/wp-content/uploads/2021/LeForge/LEF-AN192151B-C-6.jpg Reason:Error getting remote image https://inspiry.co.nz/wp-content/uploads/2021/LeForge/LEF-AN192151B-C-6.jpg. Error: Not Found
08-23-2021 @ 04:04:36 - Row :40 - Product updated successfully.
