08-23-2021 @ 22:49:52 - ---[ New import started at 2021-08-23 10:49:52 ] PHP Memory: 768 MB, WP Memory: 40 MB
08-23-2021 @ 22:49:52 - Preparing for import.
08-23-2021 @ 22:49:52 - Row :1 - Parsing item.
08-23-2021 @ 22:49:52 - Row :1 - Processing item.
08-23-2021 @ 22:49:52 - Found simple product object. ID:452329
08-23-2021 @ 22:49:52 - Setting Featured Image. URL:https://inspiry.co.nz/wp-content/uploads/2021/kravet&kelly-wearstler/34092.11.0.jpg
08-23-2021 @ 22:49:53 - Attachment ID:452395
08-23-2021 @ 22:49:53 - Row :1 - Product updated successfully.
08-23-2021 @ 22:49:53 - Row :2 - Parsing item.
08-23-2021 @ 22:49:53 - Row :2 - Processing item.
08-23-2021 @ 22:49:53 - Found simple product object. ID:452330
08-23-2021 @ 22:49:53 - Setting Featured Image. URL:https://inspiry.co.nz/wp-content/uploads/2021/kravet&kelly-wearstler/34092.115.0.jpg
08-23-2021 @ 22:49:54 - Attachment ID:452396
08-23-2021 @ 22:49:55 - Row :2 - Product updated successfully.
08-23-2021 @ 22:49:55 - Row :3 - Parsing item.
08-23-2021 @ 22:49:55 - Row :3 - Processing item.
08-23-2021 @ 22:49:55 - Found simple product object. ID:452331
08-23-2021 @ 22:49:55 - Setting Featured Image. URL:https://inspiry.co.nz/wp-content/uploads/2021/kravet&kelly-wearstler/34092.116.0.jpg
08-23-2021 @ 22:49:55 - Attachment ID:452397
08-23-2021 @ 22:49:56 - Row :3 - Product updated successfully.
08-23-2021 @ 22:49:56 - Row :4 - Parsing item.
08-23-2021 @ 22:49:56 - Row :4 - Processing item.
08-23-2021 @ 22:49:56 - Found simple product object. ID:452332
08-23-2021 @ 22:49:56 - Setting Featured Image. URL:https://inspiry.co.nz/wp-content/uploads/2021/kravet&kelly-wearstler/34092.13.0.jpg
08-23-2021 @ 22:49:56 - Attachment ID:452398
08-23-2021 @ 22:49:57 - Row :4 - Product updated successfully.
08-23-2021 @ 22:49:57 - Row :5 - Parsing item.
08-23-2021 @ 22:49:57 - Row :5 - Processing item.
08-23-2021 @ 22:49:57 - Found simple product object. ID:452333
08-23-2021 @ 22:49:57 - Setting Featured Image. URL:https://inspiry.co.nz/wp-content/uploads/2021/kravet&kelly-wearstler/34092.16.0.jpg
08-23-2021 @ 22:49:58 - Attachment ID:452399
08-23-2021 @ 22:49:58 - Row :5 - Product updated successfully.
08-23-2021 @ 22:49:58 - Row :6 - Parsing item.
08-23-2021 @ 22:49:58 - Row :6 - Processing item.
08-23-2021 @ 22:49:58 - Found simple product object. ID:452334
08-23-2021 @ 22:49:58 - Setting Featured Image. URL:https://inspiry.co.nz/wp-content/uploads/2021/kravet&kelly-wearstler/34092.17.0.jpg
08-23-2021 @ 22:49:58 - Attachment ID:452400
08-23-2021 @ 22:49:59 - Row :6 - Product updated successfully.
08-23-2021 @ 22:49:59 - Row :7 - Parsing item.
08-23-2021 @ 22:49:59 - Row :7 - Processing item.
08-23-2021 @ 22:49:59 - Found simple product object. ID:452335
08-23-2021 @ 22:49:59 - Setting Featured Image. URL:https://inspiry.co.nz/wp-content/uploads/2021/kravet&kelly-wearstler/34092.21.0.jpg
08-23-2021 @ 22:50:00 - Attachment ID:452401
08-23-2021 @ 22:50:00 - Row :7 - Product updated successfully.
08-23-2021 @ 22:50:00 - Row :8 - Parsing item.
08-23-2021 @ 22:50:00 - Row :8 - Processing item.
08-23-2021 @ 22:50:00 - Found simple product object. ID:452336
08-23-2021 @ 22:50:00 - Setting Featured Image. URL:https://inspiry.co.nz/wp-content/uploads/2021/kravet&kelly-wearstler/34092.24.0.jpg
08-23-2021 @ 22:50:01 - Attachment ID:452402
08-23-2021 @ 22:50:01 - Row :8 - Product updated successfully.
08-23-2021 @ 22:50:01 - Row :9 - Parsing item.
08-23-2021 @ 22:50:01 - Row :9 - Processing item.
08-23-2021 @ 22:50:01 - Found simple product object. ID:452337
08-23-2021 @ 22:50:01 - Setting Featured Image. URL:https://inspiry.co.nz/wp-content/uploads/2021/kravet&kelly-wearstler/34092.511.0.jpg
08-23-2021 @ 22:50:02 - Attachment ID:452403
08-23-2021 @ 22:50:03 - Row :9 - Product updated successfully.
08-23-2021 @ 22:50:03 - Row :10 - Parsing item.
08-23-2021 @ 22:50:03 - Row :10 - Processing item.
08-23-2021 @ 22:50:03 - Found simple product object. ID:452338
08-23-2021 @ 22:50:03 - Setting Featured Image. URL:https://inspiry.co.nz/wp-content/uploads/2021/kravet&kelly-wearstler/34092.6.0.jpg
08-23-2021 @ 22:50:03 - Attachment ID:452404
08-23-2021 @ 22:50:04 - Row :10 - Product updated successfully.
08-23-2021 @ 22:50:05 - Preparing for import.
08-23-2021 @ 22:50:05 - Row :11 - Parsing item.
08-23-2021 @ 22:50:05 - Row :11 - Processing item.
08-23-2021 @ 22:50:05 - Found simple product object. ID:452339
08-23-2021 @ 22:50:05 - Setting Featured Image. URL:https://inspiry.co.nz/wp-content/uploads/2021/kravet&kelly-wearstler/34092.1311.0.jpg
08-23-2021 @ 22:50:05 - Attachment ID:452405
08-23-2021 @ 22:50:06 - Row :11 - Product updated successfully.
08-23-2021 @ 22:50:06 - Row :12 - Parsing item.
08-23-2021 @ 22:50:06 - Row :12 - Processing item.
08-23-2021 @ 22:50:06 - Found simple product object. ID:452340
08-23-2021 @ 22:50:06 - Setting Featured Image. URL:https://inspiry.co.nz/wp-content/uploads/2021/kravet&kelly-wearstler/34092.1516.0.jpg
08-23-2021 @ 22:50:06 - Attachment ID:452406
08-23-2021 @ 22:50:07 - Row :12 - Product updated successfully.
08-23-2021 @ 22:50:07 - Row :13 - Parsing item.
08-23-2021 @ 22:50:07 - Row :13 - Processing item.
08-23-2021 @ 22:50:07 - Found simple product object. ID:452341
08-23-2021 @ 22:50:07 - Setting Featured Image. URL:https://inspiry.co.nz/wp-content/uploads/2021/kravet&kelly-wearstler/34092.1611.0.jpg
08-23-2021 @ 22:50:07 - Attachment ID:452407
08-23-2021 @ 22:50:08 - Row :13 - Product updated successfully.
08-23-2021 @ 22:50:08 - Row :14 - Parsing item.
08-23-2021 @ 22:50:08 - Row :14 - Processing item.
08-23-2021 @ 22:50:08 - Found simple product object. ID:452342
08-23-2021 @ 22:50:08 - Setting Featured Image. URL:https://inspiry.co.nz/wp-content/uploads/2021/kravet&kelly-wearstler/34092.1624.0.jpg
08-23-2021 @ 22:50:08 - Attachment ID:452408
08-23-2021 @ 22:50:09 - Row :14 - Product updated successfully.
08-23-2021 @ 22:50:09 - Row :15 - Parsing item.
08-23-2021 @ 22:50:09 - Row :15 - Processing item.
08-23-2021 @ 22:50:09 - Found simple product object. ID:452343
08-23-2021 @ 22:50:09 - Setting Featured Image. URL:https://inspiry.co.nz/wp-content/uploads/2021/kravet&kelly-wearstler/34092.313.0.jpg
08-23-2021 @ 22:50:10 - Attachment ID:452409
08-23-2021 @ 22:50:10 - Row :15 - Product updated successfully.
08-23-2021 @ 22:50:10 - Row :16 - Parsing item.
08-23-2021 @ 22:50:10 - Row :16 - Processing item.
08-23-2021 @ 22:50:10 - Found simple product object. ID:452344
08-23-2021 @ 22:50:10 - Setting Featured Image. URL:https://inspiry.co.nz/wp-content/uploads/2021/kravet&kelly-wearstler/34092.416.0.jpg
08-23-2021 @ 22:50:11 - Attachment ID:452410
08-23-2021 @ 22:50:12 - Row :16 - Product updated successfully.
08-23-2021 @ 22:50:12 - Row :17 - Parsing item.
08-23-2021 @ 22:50:12 - Row :17 - Processing item.
08-23-2021 @ 22:50:12 - Found simple product object. ID:452345
08-23-2021 @ 22:50:12 - Setting Featured Image. URL:https://inspiry.co.nz/wp-content/uploads/2021/kravet&kelly-wearstler/34092.516.0.jpg
08-23-2021 @ 22:50:12 - Attachment ID:452411
08-23-2021 @ 22:50:13 - Row :17 - Product updated successfully.
08-23-2021 @ 22:50:13 - Row :18 - Parsing item.
08-23-2021 @ 22:50:13 - Row :18 - Processing item.
08-23-2021 @ 22:50:13 - Found simple product object. ID:452346
08-23-2021 @ 22:50:13 - Setting Featured Image. URL:https://inspiry.co.nz/wp-content/uploads/2021/kravet&kelly-wearstler/34092.616.0.jpg
08-23-2021 @ 22:50:13 - Attachment ID:452412
08-23-2021 @ 22:50:13 - Row :18 - Product updated successfully.
08-23-2021 @ 22:50:13 - Row :19 - Parsing item.
08-23-2021 @ 22:50:13 - Row :19 - Processing item.
08-23-2021 @ 22:50:13 - Found simple product object. ID:452347
08-23-2021 @ 22:50:13 - Setting Featured Image. URL:https://inspiry.co.nz/wp-content/uploads/2021/kravet&kelly-wearstler/34092.111.0.jpg
08-23-2021 @ 22:50:14 - Attachment ID:452413
08-23-2021 @ 22:50:14 - Row :19 - Product updated successfully.
08-23-2021 @ 22:50:14 - Row :20 - Parsing item.
08-23-2021 @ 22:50:14 - Row :20 - Processing item.
08-23-2021 @ 22:50:14 - Found simple product object. ID:452348
08-23-2021 @ 22:50:14 - Setting Featured Image. URL:https://inspiry.co.nz/wp-content/uploads/2021/kravet&kelly-wearstler/34088.11.0.jpg
08-23-2021 @ 22:50:15 - Attachment ID:452414
08-23-2021 @ 22:50:15 - Row :20 - Product updated successfully.
08-23-2021 @ 22:50:17 - Preparing for import.
08-23-2021 @ 22:50:17 - Row :21 - Parsing item.
08-23-2021 @ 22:50:17 - Row :21 - Processing item.
08-23-2021 @ 22:50:17 - Found simple product object. ID:452349
08-23-2021 @ 22:50:17 - Setting Featured Image. URL:https://inspiry.co.nz/wp-content/uploads/2021/kravet&kelly-wearstler/34088.111.0.jpg
08-23-2021 @ 22:50:17 - Attachment ID:452415
08-23-2021 @ 22:50:18 - Row :21 - Product updated successfully.
08-23-2021 @ 22:50:18 - Row :22 - Parsing item.
08-23-2021 @ 22:50:18 - Row :22 - Processing item.
08-23-2021 @ 22:50:18 - Found simple product object. ID:452350
08-23-2021 @ 22:50:18 - Setting Featured Image. URL:https://inspiry.co.nz/wp-content/uploads/2021/kravet&kelly-wearstler/34088.1116.0.jpg
08-23-2021 @ 22:50:18 - Attachment ID:452416
08-23-2021 @ 22:50:19 - Row :22 - Product updated successfully.
08-23-2021 @ 22:50:19 - Row :23 - Parsing item.
08-23-2021 @ 22:50:19 - Row :23 - Processing item.
08-23-2021 @ 22:50:19 - Found simple product object. ID:452351
08-23-2021 @ 22:50:19 - Setting Featured Image. URL:https://inspiry.co.nz/wp-content/uploads/2021/kravet&kelly-wearstler/34088.116.0.jpg
08-23-2021 @ 22:50:19 - Attachment ID:452417
08-23-2021 @ 22:50:20 - Row :23 - Product updated successfully.
08-23-2021 @ 22:50:20 - Row :24 - Parsing item.
08-23-2021 @ 22:50:20 - Row :24 - Processing item.
08-23-2021 @ 22:50:20 - Found simple product object. ID:452352
08-23-2021 @ 22:50:20 - Setting Featured Image. URL:https://inspiry.co.nz/wp-content/uploads/2021/kravet&kelly-wearstler/34088.1511.0.jpg
08-23-2021 @ 22:50:21 - Attachment ID:452418
08-23-2021 @ 22:50:21 - Row :24 - Product updated successfully.
08-23-2021 @ 22:50:21 - Row :25 - Parsing item.
08-23-2021 @ 22:50:21 - Row :25 - Processing item.
08-23-2021 @ 22:50:21 - Found simple product object. ID:452353
08-23-2021 @ 22:50:21 - Setting Featured Image. URL:https://inspiry.co.nz/wp-content/uploads/2021/kravet&kelly-wearstler/34088.1616.0.jpg
08-23-2021 @ 22:50:22 - Attachment ID:452419
08-23-2021 @ 22:50:22 - Row :25 - Product updated successfully.
08-23-2021 @ 22:50:22 - Row :26 - Parsing item.
08-23-2021 @ 22:50:22 - Row :26 - Processing item.
08-23-2021 @ 22:50:22 - Found simple product object. ID:452354
08-23-2021 @ 22:50:22 - Setting Featured Image. URL:https://inspiry.co.nz/wp-content/uploads/2021/kravet&kelly-wearstler/34088.1623.0.jpg
08-23-2021 @ 22:50:23 - Attachment ID:452420
08-23-2021 @ 22:50:23 - Row :26 - Product updated successfully.
08-23-2021 @ 22:50:23 - Row :27 - Parsing item.
08-23-2021 @ 22:50:23 - Row :27 - Processing item.
08-23-2021 @ 22:50:23 - Found simple product object. ID:452355
08-23-2021 @ 22:50:23 - Setting Featured Image. URL:https://inspiry.co.nz/wp-content/uploads/2021/kravet&kelly-wearstler/34088.1635.0.jpg
08-23-2021 @ 22:50:24 - Attachment ID:452421
08-23-2021 @ 22:50:25 - Row :27 - Product updated successfully.
08-23-2021 @ 22:50:25 - Row :28 - Parsing item.
08-23-2021 @ 22:50:25 - Row :28 - Processing item.
08-23-2021 @ 22:50:25 - Found simple product object. ID:452356
08-23-2021 @ 22:50:25 - Setting Featured Image. URL:https://inspiry.co.nz/wp-content/uploads/2021/kravet&kelly-wearstler/34088.17.0.jpg
08-23-2021 @ 22:50:25 - Attachment ID:452422
08-23-2021 @ 22:50:26 - Row :28 - Product updated successfully.
08-23-2021 @ 22:50:26 - Row :29 - Parsing item.
08-23-2021 @ 22:50:26 - Row :29 - Processing item.
08-23-2021 @ 22:50:26 - Found simple product object. ID:452357
08-23-2021 @ 22:50:26 - Setting Featured Image. URL:https://inspiry.co.nz/wp-content/uploads/2021/kravet&kelly-wearstler/34088.23.0.jpg
08-23-2021 @ 22:50:26 - Attachment ID:452423
08-23-2021 @ 22:50:26 - Row :29 - Product updated successfully.
08-23-2021 @ 22:50:26 - Row :30 - Parsing item.
08-23-2021 @ 22:50:26 - Row :30 - Processing item.
08-23-2021 @ 22:50:26 - Found simple product object. ID:452358
08-23-2021 @ 22:50:26 - Setting Featured Image. URL:https://inspiry.co.nz/wp-content/uploads/2021/kravet&kelly-wearstler/34088.511.0.jpg
08-23-2021 @ 22:50:27 - Attachment ID:452424
08-23-2021 @ 22:50:27 - Row :30 - Product updated successfully.
08-23-2021 @ 22:50:28 - Preparing for import.
08-23-2021 @ 22:50:28 - Row :31 - Parsing item.
08-23-2021 @ 22:50:28 - Row :31 - Processing item.
08-23-2021 @ 22:50:28 - Found simple product object. ID:452359
08-23-2021 @ 22:50:28 - Setting Featured Image. URL:https://inspiry.co.nz/wp-content/uploads/2021/kravet&kelly-wearstler/34088.6.0.jpg
08-23-2021 @ 22:50:29 - Attachment ID:452425
08-23-2021 @ 22:50:30 - Row :31 - Product updated successfully.
08-23-2021 @ 22:50:30 - Row :32 - Parsing item.
08-23-2021 @ 22:50:30 - Row :32 - Processing item.
08-23-2021 @ 22:50:30 - Found simple product object. ID:452360
08-23-2021 @ 22:50:30 - Setting Featured Image. URL:https://inspiry.co.nz/wp-content/uploads/2021/kravet&kelly-wearstler/34088.1121.0.jpg
08-23-2021 @ 22:50:30 - Attachment ID:452426
08-23-2021 @ 22:50:31 - Row :32 - Product updated successfully.
08-23-2021 @ 22:50:31 - Row :33 - Parsing item.
08-23-2021 @ 22:50:31 - Row :33 - Processing item.
08-23-2021 @ 22:50:31 - Found simple product object. ID:452361
08-23-2021 @ 22:50:31 - Setting Featured Image. URL:https://inspiry.co.nz/wp-content/uploads/2021/kravet&kelly-wearstler/34088.13.0.jpg
08-23-2021 @ 22:50:31 - Attachment ID:452427
08-23-2021 @ 22:50:32 - Row :33 - Product updated successfully.
08-23-2021 @ 22:50:32 - Row :34 - Parsing item.
08-23-2021 @ 22:50:32 - Row :34 - Processing item.
08-23-2021 @ 22:50:32 - Found simple product object. ID:452362
08-23-2021 @ 22:50:32 - Setting Featured Image. URL:https://inspiry.co.nz/wp-content/uploads/2021/kravet&kelly-wearstler/34088.15.0.jpg
08-23-2021 @ 22:50:33 - Attachment ID:452428
08-23-2021 @ 22:50:33 - Row :34 - Product updated successfully.
08-23-2021 @ 22:50:33 - Row :35 - Parsing item.
08-23-2021 @ 22:50:33 - Row :35 - Processing item.
08-23-2021 @ 22:50:33 - Found simple product object. ID:452363
08-23-2021 @ 22:50:33 - Setting Featured Image. URL:https://inspiry.co.nz/wp-content/uploads/2021/kravet&kelly-wearstler/34088.1516.0.jpg
08-23-2021 @ 22:50:34 - Attachment ID:452429
08-23-2021 @ 22:50:34 - Row :35 - Product updated successfully.
08-23-2021 @ 22:50:34 - Row :36 - Parsing item.
08-23-2021 @ 22:50:34 - Row :36 - Processing item.
08-23-2021 @ 22:50:34 - Found simple product object. ID:452364
08-23-2021 @ 22:50:34 - Setting Featured Image. URL:https://inspiry.co.nz/wp-content/uploads/2021/kravet&kelly-wearstler/34088.16.0.jpg
08-23-2021 @ 22:50:35 - Attachment ID:452430
08-23-2021 @ 22:50:36 - Row :36 - Product updated successfully.
08-23-2021 @ 22:50:36 - Row :37 - Parsing item.
08-23-2021 @ 22:50:36 - Row :37 - Processing item.
08-23-2021 @ 22:50:36 - Found simple product object. ID:452365
08-23-2021 @ 22:50:36 - Setting Featured Image. URL:https://inspiry.co.nz/wp-content/uploads/2021/kravet&kelly-wearstler/34088.1611.0.jpg
08-23-2021 @ 22:50:36 - Attachment ID:452431
08-23-2021 @ 22:50:36 - Row :37 - Product updated successfully.
08-23-2021 @ 22:50:36 - Row :38 - Parsing item.
08-23-2021 @ 22:50:36 - Row :38 - Processing item.
08-23-2021 @ 22:50:36 - Found simple product object. ID:452366
08-23-2021 @ 22:50:36 - Setting Featured Image. URL:https://inspiry.co.nz/wp-content/uploads/2021/kravet&kelly-wearstler/34088.1650.0.jpg
08-23-2021 @ 22:50:37 - Attachment ID:452432
08-23-2021 @ 22:50:37 - Row :38 - Product updated successfully.
08-23-2021 @ 22:50:37 - Row :39 - Parsing item.
08-23-2021 @ 22:50:37 - Row :39 - Processing item.
08-23-2021 @ 22:50:37 - Found simple product object. ID:452367
08-23-2021 @ 22:50:37 - Setting Featured Image. URL:https://inspiry.co.nz/wp-content/uploads/2021/kravet&kelly-wearstler/34088.24.0.jpg
08-23-2021 @ 22:50:38 - Attachment ID:452433
08-23-2021 @ 22:50:38 - Row :39 - Product updated successfully.
08-23-2021 @ 22:50:38 - Row :40 - Parsing item.
08-23-2021 @ 22:50:38 - Row :40 - Processing item.
08-23-2021 @ 22:50:38 - Found simple product object. ID:452368
08-23-2021 @ 22:50:38 - Setting Featured Image. URL:https://inspiry.co.nz/wp-content/uploads/2021/kravet&kelly-wearstler/34088.4.0.jpg
08-23-2021 @ 22:50:39 - Attachment ID:452434
08-23-2021 @ 22:50:39 - Row :40 - Product updated successfully.
08-23-2021 @ 22:50:40 - Preparing for import.
08-23-2021 @ 22:50:40 - Row :41 - Parsing item.
08-23-2021 @ 22:50:40 - Row :41 - Processing item.
08-23-2021 @ 22:50:40 - Found simple product object. ID:452369
08-23-2021 @ 22:50:40 - Setting Featured Image. URL:https://inspiry.co.nz/wp-content/uploads/2021/kravet&kelly-wearstler/34088.416.0.jpg
08-23-2021 @ 22:50:41 - Attachment ID:452435
08-23-2021 @ 22:50:41 - Row :41 - Product updated successfully.
08-23-2021 @ 22:50:41 - Row :42 - Parsing item.
08-23-2021 @ 22:50:41 - Row :42 - Processing item.
08-23-2021 @ 22:50:41 - Found simple product object. ID:452370
08-23-2021 @ 22:50:41 - Setting Featured Image. URL:https://inspiry.co.nz/wp-content/uploads/2021/kravet&kelly-wearstler/34088.516.0.jpg
08-23-2021 @ 22:50:41 - Attachment ID:452436
08-23-2021 @ 22:50:42 - Row :42 - Product updated successfully.
08-23-2021 @ 22:50:42 - Row :43 - Parsing item.
08-23-2021 @ 22:50:42 - Row :43 - Processing item.
08-23-2021 @ 22:50:42 - Found simple product object. ID:452371
08-23-2021 @ 22:50:42 - Setting Featured Image. URL:https://inspiry.co.nz/wp-content/uploads/2021/kravet&kelly-wearstler/34088.606.0.jpg
08-23-2021 @ 22:50:42 - Attachment ID:452437
08-23-2021 @ 22:50:42 - Row :43 - Product updated successfully.
08-23-2021 @ 22:50:42 - Row :44 - Parsing item.
08-23-2021 @ 22:50:42 - Row :44 - Processing item.
08-23-2021 @ 22:50:42 - Found simple product object. ID:452372
08-23-2021 @ 22:50:42 - Setting Featured Image. URL:https://inspiry.co.nz/wp-content/uploads/2021/kravet&kelly-wearstler/34088.611.0.jpg
08-23-2021 @ 22:50:43 - Attachment ID:452438
08-23-2021 @ 22:50:44 - Row :44 - Product updated successfully.
08-23-2021 @ 22:50:44 - Row :45 - Parsing item.
08-23-2021 @ 22:50:44 - Row :45 - Processing item.
08-23-2021 @ 22:50:44 - Found simple product object. ID:452373
08-23-2021 @ 22:50:44 - Setting Featured Image. URL:https://inspiry.co.nz/wp-content/uploads/2021/kravet&kelly-wearstler/34088.616.0.jpg
08-23-2021 @ 22:50:44 - Attachment ID:452439
08-23-2021 @ 22:50:44 - Row :45 - Product updated successfully.
08-23-2021 @ 22:50:44 - Row :46 - Parsing item.
08-23-2021 @ 22:50:44 - Row :46 - Processing item.
08-23-2021 @ 22:50:44 - Found simple product object. ID:452374
08-23-2021 @ 22:50:44 - Setting Featured Image. URL:https://inspiry.co.nz/wp-content/uploads/2021/kravet&kelly-wearstler/34088.77.0.jpg
08-23-2021 @ 22:50:45 - Attachment ID:452440
08-23-2021 @ 22:50:46 - Row :46 - Product updated successfully.
08-23-2021 @ 22:50:46 - Row :47 - Parsing item.
08-23-2021 @ 22:50:46 - Row :47 - Processing item.
08-23-2021 @ 22:50:46 - Found simple product object. ID:452375
08-23-2021 @ 22:50:46 - Setting Featured Image. URL:https://inspiry.co.nz/wp-content/uploads/2021/kravet&kelly-wearstler/34085.1516.0.jpg
08-23-2021 @ 22:50:46 - Attachment ID:452441
08-23-2021 @ 22:50:47 - Row :47 - Product updated successfully.
08-23-2021 @ 22:50:47 - Row :48 - Parsing item.
08-23-2021 @ 22:50:47 - Row :48 - Processing item.
08-23-2021 @ 22:50:47 - Found simple product object. ID:452376
08-23-2021 @ 22:50:47 - Setting Featured Image. URL:https://inspiry.co.nz/wp-content/uploads/2021/kravet&kelly-wearstler/34085.416.0.jpg
08-23-2021 @ 22:50:47 - Attachment ID:452442
08-23-2021 @ 22:50:48 - Row :48 - Product updated successfully.
08-23-2021 @ 22:50:48 - Row :49 - Parsing item.
08-23-2021 @ 22:50:48 - Row :49 - Processing item.
08-23-2021 @ 22:50:48 - Found simple product object. ID:452377
08-23-2021 @ 22:50:48 - Setting Featured Image. URL:https://inspiry.co.nz/wp-content/uploads/2021/kravet&kelly-wearstler/34085.516.0.jpg
08-23-2021 @ 22:50:48 - Attachment ID:452443
08-23-2021 @ 22:50:49 - Row :49 - Product updated successfully.
08-23-2021 @ 22:50:49 - Row :50 - Parsing item.
08-23-2021 @ 22:50:49 - Row :50 - Processing item.
08-23-2021 @ 22:50:49 - Found simple product object. ID:452378
08-23-2021 @ 22:50:49 - Setting Featured Image. URL:https://inspiry.co.nz/wp-content/uploads/2021/kravet&kelly-wearstler/34085.716.0.jpg
08-23-2021 @ 22:50:49 - Attachment ID:452444
08-23-2021 @ 22:50:50 - Row :50 - Product updated successfully.
08-23-2021 @ 22:50:51 - Preparing for import.
08-23-2021 @ 22:50:51 - Row :51 - Parsing item.
08-23-2021 @ 22:50:51 - Row :51 - Processing item.
08-23-2021 @ 22:50:51 - Found simple product object. ID:452379
08-23-2021 @ 22:50:51 - Setting Featured Image. URL:https://inspiry.co.nz/wp-content/uploads/2021/kravet&kelly-wearstler/34085.816.0.jpg
08-23-2021 @ 22:50:52 - Attachment ID:452445
08-23-2021 @ 22:50:52 - Row :51 - Product updated successfully.
08-23-2021 @ 22:50:52 - Row :52 - Parsing item.
08-23-2021 @ 22:50:52 - Row :52 - Processing item.
08-23-2021 @ 22:50:52 - Found simple product object. ID:452380
08-23-2021 @ 22:50:52 - Setting Featured Image. URL:https://inspiry.co.nz/wp-content/uploads/2021/kravet&kelly-wearstler/34985.11.0.jpg
08-23-2021 @ 22:50:52 - Attachment ID:452446
08-23-2021 @ 22:50:53 - Row :52 - Product updated successfully.
08-23-2021 @ 22:50:53 - Row :53 - Parsing item.
08-23-2021 @ 22:50:53 - Row :53 - Processing item.
08-23-2021 @ 22:50:53 - Found simple product object. ID:452381
08-23-2021 @ 22:50:53 - Setting Featured Image. URL:https://inspiry.co.nz/wp-content/uploads/2021/kravet&kelly-wearstler/34985.16.0.jpg
08-23-2021 @ 22:50:53 - Attachment ID:452447
08-23-2021 @ 22:50:54 - Row :53 - Product updated successfully.
08-23-2021 @ 22:50:54 - Row :54 - Parsing item.
08-23-2021 @ 22:50:54 - Row :54 - Processing item.
08-23-2021 @ 22:50:54 - Found simple product object. ID:452382
08-23-2021 @ 22:50:54 - Setting Featured Image. URL:https://inspiry.co.nz/wp-content/uploads/2021/kravet&kelly-wearstler/34985.1619.0.jpg
08-23-2021 @ 22:50:55 - Attachment ID:452448
08-23-2021 @ 22:50:55 - Row :54 - Product updated successfully.
08-23-2021 @ 22:50:55 - Row :55 - Parsing item.
08-23-2021 @ 22:50:55 - Row :55 - Processing item.
08-23-2021 @ 22:50:55 - Found simple product object. ID:452383
08-23-2021 @ 22:50:55 - Setting Featured Image. URL:https://inspiry.co.nz/wp-content/uploads/2021/kravet&kelly-wearstler/34985.1635.0.jpg
08-23-2021 @ 22:50:55 - Attachment ID:452449
08-23-2021 @ 22:50:56 - Row :55 - Product updated successfully.
08-23-2021 @ 22:50:56 - Row :56 - Parsing item.
08-23-2021 @ 22:50:56 - Row :56 - Processing item.
08-23-2021 @ 22:50:56 - Found simple product object. ID:452384
08-23-2021 @ 22:50:56 - Setting Featured Image. URL:https://inspiry.co.nz/wp-content/uploads/2021/kravet&kelly-wearstler/34985.23.0.jpg
08-23-2021 @ 22:50:57 - Attachment ID:452450
08-23-2021 @ 22:50:57 - Row :56 - Product updated successfully.
08-23-2021 @ 22:50:57 - Row :57 - Parsing item.
08-23-2021 @ 22:50:57 - Row :57 - Processing item.
08-23-2021 @ 22:50:57 - Found simple product object. ID:452385
08-23-2021 @ 22:50:57 - Setting Featured Image. URL:https://inspiry.co.nz/wp-content/uploads/2021/kravet&kelly-wearstler/34985.50.0.jpg
08-23-2021 @ 22:50:57 - Attachment ID:452451
08-23-2021 @ 22:50:58 - Row :57 - Product updated successfully.
08-23-2021 @ 22:50:58 - Row :58 - Parsing item.
08-23-2021 @ 22:50:58 - Row :58 - Processing item.
08-23-2021 @ 22:50:58 - Found simple product object. ID:452386
08-23-2021 @ 22:50:58 - Setting Featured Image. URL:https://inspiry.co.nz/wp-content/uploads/2021/kravet&kelly-wearstler/34985.816.0.jpg
08-23-2021 @ 22:50:59 - Attachment ID:452452
08-23-2021 @ 22:50:59 - Row :58 - Product updated successfully.
08-23-2021 @ 22:50:59 - Row :59 - Parsing item.
08-23-2021 @ 22:50:59 - Row :59 - Processing item.
08-23-2021 @ 22:50:59 - Found simple product object. ID:452387
08-23-2021 @ 22:50:59 - Setting Featured Image. URL:https://inspiry.co.nz/wp-content/uploads/2021/kravet&kelly-wearstler/34078.11.0.jpg
08-23-2021 @ 22:51:00 - Attachment ID:452453
08-23-2021 @ 22:51:00 - Row :59 - Product updated successfully.
08-23-2021 @ 22:51:00 - Row :60 - Parsing item.
08-23-2021 @ 22:51:00 - Row :60 - Processing item.
08-23-2021 @ 22:51:00 - Found simple product object. ID:452388
08-23-2021 @ 22:51:00 - Setting Featured Image. URL:https://inspiry.co.nz/wp-content/uploads/2021/kravet&kelly-wearstler/34078.15.0.jpg
08-23-2021 @ 22:51:01 - Attachment ID:452454
08-23-2021 @ 22:51:01 - Row :60 - Product updated successfully.
08-23-2021 @ 22:51:03 - Preparing for import.
08-23-2021 @ 22:51:03 - Row :61 - Parsing item.
08-23-2021 @ 22:51:03 - Row :61 - Processing item.
08-23-2021 @ 22:51:03 - Found simple product object. ID:452389
08-23-2021 @ 22:51:03 - Setting Featured Image. URL:https://inspiry.co.nz/wp-content/uploads/2021/kravet&kelly-wearstler/34078.1611.0.jpg
08-23-2021 @ 22:51:03 - Attachment ID:452455
08-23-2021 @ 22:51:04 - Row :61 - Product updated successfully.
08-23-2021 @ 22:51:04 - Row :62 - Parsing item.
08-23-2021 @ 22:51:04 - Row :62 - Processing item.
08-23-2021 @ 22:51:04 - Found simple product object. ID:452390
08-23-2021 @ 22:51:04 - Setting Featured Image. URL:https://inspiry.co.nz/wp-content/uploads/2021/kravet&kelly-wearstler/34078.416.0.jpg
08-23-2021 @ 22:51:05 - Attachment ID:452456
08-23-2021 @ 22:51:05 - Row :62 - Product updated successfully.
08-23-2021 @ 22:51:05 - Row :63 - Parsing item.
08-23-2021 @ 22:51:05 - Row :63 - Processing item.
08-23-2021 @ 22:51:05 - Found simple product object. ID:452391
08-23-2021 @ 22:51:05 - Setting Featured Image. URL:https://inspiry.co.nz/wp-content/uploads/2021/kravet&kelly-wearstler/34078.516.0.jpg
08-23-2021 @ 22:51:06 - Attachment ID:452457
08-23-2021 @ 22:51:07 - Row :63 - Product updated successfully.
08-23-2021 @ 22:51:07 - Row :64 - Parsing item.
08-23-2021 @ 22:51:07 - Row :64 - Processing item.
08-23-2021 @ 22:51:07 - Found simple product object. ID:452392
08-23-2021 @ 22:51:07 - Setting Featured Image. URL:https://inspiry.co.nz/wp-content/uploads/2021/kravet&kelly-wearstler/34078.616.0.jpg
08-23-2021 @ 22:51:07 - Attachment ID:452458
08-23-2021 @ 22:51:08 - Row :64 - Product updated successfully.
08-23-2021 @ 22:51:08 - Row :65 - Parsing item.
08-23-2021 @ 22:51:08 - Row :65 - Processing item.
08-23-2021 @ 22:51:08 - Found simple product object. ID:452393
08-23-2021 @ 22:51:08 - Setting Featured Image. URL:https://inspiry.co.nz/wp-content/uploads/2021/kravet&kelly-wearstler/34078.81.0.jpg
08-23-2021 @ 22:51:08 - Attachment ID:452459
08-23-2021 @ 22:51:09 - Row :65 - Product updated successfully.
08-23-2021 @ 22:51:09 - Row :66 - Parsing item.
08-23-2021 @ 22:51:09 - Row :66 - Processing item.
08-23-2021 @ 22:51:09 - Found simple product object. ID:452394
08-23-2021 @ 22:51:09 - Setting Featured Image. URL:https://inspiry.co.nz/wp-content/uploads/2021/kravet&kelly-wearstler/34078.716.0.jpg
08-23-2021 @ 22:51:10 - Attachment ID:452460
08-23-2021 @ 22:51:10 - Row :66 - Product updated successfully.
08-23-2021 @ 22:51:10 - ---[ Import ended at 2021-08-23 10:51:10]---
