08-26-2021 @ 20:51:49 - ---[ New import started at 2021-08-26 08:51:49 ] PHP Memory: 768 MB, WP Memory: 40 MB
08-26-2021 @ 20:51:49 - Preparing for import.
08-26-2021 @ 20:51:49 - Row :1 - Parsing item.
08-26-2021 @ 20:51:49 - Row :1 - Processing item.
08-26-2021 @ 20:51:49 - Found simple product object. ID:452595
08-26-2021 @ 20:51:49 - Setting Featured Image. URL:https://inspiry.co.nz/wp-content/uploads/2021/Basford-Brands/BAS-FOR 137UNCNA.jpg
08-26-2021 @ 20:51:52 - Attachment ID:452674
08-26-2021 @ 20:51:53 - Row :1 - Product updated successfully.
08-26-2021 @ 20:51:53 - Row :2 - Parsing item.
08-26-2021 @ 20:51:53 - Row :2 - Processing item.
08-26-2021 @ 20:51:53 - Found simple product object. ID:452596
08-26-2021 @ 20:51:53 - Setting Featured Image. URL:https://inspiry.co.nz/wp-content/uploads/2021/Basford-Brands/BAS-HAI 145UNCMU.jpg
08-26-2021 @ 20:51:54 - Attachment ID:452675
08-26-2021 @ 20:51:55 - Row :2 - Product updated successfully.
08-26-2021 @ 20:51:55 - Row :3 - Parsing item.
08-26-2021 @ 20:51:55 - Row :3 - Processing item.
08-26-2021 @ 20:51:55 - Found simple product object. ID:452597
08-26-2021 @ 20:51:55 - Setting Featured Image. URL:https://inspiry.co.nz/wp-content/uploads/2021/Basford-Brands/BAS-LITH 300BL.jpg
08-26-2021 @ 20:51:55 - Attachment ID:452676
08-26-2021 @ 20:51:56 - Row :3 - Product updated successfully.
08-26-2021 @ 20:51:56 - Row :4 - Parsing item.
08-26-2021 @ 20:51:56 - Row :4 - Processing item.
08-26-2021 @ 20:51:56 - Found simple product object. ID:452598
08-26-2021 @ 20:51:56 - Setting Featured Image. URL:https://inspiry.co.nz/wp-content/uploads/2021/Basford-Brands/BAS-LITH 300CL.jpg
08-26-2021 @ 20:51:56 - Attachment ID:452677
08-26-2021 @ 20:51:57 - Row :4 - Product updated successfully.
08-26-2021 @ 20:51:57 - Row :5 - Parsing item.
08-26-2021 @ 20:51:57 - Row :5 - Processing item.
08-26-2021 @ 20:51:57 - Found simple product object. ID:452599
08-26-2021 @ 20:51:57 - Setting Featured Image. URL:https://inspiry.co.nz/wp-content/uploads/2021/Basford-Brands/BAS-LITH 300DU.jpg
08-26-2021 @ 20:52:00 - Attachment ID:452678
08-26-2021 @ 20:52:00 - Row :5 - Product updated successfully.
08-26-2021 @ 20:52:00 - Row :6 - Parsing item.
08-26-2021 @ 20:52:00 - Row :6 - Processing item.
08-26-2021 @ 20:52:00 - Found simple product object. ID:452600
08-26-2021 @ 20:52:00 - Setting Featured Image. URL:https://inspiry.co.nz/wp-content/uploads/2021/Basford-Brands/BAS-LITH 300FL.jpg
08-26-2021 @ 20:52:01 - Attachment ID:452679
08-26-2021 @ 20:52:02 - Row :6 - Product updated successfully.
08-26-2021 @ 20:52:02 - Row :7 - Parsing item.
08-26-2021 @ 20:52:02 - Row :7 - Processing item.
08-26-2021 @ 20:52:02 - Found simple product object. ID:452601
08-26-2021 @ 20:52:02 - Setting Featured Image. URL:https://inspiry.co.nz/wp-content/uploads/2021/Basford-Brands/BAS-LITH 300FO.jpg
08-26-2021 @ 20:52:02 - Attachment ID:452680
08-26-2021 @ 20:52:03 - Row :7 - Product updated successfully.
08-26-2021 @ 20:52:03 - Row :8 - Parsing item.
08-26-2021 @ 20:52:03 - Row :8 - Processing item.
08-26-2021 @ 20:52:03 - Found simple product object. ID:452602
08-26-2021 @ 20:52:03 - Setting Featured Image. URL:https://inspiry.co.nz/wp-content/uploads/2021/Basford-Brands/BAS-LITH 300LI.jpg
08-26-2021 @ 20:52:04 - Attachment ID:452681
08-26-2021 @ 20:52:04 - Row :8 - Product updated successfully.
08-26-2021 @ 20:52:04 - Row :9 - Parsing item.
08-26-2021 @ 20:52:04 - Row :9 - Processing item.
08-26-2021 @ 20:52:04 - Found simple product object. ID:452603
08-26-2021 @ 20:52:04 - Setting Featured Image. URL:https://inspiry.co.nz/wp-content/uploads/2021/Basford-Brands/BAS-LITH 300NA.jpg
08-26-2021 @ 20:52:05 - Attachment ID:452682
08-26-2021 @ 20:52:05 - Row :9 - Product updated successfully.
08-26-2021 @ 20:52:05 - Row :10 - Parsing item.
08-26-2021 @ 20:52:05 - Row :10 - Processing item.
08-26-2021 @ 20:52:05 - Found simple product object. ID:452604
08-26-2021 @ 20:52:05 - Setting Featured Image. URL:https://inspiry.co.nz/wp-content/uploads/2021/Basford-Brands/BAS-LITH 300OV.jpg
08-26-2021 @ 20:52:06 - Attachment ID:452683
08-26-2021 @ 20:52:06 - Row :10 - Product updated successfully.
08-26-2021 @ 20:52:08 - Preparing for import.
08-26-2021 @ 20:52:08 - Row :11 - Parsing item.
08-26-2021 @ 20:52:08 - Row :11 - Processing item.
08-26-2021 @ 20:52:08 - Found simple product object. ID:452605
08-26-2021 @ 20:52:08 - Setting Featured Image. URL:https://inspiry.co.nz/wp-content/uploads/2021/Basford-Brands/BAS-LITH 300PA.jpg
08-26-2021 @ 20:52:09 - Attachment ID:452684
08-26-2021 @ 20:52:09 - Row :11 - Product updated successfully.
08-26-2021 @ 20:52:09 - Row :12 - Parsing item.
08-26-2021 @ 20:52:09 - Row :12 - Processing item.
08-26-2021 @ 20:52:09 - Found simple product object. ID:452606
08-26-2021 @ 20:52:09 - Setting Featured Image. URL:https://inspiry.co.nz/wp-content/uploads/2021/Basford-Brands/BAS-LITH 300SH.jpg
08-26-2021 @ 20:52:10 - Attachment ID:452685
08-26-2021 @ 20:52:11 - Row :12 - Product updated successfully.
08-26-2021 @ 20:52:11 - Row :13 - Parsing item.
08-26-2021 @ 20:52:11 - Row :13 - Processing item.
08-26-2021 @ 20:52:11 - Found simple product object. ID:452607
08-26-2021 @ 20:52:11 - Setting Featured Image. URL:https://inspiry.co.nz/wp-content/uploads/2021/Basford-Brands/BAS-LITH 300SI.jpg
08-26-2021 @ 20:52:13 - Attachment ID:452686
08-26-2021 @ 20:52:14 - Row :13 - Product updated successfully.
08-26-2021 @ 20:52:14 - Row :14 - Parsing item.
08-26-2021 @ 20:52:14 - Row :14 - Processing item.
08-26-2021 @ 20:52:14 - Found simple product object. ID:452608
08-26-2021 @ 20:52:14 - Setting Featured Image. URL:https://inspiry.co.nz/wp-content/uploads/2021/Basford-Brands/BAS-LITH 300SM.jpg
08-26-2021 @ 20:52:16 - Attachment ID:452687
08-26-2021 @ 20:52:17 - Row :14 - Product updated successfully.
08-26-2021 @ 20:52:17 - Row :15 - Parsing item.
08-26-2021 @ 20:52:17 - Row :15 - Processing item.
08-26-2021 @ 20:52:17 - Found simple product object. ID:452609
08-26-2021 @ 20:52:17 - Setting Featured Image. URL:https://inspiry.co.nz/wp-content/uploads/2021/Basford-Brands/BAS-LITH 300SN.jpg
08-26-2021 @ 20:52:19 - Attachment ID:452688
08-26-2021 @ 20:52:20 - Row :15 - Product updated successfully.
08-26-2021 @ 20:52:20 - Row :16 - Parsing item.
08-26-2021 @ 20:52:20 - Row :16 - Processing item.
08-26-2021 @ 20:52:20 - Found simple product object. ID:452611
08-26-2021 @ 20:52:20 - Setting Featured Image. URL:https://inspiry.co.nz/wp-content/uploads/2021/Basford-Brands/BAS-LITH 300SR.jpg
08-26-2021 @ 20:52:20 - Attachment ID:452689
08-26-2021 @ 20:52:21 - Row :16 - Product updated successfully.
08-26-2021 @ 20:52:21 - Row :17 - Parsing item.
08-26-2021 @ 20:52:21 - Row :17 - Processing item.
08-26-2021 @ 20:52:21 - Found simple product object. ID:452612
08-26-2021 @ 20:52:21 - Setting Featured Image. URL:https://inspiry.co.nz/wp-content/uploads/2021/Basford-Brands/BAS-LITH 300ST.jpg
08-26-2021 @ 20:52:21 - Attachment ID:452690
08-26-2021 @ 20:52:22 - Row :17 - Product updated successfully.
08-26-2021 @ 20:52:22 - Row :18 - Parsing item.
08-26-2021 @ 20:52:22 - Row :18 - Processing item.
08-26-2021 @ 20:52:22 - Found simple product object. ID:452613
08-26-2021 @ 20:52:22 - Setting Featured Image. URL:https://inspiry.co.nz/wp-content/uploads/2021/Basford-Brands/BAS-OPUL 320BL.jpg
08-26-2021 @ 20:52:23 - Attachment ID:452691
08-26-2021 @ 20:52:23 - Row :18 - Product updated successfully.
08-26-2021 @ 20:52:23 - Row :19 - Parsing item.
08-26-2021 @ 20:52:23 - Row :19 - Processing item.
08-26-2021 @ 20:52:24 - Found simple product object. ID:452614
08-26-2021 @ 20:52:24 - Setting Featured Image. URL:https://inspiry.co.nz/wp-content/uploads/2021/Basford-Brands/BAS-OPUL 320CH.jpg
08-26-2021 @ 20:52:26 - Attachment ID:452692
08-26-2021 @ 20:52:27 - Row :19 - Product updated successfully.
08-26-2021 @ 20:52:27 - Row :20 - Parsing item.
08-26-2021 @ 20:52:27 - Row :20 - Processing item.
08-26-2021 @ 20:52:27 - Found simple product object. ID:452615
08-26-2021 @ 20:52:27 - Setting Featured Image. URL:https://inspiry.co.nz/wp-content/uploads/2021/Basford-Brands/BAS-OPUL 320IR.jpg
08-26-2021 @ 20:52:27 - Attachment ID:452693
08-26-2021 @ 20:52:28 - Row :20 - Product updated successfully.
08-26-2021 @ 20:52:29 - Preparing for import.
08-26-2021 @ 20:52:29 - Row :21 - Parsing item.
08-26-2021 @ 20:52:29 - Row :21 - Processing item.
08-26-2021 @ 20:52:29 - Found simple product object. ID:452616
08-26-2021 @ 20:52:29 - Setting Featured Image. URL:https://inspiry.co.nz/wp-content/uploads/2021/Basford-Brands/BAS-OPUL 320IV.jpg
08-26-2021 @ 20:52:30 - Attachment ID:452695
08-26-2021 @ 20:52:30 - Row :21 - Product updated successfully.
08-26-2021 @ 20:52:30 - Row :22 - Parsing item.
08-26-2021 @ 20:52:30 - Row :22 - Processing item.
08-26-2021 @ 20:52:30 - Found simple product object. ID:452617
08-26-2021 @ 20:52:30 - Setting Featured Image. URL:https://inspiry.co.nz/wp-content/uploads/2021/Basford-Brands/BAS-OPUL 320LI.jpg
08-26-2021 @ 20:52:31 - Attachment ID:452696
08-26-2021 @ 20:52:31 - Row :22 - Product updated successfully.
08-26-2021 @ 20:52:31 - Row :23 - Parsing item.
08-26-2021 @ 20:52:31 - Row :23 - Processing item.
08-26-2021 @ 20:52:31 - Found simple product object. ID:452618
08-26-2021 @ 20:52:31 - Setting Featured Image. URL:https://inspiry.co.nz/wp-content/uploads/2021/Basford-Brands/BAS-OPUL 320ME.jpg
08-26-2021 @ 20:52:34 - Attachment ID:452697
08-26-2021 @ 20:52:34 - Row :23 - Product updated successfully.
08-26-2021 @ 20:52:34 - Row :24 - Parsing item.
08-26-2021 @ 20:52:34 - Row :24 - Processing item.
08-26-2021 @ 20:52:34 - Found simple product object. ID:452620
08-26-2021 @ 20:52:34 - Setting Featured Image. URL:https://inspiry.co.nz/wp-content/uploads/2021/Basford-Brands/BAS-OPUL 320SI.jpg
08-26-2021 @ 20:52:35 - Attachment ID:452698
08-26-2021 @ 20:52:35 - Row :24 - Product updated successfully.
08-26-2021 @ 20:52:35 - Row :25 - Parsing item.
08-26-2021 @ 20:52:35 - Row :25 - Processing item.
08-26-2021 @ 20:52:35 - Found simple product object. ID:452621
08-26-2021 @ 20:52:35 - Setting Featured Image. URL:https://inspiry.co.nz/wp-content/uploads/2021/Basford-Brands/BAS-OPUL 320ST.jpg
08-26-2021 @ 20:52:36 - Attachment ID:452699
08-26-2021 @ 20:52:36 - Row :25 - Product updated successfully.
08-26-2021 @ 20:52:36 - Row :26 - Parsing item.
08-26-2021 @ 20:52:36 - Row :26 - Processing item.
08-26-2021 @ 20:52:36 - Found simple product object. ID:452622
08-26-2021 @ 20:52:36 - Setting Featured Image. URL:https://inspiry.co.nz/wp-content/uploads/2021/Basford-Brands/BAS-OPUL 320TA.jpg
08-26-2021 @ 20:52:37 - Attachment ID:452700
08-26-2021 @ 20:52:38 - Row :26 - Product updated successfully.
08-26-2021 @ 20:52:38 - Row :27 - Parsing item.
08-26-2021 @ 20:52:38 - Row :27 - Processing item.
08-26-2021 @ 20:52:38 - Found simple product object. ID:452623
08-26-2021 @ 20:52:38 - Setting Featured Image. URL:https://inspiry.co.nz/wp-content/uploads/2021/Basford-Brands/BAS-OPUL 320WH.jpg
08-26-2021 @ 20:52:38 - Attachment ID:452701
08-26-2021 @ 20:52:39 - Row :27 - Product updated successfully.
08-26-2021 @ 20:52:39 - Row :28 - Parsing item.
08-26-2021 @ 20:52:39 - Row :28 - Processing item.
08-26-2021 @ 20:52:39 - Found simple product object. ID:452624
08-26-2021 @ 20:52:39 - Setting Featured Image. URL:https://inspiry.co.nz/wp-content/uploads/2021/Basford-Brands/BAS-REJU 320CL.jpg
08-26-2021 @ 20:52:41 - URL:https://inspiry.co.nz/wp-content/uploads/2021/Basford-Brands/BAS-REJU 320CL.jpg Reason:Error getting remote image https://inspiry.co.nz/wp-content/uploads/2021/Basford-Brands/BAS-REJU%20320CL.jpg. Error: cURL error 56: OpenSSL SSL_read: SSL_ERROR_SYSCALL, errno 104
08-26-2021 @ 20:52:41 - Row :28 - Product updated successfully.
08-26-2021 @ 20:52:41 - Row :29 - Parsing item.
08-26-2021 @ 20:52:41 - Row :29 - Processing item.
08-26-2021 @ 20:52:41 - Found simple product object. ID:452625
08-26-2021 @ 20:52:41 - Setting Featured Image. URL:https://inspiry.co.nz/wp-content/uploads/2021/Basford-Brands/BAS-REJU 320GR.jpg
08-26-2021 @ 20:52:42 - Attachment ID:452703
08-26-2021 @ 20:52:42 - Row :29 - Product updated successfully.
08-26-2021 @ 20:52:42 - Row :30 - Parsing item.
08-26-2021 @ 20:52:42 - Row :30 - Processing item.
08-26-2021 @ 20:52:42 - Found simple product object. ID:452626
08-26-2021 @ 20:52:42 - Setting Featured Image. URL:https://inspiry.co.nz/wp-content/uploads/2021/Basford-Brands/BAS-REJU 320JE.jpg
08-26-2021 @ 20:52:43 - Attachment ID:452704
08-26-2021 @ 20:52:43 - Row :30 - Product updated successfully.
08-26-2021 @ 20:52:46 - Preparing for import.
08-26-2021 @ 20:52:46 - Row :31 - Parsing item.
08-26-2021 @ 20:52:46 - Row :31 - Processing item.
08-26-2021 @ 20:52:46 - Found simple product object. ID:452627
08-26-2021 @ 20:52:46 - Setting Featured Image. URL:https://inspiry.co.nz/wp-content/uploads/2021/Basford-Brands/BAS-REJU 320LI.jpg
08-26-2021 @ 20:52:46 - Attachment ID:452705
08-26-2021 @ 20:52:47 - Row :31 - Product updated successfully.
08-26-2021 @ 20:52:47 - Row :32 - Parsing item.
08-26-2021 @ 20:52:47 - Row :32 - Processing item.
08-26-2021 @ 20:52:47 - Found simple product object. ID:452628
08-26-2021 @ 20:52:47 - Setting Featured Image. URL:https://inspiry.co.nz/wp-content/uploads/2021/Basford-Brands/BAS-REJU 320MA.jpg
08-26-2021 @ 20:52:47 - Attachment ID:452706
08-26-2021 @ 20:52:48 - Row :32 - Product updated successfully.
08-26-2021 @ 20:52:48 - Row :33 - Parsing item.
08-26-2021 @ 20:52:48 - Row :33 - Processing item.
08-26-2021 @ 20:52:48 - Found simple product object. ID:452629
08-26-2021 @ 20:52:48 - Setting Featured Image. URL:https://inspiry.co.nz/wp-content/uploads/2021/Basford-Brands/BAS-REJU 320PA.jpg
08-26-2021 @ 20:52:49 - Attachment ID:452707
08-26-2021 @ 20:52:49 - Row :33 - Product updated successfully.
08-26-2021 @ 20:52:49 - Row :34 - Parsing item.
08-26-2021 @ 20:52:49 - Row :34 - Processing item.
08-26-2021 @ 20:52:49 - Found simple product object. ID:452630
08-26-2021 @ 20:52:49 - Setting Featured Image. URL:https://inspiry.co.nz/wp-content/uploads/2021/Basford-Brands/BAS-REJU 320SH.jpg
08-26-2021 @ 20:52:50 - Attachment ID:452708
08-26-2021 @ 20:52:51 - Row :34 - Product updated successfully.
08-26-2021 @ 20:52:51 - Row :35 - Parsing item.
08-26-2021 @ 20:52:51 - Row :35 - Processing item.
08-26-2021 @ 20:52:51 - Found simple product object. ID:452631
08-26-2021 @ 20:52:51 - Setting Featured Image. URL:https://inspiry.co.nz/wp-content/uploads/2021/Basford-Brands/BAS-REJU 320SR.jpg
08-26-2021 @ 20:52:51 - Attachment ID:452709
08-26-2021 @ 20:52:51 - Row :35 - Product updated successfully.
08-26-2021 @ 20:52:51 - Row :36 - Parsing item.
08-26-2021 @ 20:52:51 - Row :36 - Processing item.
08-26-2021 @ 20:52:51 - Found simple product object. ID:452632
08-26-2021 @ 20:52:52 - Setting Featured Image. URL:https://inspiry.co.nz/wp-content/uploads/2021/Basford-Brands/BAS-REJU 320ST.jpg
08-26-2021 @ 20:52:52 - Attachment ID:452710
08-26-2021 @ 20:52:53 - Row :36 - Product updated successfully.
08-26-2021 @ 20:52:53 - Row :37 - Parsing item.
08-26-2021 @ 20:52:53 - Row :37 - Processing item.
08-26-2021 @ 20:52:53 - Found simple product object. ID:452633
08-26-2021 @ 20:52:53 - Setting Featured Image. URL:https://inspiry.co.nz/wp-content/uploads/2021/Basford-Brands/BAS-REJU 320WH.jpg
08-26-2021 @ 20:52:54 - Attachment ID:452711
08-26-2021 @ 20:52:54 - Row :37 - Product updated successfully.
08-26-2021 @ 20:52:54 - Row :38 - Parsing item.
08-26-2021 @ 20:52:54 - Row :38 - Processing item.
08-26-2021 @ 20:52:54 - Found simple product object. ID:452634
08-26-2021 @ 20:52:54 - Setting Featured Image. URL:https://inspiry.co.nz/wp-content/uploads/2021/Basford-Brands/BAS-TAY 300UNCAL.jpg
08-26-2021 @ 20:52:54 - Attachment ID:452712
08-26-2021 @ 20:52:55 - Row :38 - Product updated successfully.
08-26-2021 @ 20:52:55 - Row :39 - Parsing item.
08-26-2021 @ 20:52:55 - Row :39 - Processing item.
08-26-2021 @ 20:52:55 - Found simple product object. ID:452635
08-26-2021 @ 20:52:55 - Setting Featured Image. URL:https://inspiry.co.nz/wp-content/uploads/2021/Basford-Brands/BAS-TAY 300UNCBI.jpg
08-26-2021 @ 20:52:56 - Attachment ID:452713
08-26-2021 @ 20:52:56 - Row :39 - Product updated successfully.
08-26-2021 @ 20:52:56 - Row :40 - Parsing item.
08-26-2021 @ 20:52:56 - Row :40 - Processing item.
08-26-2021 @ 20:52:57 - Found simple product object. ID:452636
08-26-2021 @ 20:52:57 - Setting Featured Image. URL:https://inspiry.co.nz/wp-content/uploads/2021/Basford-Brands/BAS-TAY 300UNCCH.jpg
08-26-2021 @ 20:52:57 - Attachment ID:452714
08-26-2021 @ 20:52:57 - Row :40 - Product updated successfully.
08-26-2021 @ 20:52:59 - Preparing for import.
08-26-2021 @ 20:52:59 - Row :41 - Parsing item.
08-26-2021 @ 20:52:59 - Row :41 - Processing item.
08-26-2021 @ 20:52:59 - Found simple product object. ID:452637
08-26-2021 @ 20:52:59 - Setting Featured Image. URL:https://inspiry.co.nz/wp-content/uploads/2021/Basford-Brands/BAS-TAY 300UNCCI.jpg
08-26-2021 @ 20:53:00 - Attachment ID:452715
08-26-2021 @ 20:53:00 - Row :41 - Product updated successfully.
08-26-2021 @ 20:53:00 - Row :42 - Parsing item.
08-26-2021 @ 20:53:00 - Row :42 - Processing item.
08-26-2021 @ 20:53:00 - Found simple product object. ID:452638
08-26-2021 @ 20:53:00 - Setting Featured Image. URL:https://inspiry.co.nz/wp-content/uploads/2021/Basford-Brands/BAS-TAY 300UNCDU.jpg
08-26-2021 @ 20:53:01 - Attachment ID:452716
08-26-2021 @ 20:53:02 - Row :42 - Product updated successfully.
08-26-2021 @ 20:53:02 - Row :43 - Parsing item.
08-26-2021 @ 20:53:02 - Row :43 - Processing item.
08-26-2021 @ 20:53:02 - Found simple product object. ID:452639
08-26-2021 @ 20:53:02 - Setting Featured Image. URL:https://inspiry.co.nz/wp-content/uploads/2021/Basford-Brands/BAS-TAY 300UNCMA.jpg
08-26-2021 @ 20:53:03 - Attachment ID:452717
08-26-2021 @ 20:53:03 - Row :43 - Product updated successfully.
08-26-2021 @ 20:53:03 - Row :44 - Parsing item.
08-26-2021 @ 20:53:03 - Row :44 - Processing item.
08-26-2021 @ 20:53:03 - Found simple product object. ID:452640
08-26-2021 @ 20:53:03 - Setting Featured Image. URL:https://inspiry.co.nz/wp-content/uploads/2021/Basford-Brands/BAS-TAY 300UNCMI.jpg
08-26-2021 @ 20:53:04 - Attachment ID:452718
08-26-2021 @ 20:53:05 - Row :44 - Product updated successfully.
08-26-2021 @ 20:53:05 - Row :45 - Parsing item.
08-26-2021 @ 20:53:05 - Row :45 - Processing item.
08-26-2021 @ 20:53:05 - Found simple product object. ID:452641
08-26-2021 @ 20:53:05 - Setting Featured Image. URL:https://inspiry.co.nz/wp-content/uploads/2021/Basford-Brands/BAS-TAY 300UNCNA.jpg
08-26-2021 @ 20:53:05 - Attachment ID:452719
08-26-2021 @ 20:53:06 - Row :45 - Product updated successfully.
08-26-2021 @ 20:53:06 - Row :46 - Parsing item.
08-26-2021 @ 20:53:06 - Row :46 - Processing item.
08-26-2021 @ 20:53:06 - Found simple product object. ID:452642
08-26-2021 @ 20:53:06 - Setting Featured Image. URL:https://inspiry.co.nz/wp-content/uploads/2021/Basford-Brands/BAS-TAY 300UNCPA.jpg
08-26-2021 @ 20:53:06 - Attachment ID:452720
08-26-2021 @ 20:53:07 - Row :46 - Product updated successfully.
08-26-2021 @ 20:53:07 - Row :47 - Parsing item.
08-26-2021 @ 20:53:07 - Row :47 - Processing item.
08-26-2021 @ 20:53:07 - Found simple product object. ID:452643
08-26-2021 @ 20:53:07 - Setting Featured Image. URL:https://inspiry.co.nz/wp-content/uploads/2021/Basford-Brands/BAS-TAY 300UNCPC.jpg
08-26-2021 @ 20:53:08 - Attachment ID:452721
08-26-2021 @ 20:53:08 - Row :47 - Product updated successfully.
08-26-2021 @ 20:53:08 - Row :48 - Parsing item.
08-26-2021 @ 20:53:08 - Row :48 - Processing item.
08-26-2021 @ 20:53:08 - Found simple product object. ID:452644
08-26-2021 @ 20:53:08 - Setting Featured Image. URL:https://inspiry.co.nz/wp-content/uploads/2021/Basford-Brands/BAS-TAY 300UNCPE.jpg
08-26-2021 @ 20:53:09 - Attachment ID:452722
08-26-2021 @ 20:53:09 - Row :48 - Product updated successfully.
08-26-2021 @ 20:53:09 - Row :49 - Parsing item.
08-26-2021 @ 20:53:09 - Row :49 - Processing item.
08-26-2021 @ 20:53:09 - Found simple product object. ID:452645
08-26-2021 @ 20:53:09 - Setting Featured Image. URL:https://inspiry.co.nz/wp-content/uploads/2021/Basford-Brands/BAS-TAY 300UNCPO.jpg
08-26-2021 @ 20:53:10 - Attachment ID:452723
08-26-2021 @ 20:53:11 - Row :49 - Product updated successfully.
08-26-2021 @ 20:53:11 - Row :50 - Parsing item.
08-26-2021 @ 20:53:11 - Row :50 - Processing item.
08-26-2021 @ 20:53:11 - Found simple product object. ID:452646
08-26-2021 @ 20:53:11 - Setting Featured Image. URL:https://inspiry.co.nz/wp-content/uploads/2021/Basford-Brands/BAS-TAY 300UNCRU.jpg
08-26-2021 @ 20:53:11 - Attachment ID:452724
08-26-2021 @ 20:53:12 - Row :50 - Product updated successfully.
08-26-2021 @ 20:53:13 - Preparing for import.
08-26-2021 @ 20:53:13 - Row :51 - Parsing item.
08-26-2021 @ 20:53:13 - Row :51 - Processing item.
08-26-2021 @ 20:53:13 - Found simple product object. ID:452647
08-26-2021 @ 20:53:13 - Setting Featured Image. URL:https://inspiry.co.nz/wp-content/uploads/2021/Basford-Brands/BAS-TAY 300UNCSA.jpg
08-26-2021 @ 20:53:14 - Attachment ID:452725
08-26-2021 @ 20:53:15 - Row :51 - Product updated successfully.
08-26-2021 @ 20:53:15 - Row :52 - Parsing item.
08-26-2021 @ 20:53:15 - Row :52 - Processing item.
08-26-2021 @ 20:53:15 - Found simple product object. ID:452648
08-26-2021 @ 20:53:15 - Setting Featured Image. URL:https://inspiry.co.nz/wp-content/uploads/2021/Basford-Brands/BAS-TAY 300UNCSL.jpg
08-26-2021 @ 20:53:15 - Attachment ID:452726
08-26-2021 @ 20:53:16 - Row :52 - Product updated successfully.
08-26-2021 @ 20:53:16 - Row :53 - Parsing item.
08-26-2021 @ 20:53:16 - Row :53 - Processing item.
08-26-2021 @ 20:53:16 - Found simple product object. ID:452649
08-26-2021 @ 20:53:16 - Setting Featured Image. URL:https://inspiry.co.nz/wp-content/uploads/2021/Basford-Brands/BAS-TAY 300UNCSN.jpg
08-26-2021 @ 20:53:16 - Attachment ID:452727
08-26-2021 @ 20:53:17 - Row :53 - Product updated successfully.
08-26-2021 @ 20:53:17 - Row :54 - Parsing item.
08-26-2021 @ 20:53:17 - Row :54 - Processing item.
08-26-2021 @ 20:53:17 - Found simple product object. ID:452650
08-26-2021 @ 20:53:17 - Setting Featured Image. URL:https://inspiry.co.nz/wp-content/uploads/2021/Basford-Brands/BAS-TAY 300UNCST.jpg
08-26-2021 @ 20:53:17 - Attachment ID:452728
08-26-2021 @ 20:53:18 - Row :54 - Product updated successfully.
08-26-2021 @ 20:53:18 - Row :55 - Parsing item.
08-26-2021 @ 20:53:18 - Row :55 - Processing item.
08-26-2021 @ 20:53:18 - Found simple product object. ID:452651
08-26-2021 @ 20:53:18 - Setting Featured Image. URL:https://inspiry.co.nz/wp-content/uploads/2021/Basford-Brands/BAS-UTO 145UNCBK.jpg
08-26-2021 @ 20:53:19 - Attachment ID:452729
08-26-2021 @ 20:53:20 - Row :55 - Product updated successfully.
08-26-2021 @ 20:53:20 - Row :56 - Parsing item.
08-26-2021 @ 20:53:20 - Row :56 - Processing item.
08-26-2021 @ 20:53:20 - Found simple product object. ID:452652
08-26-2021 @ 20:53:20 - Setting Featured Image. URL:https://inspiry.co.nz/wp-content/uploads/2021/Basford-Brands/BAS-UTO 145UNCBL.jpg
08-26-2021 @ 20:53:20 - Attachment ID:452730
08-26-2021 @ 20:53:21 - Row :56 - Product updated successfully.
08-26-2021 @ 20:53:21 - Row :57 - Parsing item.
08-26-2021 @ 20:53:21 - Row :57 - Processing item.
08-26-2021 @ 20:53:21 - Found simple product object. ID:452653
08-26-2021 @ 20:53:21 - Setting Featured Image. URL:https://inspiry.co.nz/wp-content/uploads/2021/Basford-Brands/BAS-UTO 145UNCMI.jpg
08-26-2021 @ 20:53:22 - Attachment ID:452731
08-26-2021 @ 20:53:23 - Row :57 - Product updated successfully.
08-26-2021 @ 20:53:23 - Row :58 - Parsing item.
08-26-2021 @ 20:53:23 - Row :58 - Processing item.
08-26-2021 @ 20:53:23 - Found simple product object. ID:452654
08-26-2021 @ 20:53:23 - Setting Featured Image. URL:https://inspiry.co.nz/wp-content/uploads/2021/Basford-Brands/BAS-UTO 145UNCTR.jpg
08-26-2021 @ 20:53:24 - Attachment ID:452732
08-26-2021 @ 20:53:24 - Row :58 - Product updated successfully.
08-26-2021 @ 20:53:24 - Row :59 - Parsing item.
08-26-2021 @ 20:53:24 - Row :59 - Processing item.
08-26-2021 @ 20:53:24 - Found simple product object. ID:452655
08-26-2021 @ 20:53:24 - Setting Featured Image. URL:https://inspiry.co.nz/wp-content/uploads/2021/Basford-Brands/BAS-WALK 300MU.jpg
08-26-2021 @ 20:53:25 - Attachment ID:452733
08-26-2021 @ 20:53:25 - Row :59 - Product updated successfully.
08-26-2021 @ 20:53:25 - Row :60 - Parsing item.
08-26-2021 @ 20:53:25 - Row :60 - Processing item.
08-26-2021 @ 20:53:25 - Found simple product object. ID:452656
08-26-2021 @ 20:53:25 - Setting Featured Image. URL:https://inspiry.co.nz/wp-content/uploads/2021/Basford-Brands/BAS-WOOL 330BA.jpg
08-26-2021 @ 20:53:26 - Attachment ID:452734
08-26-2021 @ 20:53:27 - Row :60 - Product updated successfully.
08-26-2021 @ 20:53:28 - Preparing for import.
08-26-2021 @ 20:53:28 - Row :61 - Parsing item.
08-26-2021 @ 20:53:28 - Row :61 - Processing item.
08-26-2021 @ 20:53:28 - Found simple product object. ID:452657
08-26-2021 @ 20:53:28 - Setting Featured Image. URL:https://inspiry.co.nz/wp-content/uploads/2021/Basford-Brands/BAS-WOOL 330CL.jpg
08-26-2021 @ 20:53:29 - Attachment ID:452735
08-26-2021 @ 20:53:29 - Row :61 - Product updated successfully.
08-26-2021 @ 20:53:29 - Row :62 - Parsing item.
08-26-2021 @ 20:53:30 - Row :62 - Processing item.
08-26-2021 @ 20:53:30 - Found simple product object. ID:452658
08-26-2021 @ 20:53:30 - Setting Featured Image. URL:https://inspiry.co.nz/wp-content/uploads/2021/Basford-Brands/BAS-WOOL 330DR.jpg
08-26-2021 @ 20:53:30 - Attachment ID:452736
08-26-2021 @ 20:53:31 - Row :62 - Product updated successfully.
08-26-2021 @ 20:53:31 - Row :63 - Parsing item.
08-26-2021 @ 20:53:31 - Row :63 - Processing item.
08-26-2021 @ 20:53:31 - Found simple product object. ID:452659
08-26-2021 @ 20:53:31 - Setting Featured Image. URL:https://inspiry.co.nz/wp-content/uploads/2021/Basford-Brands/BAS-WOOL 330ON.jpg
08-26-2021 @ 20:53:32 - Attachment ID:452737
08-26-2021 @ 20:53:32 - Row :63 - Product updated successfully.
08-26-2021 @ 20:53:32 - Row :64 - Parsing item.
08-26-2021 @ 20:53:32 - Row :64 - Processing item.
08-26-2021 @ 20:53:32 - Found simple product object. ID:452660
08-26-2021 @ 20:53:32 - Setting Featured Image. URL:https://inspiry.co.nz/wp-content/uploads/2021/Basford-Brands/BAS-WOOL 330SA.jpg
08-26-2021 @ 20:53:33 - Attachment ID:452738
08-26-2021 @ 20:53:33 - Row :64 - Product updated successfully.
08-26-2021 @ 20:53:33 - Row :65 - Parsing item.
08-26-2021 @ 20:53:33 - Row :65 - Processing item.
08-26-2021 @ 20:53:33 - Found simple product object. ID:452661
08-26-2021 @ 20:53:33 - Setting Featured Image. URL:https://inspiry.co.nz/wp-content/uploads/2021/Basford-Brands/BAS-WOOL 330SI.jpg
08-26-2021 @ 20:53:34 - Attachment ID:452739
08-26-2021 @ 20:53:34 - Row :65 - Product updated successfully.
08-26-2021 @ 20:53:34 - Row :66 - Parsing item.
08-26-2021 @ 20:53:34 - Row :66 - Processing item.
08-26-2021 @ 20:53:34 - Found simple product object. ID:452663
08-26-2021 @ 20:53:34 - Setting Featured Image. URL:https://inspiry.co.nz/wp-content/uploads/2021/Basford-Brands/BAS-WOOL 330SR.jpg
08-26-2021 @ 20:53:35 - Attachment ID:452740
08-26-2021 @ 20:53:35 - Row :66 - Product updated successfully.
08-26-2021 @ 20:53:35 - Row :67 - Parsing item.
08-26-2021 @ 20:53:35 - Row :67 - Processing item.
08-26-2021 @ 20:53:36 - Found simple product object. ID:452664
08-26-2021 @ 20:53:36 - Setting Featured Image. URL:https://inspiry.co.nz/wp-content/uploads/2021/Basford-Brands/BAS-WOOL 330ST.jpg
08-26-2021 @ 20:53:36 - Attachment ID:452741
08-26-2021 @ 20:53:37 - Row :67 - Product updated successfully.
08-26-2021 @ 20:53:37 - Row :68 - Parsing item.
08-26-2021 @ 20:53:37 - Row :68 - Processing item.
08-26-2021 @ 20:53:37 - Found simple product object. ID:452665
08-26-2021 @ 20:53:37 - Setting Featured Image. URL:https://inspiry.co.nz/wp-content/uploads/2021/Basford-Brands/BAS-SAL 300UNCAR.jpg
08-26-2021 @ 20:53:37 - Attachment ID:452742
08-26-2021 @ 20:53:38 - Row :68 - Product updated successfully.
08-26-2021 @ 20:53:38 - Row :69 - Parsing item.
08-26-2021 @ 20:53:38 - Row :69 - Processing item.
08-26-2021 @ 20:53:38 - Found simple product object. ID:452667
08-26-2021 @ 20:53:38 - Setting Featured Image. URL:https://inspiry.co.nz/wp-content/uploads/2021/Basford-Brands/BAS-SAL 300UNCFL.jpg
08-26-2021 @ 20:53:39 - Attachment ID:452743
08-26-2021 @ 20:53:40 - Row :69 - Product updated successfully.
08-26-2021 @ 20:53:40 - Row :70 - Parsing item.
08-26-2021 @ 20:53:40 - Row :70 - Processing item.
08-26-2021 @ 20:53:40 - Found simple product object. ID:452668
08-26-2021 @ 20:53:40 - Setting Featured Image. URL:https://inspiry.co.nz/wp-content/uploads/2021/Basford-Brands/BAS-SAL 300UNCPE.jpg
08-26-2021 @ 20:53:40 - Attachment ID:452744
08-26-2021 @ 20:53:41 - Row :70 - Product updated successfully.
08-26-2021 @ 20:53:43 - Preparing for import.
08-26-2021 @ 20:53:43 - Row :71 - Parsing item.
08-26-2021 @ 20:53:43 - Row :71 - Processing item.
08-26-2021 @ 20:53:43 - Found simple product object. ID:452669
08-26-2021 @ 20:53:43 - Setting Featured Image. URL:https://inspiry.co.nz/wp-content/uploads/2021/Basford-Brands/BAS-SAL 300UNCSI.jpg
08-26-2021 @ 20:53:44 - Attachment ID:452745
08-26-2021 @ 20:53:44 - Row :71 - Product updated successfully.
08-26-2021 @ 20:53:44 - Row :72 - Parsing item.
08-26-2021 @ 20:53:44 - Row :72 - Processing item.
08-26-2021 @ 20:53:44 - Found simple product object. ID:452670
08-26-2021 @ 20:53:44 - Setting Featured Image. URL:https://inspiry.co.nz/wp-content/uploads/2021/Basford-Brands/BAS-SAL 300UNCVO.jpg
08-26-2021 @ 20:53:45 - Attachment ID:452746
08-26-2021 @ 20:53:46 - Row :72 - Product updated successfully.
08-26-2021 @ 20:53:46 - Row :73 - Parsing item.
08-26-2021 @ 20:53:46 - Row :73 - Processing item.
08-26-2021 @ 20:53:46 - Found simple product object. ID:452671
08-26-2021 @ 20:53:46 - Setting Featured Image. URL:https://inspiry.co.nz/wp-content/uploads/2021/Basford-Brands/BAS-BRA 140UNCRA.jpg
08-26-2021 @ 20:53:46 - Attachment ID:452747
08-26-2021 @ 20:53:47 - Row :73 - Product updated successfully.
08-26-2021 @ 20:53:47 - ---[ Import ended at 2021-08-26 08:53:47]---
