09-04-2021 @ 00:20:41 - ---[ New import started at 2021-09-03 12:20:41 ] PHP Memory: 768 MB, WP Memory: 40 MB
09-04-2021 @ 00:20:41 - Preparing for import.
09-04-2021 @ 00:20:41 - Row :1 - Parsing item.
09-04-2021 @ 00:20:41 - Row :1 - Processing item.
09-04-2021 @ 00:20:41 - Found simple product object. ID:453347
09-04-2021 @ 00:20:41 - Setting Featured Image. URL:https://inspiry.co.nz/wp-content/uploads/2021/eurotech-lighting/ET-LUS1003.jpg
09-04-2021 @ 00:20:41 - Attachment ID:453356
09-04-2021 @ 00:20:42 - Row :1 - Product updated successfully.
09-04-2021 @ 00:20:42 - Row :2 - Parsing item.
09-04-2021 @ 00:20:42 - Row :2 - Processing item.
09-04-2021 @ 00:20:42 - Found simple product object. ID:453348
09-04-2021 @ 00:20:42 - Setting Featured Image. URL:https://inspiry.co.nz/wp-content/uploads/2021/eurotech-lighting/ET-LUS1103.jpg
09-04-2021 @ 00:20:43 - Attachment ID:453357
09-04-2021 @ 00:20:44 - Row :2 - Product updated successfully.
09-04-2021 @ 00:20:44 - Row :3 - Parsing item.
09-04-2021 @ 00:20:44 - Row :3 - Processing item.
09-04-2021 @ 00:20:44 - Found simple product object. ID:453349
09-04-2021 @ 00:20:44 - Setting Featured Image. URL:https://inspiry.co.nz/wp-content/uploads/2021/eurotech-lighting/ET-LUS1104.jpg
09-04-2021 @ 00:20:45 - Attachment ID:453358
09-04-2021 @ 00:20:45 - Row :3 - Product updated successfully.
09-04-2021 @ 00:20:45 - Row :4 - Parsing item.
09-04-2021 @ 00:20:45 - Row :4 - Processing item.
09-04-2021 @ 00:20:45 - Found simple product object. ID:453350
09-04-2021 @ 00:20:45 - Setting Featured Image. URL:https://inspiry.co.nz/wp-content/uploads/2021/eurotech-lighting/ET-LUS1004.jpg
09-04-2021 @ 00:20:46 - Attachment ID:453359
09-04-2021 @ 00:20:47 - Row :4 - Product updated successfully.
09-04-2021 @ 00:20:47 - Row :5 - Parsing item.
09-04-2021 @ 00:20:47 - Row :5 - Processing item.
09-04-2021 @ 00:20:47 - Found simple product object. ID:453351
09-04-2021 @ 00:20:47 - Setting Featured Image. URL:https://inspiry.co.nz/wp-content/uploads/2021/eurotech-lighting/ET-LUS2203-BLK.jpg
09-04-2021 @ 00:20:47 - Attachment ID:453360
09-04-2021 @ 00:20:48 - Row :5 - Product updated successfully.
09-04-2021 @ 00:20:48 - Row :6 - Parsing item.
09-04-2021 @ 00:20:48 - Row :6 - Processing item.
09-04-2021 @ 00:20:48 - Found simple product object. ID:453352
09-04-2021 @ 00:20:48 - Setting Featured Image. URL:https://inspiry.co.nz/wp-content/uploads/2021/eurotech-lighting/ET-LUS2003-BLK.jpg
09-04-2021 @ 00:20:49 - Attachment ID:453361
09-04-2021 @ 00:20:49 - Row :6 - Product updated successfully.
09-04-2021 @ 00:20:49 - Row :7 - Parsing item.
09-04-2021 @ 00:20:50 - Row :7 - Processing item.
09-04-2021 @ 00:20:50 - Found simple product object. ID:453353
09-04-2021 @ 00:20:50 - Setting Featured Image. URL:https://inspiry.co.nz/wp-content/uploads/2021/eurotech-lighting/ET-L1092UD.jpg
09-04-2021 @ 00:20:50 - Attachment ID:453362
09-04-2021 @ 00:20:51 - Row :7 - Product updated successfully.
09-04-2021 @ 00:20:51 - Row :8 - Parsing item.
09-04-2021 @ 00:20:51 - Row :8 - Processing item.
09-04-2021 @ 00:20:51 - Found simple product object. ID:453354
09-04-2021 @ 00:20:51 - Setting Featured Image. URL:https://inspiry.co.nz/wp-content/uploads/2021/eurotech-lighting/ET-LUS2004.jpg
09-04-2021 @ 00:20:52 - Attachment ID:453363
09-04-2021 @ 00:20:52 - Row :8 - Product updated successfully.
09-04-2021 @ 00:20:52 - Row :9 - Parsing item.
09-04-2021 @ 00:20:52 - Row :9 - Processing item.
09-04-2021 @ 00:20:52 - Found simple product object. ID:453355
09-04-2021 @ 00:20:52 - Setting Featured Image. URL:https://inspiry.co.nz/wp-content/uploads/2021/eurotech-lighting/ET-LUS2004-L.jpg
09-04-2021 @ 00:20:53 - URL:https://inspiry.co.nz/wp-content/uploads/2021/eurotech-lighting/ET-LUS2004-L.jpg Reason:Error getting remote image https://inspiry.co.nz/wp-content/uploads/2021/eurotech-lighting/ET-LUS2004-L.jpg. Error: Not Found
09-04-2021 @ 00:20:54 - Row :9 - Product updated successfully.
09-04-2021 @ 00:20:54 - ---[ Import ended at 2021-09-03 12:20:54]---
