09-05-2021 @ 04:22:46 - ---[ New import started at 2021-09-04 16:22:46 ] PHP Memory: 768 MB, WP Memory: 40 MB
09-05-2021 @ 04:22:46 - Preparing for import.
09-05-2021 @ 04:22:46 - Row :1 - Parsing item.
09-05-2021 @ 04:22:46 - Row :1 - Processing item.
09-05-2021 @ 04:22:46 - Found simple product object. ID:453388
09-05-2021 @ 04:22:46 - Setting Featured Image. URL:https://inspiry.co.nz/wp-content/uploads/2021/khroma/ZO-CAB001.jpg
09-05-2021 @ 04:22:47 - Attachment ID:453595
09-05-2021 @ 04:22:47 - Setting Gallery Images.
09-05-2021 @ 04:22:47 - Image URL:https://inspiry.co.nz/wp-content/uploads/2021/khroma/ZO-CAB001-1.jpg
09-05-2021 @ 04:22:51 - Attachment ID:453596
09-05-2021 @ 04:22:51 - Image URL:https://inspiry.co.nz/wp-content/uploads/2021/khroma/ZO-CAB001-2.jpg
09-05-2021 @ 04:22:54 - URL:https://inspiry.co.nz/wp-content/uploads/2021/khroma/ZO-CAB001-2.jpg Reason:Error getting remote image https://inspiry.co.nz/wp-content/uploads/2021/khroma/ZO-CAB001-2.jpg. Error: Not Found
09-05-2021 @ 04:22:54 - Image URL:https://inspiry.co.nz/wp-content/uploads/2021/khroma/ZO-CAB001-3.jpg
09-05-2021 @ 04:22:55 - URL:https://inspiry.co.nz/wp-content/uploads/2021/khroma/ZO-CAB001-3.jpg Reason:Error getting remote image https://inspiry.co.nz/wp-content/uploads/2021/khroma/ZO-CAB001-3.jpg. Error: Not Found
09-05-2021 @ 04:22:55 - Image URL:https://inspiry.co.nz/wp-content/uploads/2021/khroma/ZO-CAB001-4.jpg
09-05-2021 @ 04:22:57 - URL:https://inspiry.co.nz/wp-content/uploads/2021/khroma/ZO-CAB001-4.jpg Reason:Error getting remote image https://inspiry.co.nz/wp-content/uploads/2021/khroma/ZO-CAB001-4.jpg. Error: Not Found
09-05-2021 @ 04:22:57 - Row :1 - Product updated successfully.
09-05-2021 @ 04:22:57 - Row :2 - Parsing item.
09-05-2021 @ 04:22:57 - Row :2 - Processing item.
09-05-2021 @ 04:22:57 - Found simple product object. ID:453389
09-05-2021 @ 04:22:57 - Setting Featured Image. URL:https://inspiry.co.nz/wp-content/uploads/2021/khroma/ZO-CAB002.jpg
09-05-2021 @ 04:22:59 - Attachment ID:453597
09-05-2021 @ 04:22:59 - Setting Gallery Images.
09-05-2021 @ 04:22:59 - Image URL:https://inspiry.co.nz/wp-content/uploads/2021/khroma/ZO-CAB002-1.jpg
09-05-2021 @ 04:23:01 - URL:https://inspiry.co.nz/wp-content/uploads/2021/khroma/ZO-CAB002-1.jpg Reason:Error getting remote image https://inspiry.co.nz/wp-content/uploads/2021/khroma/ZO-CAB002-1.jpg. Error: Not Found
09-05-2021 @ 04:23:01 - Image URL:https://inspiry.co.nz/wp-content/uploads/2021/khroma/ZO-CAB002-2.jpg
09-05-2021 @ 04:23:03 - URL:https://inspiry.co.nz/wp-content/uploads/2021/khroma/ZO-CAB002-2.jpg Reason:Error getting remote image https://inspiry.co.nz/wp-content/uploads/2021/khroma/ZO-CAB002-2.jpg. Error: Not Found
09-05-2021 @ 04:23:03 - Image URL:https://inspiry.co.nz/wp-content/uploads/2021/khroma/ZO-CAB002-3.jpg
09-05-2021 @ 04:23:06 - URL:https://inspiry.co.nz/wp-content/uploads/2021/khroma/ZO-CAB002-3.jpg Reason:Error getting remote image https://inspiry.co.nz/wp-content/uploads/2021/khroma/ZO-CAB002-3.jpg. Error: Not Found
09-05-2021 @ 04:23:06 - Image URL:https://inspiry.co.nz/wp-content/uploads/2021/khroma/ZO-CAB002-4.jpg
09-05-2021 @ 04:23:08 - URL:https://inspiry.co.nz/wp-content/uploads/2021/khroma/ZO-CAB002-4.jpg Reason:Error getting remote image https://inspiry.co.nz/wp-content/uploads/2021/khroma/ZO-CAB002-4.jpg. Error: Not Found
09-05-2021 @ 04:23:08 - Row :2 - Product updated successfully.
09-05-2021 @ 04:23:08 - Row :3 - Parsing item.
09-05-2021 @ 04:23:08 - Row :3 - Processing item.
09-05-2021 @ 04:23:08 - Found simple product object. ID:453390
09-05-2021 @ 04:23:08 - Setting Featured Image. URL:https://inspiry.co.nz/wp-content/uploads/2021/khroma/ZO-CAB003.jpg
09-05-2021 @ 04:23:10 - Attachment ID:453598
09-05-2021 @ 04:23:10 - Setting Gallery Images.
09-05-2021 @ 04:23:10 - Image URL:https://inspiry.co.nz/wp-content/uploads/2021/khroma/ZO-CAB003-1.jpg
09-05-2021 @ 04:23:12 - URL:https://inspiry.co.nz/wp-content/uploads/2021/khroma/ZO-CAB003-1.jpg Reason:Error getting remote image https://inspiry.co.nz/wp-content/uploads/2021/khroma/ZO-CAB003-1.jpg. Error: Not Found
09-05-2021 @ 04:23:12 - Image URL:https://inspiry.co.nz/wp-content/uploads/2021/khroma/ZO-CAB003-2.jpg
09-05-2021 @ 04:23:14 - URL:https://inspiry.co.nz/wp-content/uploads/2021/khroma/ZO-CAB003-2.jpg Reason:Error getting remote image https://inspiry.co.nz/wp-content/uploads/2021/khroma/ZO-CAB003-2.jpg. Error: Not Found
09-05-2021 @ 04:23:14 - Image URL:https://inspiry.co.nz/wp-content/uploads/2021/khroma/ZO-CAB003-3.jpg
09-05-2021 @ 04:23:15 - URL:https://inspiry.co.nz/wp-content/uploads/2021/khroma/ZO-CAB003-3.jpg Reason:Error getting remote image https://inspiry.co.nz/wp-content/uploads/2021/khroma/ZO-CAB003-3.jpg. Error: Not Found
09-05-2021 @ 04:23:15 - Image URL:https://inspiry.co.nz/wp-content/uploads/2021/khroma/ZO-CAB003-4.jpg
09-05-2021 @ 04:23:16 - URL:https://inspiry.co.nz/wp-content/uploads/2021/khroma/ZO-CAB003-4.jpg Reason:Error getting remote image https://inspiry.co.nz/wp-content/uploads/2021/khroma/ZO-CAB003-4.jpg. Error: Not Found
09-05-2021 @ 04:23:16 - Row :3 - Product updated successfully.
09-05-2021 @ 04:23:16 - Row :4 - Parsing item.
09-05-2021 @ 04:23:16 - Row :4 - Processing item.
09-05-2021 @ 04:23:16 - Found simple product object. ID:453391
09-05-2021 @ 04:23:16 - Setting Featured Image. URL:https://inspiry.co.nz/wp-content/uploads/2021/khroma/ZO-CAB004.jpg
09-05-2021 @ 04:23:18 - Attachment ID:453599
09-05-2021 @ 04:23:18 - Setting Gallery Images.
09-05-2021 @ 04:23:18 - Image URL:https://inspiry.co.nz/wp-content/uploads/2021/khroma/ZO-CAB004-1.jpg
09-05-2021 @ 04:23:19 - URL:https://inspiry.co.nz/wp-content/uploads/2021/khroma/ZO-CAB004-1.jpg Reason:Error getting remote image https://inspiry.co.nz/wp-content/uploads/2021/khroma/ZO-CAB004-1.jpg. Error: Not Found
09-05-2021 @ 04:23:19 - Image URL:https://inspiry.co.nz/wp-content/uploads/2021/khroma/ZO-CAB004-2.jpg
09-05-2021 @ 04:23:22 - URL:https://inspiry.co.nz/wp-content/uploads/2021/khroma/ZO-CAB004-2.jpg Reason:Error getting remote image https://inspiry.co.nz/wp-content/uploads/2021/khroma/ZO-CAB004-2.jpg. Error: Not Found
09-05-2021 @ 04:23:22 - Image URL:https://inspiry.co.nz/wp-content/uploads/2021/khroma/ZO-CAB004-3.jpg
09-05-2021 @ 04:23:23 - URL:https://inspiry.co.nz/wp-content/uploads/2021/khroma/ZO-CAB004-3.jpg Reason:Error getting remote image https://inspiry.co.nz/wp-content/uploads/2021/khroma/ZO-CAB004-3.jpg. Error: Not Found
09-05-2021 @ 04:23:23 - Image URL:https://inspiry.co.nz/wp-content/uploads/2021/khroma/ZO-CAB004-4.jpg
09-05-2021 @ 04:23:24 - URL:https://inspiry.co.nz/wp-content/uploads/2021/khroma/ZO-CAB004-4.jpg Reason:Error getting remote image https://inspiry.co.nz/wp-content/uploads/2021/khroma/ZO-CAB004-4.jpg. Error: Not Found
09-05-2021 @ 04:23:25 - Row :4 - Product updated successfully.
09-05-2021 @ 04:23:25 - Row :5 - Parsing item.
09-05-2021 @ 04:23:25 - Row :5 - Processing item.
09-05-2021 @ 04:23:25 - Found simple product object. ID:453392
09-05-2021 @ 04:23:25 - Setting Featured Image. URL:https://inspiry.co.nz/wp-content/uploads/2021/khroma/ZO-CAB005.jpg
09-05-2021 @ 04:23:29 - Attachment ID:453600
09-05-2021 @ 04:23:29 - Setting Gallery Images.
09-05-2021 @ 04:23:29 - Image URL:https://inspiry.co.nz/wp-content/uploads/2021/khroma/ZO-CAB005-1.jpg
09-05-2021 @ 04:23:33 - Attachment ID:453601
09-05-2021 @ 04:23:33 - Image URL:https://inspiry.co.nz/wp-content/uploads/2021/khroma/ZO-CAB005-2.jpg
09-05-2021 @ 04:23:35 - URL:https://inspiry.co.nz/wp-content/uploads/2021/khroma/ZO-CAB005-2.jpg Reason:Error getting remote image https://inspiry.co.nz/wp-content/uploads/2021/khroma/ZO-CAB005-2.jpg. Error: Not Found
09-05-2021 @ 04:23:35 - Image URL:https://inspiry.co.nz/wp-content/uploads/2021/khroma/ZO-CAB005-3.jpg
09-05-2021 @ 04:23:37 - URL:https://inspiry.co.nz/wp-content/uploads/2021/khroma/ZO-CAB005-3.jpg Reason:Error getting remote image https://inspiry.co.nz/wp-content/uploads/2021/khroma/ZO-CAB005-3.jpg. Error: Not Found
09-05-2021 @ 04:23:37 - Image URL:https://inspiry.co.nz/wp-content/uploads/2021/khroma/ZO-CAB005-4.jpg
09-05-2021 @ 04:23:39 - URL:https://inspiry.co.nz/wp-content/uploads/2021/khroma/ZO-CAB005-4.jpg Reason:Error getting remote image https://inspiry.co.nz/wp-content/uploads/2021/khroma/ZO-CAB005-4.jpg. Error: Not Found
09-05-2021 @ 04:23:40 - Row :5 - Product updated successfully.
09-05-2021 @ 04:23:40 - Row :6 - Parsing item.
09-05-2021 @ 04:23:40 - Row :6 - Processing item.
09-05-2021 @ 04:23:40 - Found simple product object. ID:453393
09-05-2021 @ 04:23:40 - Setting Featured Image. URL:https://inspiry.co.nz/wp-content/uploads/2021/khroma/ZO-CAB006.jpg
09-05-2021 @ 04:23:45 - Attachment ID:453602
09-05-2021 @ 04:23:45 - Setting Gallery Images.
09-05-2021 @ 04:23:45 - Image URL:https://inspiry.co.nz/wp-content/uploads/2021/khroma/ZO-CAB006-1.jpg
09-05-2021 @ 04:23:49 - Attachment ID:453603
09-05-2021 @ 04:23:49 - Image URL:https://inspiry.co.nz/wp-content/uploads/2021/khroma/ZO-CAB006-2.jpg
09-05-2021 @ 04:23:52 - URL:https://inspiry.co.nz/wp-content/uploads/2021/khroma/ZO-CAB006-2.jpg Reason:Error getting remote image https://inspiry.co.nz/wp-content/uploads/2021/khroma/ZO-CAB006-2.jpg. Error: Not Found
09-05-2021 @ 04:23:52 - Image URL:https://inspiry.co.nz/wp-content/uploads/2021/khroma/ZO-CAB006-3.jpg
09-05-2021 @ 04:23:52 - URL:https://inspiry.co.nz/wp-content/uploads/2021/khroma/ZO-CAB006-3.jpg Reason:Error getting remote image https://inspiry.co.nz/wp-content/uploads/2021/khroma/ZO-CAB006-3.jpg. Error: Not Found
09-05-2021 @ 04:23:52 - Image URL:https://inspiry.co.nz/wp-content/uploads/2021/khroma/ZO-CAB006-4.jpg
09-05-2021 @ 04:23:53 - URL:https://inspiry.co.nz/wp-content/uploads/2021/khroma/ZO-CAB006-4.jpg Reason:Error getting remote image https://inspiry.co.nz/wp-content/uploads/2021/khroma/ZO-CAB006-4.jpg. Error: Not Found
09-05-2021 @ 04:23:54 - Row :6 - Product updated successfully.
09-05-2021 @ 04:23:54 - Row :7 - Parsing item.
09-05-2021 @ 04:23:54 - Row :7 - Processing item.
09-05-2021 @ 04:23:54 - Found simple product object. ID:453394
09-05-2021 @ 04:23:54 - Setting Featured Image. URL:https://inspiry.co.nz/wp-content/uploads/2021/khroma/ZO-CAB007.jpg
09-05-2021 @ 04:23:58 - Attachment ID:453604
09-05-2021 @ 04:23:58 - Setting Gallery Images.
09-05-2021 @ 04:23:58 - Image URL:https://inspiry.co.nz/wp-content/uploads/2021/khroma/ZO-CAB007-1.jpg
09-05-2021 @ 04:23:59 - URL:https://inspiry.co.nz/wp-content/uploads/2021/khroma/ZO-CAB007-1.jpg Reason:Error getting remote image https://inspiry.co.nz/wp-content/uploads/2021/khroma/ZO-CAB007-1.jpg. Error: Not Found
09-05-2021 @ 04:23:59 - Image URL:https://inspiry.co.nz/wp-content/uploads/2021/khroma/ZO-CAB007-2.jpg
09-05-2021 @ 04:24:01 - URL:https://inspiry.co.nz/wp-content/uploads/2021/khroma/ZO-CAB007-2.jpg Reason:Error getting remote image https://inspiry.co.nz/wp-content/uploads/2021/khroma/ZO-CAB007-2.jpg. Error: Not Found
09-05-2021 @ 04:24:01 - Image URL:https://inspiry.co.nz/wp-content/uploads/2021/khroma/ZO-CAB007-3.jpg
09-05-2021 @ 04:24:02 - URL:https://inspiry.co.nz/wp-content/uploads/2021/khroma/ZO-CAB007-3.jpg Reason:Error getting remote image https://inspiry.co.nz/wp-content/uploads/2021/khroma/ZO-CAB007-3.jpg. Error: Not Found
09-05-2021 @ 04:24:02 - Image URL:https://inspiry.co.nz/wp-content/uploads/2021/khroma/ZO-CAB007-4.jpg
09-05-2021 @ 04:24:05 - URL:https://inspiry.co.nz/wp-content/uploads/2021/khroma/ZO-CAB007-4.jpg Reason:Error getting remote image https://inspiry.co.nz/wp-content/uploads/2021/khroma/ZO-CAB007-4.jpg. Error: Not Found
09-05-2021 @ 04:24:06 - Row :7 - Product updated successfully.
09-05-2021 @ 04:24:06 - Row :8 - Parsing item.
09-05-2021 @ 04:24:06 - Row :8 - Processing item.
09-05-2021 @ 04:24:06 - Found simple product object. ID:453395
09-05-2021 @ 04:24:06 - Setting Featured Image. URL:https://inspiry.co.nz/wp-content/uploads/2021/khroma/ZO-CAB101.jpg
09-05-2021 @ 04:24:08 - Attachment ID:453605
09-05-2021 @ 04:24:08 - Setting Gallery Images.
09-05-2021 @ 04:24:08 - Image URL:https://inspiry.co.nz/wp-content/uploads/2021/khroma/ZO-CAB101-1.jpg
09-05-2021 @ 04:24:13 - Attachment ID:453606
09-05-2021 @ 04:24:13 - Image URL:https://inspiry.co.nz/wp-content/uploads/2021/khroma/ZO-CAB101-2.jpg
09-05-2021 @ 04:24:15 - Attachment ID:453607
09-05-2021 @ 04:24:15 - Image URL:https://inspiry.co.nz/wp-content/uploads/2021/khroma/ZO-CAB101-3.jpg
09-05-2021 @ 04:24:16 - URL:https://inspiry.co.nz/wp-content/uploads/2021/khroma/ZO-CAB101-3.jpg Reason:Error getting remote image https://inspiry.co.nz/wp-content/uploads/2021/khroma/ZO-CAB101-3.jpg. Error: Not Found
09-05-2021 @ 04:24:16 - Image URL:https://inspiry.co.nz/wp-content/uploads/2021/khroma/ZO-CAB101-4.jpg
09-05-2021 @ 04:24:18 - URL:https://inspiry.co.nz/wp-content/uploads/2021/khroma/ZO-CAB101-4.jpg Reason:Error getting remote image https://inspiry.co.nz/wp-content/uploads/2021/khroma/ZO-CAB101-4.jpg. Error: Not Found
09-05-2021 @ 04:24:18 - Row :8 - Product updated successfully.
09-05-2021 @ 04:24:18 - Row :9 - Parsing item.
09-05-2021 @ 04:24:18 - Row :9 - Processing item.
09-05-2021 @ 04:24:18 - Found simple product object. ID:453396
09-05-2021 @ 04:24:18 - Setting Featured Image. URL:https://inspiry.co.nz/wp-content/uploads/2021/khroma/ZO-CAB102.jpg
09-05-2021 @ 04:24:20 - Attachment ID:453608
09-05-2021 @ 04:24:20 - Setting Gallery Images.
09-05-2021 @ 04:24:20 - Image URL:https://inspiry.co.nz/wp-content/uploads/2021/khroma/ZO-CAB102-1.jpg
09-05-2021 @ 04:24:24 - Attachment ID:453609
09-05-2021 @ 04:24:24 - Image URL:https://inspiry.co.nz/wp-content/uploads/2021/khroma/ZO-CAB102-2.jpg
09-05-2021 @ 04:24:25 - URL:https://inspiry.co.nz/wp-content/uploads/2021/khroma/ZO-CAB102-2.jpg Reason:Error getting remote image https://inspiry.co.nz/wp-content/uploads/2021/khroma/ZO-CAB102-2.jpg. Error: Not Found
09-05-2021 @ 04:24:25 - Image URL:https://inspiry.co.nz/wp-content/uploads/2021/khroma/ZO-CAB102-3.jpg
09-05-2021 @ 04:24:27 - URL:https://inspiry.co.nz/wp-content/uploads/2021/khroma/ZO-CAB102-3.jpg Reason:Error getting remote image https://inspiry.co.nz/wp-content/uploads/2021/khroma/ZO-CAB102-3.jpg. Error: Not Found
09-05-2021 @ 04:24:27 - Image URL:https://inspiry.co.nz/wp-content/uploads/2021/khroma/ZO-CAB102-4.jpg
09-05-2021 @ 04:24:28 - URL:https://inspiry.co.nz/wp-content/uploads/2021/khroma/ZO-CAB102-4.jpg Reason:Error getting remote image https://inspiry.co.nz/wp-content/uploads/2021/khroma/ZO-CAB102-4.jpg. Error: Not Found
09-05-2021 @ 04:24:28 - Row :9 - Product updated successfully.
09-05-2021 @ 04:24:28 - Row :10 - Parsing item.
09-05-2021 @ 04:24:28 - Row :10 - Processing item.
09-05-2021 @ 04:24:28 - Found simple product object. ID:453397
09-05-2021 @ 04:24:28 - Setting Featured Image. URL:https://inspiry.co.nz/wp-content/uploads/2021/khroma/ZO-CAB103.jpg
09-05-2021 @ 04:24:30 - Attachment ID:453610
09-05-2021 @ 04:24:30 - Setting Gallery Images.
09-05-2021 @ 04:24:30 - Image URL:https://inspiry.co.nz/wp-content/uploads/2021/khroma/ZO-CAB103-1.jpg
09-05-2021 @ 04:24:32 - Attachment ID:453611
09-05-2021 @ 04:24:32 - Image URL:https://inspiry.co.nz/wp-content/uploads/2021/khroma/ZO-CAB103-2.jpg
09-05-2021 @ 04:24:34 - URL:https://inspiry.co.nz/wp-content/uploads/2021/khroma/ZO-CAB103-2.jpg Reason:Error getting remote image https://inspiry.co.nz/wp-content/uploads/2021/khroma/ZO-CAB103-2.jpg. Error: Not Found
09-05-2021 @ 04:24:34 - Image URL:https://inspiry.co.nz/wp-content/uploads/2021/khroma/ZO-CAB103-3.jpg
09-05-2021 @ 04:24:36 - URL:https://inspiry.co.nz/wp-content/uploads/2021/khroma/ZO-CAB103-3.jpg Reason:Error getting remote image https://inspiry.co.nz/wp-content/uploads/2021/khroma/ZO-CAB103-3.jpg. Error: Not Found
09-05-2021 @ 04:24:36 - Image URL:https://inspiry.co.nz/wp-content/uploads/2021/khroma/ZO-CAB103-4.jpg
09-05-2021 @ 04:24:37 - URL:https://inspiry.co.nz/wp-content/uploads/2021/khroma/ZO-CAB103-4.jpg Reason:Error getting remote image https://inspiry.co.nz/wp-content/uploads/2021/khroma/ZO-CAB103-4.jpg. Error: Not Found
09-05-2021 @ 04:24:38 - Row :10 - Product updated successfully.
