09-06-2021 @ 20:26:35 - ---[ New import started at 2021-09-06 08:26:35 ] PHP Memory: 768 MB, WP Memory: 40 MB
09-06-2021 @ 20:26:35 - Preparing for import.
09-06-2021 @ 20:26:35 - Row :1 - Parsing item.
09-06-2021 @ 20:26:35 - Row :1 - Processing item.
09-06-2021 @ 20:26:35 - Found simple product object. ID:453388
09-06-2021 @ 20:26:35 - Setting Featured Image. URL:https://inspiry.co.nz/wp-content/uploads/2020/11/Inspiry_Logo-transparent-1.png
09-06-2021 @ 20:26:36 - Attachment ID:446642
09-06-2021 @ 20:26:37 - Row :1 - Product updated successfully.
09-06-2021 @ 20:26:37 - Row :2 - Parsing item.
09-06-2021 @ 20:26:37 - Row :2 - Processing item.
09-06-2021 @ 20:26:37 - Found simple product object. ID:453389
09-06-2021 @ 20:26:37 - Setting Featured Image. URL:https://inspiry.co.nz/wp-content/uploads/2020/11/Inspiry_Logo-transparent-1.png
09-06-2021 @ 20:26:38 - Attachment ID:446642
09-06-2021 @ 20:26:38 - Row :2 - Product updated successfully.
09-06-2021 @ 20:26:38 - Row :3 - Parsing item.
09-06-2021 @ 20:26:38 - Row :3 - Processing item.
09-06-2021 @ 20:26:38 - Found simple product object. ID:453390
09-06-2021 @ 20:26:38 - Setting Featured Image. URL:https://inspiry.co.nz/wp-content/uploads/2020/11/Inspiry_Logo-transparent-1.png
09-06-2021 @ 20:26:39 - Attachment ID:446642
09-06-2021 @ 20:26:40 - Row :3 - Product updated successfully.
09-06-2021 @ 20:26:40 - Row :4 - Parsing item.
09-06-2021 @ 20:26:40 - Row :4 - Processing item.
09-06-2021 @ 20:26:40 - Found simple product object. ID:453391
09-06-2021 @ 20:26:40 - Setting Featured Image. URL:https://inspiry.co.nz/wp-content/uploads/2020/11/Inspiry_Logo-transparent-1.png
09-06-2021 @ 20:26:40 - Attachment ID:446642
09-06-2021 @ 20:26:41 - Row :4 - Product updated successfully.
09-06-2021 @ 20:26:41 - Row :5 - Parsing item.
09-06-2021 @ 20:26:41 - Row :5 - Processing item.
09-06-2021 @ 20:26:41 - Found simple product object. ID:453392
09-06-2021 @ 20:26:41 - Setting Featured Image. URL:https://inspiry.co.nz/wp-content/uploads/2020/11/Inspiry_Logo-transparent-1.png
09-06-2021 @ 20:26:42 - Attachment ID:446642
09-06-2021 @ 20:26:43 - Row :5 - Product updated successfully.
09-06-2021 @ 20:26:43 - Row :6 - Parsing item.
09-06-2021 @ 20:26:43 - Row :6 - Processing item.
09-06-2021 @ 20:26:43 - Found simple product object. ID:453393
09-06-2021 @ 20:26:43 - Setting Featured Image. URL:https://inspiry.co.nz/wp-content/uploads/2020/11/Inspiry_Logo-transparent-1.png
09-06-2021 @ 20:26:43 - Attachment ID:446642
09-06-2021 @ 20:26:44 - Row :6 - Product updated successfully.
09-06-2021 @ 20:26:44 - Row :7 - Parsing item.
09-06-2021 @ 20:26:44 - Row :7 - Processing item.
09-06-2021 @ 20:26:44 - Found simple product object. ID:453394
09-06-2021 @ 20:26:44 - Setting Featured Image. URL:https://inspiry.co.nz/wp-content/uploads/2020/11/Inspiry_Logo-transparent-1.png
09-06-2021 @ 20:26:45 - Attachment ID:446642
09-06-2021 @ 20:26:46 - Row :7 - Product updated successfully.
09-06-2021 @ 20:26:46 - Row :8 - Parsing item.
09-06-2021 @ 20:26:46 - Row :8 - Processing item.
09-06-2021 @ 20:26:46 - Found simple product object. ID:453395
09-06-2021 @ 20:26:46 - Setting Featured Image. URL:https://inspiry.co.nz/wp-content/uploads/2020/11/Inspiry_Logo-transparent-1.png
09-06-2021 @ 20:26:46 - Attachment ID:446642
09-06-2021 @ 20:26:47 - Row :8 - Product updated successfully.
09-06-2021 @ 20:26:47 - Row :9 - Parsing item.
09-06-2021 @ 20:26:47 - Row :9 - Processing item.
09-06-2021 @ 20:26:47 - Found simple product object. ID:453396
09-06-2021 @ 20:26:47 - Setting Featured Image. URL:https://inspiry.co.nz/wp-content/uploads/2020/11/Inspiry_Logo-transparent-1.png
09-06-2021 @ 20:26:47 - Attachment ID:446642
09-06-2021 @ 20:26:48 - Row :9 - Product updated successfully.
09-06-2021 @ 20:26:48 - Row :10 - Parsing item.
09-06-2021 @ 20:26:48 - Row :10 - Processing item.
09-06-2021 @ 20:26:48 - Found simple product object. ID:453397
09-06-2021 @ 20:26:48 - Setting Featured Image. URL:https://inspiry.co.nz/wp-content/uploads/2020/11/Inspiry_Logo-transparent-1.png
09-06-2021 @ 20:26:49 - Attachment ID:446642
09-06-2021 @ 20:26:49 - Row :10 - Product updated successfully.
09-06-2021 @ 20:26:50 - Preparing for import.
09-06-2021 @ 20:26:50 - Row :11 - Parsing item.
09-06-2021 @ 20:26:50 - Row :11 - Processing item.
09-06-2021 @ 20:26:50 - Found simple product object. ID:453398
09-06-2021 @ 20:26:50 - Setting Featured Image. URL:https://inspiry.co.nz/wp-content/uploads/2020/11/Inspiry_Logo-transparent-1.png
09-06-2021 @ 20:26:51 - Attachment ID:446642
09-06-2021 @ 20:26:51 - Row :11 - Product updated successfully.
09-06-2021 @ 20:26:51 - Row :12 - Parsing item.
09-06-2021 @ 20:26:51 - Row :12 - Processing item.
09-06-2021 @ 20:26:51 - Found simple product object. ID:453399
09-06-2021 @ 20:26:51 - Setting Featured Image. URL:https://inspiry.co.nz/wp-content/uploads/2020/11/Inspiry_Logo-transparent-1.png
09-06-2021 @ 20:26:52 - Attachment ID:446642
09-06-2021 @ 20:26:52 - Row :12 - Product updated successfully.
09-06-2021 @ 20:26:52 - Row :13 - Parsing item.
09-06-2021 @ 20:26:52 - Row :13 - Processing item.
09-06-2021 @ 20:26:52 - Found simple product object. ID:453400
09-06-2021 @ 20:26:52 - Setting Featured Image. URL:https://inspiry.co.nz/wp-content/uploads/2020/11/Inspiry_Logo-transparent-1.png
09-06-2021 @ 20:26:53 - Attachment ID:446642
09-06-2021 @ 20:26:53 - Row :13 - Product updated successfully.
09-06-2021 @ 20:26:53 - Row :14 - Parsing item.
09-06-2021 @ 20:26:53 - Row :14 - Processing item.
09-06-2021 @ 20:26:53 - Found simple product object. ID:453401
09-06-2021 @ 20:26:53 - Setting Featured Image. URL:https://inspiry.co.nz/wp-content/uploads/2020/11/Inspiry_Logo-transparent-1.png
09-06-2021 @ 20:26:54 - Attachment ID:446642
09-06-2021 @ 20:26:55 - Row :14 - Product updated successfully.
09-06-2021 @ 20:26:55 - Row :15 - Parsing item.
09-06-2021 @ 20:26:55 - Row :15 - Processing item.
09-06-2021 @ 20:26:55 - Found simple product object. ID:453402
09-06-2021 @ 20:26:55 - Setting Featured Image. URL:https://inspiry.co.nz/wp-content/uploads/2020/11/Inspiry_Logo-transparent-1.png
09-06-2021 @ 20:26:56 - Attachment ID:446642
09-06-2021 @ 20:26:56 - Row :15 - Product updated successfully.
09-06-2021 @ 20:26:56 - Row :16 - Parsing item.
09-06-2021 @ 20:26:56 - Row :16 - Processing item.
09-06-2021 @ 20:26:56 - Found simple product object. ID:453403
09-06-2021 @ 20:26:56 - Setting Featured Image. URL:https://inspiry.co.nz/wp-content/uploads/2020/11/Inspiry_Logo-transparent-1.png
09-06-2021 @ 20:26:57 - Attachment ID:446642
09-06-2021 @ 20:26:57 - Row :16 - Product updated successfully.
09-06-2021 @ 20:26:57 - Row :17 - Parsing item.
09-06-2021 @ 20:26:57 - Row :17 - Processing item.
09-06-2021 @ 20:26:57 - Found simple product object. ID:453404
09-06-2021 @ 20:26:57 - Setting Featured Image. URL:https://inspiry.co.nz/wp-content/uploads/2020/11/Inspiry_Logo-transparent-1.png
09-06-2021 @ 20:26:58 - Attachment ID:446642
09-06-2021 @ 20:26:58 - Row :17 - Product updated successfully.
09-06-2021 @ 20:26:58 - Row :18 - Parsing item.
09-06-2021 @ 20:26:58 - Row :18 - Processing item.
09-06-2021 @ 20:26:58 - Found simple product object. ID:453405
09-06-2021 @ 20:26:58 - Setting Featured Image. URL:https://inspiry.co.nz/wp-content/uploads/2020/11/Inspiry_Logo-transparent-1.png
09-06-2021 @ 20:26:59 - Attachment ID:446642
09-06-2021 @ 20:27:00 - Row :18 - Product updated successfully.
09-06-2021 @ 20:27:00 - Row :19 - Parsing item.
09-06-2021 @ 20:27:00 - Row :19 - Processing item.
09-06-2021 @ 20:27:00 - Found simple product object. ID:453406
09-06-2021 @ 20:27:00 - Setting Featured Image. URL:https://inspiry.co.nz/wp-content/uploads/2020/11/Inspiry_Logo-transparent-1.png
09-06-2021 @ 20:27:00 - Attachment ID:446642
09-06-2021 @ 20:27:02 - Row :19 - Product updated successfully.
09-06-2021 @ 20:27:02 - Row :20 - Parsing item.
09-06-2021 @ 20:27:02 - Row :20 - Processing item.
09-06-2021 @ 20:27:02 - Found simple product object. ID:453407
09-06-2021 @ 20:27:02 - Setting Featured Image. URL:https://inspiry.co.nz/wp-content/uploads/2020/11/Inspiry_Logo-transparent-1.png
09-06-2021 @ 20:27:03 - Attachment ID:446642
09-06-2021 @ 20:27:03 - Row :20 - Product updated successfully.
09-06-2021 @ 20:27:04 - Preparing for import.
09-06-2021 @ 20:27:04 - Row :21 - Parsing item.
09-06-2021 @ 20:27:04 - Row :21 - Processing item.
09-06-2021 @ 20:27:04 - Found simple product object. ID:453408
09-06-2021 @ 20:27:04 - Setting Featured Image. URL:https://inspiry.co.nz/wp-content/uploads/2020/11/Inspiry_Logo-transparent-1.png
09-06-2021 @ 20:27:05 - Attachment ID:446642
09-06-2021 @ 20:27:06 - Row :21 - Product updated successfully.
09-06-2021 @ 20:27:06 - Row :22 - Parsing item.
09-06-2021 @ 20:27:06 - Row :22 - Processing item.
09-06-2021 @ 20:27:06 - Found simple product object. ID:453409
09-06-2021 @ 20:27:06 - Setting Featured Image. URL:https://inspiry.co.nz/wp-content/uploads/2020/11/Inspiry_Logo-transparent-1.png
09-06-2021 @ 20:27:07 - Attachment ID:446642
09-06-2021 @ 20:27:08 - Row :22 - Product updated successfully.
09-06-2021 @ 20:27:08 - Row :23 - Parsing item.
09-06-2021 @ 20:27:08 - Row :23 - Processing item.
09-06-2021 @ 20:27:08 - Found simple product object. ID:453410
09-06-2021 @ 20:27:08 - Setting Featured Image. URL:https://inspiry.co.nz/wp-content/uploads/2020/11/Inspiry_Logo-transparent-1.png
09-06-2021 @ 20:27:09 - Attachment ID:446642
09-06-2021 @ 20:27:10 - Row :23 - Product updated successfully.
09-06-2021 @ 20:27:10 - Row :24 - Parsing item.
09-06-2021 @ 20:27:10 - Row :24 - Processing item.
09-06-2021 @ 20:27:10 - Found simple product object. ID:453411
09-06-2021 @ 20:27:10 - Setting Featured Image. URL:https://inspiry.co.nz/wp-content/uploads/2020/11/Inspiry_Logo-transparent-1.png
09-06-2021 @ 20:27:11 - Attachment ID:446642
09-06-2021 @ 20:27:11 - Row :24 - Product updated successfully.
09-06-2021 @ 20:27:11 - Row :25 - Parsing item.
09-06-2021 @ 20:27:11 - Row :25 - Processing item.
09-06-2021 @ 20:27:11 - Found simple product object. ID:453412
09-06-2021 @ 20:27:11 - Setting Featured Image. URL:https://inspiry.co.nz/wp-content/uploads/2020/11/Inspiry_Logo-transparent-1.png
09-06-2021 @ 20:27:12 - Attachment ID:446642
09-06-2021 @ 20:27:13 - Row :25 - Product updated successfully.
09-06-2021 @ 20:27:13 - Row :26 - Parsing item.
09-06-2021 @ 20:27:13 - Row :26 - Processing item.
09-06-2021 @ 20:27:13 - Found simple product object. ID:453413
09-06-2021 @ 20:27:13 - Setting Featured Image. URL:https://inspiry.co.nz/wp-content/uploads/2020/11/Inspiry_Logo-transparent-1.png
09-06-2021 @ 20:27:14 - Attachment ID:446642
09-06-2021 @ 20:27:14 - Row :26 - Product updated successfully.
09-06-2021 @ 20:27:14 - Row :27 - Parsing item.
09-06-2021 @ 20:27:14 - Row :27 - Processing item.
09-06-2021 @ 20:27:14 - Found simple product object. ID:453414
09-06-2021 @ 20:27:14 - Setting Featured Image. URL:https://inspiry.co.nz/wp-content/uploads/2020/11/Inspiry_Logo-transparent-1.png
09-06-2021 @ 20:27:15 - Attachment ID:446642
09-06-2021 @ 20:27:15 - Row :27 - Product updated successfully.
09-06-2021 @ 20:27:15 - Row :28 - Parsing item.
09-06-2021 @ 20:27:15 - Row :28 - Processing item.
09-06-2021 @ 20:27:15 - Found simple product object. ID:453415
09-06-2021 @ 20:27:15 - Setting Featured Image. URL:https://inspiry.co.nz/wp-content/uploads/2020/11/Inspiry_Logo-transparent-1.png
09-06-2021 @ 20:27:16 - Attachment ID:446642
09-06-2021 @ 20:27:17 - Row :28 - Product updated successfully.
09-06-2021 @ 20:27:17 - Row :29 - Parsing item.
09-06-2021 @ 20:27:17 - Row :29 - Processing item.
09-06-2021 @ 20:27:17 - Found simple product object. ID:453416
09-06-2021 @ 20:27:17 - Setting Featured Image. URL:https://inspiry.co.nz/wp-content/uploads/2020/11/Inspiry_Logo-transparent-1.png
09-06-2021 @ 20:27:18 - Attachment ID:446642
09-06-2021 @ 20:27:18 - Row :29 - Product updated successfully.
09-06-2021 @ 20:27:18 - Row :30 - Parsing item.
09-06-2021 @ 20:27:18 - Row :30 - Processing item.
09-06-2021 @ 20:27:18 - Found simple product object. ID:453417
09-06-2021 @ 20:27:18 - Setting Featured Image. URL:https://inspiry.co.nz/wp-content/uploads/2020/11/Inspiry_Logo-transparent-1.png
09-06-2021 @ 20:27:19 - Attachment ID:446642
09-06-2021 @ 20:27:20 - Row :30 - Product updated successfully.
09-06-2021 @ 20:27:20 - Preparing for import.
09-06-2021 @ 20:27:20 - Row :31 - Parsing item.
09-06-2021 @ 20:27:20 - Row :31 - Processing item.
09-06-2021 @ 20:27:20 - Found simple product object. ID:453418
09-06-2021 @ 20:27:20 - Setting Featured Image. URL:https://inspiry.co.nz/wp-content/uploads/2020/11/Inspiry_Logo-transparent-1.png
09-06-2021 @ 20:27:21 - Attachment ID:446642
09-06-2021 @ 20:27:22 - Row :31 - Product updated successfully.
09-06-2021 @ 20:27:22 - Row :32 - Parsing item.
09-06-2021 @ 20:27:22 - Row :32 - Processing item.
09-06-2021 @ 20:27:22 - Found simple product object. ID:453419
09-06-2021 @ 20:27:22 - Setting Featured Image. URL:https://inspiry.co.nz/wp-content/uploads/2020/11/Inspiry_Logo-transparent-1.png
09-06-2021 @ 20:27:23 - Attachment ID:446642
09-06-2021 @ 20:27:23 - Row :32 - Product updated successfully.
09-06-2021 @ 20:27:23 - Row :33 - Parsing item.
09-06-2021 @ 20:27:23 - Row :33 - Processing item.
09-06-2021 @ 20:27:23 - Found simple product object. ID:453420
09-06-2021 @ 20:27:23 - Setting Featured Image. URL:https://inspiry.co.nz/wp-content/uploads/2020/11/Inspiry_Logo-transparent-1.png
09-06-2021 @ 20:27:24 - Attachment ID:446642
09-06-2021 @ 20:27:24 - Row :33 - Product updated successfully.
09-06-2021 @ 20:27:24 - Row :34 - Parsing item.
09-06-2021 @ 20:27:24 - Row :34 - Processing item.
09-06-2021 @ 20:27:24 - Found simple product object. ID:453421
09-06-2021 @ 20:27:24 - Setting Featured Image. URL:https://inspiry.co.nz/wp-content/uploads/2020/11/Inspiry_Logo-transparent-1.png
09-06-2021 @ 20:27:25 - Attachment ID:446642
09-06-2021 @ 20:27:26 - Row :34 - Product updated successfully.
09-06-2021 @ 20:27:26 - Row :35 - Parsing item.
09-06-2021 @ 20:27:26 - Row :35 - Processing item.
09-06-2021 @ 20:27:26 - Found simple product object. ID:453422
09-06-2021 @ 20:27:26 - Setting Featured Image. URL:https://inspiry.co.nz/wp-content/uploads/2020/11/Inspiry_Logo-transparent-1.png
09-06-2021 @ 20:27:26 - Attachment ID:446642
09-06-2021 @ 20:27:27 - Row :35 - Product updated successfully.
09-06-2021 @ 20:27:27 - Row :36 - Parsing item.
09-06-2021 @ 20:27:27 - Row :36 - Processing item.
09-06-2021 @ 20:27:27 - Found simple product object. ID:453423
09-06-2021 @ 20:27:27 - Setting Featured Image. URL:https://inspiry.co.nz/wp-content/uploads/2020/11/Inspiry_Logo-transparent-1.png
09-06-2021 @ 20:27:28 - Attachment ID:446642
09-06-2021 @ 20:27:29 - Row :36 - Product updated successfully.
09-06-2021 @ 20:27:29 - Row :37 - Parsing item.
09-06-2021 @ 20:27:29 - Row :37 - Processing item.
09-06-2021 @ 20:27:29 - Found simple product object. ID:453424
09-06-2021 @ 20:27:29 - Setting Featured Image. URL:https://inspiry.co.nz/wp-content/uploads/2020/11/Inspiry_Logo-transparent-1.png
09-06-2021 @ 20:27:29 - Attachment ID:446642
09-06-2021 @ 20:27:30 - Row :37 - Product updated successfully.
09-06-2021 @ 20:27:30 - Row :38 - Parsing item.
09-06-2021 @ 20:27:30 - Row :38 - Processing item.
09-06-2021 @ 20:27:30 - Found simple product object. ID:453425
09-06-2021 @ 20:27:30 - Setting Featured Image. URL:https://inspiry.co.nz/wp-content/uploads/2020/11/Inspiry_Logo-transparent-1.png
09-06-2021 @ 20:27:31 - Attachment ID:446642
09-06-2021 @ 20:27:32 - Row :38 - Product updated successfully.
09-06-2021 @ 20:27:32 - Row :39 - Parsing item.
09-06-2021 @ 20:27:32 - Row :39 - Processing item.
09-06-2021 @ 20:27:32 - Found simple product object. ID:453426
09-06-2021 @ 20:27:32 - Setting Featured Image. URL:https://inspiry.co.nz/wp-content/uploads/2020/11/Inspiry_Logo-transparent-1.png
09-06-2021 @ 20:27:33 - Attachment ID:446642
09-06-2021 @ 20:27:33 - Row :39 - Product updated successfully.
09-06-2021 @ 20:27:33 - Row :40 - Parsing item.
09-06-2021 @ 20:27:33 - Row :40 - Processing item.
09-06-2021 @ 20:27:33 - Found simple product object. ID:453427
09-06-2021 @ 20:27:33 - Setting Featured Image. URL:https://inspiry.co.nz/wp-content/uploads/2020/11/Inspiry_Logo-transparent-1.png
09-06-2021 @ 20:27:34 - Attachment ID:446642
09-06-2021 @ 20:27:34 - Row :40 - Product updated successfully.
09-06-2021 @ 20:27:35 - Preparing for import.
09-06-2021 @ 20:27:35 - Row :41 - Parsing item.
09-06-2021 @ 20:27:35 - Row :41 - Processing item.
09-06-2021 @ 20:27:35 - Found simple product object. ID:453428
09-06-2021 @ 20:27:35 - Setting Featured Image. URL:https://inspiry.co.nz/wp-content/uploads/2020/11/Inspiry_Logo-transparent-1.png
09-06-2021 @ 20:27:36 - Attachment ID:446642
09-06-2021 @ 20:27:36 - Row :41 - Product updated successfully.
09-06-2021 @ 20:27:36 - Row :42 - Parsing item.
09-06-2021 @ 20:27:36 - Row :42 - Processing item.
09-06-2021 @ 20:27:36 - Found simple product object. ID:453429
09-06-2021 @ 20:27:36 - Setting Featured Image. URL:https://inspiry.co.nz/wp-content/uploads/2020/11/Inspiry_Logo-transparent-1.png
09-06-2021 @ 20:27:37 - Attachment ID:446642
09-06-2021 @ 20:27:37 - Row :42 - Product updated successfully.
09-06-2021 @ 20:27:37 - Row :43 - Parsing item.
09-06-2021 @ 20:27:37 - Row :43 - Processing item.
09-06-2021 @ 20:27:37 - Found simple product object. ID:453430
09-06-2021 @ 20:27:37 - Setting Featured Image. URL:https://inspiry.co.nz/wp-content/uploads/2020/11/Inspiry_Logo-transparent-1.png
09-06-2021 @ 20:27:38 - Attachment ID:446642
09-06-2021 @ 20:27:38 - Row :43 - Product updated successfully.
09-06-2021 @ 20:27:38 - Row :44 - Parsing item.
09-06-2021 @ 20:27:38 - Row :44 - Processing item.
09-06-2021 @ 20:27:38 - Found simple product object. ID:453431
09-06-2021 @ 20:27:38 - Setting Featured Image. URL:https://inspiry.co.nz/wp-content/uploads/2020/11/Inspiry_Logo-transparent-1.png
09-06-2021 @ 20:27:39 - Attachment ID:446642
09-06-2021 @ 20:27:40 - Row :44 - Product updated successfully.
09-06-2021 @ 20:27:40 - Row :45 - Parsing item.
09-06-2021 @ 20:27:40 - Row :45 - Processing item.
09-06-2021 @ 20:27:40 - Found simple product object. ID:453432
09-06-2021 @ 20:27:40 - Setting Featured Image. URL:https://inspiry.co.nz/wp-content/uploads/2020/11/Inspiry_Logo-transparent-1.png
09-06-2021 @ 20:27:41 - Attachment ID:446642
09-06-2021 @ 20:27:41 - Row :45 - Product updated successfully.
09-06-2021 @ 20:27:41 - Row :46 - Parsing item.
09-06-2021 @ 20:27:41 - Row :46 - Processing item.
09-06-2021 @ 20:27:41 - Found simple product object. ID:453433
09-06-2021 @ 20:27:41 - Setting Featured Image. URL:https://inspiry.co.nz/wp-content/uploads/2020/11/Inspiry_Logo-transparent-1.png
09-06-2021 @ 20:27:42 - Attachment ID:446642
09-06-2021 @ 20:27:42 - Row :46 - Product updated successfully.
09-06-2021 @ 20:27:42 - Row :47 - Parsing item.
09-06-2021 @ 20:27:42 - Row :47 - Parsing failed. Reason: Skipping new item
09-06-2021 @ 20:27:42 - Row :48 - Parsing item.
09-06-2021 @ 20:27:42 - Row :48 - Parsing failed. Reason: Skipping new item
09-06-2021 @ 20:27:42 - Row :49 - Parsing item.
09-06-2021 @ 20:27:42 - Row :49 - Processing item.
09-06-2021 @ 20:27:42 - Found simple product object. ID:453436
09-06-2021 @ 20:27:42 - Setting Featured Image. URL:https://inspiry.co.nz/wp-content/uploads/2020/11/Inspiry_Logo-transparent-1.png
09-06-2021 @ 20:27:43 - Attachment ID:446642
09-06-2021 @ 20:27:43 - Row :49 - Product updated successfully.
09-06-2021 @ 20:27:43 - Row :50 - Parsing item.
09-06-2021 @ 20:27:43 - Row :50 - Processing item.
09-06-2021 @ 20:27:43 - Found simple product object. ID:453437
09-06-2021 @ 20:27:43 - Setting Featured Image. URL:https://inspiry.co.nz/wp-content/uploads/2020/11/Inspiry_Logo-transparent-1.png
09-06-2021 @ 20:27:44 - Attachment ID:446642
09-06-2021 @ 20:27:45 - Row :50 - Product updated successfully.
09-06-2021 @ 20:27:46 - Preparing for import.
09-06-2021 @ 20:27:46 - Row :51 - Parsing item.
09-06-2021 @ 20:27:46 - Row :51 - Processing item.
09-06-2021 @ 20:27:46 - Found simple product object. ID:453438
09-06-2021 @ 20:27:46 - Setting Featured Image. URL:https://inspiry.co.nz/wp-content/uploads/2020/11/Inspiry_Logo-transparent-1.png
09-06-2021 @ 20:27:47 - Attachment ID:446642
09-06-2021 @ 20:27:47 - Row :51 - Product updated successfully.
09-06-2021 @ 20:27:47 - Row :52 - Parsing item.
09-06-2021 @ 20:27:47 - Row :52 - Processing item.
09-06-2021 @ 20:27:47 - Found simple product object. ID:453439
09-06-2021 @ 20:27:48 - Setting Featured Image. URL:https://inspiry.co.nz/wp-content/uploads/2020/11/Inspiry_Logo-transparent-1.png
09-06-2021 @ 20:27:48 - Attachment ID:446642
09-06-2021 @ 20:27:49 - Row :52 - Product updated successfully.
09-06-2021 @ 20:27:49 - Row :53 - Parsing item.
09-06-2021 @ 20:27:49 - Row :53 - Processing item.
09-06-2021 @ 20:27:49 - Found simple product object. ID:453440
09-06-2021 @ 20:27:49 - Setting Featured Image. URL:https://inspiry.co.nz/wp-content/uploads/2020/11/Inspiry_Logo-transparent-1.png
09-06-2021 @ 20:27:49 - Attachment ID:446642
09-06-2021 @ 20:27:50 - Row :53 - Product updated successfully.
09-06-2021 @ 20:27:50 - Row :54 - Parsing item.
09-06-2021 @ 20:27:50 - Row :54 - Processing item.
09-06-2021 @ 20:27:50 - Found simple product object. ID:453441
09-06-2021 @ 20:27:50 - Setting Featured Image. URL:https://inspiry.co.nz/wp-content/uploads/2020/11/Inspiry_Logo-transparent-1.png
09-06-2021 @ 20:27:51 - Attachment ID:446642
09-06-2021 @ 20:27:51 - Row :54 - Product updated successfully.
09-06-2021 @ 20:27:51 - Row :55 - Parsing item.
09-06-2021 @ 20:27:51 - Row :55 - Processing item.
09-06-2021 @ 20:27:51 - Found simple product object. ID:453442
09-06-2021 @ 20:27:51 - Setting Featured Image. URL:https://inspiry.co.nz/wp-content/uploads/2020/11/Inspiry_Logo-transparent-1.png
09-06-2021 @ 20:27:52 - Attachment ID:446642
09-06-2021 @ 20:27:53 - Row :55 - Product updated successfully.
09-06-2021 @ 20:27:53 - Row :56 - Parsing item.
09-06-2021 @ 20:27:53 - Row :56 - Processing item.
09-06-2021 @ 20:27:53 - Found simple product object. ID:453443
09-06-2021 @ 20:27:53 - Setting Featured Image. URL:https://inspiry.co.nz/wp-content/uploads/2020/11/Inspiry_Logo-transparent-1.png
09-06-2021 @ 20:27:53 - Attachment ID:446642
09-06-2021 @ 20:27:54 - Row :56 - Product updated successfully.
09-06-2021 @ 20:27:54 - Row :57 - Parsing item.
09-06-2021 @ 20:27:54 - Row :57 - Processing item.
09-06-2021 @ 20:27:54 - Found simple product object. ID:453444
09-06-2021 @ 20:27:54 - Setting Featured Image. URL:https://inspiry.co.nz/wp-content/uploads/2020/11/Inspiry_Logo-transparent-1.png
09-06-2021 @ 20:27:55 - Attachment ID:446642
09-06-2021 @ 20:27:55 - Row :57 - Product updated successfully.
09-06-2021 @ 20:27:55 - Row :58 - Parsing item.
09-06-2021 @ 20:27:55 - Row :58 - Processing item.
09-06-2021 @ 20:27:55 - Found simple product object. ID:453445
09-06-2021 @ 20:27:55 - Setting Featured Image. URL:https://inspiry.co.nz/wp-content/uploads/2020/11/Inspiry_Logo-transparent-1.png
09-06-2021 @ 20:27:56 - Attachment ID:446642
09-06-2021 @ 20:27:57 - Row :58 - Product updated successfully.
09-06-2021 @ 20:27:57 - Row :59 - Parsing item.
09-06-2021 @ 20:27:57 - Row :59 - Processing item.
09-06-2021 @ 20:27:57 - Found simple product object. ID:453446
09-06-2021 @ 20:27:57 - Setting Featured Image. URL:https://inspiry.co.nz/wp-content/uploads/2020/11/Inspiry_Logo-transparent-1.png
09-06-2021 @ 20:27:57 - Attachment ID:446642
09-06-2021 @ 20:27:58 - Row :59 - Product updated successfully.
09-06-2021 @ 20:27:58 - Row :60 - Parsing item.
09-06-2021 @ 20:27:58 - Row :60 - Processing item.
09-06-2021 @ 20:27:58 - Found simple product object. ID:453447
09-06-2021 @ 20:27:58 - Setting Featured Image. URL:https://inspiry.co.nz/wp-content/uploads/2020/11/Inspiry_Logo-transparent-1.png
09-06-2021 @ 20:27:59 - Attachment ID:446642
09-06-2021 @ 20:27:59 - Row :60 - Product updated successfully.
09-06-2021 @ 20:28:00 - Preparing for import.
09-06-2021 @ 20:28:00 - Row :61 - Parsing item.
09-06-2021 @ 20:28:00 - Row :61 - Processing item.
09-06-2021 @ 20:28:00 - Found simple product object. ID:453448
09-06-2021 @ 20:28:00 - Setting Featured Image. URL:https://inspiry.co.nz/wp-content/uploads/2020/11/Inspiry_Logo-transparent-1.png
09-06-2021 @ 20:28:01 - Attachment ID:446642
09-06-2021 @ 20:28:01 - Row :61 - Product updated successfully.
09-06-2021 @ 20:28:01 - Row :62 - Parsing item.
09-06-2021 @ 20:28:01 - Row :62 - Processing item.
09-06-2021 @ 20:28:01 - Found simple product object. ID:453449
09-06-2021 @ 20:28:01 - Setting Featured Image. URL:https://inspiry.co.nz/wp-content/uploads/2020/11/Inspiry_Logo-transparent-1.png
09-06-2021 @ 20:28:02 - Attachment ID:446642
09-06-2021 @ 20:28:02 - Row :62 - Product updated successfully.
09-06-2021 @ 20:28:02 - Row :63 - Parsing item.
09-06-2021 @ 20:28:02 - Row :63 - Processing item.
09-06-2021 @ 20:28:02 - Found simple product object. ID:453450
09-06-2021 @ 20:28:02 - Setting Featured Image. URL:https://inspiry.co.nz/wp-content/uploads/2020/11/Inspiry_Logo-transparent-1.png
09-06-2021 @ 20:28:03 - Attachment ID:446642
09-06-2021 @ 20:28:04 - Row :63 - Product updated successfully.
09-06-2021 @ 20:28:04 - Row :64 - Parsing item.
09-06-2021 @ 20:28:04 - Row :64 - Processing item.
09-06-2021 @ 20:28:04 - Found simple product object. ID:453451
09-06-2021 @ 20:28:04 - Setting Featured Image. URL:https://inspiry.co.nz/wp-content/uploads/2020/11/Inspiry_Logo-transparent-1.png
09-06-2021 @ 20:28:04 - Attachment ID:446642
09-06-2021 @ 20:28:05 - Row :64 - Product updated successfully.
09-06-2021 @ 20:28:05 - Row :65 - Parsing item.
09-06-2021 @ 20:28:05 - Row :65 - Processing item.
09-06-2021 @ 20:28:05 - Found simple product object. ID:453452
09-06-2021 @ 20:28:05 - Setting Featured Image. URL:https://inspiry.co.nz/wp-content/uploads/2020/11/Inspiry_Logo-transparent-1.png
09-06-2021 @ 20:28:06 - Attachment ID:446642
09-06-2021 @ 20:28:07 - Row :65 - Product updated successfully.
09-06-2021 @ 20:28:07 - Row :66 - Parsing item.
09-06-2021 @ 20:28:07 - Row :66 - Processing item.
09-06-2021 @ 20:28:07 - Found simple product object. ID:453453
09-06-2021 @ 20:28:07 - Setting Featured Image. URL:https://inspiry.co.nz/wp-content/uploads/2020/11/Inspiry_Logo-transparent-1.png
09-06-2021 @ 20:28:08 - Attachment ID:446642
09-06-2021 @ 20:28:08 - Row :66 - Product updated successfully.
09-06-2021 @ 20:28:08 - Row :67 - Parsing item.
09-06-2021 @ 20:28:08 - Row :67 - Processing item.
09-06-2021 @ 20:28:08 - Found simple product object. ID:453454
09-06-2021 @ 20:28:08 - Setting Featured Image. URL:https://inspiry.co.nz/wp-content/uploads/2020/11/Inspiry_Logo-transparent-1.png
09-06-2021 @ 20:28:09 - Attachment ID:446642
09-06-2021 @ 20:28:09 - Row :67 - Product updated successfully.
09-06-2021 @ 20:28:09 - Row :68 - Parsing item.
09-06-2021 @ 20:28:09 - Row :68 - Processing item.
09-06-2021 @ 20:28:09 - Found simple product object. ID:453455
09-06-2021 @ 20:28:09 - Setting Featured Image. URL:https://inspiry.co.nz/wp-content/uploads/2020/11/Inspiry_Logo-transparent-1.png
09-06-2021 @ 20:28:10 - Attachment ID:446642
09-06-2021 @ 20:28:11 - Row :68 - Product updated successfully.
09-06-2021 @ 20:28:11 - Row :69 - Parsing item.
09-06-2021 @ 20:28:11 - Row :69 - Processing item.
09-06-2021 @ 20:28:11 - Found simple product object. ID:453456
09-06-2021 @ 20:28:11 - Setting Featured Image. URL:https://inspiry.co.nz/wp-content/uploads/2020/11/Inspiry_Logo-transparent-1.png
09-06-2021 @ 20:28:12 - Attachment ID:446642
09-06-2021 @ 20:28:12 - Row :69 - Product updated successfully.
09-06-2021 @ 20:28:12 - Row :70 - Parsing item.
09-06-2021 @ 20:28:12 - Row :70 - Processing item.
09-06-2021 @ 20:28:12 - Found simple product object. ID:453457
09-06-2021 @ 20:28:12 - Setting Featured Image. URL:https://inspiry.co.nz/wp-content/uploads/2020/11/Inspiry_Logo-transparent-1.png
09-06-2021 @ 20:28:13 - Attachment ID:446642
09-06-2021 @ 20:28:13 - Row :70 - Product updated successfully.
09-06-2021 @ 20:28:15 - Preparing for import.
09-06-2021 @ 20:28:15 - Row :71 - Parsing item.
09-06-2021 @ 20:28:15 - Row :71 - Processing item.
09-06-2021 @ 20:28:15 - Found simple product object. ID:453458
09-06-2021 @ 20:28:15 - Setting Featured Image. URL:https://inspiry.co.nz/wp-content/uploads/2020/11/Inspiry_Logo-transparent-1.png
09-06-2021 @ 20:28:16 - Attachment ID:446642
09-06-2021 @ 20:28:16 - Row :71 - Product updated successfully.
09-06-2021 @ 20:28:16 - Row :72 - Parsing item.
09-06-2021 @ 20:28:16 - Row :72 - Processing item.
09-06-2021 @ 20:28:16 - Found simple product object. ID:453459
09-06-2021 @ 20:28:16 - Setting Featured Image. URL:https://inspiry.co.nz/wp-content/uploads/2020/11/Inspiry_Logo-transparent-1.png
09-06-2021 @ 20:28:17 - Attachment ID:446642
09-06-2021 @ 20:28:18 - Row :72 - Product updated successfully.
09-06-2021 @ 20:28:18 - Row :73 - Parsing item.
09-06-2021 @ 20:28:18 - Row :73 - Processing item.
09-06-2021 @ 20:28:18 - Found simple product object. ID:453460
09-06-2021 @ 20:28:18 - Setting Featured Image. URL:https://inspiry.co.nz/wp-content/uploads/2020/11/Inspiry_Logo-transparent-1.png
09-06-2021 @ 20:28:19 - Attachment ID:446642
09-06-2021 @ 20:28:19 - Row :73 - Product updated successfully.
09-06-2021 @ 20:28:19 - Row :74 - Parsing item.
09-06-2021 @ 20:28:19 - Row :74 - Processing item.
09-06-2021 @ 20:28:19 - Found simple product object. ID:453461
09-06-2021 @ 20:28:19 - Setting Featured Image. URL:https://inspiry.co.nz/wp-content/uploads/2020/11/Inspiry_Logo-transparent-1.png
09-06-2021 @ 20:28:20 - Attachment ID:446642
09-06-2021 @ 20:28:21 - Row :74 - Product updated successfully.
09-06-2021 @ 20:28:21 - Row :75 - Parsing item.
09-06-2021 @ 20:28:21 - Row :75 - Processing item.
09-06-2021 @ 20:28:21 - Found simple product object. ID:453462
09-06-2021 @ 20:28:21 - Setting Featured Image. URL:https://inspiry.co.nz/wp-content/uploads/2020/11/Inspiry_Logo-transparent-1.png
09-06-2021 @ 20:28:21 - Attachment ID:446642
09-06-2021 @ 20:28:22 - Row :75 - Product updated successfully.
09-06-2021 @ 20:28:22 - Row :76 - Parsing item.
09-06-2021 @ 20:28:22 - Row :76 - Processing item.
09-06-2021 @ 20:28:22 - Found simple product object. ID:453388
09-06-2021 @ 20:28:22 - Setting Featured Image. URL:https://inspiry.co.nz/wp-content/uploads/2020/11/Inspiry_Logo-transparent-1.png
09-06-2021 @ 20:28:23 - Attachment ID:446642
09-06-2021 @ 20:28:24 - Row :76 - Product updated successfully.
09-06-2021 @ 20:28:24 - Row :77 - Parsing item.
09-06-2021 @ 20:28:24 - Row :77 - Processing item.
09-06-2021 @ 20:28:24 - Found simple product object. ID:453392
09-06-2021 @ 20:28:24 - Setting Featured Image. URL:https://inspiry.co.nz/wp-content/uploads/2020/11/Inspiry_Logo-transparent-1.png
09-06-2021 @ 20:28:24 - Attachment ID:446642
09-06-2021 @ 20:28:24 - Row :77 - Product updated successfully.
09-06-2021 @ 20:28:24 - Row :78 - Parsing item.
09-06-2021 @ 20:28:25 - Row :78 - Processing item.
09-06-2021 @ 20:28:25 - Found simple product object. ID:453393
09-06-2021 @ 20:28:25 - Setting Featured Image. URL:https://inspiry.co.nz/wp-content/uploads/2020/11/Inspiry_Logo-transparent-1.png
09-06-2021 @ 20:28:25 - Attachment ID:446642
09-06-2021 @ 20:28:26 - Row :78 - Product updated successfully.
09-06-2021 @ 20:28:26 - Row :79 - Parsing item.
09-06-2021 @ 20:28:26 - Row :79 - Processing item.
09-06-2021 @ 20:28:26 - Found simple product object. ID:453463
09-06-2021 @ 20:28:26 - Setting Featured Image. URL:https://inspiry.co.nz/wp-content/uploads/2020/11/Inspiry_Logo-transparent-1.png
09-06-2021 @ 20:28:26 - Attachment ID:446642
09-06-2021 @ 20:28:27 - Row :79 - Product updated successfully.
09-06-2021 @ 20:28:27 - Row :80 - Parsing item.
09-06-2021 @ 20:28:27 - Row :80 - Processing item.
09-06-2021 @ 20:28:27 - Found simple product object. ID:453464
09-06-2021 @ 20:28:27 - Setting Featured Image. URL:https://inspiry.co.nz/wp-content/uploads/2020/11/Inspiry_Logo-transparent-1.png
09-06-2021 @ 20:28:28 - Attachment ID:446642
09-06-2021 @ 20:28:28 - Row :80 - Product updated successfully.
09-06-2021 @ 20:28:30 - Preparing for import.
09-06-2021 @ 20:28:30 - Row :81 - Parsing item.
09-06-2021 @ 20:28:30 - Row :81 - Processing item.
09-06-2021 @ 20:28:30 - Found simple product object. ID:453465
09-06-2021 @ 20:28:30 - Setting Featured Image. URL:https://inspiry.co.nz/wp-content/uploads/2020/11/Inspiry_Logo-transparent-1.png
09-06-2021 @ 20:28:31 - Attachment ID:446642
09-06-2021 @ 20:28:32 - Row :81 - Product updated successfully.
09-06-2021 @ 20:28:32 - Row :82 - Parsing item.
09-06-2021 @ 20:28:32 - Row :82 - Processing item.
09-06-2021 @ 20:28:32 - Found simple product object. ID:453466
09-06-2021 @ 20:28:32 - Setting Featured Image. URL:https://inspiry.co.nz/wp-content/uploads/2020/11/Inspiry_Logo-transparent-1.png
09-06-2021 @ 20:28:33 - Attachment ID:446642
09-06-2021 @ 20:28:33 - Row :82 - Product updated successfully.
09-06-2021 @ 20:28:33 - Row :83 - Parsing item.
09-06-2021 @ 20:28:33 - Row :83 - Processing item.
09-06-2021 @ 20:28:33 - Found simple product object. ID:453467
09-06-2021 @ 20:28:33 - Setting Featured Image. URL:https://inspiry.co.nz/wp-content/uploads/2020/11/Inspiry_Logo-transparent-1.png
09-06-2021 @ 20:28:34 - Attachment ID:446642
09-06-2021 @ 20:28:35 - Row :83 - Product updated successfully.
09-06-2021 @ 20:28:35 - Row :84 - Parsing item.
09-06-2021 @ 20:28:35 - Row :84 - Processing item.
09-06-2021 @ 20:28:35 - Found simple product object. ID:453468
09-06-2021 @ 20:28:35 - Setting Featured Image. URL:https://inspiry.co.nz/wp-content/uploads/2020/11/Inspiry_Logo-transparent-1.png
09-06-2021 @ 20:28:35 - Attachment ID:446642
09-06-2021 @ 20:28:36 - Row :84 - Product updated successfully.
09-06-2021 @ 20:28:36 - Row :85 - Parsing item.
09-06-2021 @ 20:28:36 - Row :85 - Processing item.
09-06-2021 @ 20:28:36 - Found simple product object. ID:453469
09-06-2021 @ 20:28:36 - Setting Featured Image. URL:https://inspiry.co.nz/wp-content/uploads/2020/11/Inspiry_Logo-transparent-1.png
09-06-2021 @ 20:28:37 - Attachment ID:446642
09-06-2021 @ 20:28:38 - Row :85 - Product updated successfully.
09-06-2021 @ 20:28:38 - Row :86 - Parsing item.
09-06-2021 @ 20:28:38 - Row :86 - Processing item.
09-06-2021 @ 20:28:38 - Found simple product object. ID:453470
09-06-2021 @ 20:28:38 - Setting Featured Image. URL:https://inspiry.co.nz/wp-content/uploads/2020/11/Inspiry_Logo-transparent-1.png
09-06-2021 @ 20:28:38 - Attachment ID:446642
09-06-2021 @ 20:28:39 - Row :86 - Product updated successfully.
09-06-2021 @ 20:28:39 - Row :87 - Parsing item.
09-06-2021 @ 20:28:39 - Row :87 - Processing item.
09-06-2021 @ 20:28:39 - Found simple product object. ID:453471
09-06-2021 @ 20:28:39 - Setting Featured Image. URL:https://inspiry.co.nz/wp-content/uploads/2020/11/Inspiry_Logo-transparent-1.png
09-06-2021 @ 20:28:40 - Attachment ID:446642
09-06-2021 @ 20:28:40 - Row :87 - Product updated successfully.
09-06-2021 @ 20:28:40 - Row :88 - Parsing item.
09-06-2021 @ 20:28:40 - Row :88 - Processing item.
09-06-2021 @ 20:28:40 - Found simple product object. ID:453472
09-06-2021 @ 20:28:40 - Setting Featured Image. URL:https://inspiry.co.nz/wp-content/uploads/2020/11/Inspiry_Logo-transparent-1.png
09-06-2021 @ 20:28:41 - Attachment ID:446642
09-06-2021 @ 20:28:41 - Row :88 - Product updated successfully.
09-06-2021 @ 20:28:41 - Row :89 - Parsing item.
09-06-2021 @ 20:28:41 - Row :89 - Processing item.
09-06-2021 @ 20:28:41 - Found simple product object. ID:453473
09-06-2021 @ 20:28:41 - Setting Featured Image. URL:https://inspiry.co.nz/wp-content/uploads/2020/11/Inspiry_Logo-transparent-1.png
09-06-2021 @ 20:28:42 - Attachment ID:446642
09-06-2021 @ 20:28:42 - Row :89 - Product updated successfully.
09-06-2021 @ 20:28:42 - Row :90 - Parsing item.
09-06-2021 @ 20:28:42 - Row :90 - Processing item.
09-06-2021 @ 20:28:42 - Found simple product object. ID:453474
09-06-2021 @ 20:28:42 - Setting Featured Image. URL:https://inspiry.co.nz/wp-content/uploads/2020/11/Inspiry_Logo-transparent-1.png
09-06-2021 @ 20:28:43 - Attachment ID:446642
09-06-2021 @ 20:28:43 - Row :90 - Product updated successfully.
09-06-2021 @ 20:28:45 - Preparing for import.
09-06-2021 @ 20:28:45 - Row :91 - Parsing item.
09-06-2021 @ 20:28:45 - Row :91 - Processing item.
09-06-2021 @ 20:28:45 - Found simple product object. ID:453475
09-06-2021 @ 20:28:45 - Setting Featured Image. URL:https://inspiry.co.nz/wp-content/uploads/2020/11/Inspiry_Logo-transparent-1.png
09-06-2021 @ 20:28:45 - Attachment ID:446642
09-06-2021 @ 20:28:46 - Row :91 - Product updated successfully.
09-06-2021 @ 20:28:46 - Row :92 - Parsing item.
09-06-2021 @ 20:28:46 - Row :92 - Processing item.
09-06-2021 @ 20:28:46 - Found simple product object. ID:453476
09-06-2021 @ 20:28:46 - Setting Featured Image. URL:https://inspiry.co.nz/wp-content/uploads/2020/11/Inspiry_Logo-transparent-1.png
09-06-2021 @ 20:28:46 - Attachment ID:446642
09-06-2021 @ 20:28:47 - Row :92 - Product updated successfully.
09-06-2021 @ 20:28:47 - Row :93 - Parsing item.
09-06-2021 @ 20:28:47 - Row :93 - Processing item.
09-06-2021 @ 20:28:47 - Found simple product object. ID:453477
09-06-2021 @ 20:28:47 - Setting Featured Image. URL:https://inspiry.co.nz/wp-content/uploads/2020/11/Inspiry_Logo-transparent-1.png
09-06-2021 @ 20:28:48 - Attachment ID:446642
09-06-2021 @ 20:28:48 - Row :93 - Product updated successfully.
09-06-2021 @ 20:28:48 - Row :94 - Parsing item.
09-06-2021 @ 20:28:48 - Row :94 - Processing item.
09-06-2021 @ 20:28:48 - Found simple product object. ID:453478
09-06-2021 @ 20:28:48 - Setting Featured Image. URL:https://inspiry.co.nz/wp-content/uploads/2020/11/Inspiry_Logo-transparent-1.png
09-06-2021 @ 20:28:49 - Attachment ID:446642
09-06-2021 @ 20:28:49 - Row :94 - Product updated successfully.
09-06-2021 @ 20:28:49 - Row :95 - Parsing item.
09-06-2021 @ 20:28:49 - Row :95 - Processing item.
09-06-2021 @ 20:28:49 - Found simple product object. ID:453479
09-06-2021 @ 20:28:49 - Setting Featured Image. URL:https://inspiry.co.nz/wp-content/uploads/2020/11/Inspiry_Logo-transparent-1.png
09-06-2021 @ 20:28:50 - Attachment ID:446642
09-06-2021 @ 20:28:51 - Row :95 - Product updated successfully.
09-06-2021 @ 20:28:51 - Row :96 - Parsing item.
09-06-2021 @ 20:28:51 - Row :96 - Processing item.
09-06-2021 @ 20:28:51 - Found simple product object. ID:453480
09-06-2021 @ 20:28:51 - Setting Featured Image. URL:https://inspiry.co.nz/wp-content/uploads/2020/11/Inspiry_Logo-transparent-1.png
09-06-2021 @ 20:28:51 - Attachment ID:446642
09-06-2021 @ 20:28:52 - Row :96 - Product updated successfully.
09-06-2021 @ 20:28:52 - Row :97 - Parsing item.
09-06-2021 @ 20:28:52 - Row :97 - Processing item.
09-06-2021 @ 20:28:52 - Found simple product object. ID:453481
09-06-2021 @ 20:28:52 - Setting Featured Image. URL:https://inspiry.co.nz/wp-content/uploads/2020/11/Inspiry_Logo-transparent-1.png
09-06-2021 @ 20:28:53 - Attachment ID:446642
09-06-2021 @ 20:28:53 - Row :97 - Product updated successfully.
09-06-2021 @ 20:28:53 - Row :98 - Parsing item.
09-06-2021 @ 20:28:53 - Row :98 - Processing item.
09-06-2021 @ 20:28:53 - Found simple product object. ID:453482
09-06-2021 @ 20:28:53 - Setting Featured Image. URL:https://inspiry.co.nz/wp-content/uploads/2020/11/Inspiry_Logo-transparent-1.png
09-06-2021 @ 20:28:54 - Attachment ID:446642
09-06-2021 @ 20:28:54 - Row :98 - Product updated successfully.
09-06-2021 @ 20:28:54 - Row :99 - Parsing item.
09-06-2021 @ 20:28:54 - Row :99 - Processing item.
09-06-2021 @ 20:28:54 - Found simple product object. ID:453483
09-06-2021 @ 20:28:54 - Setting Featured Image. URL:https://inspiry.co.nz/wp-content/uploads/2020/11/Inspiry_Logo-transparent-1.png
09-06-2021 @ 20:28:55 - Attachment ID:446642
09-06-2021 @ 20:28:56 - Row :99 - Product updated successfully.
09-06-2021 @ 20:28:56 - Row :100 - Parsing item.
09-06-2021 @ 20:28:56 - Row :100 - Processing item.
09-06-2021 @ 20:28:56 - Found simple product object. ID:453484
09-06-2021 @ 20:28:56 - Setting Featured Image. URL:https://inspiry.co.nz/wp-content/uploads/2020/11/Inspiry_Logo-transparent-1.png
09-06-2021 @ 20:28:56 - Attachment ID:446642
09-06-2021 @ 20:28:57 - Row :100 - Product updated successfully.
09-06-2021 @ 20:28:58 - Preparing for import.
09-06-2021 @ 20:28:58 - Row :101 - Parsing item.
09-06-2021 @ 20:28:58 - Row :101 - Processing item.
09-06-2021 @ 20:28:58 - Found simple product object. ID:453485
09-06-2021 @ 20:28:58 - Setting Featured Image. URL:https://inspiry.co.nz/wp-content/uploads/2020/11/Inspiry_Logo-transparent-1.png
09-06-2021 @ 20:28:59 - Attachment ID:446642
09-06-2021 @ 20:28:59 - Row :101 - Product updated successfully.
09-06-2021 @ 20:28:59 - Row :102 - Parsing item.
09-06-2021 @ 20:29:00 - Row :102 - Processing item.
09-06-2021 @ 20:29:00 - Found simple product object. ID:453486
09-06-2021 @ 20:29:00 - Setting Featured Image. URL:https://inspiry.co.nz/wp-content/uploads/2020/11/Inspiry_Logo-transparent-1.png
09-06-2021 @ 20:29:00 - Attachment ID:446642
09-06-2021 @ 20:29:01 - Row :102 - Product updated successfully.
09-06-2021 @ 20:29:01 - Row :103 - Parsing item.
09-06-2021 @ 20:29:01 - Row :103 - Processing item.
09-06-2021 @ 20:29:01 - Found simple product object. ID:453487
09-06-2021 @ 20:29:01 - Setting Featured Image. URL:https://inspiry.co.nz/wp-content/uploads/2020/11/Inspiry_Logo-transparent-1.png
09-06-2021 @ 20:29:02 - Attachment ID:446642
09-06-2021 @ 20:29:02 - Row :103 - Product updated successfully.
09-06-2021 @ 20:29:02 - Row :104 - Parsing item.
09-06-2021 @ 20:29:02 - Row :104 - Processing item.
09-06-2021 @ 20:29:02 - Found simple product object. ID:453488
09-06-2021 @ 20:29:02 - Setting Featured Image. URL:https://inspiry.co.nz/wp-content/uploads/2020/11/Inspiry_Logo-transparent-1.png
09-06-2021 @ 20:29:03 - Attachment ID:446642
09-06-2021 @ 20:29:03 - Row :104 - Product updated successfully.
09-06-2021 @ 20:29:03 - Row :105 - Parsing item.
09-06-2021 @ 20:29:03 - Row :105 - Processing item.
09-06-2021 @ 20:29:03 - Found simple product object. ID:453489
09-06-2021 @ 20:29:03 - Setting Featured Image. URL:https://inspiry.co.nz/wp-content/uploads/2020/11/Inspiry_Logo-transparent-1.png
09-06-2021 @ 20:29:04 - Attachment ID:446642
09-06-2021 @ 20:29:04 - Row :105 - Product updated successfully.
09-06-2021 @ 20:29:04 - Row :106 - Parsing item.
09-06-2021 @ 20:29:04 - Row :106 - Processing item.
09-06-2021 @ 20:29:04 - Found simple product object. ID:453490
09-06-2021 @ 20:29:04 - Setting Featured Image. URL:https://inspiry.co.nz/wp-content/uploads/2020/11/Inspiry_Logo-transparent-1.png
09-06-2021 @ 20:29:05 - Attachment ID:446642
09-06-2021 @ 20:29:05 - Row :106 - Product updated successfully.
09-06-2021 @ 20:29:05 - Row :107 - Parsing item.
09-06-2021 @ 20:29:05 - Row :107 - Processing item.
09-06-2021 @ 20:29:05 - Found simple product object. ID:453491
09-06-2021 @ 20:29:05 - Setting Featured Image. URL:https://inspiry.co.nz/wp-content/uploads/2020/11/Inspiry_Logo-transparent-1.png
09-06-2021 @ 20:29:06 - Attachment ID:446642
09-06-2021 @ 20:29:07 - Row :107 - Product updated successfully.
09-06-2021 @ 20:29:07 - Row :108 - Parsing item.
09-06-2021 @ 20:29:07 - Row :108 - Processing item.
09-06-2021 @ 20:29:07 - Found simple product object. ID:453492
09-06-2021 @ 20:29:07 - Setting Featured Image. URL:https://inspiry.co.nz/wp-content/uploads/2020/11/Inspiry_Logo-transparent-1.png
09-06-2021 @ 20:29:08 - Attachment ID:446642
09-06-2021 @ 20:29:08 - Row :108 - Product updated successfully.
09-06-2021 @ 20:29:08 - Row :109 - Parsing item.
09-06-2021 @ 20:29:08 - Row :109 - Processing item.
09-06-2021 @ 20:29:08 - Found simple product object. ID:453493
09-06-2021 @ 20:29:08 - Setting Featured Image. URL:https://inspiry.co.nz/wp-content/uploads/2020/11/Inspiry_Logo-transparent-1.png
09-06-2021 @ 20:29:09 - Attachment ID:446642
09-06-2021 @ 20:29:10 - Row :109 - Product updated successfully.
09-06-2021 @ 20:29:10 - Row :110 - Parsing item.
09-06-2021 @ 20:29:10 - Row :110 - Processing item.
09-06-2021 @ 20:29:10 - Found simple product object. ID:453494
09-06-2021 @ 20:29:10 - Setting Featured Image. URL:https://inspiry.co.nz/wp-content/uploads/2020/11/Inspiry_Logo-transparent-1.png
09-06-2021 @ 20:29:11 - Attachment ID:446642
09-06-2021 @ 20:29:11 - Row :110 - Product updated successfully.
09-06-2021 @ 20:29:13 - Preparing for import.
09-06-2021 @ 20:29:13 - Row :111 - Parsing item.
09-06-2021 @ 20:29:13 - Row :111 - Processing item.
09-06-2021 @ 20:29:13 - Found simple product object. ID:453495
09-06-2021 @ 20:29:13 - Setting Featured Image. URL:https://inspiry.co.nz/wp-content/uploads/2020/11/Inspiry_Logo-transparent-1.png
09-06-2021 @ 20:29:14 - Attachment ID:446642
09-06-2021 @ 20:29:15 - Row :111 - Product updated successfully.
09-06-2021 @ 20:29:15 - Row :112 - Parsing item.
09-06-2021 @ 20:29:15 - Row :112 - Processing item.
09-06-2021 @ 20:29:15 - Found simple product object. ID:453496
09-06-2021 @ 20:29:15 - Setting Featured Image. URL:https://inspiry.co.nz/wp-content/uploads/2020/11/Inspiry_Logo-transparent-1.png
09-06-2021 @ 20:29:15 - Attachment ID:446642
09-06-2021 @ 20:29:16 - Row :112 - Product updated successfully.
09-06-2021 @ 20:29:16 - Row :113 - Parsing item.
09-06-2021 @ 20:29:16 - Row :113 - Processing item.
09-06-2021 @ 20:29:16 - Found simple product object. ID:453497
09-06-2021 @ 20:29:16 - Setting Featured Image. URL:https://inspiry.co.nz/wp-content/uploads/2020/11/Inspiry_Logo-transparent-1.png
09-06-2021 @ 20:29:17 - Attachment ID:446642
09-06-2021 @ 20:29:17 - Row :113 - Product updated successfully.
09-06-2021 @ 20:29:17 - Row :114 - Parsing item.
09-06-2021 @ 20:29:17 - Row :114 - Processing item.
09-06-2021 @ 20:29:17 - Found simple product object. ID:453498
09-06-2021 @ 20:29:17 - Setting Featured Image. URL:https://inspiry.co.nz/wp-content/uploads/2020/11/Inspiry_Logo-transparent-1.png
09-06-2021 @ 20:29:18 - Attachment ID:446642
09-06-2021 @ 20:29:18 - Row :114 - Product updated successfully.
09-06-2021 @ 20:29:18 - Row :115 - Parsing item.
09-06-2021 @ 20:29:18 - Row :115 - Processing item.
09-06-2021 @ 20:29:18 - Found simple product object. ID:453499
09-06-2021 @ 20:29:18 - Setting Featured Image. URL:https://inspiry.co.nz/wp-content/uploads/2020/11/Inspiry_Logo-transparent-1.png
09-06-2021 @ 20:29:19 - Attachment ID:446642
09-06-2021 @ 20:29:19 - Row :115 - Product updated successfully.
09-06-2021 @ 20:29:19 - Row :116 - Parsing item.
09-06-2021 @ 20:29:19 - Row :116 - Processing item.
09-06-2021 @ 20:29:19 - Found simple product object. ID:453500
09-06-2021 @ 20:29:19 - Setting Featured Image. URL:https://inspiry.co.nz/wp-content/uploads/2020/11/Inspiry_Logo-transparent-1.png
09-06-2021 @ 20:29:20 - Attachment ID:446642
09-06-2021 @ 20:29:21 - Row :116 - Product updated successfully.
09-06-2021 @ 20:29:21 - Row :117 - Parsing item.
09-06-2021 @ 20:29:21 - Row :117 - Processing item.
09-06-2021 @ 20:29:21 - Found simple product object. ID:453501
09-06-2021 @ 20:29:21 - Setting Featured Image. URL:https://inspiry.co.nz/wp-content/uploads/2020/11/Inspiry_Logo-transparent-1.png
09-06-2021 @ 20:29:22 - Attachment ID:446642
09-06-2021 @ 20:29:22 - Row :117 - Product updated successfully.
09-06-2021 @ 20:29:22 - Row :118 - Parsing item.
09-06-2021 @ 20:29:22 - Row :118 - Processing item.
09-06-2021 @ 20:29:22 - Found simple product object. ID:453502
09-06-2021 @ 20:29:22 - Setting Featured Image. URL:https://inspiry.co.nz/wp-content/uploads/2020/11/Inspiry_Logo-transparent-1.png
09-06-2021 @ 20:29:23 - Attachment ID:446642
09-06-2021 @ 20:29:24 - Row :118 - Product updated successfully.
09-06-2021 @ 20:29:24 - Row :119 - Parsing item.
09-06-2021 @ 20:29:24 - Row :119 - Processing item.
09-06-2021 @ 20:29:24 - Found simple product object. ID:453503
09-06-2021 @ 20:29:24 - Setting Featured Image. URL:https://inspiry.co.nz/wp-content/uploads/2020/11/Inspiry_Logo-transparent-1.png
09-06-2021 @ 20:29:25 - Attachment ID:446642
09-06-2021 @ 20:29:25 - Row :119 - Product updated successfully.
09-06-2021 @ 20:29:25 - Row :120 - Parsing item.
09-06-2021 @ 20:29:25 - Row :120 - Processing item.
09-06-2021 @ 20:29:26 - Found simple product object. ID:453504
09-06-2021 @ 20:29:26 - Setting Featured Image. URL:https://inspiry.co.nz/wp-content/uploads/2020/11/Inspiry_Logo-transparent-1.png
09-06-2021 @ 20:29:26 - Attachment ID:446642
09-06-2021 @ 20:29:27 - Row :120 - Product updated successfully.
09-06-2021 @ 20:29:28 - Preparing for import.
09-06-2021 @ 20:29:28 - Row :121 - Parsing item.
09-06-2021 @ 20:29:28 - Row :121 - Processing item.
09-06-2021 @ 20:29:28 - Found simple product object. ID:453505
09-06-2021 @ 20:29:28 - Setting Featured Image. URL:https://inspiry.co.nz/wp-content/uploads/2020/11/Inspiry_Logo-transparent-1.png
09-06-2021 @ 20:29:29 - Attachment ID:446642
09-06-2021 @ 20:29:29 - Row :121 - Product updated successfully.
09-06-2021 @ 20:29:29 - Row :122 - Parsing item.
09-06-2021 @ 20:29:29 - Row :122 - Processing item.
09-06-2021 @ 20:29:29 - Found simple product object. ID:453506
09-06-2021 @ 20:29:29 - Setting Featured Image. URL:https://inspiry.co.nz/wp-content/uploads/2020/11/Inspiry_Logo-transparent-1.png
09-06-2021 @ 20:29:30 - Attachment ID:446642
09-06-2021 @ 20:29:30 - Row :122 - Product updated successfully.
09-06-2021 @ 20:29:30 - Row :123 - Parsing item.
09-06-2021 @ 20:29:30 - Row :123 - Processing item.
09-06-2021 @ 20:29:30 - Found simple product object. ID:453507
09-06-2021 @ 20:29:30 - Setting Featured Image. URL:https://inspiry.co.nz/wp-content/uploads/2020/11/Inspiry_Logo-transparent-1.png
09-06-2021 @ 20:29:31 - Attachment ID:446642
09-06-2021 @ 20:29:32 - Row :123 - Product updated successfully.
09-06-2021 @ 20:29:32 - Row :124 - Parsing item.
09-06-2021 @ 20:29:32 - Row :124 - Processing item.
09-06-2021 @ 20:29:32 - Found simple product object. ID:453508
09-06-2021 @ 20:29:32 - Setting Featured Image. URL:https://inspiry.co.nz/wp-content/uploads/2020/11/Inspiry_Logo-transparent-1.png
09-06-2021 @ 20:29:33 - Attachment ID:446642
09-06-2021 @ 20:29:33 - Row :124 - Product updated successfully.
09-06-2021 @ 20:29:33 - Row :125 - Parsing item.
09-06-2021 @ 20:29:33 - Row :125 - Processing item.
09-06-2021 @ 20:29:33 - Found simple product object. ID:453509
09-06-2021 @ 20:29:33 - Setting Featured Image. URL:https://inspiry.co.nz/wp-content/uploads/2020/11/Inspiry_Logo-transparent-1.png
09-06-2021 @ 20:29:34 - Attachment ID:446642
09-06-2021 @ 20:29:34 - Row :125 - Product updated successfully.
09-06-2021 @ 20:29:34 - Row :126 - Parsing item.
09-06-2021 @ 20:29:34 - Row :126 - Processing item.
09-06-2021 @ 20:29:34 - Found simple product object. ID:453510
09-06-2021 @ 20:29:34 - Setting Featured Image. URL:https://inspiry.co.nz/wp-content/uploads/2020/11/Inspiry_Logo-transparent-1.png
09-06-2021 @ 20:29:35 - Attachment ID:446642
09-06-2021 @ 20:29:35 - Row :126 - Product updated successfully.
09-06-2021 @ 20:29:35 - Row :127 - Parsing item.
09-06-2021 @ 20:29:35 - Row :127 - Processing item.
09-06-2021 @ 20:29:35 - Found simple product object. ID:453511
09-06-2021 @ 20:29:35 - Setting Featured Image. URL:https://inspiry.co.nz/wp-content/uploads/2020/11/Inspiry_Logo-transparent-1.png
09-06-2021 @ 20:29:36 - Attachment ID:446642
09-06-2021 @ 20:29:37 - Row :127 - Product updated successfully.
09-06-2021 @ 20:29:37 - Row :128 - Parsing item.
09-06-2021 @ 20:29:37 - Row :128 - Processing item.
09-06-2021 @ 20:29:37 - Found simple product object. ID:453512
09-06-2021 @ 20:29:37 - Setting Featured Image. URL:https://inspiry.co.nz/wp-content/uploads/2020/11/Inspiry_Logo-transparent-1.png
09-06-2021 @ 20:29:37 - Attachment ID:446642
09-06-2021 @ 20:29:38 - Row :128 - Product updated successfully.
09-06-2021 @ 20:29:38 - Row :129 - Parsing item.
09-06-2021 @ 20:29:38 - Row :129 - Processing item.
09-06-2021 @ 20:29:38 - Found simple product object. ID:453513
09-06-2021 @ 20:29:38 - Setting Featured Image. URL:https://inspiry.co.nz/wp-content/uploads/2020/11/Inspiry_Logo-transparent-1.png
09-06-2021 @ 20:29:38 - Attachment ID:446642
09-06-2021 @ 20:29:39 - Row :129 - Product updated successfully.
09-06-2021 @ 20:29:39 - Row :130 - Parsing item.
09-06-2021 @ 20:29:39 - Row :130 - Processing item.
09-06-2021 @ 20:29:39 - Found simple product object. ID:453514
09-06-2021 @ 20:29:39 - Setting Featured Image. URL:https://inspiry.co.nz/wp-content/uploads/2020/11/Inspiry_Logo-transparent-1.png
09-06-2021 @ 20:29:40 - Attachment ID:446642
09-06-2021 @ 20:29:41 - Row :130 - Product updated successfully.
09-06-2021 @ 20:29:41 - Preparing for import.
09-06-2021 @ 20:29:41 - Row :131 - Parsing item.
09-06-2021 @ 20:29:41 - Row :131 - Processing item.
09-06-2021 @ 20:29:41 - Found simple product object. ID:453515
09-06-2021 @ 20:29:41 - Setting Featured Image. URL:https://inspiry.co.nz/wp-content/uploads/2020/11/Inspiry_Logo-transparent-1.png
09-06-2021 @ 20:29:42 - Attachment ID:446642
09-06-2021 @ 20:29:42 - Row :131 - Product updated successfully.
09-06-2021 @ 20:29:42 - Row :132 - Parsing item.
09-06-2021 @ 20:29:42 - Row :132 - Processing item.
09-06-2021 @ 20:29:42 - Found simple product object. ID:453516
09-06-2021 @ 20:29:42 - Setting Featured Image. URL:https://inspiry.co.nz/wp-content/uploads/2020/11/Inspiry_Logo-transparent-1.png
09-06-2021 @ 20:29:43 - Attachment ID:446642
09-06-2021 @ 20:29:43 - Row :132 - Product updated successfully.
09-06-2021 @ 20:29:43 - Row :133 - Parsing item.
09-06-2021 @ 20:29:43 - Row :133 - Processing item.
09-06-2021 @ 20:29:43 - Found simple product object. ID:453517
09-06-2021 @ 20:29:43 - Setting Featured Image. URL:https://inspiry.co.nz/wp-content/uploads/2020/11/Inspiry_Logo-transparent-1.png
09-06-2021 @ 20:29:44 - Attachment ID:446642
09-06-2021 @ 20:29:45 - Row :133 - Product updated successfully.
09-06-2021 @ 20:29:45 - Row :134 - Parsing item.
09-06-2021 @ 20:29:45 - Row :134 - Processing item.
09-06-2021 @ 20:29:45 - Found simple product object. ID:453518
09-06-2021 @ 20:29:45 - Setting Featured Image. URL:https://inspiry.co.nz/wp-content/uploads/2020/11/Inspiry_Logo-transparent-1.png
09-06-2021 @ 20:29:45 - Attachment ID:446642
09-06-2021 @ 20:29:46 - Row :134 - Product updated successfully.
09-06-2021 @ 20:29:46 - Row :135 - Parsing item.
09-06-2021 @ 20:29:46 - Row :135 - Processing item.
09-06-2021 @ 20:29:46 - Found simple product object. ID:453519
09-06-2021 @ 20:29:46 - Setting Featured Image. URL:https://inspiry.co.nz/wp-content/uploads/2020/11/Inspiry_Logo-transparent-1.png
09-06-2021 @ 20:29:47 - Attachment ID:446642
09-06-2021 @ 20:29:47 - Row :135 - Product updated successfully.
09-06-2021 @ 20:29:47 - Row :136 - Parsing item.
09-06-2021 @ 20:29:47 - Row :136 - Processing item.
09-06-2021 @ 20:29:47 - Found simple product object. ID:453520
09-06-2021 @ 20:29:47 - Setting Featured Image. URL:https://inspiry.co.nz/wp-content/uploads/2020/11/Inspiry_Logo-transparent-1.png
09-06-2021 @ 20:29:48 - Attachment ID:446642
09-06-2021 @ 20:29:48 - Row :136 - Product updated successfully.
09-06-2021 @ 20:29:48 - Row :137 - Parsing item.
09-06-2021 @ 20:29:48 - Row :137 - Processing item.
09-06-2021 @ 20:29:48 - Found simple product object. ID:453521
09-06-2021 @ 20:29:48 - Setting Featured Image. URL:https://inspiry.co.nz/wp-content/uploads/2020/11/Inspiry_Logo-transparent-1.png
09-06-2021 @ 20:29:49 - Attachment ID:446642
09-06-2021 @ 20:29:50 - Row :137 - Product updated successfully.
09-06-2021 @ 20:29:50 - Row :138 - Parsing item.
09-06-2021 @ 20:29:50 - Row :138 - Processing item.
09-06-2021 @ 20:29:50 - Found simple product object. ID:453522
09-06-2021 @ 20:29:50 - Setting Featured Image. URL:https://inspiry.co.nz/wp-content/uploads/2020/11/Inspiry_Logo-transparent-1.png
09-06-2021 @ 20:29:50 - Attachment ID:446642
09-06-2021 @ 20:29:51 - Row :138 - Product updated successfully.
09-06-2021 @ 20:29:51 - Row :139 - Parsing item.
09-06-2021 @ 20:29:51 - Row :139 - Processing item.
09-06-2021 @ 20:29:51 - Found simple product object. ID:453523
09-06-2021 @ 20:29:51 - Setting Featured Image. URL:https://inspiry.co.nz/wp-content/uploads/2020/11/Inspiry_Logo-transparent-1.png
09-06-2021 @ 20:29:51 - Attachment ID:446642
09-06-2021 @ 20:29:51 - Row :139 - Product updated successfully.
09-06-2021 @ 20:29:51 - Row :140 - Parsing item.
09-06-2021 @ 20:29:52 - Row :140 - Processing item.
09-06-2021 @ 20:29:52 - Found simple product object. ID:453524
09-06-2021 @ 20:29:52 - Setting Featured Image. URL:https://inspiry.co.nz/wp-content/uploads/2020/11/Inspiry_Logo-transparent-1.png
09-06-2021 @ 20:29:52 - Attachment ID:446642
09-06-2021 @ 20:29:52 - Row :140 - Product updated successfully.
09-06-2021 @ 20:29:54 - Preparing for import.
09-06-2021 @ 20:29:54 - Row :141 - Parsing item.
09-06-2021 @ 20:29:54 - Row :141 - Processing item.
09-06-2021 @ 20:29:54 - Found simple product object. ID:453525
09-06-2021 @ 20:29:54 - Setting Featured Image. URL:https://inspiry.co.nz/wp-content/uploads/2020/11/Inspiry_Logo-transparent-1.png
09-06-2021 @ 20:29:54 - Attachment ID:446642
09-06-2021 @ 20:29:55 - Row :141 - Product updated successfully.
09-06-2021 @ 20:29:55 - Row :142 - Parsing item.
09-06-2021 @ 20:29:55 - Row :142 - Processing item.
09-06-2021 @ 20:29:55 - Found simple product object. ID:453526
09-06-2021 @ 20:29:55 - Setting Featured Image. URL:https://inspiry.co.nz/wp-content/uploads/2020/11/Inspiry_Logo-transparent-1.png
09-06-2021 @ 20:29:55 - Attachment ID:446642
09-06-2021 @ 20:29:56 - Row :142 - Product updated successfully.
09-06-2021 @ 20:29:56 - Row :143 - Parsing item.
09-06-2021 @ 20:29:56 - Row :143 - Processing item.
09-06-2021 @ 20:29:56 - Found simple product object. ID:453463
09-06-2021 @ 20:29:56 - Setting Featured Image. URL:https://inspiry.co.nz/wp-content/uploads/2020/11/Inspiry_Logo-transparent-1.png
09-06-2021 @ 20:29:56 - Attachment ID:446642
09-06-2021 @ 20:29:56 - Row :143 - Product updated successfully.
09-06-2021 @ 20:29:56 - Row :144 - Parsing item.
09-06-2021 @ 20:29:57 - Row :144 - Processing item.
09-06-2021 @ 20:29:57 - Found simple product object. ID:453467
09-06-2021 @ 20:29:57 - Setting Featured Image. URL:https://inspiry.co.nz/wp-content/uploads/2020/11/Inspiry_Logo-transparent-1.png
09-06-2021 @ 20:29:57 - Attachment ID:446642
09-06-2021 @ 20:29:58 - Row :144 - Product updated successfully.
09-06-2021 @ 20:29:58 - Row :145 - Parsing item.
09-06-2021 @ 20:29:58 - Row :145 - Processing item.
09-06-2021 @ 20:29:58 - Found simple product object. ID:453472
09-06-2021 @ 20:29:58 - Setting Featured Image. URL:https://inspiry.co.nz/wp-content/uploads/2020/11/Inspiry_Logo-transparent-1.png
09-06-2021 @ 20:29:59 - Attachment ID:446642
09-06-2021 @ 20:30:00 - Row :145 - Product updated successfully.
09-06-2021 @ 20:30:00 - Row :146 - Parsing item.
09-06-2021 @ 20:30:00 - Row :146 - Processing item.
09-06-2021 @ 20:30:00 - Found simple product object. ID:453527
09-06-2021 @ 20:30:00 - Setting Featured Image. URL:https://inspiry.co.nz/wp-content/uploads/2020/11/Inspiry_Logo-transparent-1.png
09-06-2021 @ 20:30:00 - Attachment ID:446642
09-06-2021 @ 20:30:01 - Row :146 - Product updated successfully.
09-06-2021 @ 20:30:01 - Row :147 - Parsing item.
09-06-2021 @ 20:30:01 - Row :147 - Processing item.
09-06-2021 @ 20:30:01 - Found simple product object. ID:453528
09-06-2021 @ 20:30:01 - Setting Featured Image. URL:https://inspiry.co.nz/wp-content/uploads/2020/11/Inspiry_Logo-transparent-1.png
09-06-2021 @ 20:30:02 - Attachment ID:446642
09-06-2021 @ 20:30:02 - Row :147 - Product updated successfully.
09-06-2021 @ 20:30:02 - Row :148 - Parsing item.
09-06-2021 @ 20:30:02 - Row :148 - Processing item.
09-06-2021 @ 20:30:02 - Found simple product object. ID:453529
09-06-2021 @ 20:30:02 - Setting Featured Image. URL:https://inspiry.co.nz/wp-content/uploads/2020/11/Inspiry_Logo-transparent-1.png
09-06-2021 @ 20:30:03 - Attachment ID:446642
09-06-2021 @ 20:30:04 - Row :148 - Product updated successfully.
09-06-2021 @ 20:30:04 - Row :149 - Parsing item.
09-06-2021 @ 20:30:04 - Row :149 - Processing item.
09-06-2021 @ 20:30:04 - Found simple product object. ID:453530
09-06-2021 @ 20:30:04 - Setting Featured Image. URL:https://inspiry.co.nz/wp-content/uploads/2020/11/Inspiry_Logo-transparent-1.png
09-06-2021 @ 20:30:05 - Attachment ID:446642
09-06-2021 @ 20:30:05 - Row :149 - Product updated successfully.
09-06-2021 @ 20:30:05 - Row :150 - Parsing item.
09-06-2021 @ 20:30:05 - Row :150 - Processing item.
09-06-2021 @ 20:30:05 - Found simple product object. ID:453531
09-06-2021 @ 20:30:05 - Setting Featured Image. URL:https://inspiry.co.nz/wp-content/uploads/2020/11/Inspiry_Logo-transparent-1.png
09-06-2021 @ 20:30:06 - Attachment ID:446642
09-06-2021 @ 20:30:07 - Row :150 - Product updated successfully.
09-06-2021 @ 20:30:08 - Preparing for import.
09-06-2021 @ 20:30:08 - Row :151 - Parsing item.
09-06-2021 @ 20:30:08 - Row :151 - Processing item.
09-06-2021 @ 20:30:08 - Found simple product object. ID:453532
09-06-2021 @ 20:30:08 - Setting Featured Image. URL:https://inspiry.co.nz/wp-content/uploads/2020/11/Inspiry_Logo-transparent-1.png
09-06-2021 @ 20:30:09 - Attachment ID:446642
09-06-2021 @ 20:30:10 - Row :151 - Product updated successfully.
09-06-2021 @ 20:30:10 - Row :152 - Parsing item.
09-06-2021 @ 20:30:10 - Row :152 - Processing item.
09-06-2021 @ 20:30:10 - Found simple product object. ID:453533
09-06-2021 @ 20:30:10 - Setting Featured Image. URL:https://inspiry.co.nz/wp-content/uploads/2020/11/Inspiry_Logo-transparent-1.png
09-06-2021 @ 20:30:11 - Attachment ID:446642
09-06-2021 @ 20:30:11 - Row :152 - Product updated successfully.
09-06-2021 @ 20:30:11 - Row :153 - Parsing item.
09-06-2021 @ 20:30:11 - Row :153 - Processing item.
09-06-2021 @ 20:30:11 - Found simple product object. ID:453534
09-06-2021 @ 20:30:11 - Setting Featured Image. URL:https://inspiry.co.nz/wp-content/uploads/2020/11/Inspiry_Logo-transparent-1.png
09-06-2021 @ 20:30:12 - Attachment ID:446642
09-06-2021 @ 20:30:13 - Row :153 - Product updated successfully.
09-06-2021 @ 20:30:13 - Row :154 - Parsing item.
09-06-2021 @ 20:30:13 - Row :154 - Processing item.
09-06-2021 @ 20:30:13 - Found simple product object. ID:453535
09-06-2021 @ 20:30:13 - Setting Featured Image. URL:https://inspiry.co.nz/wp-content/uploads/2020/11/Inspiry_Logo-transparent-1.png
09-06-2021 @ 20:30:13 - Attachment ID:446642
09-06-2021 @ 20:30:14 - Row :154 - Product updated successfully.
09-06-2021 @ 20:30:14 - Row :155 - Parsing item.
09-06-2021 @ 20:30:14 - Row :155 - Processing item.
09-06-2021 @ 20:30:14 - Found simple product object. ID:453536
09-06-2021 @ 20:30:14 - Setting Featured Image. URL:https://inspiry.co.nz/wp-content/uploads/2020/11/Inspiry_Logo-transparent-1.png
09-06-2021 @ 20:30:15 - Attachment ID:446642
09-06-2021 @ 20:30:16 - Row :155 - Product updated successfully.
09-06-2021 @ 20:30:16 - Row :156 - Parsing item.
09-06-2021 @ 20:30:16 - Row :156 - Processing item.
09-06-2021 @ 20:30:16 - Found simple product object. ID:453537
09-06-2021 @ 20:30:16 - Setting Featured Image. URL:https://inspiry.co.nz/wp-content/uploads/2020/11/Inspiry_Logo-transparent-1.png
09-06-2021 @ 20:30:16 - Attachment ID:446642
09-06-2021 @ 20:30:17 - Row :156 - Product updated successfully.
09-06-2021 @ 20:30:17 - Row :157 - Parsing item.
09-06-2021 @ 20:30:17 - Row :157 - Processing item.
09-06-2021 @ 20:30:17 - Found simple product object. ID:453476
09-06-2021 @ 20:30:17 - Setting Featured Image. URL:https://inspiry.co.nz/wp-content/uploads/2020/11/Inspiry_Logo-transparent-1.png
09-06-2021 @ 20:30:18 - Attachment ID:446642
09-06-2021 @ 20:30:18 - Row :157 - Product updated successfully.
09-06-2021 @ 20:30:18 - Row :158 - Parsing item.
09-06-2021 @ 20:30:18 - Row :158 - Processing item.
09-06-2021 @ 20:30:18 - Found simple product object. ID:453480
09-06-2021 @ 20:30:18 - Setting Featured Image. URL:https://inspiry.co.nz/wp-content/uploads/2020/11/Inspiry_Logo-transparent-1.png
09-06-2021 @ 20:30:19 - Attachment ID:446642
09-06-2021 @ 20:30:20 - Row :158 - Product updated successfully.
09-06-2021 @ 20:30:20 - Row :159 - Parsing item.
09-06-2021 @ 20:30:20 - Row :159 - Processing item.
09-06-2021 @ 20:30:20 - Found simple product object. ID:453538
09-06-2021 @ 20:30:20 - Setting Featured Image. URL:https://inspiry.co.nz/wp-content/uploads/2020/11/Inspiry_Logo-transparent-1.png
09-06-2021 @ 20:30:21 - Attachment ID:446642
09-06-2021 @ 20:30:21 - Row :159 - Product updated successfully.
09-06-2021 @ 20:30:21 - Row :160 - Parsing item.
09-06-2021 @ 20:30:21 - Row :160 - Processing item.
09-06-2021 @ 20:30:21 - Found simple product object. ID:453539
09-06-2021 @ 20:30:21 - Setting Featured Image. URL:https://inspiry.co.nz/wp-content/uploads/2020/11/Inspiry_Logo-transparent-1.png
09-06-2021 @ 20:30:22 - Attachment ID:446642
09-06-2021 @ 20:30:22 - Row :160 - Product updated successfully.
09-06-2021 @ 20:30:24 - Preparing for import.
09-06-2021 @ 20:30:24 - Row :161 - Parsing item.
09-06-2021 @ 20:30:24 - Row :161 - Processing item.
09-06-2021 @ 20:30:24 - Found simple product object. ID:453540
09-06-2021 @ 20:30:24 - Setting Featured Image. URL:https://inspiry.co.nz/wp-content/uploads/2020/11/Inspiry_Logo-transparent-1.png
09-06-2021 @ 20:30:25 - Attachment ID:446642
09-06-2021 @ 20:30:26 - Row :161 - Product updated successfully.
09-06-2021 @ 20:30:26 - Row :162 - Parsing item.
09-06-2021 @ 20:30:26 - Row :162 - Processing item.
09-06-2021 @ 20:30:26 - Found simple product object. ID:453541
09-06-2021 @ 20:30:26 - Setting Featured Image. URL:https://inspiry.co.nz/wp-content/uploads/2020/11/Inspiry_Logo-transparent-1.png
09-06-2021 @ 20:30:26 - Attachment ID:446642
09-06-2021 @ 20:30:27 - Row :162 - Product updated successfully.
09-06-2021 @ 20:30:27 - Row :163 - Parsing item.
09-06-2021 @ 20:30:27 - Row :163 - Processing item.
09-06-2021 @ 20:30:27 - Found simple product object. ID:453542
09-06-2021 @ 20:30:27 - Setting Featured Image. URL:https://inspiry.co.nz/wp-content/uploads/2020/11/Inspiry_Logo-transparent-1.png
09-06-2021 @ 20:30:28 - Attachment ID:446642
09-06-2021 @ 20:30:28 - Row :163 - Product updated successfully.
09-06-2021 @ 20:30:28 - Row :164 - Parsing item.
09-06-2021 @ 20:30:28 - Row :164 - Processing item.
09-06-2021 @ 20:30:28 - Found simple product object. ID:453543
09-06-2021 @ 20:30:28 - Setting Featured Image. URL:https://inspiry.co.nz/wp-content/uploads/2020/11/Inspiry_Logo-transparent-1.png
09-06-2021 @ 20:30:29 - Attachment ID:446642
09-06-2021 @ 20:30:29 - Row :164 - Product updated successfully.
09-06-2021 @ 20:30:29 - Row :165 - Parsing item.
09-06-2021 @ 20:30:29 - Row :165 - Processing item.
09-06-2021 @ 20:30:29 - Found simple product object. ID:453544
09-06-2021 @ 20:30:29 - Setting Featured Image. URL:https://inspiry.co.nz/wp-content/uploads/2020/11/Inspiry_Logo-transparent-1.png
09-06-2021 @ 20:30:30 - Attachment ID:446642
09-06-2021 @ 20:30:30 - Row :165 - Product updated successfully.
09-06-2021 @ 20:30:30 - Row :166 - Parsing item.
09-06-2021 @ 20:30:30 - Row :166 - Processing item.
09-06-2021 @ 20:30:30 - Found simple product object. ID:453545
09-06-2021 @ 20:30:30 - Setting Featured Image. URL:https://inspiry.co.nz/wp-content/uploads/2020/11/Inspiry_Logo-transparent-1.png
09-06-2021 @ 20:30:31 - Attachment ID:446642
09-06-2021 @ 20:30:31 - Row :166 - Product updated successfully.
09-06-2021 @ 20:30:31 - Row :167 - Parsing item.
09-06-2021 @ 20:30:31 - Row :167 - Processing item.
09-06-2021 @ 20:30:31 - Found simple product object. ID:453546
09-06-2021 @ 20:30:31 - Setting Featured Image. URL:https://inspiry.co.nz/wp-content/uploads/2020/11/Inspiry_Logo-transparent-1.png
09-06-2021 @ 20:30:32 - Attachment ID:446642
09-06-2021 @ 20:30:33 - Row :167 - Product updated successfully.
09-06-2021 @ 20:30:33 - Row :168 - Parsing item.
09-06-2021 @ 20:30:33 - Row :168 - Processing item.
09-06-2021 @ 20:30:33 - Found simple product object. ID:453547
09-06-2021 @ 20:30:33 - Setting Featured Image. URL:https://inspiry.co.nz/wp-content/uploads/2020/11/Inspiry_Logo-transparent-1.png
09-06-2021 @ 20:30:34 - Attachment ID:446642
09-06-2021 @ 20:30:34 - Row :168 - Product updated successfully.
09-06-2021 @ 20:30:34 - Row :169 - Parsing item.
09-06-2021 @ 20:30:34 - Row :169 - Processing item.
09-06-2021 @ 20:30:34 - Found simple product object. ID:453548
09-06-2021 @ 20:30:34 - Setting Featured Image. URL:https://inspiry.co.nz/wp-content/uploads/2020/11/Inspiry_Logo-transparent-1.png
09-06-2021 @ 20:30:35 - Attachment ID:446642
09-06-2021 @ 20:30:35 - Row :169 - Product updated successfully.
09-06-2021 @ 20:30:35 - Row :170 - Parsing item.
09-06-2021 @ 20:30:35 - Row :170 - Processing item.
09-06-2021 @ 20:30:35 - Found simple product object. ID:453549
09-06-2021 @ 20:30:35 - Setting Featured Image. URL:https://inspiry.co.nz/wp-content/uploads/2020/11/Inspiry_Logo-transparent-1.png
09-06-2021 @ 20:30:36 - Attachment ID:446642
09-06-2021 @ 20:30:37 - Row :170 - Product updated successfully.
09-06-2021 @ 20:30:37 - Preparing for import.
09-06-2021 @ 20:30:37 - Row :171 - Parsing item.
09-06-2021 @ 20:30:37 - Row :171 - Processing item.
09-06-2021 @ 20:30:37 - Found simple product object. ID:453550
09-06-2021 @ 20:30:38 - Setting Featured Image. URL:https://inspiry.co.nz/wp-content/uploads/2020/11/Inspiry_Logo-transparent-1.png
09-06-2021 @ 20:30:38 - Attachment ID:446642
09-06-2021 @ 20:30:39 - Row :171 - Product updated successfully.
09-06-2021 @ 20:30:39 - Row :172 - Parsing item.
09-06-2021 @ 20:30:39 - Row :172 - Processing item.
09-06-2021 @ 20:30:39 - Found simple product object. ID:453551
09-06-2021 @ 20:30:39 - Setting Featured Image. URL:https://inspiry.co.nz/wp-content/uploads/2020/11/Inspiry_Logo-transparent-1.png
09-06-2021 @ 20:30:40 - Attachment ID:446642
09-06-2021 @ 20:30:40 - Row :172 - Product updated successfully.
09-06-2021 @ 20:30:40 - Row :173 - Parsing item.
09-06-2021 @ 20:30:40 - Row :173 - Processing item.
09-06-2021 @ 20:30:40 - Found simple product object. ID:453552
09-06-2021 @ 20:30:40 - Setting Featured Image. URL:https://inspiry.co.nz/wp-content/uploads/2020/11/Inspiry_Logo-transparent-1.png
09-06-2021 @ 20:30:41 - Attachment ID:446642
09-06-2021 @ 20:30:41 - Row :173 - Product updated successfully.
09-06-2021 @ 20:30:41 - Row :174 - Parsing item.
09-06-2021 @ 20:30:41 - Row :174 - Processing item.
09-06-2021 @ 20:30:41 - Found simple product object. ID:453553
09-06-2021 @ 20:30:41 - Setting Featured Image. URL:https://inspiry.co.nz/wp-content/uploads/2020/11/Inspiry_Logo-transparent-1.png
09-06-2021 @ 20:30:42 - Attachment ID:446642
09-06-2021 @ 20:30:42 - Row :174 - Product updated successfully.
09-06-2021 @ 20:30:42 - Row :175 - Parsing item.
09-06-2021 @ 20:30:42 - Row :175 - Processing item.
09-06-2021 @ 20:30:43 - Found simple product object. ID:453554
09-06-2021 @ 20:30:43 - Setting Featured Image. URL:https://inspiry.co.nz/wp-content/uploads/2020/11/Inspiry_Logo-transparent-1.png
09-06-2021 @ 20:30:43 - Attachment ID:446642
09-06-2021 @ 20:30:44 - Row :175 - Product updated successfully.
09-06-2021 @ 20:30:44 - Row :176 - Parsing item.
09-06-2021 @ 20:30:44 - Row :176 - Processing item.
09-06-2021 @ 20:30:44 - Found simple product object. ID:453555
09-06-2021 @ 20:30:44 - Setting Featured Image. URL:https://inspiry.co.nz/wp-content/uploads/2020/11/Inspiry_Logo-transparent-1.png
09-06-2021 @ 20:30:45 - Attachment ID:446642
09-06-2021 @ 20:30:45 - Row :176 - Product updated successfully.
09-06-2021 @ 20:30:45 - Row :177 - Parsing item.
09-06-2021 @ 20:30:45 - Row :177 - Processing item.
09-06-2021 @ 20:30:45 - Found simple product object. ID:453556
09-06-2021 @ 20:30:45 - Setting Featured Image. URL:https://inspiry.co.nz/wp-content/uploads/2020/11/Inspiry_Logo-transparent-1.png
09-06-2021 @ 20:30:46 - Attachment ID:446642
09-06-2021 @ 20:30:46 - Row :177 - Product updated successfully.
09-06-2021 @ 20:30:46 - Row :178 - Parsing item.
09-06-2021 @ 20:30:46 - Row :178 - Processing item.
09-06-2021 @ 20:30:46 - Found simple product object. ID:453557
09-06-2021 @ 20:30:46 - Setting Featured Image. URL:https://inspiry.co.nz/wp-content/uploads/2020/11/Inspiry_Logo-transparent-1.png
09-06-2021 @ 20:30:47 - Attachment ID:446642
09-06-2021 @ 20:30:47 - Row :178 - Product updated successfully.
09-06-2021 @ 20:30:47 - Row :179 - Parsing item.
09-06-2021 @ 20:30:47 - Row :179 - Processing item.
09-06-2021 @ 20:30:47 - Found simple product object. ID:453558
09-06-2021 @ 20:30:47 - Setting Featured Image. URL:https://inspiry.co.nz/wp-content/uploads/2020/11/Inspiry_Logo-transparent-1.png
09-06-2021 @ 20:30:47 - Attachment ID:446642
09-06-2021 @ 20:30:48 - Row :179 - Product updated successfully.
09-06-2021 @ 20:30:48 - Row :180 - Parsing item.
09-06-2021 @ 20:30:48 - Row :180 - Processing item.
09-06-2021 @ 20:30:48 - Found simple product object. ID:453559
09-06-2021 @ 20:30:48 - Setting Featured Image. URL:https://inspiry.co.nz/wp-content/uploads/2020/11/Inspiry_Logo-transparent-1.png
09-06-2021 @ 20:30:49 - Attachment ID:446642
09-06-2021 @ 20:30:49 - Row :180 - Product updated successfully.
09-06-2021 @ 20:30:50 - Preparing for import.
09-06-2021 @ 20:30:50 - Row :181 - Parsing item.
09-06-2021 @ 20:30:50 - Row :181 - Processing item.
09-06-2021 @ 20:30:50 - Found simple product object. ID:453560
09-06-2021 @ 20:30:50 - Setting Featured Image. URL:https://inspiry.co.nz/wp-content/uploads/2020/11/Inspiry_Logo-transparent-1.png
09-06-2021 @ 20:30:50 - Attachment ID:446642
09-06-2021 @ 20:30:51 - Row :181 - Product updated successfully.
09-06-2021 @ 20:30:51 - Row :182 - Parsing item.
09-06-2021 @ 20:30:51 - Row :182 - Processing item.
09-06-2021 @ 20:30:51 - Found simple product object. ID:453561
09-06-2021 @ 20:30:51 - Setting Featured Image. URL:https://inspiry.co.nz/wp-content/uploads/2020/11/Inspiry_Logo-transparent-1.png
09-06-2021 @ 20:30:52 - Attachment ID:446642
09-06-2021 @ 20:30:52 - Row :182 - Product updated successfully.
09-06-2021 @ 20:30:52 - Row :183 - Parsing item.
09-06-2021 @ 20:30:52 - Row :183 - Processing item.
09-06-2021 @ 20:30:52 - Found simple product object. ID:453562
09-06-2021 @ 20:30:52 - Setting Featured Image. URL:https://inspiry.co.nz/wp-content/uploads/2020/11/Inspiry_Logo-transparent-1.png
09-06-2021 @ 20:30:53 - Attachment ID:446642
09-06-2021 @ 20:30:53 - Row :183 - Product updated successfully.
09-06-2021 @ 20:30:53 - Row :184 - Parsing item.
09-06-2021 @ 20:30:53 - Row :184 - Processing item.
09-06-2021 @ 20:30:53 - Found simple product object. ID:453563
09-06-2021 @ 20:30:53 - Setting Featured Image. URL:https://inspiry.co.nz/wp-content/uploads/2020/11/Inspiry_Logo-transparent-1.png
09-06-2021 @ 20:30:54 - Attachment ID:446642
09-06-2021 @ 20:30:54 - Row :184 - Product updated successfully.
09-06-2021 @ 20:30:54 - Row :185 - Parsing item.
09-06-2021 @ 20:30:54 - Row :185 - Processing item.
09-06-2021 @ 20:30:54 - Found simple product object. ID:453564
09-06-2021 @ 20:30:54 - Setting Featured Image. URL:https://inspiry.co.nz/wp-content/uploads/2020/11/Inspiry_Logo-transparent-1.png
09-06-2021 @ 20:30:55 - Attachment ID:446642
09-06-2021 @ 20:30:55 - Row :185 - Product updated successfully.
09-06-2021 @ 20:30:55 - Row :186 - Parsing item.
09-06-2021 @ 20:30:55 - Row :186 - Processing item.
09-06-2021 @ 20:30:55 - Found simple product object. ID:453565
09-06-2021 @ 20:30:55 - Setting Featured Image. URL:https://inspiry.co.nz/wp-content/uploads/2020/11/Inspiry_Logo-transparent-1.png
09-06-2021 @ 20:30:56 - Attachment ID:446642
09-06-2021 @ 20:30:56 - Row :186 - Product updated successfully.
09-06-2021 @ 20:30:56 - Row :187 - Parsing item.
09-06-2021 @ 20:30:56 - Row :187 - Processing item.
09-06-2021 @ 20:30:56 - Found simple product object. ID:453566
09-06-2021 @ 20:30:56 - Setting Featured Image. URL:https://inspiry.co.nz/wp-content/uploads/2020/11/Inspiry_Logo-transparent-1.png
09-06-2021 @ 20:30:57 - Attachment ID:446642
09-06-2021 @ 20:30:58 - Row :187 - Product updated successfully.
09-06-2021 @ 20:30:58 - Row :188 - Parsing item.
09-06-2021 @ 20:30:58 - Row :188 - Processing item.
09-06-2021 @ 20:30:58 - Found simple product object. ID:453567
09-06-2021 @ 20:30:58 - Setting Featured Image. URL:https://inspiry.co.nz/wp-content/uploads/2020/11/Inspiry_Logo-transparent-1.png
09-06-2021 @ 20:30:58 - Attachment ID:446642
09-06-2021 @ 20:30:59 - Row :188 - Product updated successfully.
09-06-2021 @ 20:30:59 - Row :189 - Parsing item.
09-06-2021 @ 20:30:59 - Row :189 - Processing item.
09-06-2021 @ 20:30:59 - Found simple product object. ID:453568
09-06-2021 @ 20:30:59 - Setting Featured Image. URL:https://inspiry.co.nz/wp-content/uploads/2020/11/Inspiry_Logo-transparent-1.png
09-06-2021 @ 20:31:00 - Attachment ID:446642
09-06-2021 @ 20:31:01 - Row :189 - Product updated successfully.
09-06-2021 @ 20:31:01 - Row :190 - Parsing item.
09-06-2021 @ 20:31:01 - Row :190 - Processing item.
09-06-2021 @ 20:31:01 - Found simple product object. ID:453569
09-06-2021 @ 20:31:01 - Setting Featured Image. URL:https://inspiry.co.nz/wp-content/uploads/2020/11/Inspiry_Logo-transparent-1.png
09-06-2021 @ 20:31:01 - Attachment ID:446642
09-06-2021 @ 20:31:02 - Row :190 - Product updated successfully.
09-06-2021 @ 20:31:03 - Preparing for import.
09-06-2021 @ 20:31:03 - Row :191 - Parsing item.
09-06-2021 @ 20:31:03 - Row :191 - Processing item.
09-06-2021 @ 20:31:03 - Found simple product object. ID:453570
09-06-2021 @ 20:31:03 - Setting Featured Image. URL:https://inspiry.co.nz/wp-content/uploads/2020/11/Inspiry_Logo-transparent-1.png
09-06-2021 @ 20:31:04 - Attachment ID:446642
09-06-2021 @ 20:31:04 - Row :191 - Product updated successfully.
09-06-2021 @ 20:31:04 - Row :192 - Parsing item.
09-06-2021 @ 20:31:04 - Row :192 - Processing item.
09-06-2021 @ 20:31:04 - Found simple product object. ID:453571
09-06-2021 @ 20:31:04 - Setting Featured Image. URL:https://inspiry.co.nz/wp-content/uploads/2020/11/Inspiry_Logo-transparent-1.png
09-06-2021 @ 20:31:05 - Attachment ID:446642
09-06-2021 @ 20:31:05 - Row :192 - Product updated successfully.
09-06-2021 @ 20:31:05 - Row :193 - Parsing item.
09-06-2021 @ 20:31:05 - Row :193 - Processing item.
09-06-2021 @ 20:31:05 - Found simple product object. ID:453572
09-06-2021 @ 20:31:05 - Setting Featured Image. URL:https://inspiry.co.nz/wp-content/uploads/2020/11/Inspiry_Logo-transparent-1.png
09-06-2021 @ 20:31:06 - Attachment ID:446642
09-06-2021 @ 20:31:06 - Row :193 - Product updated successfully.
09-06-2021 @ 20:31:06 - Row :194 - Parsing item.
09-06-2021 @ 20:31:06 - Row :194 - Processing item.
09-06-2021 @ 20:31:06 - Found simple product object. ID:453573
09-06-2021 @ 20:31:06 - Setting Featured Image. URL:https://inspiry.co.nz/wp-content/uploads/2020/11/Inspiry_Logo-transparent-1.png
09-06-2021 @ 20:31:07 - Attachment ID:446642
09-06-2021 @ 20:31:08 - Row :194 - Product updated successfully.
09-06-2021 @ 20:31:08 - Row :195 - Parsing item.
09-06-2021 @ 20:31:08 - Row :195 - Processing item.
09-06-2021 @ 20:31:08 - Found simple product object. ID:453574
09-06-2021 @ 20:31:08 - Setting Featured Image. URL:https://inspiry.co.nz/wp-content/uploads/2020/11/Inspiry_Logo-transparent-1.png
09-06-2021 @ 20:31:09 - Attachment ID:446642
09-06-2021 @ 20:31:09 - Row :195 - Product updated successfully.
09-06-2021 @ 20:31:09 - Row :196 - Parsing item.
09-06-2021 @ 20:31:09 - Row :196 - Processing item.
09-06-2021 @ 20:31:09 - Found simple product object. ID:453575
09-06-2021 @ 20:31:09 - Setting Featured Image. URL:https://inspiry.co.nz/wp-content/uploads/2020/11/Inspiry_Logo-transparent-1.png
09-06-2021 @ 20:31:10 - Attachment ID:446642
09-06-2021 @ 20:31:10 - Row :196 - Product updated successfully.
09-06-2021 @ 20:31:10 - Row :197 - Parsing item.
09-06-2021 @ 20:31:10 - Row :197 - Processing item.
09-06-2021 @ 20:31:10 - Found simple product object. ID:453576
09-06-2021 @ 20:31:10 - Setting Featured Image. URL:https://inspiry.co.nz/wp-content/uploads/2020/11/Inspiry_Logo-transparent-1.png
09-06-2021 @ 20:31:11 - Attachment ID:446642
09-06-2021 @ 20:31:11 - Row :197 - Product updated successfully.
09-06-2021 @ 20:31:11 - Row :198 - Parsing item.
09-06-2021 @ 20:31:11 - Row :198 - Processing item.
09-06-2021 @ 20:31:11 - Found simple product object. ID:453577
09-06-2021 @ 20:31:11 - Setting Featured Image. URL:https://inspiry.co.nz/wp-content/uploads/2020/11/Inspiry_Logo-transparent-1.png
09-06-2021 @ 20:31:12 - Attachment ID:446642
09-06-2021 @ 20:31:13 - Row :198 - Product updated successfully.
09-06-2021 @ 20:31:13 - Row :199 - Parsing item.
09-06-2021 @ 20:31:13 - Row :199 - Processing item.
09-06-2021 @ 20:31:13 - Found simple product object. ID:453578
09-06-2021 @ 20:31:13 - Setting Featured Image. URL:https://inspiry.co.nz/wp-content/uploads/2020/11/Inspiry_Logo-transparent-1.png
09-06-2021 @ 20:31:14 - Attachment ID:446642
09-06-2021 @ 20:31:14 - Row :199 - Product updated successfully.
09-06-2021 @ 20:31:14 - Row :200 - Parsing item.
09-06-2021 @ 20:31:14 - Row :200 - Processing item.
09-06-2021 @ 20:31:14 - Found simple product object. ID:453579
09-06-2021 @ 20:31:14 - Setting Featured Image. URL:https://inspiry.co.nz/wp-content/uploads/2020/11/Inspiry_Logo-transparent-1.png
09-06-2021 @ 20:31:15 - Attachment ID:446642
09-06-2021 @ 20:31:15 - Row :200 - Product updated successfully.
09-06-2021 @ 20:31:16 - Preparing for import.
09-06-2021 @ 20:31:16 - Row :201 - Parsing item.
09-06-2021 @ 20:31:16 - Row :201 - Processing item.
09-06-2021 @ 20:31:16 - Found simple product object. ID:453580
09-06-2021 @ 20:31:16 - Setting Featured Image. URL:https://inspiry.co.nz/wp-content/uploads/2020/11/Inspiry_Logo-transparent-1.png
09-06-2021 @ 20:31:17 - Attachment ID:446642
09-06-2021 @ 20:31:17 - Row :201 - Product updated successfully.
09-06-2021 @ 20:31:17 - Row :202 - Parsing item.
09-06-2021 @ 20:31:17 - Row :202 - Processing item.
09-06-2021 @ 20:31:17 - Found simple product object. ID:453581
09-06-2021 @ 20:31:17 - Setting Featured Image. URL:https://inspiry.co.nz/wp-content/uploads/2020/11/Inspiry_Logo-transparent-1.png
09-06-2021 @ 20:31:18 - Attachment ID:446642
09-06-2021 @ 20:31:18 - Row :202 - Product updated successfully.
09-06-2021 @ 20:31:18 - Row :203 - Parsing item.
09-06-2021 @ 20:31:18 - Row :203 - Processing item.
09-06-2021 @ 20:31:18 - Found simple product object. ID:453582
09-06-2021 @ 20:31:18 - Setting Featured Image. URL:https://inspiry.co.nz/wp-content/uploads/2020/11/Inspiry_Logo-transparent-1.png
09-06-2021 @ 20:31:19 - Attachment ID:446642
09-06-2021 @ 20:31:20 - Row :203 - Product updated successfully.
09-06-2021 @ 20:31:20 - Row :204 - Parsing item.
09-06-2021 @ 20:31:20 - Row :204 - Processing item.
09-06-2021 @ 20:31:20 - Found simple product object. ID:453583
09-06-2021 @ 20:31:20 - Setting Featured Image. URL:https://inspiry.co.nz/wp-content/uploads/2020/11/Inspiry_Logo-transparent-1.png
09-06-2021 @ 20:31:21 - Attachment ID:446642
09-06-2021 @ 20:31:21 - Row :204 - Product updated successfully.
09-06-2021 @ 20:31:21 - Row :205 - Parsing item.
09-06-2021 @ 20:31:21 - Row :205 - Processing item.
09-06-2021 @ 20:31:21 - Found simple product object. ID:453584
09-06-2021 @ 20:31:21 - Setting Featured Image. URL:https://inspiry.co.nz/wp-content/uploads/2020/11/Inspiry_Logo-transparent-1.png
09-06-2021 @ 20:31:22 - Attachment ID:446642
09-06-2021 @ 20:31:23 - Row :205 - Product updated successfully.
09-06-2021 @ 20:31:23 - Row :206 - Parsing item.
09-06-2021 @ 20:31:23 - Row :206 - Processing item.
09-06-2021 @ 20:31:23 - Found simple product object. ID:453585
09-06-2021 @ 20:31:23 - Setting Featured Image. URL:https://inspiry.co.nz/wp-content/uploads/2020/11/Inspiry_Logo-transparent-1.png
09-06-2021 @ 20:31:23 - Attachment ID:446642
09-06-2021 @ 20:31:24 - Row :206 - Product updated successfully.
09-06-2021 @ 20:31:24 - Row :207 - Parsing item.
09-06-2021 @ 20:31:24 - Row :207 - Processing item.
09-06-2021 @ 20:31:24 - Found simple product object. ID:453586
09-06-2021 @ 20:31:24 - Setting Featured Image. URL:https://inspiry.co.nz/wp-content/uploads/2020/11/Inspiry_Logo-transparent-1.png
09-06-2021 @ 20:31:25 - Attachment ID:446642
09-06-2021 @ 20:31:25 - Row :207 - Product updated successfully.
09-06-2021 @ 20:31:25 - Row :208 - Parsing item.
09-06-2021 @ 20:31:25 - Row :208 - Processing item.
09-06-2021 @ 20:31:25 - Found simple product object. ID:453587
09-06-2021 @ 20:31:25 - Setting Featured Image. URL:https://inspiry.co.nz/wp-content/uploads/2020/11/Inspiry_Logo-transparent-1.png
09-06-2021 @ 20:31:26 - Attachment ID:446642
09-06-2021 @ 20:31:26 - Row :208 - Product updated successfully.
09-06-2021 @ 20:31:26 - Row :209 - Parsing item.
09-06-2021 @ 20:31:26 - Row :209 - Processing item.
09-06-2021 @ 20:31:26 - Found simple product object. ID:453588
09-06-2021 @ 20:31:26 - Setting Featured Image. URL:https://inspiry.co.nz/wp-content/uploads/2020/11/Inspiry_Logo-transparent-1.png
09-06-2021 @ 20:31:27 - Attachment ID:446642
09-06-2021 @ 20:31:28 - Row :209 - Product updated successfully.
09-06-2021 @ 20:31:28 - Row :210 - Parsing item.
09-06-2021 @ 20:31:28 - Row :210 - Processing item.
09-06-2021 @ 20:31:28 - Found simple product object. ID:453589
09-06-2021 @ 20:31:28 - Setting Featured Image. URL:https://inspiry.co.nz/wp-content/uploads/2020/11/Inspiry_Logo-transparent-1.png
09-06-2021 @ 20:31:28 - Attachment ID:446642
09-06-2021 @ 20:31:29 - Row :210 - Product updated successfully.
09-06-2021 @ 20:31:30 - Preparing for import.
09-06-2021 @ 20:31:30 - Row :211 - Parsing item.
09-06-2021 @ 20:31:30 - Row :211 - Processing item.
09-06-2021 @ 20:31:30 - Found simple product object. ID:453590
09-06-2021 @ 20:31:30 - Setting Featured Image. URL:https://inspiry.co.nz/wp-content/uploads/2020/11/Inspiry_Logo-transparent-1.png
09-06-2021 @ 20:31:31 - Attachment ID:446642
09-06-2021 @ 20:31:31 - Row :211 - Product updated successfully.
09-06-2021 @ 20:31:31 - Row :212 - Parsing item.
09-06-2021 @ 20:31:31 - Row :212 - Processing item.
09-06-2021 @ 20:31:31 - Found simple product object. ID:453591
09-06-2021 @ 20:31:31 - Setting Featured Image. URL:https://inspiry.co.nz/wp-content/uploads/2020/11/Inspiry_Logo-transparent-1.png
09-06-2021 @ 20:31:32 - Attachment ID:446642
09-06-2021 @ 20:31:32 - Row :212 - Product updated successfully.
09-06-2021 @ 20:31:32 - Row :213 - Parsing item.
09-06-2021 @ 20:31:32 - Row :213 - Processing item.
09-06-2021 @ 20:31:32 - Found simple product object. ID:453592
09-06-2021 @ 20:31:32 - Setting Featured Image. URL:https://inspiry.co.nz/wp-content/uploads/2020/11/Inspiry_Logo-transparent-1.png
09-06-2021 @ 20:31:33 - Attachment ID:446642
09-06-2021 @ 20:31:33 - Row :213 - Product updated successfully.
09-06-2021 @ 20:31:33 - Row :214 - Parsing item.
09-06-2021 @ 20:31:33 - Row :214 - Processing item.
09-06-2021 @ 20:31:33 - Found simple product object. ID:453593
09-06-2021 @ 20:31:33 - Setting Featured Image. URL:https://inspiry.co.nz/wp-content/uploads/2020/11/Inspiry_Logo-transparent-1.png
09-06-2021 @ 20:31:34 - Attachment ID:446642
09-06-2021 @ 20:31:34 - Row :214 - Product updated successfully.
09-06-2021 @ 20:31:34 - ---[ Import ended at 2021-09-06 08:31:34]---
