09-06-2021 @ 20:50:53 - ---[ New import started at 2021-09-06 08:50:53 ] PHP Memory: 768 MB, WP Memory: 40 MB
09-06-2021 @ 20:50:53 - Preparing for import.
09-06-2021 @ 20:50:53 - Row :1 - Parsing item.
09-06-2021 @ 20:50:53 - Row :1 - Processing item.
09-06-2021 @ 20:50:53 - Found simple product object. ID:453388
09-06-2021 @ 20:50:54 - Row :1 - Product updated successfully.
09-06-2021 @ 20:50:54 - Row :2 - Parsing item.
09-06-2021 @ 20:50:54 - Row :2 - Processing item.
09-06-2021 @ 20:50:54 - Found simple product object. ID:453389
09-06-2021 @ 20:50:55 - Row :2 - Product updated successfully.
09-06-2021 @ 20:50:55 - Row :3 - Parsing item.
09-06-2021 @ 20:50:55 - Row :3 - Processing item.
09-06-2021 @ 20:50:55 - Found simple product object. ID:453390
09-06-2021 @ 20:50:55 - Row :3 - Product updated successfully.
09-06-2021 @ 20:50:55 - Row :4 - Parsing item.
09-06-2021 @ 20:50:55 - Row :4 - Processing item.
09-06-2021 @ 20:50:55 - Found simple product object. ID:453391
09-06-2021 @ 20:50:56 - Row :4 - Product updated successfully.
09-06-2021 @ 20:50:56 - Row :5 - Parsing item.
09-06-2021 @ 20:50:56 - Row :5 - Processing item.
09-06-2021 @ 20:50:56 - Found simple product object. ID:453392
09-06-2021 @ 20:50:57 - Row :5 - Product updated successfully.
09-06-2021 @ 20:50:57 - Row :6 - Parsing item.
09-06-2021 @ 20:50:57 - Row :6 - Processing item.
09-06-2021 @ 20:50:57 - Found simple product object. ID:453393
09-06-2021 @ 20:50:57 - Row :6 - Product updated successfully.
09-06-2021 @ 20:50:57 - Row :7 - Parsing item.
09-06-2021 @ 20:50:57 - Row :7 - Processing item.
09-06-2021 @ 20:50:57 - Found simple product object. ID:453394
09-06-2021 @ 20:50:58 - Row :7 - Product updated successfully.
09-06-2021 @ 20:50:58 - Row :8 - Parsing item.
09-06-2021 @ 20:50:58 - Row :8 - Processing item.
09-06-2021 @ 20:50:58 - Found simple product object. ID:453395
09-06-2021 @ 20:50:58 - Row :8 - Product updated successfully.
09-06-2021 @ 20:50:58 - Row :9 - Parsing item.
09-06-2021 @ 20:50:58 - Row :9 - Processing item.
09-06-2021 @ 20:50:58 - Found simple product object. ID:453396
09-06-2021 @ 20:50:59 - Row :9 - Product updated successfully.
09-06-2021 @ 20:50:59 - Row :10 - Parsing item.
09-06-2021 @ 20:50:59 - Row :10 - Processing item.
09-06-2021 @ 20:50:59 - Found simple product object. ID:453397
09-06-2021 @ 20:51:00 - Row :10 - Product updated successfully.
09-06-2021 @ 20:51:00 - Preparing for import.
09-06-2021 @ 20:51:00 - Row :11 - Parsing item.
09-06-2021 @ 20:51:00 - Row :11 - Processing item.
09-06-2021 @ 20:51:00 - Found simple product object. ID:453398
09-06-2021 @ 20:51:01 - Row :11 - Product updated successfully.
09-06-2021 @ 20:51:01 - Row :12 - Parsing item.
09-06-2021 @ 20:51:01 - Row :12 - Processing item.
09-06-2021 @ 20:51:01 - Found simple product object. ID:453399
09-06-2021 @ 20:51:01 - Row :12 - Product updated successfully.
09-06-2021 @ 20:51:01 - Row :13 - Parsing item.
09-06-2021 @ 20:51:01 - Row :13 - Processing item.
09-06-2021 @ 20:51:01 - Found simple product object. ID:453400
09-06-2021 @ 20:51:02 - Row :13 - Product updated successfully.
09-06-2021 @ 20:51:02 - Row :14 - Parsing item.
09-06-2021 @ 20:51:02 - Row :14 - Processing item.
09-06-2021 @ 20:51:02 - Found simple product object. ID:453401
09-06-2021 @ 20:51:03 - Row :14 - Product updated successfully.
09-06-2021 @ 20:51:03 - Row :15 - Parsing item.
09-06-2021 @ 20:51:03 - Row :15 - Processing item.
09-06-2021 @ 20:51:03 - Found simple product object. ID:453402
09-06-2021 @ 20:51:03 - Row :15 - Product updated successfully.
09-06-2021 @ 20:51:03 - Row :16 - Parsing item.
09-06-2021 @ 20:51:03 - Row :16 - Processing item.
09-06-2021 @ 20:51:03 - Found simple product object. ID:453403
09-06-2021 @ 20:51:04 - Row :16 - Product updated successfully.
09-06-2021 @ 20:51:04 - Row :17 - Parsing item.
09-06-2021 @ 20:51:04 - Row :17 - Processing item.
09-06-2021 @ 20:51:04 - Found simple product object. ID:453404
09-06-2021 @ 20:51:04 - Row :17 - Product updated successfully.
09-06-2021 @ 20:51:04 - Row :18 - Parsing item.
09-06-2021 @ 20:51:04 - Row :18 - Processing item.
09-06-2021 @ 20:51:04 - Found simple product object. ID:453405
09-06-2021 @ 20:51:05 - Row :18 - Product updated successfully.
09-06-2021 @ 20:51:05 - Row :19 - Parsing item.
09-06-2021 @ 20:51:05 - Row :19 - Processing item.
09-06-2021 @ 20:51:05 - Found simple product object. ID:453406
09-06-2021 @ 20:51:06 - Row :19 - Product updated successfully.
09-06-2021 @ 20:51:06 - Row :20 - Parsing item.
09-06-2021 @ 20:51:06 - Row :20 - Processing item.
09-06-2021 @ 20:51:06 - Found simple product object. ID:453407
09-06-2021 @ 20:51:07 - Row :20 - Product updated successfully.
09-06-2021 @ 20:51:07 - Preparing for import.
09-06-2021 @ 20:51:07 - Row :21 - Parsing item.
09-06-2021 @ 20:51:07 - Row :21 - Processing item.
09-06-2021 @ 20:51:07 - Found simple product object. ID:453408
09-06-2021 @ 20:51:08 - Row :21 - Product updated successfully.
09-06-2021 @ 20:51:08 - Row :22 - Parsing item.
09-06-2021 @ 20:51:08 - Row :22 - Processing item.
09-06-2021 @ 20:51:08 - Found simple product object. ID:453409
09-06-2021 @ 20:51:08 - Row :22 - Product updated successfully.
09-06-2021 @ 20:51:08 - Row :23 - Parsing item.
09-06-2021 @ 20:51:08 - Row :23 - Processing item.
09-06-2021 @ 20:51:08 - Found simple product object. ID:453410
09-06-2021 @ 20:51:09 - Row :23 - Product updated successfully.
09-06-2021 @ 20:51:09 - Row :24 - Parsing item.
09-06-2021 @ 20:51:09 - Row :24 - Processing item.
09-06-2021 @ 20:51:09 - Found simple product object. ID:453411
09-06-2021 @ 20:51:09 - Row :24 - Product updated successfully.
09-06-2021 @ 20:51:09 - Row :25 - Parsing item.
09-06-2021 @ 20:51:10 - Row :25 - Processing item.
09-06-2021 @ 20:51:10 - Found simple product object. ID:453412
09-06-2021 @ 20:51:10 - Row :25 - Product updated successfully.
09-06-2021 @ 20:51:10 - Row :26 - Parsing item.
09-06-2021 @ 20:51:10 - Row :26 - Processing item.
09-06-2021 @ 20:51:10 - Found simple product object. ID:453413
09-06-2021 @ 20:51:11 - Row :26 - Product updated successfully.
09-06-2021 @ 20:51:11 - Row :27 - Parsing item.
09-06-2021 @ 20:51:11 - Row :27 - Processing item.
09-06-2021 @ 20:51:11 - Found simple product object. ID:453414
09-06-2021 @ 20:51:12 - Row :27 - Product updated successfully.
09-06-2021 @ 20:51:12 - Row :28 - Parsing item.
09-06-2021 @ 20:51:12 - Row :28 - Processing item.
09-06-2021 @ 20:51:12 - Found simple product object. ID:453415
09-06-2021 @ 20:51:12 - Row :28 - Product updated successfully.
09-06-2021 @ 20:51:12 - Row :29 - Parsing item.
09-06-2021 @ 20:51:12 - Row :29 - Processing item.
09-06-2021 @ 20:51:12 - Found simple product object. ID:453416
09-06-2021 @ 20:51:13 - Row :29 - Product updated successfully.
09-06-2021 @ 20:51:13 - Row :30 - Parsing item.
09-06-2021 @ 20:51:13 - Row :30 - Processing item.
09-06-2021 @ 20:51:13 - Found simple product object. ID:453417
09-06-2021 @ 20:51:13 - Row :30 - Product updated successfully.
09-06-2021 @ 20:51:15 - Preparing for import.
09-06-2021 @ 20:51:15 - Row :31 - Parsing item.
09-06-2021 @ 20:51:15 - Row :31 - Processing item.
09-06-2021 @ 20:51:15 - Found simple product object. ID:453418
09-06-2021 @ 20:51:15 - Row :31 - Product updated successfully.
09-06-2021 @ 20:51:15 - Row :32 - Parsing item.
09-06-2021 @ 20:51:15 - Row :32 - Processing item.
09-06-2021 @ 20:51:15 - Found simple product object. ID:453419
09-06-2021 @ 20:51:16 - Row :32 - Product updated successfully.
09-06-2021 @ 20:51:16 - Row :33 - Parsing item.
09-06-2021 @ 20:51:16 - Row :33 - Processing item.
09-06-2021 @ 20:51:16 - Found simple product object. ID:453420
09-06-2021 @ 20:51:16 - Row :33 - Product updated successfully.
09-06-2021 @ 20:51:16 - Row :34 - Parsing item.
09-06-2021 @ 20:51:16 - Row :34 - Processing item.
09-06-2021 @ 20:51:16 - Found simple product object. ID:453421
09-06-2021 @ 20:51:16 - Row :34 - Product updated successfully.
09-06-2021 @ 20:51:16 - Row :35 - Parsing item.
09-06-2021 @ 20:51:16 - Row :35 - Processing item.
09-06-2021 @ 20:51:16 - Found simple product object. ID:453422
09-06-2021 @ 20:51:17 - Row :35 - Product updated successfully.
09-06-2021 @ 20:51:17 - Row :36 - Parsing item.
09-06-2021 @ 20:51:17 - Row :36 - Processing item.
09-06-2021 @ 20:51:17 - Found simple product object. ID:453423
09-06-2021 @ 20:51:18 - Row :36 - Product updated successfully.
09-06-2021 @ 20:51:18 - Row :37 - Parsing item.
09-06-2021 @ 20:51:18 - Row :37 - Processing item.
09-06-2021 @ 20:51:18 - Found simple product object. ID:453424
09-06-2021 @ 20:51:18 - Row :37 - Product updated successfully.
09-06-2021 @ 20:51:18 - Row :38 - Parsing item.
09-06-2021 @ 20:51:18 - Row :38 - Processing item.
09-06-2021 @ 20:51:18 - Found simple product object. ID:453425
09-06-2021 @ 20:51:18 - Row :38 - Product updated successfully.
09-06-2021 @ 20:51:18 - Row :39 - Parsing item.
09-06-2021 @ 20:51:18 - Row :39 - Processing item.
09-06-2021 @ 20:51:18 - Found simple product object. ID:453426
09-06-2021 @ 20:51:19 - Row :39 - Product updated successfully.
09-06-2021 @ 20:51:19 - Row :40 - Parsing item.
09-06-2021 @ 20:51:19 - Row :40 - Processing item.
09-06-2021 @ 20:51:19 - Found simple product object. ID:453427
09-06-2021 @ 20:51:19 - Row :40 - Product updated successfully.
09-06-2021 @ 20:51:21 - Preparing for import.
09-06-2021 @ 20:51:21 - Row :41 - Parsing item.
09-06-2021 @ 20:51:21 - Row :41 - Processing item.
09-06-2021 @ 20:51:21 - Found simple product object. ID:453428
09-06-2021 @ 20:51:22 - Row :41 - Product updated successfully.
09-06-2021 @ 20:51:22 - Row :42 - Parsing item.
09-06-2021 @ 20:51:22 - Row :42 - Processing item.
09-06-2021 @ 20:51:22 - Found simple product object. ID:453429
09-06-2021 @ 20:51:23 - Row :42 - Product updated successfully.
09-06-2021 @ 20:51:23 - Row :43 - Parsing item.
09-06-2021 @ 20:51:23 - Row :43 - Processing item.
09-06-2021 @ 20:51:23 - Found simple product object. ID:453430
09-06-2021 @ 20:51:24 - Row :43 - Product updated successfully.
09-06-2021 @ 20:51:24 - Row :44 - Parsing item.
09-06-2021 @ 20:51:24 - Row :44 - Processing item.
09-06-2021 @ 20:51:24 - Found simple product object. ID:453431
09-06-2021 @ 20:51:24 - Row :44 - Product updated successfully.
09-06-2021 @ 20:51:24 - Row :45 - Parsing item.
09-06-2021 @ 20:51:24 - Row :45 - Processing item.
09-06-2021 @ 20:51:24 - Found simple product object. ID:453432
09-06-2021 @ 20:51:25 - Row :45 - Product updated successfully.
09-06-2021 @ 20:51:25 - Row :46 - Parsing item.
09-06-2021 @ 20:51:25 - Row :46 - Processing item.
09-06-2021 @ 20:51:25 - Found simple product object. ID:453433
09-06-2021 @ 20:51:26 - Row :46 - Product updated successfully.
09-06-2021 @ 20:51:26 - Row :47 - Parsing item.
09-06-2021 @ 20:51:26 - Row :47 - Processing item.
09-06-2021 @ 20:51:26 - Found simple product object. ID:453434
09-06-2021 @ 20:51:26 - Row :47 - Product updated successfully.
09-06-2021 @ 20:51:26 - Row :48 - Parsing item.
09-06-2021 @ 20:51:26 - Row :48 - Processing item.
09-06-2021 @ 20:51:26 - Found simple product object. ID:453435
09-06-2021 @ 20:51:27 - Row :48 - Product updated successfully.
09-06-2021 @ 20:51:27 - Row :49 - Parsing item.
09-06-2021 @ 20:51:27 - Row :49 - Processing item.
09-06-2021 @ 20:51:27 - Found simple product object. ID:453436
09-06-2021 @ 20:51:27 - Row :49 - Product updated successfully.
09-06-2021 @ 20:51:27 - Row :50 - Parsing item.
09-06-2021 @ 20:51:27 - Row :50 - Processing item.
09-06-2021 @ 20:51:27 - Found simple product object. ID:453437
09-06-2021 @ 20:51:28 - Row :50 - Product updated successfully.
09-06-2021 @ 20:51:29 - Preparing for import.
09-06-2021 @ 20:51:29 - Row :51 - Parsing item.
09-06-2021 @ 20:51:29 - Row :51 - Processing item.
09-06-2021 @ 20:51:29 - Found simple product object. ID:453438
09-06-2021 @ 20:51:29 - Row :51 - Product updated successfully.
09-06-2021 @ 20:51:29 - Row :52 - Parsing item.
09-06-2021 @ 20:51:29 - Row :52 - Processing item.
09-06-2021 @ 20:51:29 - Found simple product object. ID:453439
09-06-2021 @ 20:51:29 - Row :52 - Product updated successfully.
09-06-2021 @ 20:51:29 - Row :53 - Parsing item.
09-06-2021 @ 20:51:29 - Row :53 - Processing item.
09-06-2021 @ 20:51:29 - Found simple product object. ID:453440
09-06-2021 @ 20:51:30 - Row :53 - Product updated successfully.
09-06-2021 @ 20:51:30 - Row :54 - Parsing item.
09-06-2021 @ 20:51:30 - Row :54 - Processing item.
09-06-2021 @ 20:51:30 - Found simple product object. ID:453441
09-06-2021 @ 20:51:30 - Row :54 - Product updated successfully.
09-06-2021 @ 20:51:30 - Row :55 - Parsing item.
09-06-2021 @ 20:51:30 - Row :55 - Processing item.
09-06-2021 @ 20:51:30 - Found simple product object. ID:453442
09-06-2021 @ 20:51:30 - Row :55 - Product updated successfully.
09-06-2021 @ 20:51:30 - Row :56 - Parsing item.
09-06-2021 @ 20:51:30 - Row :56 - Processing item.
09-06-2021 @ 20:51:30 - Found simple product object. ID:453443
09-06-2021 @ 20:51:31 - Row :56 - Product updated successfully.
09-06-2021 @ 20:51:31 - Row :57 - Parsing item.
09-06-2021 @ 20:51:31 - Row :57 - Processing item.
09-06-2021 @ 20:51:31 - Found simple product object. ID:453444
09-06-2021 @ 20:51:32 - Row :57 - Product updated successfully.
09-06-2021 @ 20:51:32 - Row :58 - Parsing item.
09-06-2021 @ 20:51:32 - Row :58 - Processing item.
09-06-2021 @ 20:51:32 - Found simple product object. ID:453445
09-06-2021 @ 20:51:32 - Row :58 - Product updated successfully.
09-06-2021 @ 20:51:32 - Row :59 - Parsing item.
09-06-2021 @ 20:51:32 - Row :59 - Processing item.
09-06-2021 @ 20:51:32 - Found simple product object. ID:453446
09-06-2021 @ 20:51:33 - Row :59 - Product updated successfully.
09-06-2021 @ 20:51:33 - Row :60 - Parsing item.
09-06-2021 @ 20:51:33 - Row :60 - Processing item.
09-06-2021 @ 20:51:33 - Found simple product object. ID:453447
09-06-2021 @ 20:51:33 - Row :60 - Product updated successfully.
09-06-2021 @ 20:51:34 - Preparing for import.
09-06-2021 @ 20:51:34 - Row :61 - Parsing item.
09-06-2021 @ 20:51:34 - Row :61 - Processing item.
09-06-2021 @ 20:51:34 - Found simple product object. ID:453448
09-06-2021 @ 20:51:35 - Row :61 - Product updated successfully.
09-06-2021 @ 20:51:35 - Row :62 - Parsing item.
09-06-2021 @ 20:51:35 - Row :62 - Processing item.
09-06-2021 @ 20:51:35 - Found simple product object. ID:453449
09-06-2021 @ 20:51:35 - Row :62 - Product updated successfully.
09-06-2021 @ 20:51:35 - Row :63 - Parsing item.
09-06-2021 @ 20:51:35 - Row :63 - Processing item.
09-06-2021 @ 20:51:35 - Found simple product object. ID:453450
09-06-2021 @ 20:51:36 - Row :63 - Product updated successfully.
09-06-2021 @ 20:51:36 - Row :64 - Parsing item.
09-06-2021 @ 20:51:36 - Row :64 - Processing item.
09-06-2021 @ 20:51:36 - Found simple product object. ID:453451
09-06-2021 @ 20:51:37 - Row :64 - Product updated successfully.
09-06-2021 @ 20:51:37 - Row :65 - Parsing item.
09-06-2021 @ 20:51:37 - Row :65 - Processing item.
09-06-2021 @ 20:51:37 - Found simple product object. ID:453452
09-06-2021 @ 20:51:38 - Row :65 - Product updated successfully.
09-06-2021 @ 20:51:38 - Row :66 - Parsing item.
09-06-2021 @ 20:51:38 - Row :66 - Processing item.
09-06-2021 @ 20:51:38 - Found simple product object. ID:453453
09-06-2021 @ 20:51:38 - Row :66 - Product updated successfully.
09-06-2021 @ 20:51:38 - Row :67 - Parsing item.
09-06-2021 @ 20:51:38 - Row :67 - Processing item.
09-06-2021 @ 20:51:38 - Found simple product object. ID:453454
09-06-2021 @ 20:51:39 - Row :67 - Product updated successfully.
09-06-2021 @ 20:51:39 - Row :68 - Parsing item.
09-06-2021 @ 20:51:39 - Row :68 - Processing item.
09-06-2021 @ 20:51:39 - Found simple product object. ID:453455
09-06-2021 @ 20:51:39 - Row :68 - Product updated successfully.
09-06-2021 @ 20:51:39 - Row :69 - Parsing item.
09-06-2021 @ 20:51:39 - Row :69 - Processing item.
09-06-2021 @ 20:51:39 - Found simple product object. ID:453456
09-06-2021 @ 20:51:40 - Row :69 - Product updated successfully.
09-06-2021 @ 20:51:40 - Row :70 - Parsing item.
09-06-2021 @ 20:51:40 - Row :70 - Processing item.
09-06-2021 @ 20:51:40 - Found simple product object. ID:453457
09-06-2021 @ 20:51:41 - Row :70 - Product updated successfully.
09-06-2021 @ 20:51:41 - Preparing for import.
09-06-2021 @ 20:51:41 - Row :71 - Parsing item.
09-06-2021 @ 20:51:41 - Row :71 - Processing item.
09-06-2021 @ 20:51:41 - Found simple product object. ID:453458
09-06-2021 @ 20:51:42 - Row :71 - Product updated successfully.
09-06-2021 @ 20:51:42 - Row :72 - Parsing item.
09-06-2021 @ 20:51:42 - Row :72 - Processing item.
09-06-2021 @ 20:51:42 - Found simple product object. ID:453459
09-06-2021 @ 20:51:43 - Row :72 - Product updated successfully.
09-06-2021 @ 20:51:43 - Row :73 - Parsing item.
09-06-2021 @ 20:51:43 - Row :73 - Processing item.
09-06-2021 @ 20:51:43 - Found simple product object. ID:453460
09-06-2021 @ 20:51:43 - Row :73 - Product updated successfully.
09-06-2021 @ 20:51:43 - Row :74 - Parsing item.
09-06-2021 @ 20:51:43 - Row :74 - Processing item.
09-06-2021 @ 20:51:43 - Found simple product object. ID:453461
09-06-2021 @ 20:51:44 - Row :74 - Product updated successfully.
09-06-2021 @ 20:51:44 - Row :75 - Parsing item.
09-06-2021 @ 20:51:44 - Row :75 - Processing item.
09-06-2021 @ 20:51:44 - Found simple product object. ID:453462
09-06-2021 @ 20:51:44 - Row :75 - Product updated successfully.
09-06-2021 @ 20:51:44 - Row :76 - Parsing item.
09-06-2021 @ 20:51:44 - Row :76 - Processing item.
09-06-2021 @ 20:51:45 - Found simple product object. ID:453388
09-06-2021 @ 20:51:45 - Row :76 - Product updated successfully.
09-06-2021 @ 20:51:45 - Row :77 - Parsing item.
09-06-2021 @ 20:51:45 - Row :77 - Processing item.
09-06-2021 @ 20:51:45 - Found simple product object. ID:453392
09-06-2021 @ 20:51:46 - Row :77 - Product updated successfully.
09-06-2021 @ 20:51:46 - Row :78 - Parsing item.
09-06-2021 @ 20:51:46 - Row :78 - Processing item.
09-06-2021 @ 20:51:46 - Found simple product object. ID:453393
09-06-2021 @ 20:51:46 - Row :78 - Product updated successfully.
09-06-2021 @ 20:51:46 - Row :79 - Parsing item.
09-06-2021 @ 20:51:46 - Row :79 - Processing item.
09-06-2021 @ 20:51:46 - Found simple product object. ID:453463
09-06-2021 @ 20:51:47 - Row :79 - Product updated successfully.
09-06-2021 @ 20:51:47 - Row :80 - Parsing item.
09-06-2021 @ 20:51:47 - Row :80 - Processing item.
09-06-2021 @ 20:51:47 - Found simple product object. ID:453464
09-06-2021 @ 20:51:47 - Row :80 - Product updated successfully.
09-06-2021 @ 20:51:48 - Preparing for import.
09-06-2021 @ 20:51:48 - Row :81 - Parsing item.
09-06-2021 @ 20:51:48 - Row :81 - Processing item.
09-06-2021 @ 20:51:48 - Found simple product object. ID:453465
09-06-2021 @ 20:51:48 - Row :81 - Product updated successfully.
09-06-2021 @ 20:51:48 - Row :82 - Parsing item.
09-06-2021 @ 20:51:48 - Row :82 - Processing item.
09-06-2021 @ 20:51:48 - Found simple product object. ID:453466
09-06-2021 @ 20:51:48 - Row :82 - Product updated successfully.
09-06-2021 @ 20:51:48 - Row :83 - Parsing item.
09-06-2021 @ 20:51:48 - Row :83 - Processing item.
09-06-2021 @ 20:51:48 - Found simple product object. ID:453467
09-06-2021 @ 20:51:49 - Row :83 - Product updated successfully.
09-06-2021 @ 20:51:49 - Row :84 - Parsing item.
09-06-2021 @ 20:51:49 - Row :84 - Processing item.
09-06-2021 @ 20:51:49 - Found simple product object. ID:453468
09-06-2021 @ 20:51:49 - Row :84 - Product updated successfully.
09-06-2021 @ 20:51:49 - Row :85 - Parsing item.
09-06-2021 @ 20:51:49 - Row :85 - Processing item.
09-06-2021 @ 20:51:49 - Found simple product object. ID:453469
09-06-2021 @ 20:51:50 - Row :85 - Product updated successfully.
09-06-2021 @ 20:51:50 - Row :86 - Parsing item.
09-06-2021 @ 20:51:50 - Row :86 - Processing item.
09-06-2021 @ 20:51:50 - Found simple product object. ID:453470
09-06-2021 @ 20:51:50 - Row :86 - Product updated successfully.
09-06-2021 @ 20:51:50 - Row :87 - Parsing item.
09-06-2021 @ 20:51:51 - Row :87 - Processing item.
09-06-2021 @ 20:51:51 - Found simple product object. ID:453471
09-06-2021 @ 20:51:51 - Row :87 - Product updated successfully.
09-06-2021 @ 20:51:51 - Row :88 - Parsing item.
09-06-2021 @ 20:51:51 - Row :88 - Processing item.
09-06-2021 @ 20:51:51 - Found simple product object. ID:453472
09-06-2021 @ 20:51:52 - Row :88 - Product updated successfully.
09-06-2021 @ 20:51:52 - Row :89 - Parsing item.
09-06-2021 @ 20:51:52 - Row :89 - Processing item.
09-06-2021 @ 20:51:52 - Found simple product object. ID:453473
09-06-2021 @ 20:51:52 - Row :89 - Product updated successfully.
09-06-2021 @ 20:51:52 - Row :90 - Parsing item.
09-06-2021 @ 20:51:52 - Row :90 - Processing item.
09-06-2021 @ 20:51:52 - Found simple product object. ID:453474
09-06-2021 @ 20:51:52 - Row :90 - Product updated successfully.
09-06-2021 @ 20:51:53 - Preparing for import.
09-06-2021 @ 20:51:53 - Row :91 - Parsing item.
09-06-2021 @ 20:51:53 - Row :91 - Processing item.
09-06-2021 @ 20:51:53 - Found simple product object. ID:453475
09-06-2021 @ 20:51:54 - Row :91 - Product updated successfully.
09-06-2021 @ 20:51:54 - Row :92 - Parsing item.
09-06-2021 @ 20:51:54 - Row :92 - Processing item.
09-06-2021 @ 20:51:54 - Found simple product object. ID:453476
09-06-2021 @ 20:51:54 - Row :92 - Product updated successfully.
09-06-2021 @ 20:51:54 - Row :93 - Parsing item.
09-06-2021 @ 20:51:54 - Row :93 - Processing item.
09-06-2021 @ 20:51:54 - Found simple product object. ID:453477
09-06-2021 @ 20:51:55 - Row :93 - Product updated successfully.
09-06-2021 @ 20:51:55 - Row :94 - Parsing item.
09-06-2021 @ 20:51:55 - Row :94 - Processing item.
09-06-2021 @ 20:51:55 - Found simple product object. ID:453478
09-06-2021 @ 20:51:56 - Row :94 - Product updated successfully.
09-06-2021 @ 20:51:56 - Row :95 - Parsing item.
09-06-2021 @ 20:51:56 - Row :95 - Processing item.
09-06-2021 @ 20:51:56 - Found simple product object. ID:453479
09-06-2021 @ 20:51:56 - Row :95 - Product updated successfully.
09-06-2021 @ 20:51:56 - Row :96 - Parsing item.
09-06-2021 @ 20:51:56 - Row :96 - Processing item.
09-06-2021 @ 20:51:56 - Found simple product object. ID:453480
09-06-2021 @ 20:51:57 - Row :96 - Product updated successfully.
09-06-2021 @ 20:51:57 - Row :97 - Parsing item.
09-06-2021 @ 20:51:57 - Row :97 - Processing item.
09-06-2021 @ 20:51:57 - Found simple product object. ID:453481
09-06-2021 @ 20:51:57 - Row :97 - Product updated successfully.
09-06-2021 @ 20:51:57 - Row :98 - Parsing item.
09-06-2021 @ 20:51:57 - Row :98 - Processing item.
09-06-2021 @ 20:51:57 - Found simple product object. ID:453482
09-06-2021 @ 20:51:58 - Row :98 - Product updated successfully.
09-06-2021 @ 20:51:58 - Row :99 - Parsing item.
09-06-2021 @ 20:51:58 - Row :99 - Processing item.
09-06-2021 @ 20:51:58 - Found simple product object. ID:453483
09-06-2021 @ 20:51:59 - Row :99 - Product updated successfully.
09-06-2021 @ 20:51:59 - Row :100 - Parsing item.
09-06-2021 @ 20:51:59 - Row :100 - Processing item.
09-06-2021 @ 20:51:59 - Found simple product object. ID:453484
09-06-2021 @ 20:52:00 - Row :100 - Product updated successfully.
09-06-2021 @ 20:52:00 - Preparing for import.
09-06-2021 @ 20:52:00 - Row :101 - Parsing item.
09-06-2021 @ 20:52:00 - Row :101 - Processing item.
09-06-2021 @ 20:52:00 - Found simple product object. ID:453485
09-06-2021 @ 20:52:01 - Row :101 - Product updated successfully.
09-06-2021 @ 20:52:01 - Row :102 - Parsing item.
09-06-2021 @ 20:52:01 - Row :102 - Processing item.
09-06-2021 @ 20:52:01 - Found simple product object. ID:453486
09-06-2021 @ 20:52:02 - Row :102 - Product updated successfully.
09-06-2021 @ 20:52:02 - Row :103 - Parsing item.
09-06-2021 @ 20:52:02 - Row :103 - Processing item.
09-06-2021 @ 20:52:02 - Found simple product object. ID:453487
09-06-2021 @ 20:52:02 - Row :103 - Product updated successfully.
09-06-2021 @ 20:52:02 - Row :104 - Parsing item.
09-06-2021 @ 20:52:02 - Row :104 - Processing item.
09-06-2021 @ 20:52:02 - Found simple product object. ID:453488
09-06-2021 @ 20:52:02 - Row :104 - Product updated successfully.
09-06-2021 @ 20:52:02 - Row :105 - Parsing item.
09-06-2021 @ 20:52:02 - Row :105 - Processing item.
09-06-2021 @ 20:52:02 - Found simple product object. ID:453489
09-06-2021 @ 20:52:03 - Row :105 - Product updated successfully.
09-06-2021 @ 20:52:03 - Row :106 - Parsing item.
09-06-2021 @ 20:52:03 - Row :106 - Processing item.
09-06-2021 @ 20:52:03 - Found simple product object. ID:453490
09-06-2021 @ 20:52:04 - Row :106 - Product updated successfully.
09-06-2021 @ 20:52:04 - Row :107 - Parsing item.
09-06-2021 @ 20:52:04 - Row :107 - Processing item.
09-06-2021 @ 20:52:04 - Found simple product object. ID:453491
09-06-2021 @ 20:52:04 - Row :107 - Product updated successfully.
09-06-2021 @ 20:52:04 - Row :108 - Parsing item.
09-06-2021 @ 20:52:04 - Row :108 - Processing item.
09-06-2021 @ 20:52:04 - Found simple product object. ID:453492
09-06-2021 @ 20:52:04 - Row :108 - Product updated successfully.
09-06-2021 @ 20:52:04 - Row :109 - Parsing item.
09-06-2021 @ 20:52:04 - Row :109 - Processing item.
09-06-2021 @ 20:52:04 - Found simple product object. ID:453493
09-06-2021 @ 20:52:05 - Row :109 - Product updated successfully.
09-06-2021 @ 20:52:05 - Row :110 - Parsing item.
09-06-2021 @ 20:52:05 - Row :110 - Processing item.
09-06-2021 @ 20:52:05 - Found simple product object. ID:453494
09-06-2021 @ 20:52:05 - Row :110 - Product updated successfully.
09-06-2021 @ 20:52:06 - Preparing for import.
09-06-2021 @ 20:52:06 - Row :111 - Parsing item.
09-06-2021 @ 20:52:06 - Row :111 - Processing item.
09-06-2021 @ 20:52:06 - Found simple product object. ID:453495
09-06-2021 @ 20:52:07 - Row :111 - Product updated successfully.
09-06-2021 @ 20:52:07 - Row :112 - Parsing item.
09-06-2021 @ 20:52:07 - Row :112 - Processing item.
09-06-2021 @ 20:52:07 - Found simple product object. ID:453496
09-06-2021 @ 20:52:07 - Row :112 - Product updated successfully.
09-06-2021 @ 20:52:07 - Row :113 - Parsing item.
09-06-2021 @ 20:52:07 - Row :113 - Processing item.
09-06-2021 @ 20:52:07 - Found simple product object. ID:453497
09-06-2021 @ 20:52:07 - Row :113 - Product updated successfully.
09-06-2021 @ 20:52:07 - Row :114 - Parsing item.
09-06-2021 @ 20:52:07 - Row :114 - Processing item.
09-06-2021 @ 20:52:07 - Found simple product object. ID:453498
09-06-2021 @ 20:52:08 - Row :114 - Product updated successfully.
09-06-2021 @ 20:52:08 - Row :115 - Parsing item.
09-06-2021 @ 20:52:08 - Row :115 - Processing item.
09-06-2021 @ 20:52:08 - Found simple product object. ID:453499
09-06-2021 @ 20:52:08 - Row :115 - Product updated successfully.
09-06-2021 @ 20:52:08 - Row :116 - Parsing item.
09-06-2021 @ 20:52:08 - Row :116 - Processing item.
09-06-2021 @ 20:52:08 - Found simple product object. ID:453500
09-06-2021 @ 20:52:09 - Row :116 - Product updated successfully.
09-06-2021 @ 20:52:09 - Row :117 - Parsing item.
09-06-2021 @ 20:52:09 - Row :117 - Processing item.
09-06-2021 @ 20:52:09 - Found simple product object. ID:453501
09-06-2021 @ 20:52:10 - Row :117 - Product updated successfully.
09-06-2021 @ 20:52:10 - Row :118 - Parsing item.
09-06-2021 @ 20:52:10 - Row :118 - Processing item.
09-06-2021 @ 20:52:10 - Found simple product object. ID:453502
09-06-2021 @ 20:52:10 - Row :118 - Product updated successfully.
09-06-2021 @ 20:52:10 - Row :119 - Parsing item.
09-06-2021 @ 20:52:10 - Row :119 - Processing item.
09-06-2021 @ 20:52:10 - Found simple product object. ID:453503
09-06-2021 @ 20:52:11 - Row :119 - Product updated successfully.
09-06-2021 @ 20:52:11 - Row :120 - Parsing item.
09-06-2021 @ 20:52:11 - Row :120 - Processing item.
09-06-2021 @ 20:52:11 - Found simple product object. ID:453504
09-06-2021 @ 20:52:12 - Row :120 - Product updated successfully.
09-06-2021 @ 20:52:13 - Preparing for import.
09-06-2021 @ 20:52:13 - Row :121 - Parsing item.
09-06-2021 @ 20:52:13 - Row :121 - Processing item.
09-06-2021 @ 20:52:13 - Found simple product object. ID:453505
09-06-2021 @ 20:52:13 - Row :121 - Product updated successfully.
09-06-2021 @ 20:52:13 - Row :122 - Parsing item.
09-06-2021 @ 20:52:13 - Row :122 - Processing item.
09-06-2021 @ 20:52:13 - Found simple product object. ID:453506
09-06-2021 @ 20:52:14 - Row :122 - Product updated successfully.
09-06-2021 @ 20:52:14 - Row :123 - Parsing item.
09-06-2021 @ 20:52:14 - Row :123 - Processing item.
09-06-2021 @ 20:52:14 - Found simple product object. ID:453507
09-06-2021 @ 20:52:14 - Row :123 - Product updated successfully.
09-06-2021 @ 20:52:14 - Row :124 - Parsing item.
09-06-2021 @ 20:52:14 - Row :124 - Processing item.
09-06-2021 @ 20:52:14 - Found simple product object. ID:453508
09-06-2021 @ 20:52:15 - Row :124 - Product updated successfully.
09-06-2021 @ 20:52:15 - Row :125 - Parsing item.
09-06-2021 @ 20:52:15 - Row :125 - Processing item.
09-06-2021 @ 20:52:15 - Found simple product object. ID:453509
09-06-2021 @ 20:52:16 - Row :125 - Product updated successfully.
09-06-2021 @ 20:52:16 - Row :126 - Parsing item.
09-06-2021 @ 20:52:16 - Row :126 - Processing item.
09-06-2021 @ 20:52:16 - Found simple product object. ID:453510
09-06-2021 @ 20:52:16 - Row :126 - Product updated successfully.
09-06-2021 @ 20:52:16 - Row :127 - Parsing item.
09-06-2021 @ 20:52:16 - Row :127 - Processing item.
09-06-2021 @ 20:52:16 - Found simple product object. ID:453511
09-06-2021 @ 20:52:17 - Row :127 - Product updated successfully.
09-06-2021 @ 20:52:17 - Row :128 - Parsing item.
09-06-2021 @ 20:52:17 - Row :128 - Processing item.
09-06-2021 @ 20:52:17 - Found simple product object. ID:453512
09-06-2021 @ 20:52:17 - Row :128 - Product updated successfully.
09-06-2021 @ 20:52:17 - Row :129 - Parsing item.
09-06-2021 @ 20:52:17 - Row :129 - Processing item.
09-06-2021 @ 20:52:17 - Found simple product object. ID:453513
09-06-2021 @ 20:52:18 - Row :129 - Product updated successfully.
09-06-2021 @ 20:52:18 - Row :130 - Parsing item.
09-06-2021 @ 20:52:18 - Row :130 - Processing item.
09-06-2021 @ 20:52:18 - Found simple product object. ID:453514
09-06-2021 @ 20:52:18 - Row :130 - Product updated successfully.
09-06-2021 @ 20:52:19 - Preparing for import.
09-06-2021 @ 20:52:19 - Row :131 - Parsing item.
09-06-2021 @ 20:52:19 - Row :131 - Processing item.
09-06-2021 @ 20:52:19 - Found simple product object. ID:453515
09-06-2021 @ 20:52:20 - Row :131 - Product updated successfully.
09-06-2021 @ 20:52:20 - Row :132 - Parsing item.
09-06-2021 @ 20:52:20 - Row :132 - Processing item.
09-06-2021 @ 20:52:20 - Found simple product object. ID:453516
09-06-2021 @ 20:52:20 - Row :132 - Product updated successfully.
09-06-2021 @ 20:52:20 - Row :133 - Parsing item.
09-06-2021 @ 20:52:20 - Row :133 - Processing item.
09-06-2021 @ 20:52:20 - Found simple product object. ID:453517
09-06-2021 @ 20:52:20 - Row :133 - Product updated successfully.
09-06-2021 @ 20:52:20 - Row :134 - Parsing item.
09-06-2021 @ 20:52:20 - Row :134 - Processing item.
09-06-2021 @ 20:52:21 - Found simple product object. ID:453518
09-06-2021 @ 20:52:21 - Row :134 - Product updated successfully.
09-06-2021 @ 20:52:21 - Row :135 - Parsing item.
09-06-2021 @ 20:52:21 - Row :135 - Processing item.
09-06-2021 @ 20:52:21 - Found simple product object. ID:453519
09-06-2021 @ 20:52:21 - Row :135 - Product updated successfully.
09-06-2021 @ 20:52:21 - Row :136 - Parsing item.
09-06-2021 @ 20:52:21 - Row :136 - Processing item.
09-06-2021 @ 20:52:21 - Found simple product object. ID:453520
09-06-2021 @ 20:52:22 - Row :136 - Product updated successfully.
09-06-2021 @ 20:52:22 - Row :137 - Parsing item.
09-06-2021 @ 20:52:22 - Row :137 - Processing item.
09-06-2021 @ 20:52:22 - Found simple product object. ID:453521
09-06-2021 @ 20:52:22 - Row :137 - Product updated successfully.
09-06-2021 @ 20:52:22 - Row :138 - Parsing item.
09-06-2021 @ 20:52:22 - Row :138 - Processing item.
09-06-2021 @ 20:52:22 - Found simple product object. ID:453522
09-06-2021 @ 20:52:23 - Row :138 - Product updated successfully.
09-06-2021 @ 20:52:23 - Row :139 - Parsing item.
09-06-2021 @ 20:52:23 - Row :139 - Processing item.
09-06-2021 @ 20:52:23 - Found simple product object. ID:453523
09-06-2021 @ 20:52:23 - Row :139 - Product updated successfully.
09-06-2021 @ 20:52:23 - Row :140 - Parsing item.
09-06-2021 @ 20:52:23 - Row :140 - Processing item.
09-06-2021 @ 20:52:23 - Found simple product object. ID:453524
09-06-2021 @ 20:52:23 - Row :140 - Product updated successfully.
09-06-2021 @ 20:52:24 - Preparing for import.
09-06-2021 @ 20:52:24 - Row :141 - Parsing item.
09-06-2021 @ 20:52:24 - Row :141 - Processing item.
09-06-2021 @ 20:52:24 - Found simple product object. ID:453525
09-06-2021 @ 20:52:25 - Row :141 - Product updated successfully.
09-06-2021 @ 20:52:25 - Row :142 - Parsing item.
09-06-2021 @ 20:52:25 - Row :142 - Processing item.
09-06-2021 @ 20:52:25 - Found simple product object. ID:453526
09-06-2021 @ 20:52:25 - Row :142 - Product updated successfully.
09-06-2021 @ 20:52:25 - Row :143 - Parsing item.
09-06-2021 @ 20:52:25 - Row :143 - Processing item.
09-06-2021 @ 20:52:25 - Found simple product object. ID:453463
09-06-2021 @ 20:52:26 - Row :143 - Product updated successfully.
09-06-2021 @ 20:52:26 - Row :144 - Parsing item.
09-06-2021 @ 20:52:26 - Row :144 - Processing item.
09-06-2021 @ 20:52:26 - Found simple product object. ID:453467
09-06-2021 @ 20:52:27 - Row :144 - Product updated successfully.
09-06-2021 @ 20:52:27 - Row :145 - Parsing item.
09-06-2021 @ 20:52:27 - Row :145 - Processing item.
09-06-2021 @ 20:52:27 - Found simple product object. ID:453472
09-06-2021 @ 20:52:27 - Row :145 - Product updated successfully.
09-06-2021 @ 20:52:27 - Row :146 - Parsing item.
09-06-2021 @ 20:52:27 - Row :146 - Processing item.
09-06-2021 @ 20:52:27 - Found simple product object. ID:453527
09-06-2021 @ 20:52:28 - Row :146 - Product updated successfully.
09-06-2021 @ 20:52:28 - Row :147 - Parsing item.
09-06-2021 @ 20:52:28 - Row :147 - Processing item.
09-06-2021 @ 20:52:28 - Found simple product object. ID:453528
09-06-2021 @ 20:52:28 - Row :147 - Product updated successfully.
09-06-2021 @ 20:52:28 - Row :148 - Parsing item.
09-06-2021 @ 20:52:28 - Row :148 - Processing item.
09-06-2021 @ 20:52:28 - Found simple product object. ID:453529
09-06-2021 @ 20:52:28 - Row :148 - Product updated successfully.
09-06-2021 @ 20:52:28 - Row :149 - Parsing item.
09-06-2021 @ 20:52:28 - Row :149 - Processing item.
09-06-2021 @ 20:52:28 - Found simple product object. ID:453530
09-06-2021 @ 20:52:29 - Row :149 - Product updated successfully.
09-06-2021 @ 20:52:29 - Row :150 - Parsing item.
09-06-2021 @ 20:52:29 - Row :150 - Processing item.
09-06-2021 @ 20:52:29 - Found simple product object. ID:453531
09-06-2021 @ 20:52:30 - Row :150 - Product updated successfully.
09-06-2021 @ 20:52:31 - Preparing for import.
09-06-2021 @ 20:52:31 - Row :151 - Parsing item.
09-06-2021 @ 20:52:31 - Row :151 - Processing item.
09-06-2021 @ 20:52:31 - Found simple product object. ID:453532
09-06-2021 @ 20:52:32 - Row :151 - Product updated successfully.
09-06-2021 @ 20:52:32 - Row :152 - Parsing item.
09-06-2021 @ 20:52:32 - Row :152 - Processing item.
09-06-2021 @ 20:52:32 - Found simple product object. ID:453533
09-06-2021 @ 20:52:32 - Row :152 - Product updated successfully.
09-06-2021 @ 20:52:32 - Row :153 - Parsing item.
09-06-2021 @ 20:52:32 - Row :153 - Processing item.
09-06-2021 @ 20:52:32 - Found simple product object. ID:453534
09-06-2021 @ 20:52:32 - Row :153 - Product updated successfully.
09-06-2021 @ 20:52:32 - Row :154 - Parsing item.
09-06-2021 @ 20:52:32 - Row :154 - Processing item.
09-06-2021 @ 20:52:32 - Found simple product object. ID:453535
09-06-2021 @ 20:52:33 - Row :154 - Product updated successfully.
09-06-2021 @ 20:52:33 - Row :155 - Parsing item.
09-06-2021 @ 20:52:33 - Row :155 - Processing item.
09-06-2021 @ 20:52:33 - Found simple product object. ID:453536
09-06-2021 @ 20:52:33 - Row :155 - Product updated successfully.
09-06-2021 @ 20:52:33 - Row :156 - Parsing item.
09-06-2021 @ 20:52:33 - Row :156 - Processing item.
09-06-2021 @ 20:52:33 - Found simple product object. ID:453537
09-06-2021 @ 20:52:34 - Row :156 - Product updated successfully.
09-06-2021 @ 20:52:34 - Row :157 - Parsing item.
09-06-2021 @ 20:52:34 - Row :157 - Processing item.
09-06-2021 @ 20:52:34 - Found simple product object. ID:453476
09-06-2021 @ 20:52:34 - Row :157 - Product updated successfully.
09-06-2021 @ 20:52:34 - Row :158 - Parsing item.
09-06-2021 @ 20:52:34 - Row :158 - Processing item.
09-06-2021 @ 20:52:34 - Found simple product object. ID:453480
09-06-2021 @ 20:52:35 - Row :158 - Product updated successfully.
09-06-2021 @ 20:52:35 - Row :159 - Parsing item.
09-06-2021 @ 20:52:35 - Row :159 - Processing item.
09-06-2021 @ 20:52:35 - Found simple product object. ID:453538
09-06-2021 @ 20:52:36 - Row :159 - Product updated successfully.
09-06-2021 @ 20:52:36 - Row :160 - Parsing item.
09-06-2021 @ 20:52:36 - Row :160 - Processing item.
09-06-2021 @ 20:52:36 - Found simple product object. ID:453539
09-06-2021 @ 20:52:36 - Row :160 - Product updated successfully.
09-06-2021 @ 20:52:37 - Preparing for import.
09-06-2021 @ 20:52:37 - Row :161 - Parsing item.
09-06-2021 @ 20:52:37 - Row :161 - Processing item.
09-06-2021 @ 20:52:37 - Found simple product object. ID:453540
09-06-2021 @ 20:52:38 - Row :161 - Product updated successfully.
09-06-2021 @ 20:52:38 - Row :162 - Parsing item.
09-06-2021 @ 20:52:38 - Row :162 - Processing item.
09-06-2021 @ 20:52:38 - Found simple product object. ID:453541
09-06-2021 @ 20:52:39 - Row :162 - Product updated successfully.
09-06-2021 @ 20:52:39 - Row :163 - Parsing item.
09-06-2021 @ 20:52:39 - Row :163 - Processing item.
09-06-2021 @ 20:52:39 - Found simple product object. ID:453542
09-06-2021 @ 20:52:39 - Row :163 - Product updated successfully.
09-06-2021 @ 20:52:39 - Row :164 - Parsing item.
09-06-2021 @ 20:52:39 - Row :164 - Processing item.
09-06-2021 @ 20:52:39 - Found simple product object. ID:453543
09-06-2021 @ 20:52:40 - Row :164 - Product updated successfully.
09-06-2021 @ 20:52:40 - Row :165 - Parsing item.
09-06-2021 @ 20:52:40 - Row :165 - Processing item.
09-06-2021 @ 20:52:40 - Found simple product object. ID:453544
09-06-2021 @ 20:52:40 - Row :165 - Product updated successfully.
09-06-2021 @ 20:52:40 - Row :166 - Parsing item.
09-06-2021 @ 20:52:40 - Row :166 - Processing item.
09-06-2021 @ 20:52:40 - Found simple product object. ID:453545
09-06-2021 @ 20:52:40 - Row :166 - Product updated successfully.
09-06-2021 @ 20:52:40 - Row :167 - Parsing item.
09-06-2021 @ 20:52:40 - Row :167 - Processing item.
09-06-2021 @ 20:52:40 - Found simple product object. ID:453546
09-06-2021 @ 20:52:41 - Row :167 - Product updated successfully.
09-06-2021 @ 20:52:41 - Row :168 - Parsing item.
09-06-2021 @ 20:52:41 - Row :168 - Processing item.
09-06-2021 @ 20:52:41 - Found simple product object. ID:453547
09-06-2021 @ 20:52:42 - Row :168 - Product updated successfully.
09-06-2021 @ 20:52:42 - Row :169 - Parsing item.
09-06-2021 @ 20:52:42 - Row :169 - Processing item.
09-06-2021 @ 20:52:42 - Found simple product object. ID:453548
09-06-2021 @ 20:52:43 - Row :169 - Product updated successfully.
09-06-2021 @ 20:52:43 - Row :170 - Parsing item.
09-06-2021 @ 20:52:43 - Row :170 - Processing item.
09-06-2021 @ 20:52:43 - Found simple product object. ID:453549
09-06-2021 @ 20:52:43 - Row :170 - Product updated successfully.
09-06-2021 @ 20:52:44 - Preparing for import.
09-06-2021 @ 20:52:44 - Row :171 - Parsing item.
09-06-2021 @ 20:52:44 - Row :171 - Processing item.
09-06-2021 @ 20:52:44 - Found simple product object. ID:453550
09-06-2021 @ 20:52:44 - Row :171 - Product updated successfully.
09-06-2021 @ 20:52:44 - Row :172 - Parsing item.
09-06-2021 @ 20:52:44 - Row :172 - Processing item.
09-06-2021 @ 20:52:44 - Found simple product object. ID:453551
09-06-2021 @ 20:52:44 - Row :172 - Product updated successfully.
09-06-2021 @ 20:52:44 - Row :173 - Parsing item.
09-06-2021 @ 20:52:44 - Row :173 - Processing item.
09-06-2021 @ 20:52:44 - Found simple product object. ID:453552
09-06-2021 @ 20:52:45 - Row :173 - Product updated successfully.
09-06-2021 @ 20:52:45 - Row :174 - Parsing item.
09-06-2021 @ 20:52:45 - Row :174 - Processing item.
09-06-2021 @ 20:52:45 - Found simple product object. ID:453553
09-06-2021 @ 20:52:45 - Row :174 - Product updated successfully.
09-06-2021 @ 20:52:45 - Row :175 - Parsing item.
09-06-2021 @ 20:52:45 - Row :175 - Processing item.
09-06-2021 @ 20:52:45 - Found simple product object. ID:453554
09-06-2021 @ 20:52:46 - Row :175 - Product updated successfully.
09-06-2021 @ 20:52:46 - Row :176 - Parsing item.
09-06-2021 @ 20:52:46 - Row :176 - Processing item.
09-06-2021 @ 20:52:46 - Found simple product object. ID:453555
09-06-2021 @ 20:52:46 - Row :176 - Product updated successfully.
09-06-2021 @ 20:52:46 - Row :177 - Parsing item.
09-06-2021 @ 20:52:46 - Row :177 - Processing item.
09-06-2021 @ 20:52:46 - Found simple product object. ID:453556
09-06-2021 @ 20:52:47 - Row :177 - Product updated successfully.
09-06-2021 @ 20:52:47 - Row :178 - Parsing item.
09-06-2021 @ 20:52:47 - Row :178 - Processing item.
09-06-2021 @ 20:52:47 - Found simple product object. ID:453557
09-06-2021 @ 20:52:47 - Row :178 - Product updated successfully.
09-06-2021 @ 20:52:47 - Row :179 - Parsing item.
09-06-2021 @ 20:52:47 - Row :179 - Processing item.
09-06-2021 @ 20:52:47 - Found simple product object. ID:453558
09-06-2021 @ 20:52:48 - Row :179 - Product updated successfully.
09-06-2021 @ 20:52:48 - Row :180 - Parsing item.
09-06-2021 @ 20:52:48 - Row :180 - Processing item.
09-06-2021 @ 20:52:48 - Found simple product object. ID:453559
09-06-2021 @ 20:52:49 - Row :180 - Product updated successfully.
09-06-2021 @ 20:52:50 - Preparing for import.
09-06-2021 @ 20:52:50 - Row :181 - Parsing item.
09-06-2021 @ 20:52:50 - Row :181 - Processing item.
09-06-2021 @ 20:52:50 - Found simple product object. ID:453560
09-06-2021 @ 20:52:50 - Row :181 - Product updated successfully.
09-06-2021 @ 20:52:50 - Row :182 - Parsing item.
09-06-2021 @ 20:52:50 - Row :182 - Processing item.
09-06-2021 @ 20:52:50 - Found simple product object. ID:453561
09-06-2021 @ 20:52:51 - Row :182 - Product updated successfully.
09-06-2021 @ 20:52:51 - Row :183 - Parsing item.
09-06-2021 @ 20:52:51 - Row :183 - Processing item.
09-06-2021 @ 20:52:51 - Found simple product object. ID:453562
09-06-2021 @ 20:52:51 - Row :183 - Product updated successfully.
09-06-2021 @ 20:52:51 - Row :184 - Parsing item.
09-06-2021 @ 20:52:51 - Row :184 - Processing item.
09-06-2021 @ 20:52:51 - Found simple product object. ID:453563
09-06-2021 @ 20:52:52 - Row :184 - Product updated successfully.
09-06-2021 @ 20:52:52 - Row :185 - Parsing item.
09-06-2021 @ 20:52:52 - Row :185 - Processing item.
09-06-2021 @ 20:52:52 - Found simple product object. ID:453564
09-06-2021 @ 20:52:53 - Row :185 - Product updated successfully.
09-06-2021 @ 20:52:53 - Row :186 - Parsing item.
09-06-2021 @ 20:52:53 - Row :186 - Processing item.
09-06-2021 @ 20:52:53 - Found simple product object. ID:453565
09-06-2021 @ 20:52:53 - Row :186 - Product updated successfully.
09-06-2021 @ 20:52:53 - Row :187 - Parsing item.
09-06-2021 @ 20:52:53 - Row :187 - Processing item.
09-06-2021 @ 20:52:53 - Found simple product object. ID:453566
09-06-2021 @ 20:52:54 - Row :187 - Product updated successfully.
09-06-2021 @ 20:52:54 - Row :188 - Parsing item.
09-06-2021 @ 20:52:54 - Row :188 - Processing item.
09-06-2021 @ 20:52:54 - Found simple product object. ID:453567
09-06-2021 @ 20:52:55 - Row :188 - Product updated successfully.
09-06-2021 @ 20:52:55 - Row :189 - Parsing item.
09-06-2021 @ 20:52:55 - Row :189 - Processing item.
09-06-2021 @ 20:52:55 - Found simple product object. ID:453568
09-06-2021 @ 20:52:56 - Row :189 - Product updated successfully.
09-06-2021 @ 20:52:56 - Row :190 - Parsing item.
09-06-2021 @ 20:52:56 - Row :190 - Processing item.
09-06-2021 @ 20:52:56 - Found simple product object. ID:453569
09-06-2021 @ 20:52:56 - Row :190 - Product updated successfully.
09-06-2021 @ 20:52:57 - Preparing for import.
09-06-2021 @ 20:52:57 - Row :191 - Parsing item.
09-06-2021 @ 20:52:57 - Row :191 - Processing item.
09-06-2021 @ 20:52:57 - Found simple product object. ID:453570
09-06-2021 @ 20:52:57 - Row :191 - Product updated successfully.
09-06-2021 @ 20:52:57 - Row :192 - Parsing item.
09-06-2021 @ 20:52:57 - Row :192 - Processing item.
09-06-2021 @ 20:52:57 - Found simple product object. ID:453571
09-06-2021 @ 20:52:58 - Row :192 - Product updated successfully.
09-06-2021 @ 20:52:58 - Row :193 - Parsing item.
09-06-2021 @ 20:52:58 - Row :193 - Processing item.
09-06-2021 @ 20:52:58 - Found simple product object. ID:453572
09-06-2021 @ 20:52:59 - Row :193 - Product updated successfully.
09-06-2021 @ 20:52:59 - Row :194 - Parsing item.
09-06-2021 @ 20:52:59 - Row :194 - Processing item.
09-06-2021 @ 20:52:59 - Found simple product object. ID:453573
09-06-2021 @ 20:53:00 - Row :194 - Product updated successfully.
09-06-2021 @ 20:53:00 - Row :195 - Parsing item.
09-06-2021 @ 20:53:00 - Row :195 - Processing item.
09-06-2021 @ 20:53:00 - Found simple product object. ID:453574
09-06-2021 @ 20:53:00 - Row :195 - Product updated successfully.
09-06-2021 @ 20:53:00 - Row :196 - Parsing item.
09-06-2021 @ 20:53:00 - Row :196 - Processing item.
09-06-2021 @ 20:53:00 - Found simple product object. ID:453575
09-06-2021 @ 20:53:01 - Row :196 - Product updated successfully.
09-06-2021 @ 20:53:01 - Row :197 - Parsing item.
09-06-2021 @ 20:53:01 - Row :197 - Processing item.
09-06-2021 @ 20:53:01 - Found simple product object. ID:453576
09-06-2021 @ 20:53:01 - Row :197 - Product updated successfully.
09-06-2021 @ 20:53:01 - Row :198 - Parsing item.
09-06-2021 @ 20:53:02 - Row :198 - Processing item.
09-06-2021 @ 20:53:02 - Found simple product object. ID:453577
09-06-2021 @ 20:53:02 - Row :198 - Product updated successfully.
09-06-2021 @ 20:53:02 - Row :199 - Parsing item.
09-06-2021 @ 20:53:02 - Row :199 - Processing item.
09-06-2021 @ 20:53:02 - Found simple product object. ID:453578
09-06-2021 @ 20:53:03 - Row :199 - Product updated successfully.
09-06-2021 @ 20:53:03 - Row :200 - Parsing item.
09-06-2021 @ 20:53:03 - Row :200 - Processing item.
09-06-2021 @ 20:53:03 - Found simple product object. ID:453579
09-06-2021 @ 20:53:04 - Row :200 - Product updated successfully.
09-06-2021 @ 20:53:04 - Preparing for import.
09-06-2021 @ 20:53:04 - Row :201 - Parsing item.
09-06-2021 @ 20:53:04 - Row :201 - Processing item.
09-06-2021 @ 20:53:04 - Found simple product object. ID:453580
09-06-2021 @ 20:53:05 - Row :201 - Product updated successfully.
09-06-2021 @ 20:53:05 - Row :202 - Parsing item.
09-06-2021 @ 20:53:05 - Row :202 - Processing item.
09-06-2021 @ 20:53:05 - Found simple product object. ID:453581
09-06-2021 @ 20:53:06 - Row :202 - Product updated successfully.
09-06-2021 @ 20:53:06 - Row :203 - Parsing item.
09-06-2021 @ 20:53:06 - Row :203 - Processing item.
09-06-2021 @ 20:53:06 - Found simple product object. ID:453582
09-06-2021 @ 20:53:07 - Row :203 - Product updated successfully.
09-06-2021 @ 20:53:07 - Row :204 - Parsing item.
09-06-2021 @ 20:53:07 - Row :204 - Processing item.
09-06-2021 @ 20:53:07 - Found simple product object. ID:453583
09-06-2021 @ 20:53:07 - Row :204 - Product updated successfully.
09-06-2021 @ 20:53:07 - Row :205 - Parsing item.
09-06-2021 @ 20:53:07 - Row :205 - Processing item.
09-06-2021 @ 20:53:07 - Found simple product object. ID:453584
09-06-2021 @ 20:53:08 - Row :205 - Product updated successfully.
09-06-2021 @ 20:53:08 - Row :206 - Parsing item.
09-06-2021 @ 20:53:08 - Row :206 - Processing item.
09-06-2021 @ 20:53:08 - Found simple product object. ID:453585
09-06-2021 @ 20:53:08 - Row :206 - Product updated successfully.
09-06-2021 @ 20:53:08 - Row :207 - Parsing item.
09-06-2021 @ 20:53:08 - Row :207 - Processing item.
09-06-2021 @ 20:53:08 - Found simple product object. ID:453586
09-06-2021 @ 20:53:09 - Row :207 - Product updated successfully.
09-06-2021 @ 20:53:09 - Row :208 - Parsing item.
09-06-2021 @ 20:53:09 - Row :208 - Processing item.
09-06-2021 @ 20:53:09 - Found simple product object. ID:453587
09-06-2021 @ 20:53:10 - Row :208 - Product updated successfully.
09-06-2021 @ 20:53:10 - Row :209 - Parsing item.
09-06-2021 @ 20:53:10 - Row :209 - Processing item.
09-06-2021 @ 20:53:10 - Found simple product object. ID:453588
09-06-2021 @ 20:53:10 - Row :209 - Product updated successfully.
09-06-2021 @ 20:53:10 - Row :210 - Parsing item.
09-06-2021 @ 20:53:10 - Row :210 - Processing item.
09-06-2021 @ 20:53:10 - Found simple product object. ID:453589
09-06-2021 @ 20:53:11 - Row :210 - Product updated successfully.
09-06-2021 @ 20:53:11 - Preparing for import.
09-06-2021 @ 20:53:11 - Row :211 - Parsing item.
09-06-2021 @ 20:53:11 - Row :211 - Processing item.
09-06-2021 @ 20:53:11 - Found simple product object. ID:453590
09-06-2021 @ 20:53:12 - Row :211 - Product updated successfully.
09-06-2021 @ 20:53:12 - Row :212 - Parsing item.
09-06-2021 @ 20:53:12 - Row :212 - Processing item.
09-06-2021 @ 20:53:12 - Found simple product object. ID:453591
09-06-2021 @ 20:53:12 - Row :212 - Product updated successfully.
09-06-2021 @ 20:53:12 - Row :213 - Parsing item.
09-06-2021 @ 20:53:12 - Row :213 - Processing item.
09-06-2021 @ 20:53:12 - Found simple product object. ID:453592
09-06-2021 @ 20:53:13 - Row :213 - Product updated successfully.
09-06-2021 @ 20:53:13 - Row :214 - Parsing item.
09-06-2021 @ 20:53:13 - Row :214 - Processing item.
09-06-2021 @ 20:53:13 - Found simple product object. ID:453593
09-06-2021 @ 20:53:13 - Row :214 - Product updated successfully.
09-06-2021 @ 20:53:13 - ---[ Import ended at 2021-09-06 08:53:13]---
