09-07-2021 @ 01:46:34 - ---[ New import started at 2021-09-06 13:46:34 ] PHP Memory: 768 MB, WP Memory: 40 MB
09-07-2021 @ 01:46:34 - Preparing for import.
09-07-2021 @ 01:46:34 - Row :1 - Parsing item.
09-07-2021 @ 01:46:34 - Row :1 - Processing item.
09-07-2021 @ 01:46:34 - Found simple product object. ID:453388
09-07-2021 @ 01:46:34 - Setting Featured Image. URL:https://inspiry.co.nz/wp-content/uploads/2021/khroma/ZO-CAB001.jpg
09-07-2021 @ 01:46:35 - Attachment ID:453977
09-07-2021 @ 01:46:35 - Setting Gallery Images.
09-07-2021 @ 01:46:35 - Image URL:https://inspiry.co.nz/wp-content/uploads/2021/khroma/ZO-CAB001-1.jpg
09-07-2021 @ 01:46:37 - Attachment ID:453978
09-07-2021 @ 01:46:37 - Image URL:https://inspiry.co.nz/wp-content/uploads/2021/khroma/ZO-CAB001-2.jpg
09-07-2021 @ 01:46:38 - URL:https://inspiry.co.nz/wp-content/uploads/2021/khroma/ZO-CAB001-2.jpg Reason:Error getting remote image https://inspiry.co.nz/wp-content/uploads/2021/khroma/ZO-CAB001-2.jpg. Error: Not Found
09-07-2021 @ 01:46:38 - Image URL:https://inspiry.co.nz/wp-content/uploads/2021/khroma/ZO-CAB001-3.jpg
09-07-2021 @ 01:46:39 - URL:https://inspiry.co.nz/wp-content/uploads/2021/khroma/ZO-CAB001-3.jpg Reason:Error getting remote image https://inspiry.co.nz/wp-content/uploads/2021/khroma/ZO-CAB001-3.jpg. Error: Not Found
09-07-2021 @ 01:46:39 - Image URL:https://inspiry.co.nz/wp-content/uploads/2021/khroma/ZO-CAB001-4.jpg
09-07-2021 @ 01:46:40 - URL:https://inspiry.co.nz/wp-content/uploads/2021/khroma/ZO-CAB001-4.jpg Reason:Error getting remote image https://inspiry.co.nz/wp-content/uploads/2021/khroma/ZO-CAB001-4.jpg. Error: Not Found
09-07-2021 @ 01:46:40 - Image URL:https://inspiry.co.nz/wp-content/uploads/2021/khroma/ZO-CAB001-5.jpg
09-07-2021 @ 01:46:40 - URL:https://inspiry.co.nz/wp-content/uploads/2021/khroma/ZO-CAB001-5.jpg Reason:Error getting remote image https://inspiry.co.nz/wp-content/uploads/2021/khroma/ZO-CAB001-5.jpg. Error: Not Found
09-07-2021 @ 01:46:40 - Image URL:https://inspiry.co.nz/wp-content/uploads/2021/khroma/ZO-CAB001-6.jpg
09-07-2021 @ 01:46:41 - URL:https://inspiry.co.nz/wp-content/uploads/2021/khroma/ZO-CAB001-6.jpg Reason:Error getting remote image https://inspiry.co.nz/wp-content/uploads/2021/khroma/ZO-CAB001-6.jpg. Error: Not Found
09-07-2021 @ 01:46:41 - Image URL:https://inspiry.co.nz/wp-content/uploads/2021/khroma/ZO-CAB001-7.jpg
09-07-2021 @ 01:46:42 - URL:https://inspiry.co.nz/wp-content/uploads/2021/khroma/ZO-CAB001-7.jpg Reason:Error getting remote image https://inspiry.co.nz/wp-content/uploads/2021/khroma/ZO-CAB001-7.jpg. Error: Not Found
09-07-2021 @ 01:46:42 - Row :1 - Product updated successfully.
09-07-2021 @ 01:46:42 - Row :2 - Parsing item.
09-07-2021 @ 01:46:42 - Row :2 - Processing item.
09-07-2021 @ 01:46:42 - Found simple product object. ID:453389
09-07-2021 @ 01:46:42 - Setting Featured Image. URL:https://inspiry.co.nz/wp-content/uploads/2021/khroma/ZO-CAB002.jpg
09-07-2021 @ 01:46:44 - Attachment ID:453979
09-07-2021 @ 01:46:44 - Setting Gallery Images.
09-07-2021 @ 01:46:44 - Image URL:https://inspiry.co.nz/wp-content/uploads/2021/khroma/ZO-CAB002-1.jpg
09-07-2021 @ 01:46:45 - URL:https://inspiry.co.nz/wp-content/uploads/2021/khroma/ZO-CAB002-1.jpg Reason:Error getting remote image https://inspiry.co.nz/wp-content/uploads/2021/khroma/ZO-CAB002-1.jpg. Error: Not Found
09-07-2021 @ 01:46:45 - Image URL:https://inspiry.co.nz/wp-content/uploads/2021/khroma/ZO-CAB002-2.jpg
09-07-2021 @ 01:46:46 - URL:https://inspiry.co.nz/wp-content/uploads/2021/khroma/ZO-CAB002-2.jpg Reason:Error getting remote image https://inspiry.co.nz/wp-content/uploads/2021/khroma/ZO-CAB002-2.jpg. Error: Not Found
09-07-2021 @ 01:46:46 - Image URL:https://inspiry.co.nz/wp-content/uploads/2021/khroma/ZO-CAB002-3.jpg
09-07-2021 @ 01:46:46 - URL:https://inspiry.co.nz/wp-content/uploads/2021/khroma/ZO-CAB002-3.jpg Reason:Error getting remote image https://inspiry.co.nz/wp-content/uploads/2021/khroma/ZO-CAB002-3.jpg. Error: Not Found
09-07-2021 @ 01:46:46 - Image URL:https://inspiry.co.nz/wp-content/uploads/2021/khroma/ZO-CAB002-4.jpg
09-07-2021 @ 01:46:47 - URL:https://inspiry.co.nz/wp-content/uploads/2021/khroma/ZO-CAB002-4.jpg Reason:Error getting remote image https://inspiry.co.nz/wp-content/uploads/2021/khroma/ZO-CAB002-4.jpg. Error: Not Found
09-07-2021 @ 01:46:47 - Image URL:https://inspiry.co.nz/wp-content/uploads/2021/khroma/ZO-CAB002-5.jpg
09-07-2021 @ 01:46:48 - URL:https://inspiry.co.nz/wp-content/uploads/2021/khroma/ZO-CAB002-5.jpg Reason:Error getting remote image https://inspiry.co.nz/wp-content/uploads/2021/khroma/ZO-CAB002-5.jpg. Error: Not Found
09-07-2021 @ 01:46:48 - Image URL:https://inspiry.co.nz/wp-content/uploads/2021/khroma/ZO-CAB002-6.jpg
09-07-2021 @ 01:46:48 - URL:https://inspiry.co.nz/wp-content/uploads/2021/khroma/ZO-CAB002-6.jpg Reason:Error getting remote image https://inspiry.co.nz/wp-content/uploads/2021/khroma/ZO-CAB002-6.jpg. Error: Not Found
09-07-2021 @ 01:46:48 - Image URL:https://inspiry.co.nz/wp-content/uploads/2021/khroma/ZO-CAB002-7.jpg
09-07-2021 @ 01:46:49 - URL:https://inspiry.co.nz/wp-content/uploads/2021/khroma/ZO-CAB002-7.jpg Reason:Error getting remote image https://inspiry.co.nz/wp-content/uploads/2021/khroma/ZO-CAB002-7.jpg. Error: Not Found
09-07-2021 @ 01:46:50 - Row :2 - Product updated successfully.
09-07-2021 @ 01:46:50 - Row :3 - Parsing item.
09-07-2021 @ 01:46:50 - Row :3 - Processing item.
09-07-2021 @ 01:46:50 - Found simple product object. ID:453390
09-07-2021 @ 01:46:50 - Setting Featured Image. URL:https://inspiry.co.nz/wp-content/uploads/2021/khroma/ZO-CAB003.jpg
09-07-2021 @ 01:46:51 - Attachment ID:453980
09-07-2021 @ 01:46:51 - Setting Gallery Images.
09-07-2021 @ 01:46:51 - Image URL:https://inspiry.co.nz/wp-content/uploads/2021/khroma/ZO-CAB003-1.jpg
09-07-2021 @ 01:46:52 - URL:https://inspiry.co.nz/wp-content/uploads/2021/khroma/ZO-CAB003-1.jpg Reason:Error getting remote image https://inspiry.co.nz/wp-content/uploads/2021/khroma/ZO-CAB003-1.jpg. Error: Not Found
09-07-2021 @ 01:46:52 - Image URL:https://inspiry.co.nz/wp-content/uploads/2021/khroma/ZO-CAB003-2.jpg
09-07-2021 @ 01:46:53 - URL:https://inspiry.co.nz/wp-content/uploads/2021/khroma/ZO-CAB003-2.jpg Reason:Error getting remote image https://inspiry.co.nz/wp-content/uploads/2021/khroma/ZO-CAB003-2.jpg. Error: Not Found
09-07-2021 @ 01:46:53 - Image URL:https://inspiry.co.nz/wp-content/uploads/2021/khroma/ZO-CAB003-3.jpg
09-07-2021 @ 01:46:53 - URL:https://inspiry.co.nz/wp-content/uploads/2021/khroma/ZO-CAB003-3.jpg Reason:Error getting remote image https://inspiry.co.nz/wp-content/uploads/2021/khroma/ZO-CAB003-3.jpg. Error: Not Found
09-07-2021 @ 01:46:53 - Image URL:https://inspiry.co.nz/wp-content/uploads/2021/khroma/ZO-CAB003-4.jpg
09-07-2021 @ 01:46:54 - URL:https://inspiry.co.nz/wp-content/uploads/2021/khroma/ZO-CAB003-4.jpg Reason:Error getting remote image https://inspiry.co.nz/wp-content/uploads/2021/khroma/ZO-CAB003-4.jpg. Error: Not Found
09-07-2021 @ 01:46:54 - Image URL:https://inspiry.co.nz/wp-content/uploads/2021/khroma/ZO-CAB003-5.jpg
09-07-2021 @ 01:46:55 - URL:https://inspiry.co.nz/wp-content/uploads/2021/khroma/ZO-CAB003-5.jpg Reason:Error getting remote image https://inspiry.co.nz/wp-content/uploads/2021/khroma/ZO-CAB003-5.jpg. Error: Not Found
09-07-2021 @ 01:46:55 - Image URL:https://inspiry.co.nz/wp-content/uploads/2021/khroma/ZO-CAB003-6.jpg
09-07-2021 @ 01:46:55 - URL:https://inspiry.co.nz/wp-content/uploads/2021/khroma/ZO-CAB003-6.jpg Reason:Error getting remote image https://inspiry.co.nz/wp-content/uploads/2021/khroma/ZO-CAB003-6.jpg. Error: Not Found
09-07-2021 @ 01:46:55 - Image URL:https://inspiry.co.nz/wp-content/uploads/2021/khroma/ZO-CAB003-7.jpg
09-07-2021 @ 01:46:56 - URL:https://inspiry.co.nz/wp-content/uploads/2021/khroma/ZO-CAB003-7.jpg Reason:Error getting remote image https://inspiry.co.nz/wp-content/uploads/2021/khroma/ZO-CAB003-7.jpg. Error: Not Found
09-07-2021 @ 01:46:56 - Row :3 - Product updated successfully.
09-07-2021 @ 01:46:56 - Row :4 - Parsing item.
09-07-2021 @ 01:46:57 - Row :4 - Processing item.
09-07-2021 @ 01:46:57 - Found simple product object. ID:453391
09-07-2021 @ 01:46:57 - Setting Featured Image. URL:https://inspiry.co.nz/wp-content/uploads/2021/khroma/ZO-CAB004.jpg
09-07-2021 @ 01:46:58 - Attachment ID:453981
09-07-2021 @ 01:46:58 - Setting Gallery Images.
09-07-2021 @ 01:46:58 - Image URL:https://inspiry.co.nz/wp-content/uploads/2021/khroma/ZO-CAB004-1.jpg
09-07-2021 @ 01:46:59 - URL:https://inspiry.co.nz/wp-content/uploads/2021/khroma/ZO-CAB004-1.jpg Reason:Error getting remote image https://inspiry.co.nz/wp-content/uploads/2021/khroma/ZO-CAB004-1.jpg. Error: Not Found
09-07-2021 @ 01:46:59 - Image URL:https://inspiry.co.nz/wp-content/uploads/2021/khroma/ZO-CAB004-2.jpg
09-07-2021 @ 01:47:00 - URL:https://inspiry.co.nz/wp-content/uploads/2021/khroma/ZO-CAB004-2.jpg Reason:Error getting remote image https://inspiry.co.nz/wp-content/uploads/2021/khroma/ZO-CAB004-2.jpg. Error: Not Found
09-07-2021 @ 01:47:00 - Image URL:https://inspiry.co.nz/wp-content/uploads/2021/khroma/ZO-CAB004-3.jpg
09-07-2021 @ 01:47:00 - URL:https://inspiry.co.nz/wp-content/uploads/2021/khroma/ZO-CAB004-3.jpg Reason:Error getting remote image https://inspiry.co.nz/wp-content/uploads/2021/khroma/ZO-CAB004-3.jpg. Error: Not Found
09-07-2021 @ 01:47:00 - Image URL:https://inspiry.co.nz/wp-content/uploads/2021/khroma/ZO-CAB004-4.jpg
09-07-2021 @ 01:47:01 - URL:https://inspiry.co.nz/wp-content/uploads/2021/khroma/ZO-CAB004-4.jpg Reason:Error getting remote image https://inspiry.co.nz/wp-content/uploads/2021/khroma/ZO-CAB004-4.jpg. Error: Not Found
09-07-2021 @ 01:47:01 - Image URL:https://inspiry.co.nz/wp-content/uploads/2021/khroma/ZO-CAB004-5.jpg
09-07-2021 @ 01:47:02 - URL:https://inspiry.co.nz/wp-content/uploads/2021/khroma/ZO-CAB004-5.jpg Reason:Error getting remote image https://inspiry.co.nz/wp-content/uploads/2021/khroma/ZO-CAB004-5.jpg. Error: Not Found
09-07-2021 @ 01:47:02 - Image URL:https://inspiry.co.nz/wp-content/uploads/2021/khroma/ZO-CAB004-6.jpg
09-07-2021 @ 01:47:03 - URL:https://inspiry.co.nz/wp-content/uploads/2021/khroma/ZO-CAB004-6.jpg Reason:Error getting remote image https://inspiry.co.nz/wp-content/uploads/2021/khroma/ZO-CAB004-6.jpg. Error: Not Found
09-07-2021 @ 01:47:03 - Image URL:https://inspiry.co.nz/wp-content/uploads/2021/khroma/ZO-CAB004-7.jpg
09-07-2021 @ 01:47:03 - URL:https://inspiry.co.nz/wp-content/uploads/2021/khroma/ZO-CAB004-7.jpg Reason:Error getting remote image https://inspiry.co.nz/wp-content/uploads/2021/khroma/ZO-CAB004-7.jpg. Error: Not Found
09-07-2021 @ 01:47:04 - Row :4 - Product updated successfully.
09-07-2021 @ 01:47:04 - Row :5 - Parsing item.
09-07-2021 @ 01:47:04 - Row :5 - Processing item.
09-07-2021 @ 01:47:04 - Found simple product object. ID:453392
09-07-2021 @ 01:47:04 - Setting Featured Image. URL:https://inspiry.co.nz/wp-content/uploads/2021/khroma/ZO-CAB005.jpg
09-07-2021 @ 01:47:05 - Attachment ID:453982
09-07-2021 @ 01:47:05 - Setting Gallery Images.
09-07-2021 @ 01:47:05 - Image URL:https://inspiry.co.nz/wp-content/uploads/2021/khroma/ZO-CAB005-1.jpg
09-07-2021 @ 01:47:07 - Attachment ID:453983
09-07-2021 @ 01:47:07 - Image URL:https://inspiry.co.nz/wp-content/uploads/2021/khroma/ZO-CAB005-2.jpg
09-07-2021 @ 01:47:08 - URL:https://inspiry.co.nz/wp-content/uploads/2021/khroma/ZO-CAB005-2.jpg Reason:Error getting remote image https://inspiry.co.nz/wp-content/uploads/2021/khroma/ZO-CAB005-2.jpg. Error: Not Found
09-07-2021 @ 01:47:08 - Image URL:https://inspiry.co.nz/wp-content/uploads/2021/khroma/ZO-CAB005-3.jpg
09-07-2021 @ 01:47:08 - URL:https://inspiry.co.nz/wp-content/uploads/2021/khroma/ZO-CAB005-3.jpg Reason:Error getting remote image https://inspiry.co.nz/wp-content/uploads/2021/khroma/ZO-CAB005-3.jpg. Error: Not Found
09-07-2021 @ 01:47:08 - Image URL:https://inspiry.co.nz/wp-content/uploads/2021/khroma/ZO-CAB005-4.jpg
09-07-2021 @ 01:47:09 - URL:https://inspiry.co.nz/wp-content/uploads/2021/khroma/ZO-CAB005-4.jpg Reason:Error getting remote image https://inspiry.co.nz/wp-content/uploads/2021/khroma/ZO-CAB005-4.jpg. Error: Not Found
09-07-2021 @ 01:47:09 - Image URL:https://inspiry.co.nz/wp-content/uploads/2021/khroma/ZO-CAB005-5.jpg
09-07-2021 @ 01:47:10 - URL:https://inspiry.co.nz/wp-content/uploads/2021/khroma/ZO-CAB005-5.jpg Reason:Error getting remote image https://inspiry.co.nz/wp-content/uploads/2021/khroma/ZO-CAB005-5.jpg. Error: Not Found
09-07-2021 @ 01:47:10 - Image URL:https://inspiry.co.nz/wp-content/uploads/2021/khroma/ZO-CAB005-6.jpg
09-07-2021 @ 01:47:11 - URL:https://inspiry.co.nz/wp-content/uploads/2021/khroma/ZO-CAB005-6.jpg Reason:Error getting remote image https://inspiry.co.nz/wp-content/uploads/2021/khroma/ZO-CAB005-6.jpg. Error: Not Found
09-07-2021 @ 01:47:11 - Image URL:https://inspiry.co.nz/wp-content/uploads/2021/khroma/ZO-CAB005-7.jpg
09-07-2021 @ 01:47:12 - URL:https://inspiry.co.nz/wp-content/uploads/2021/khroma/ZO-CAB005-7.jpg Reason:Error getting remote image https://inspiry.co.nz/wp-content/uploads/2021/khroma/ZO-CAB005-7.jpg. Error: Not Found
09-07-2021 @ 01:47:12 - Row :5 - Product updated successfully.
09-07-2021 @ 01:47:12 - Row :6 - Parsing item.
09-07-2021 @ 01:47:12 - Row :6 - Processing item.
09-07-2021 @ 01:47:12 - Found simple product object. ID:453393
09-07-2021 @ 01:47:12 - Setting Featured Image. URL:https://inspiry.co.nz/wp-content/uploads/2021/khroma/ZO-CAB006.jpg
09-07-2021 @ 01:47:13 - Attachment ID:453984
09-07-2021 @ 01:47:13 - Setting Gallery Images.
09-07-2021 @ 01:47:13 - Image URL:https://inspiry.co.nz/wp-content/uploads/2021/khroma/ZO-CAB006-1.jpg
09-07-2021 @ 01:47:15 - Attachment ID:453985
09-07-2021 @ 01:47:15 - Image URL:https://inspiry.co.nz/wp-content/uploads/2021/khroma/ZO-CAB006-2.jpg
09-07-2021 @ 01:47:15 - URL:https://inspiry.co.nz/wp-content/uploads/2021/khroma/ZO-CAB006-2.jpg Reason:Error getting remote image https://inspiry.co.nz/wp-content/uploads/2021/khroma/ZO-CAB006-2.jpg. Error: Not Found
09-07-2021 @ 01:47:15 - Image URL:https://inspiry.co.nz/wp-content/uploads/2021/khroma/ZO-CAB006-3.jpg
09-07-2021 @ 01:47:16 - URL:https://inspiry.co.nz/wp-content/uploads/2021/khroma/ZO-CAB006-3.jpg Reason:Error getting remote image https://inspiry.co.nz/wp-content/uploads/2021/khroma/ZO-CAB006-3.jpg. Error: Not Found
09-07-2021 @ 01:47:16 - Image URL:https://inspiry.co.nz/wp-content/uploads/2021/khroma/ZO-CAB006-4.jpg
09-07-2021 @ 01:47:17 - URL:https://inspiry.co.nz/wp-content/uploads/2021/khroma/ZO-CAB006-4.jpg Reason:Error getting remote image https://inspiry.co.nz/wp-content/uploads/2021/khroma/ZO-CAB006-4.jpg. Error: Not Found
09-07-2021 @ 01:47:17 - Image URL:https://inspiry.co.nz/wp-content/uploads/2021/khroma/ZO-CAB006-5.jpg
09-07-2021 @ 01:47:18 - URL:https://inspiry.co.nz/wp-content/uploads/2021/khroma/ZO-CAB006-5.jpg Reason:Error getting remote image https://inspiry.co.nz/wp-content/uploads/2021/khroma/ZO-CAB006-5.jpg. Error: Not Found
09-07-2021 @ 01:47:18 - Image URL:https://inspiry.co.nz/wp-content/uploads/2021/khroma/ZO-CAB006-6.jpg
09-07-2021 @ 01:47:19 - URL:https://inspiry.co.nz/wp-content/uploads/2021/khroma/ZO-CAB006-6.jpg Reason:Error getting remote image https://inspiry.co.nz/wp-content/uploads/2021/khroma/ZO-CAB006-6.jpg. Error: Not Found
09-07-2021 @ 01:47:19 - Image URL:https://inspiry.co.nz/wp-content/uploads/2021/khroma/ZO-CAB006-7.jpg
09-07-2021 @ 01:47:19 - URL:https://inspiry.co.nz/wp-content/uploads/2021/khroma/ZO-CAB006-7.jpg Reason:Error getting remote image https://inspiry.co.nz/wp-content/uploads/2021/khroma/ZO-CAB006-7.jpg. Error: Not Found
09-07-2021 @ 01:47:20 - Row :6 - Product updated successfully.
09-07-2021 @ 01:47:20 - Row :7 - Parsing item.
09-07-2021 @ 01:47:20 - Row :7 - Processing item.
09-07-2021 @ 01:47:20 - Found simple product object. ID:453394
09-07-2021 @ 01:47:20 - Setting Featured Image. URL:https://inspiry.co.nz/wp-content/uploads/2021/khroma/ZO-CAB007.jpg
09-07-2021 @ 01:47:22 - Attachment ID:453986
09-07-2021 @ 01:47:22 - Setting Gallery Images.
09-07-2021 @ 01:47:22 - Image URL:https://inspiry.co.nz/wp-content/uploads/2021/khroma/ZO-CAB007-1.jpg
09-07-2021 @ 01:47:23 - URL:https://inspiry.co.nz/wp-content/uploads/2021/khroma/ZO-CAB007-1.jpg Reason:Error getting remote image https://inspiry.co.nz/wp-content/uploads/2021/khroma/ZO-CAB007-1.jpg. Error: Not Found
09-07-2021 @ 01:47:23 - Image URL:https://inspiry.co.nz/wp-content/uploads/2021/khroma/ZO-CAB007-2.jpg
09-07-2021 @ 01:47:24 - URL:https://inspiry.co.nz/wp-content/uploads/2021/khroma/ZO-CAB007-2.jpg Reason:Error getting remote image https://inspiry.co.nz/wp-content/uploads/2021/khroma/ZO-CAB007-2.jpg. Error: Not Found
09-07-2021 @ 01:47:24 - Image URL:https://inspiry.co.nz/wp-content/uploads/2021/khroma/ZO-CAB007-3.jpg
09-07-2021 @ 01:47:25 - URL:https://inspiry.co.nz/wp-content/uploads/2021/khroma/ZO-CAB007-3.jpg Reason:Error getting remote image https://inspiry.co.nz/wp-content/uploads/2021/khroma/ZO-CAB007-3.jpg. Error: Not Found
09-07-2021 @ 01:47:25 - Image URL:https://inspiry.co.nz/wp-content/uploads/2021/khroma/ZO-CAB007-4.jpg
09-07-2021 @ 01:47:25 - URL:https://inspiry.co.nz/wp-content/uploads/2021/khroma/ZO-CAB007-4.jpg Reason:Error getting remote image https://inspiry.co.nz/wp-content/uploads/2021/khroma/ZO-CAB007-4.jpg. Error: Not Found
09-07-2021 @ 01:47:25 - Image URL:https://inspiry.co.nz/wp-content/uploads/2021/khroma/ZO-CAB007-5.jpg
09-07-2021 @ 01:47:27 - URL:https://inspiry.co.nz/wp-content/uploads/2021/khroma/ZO-CAB007-5.jpg Reason:Error getting remote image https://inspiry.co.nz/wp-content/uploads/2021/khroma/ZO-CAB007-5.jpg. Error: Not Found
09-07-2021 @ 01:47:27 - Image URL:https://inspiry.co.nz/wp-content/uploads/2021/khroma/ZO-CAB007-6.jpg
09-07-2021 @ 01:47:27 - URL:https://inspiry.co.nz/wp-content/uploads/2021/khroma/ZO-CAB007-6.jpg Reason:Error getting remote image https://inspiry.co.nz/wp-content/uploads/2021/khroma/ZO-CAB007-6.jpg. Error: Not Found
09-07-2021 @ 01:47:27 - Image URL:https://inspiry.co.nz/wp-content/uploads/2021/khroma/ZO-CAB007-7.jpg
09-07-2021 @ 01:47:28 - URL:https://inspiry.co.nz/wp-content/uploads/2021/khroma/ZO-CAB007-7.jpg Reason:Error getting remote image https://inspiry.co.nz/wp-content/uploads/2021/khroma/ZO-CAB007-7.jpg. Error: Not Found
09-07-2021 @ 01:47:29 - Row :7 - Product updated successfully.
09-07-2021 @ 01:47:29 - Row :8 - Parsing item.
09-07-2021 @ 01:47:29 - Row :8 - Processing item.
09-07-2021 @ 01:47:29 - Found simple product object. ID:453395
09-07-2021 @ 01:47:29 - Setting Featured Image. URL:https://inspiry.co.nz/wp-content/uploads/2021/khroma/ZO-CAB101.jpg
09-07-2021 @ 01:47:30 - Attachment ID:453987
09-07-2021 @ 01:47:30 - Setting Gallery Images.
09-07-2021 @ 01:47:30 - Image URL:https://inspiry.co.nz/wp-content/uploads/2021/khroma/ZO-CAB101-1.jpg
09-07-2021 @ 01:47:32 - Attachment ID:453988
09-07-2021 @ 01:47:32 - Image URL:https://inspiry.co.nz/wp-content/uploads/2021/khroma/ZO-CAB101-2.jpg
09-07-2021 @ 01:47:34 - Attachment ID:453989
09-07-2021 @ 01:47:34 - Image URL:https://inspiry.co.nz/wp-content/uploads/2021/khroma/ZO-CAB101-3.jpg
09-07-2021 @ 01:47:35 - URL:https://inspiry.co.nz/wp-content/uploads/2021/khroma/ZO-CAB101-3.jpg Reason:Error getting remote image https://inspiry.co.nz/wp-content/uploads/2021/khroma/ZO-CAB101-3.jpg. Error: Not Found
09-07-2021 @ 01:47:35 - Image URL:https://inspiry.co.nz/wp-content/uploads/2021/khroma/ZO-CAB101-4.jpg
09-07-2021 @ 01:47:35 - URL:https://inspiry.co.nz/wp-content/uploads/2021/khroma/ZO-CAB101-4.jpg Reason:Error getting remote image https://inspiry.co.nz/wp-content/uploads/2021/khroma/ZO-CAB101-4.jpg. Error: Not Found
09-07-2021 @ 01:47:35 - Image URL:https://inspiry.co.nz/wp-content/uploads/2021/khroma/ZO-CAB101-5.jpg
09-07-2021 @ 01:47:36 - URL:https://inspiry.co.nz/wp-content/uploads/2021/khroma/ZO-CAB101-5.jpg Reason:Error getting remote image https://inspiry.co.nz/wp-content/uploads/2021/khroma/ZO-CAB101-5.jpg. Error: Not Found
09-07-2021 @ 01:47:36 - Image URL:https://inspiry.co.nz/wp-content/uploads/2021/khroma/ZO-CAB101-6.jpg
09-07-2021 @ 01:47:37 - URL:https://inspiry.co.nz/wp-content/uploads/2021/khroma/ZO-CAB101-6.jpg Reason:Error getting remote image https://inspiry.co.nz/wp-content/uploads/2021/khroma/ZO-CAB101-6.jpg. Error: Not Found
09-07-2021 @ 01:47:37 - Image URL:https://inspiry.co.nz/wp-content/uploads/2021/khroma/ZO-CAB101-7.jpg
09-07-2021 @ 01:47:37 - URL:https://inspiry.co.nz/wp-content/uploads/2021/khroma/ZO-CAB101-7.jpg Reason:Error getting remote image https://inspiry.co.nz/wp-content/uploads/2021/khroma/ZO-CAB101-7.jpg. Error: Not Found
09-07-2021 @ 01:47:38 - Row :8 - Product updated successfully.
09-07-2021 @ 01:47:38 - Row :9 - Parsing item.
09-07-2021 @ 01:47:38 - Row :9 - Processing item.
09-07-2021 @ 01:47:38 - Found simple product object. ID:453396
09-07-2021 @ 01:47:38 - Setting Featured Image. URL:https://inspiry.co.nz/wp-content/uploads/2021/khroma/ZO-CAB102.jpg
09-07-2021 @ 01:47:39 - Attachment ID:453990
09-07-2021 @ 01:47:39 - Setting Gallery Images.
09-07-2021 @ 01:47:39 - Image URL:https://inspiry.co.nz/wp-content/uploads/2021/khroma/ZO-CAB102-1.jpg
09-07-2021 @ 01:47:41 - Attachment ID:453991
09-07-2021 @ 01:47:41 - Image URL:https://inspiry.co.nz/wp-content/uploads/2021/khroma/ZO-CAB102-2.jpg
09-07-2021 @ 01:47:42 - URL:https://inspiry.co.nz/wp-content/uploads/2021/khroma/ZO-CAB102-2.jpg Reason:Error getting remote image https://inspiry.co.nz/wp-content/uploads/2021/khroma/ZO-CAB102-2.jpg. Error: Not Found
09-07-2021 @ 01:47:42 - Image URL:https://inspiry.co.nz/wp-content/uploads/2021/khroma/ZO-CAB102-3.jpg
09-07-2021 @ 01:47:43 - URL:https://inspiry.co.nz/wp-content/uploads/2021/khroma/ZO-CAB102-3.jpg Reason:Error getting remote image https://inspiry.co.nz/wp-content/uploads/2021/khroma/ZO-CAB102-3.jpg. Error: Not Found
09-07-2021 @ 01:47:43 - Image URL:https://inspiry.co.nz/wp-content/uploads/2021/khroma/ZO-CAB102-4.jpg
09-07-2021 @ 01:47:43 - URL:https://inspiry.co.nz/wp-content/uploads/2021/khroma/ZO-CAB102-4.jpg Reason:Error getting remote image https://inspiry.co.nz/wp-content/uploads/2021/khroma/ZO-CAB102-4.jpg. Error: Not Found
09-07-2021 @ 01:47:43 - Image URL:https://inspiry.co.nz/wp-content/uploads/2021/khroma/ZO-CAB102-5.jpg
09-07-2021 @ 01:47:44 - URL:https://inspiry.co.nz/wp-content/uploads/2021/khroma/ZO-CAB102-5.jpg Reason:Error getting remote image https://inspiry.co.nz/wp-content/uploads/2021/khroma/ZO-CAB102-5.jpg. Error: Not Found
09-07-2021 @ 01:47:44 - Image URL:https://inspiry.co.nz/wp-content/uploads/2021/khroma/ZO-CAB102-6.jpg
09-07-2021 @ 01:47:45 - URL:https://inspiry.co.nz/wp-content/uploads/2021/khroma/ZO-CAB102-6.jpg Reason:Error getting remote image https://inspiry.co.nz/wp-content/uploads/2021/khroma/ZO-CAB102-6.jpg. Error: Not Found
09-07-2021 @ 01:47:45 - Image URL:https://inspiry.co.nz/wp-content/uploads/2021/khroma/ZO-CAB102-7.jpg
09-07-2021 @ 01:47:46 - URL:https://inspiry.co.nz/wp-content/uploads/2021/khroma/ZO-CAB102-7.jpg Reason:Error getting remote image https://inspiry.co.nz/wp-content/uploads/2021/khroma/ZO-CAB102-7.jpg. Error: Not Found
09-07-2021 @ 01:47:46 - Row :9 - Product updated successfully.
09-07-2021 @ 01:47:46 - Row :10 - Parsing item.
09-07-2021 @ 01:47:46 - Row :10 - Processing item.
09-07-2021 @ 01:47:46 - Found simple product object. ID:453397
09-07-2021 @ 01:47:46 - Setting Featured Image. URL:https://inspiry.co.nz/wp-content/uploads/2021/khroma/ZO-CAB103.jpg
09-07-2021 @ 01:47:48 - Attachment ID:453992
09-07-2021 @ 01:47:48 - Setting Gallery Images.
09-07-2021 @ 01:47:48 - Image URL:https://inspiry.co.nz/wp-content/uploads/2021/khroma/ZO-CAB103-1.jpg
09-07-2021 @ 01:47:49 - Attachment ID:453993
09-07-2021 @ 01:47:49 - Image URL:https://inspiry.co.nz/wp-content/uploads/2021/khroma/ZO-CAB103-2.jpg
09-07-2021 @ 01:47:51 - URL:https://inspiry.co.nz/wp-content/uploads/2021/khroma/ZO-CAB103-2.jpg Reason:Error getting remote image https://inspiry.co.nz/wp-content/uploads/2021/khroma/ZO-CAB103-2.jpg. Error: Not Found
09-07-2021 @ 01:47:51 - Image URL:https://inspiry.co.nz/wp-content/uploads/2021/khroma/ZO-CAB103-3.jpg
09-07-2021 @ 01:47:52 - URL:https://inspiry.co.nz/wp-content/uploads/2021/khroma/ZO-CAB103-3.jpg Reason:Error getting remote image https://inspiry.co.nz/wp-content/uploads/2021/khroma/ZO-CAB103-3.jpg. Error: Not Found
09-07-2021 @ 01:47:52 - Image URL:https://inspiry.co.nz/wp-content/uploads/2021/khroma/ZO-CAB103-4.jpg
09-07-2021 @ 01:47:54 - URL:https://inspiry.co.nz/wp-content/uploads/2021/khroma/ZO-CAB103-4.jpg Reason:Error getting remote image https://inspiry.co.nz/wp-content/uploads/2021/khroma/ZO-CAB103-4.jpg. Error: Not Found
09-07-2021 @ 01:47:54 - Image URL:https://inspiry.co.nz/wp-content/uploads/2021/khroma/ZO-CAB103-5.jpg
09-07-2021 @ 01:47:55 - URL:https://inspiry.co.nz/wp-content/uploads/2021/khroma/ZO-CAB103-5.jpg Reason:Error getting remote image https://inspiry.co.nz/wp-content/uploads/2021/khroma/ZO-CAB103-5.jpg. Error: Not Found
09-07-2021 @ 01:47:55 - Image URL:https://inspiry.co.nz/wp-content/uploads/2021/khroma/ZO-CAB103-6.jpg
09-07-2021 @ 01:47:56 - URL:https://inspiry.co.nz/wp-content/uploads/2021/khroma/ZO-CAB103-6.jpg Reason:Error getting remote image https://inspiry.co.nz/wp-content/uploads/2021/khroma/ZO-CAB103-6.jpg. Error: Not Found
09-07-2021 @ 01:47:56 - Image URL:https://inspiry.co.nz/wp-content/uploads/2021/khroma/ZO-CAB103-7.jpg
09-07-2021 @ 01:47:57 - URL:https://inspiry.co.nz/wp-content/uploads/2021/khroma/ZO-CAB103-7.jpg Reason:Error getting remote image https://inspiry.co.nz/wp-content/uploads/2021/khroma/ZO-CAB103-7.jpg. Error: Not Found
09-07-2021 @ 01:47:57 - Row :10 - Product updated successfully.
09-07-2021 @ 01:47:59 - Preparing for import.
09-07-2021 @ 01:47:59 - Row :11 - Parsing item.
09-07-2021 @ 01:47:59 - Row :11 - Processing item.
09-07-2021 @ 01:47:59 - Found simple product object. ID:453398
09-07-2021 @ 01:47:59 - Setting Featured Image. URL:https://inspiry.co.nz/wp-content/uploads/2021/khroma/ZO-CAB104.jpg
09-07-2021 @ 01:48:00 - Attachment ID:453994
09-07-2021 @ 01:48:00 - Setting Gallery Images.
09-07-2021 @ 01:48:00 - Image URL:https://inspiry.co.nz/wp-content/uploads/2021/khroma/ZO-CAB104-1.jpg
09-07-2021 @ 01:48:02 - Attachment ID:453995
09-07-2021 @ 01:48:02 - Image URL:https://inspiry.co.nz/wp-content/uploads/2021/khroma/ZO-CAB104-2.jpg
09-07-2021 @ 01:48:03 - URL:https://inspiry.co.nz/wp-content/uploads/2021/khroma/ZO-CAB104-2.jpg Reason:Error getting remote image https://inspiry.co.nz/wp-content/uploads/2021/khroma/ZO-CAB104-2.jpg. Error: Not Found
09-07-2021 @ 01:48:03 - Image URL:https://inspiry.co.nz/wp-content/uploads/2021/khroma/ZO-CAB104-3.jpg
09-07-2021 @ 01:48:05 - URL:https://inspiry.co.nz/wp-content/uploads/2021/khroma/ZO-CAB104-3.jpg Reason:Error getting remote image https://inspiry.co.nz/wp-content/uploads/2021/khroma/ZO-CAB104-3.jpg. Error: Not Found
09-07-2021 @ 01:48:05 - Image URL:https://inspiry.co.nz/wp-content/uploads/2021/khroma/ZO-CAB104-4.jpg
09-07-2021 @ 01:48:06 - URL:https://inspiry.co.nz/wp-content/uploads/2021/khroma/ZO-CAB104-4.jpg Reason:Error getting remote image https://inspiry.co.nz/wp-content/uploads/2021/khroma/ZO-CAB104-4.jpg. Error: Not Found
09-07-2021 @ 01:48:06 - Image URL:https://inspiry.co.nz/wp-content/uploads/2021/khroma/ZO-CAB104-5.jpg
09-07-2021 @ 01:48:07 - URL:https://inspiry.co.nz/wp-content/uploads/2021/khroma/ZO-CAB104-5.jpg Reason:Error getting remote image https://inspiry.co.nz/wp-content/uploads/2021/khroma/ZO-CAB104-5.jpg. Error: Not Found
09-07-2021 @ 01:48:07 - Image URL:https://inspiry.co.nz/wp-content/uploads/2021/khroma/ZO-CAB104-6.jpg
09-07-2021 @ 01:48:07 - URL:https://inspiry.co.nz/wp-content/uploads/2021/khroma/ZO-CAB104-6.jpg Reason:Error getting remote image https://inspiry.co.nz/wp-content/uploads/2021/khroma/ZO-CAB104-6.jpg. Error: Not Found
09-07-2021 @ 01:48:07 - Image URL:https://inspiry.co.nz/wp-content/uploads/2021/khroma/ZO-CAB104-7.jpg
09-07-2021 @ 01:48:08 - URL:https://inspiry.co.nz/wp-content/uploads/2021/khroma/ZO-CAB104-7.jpg Reason:Error getting remote image https://inspiry.co.nz/wp-content/uploads/2021/khroma/ZO-CAB104-7.jpg. Error: Not Found
09-07-2021 @ 01:48:08 - Row :11 - Product updated successfully.
09-07-2021 @ 01:48:08 - Row :12 - Parsing item.
09-07-2021 @ 01:48:08 - Row :12 - Processing item.
09-07-2021 @ 01:48:08 - Found simple product object. ID:453399
09-07-2021 @ 01:48:08 - Setting Featured Image. URL:https://inspiry.co.nz/wp-content/uploads/2021/khroma/ZO-CAB105.jpg
09-07-2021 @ 01:48:12 - Attachment ID:453996
09-07-2021 @ 01:48:12 - Setting Gallery Images.
09-07-2021 @ 01:48:12 - Image URL:https://inspiry.co.nz/wp-content/uploads/2021/khroma/ZO-CAB105-1.jpg
09-07-2021 @ 01:48:14 - Attachment ID:453997
09-07-2021 @ 01:48:14 - Image URL:https://inspiry.co.nz/wp-content/uploads/2021/khroma/ZO-CAB105-2.jpg
09-07-2021 @ 01:48:15 - URL:https://inspiry.co.nz/wp-content/uploads/2021/khroma/ZO-CAB105-2.jpg Reason:Error getting remote image https://inspiry.co.nz/wp-content/uploads/2021/khroma/ZO-CAB105-2.jpg. Error: Not Found
09-07-2021 @ 01:48:15 - Image URL:https://inspiry.co.nz/wp-content/uploads/2021/khroma/ZO-CAB105-3.jpg
09-07-2021 @ 01:48:17 - URL:https://inspiry.co.nz/wp-content/uploads/2021/khroma/ZO-CAB105-3.jpg Reason:Error getting remote image https://inspiry.co.nz/wp-content/uploads/2021/khroma/ZO-CAB105-3.jpg. Error: Not Found
09-07-2021 @ 01:48:17 - Image URL:https://inspiry.co.nz/wp-content/uploads/2021/khroma/ZO-CAB105-4.jpg
09-07-2021 @ 01:48:18 - URL:https://inspiry.co.nz/wp-content/uploads/2021/khroma/ZO-CAB105-4.jpg Reason:Error getting remote image https://inspiry.co.nz/wp-content/uploads/2021/khroma/ZO-CAB105-4.jpg. Error: Not Found
09-07-2021 @ 01:48:18 - Image URL:https://inspiry.co.nz/wp-content/uploads/2021/khroma/ZO-CAB105-5.jpg
09-07-2021 @ 01:48:19 - URL:https://inspiry.co.nz/wp-content/uploads/2021/khroma/ZO-CAB105-5.jpg Reason:Error getting remote image https://inspiry.co.nz/wp-content/uploads/2021/khroma/ZO-CAB105-5.jpg. Error: Not Found
09-07-2021 @ 01:48:19 - Image URL:https://inspiry.co.nz/wp-content/uploads/2021/khroma/ZO-CAB105-6.jpg
09-07-2021 @ 01:48:21 - URL:https://inspiry.co.nz/wp-content/uploads/2021/khroma/ZO-CAB105-6.jpg Reason:Error getting remote image https://inspiry.co.nz/wp-content/uploads/2021/khroma/ZO-CAB105-6.jpg. Error: Not Found
09-07-2021 @ 01:48:21 - Image URL:https://inspiry.co.nz/wp-content/uploads/2021/khroma/ZO-CAB105-7.jpg
09-07-2021 @ 01:48:22 - URL:https://inspiry.co.nz/wp-content/uploads/2021/khroma/ZO-CAB105-7.jpg Reason:Error getting remote image https://inspiry.co.nz/wp-content/uploads/2021/khroma/ZO-CAB105-7.jpg. Error: Not Found
09-07-2021 @ 01:48:22 - Row :12 - Product updated successfully.
09-07-2021 @ 01:48:22 - Row :13 - Parsing item.
09-07-2021 @ 01:48:22 - Row :13 - Processing item.
09-07-2021 @ 01:48:22 - Found simple product object. ID:453400
09-07-2021 @ 01:48:22 - Setting Featured Image. URL:https://inspiry.co.nz/wp-content/uploads/2021/khroma/ZO-CAB202.jpg
09-07-2021 @ 01:48:24 - Attachment ID:453998
09-07-2021 @ 01:48:24 - Setting Gallery Images.
09-07-2021 @ 01:48:24 - Image URL:https://inspiry.co.nz/wp-content/uploads/2021/khroma/ZO-CAB202-1.jpg
09-07-2021 @ 01:48:26 - Attachment ID:453999
09-07-2021 @ 01:48:26 - Image URL:https://inspiry.co.nz/wp-content/uploads/2021/khroma/ZO-CAB202-2.jpg
09-07-2021 @ 01:48:27 - URL:https://inspiry.co.nz/wp-content/uploads/2021/khroma/ZO-CAB202-2.jpg Reason:Error getting remote image https://inspiry.co.nz/wp-content/uploads/2021/khroma/ZO-CAB202-2.jpg. Error: Not Found
09-07-2021 @ 01:48:27 - Image URL:https://inspiry.co.nz/wp-content/uploads/2021/khroma/ZO-CAB202-3.jpg
09-07-2021 @ 01:48:29 - URL:https://inspiry.co.nz/wp-content/uploads/2021/khroma/ZO-CAB202-3.jpg Reason:Error getting remote image https://inspiry.co.nz/wp-content/uploads/2021/khroma/ZO-CAB202-3.jpg. Error: Not Found
09-07-2021 @ 01:48:29 - Image URL:https://inspiry.co.nz/wp-content/uploads/2021/khroma/ZO-CAB202-4.jpg
09-07-2021 @ 01:48:31 - URL:https://inspiry.co.nz/wp-content/uploads/2021/khroma/ZO-CAB202-4.jpg Reason:Error getting remote image https://inspiry.co.nz/wp-content/uploads/2021/khroma/ZO-CAB202-4.jpg. Error: Not Found
09-07-2021 @ 01:48:31 - Image URL:https://inspiry.co.nz/wp-content/uploads/2021/khroma/ZO-CAB202-5.jpg
09-07-2021 @ 01:48:31 - URL:https://inspiry.co.nz/wp-content/uploads/2021/khroma/ZO-CAB202-5.jpg Reason:Error getting remote image https://inspiry.co.nz/wp-content/uploads/2021/khroma/ZO-CAB202-5.jpg. Error: Not Found
09-07-2021 @ 01:48:31 - Image URL:https://inspiry.co.nz/wp-content/uploads/2021/khroma/ZO-CAB202-6.jpg
09-07-2021 @ 01:48:32 - URL:https://inspiry.co.nz/wp-content/uploads/2021/khroma/ZO-CAB202-6.jpg Reason:Error getting remote image https://inspiry.co.nz/wp-content/uploads/2021/khroma/ZO-CAB202-6.jpg. Error: Not Found
09-07-2021 @ 01:48:32 - Image URL:https://inspiry.co.nz/wp-content/uploads/2021/khroma/ZO-CAB202-7.jpg
09-07-2021 @ 01:48:34 - URL:https://inspiry.co.nz/wp-content/uploads/2021/khroma/ZO-CAB202-7.jpg Reason:Error getting remote image https://inspiry.co.nz/wp-content/uploads/2021/khroma/ZO-CAB202-7.jpg. Error: Not Found
09-07-2021 @ 01:48:35 - Row :13 - Product updated successfully.
09-07-2021 @ 01:48:35 - Row :14 - Parsing item.
09-07-2021 @ 01:48:35 - Row :14 - Processing item.
09-07-2021 @ 01:48:35 - Found simple product object. ID:453401
09-07-2021 @ 01:48:35 - Setting Featured Image. URL:https://inspiry.co.nz/wp-content/uploads/2021/khroma/ZO-CAB203.jpg
09-07-2021 @ 01:48:37 - Attachment ID:454000
09-07-2021 @ 01:48:37 - Setting Gallery Images.
09-07-2021 @ 01:48:37 - Image URL:https://inspiry.co.nz/wp-content/uploads/2021/khroma/ZO-CAB203-1.jpg
09-07-2021 @ 01:48:39 - Attachment ID:454001
09-07-2021 @ 01:48:39 - Image URL:https://inspiry.co.nz/wp-content/uploads/2021/khroma/ZO-CAB203-2.jpg
09-07-2021 @ 01:48:39 - URL:https://inspiry.co.nz/wp-content/uploads/2021/khroma/ZO-CAB203-2.jpg Reason:Error getting remote image https://inspiry.co.nz/wp-content/uploads/2021/khroma/ZO-CAB203-2.jpg. Error: Not Found
09-07-2021 @ 01:48:39 - Image URL:https://inspiry.co.nz/wp-content/uploads/2021/khroma/ZO-CAB203-3.jpg
09-07-2021 @ 01:48:40 - URL:https://inspiry.co.nz/wp-content/uploads/2021/khroma/ZO-CAB203-3.jpg Reason:Error getting remote image https://inspiry.co.nz/wp-content/uploads/2021/khroma/ZO-CAB203-3.jpg. Error: Not Found
09-07-2021 @ 01:48:40 - Image URL:https://inspiry.co.nz/wp-content/uploads/2021/khroma/ZO-CAB203-4.jpg
09-07-2021 @ 01:48:41 - URL:https://inspiry.co.nz/wp-content/uploads/2021/khroma/ZO-CAB203-4.jpg Reason:Error getting remote image https://inspiry.co.nz/wp-content/uploads/2021/khroma/ZO-CAB203-4.jpg. Error: Not Found
09-07-2021 @ 01:48:41 - Image URL:https://inspiry.co.nz/wp-content/uploads/2021/khroma/ZO-CAB203-5.jpg
09-07-2021 @ 01:48:42 - URL:https://inspiry.co.nz/wp-content/uploads/2021/khroma/ZO-CAB203-5.jpg Reason:Error getting remote image https://inspiry.co.nz/wp-content/uploads/2021/khroma/ZO-CAB203-5.jpg. Error: Not Found
09-07-2021 @ 01:48:42 - Image URL:https://inspiry.co.nz/wp-content/uploads/2021/khroma/ZO-CAB203-6.jpg
09-07-2021 @ 01:48:42 - URL:https://inspiry.co.nz/wp-content/uploads/2021/khroma/ZO-CAB203-6.jpg Reason:Error getting remote image https://inspiry.co.nz/wp-content/uploads/2021/khroma/ZO-CAB203-6.jpg. Error: Not Found
09-07-2021 @ 01:48:42 - Image URL:https://inspiry.co.nz/wp-content/uploads/2021/khroma/ZO-CAB203-7.jpg
09-07-2021 @ 01:48:43 - URL:https://inspiry.co.nz/wp-content/uploads/2021/khroma/ZO-CAB203-7.jpg Reason:Error getting remote image https://inspiry.co.nz/wp-content/uploads/2021/khroma/ZO-CAB203-7.jpg. Error: Not Found
09-07-2021 @ 01:48:44 - Row :14 - Product updated successfully.
09-07-2021 @ 01:48:44 - Row :15 - Parsing item.
09-07-2021 @ 01:48:44 - Row :15 - Processing item.
09-07-2021 @ 01:48:44 - Found simple product object. ID:453402
09-07-2021 @ 01:48:44 - Setting Featured Image. URL:https://inspiry.co.nz/wp-content/uploads/2021/khroma/ZO-CAB204.jpg
09-07-2021 @ 01:48:47 - Attachment ID:454002
09-07-2021 @ 01:48:47 - Setting Gallery Images.
09-07-2021 @ 01:48:47 - Image URL:https://inspiry.co.nz/wp-content/uploads/2021/khroma/ZO-CAB204-1.jpg
09-07-2021 @ 01:48:49 - Attachment ID:454003
09-07-2021 @ 01:48:49 - Image URL:https://inspiry.co.nz/wp-content/uploads/2021/khroma/ZO-CAB204-2.jpg
09-07-2021 @ 01:48:50 - URL:https://inspiry.co.nz/wp-content/uploads/2021/khroma/ZO-CAB204-2.jpg Reason:Error getting remote image https://inspiry.co.nz/wp-content/uploads/2021/khroma/ZO-CAB204-2.jpg. Error: Not Found
09-07-2021 @ 01:48:50 - Image URL:https://inspiry.co.nz/wp-content/uploads/2021/khroma/ZO-CAB204-3.jpg
09-07-2021 @ 01:48:51 - URL:https://inspiry.co.nz/wp-content/uploads/2021/khroma/ZO-CAB204-3.jpg Reason:Error getting remote image https://inspiry.co.nz/wp-content/uploads/2021/khroma/ZO-CAB204-3.jpg. Error: Not Found
09-07-2021 @ 01:48:51 - Image URL:https://inspiry.co.nz/wp-content/uploads/2021/khroma/ZO-CAB204-4.jpg
09-07-2021 @ 01:48:52 - URL:https://inspiry.co.nz/wp-content/uploads/2021/khroma/ZO-CAB204-4.jpg Reason:Error getting remote image https://inspiry.co.nz/wp-content/uploads/2021/khroma/ZO-CAB204-4.jpg. Error: Not Found
09-07-2021 @ 01:48:52 - Image URL:https://inspiry.co.nz/wp-content/uploads/2021/khroma/ZO-CAB204-5.jpg
09-07-2021 @ 01:48:52 - URL:https://inspiry.co.nz/wp-content/uploads/2021/khroma/ZO-CAB204-5.jpg Reason:Error getting remote image https://inspiry.co.nz/wp-content/uploads/2021/khroma/ZO-CAB204-5.jpg. Error: Not Found
09-07-2021 @ 01:48:52 - Image URL:https://inspiry.co.nz/wp-content/uploads/2021/khroma/ZO-CAB204-6.jpg
09-07-2021 @ 01:48:54 - URL:https://inspiry.co.nz/wp-content/uploads/2021/khroma/ZO-CAB204-6.jpg Reason:Error getting remote image https://inspiry.co.nz/wp-content/uploads/2021/khroma/ZO-CAB204-6.jpg. Error: Not Found
09-07-2021 @ 01:48:54 - Image URL:https://inspiry.co.nz/wp-content/uploads/2021/khroma/ZO-CAB204-7.jpg
09-07-2021 @ 01:48:55 - URL:https://inspiry.co.nz/wp-content/uploads/2021/khroma/ZO-CAB204-7.jpg Reason:Error getting remote image https://inspiry.co.nz/wp-content/uploads/2021/khroma/ZO-CAB204-7.jpg. Error: Not Found
09-07-2021 @ 01:48:55 - Row :15 - Product updated successfully.
09-07-2021 @ 01:48:55 - Row :16 - Parsing item.
09-07-2021 @ 01:48:55 - Row :16 - Processing item.
09-07-2021 @ 01:48:55 - Found simple product object. ID:453403
09-07-2021 @ 01:48:55 - Setting Featured Image. URL:https://inspiry.co.nz/wp-content/uploads/2021/khroma/ZO-CAB301.jpg
09-07-2021 @ 01:48:57 - Attachment ID:454004
09-07-2021 @ 01:48:57 - Setting Gallery Images.
09-07-2021 @ 01:48:57 - Image URL:https://inspiry.co.nz/wp-content/uploads/2021/khroma/ZO-CAB301-1.jpg
09-07-2021 @ 01:48:58 - Attachment ID:454005
09-07-2021 @ 01:48:58 - Image URL:https://inspiry.co.nz/wp-content/uploads/2021/khroma/ZO-CAB301-2.jpg
09-07-2021 @ 01:49:00 - Attachment ID:454006
09-07-2021 @ 01:49:00 - Image URL:https://inspiry.co.nz/wp-content/uploads/2021/khroma/ZO-CAB301-3.jpg
09-07-2021 @ 01:49:01 - URL:https://inspiry.co.nz/wp-content/uploads/2021/khroma/ZO-CAB301-3.jpg Reason:Error getting remote image https://inspiry.co.nz/wp-content/uploads/2021/khroma/ZO-CAB301-3.jpg. Error: Not Found
09-07-2021 @ 01:49:01 - Image URL:https://inspiry.co.nz/wp-content/uploads/2021/khroma/ZO-CAB301-4.jpg
09-07-2021 @ 01:49:02 - URL:https://inspiry.co.nz/wp-content/uploads/2021/khroma/ZO-CAB301-4.jpg Reason:Error getting remote image https://inspiry.co.nz/wp-content/uploads/2021/khroma/ZO-CAB301-4.jpg. Error: Not Found
09-07-2021 @ 01:49:02 - Image URL:https://inspiry.co.nz/wp-content/uploads/2021/khroma/ZO-CAB301-5.jpg
09-07-2021 @ 01:49:03 - URL:https://inspiry.co.nz/wp-content/uploads/2021/khroma/ZO-CAB301-5.jpg Reason:Error getting remote image https://inspiry.co.nz/wp-content/uploads/2021/khroma/ZO-CAB301-5.jpg. Error: Not Found
09-07-2021 @ 01:49:03 - Image URL:https://inspiry.co.nz/wp-content/uploads/2021/khroma/ZO-CAB301-6.jpg
09-07-2021 @ 01:49:04 - URL:https://inspiry.co.nz/wp-content/uploads/2021/khroma/ZO-CAB301-6.jpg Reason:Error getting remote image https://inspiry.co.nz/wp-content/uploads/2021/khroma/ZO-CAB301-6.jpg. Error: Not Found
09-07-2021 @ 01:49:04 - Image URL:https://inspiry.co.nz/wp-content/uploads/2021/khroma/ZO-CAB301-7.jpg
09-07-2021 @ 01:49:04 - URL:https://inspiry.co.nz/wp-content/uploads/2021/khroma/ZO-CAB301-7.jpg Reason:Error getting remote image https://inspiry.co.nz/wp-content/uploads/2021/khroma/ZO-CAB301-7.jpg. Error: Not Found
09-07-2021 @ 01:49:05 - Row :16 - Product updated successfully.
09-07-2021 @ 01:49:05 - Row :17 - Parsing item.
09-07-2021 @ 01:49:05 - Row :17 - Processing item.
09-07-2021 @ 01:49:05 - Found simple product object. ID:453404
09-07-2021 @ 01:49:05 - Setting Featured Image. URL:https://inspiry.co.nz/wp-content/uploads/2021/khroma/ZO-CAB302.jpg
09-07-2021 @ 01:49:09 - Attachment ID:454007
09-07-2021 @ 01:49:09 - Setting Gallery Images.
09-07-2021 @ 01:49:09 - Image URL:https://inspiry.co.nz/wp-content/uploads/2021/khroma/ZO-CAB302-1.jpg
09-07-2021 @ 01:49:10 - URL:https://inspiry.co.nz/wp-content/uploads/2021/khroma/ZO-CAB302-1.jpg Reason:Error getting remote image https://inspiry.co.nz/wp-content/uploads/2021/khroma/ZO-CAB302-1.jpg. Error: Not Found
09-07-2021 @ 01:49:10 - Image URL:https://inspiry.co.nz/wp-content/uploads/2021/khroma/ZO-CAB302-2.jpg
09-07-2021 @ 01:49:11 - URL:https://inspiry.co.nz/wp-content/uploads/2021/khroma/ZO-CAB302-2.jpg Reason:Error getting remote image https://inspiry.co.nz/wp-content/uploads/2021/khroma/ZO-CAB302-2.jpg. Error: Not Found
09-07-2021 @ 01:49:11 - Image URL:https://inspiry.co.nz/wp-content/uploads/2021/khroma/ZO-CAB302-3.jpg
09-07-2021 @ 01:49:12 - URL:https://inspiry.co.nz/wp-content/uploads/2021/khroma/ZO-CAB302-3.jpg Reason:Error getting remote image https://inspiry.co.nz/wp-content/uploads/2021/khroma/ZO-CAB302-3.jpg. Error: Not Found
09-07-2021 @ 01:49:12 - Image URL:https://inspiry.co.nz/wp-content/uploads/2021/khroma/ZO-CAB302-4.jpg
09-07-2021 @ 01:49:13 - URL:https://inspiry.co.nz/wp-content/uploads/2021/khroma/ZO-CAB302-4.jpg Reason:Error getting remote image https://inspiry.co.nz/wp-content/uploads/2021/khroma/ZO-CAB302-4.jpg. Error: Not Found
09-07-2021 @ 01:49:13 - Image URL:https://inspiry.co.nz/wp-content/uploads/2021/khroma/ZO-CAB302-5.jpg
09-07-2021 @ 01:49:14 - URL:https://inspiry.co.nz/wp-content/uploads/2021/khroma/ZO-CAB302-5.jpg Reason:Error getting remote image https://inspiry.co.nz/wp-content/uploads/2021/khroma/ZO-CAB302-5.jpg. Error: Not Found
09-07-2021 @ 01:49:14 - Image URL:https://inspiry.co.nz/wp-content/uploads/2021/khroma/ZO-CAB302-6.jpg
09-07-2021 @ 01:49:14 - URL:https://inspiry.co.nz/wp-content/uploads/2021/khroma/ZO-CAB302-6.jpg Reason:Error getting remote image https://inspiry.co.nz/wp-content/uploads/2021/khroma/ZO-CAB302-6.jpg. Error: Not Found
09-07-2021 @ 01:49:14 - Image URL:https://inspiry.co.nz/wp-content/uploads/2021/khroma/ZO-CAB302-7.jpg
09-07-2021 @ 01:49:15 - URL:https://inspiry.co.nz/wp-content/uploads/2021/khroma/ZO-CAB302-7.jpg Reason:Error getting remote image https://inspiry.co.nz/wp-content/uploads/2021/khroma/ZO-CAB302-7.jpg. Error: Not Found
09-07-2021 @ 01:49:15 - Row :17 - Product updated successfully.
09-07-2021 @ 01:49:15 - Row :18 - Parsing item.
09-07-2021 @ 01:49:15 - Row :18 - Processing item.
09-07-2021 @ 01:49:15 - Found simple product object. ID:453405
09-07-2021 @ 01:49:15 - Setting Featured Image. URL:https://inspiry.co.nz/wp-content/uploads/2021/khroma/ZO-CAB303.jpg
09-07-2021 @ 01:49:17 - Attachment ID:454008
09-07-2021 @ 01:49:17 - Setting Gallery Images.
09-07-2021 @ 01:49:17 - Image URL:https://inspiry.co.nz/wp-content/uploads/2021/khroma/ZO-CAB303-1.jpg
09-07-2021 @ 01:49:19 - Attachment ID:454009
09-07-2021 @ 01:49:19 - Image URL:https://inspiry.co.nz/wp-content/uploads/2021/khroma/ZO-CAB303-2.jpg
09-07-2021 @ 01:49:20 - URL:https://inspiry.co.nz/wp-content/uploads/2021/khroma/ZO-CAB303-2.jpg Reason:Error getting remote image https://inspiry.co.nz/wp-content/uploads/2021/khroma/ZO-CAB303-2.jpg. Error: Not Found
09-07-2021 @ 01:49:20 - Image URL:https://inspiry.co.nz/wp-content/uploads/2021/khroma/ZO-CAB303-3.jpg
09-07-2021 @ 01:49:20 - URL:https://inspiry.co.nz/wp-content/uploads/2021/khroma/ZO-CAB303-3.jpg Reason:Error getting remote image https://inspiry.co.nz/wp-content/uploads/2021/khroma/ZO-CAB303-3.jpg. Error: Not Found
09-07-2021 @ 01:49:20 - Image URL:https://inspiry.co.nz/wp-content/uploads/2021/khroma/ZO-CAB303-4.jpg
09-07-2021 @ 01:49:23 - URL:https://inspiry.co.nz/wp-content/uploads/2021/khroma/ZO-CAB303-4.jpg Reason:Error getting remote image https://inspiry.co.nz/wp-content/uploads/2021/khroma/ZO-CAB303-4.jpg. Error: Not Found
09-07-2021 @ 01:49:23 - Image URL:https://inspiry.co.nz/wp-content/uploads/2021/khroma/ZO-CAB303-5.jpg
09-07-2021 @ 01:49:24 - URL:https://inspiry.co.nz/wp-content/uploads/2021/khroma/ZO-CAB303-5.jpg Reason:Error getting remote image https://inspiry.co.nz/wp-content/uploads/2021/khroma/ZO-CAB303-5.jpg. Error: Not Found
09-07-2021 @ 01:49:24 - Image URL:https://inspiry.co.nz/wp-content/uploads/2021/khroma/ZO-CAB303-6.jpg
09-07-2021 @ 01:49:24 - URL:https://inspiry.co.nz/wp-content/uploads/2021/khroma/ZO-CAB303-6.jpg Reason:Error getting remote image https://inspiry.co.nz/wp-content/uploads/2021/khroma/ZO-CAB303-6.jpg. Error: Not Found
09-07-2021 @ 01:49:24 - Image URL:https://inspiry.co.nz/wp-content/uploads/2021/khroma/ZO-CAB303-7.jpg
09-07-2021 @ 01:49:25 - URL:https://inspiry.co.nz/wp-content/uploads/2021/khroma/ZO-CAB303-7.jpg Reason:Error getting remote image https://inspiry.co.nz/wp-content/uploads/2021/khroma/ZO-CAB303-7.jpg. Error: Not Found
09-07-2021 @ 01:49:25 - Row :18 - Product updated successfully.
09-07-2021 @ 01:49:25 - Row :19 - Parsing item.
09-07-2021 @ 01:49:25 - Row :19 - Processing item.
09-07-2021 @ 01:49:25 - Found simple product object. ID:453406
09-07-2021 @ 01:49:26 - Setting Featured Image. URL:https://inspiry.co.nz/wp-content/uploads/2021/khroma/ZO-CAB304.jpg
09-07-2021 @ 01:49:27 - Attachment ID:454010
09-07-2021 @ 01:49:27 - Setting Gallery Images.
09-07-2021 @ 01:49:27 - Image URL:https://inspiry.co.nz/wp-content/uploads/2021/khroma/ZO-CAB304-1.jpg
09-07-2021 @ 01:49:29 - Attachment ID:454011
09-07-2021 @ 01:49:29 - Image URL:https://inspiry.co.nz/wp-content/uploads/2021/khroma/ZO-CAB304-2.jpg
09-07-2021 @ 01:49:30 - URL:https://inspiry.co.nz/wp-content/uploads/2021/khroma/ZO-CAB304-2.jpg Reason:Error getting remote image https://inspiry.co.nz/wp-content/uploads/2021/khroma/ZO-CAB304-2.jpg. Error: Not Found
09-07-2021 @ 01:49:30 - Image URL:https://inspiry.co.nz/wp-content/uploads/2021/khroma/ZO-CAB304-3.jpg
09-07-2021 @ 01:49:31 - URL:https://inspiry.co.nz/wp-content/uploads/2021/khroma/ZO-CAB304-3.jpg Reason:Error getting remote image https://inspiry.co.nz/wp-content/uploads/2021/khroma/ZO-CAB304-3.jpg. Error: Not Found
09-07-2021 @ 01:49:31 - Image URL:https://inspiry.co.nz/wp-content/uploads/2021/khroma/ZO-CAB304-4.jpg
09-07-2021 @ 01:49:32 - URL:https://inspiry.co.nz/wp-content/uploads/2021/khroma/ZO-CAB304-4.jpg Reason:Error getting remote image https://inspiry.co.nz/wp-content/uploads/2021/khroma/ZO-CAB304-4.jpg. Error: Not Found
09-07-2021 @ 01:49:32 - Image URL:https://inspiry.co.nz/wp-content/uploads/2021/khroma/ZO-CAB304-5.jpg
09-07-2021 @ 01:49:32 - URL:https://inspiry.co.nz/wp-content/uploads/2021/khroma/ZO-CAB304-5.jpg Reason:Error getting remote image https://inspiry.co.nz/wp-content/uploads/2021/khroma/ZO-CAB304-5.jpg. Error: Not Found
09-07-2021 @ 01:49:32 - Image URL:https://inspiry.co.nz/wp-content/uploads/2021/khroma/ZO-CAB304-6.jpg
09-07-2021 @ 01:49:34 - URL:https://inspiry.co.nz/wp-content/uploads/2021/khroma/ZO-CAB304-6.jpg Reason:Error getting remote image https://inspiry.co.nz/wp-content/uploads/2021/khroma/ZO-CAB304-6.jpg. Error: Not Found
09-07-2021 @ 01:49:34 - Image URL:https://inspiry.co.nz/wp-content/uploads/2021/khroma/ZO-CAB304-7.jpg
09-07-2021 @ 01:49:35 - URL:https://inspiry.co.nz/wp-content/uploads/2021/khroma/ZO-CAB304-7.jpg Reason:Error getting remote image https://inspiry.co.nz/wp-content/uploads/2021/khroma/ZO-CAB304-7.jpg. Error: Not Found
09-07-2021 @ 01:49:35 - Row :19 - Product updated successfully.
09-07-2021 @ 01:49:35 - Row :20 - Parsing item.
09-07-2021 @ 01:49:35 - Row :20 - Processing item.
09-07-2021 @ 01:49:35 - Found simple product object. ID:453407
09-07-2021 @ 01:49:36 - Setting Featured Image. URL:https://inspiry.co.nz/wp-content/uploads/2021/khroma/ZO-CAB305.jpg
09-07-2021 @ 01:49:37 - Attachment ID:454012
09-07-2021 @ 01:49:37 - Setting Gallery Images.
09-07-2021 @ 01:49:37 - Image URL:https://inspiry.co.nz/wp-content/uploads/2021/khroma/ZO-CAB305-1.jpg
09-07-2021 @ 01:49:39 - Attachment ID:454013
09-07-2021 @ 01:49:39 - Image URL:https://inspiry.co.nz/wp-content/uploads/2021/khroma/ZO-CAB305-2.jpg
09-07-2021 @ 01:49:40 - URL:https://inspiry.co.nz/wp-content/uploads/2021/khroma/ZO-CAB305-2.jpg Reason:Error getting remote image https://inspiry.co.nz/wp-content/uploads/2021/khroma/ZO-CAB305-2.jpg. Error: Not Found
09-07-2021 @ 01:49:40 - Image URL:https://inspiry.co.nz/wp-content/uploads/2021/khroma/ZO-CAB305-3.jpg
09-07-2021 @ 01:49:41 - URL:https://inspiry.co.nz/wp-content/uploads/2021/khroma/ZO-CAB305-3.jpg Reason:Error getting remote image https://inspiry.co.nz/wp-content/uploads/2021/khroma/ZO-CAB305-3.jpg. Error: Not Found
09-07-2021 @ 01:49:41 - Image URL:https://inspiry.co.nz/wp-content/uploads/2021/khroma/ZO-CAB305-4.jpg
09-07-2021 @ 01:49:42 - URL:https://inspiry.co.nz/wp-content/uploads/2021/khroma/ZO-CAB305-4.jpg Reason:Error getting remote image https://inspiry.co.nz/wp-content/uploads/2021/khroma/ZO-CAB305-4.jpg. Error: Not Found
09-07-2021 @ 01:49:42 - Image URL:https://inspiry.co.nz/wp-content/uploads/2021/khroma/ZO-CAB305-5.jpg
09-07-2021 @ 01:49:42 - URL:https://inspiry.co.nz/wp-content/uploads/2021/khroma/ZO-CAB305-5.jpg Reason:Error getting remote image https://inspiry.co.nz/wp-content/uploads/2021/khroma/ZO-CAB305-5.jpg. Error: Not Found
09-07-2021 @ 01:49:42 - Image URL:https://inspiry.co.nz/wp-content/uploads/2021/khroma/ZO-CAB305-6.jpg
09-07-2021 @ 01:49:44 - URL:https://inspiry.co.nz/wp-content/uploads/2021/khroma/ZO-CAB305-6.jpg Reason:Error getting remote image https://inspiry.co.nz/wp-content/uploads/2021/khroma/ZO-CAB305-6.jpg. Error: Not Found
09-07-2021 @ 01:49:44 - Image URL:https://inspiry.co.nz/wp-content/uploads/2021/khroma/ZO-CAB305-7.jpg
09-07-2021 @ 01:49:45 - URL:https://inspiry.co.nz/wp-content/uploads/2021/khroma/ZO-CAB305-7.jpg Reason:Error getting remote image https://inspiry.co.nz/wp-content/uploads/2021/khroma/ZO-CAB305-7.jpg. Error: Not Found
09-07-2021 @ 01:49:45 - Row :20 - Product updated successfully.
